Switched to branch 'daily'
WARNING:msrest.service_client:Accept header absent and forced to application/json
WARNING:msrest.service_client:Accept header absent and forced to application/json
WARNING:msrest.service_client:Accept header absent and forced to application/json
WARNING:msrest.service_client:Accept header absent and forced to application/json
WARNING:msrest.service_client:Accept header absent and forced to application/json
WARNING:msrest.service_client:Accept header absent and forced to application/json
WARNING:msrest.service_client:Accept header absent and forced to application/json
Traceback (most recent call last):
  File "/home/ninghai/miniconda3/envs/daily/lib/python3.6/site-packages/azureml/project/_commands.py", line 512, in get_workspace
    workspace_name)
  File "/home/ninghai/miniconda3/envs/daily/lib/python3.6/site-packages/azureml/base_sdk_common/workspace/operations/workspaces_operations.py", line 78, in get
    raise models.ErrorResponseWrapperException(self._deserialize, response)
azureml.base_sdk_common.workspace.models.error_response_wrapper.ErrorResponseWrapperException: Operation returned an invalid status code 'Not Found'

During handling of the above exception, another exception occurred:

Traceback (most recent call last):
  File "/home/ninghai/miniconda3/envs/daily/lib/python3.6/site-packages/azureml/core/workspace.py", line 254, in get_or_create
    resource_group=resource_group)
  File "/home/ninghai/miniconda3/envs/daily/lib/python3.6/site-packages/azureml/core/workspace.py", line 202, in get
    auto_rest_workspace = _commands.get_workspace(auth, subscription_id, resource_group, name)
  File "/home/ninghai/miniconda3/envs/daily/lib/python3.6/site-packages/azureml/project/_commands.py", line 514, in get_workspace
    resource_error_handling(response_exception, WORKSPACE)
  File "/home/ninghai/miniconda3/envs/daily/lib/python3.6/site-packages/azureml/base_sdk_common/common.py", line 260, in resource_error_handling
    raise ProjectSystemException("{resource_type} not found.".format(resource_type=resource_type))
azureml.exceptions.azureml_exception.ProjectSystemException: Workspace not found.

During handling of the above exception, another exception occurred:

Traceback (most recent call last):
  File "/home/ninghai/miniconda3/envs/daily/lib/python3.6/site-packages/azure/cli/core/commands/__init__.py", line 527, in __call__
    result = poller.result()
  File "/home/ninghai/miniconda3/envs/daily/lib/python3.6/site-packages/msrestazure/azure_operation.py", line 496, in result
    self.wait(timeout)
  File "/home/ninghai/miniconda3/envs/daily/lib/python3.6/site-packages/msrestazure/azure_operation.py", line 511, in wait
    raise self._exception
msrestazure.azure_exceptions.CloudError: Azure Error: DeploymentFailed
Message: At least one resource deployment operation failed. Please list deployment operations for details. Please see https://aka.ms/arm-debug for usage details.
Exception Details:
	Error Code: NotFound
	Message: {
  "error": {
    "code": "UserError",
    "message": "Unable to find workspace: /subscriptions/fac34303-435d-4486-8c3f-7094d82a0b60/resourcegroups/aml-notebooks/providers/Microsoft.MachineLearningServices/workspaces/haieastus2euapws",
    "target": null,
    "details": [],
    "innerError": null,
    "debugInfo": null
  },
  "correlation": {
    "operation": "b8eb782e-42af8eaf0a5bbd66",
    "request": "3O1lqEPQXTs="
  }
}

During handling of the above exception, another exception occurred:

Traceback (most recent call last):
  File "./01.interactive.e2e.py", line 30, in <module>
    ws = Workspace.from_config()
  File "/home/ninghai/miniconda3/envs/daily/lib/python3.6/site-packages/azureml/core/workspace.py", line 130, in from_config
    resource_group=resource_group_from_config, auth=auth)
  File "/home/ninghai/miniconda3/envs/daily/lib/python3.6/site-packages/azureml/core/workspace.py", line 266, in get_or_create
    _friendly_name=_friendly_name)
  File "/home/ninghai/miniconda3/envs/daily/lib/python3.6/site-packages/azureml/core/workspace.py", line 178, in create
    app_insights=_app_insights, container_registry=_container_registry)
  File "/home/ninghai/miniconda3/envs/daily/lib/python3.6/site-packages/azureml/core/workspace.py", line 594, in _create_legacy
    containerRegistry=container_registry)
  File "/home/ninghai/miniconda3/envs/daily/lib/python3.6/site-packages/azureml/project/_commands.py", line 491, in create_workspace
    friendly_name=friendly_name)
  File "/home/ninghai/miniconda3/envs/daily/lib/python3.6/site-packages/azureml/workspace/custom.py", line 78, in ml_workspace_create_resources
    containerRegistry=containerRegistry)
  File "/home/ninghai/miniconda3/envs/daily/lib/python3.6/site-packages/azureml/workspace/_utils.py", line 145, in arm_deploy_template_new_resources
    LongRunningOperation(get_default_cli())(poller)
  File "/home/ninghai/miniconda3/envs/daily/lib/python3.6/site-packages/azure/cli/core/commands/__init__.py", line 531, in __call__
    handle_long_running_operation_exception(client_exception)
  File "/home/ninghai/miniconda3/envs/daily/lib/python3.6/site-packages/azure/cli/core/commands/arm.py", line 127, in handle_long_running_operation_exception
    raise cli_error
knack.util.CLIError: Deployment failed. Correlation ID: dbf63fab-2dcb-4e55-9b8b-11644db44c8c. {
  "error": {
    "code": "UserError",
    "message": "Unable to find workspace: /subscriptions/fac34303-435d-4486-8c3f-7094d82a0b60/resourcegroups/aml-notebooks/providers/Microsoft.MachineLearningServices/workspaces/haieastus2euapws",
    "target": null,
    "details": [],
    "innerError": null,
    "debugInfo": null
  },
  "correlation": {
    "operation": "b8eb782e-42af8eaf0a5bbd66",
    "request": "3O1lqEPQXTs="
  }
}
WARNING:msrest.service_client:Accept header absent and forced to application/json
WARNING:msrest.service_client:Accept header absent and forced to application/json
WARNING:msrest.service_client:Accept header absent and forced to application/json
WARNING:msrest.service_client:Accept header absent and forced to application/json
WARNING:msrest.service_client:Accept header absent and forced to application/json
WARNING:msrest.service_client:Accept header absent and forced to application/json
WARNING:msrest.service_client:Accept header absent and forced to application/json
Traceback (most recent call last):
  File "/home/ninghai/miniconda3/envs/daily/lib/python3.6/site-packages/azureml/project/_commands.py", line 512, in get_workspace
    workspace_name)
  File "/home/ninghai/miniconda3/envs/daily/lib/python3.6/site-packages/azureml/base_sdk_common/workspace/operations/workspaces_operations.py", line 78, in get
    raise models.ErrorResponseWrapperException(self._deserialize, response)
azureml.base_sdk_common.workspace.models.error_response_wrapper.ErrorResponseWrapperException: Operation returned an invalid status code 'Not Found'

During handling of the above exception, another exception occurred:

Traceback (most recent call last):
  File "/home/ninghai/miniconda3/envs/daily/lib/python3.6/site-packages/azureml/core/workspace.py", line 254, in get_or_create
    resource_group=resource_group)
  File "/home/ninghai/miniconda3/envs/daily/lib/python3.6/site-packages/azureml/core/workspace.py", line 202, in get
    auto_rest_workspace = _commands.get_workspace(auth, subscription_id, resource_group, name)
  File "/home/ninghai/miniconda3/envs/daily/lib/python3.6/site-packages/azureml/project/_commands.py", line 514, in get_workspace
    resource_error_handling(response_exception, WORKSPACE)
  File "/home/ninghai/miniconda3/envs/daily/lib/python3.6/site-packages/azureml/base_sdk_common/common.py", line 260, in resource_error_handling
    raise ProjectSystemException("{resource_type} not found.".format(resource_type=resource_type))
azureml.exceptions.azureml_exception.ProjectSystemException: Workspace not found.

During handling of the above exception, another exception occurred:

Traceback (most recent call last):
  File "/home/ninghai/miniconda3/envs/daily/lib/python3.6/site-packages/azure/cli/core/commands/__init__.py", line 527, in __call__
    result = poller.result()
  File "/home/ninghai/miniconda3/envs/daily/lib/python3.6/site-packages/msrestazure/azure_operation.py", line 496, in result
    self.wait(timeout)
  File "/home/ninghai/miniconda3/envs/daily/lib/python3.6/site-packages/msrestazure/azure_operation.py", line 511, in wait
    raise self._exception
msrestazure.azure_exceptions.CloudError: Azure Error: DeploymentFailed
Message: At least one resource deployment operation failed. Please list deployment operations for details. Please see https://aka.ms/arm-debug for usage details.
Exception Details:
	Error Code: NotFound
	Message: {
  "error": {
    "code": "UserError",
    "message": "Unable to find workspace: /subscriptions/fac34303-435d-4486-8c3f-7094d82a0b60/resourcegroups/aml-notebooks/providers/Microsoft.MachineLearningServices/workspaces/haieastus2euapws",
    "target": null,
    "details": [],
    "innerError": null,
    "debugInfo": null
  },
  "correlation": {
    "operation": "44e631ec-436786062c89f5f0",
    "request": "Bc+FycR5C18="
  }
}

During handling of the above exception, another exception occurred:

Traceback (most recent call last):
  File "./02.local.py", line 19, in <module>
    ws = Workspace.from_config()
  File "/home/ninghai/miniconda3/envs/daily/lib/python3.6/site-packages/azureml/core/workspace.py", line 130, in from_config
    resource_group=resource_group_from_config, auth=auth)
  File "/home/ninghai/miniconda3/envs/daily/lib/python3.6/site-packages/azureml/core/workspace.py", line 266, in get_or_create
    _friendly_name=_friendly_name)
  File "/home/ninghai/miniconda3/envs/daily/lib/python3.6/site-packages/azureml/core/workspace.py", line 178, in create
    app_insights=_app_insights, container_registry=_container_registry)
  File "/home/ninghai/miniconda3/envs/daily/lib/python3.6/site-packages/azureml/core/workspace.py", line 594, in _create_legacy
    containerRegistry=container_registry)
  File "/home/ninghai/miniconda3/envs/daily/lib/python3.6/site-packages/azureml/project/_commands.py", line 491, in create_workspace
    friendly_name=friendly_name)
  File "/home/ninghai/miniconda3/envs/daily/lib/python3.6/site-packages/azureml/workspace/custom.py", line 78, in ml_workspace_create_resources
    containerRegistry=containerRegistry)
  File "/home/ninghai/miniconda3/envs/daily/lib/python3.6/site-packages/azureml/workspace/_utils.py", line 145, in arm_deploy_template_new_resources
    LongRunningOperation(get_default_cli())(poller)
  File "/home/ninghai/miniconda3/envs/daily/lib/python3.6/site-packages/azure/cli/core/commands/__init__.py", line 531, in __call__
    handle_long_running_operation_exception(client_exception)
  File "/home/ninghai/miniconda3/envs/daily/lib/python3.6/site-packages/azure/cli/core/commands/arm.py", line 127, in handle_long_running_operation_exception
    raise cli_error
knack.util.CLIError: Deployment failed. Correlation ID: 17565152-3d4f-4c21-9da3-59daaf6cdd41. {
  "error": {
    "code": "UserError",
    "message": "Unable to find workspace: /subscriptions/fac34303-435d-4486-8c3f-7094d82a0b60/resourcegroups/aml-notebooks/providers/Microsoft.MachineLearningServices/workspaces/haieastus2euapws",
    "target": null,
    "details": [],
    "innerError": null,
    "debugInfo": null
  },
  "correlation": {
    "operation": "44e631ec-436786062c89f5f0",
    "request": "Bc+FycR5C18="
  }
}
WARNING:msrest.service_client:Accept header absent and forced to application/json
WARNING:msrest.service_client:Accept header absent and forced to application/json
WARNING:msrest.service_client:Accept header absent and forced to application/json
WARNING:msrest.service_client:Accept header absent and forced to application/json
WARNING:msrest.service_client:Accept header absent and forced to application/json
WARNING:msrest.service_client:Accept header absent and forced to application/json
WARNING:msrest.service_client:Accept header absent and forced to application/json
Traceback (most recent call last):
  File "/home/ninghai/miniconda3/envs/daily/lib/python3.6/site-packages/azureml/project/_commands.py", line 512, in get_workspace
    workspace_name)
  File "/home/ninghai/miniconda3/envs/daily/lib/python3.6/site-packages/azureml/base_sdk_common/workspace/operations/workspaces_operations.py", line 78, in get
    raise models.ErrorResponseWrapperException(self._deserialize, response)
azureml.base_sdk_common.workspace.models.error_response_wrapper.ErrorResponseWrapperException: Operation returned an invalid status code 'Not Found'

During handling of the above exception, another exception occurred:

Traceback (most recent call last):
  File "/home/ninghai/miniconda3/envs/daily/lib/python3.6/site-packages/azureml/core/workspace.py", line 254, in get_or_create
    resource_group=resource_group)
  File "/home/ninghai/miniconda3/envs/daily/lib/python3.6/site-packages/azureml/core/workspace.py", line 202, in get
    auto_rest_workspace = _commands.get_workspace(auth, subscription_id, resource_group, name)
  File "/home/ninghai/miniconda3/envs/daily/lib/python3.6/site-packages/azureml/project/_commands.py", line 514, in get_workspace
    resource_error_handling(response_exception, WORKSPACE)
  File "/home/ninghai/miniconda3/envs/daily/lib/python3.6/site-packages/azureml/base_sdk_common/common.py", line 260, in resource_error_handling
    raise ProjectSystemException("{resource_type} not found.".format(resource_type=resource_type))
azureml.exceptions.azureml_exception.ProjectSystemException: Workspace not found.

During handling of the above exception, another exception occurred:

Traceback (most recent call last):
  File "/home/ninghai/miniconda3/envs/daily/lib/python3.6/site-packages/azure/cli/core/commands/__init__.py", line 527, in __call__
    result = poller.result()
  File "/home/ninghai/miniconda3/envs/daily/lib/python3.6/site-packages/msrestazure/azure_operation.py", line 496, in result
    self.wait(timeout)
  File "/home/ninghai/miniconda3/envs/daily/lib/python3.6/site-packages/msrestazure/azure_operation.py", line 511, in wait
    raise self._exception
msrestazure.azure_exceptions.CloudError: Azure Error: DeploymentFailed
Message: At least one resource deployment operation failed. Please list deployment operations for details. Please see https://aka.ms/arm-debug for usage details.
Exception Details:
	Error Code: NotFound
	Message: {
  "error": {
    "code": "UserError",
    "message": "Unable to find workspace: /subscriptions/fac34303-435d-4486-8c3f-7094d82a0b60/resourcegroups/aml-notebooks/providers/Microsoft.MachineLearningServices/workspaces/haieastus2euapws",
    "target": null,
    "details": [],
    "innerError": null,
    "debugInfo": null
  },
  "correlation": {
    "operation": "44e63249-436786062c89f5f0",
    "request": "mQsk2BslS+0="
  }
}

During handling of the above exception, another exception occurred:

Traceback (most recent call last):
  File "./03.aci.py", line 20, in <module>
    ws = Workspace.from_config()
  File "/home/ninghai/miniconda3/envs/daily/lib/python3.6/site-packages/azureml/core/workspace.py", line 130, in from_config
    resource_group=resource_group_from_config, auth=auth)
  File "/home/ninghai/miniconda3/envs/daily/lib/python3.6/site-packages/azureml/core/workspace.py", line 266, in get_or_create
    _friendly_name=_friendly_name)
  File "/home/ninghai/miniconda3/envs/daily/lib/python3.6/site-packages/azureml/core/workspace.py", line 178, in create
    app_insights=_app_insights, container_registry=_container_registry)
  File "/home/ninghai/miniconda3/envs/daily/lib/python3.6/site-packages/azureml/core/workspace.py", line 594, in _create_legacy
    containerRegistry=container_registry)
  File "/home/ninghai/miniconda3/envs/daily/lib/python3.6/site-packages/azureml/project/_commands.py", line 491, in create_workspace
    friendly_name=friendly_name)
  File "/home/ninghai/miniconda3/envs/daily/lib/python3.6/site-packages/azureml/workspace/custom.py", line 78, in ml_workspace_create_resources
    containerRegistry=containerRegistry)
  File "/home/ninghai/miniconda3/envs/daily/lib/python3.6/site-packages/azureml/workspace/_utils.py", line 145, in arm_deploy_template_new_resources
    LongRunningOperation(get_default_cli())(poller)
  File "/home/ninghai/miniconda3/envs/daily/lib/python3.6/site-packages/azure/cli/core/commands/__init__.py", line 531, in __call__
    handle_long_running_operation_exception(client_exception)
  File "/home/ninghai/miniconda3/envs/daily/lib/python3.6/site-packages/azure/cli/core/commands/arm.py", line 127, in handle_long_running_operation_exception
    raise cli_error
knack.util.CLIError: Deployment failed. Correlation ID: 74e15f1b-c03c-45f3-b9f6-1a4987e133c3. {
  "error": {
    "code": "UserError",
    "message": "Unable to find workspace: /subscriptions/fac34303-435d-4486-8c3f-7094d82a0b60/resourcegroups/aml-notebooks/providers/Microsoft.MachineLearningServices/workspaces/haieastus2euapws",
    "target": null,
    "details": [],
    "innerError": null,
    "debugInfo": null
  },
  "correlation": {
    "operation": "44e63249-436786062c89f5f0",
    "request": "mQsk2BslS+0="
  }
}
WARNING:msrest.service_client:Accept header absent and forced to application/json
WARNING:msrest.service_client:Accept header absent and forced to application/json
WARNING:msrest.service_client:Accept header absent and forced to application/json
WARNING:msrest.service_client:Accept header absent and forced to application/json
WARNING:msrest.service_client:Accept header absent and forced to application/json
WARNING:msrest.service_client:Accept header absent and forced to application/json
WARNING:msrest.service_client:Accept header absent and forced to application/json
Traceback (most recent call last):
  File "/home/ninghai/miniconda3/envs/daily/lib/python3.6/site-packages/azureml/project/_commands.py", line 512, in get_workspace
    workspace_name)
  File "/home/ninghai/miniconda3/envs/daily/lib/python3.6/site-packages/azureml/base_sdk_common/workspace/operations/workspaces_operations.py", line 78, in get
    raise models.ErrorResponseWrapperException(self._deserialize, response)
azureml.base_sdk_common.workspace.models.error_response_wrapper.ErrorResponseWrapperException: Operation returned an invalid status code 'Not Found'

During handling of the above exception, another exception occurred:

Traceback (most recent call last):
  File "/home/ninghai/miniconda3/envs/daily/lib/python3.6/site-packages/azureml/core/workspace.py", line 254, in get_or_create
    resource_group=resource_group)
  File "/home/ninghai/miniconda3/envs/daily/lib/python3.6/site-packages/azureml/core/workspace.py", line 202, in get
    auto_rest_workspace = _commands.get_workspace(auth, subscription_id, resource_group, name)
  File "/home/ninghai/miniconda3/envs/daily/lib/python3.6/site-packages/azureml/project/_commands.py", line 514, in get_workspace
    resource_error_handling(response_exception, WORKSPACE)
  File "/home/ninghai/miniconda3/envs/daily/lib/python3.6/site-packages/azureml/base_sdk_common/common.py", line 260, in resource_error_handling
    raise ProjectSystemException("{resource_type} not found.".format(resource_type=resource_type))
azureml.exceptions.azureml_exception.ProjectSystemException: Workspace not found.

During handling of the above exception, another exception occurred:

Traceback (most recent call last):
  File "/home/ninghai/miniconda3/envs/daily/lib/python3.6/site-packages/azure/cli/core/commands/__init__.py", line 527, in __call__
    result = poller.result()
  File "/home/ninghai/miniconda3/envs/daily/lib/python3.6/site-packages/msrestazure/azure_operation.py", line 496, in result
    self.wait(timeout)
  File "/home/ninghai/miniconda3/envs/daily/lib/python3.6/site-packages/msrestazure/azure_operation.py", line 511, in wait
    raise self._exception
msrestazure.azure_exceptions.CloudError: Azure Error: DeploymentFailed
Message: At least one resource deployment operation failed. Please list deployment operations for details. Please see https://aka.ms/arm-debug for usage details.
Exception Details:
	Error Code: NotFound
	Message: {
  "error": {
    "code": "UserError",
    "message": "Unable to find workspace: /subscriptions/fac34303-435d-4486-8c3f-7094d82a0b60/resourcegroups/aml-notebooks/providers/Microsoft.MachineLearningServices/workspaces/haieastus2euapws",
    "target": null,
    "details": [],
    "innerError": null,
    "debugInfo": null
  },
  "correlation": {
    "operation": "b8eb7954-42af8eaf0a5bbd66",
    "request": "g1j1ExPjyek="
  }
}

During handling of the above exception, another exception occurred:

Traceback (most recent call last):
  File "./04.dsvm.py", line 19, in <module>
    ws = Workspace.from_config()
  File "/home/ninghai/miniconda3/envs/daily/lib/python3.6/site-packages/azureml/core/workspace.py", line 130, in from_config
    resource_group=resource_group_from_config, auth=auth)
  File "/home/ninghai/miniconda3/envs/daily/lib/python3.6/site-packages/azureml/core/workspace.py", line 266, in get_or_create
    _friendly_name=_friendly_name)
  File "/home/ninghai/miniconda3/envs/daily/lib/python3.6/site-packages/azureml/core/workspace.py", line 178, in create
    app_insights=_app_insights, container_registry=_container_registry)
  File "/home/ninghai/miniconda3/envs/daily/lib/python3.6/site-packages/azureml/core/workspace.py", line 594, in _create_legacy
    containerRegistry=container_registry)
  File "/home/ninghai/miniconda3/envs/daily/lib/python3.6/site-packages/azureml/project/_commands.py", line 491, in create_workspace
    friendly_name=friendly_name)
  File "/home/ninghai/miniconda3/envs/daily/lib/python3.6/site-packages/azureml/workspace/custom.py", line 78, in ml_workspace_create_resources
    containerRegistry=containerRegistry)
  File "/home/ninghai/miniconda3/envs/daily/lib/python3.6/site-packages/azureml/workspace/_utils.py", line 145, in arm_deploy_template_new_resources
    LongRunningOperation(get_default_cli())(poller)
  File "/home/ninghai/miniconda3/envs/daily/lib/python3.6/site-packages/azure/cli/core/commands/__init__.py", line 531, in __call__
    handle_long_running_operation_exception(client_exception)
  File "/home/ninghai/miniconda3/envs/daily/lib/python3.6/site-packages/azure/cli/core/commands/arm.py", line 127, in handle_long_running_operation_exception
    raise cli_error
knack.util.CLIError: Deployment failed. Correlation ID: b9a59656-a3f5-4f52-bbce-5ba88c918a12. {
  "error": {
    "code": "UserError",
    "message": "Unable to find workspace: /subscriptions/fac34303-435d-4486-8c3f-7094d82a0b60/resourcegroups/aml-notebooks/providers/Microsoft.MachineLearningServices/workspaces/haieastus2euapws",
    "target": null,
    "details": [],
    "innerError": null,
    "debugInfo": null
  },
  "correlation": {
    "operation": "b8eb7954-42af8eaf0a5bbd66",
    "request": "g1j1ExPjyek="
  }
}
WARNING:msrest.service_client:Accept header absent and forced to application/json
WARNING:msrest.service_client:Accept header absent and forced to application/json
WARNING:msrest.service_client:Accept header absent and forced to application/json
WARNING:msrest.service_client:Accept header absent and forced to application/json
WARNING:msrest.service_client:Accept header absent and forced to application/json
WARNING:msrest.service_client:Accept header absent and forced to application/json
WARNING:msrest.service_client:Accept header absent and forced to application/json
Traceback (most recent call last):
  File "/home/ninghai/miniconda3/envs/daily/lib/python3.6/site-packages/azureml/project/_commands.py", line 512, in get_workspace
    workspace_name)
  File "/home/ninghai/miniconda3/envs/daily/lib/python3.6/site-packages/azureml/base_sdk_common/workspace/operations/workspaces_operations.py", line 78, in get
    raise models.ErrorResponseWrapperException(self._deserialize, response)
azureml.base_sdk_common.workspace.models.error_response_wrapper.ErrorResponseWrapperException: Operation returned an invalid status code 'Not Found'

During handling of the above exception, another exception occurred:

Traceback (most recent call last):
  File "/home/ninghai/miniconda3/envs/daily/lib/python3.6/site-packages/azureml/core/workspace.py", line 254, in get_or_create
    resource_group=resource_group)
  File "/home/ninghai/miniconda3/envs/daily/lib/python3.6/site-packages/azureml/core/workspace.py", line 202, in get
    auto_rest_workspace = _commands.get_workspace(auth, subscription_id, resource_group, name)
  File "/home/ninghai/miniconda3/envs/daily/lib/python3.6/site-packages/azureml/project/_commands.py", line 514, in get_workspace
    resource_error_handling(response_exception, WORKSPACE)
  File "/home/ninghai/miniconda3/envs/daily/lib/python3.6/site-packages/azureml/base_sdk_common/common.py", line 260, in resource_error_handling
    raise ProjectSystemException("{resource_type} not found.".format(resource_type=resource_type))
azureml.exceptions.azureml_exception.ProjectSystemException: Workspace not found.

During handling of the above exception, another exception occurred:

Traceback (most recent call last):
  File "/home/ninghai/miniconda3/envs/daily/lib/python3.6/site-packages/azure/cli/core/commands/__init__.py", line 527, in __call__
    result = poller.result()
  File "/home/ninghai/miniconda3/envs/daily/lib/python3.6/site-packages/msrestazure/azure_operation.py", line 496, in result
    self.wait(timeout)
  File "/home/ninghai/miniconda3/envs/daily/lib/python3.6/site-packages/msrestazure/azure_operation.py", line 511, in wait
    raise self._exception
msrestazure.azure_exceptions.CloudError: Azure Error: DeploymentFailed
Message: At least one resource deployment operation failed. Please list deployment operations for details. Please see https://aka.ms/arm-debug for usage details.
Exception Details:
	Error Code: NotFound
	Message: {
  "error": {
    "code": "UserError",
    "message": "Unable to find workspace: /subscriptions/fac34303-435d-4486-8c3f-7094d82a0b60/resourcegroups/aml-notebooks/providers/Microsoft.MachineLearningServices/workspaces/haieastus2euapws",
    "target": null,
    "details": [],
    "innerError": null,
    "debugInfo": null
  },
  "correlation": {
    "operation": "b8eb79b7-42af8eaf0a5bbd66",
    "request": "VT7VfN4/mxE="
  }
}

During handling of the above exception, another exception occurred:

Traceback (most recent call last):
  File "./05.spark.py", line 19, in <module>
    ws = Workspace.from_config()
  File "/home/ninghai/miniconda3/envs/daily/lib/python3.6/site-packages/azureml/core/workspace.py", line 130, in from_config
    resource_group=resource_group_from_config, auth=auth)
  File "/home/ninghai/miniconda3/envs/daily/lib/python3.6/site-packages/azureml/core/workspace.py", line 266, in get_or_create
    _friendly_name=_friendly_name)
  File "/home/ninghai/miniconda3/envs/daily/lib/python3.6/site-packages/azureml/core/workspace.py", line 178, in create
    app_insights=_app_insights, container_registry=_container_registry)
  File "/home/ninghai/miniconda3/envs/daily/lib/python3.6/site-packages/azureml/core/workspace.py", line 594, in _create_legacy
    containerRegistry=container_registry)
  File "/home/ninghai/miniconda3/envs/daily/lib/python3.6/site-packages/azureml/project/_commands.py", line 491, in create_workspace
    friendly_name=friendly_name)
  File "/home/ninghai/miniconda3/envs/daily/lib/python3.6/site-packages/azureml/workspace/custom.py", line 78, in ml_workspace_create_resources
    containerRegistry=containerRegistry)
  File "/home/ninghai/miniconda3/envs/daily/lib/python3.6/site-packages/azureml/workspace/_utils.py", line 145, in arm_deploy_template_new_resources
    LongRunningOperation(get_default_cli())(poller)
  File "/home/ninghai/miniconda3/envs/daily/lib/python3.6/site-packages/azure/cli/core/commands/__init__.py", line 531, in __call__
    handle_long_running_operation_exception(client_exception)
  File "/home/ninghai/miniconda3/envs/daily/lib/python3.6/site-packages/azure/cli/core/commands/arm.py", line 127, in handle_long_running_operation_exception
    raise cli_error
knack.util.CLIError: Deployment failed. Correlation ID: 5770088f-b0b4-4ff9-b00c-5abb792f7f76. {
  "error": {
    "code": "UserError",
    "message": "Unable to find workspace: /subscriptions/fac34303-435d-4486-8c3f-7094d82a0b60/resourcegroups/aml-notebooks/providers/Microsoft.MachineLearningServices/workspaces/haieastus2euapws",
    "target": null,
    "details": [],
    "innerError": null,
    "debugInfo": null
  },
  "correlation": {
    "operation": "b8eb79b7-42af8eaf0a5bbd66",
    "request": "VT7VfN4/mxE="
  }
}
WARNING:msrest.service_client:Accept header absent and forced to application/json
WARNING:msrest.service_client:Accept header absent and forced to application/json
WARNING:msrest.service_client:Accept header absent and forced to application/json
WARNING:msrest.service_client:Accept header absent and forced to application/json
WARNING:msrest.service_client:Accept header absent and forced to application/json
WARNING:msrest.service_client:Accept header absent and forced to application/json
WARNING:msrest.service_client:Accept header absent and forced to application/json
Traceback (most recent call last):
  File "/home/ninghai/miniconda3/envs/daily/lib/python3.6/site-packages/azureml/project/_commands.py", line 512, in get_workspace
    workspace_name)
  File "/home/ninghai/miniconda3/envs/daily/lib/python3.6/site-packages/azureml/base_sdk_common/workspace/operations/workspaces_operations.py", line 78, in get
    raise models.ErrorResponseWrapperException(self._deserialize, response)
azureml.base_sdk_common.workspace.models.error_response_wrapper.ErrorResponseWrapperException: Operation returned an invalid status code 'Not Found'

During handling of the above exception, another exception occurred:

Traceback (most recent call last):
  File "/home/ninghai/miniconda3/envs/daily/lib/python3.6/site-packages/azureml/core/workspace.py", line 254, in get_or_create
    resource_group=resource_group)
  File "/home/ninghai/miniconda3/envs/daily/lib/python3.6/site-packages/azureml/core/workspace.py", line 202, in get
    auto_rest_workspace = _commands.get_workspace(auth, subscription_id, resource_group, name)
  File "/home/ninghai/miniconda3/envs/daily/lib/python3.6/site-packages/azureml/project/_commands.py", line 514, in get_workspace
    resource_error_handling(response_exception, WORKSPACE)
  File "/home/ninghai/miniconda3/envs/daily/lib/python3.6/site-packages/azureml/base_sdk_common/common.py", line 260, in resource_error_handling
    raise ProjectSystemException("{resource_type} not found.".format(resource_type=resource_type))
azureml.exceptions.azureml_exception.ProjectSystemException: Workspace not found.

During handling of the above exception, another exception occurred:

Traceback (most recent call last):
  File "/home/ninghai/miniconda3/envs/daily/lib/python3.6/site-packages/azure/cli/core/commands/__init__.py", line 527, in __call__
    result = poller.result()
  File "/home/ninghai/miniconda3/envs/daily/lib/python3.6/site-packages/msrestazure/azure_operation.py", line 496, in result
    self.wait(timeout)
  File "/home/ninghai/miniconda3/envs/daily/lib/python3.6/site-packages/msrestazure/azure_operation.py", line 511, in wait
    raise self._exception
msrestazure.azure_exceptions.CloudError: Azure Error: DeploymentFailed
Message: At least one resource deployment operation failed. Please list deployment operations for details. Please see https://aka.ms/arm-debug for usage details.
Exception Details:
	Error Code: NotFound
	Message: {
  "error": {
    "code": "UserError",
    "message": "Unable to find workspace: /subscriptions/fac34303-435d-4486-8c3f-7094d82a0b60/resourcegroups/aml-notebooks/providers/Microsoft.MachineLearningServices/workspaces/haieastus2euapws",
    "target": null,
    "details": [],
    "innerError": null,
    "debugInfo": null
  },
  "correlation": {
    "operation": "8d82c1dc-4eab3dc3b7dfd250",
    "request": "lXScoPo186s="
  }
}

During handling of the above exception, another exception occurred:

Traceback (most recent call last):
  File "./07.sklearn.hd.py", line 21, in <module>
    ws = Workspace.from_config()
  File "/home/ninghai/miniconda3/envs/daily/lib/python3.6/site-packages/azureml/core/workspace.py", line 130, in from_config
    resource_group=resource_group_from_config, auth=auth)
  File "/home/ninghai/miniconda3/envs/daily/lib/python3.6/site-packages/azureml/core/workspace.py", line 266, in get_or_create
    _friendly_name=_friendly_name)
  File "/home/ninghai/miniconda3/envs/daily/lib/python3.6/site-packages/azureml/core/workspace.py", line 178, in create
    app_insights=_app_insights, container_registry=_container_registry)
  File "/home/ninghai/miniconda3/envs/daily/lib/python3.6/site-packages/azureml/core/workspace.py", line 594, in _create_legacy
    containerRegistry=container_registry)
  File "/home/ninghai/miniconda3/envs/daily/lib/python3.6/site-packages/azureml/project/_commands.py", line 491, in create_workspace
    friendly_name=friendly_name)
  File "/home/ninghai/miniconda3/envs/daily/lib/python3.6/site-packages/azureml/workspace/custom.py", line 78, in ml_workspace_create_resources
    containerRegistry=containerRegistry)
  File "/home/ninghai/miniconda3/envs/daily/lib/python3.6/site-packages/azureml/workspace/_utils.py", line 145, in arm_deploy_template_new_resources
    LongRunningOperation(get_default_cli())(poller)
  File "/home/ninghai/miniconda3/envs/daily/lib/python3.6/site-packages/azure/cli/core/commands/__init__.py", line 531, in __call__
    handle_long_running_operation_exception(client_exception)
  File "/home/ninghai/miniconda3/envs/daily/lib/python3.6/site-packages/azure/cli/core/commands/arm.py", line 127, in handle_long_running_operation_exception
    raise cli_error
knack.util.CLIError: Deployment failed. Correlation ID: 7d80d6b7-e102-42b1-bf2e-8bf9811b1d2e. {
  "error": {
    "code": "UserError",
    "message": "Unable to find workspace: /subscriptions/fac34303-435d-4486-8c3f-7094d82a0b60/resourcegroups/aml-notebooks/providers/Microsoft.MachineLearningServices/workspaces/haieastus2euapws",
    "target": null,
    "details": [],
    "innerError": null,
    "debugInfo": null
  },
  "correlation": {
    "operation": "8d82c1dc-4eab3dc3b7dfd250",
    "request": "lXScoPo186s="
  }
}
WARNING:msrest.service_client:Accept header absent and forced to application/json
WARNING:msrest.service_client:Accept header absent and forced to application/json
WARNING:msrest.service_client:Accept header absent and forced to application/json
WARNING:msrest.service_client:Accept header absent and forced to application/json
WARNING:msrest.service_client:Accept header absent and forced to application/json
WARNING:msrest.service_client:Accept header absent and forced to application/json
WARNING:msrest.service_client:Accept header absent and forced to application/json
Traceback (most recent call last):
  File "/home/ninghai/miniconda3/envs/daily/lib/python3.6/site-packages/azureml/project/_commands.py", line 512, in get_workspace
    workspace_name)
  File "/home/ninghai/miniconda3/envs/daily/lib/python3.6/site-packages/azureml/base_sdk_common/workspace/operations/workspaces_operations.py", line 78, in get
    raise models.ErrorResponseWrapperException(self._deserialize, response)
azureml.base_sdk_common.workspace.models.error_response_wrapper.ErrorResponseWrapperException: Operation returned an invalid status code 'Not Found'

During handling of the above exception, another exception occurred:

Traceback (most recent call last):
  File "/home/ninghai/miniconda3/envs/daily/lib/python3.6/site-packages/azureml/core/workspace.py", line 254, in get_or_create
    resource_group=resource_group)
  File "/home/ninghai/miniconda3/envs/daily/lib/python3.6/site-packages/azureml/core/workspace.py", line 202, in get
    auto_rest_workspace = _commands.get_workspace(auth, subscription_id, resource_group, name)
  File "/home/ninghai/miniconda3/envs/daily/lib/python3.6/site-packages/azureml/project/_commands.py", line 514, in get_workspace
    resource_error_handling(response_exception, WORKSPACE)
  File "/home/ninghai/miniconda3/envs/daily/lib/python3.6/site-packages/azureml/base_sdk_common/common.py", line 260, in resource_error_handling
    raise ProjectSystemException("{resource_type} not found.".format(resource_type=resource_type))
azureml.exceptions.azureml_exception.ProjectSystemException: Workspace not found.

During handling of the above exception, another exception occurred:

Traceback (most recent call last):
  File "/home/ninghai/miniconda3/envs/daily/lib/python3.6/site-packages/azure/cli/core/commands/__init__.py", line 527, in __call__
    result = poller.result()
  File "/home/ninghai/miniconda3/envs/daily/lib/python3.6/site-packages/msrestazure/azure_operation.py", line 496, in result
    self.wait(timeout)
  File "/home/ninghai/miniconda3/envs/daily/lib/python3.6/site-packages/msrestazure/azure_operation.py", line 511, in wait
    raise self._exception
msrestazure.azure_exceptions.CloudError: Azure Error: DeploymentFailed
Message: At least one resource deployment operation failed. Please list deployment operations for details. Please see https://aka.ms/arm-debug for usage details.
Exception Details:
	Error Code: NotFound
	Message: {
  "error": {
    "code": "UserError",
    "message": "Unable to find workspace: /subscriptions/fac34303-435d-4486-8c3f-7094d82a0b60/resourcegroups/aml-notebooks/providers/Microsoft.MachineLearningServices/workspaces/haieastus2euapws",
    "target": null,
    "details": [],
    "innerError": null,
    "debugInfo": null
  },
  "correlation": {
    "operation": "6fd07f2-4888b369f9590fd1",
    "request": "CsQRsQCpGNI="
  }
}

During handling of the above exception, another exception occurred:

Traceback (most recent call last):
  File "./08.tf.hd.py", line 22, in <module>
    ws = Workspace.from_config()
  File "/home/ninghai/miniconda3/envs/daily/lib/python3.6/site-packages/azureml/core/workspace.py", line 130, in from_config
    resource_group=resource_group_from_config, auth=auth)
  File "/home/ninghai/miniconda3/envs/daily/lib/python3.6/site-packages/azureml/core/workspace.py", line 266, in get_or_create
    _friendly_name=_friendly_name)
  File "/home/ninghai/miniconda3/envs/daily/lib/python3.6/site-packages/azureml/core/workspace.py", line 178, in create
    app_insights=_app_insights, container_registry=_container_registry)
  File "/home/ninghai/miniconda3/envs/daily/lib/python3.6/site-packages/azureml/core/workspace.py", line 594, in _create_legacy
    containerRegistry=container_registry)
  File "/home/ninghai/miniconda3/envs/daily/lib/python3.6/site-packages/azureml/project/_commands.py", line 491, in create_workspace
    friendly_name=friendly_name)
  File "/home/ninghai/miniconda3/envs/daily/lib/python3.6/site-packages/azureml/workspace/custom.py", line 78, in ml_workspace_create_resources
    containerRegistry=containerRegistry)
  File "/home/ninghai/miniconda3/envs/daily/lib/python3.6/site-packages/azureml/workspace/_utils.py", line 145, in arm_deploy_template_new_resources
    LongRunningOperation(get_default_cli())(poller)
  File "/home/ninghai/miniconda3/envs/daily/lib/python3.6/site-packages/azure/cli/core/commands/__init__.py", line 531, in __call__
    handle_long_running_operation_exception(client_exception)
  File "/home/ninghai/miniconda3/envs/daily/lib/python3.6/site-packages/azure/cli/core/commands/arm.py", line 127, in handle_long_running_operation_exception
    raise cli_error
knack.util.CLIError: Deployment failed. Correlation ID: 20fdc0fd-eb66-4421-aa72-2157cacf201c. {
  "error": {
    "code": "UserError",
    "message": "Unable to find workspace: /subscriptions/fac34303-435d-4486-8c3f-7094d82a0b60/resourcegroups/aml-notebooks/providers/Microsoft.MachineLearningServices/workspaces/haieastus2euapws",
    "target": null,
    "details": [],
    "innerError": null,
    "debugInfo": null
  },
  "correlation": {
    "operation": "6fd07f2-4888b369f9590fd1",
    "request": "CsQRsQCpGNI="
  }
}
WARNING:msrest.service_client:Accept header absent and forced to application/json
WARNING:msrest.service_client:Accept header absent and forced to application/json
WARNING:msrest.service_client:Accept header absent and forced to application/json
WARNING:msrest.service_client:Accept header absent and forced to application/json
WARNING:msrest.service_client:Accept header absent and forced to application/json
WARNING:msrest.service_client:Accept header absent and forced to application/json
WARNING:msrest.service_client:Accept header absent and forced to application/json
Traceback (most recent call last):
  File "/home/ninghai/miniconda3/envs/daily/lib/python3.6/site-packages/azureml/project/_commands.py", line 512, in get_workspace
    workspace_name)
  File "/home/ninghai/miniconda3/envs/daily/lib/python3.6/site-packages/azureml/base_sdk_common/workspace/operations/workspaces_operations.py", line 78, in get
    raise models.ErrorResponseWrapperException(self._deserialize, response)
azureml.base_sdk_common.workspace.models.error_response_wrapper.ErrorResponseWrapperException: Operation returned an invalid status code 'Not Found'

During handling of the above exception, another exception occurred:

Traceback (most recent call last):
  File "/home/ninghai/miniconda3/envs/daily/lib/python3.6/site-packages/azureml/core/workspace.py", line 254, in get_or_create
    resource_group=resource_group)
  File "/home/ninghai/miniconda3/envs/daily/lib/python3.6/site-packages/azureml/core/workspace.py", line 202, in get
    auto_rest_workspace = _commands.get_workspace(auth, subscription_id, resource_group, name)
  File "/home/ninghai/miniconda3/envs/daily/lib/python3.6/site-packages/azureml/project/_commands.py", line 514, in get_workspace
    resource_error_handling(response_exception, WORKSPACE)
  File "/home/ninghai/miniconda3/envs/daily/lib/python3.6/site-packages/azureml/base_sdk_common/common.py", line 260, in resource_error_handling
    raise ProjectSystemException("{resource_type} not found.".format(resource_type=resource_type))
azureml.exceptions.azureml_exception.ProjectSystemException: Workspace not found.

During handling of the above exception, another exception occurred:

Traceback (most recent call last):
  File "/home/ninghai/miniconda3/envs/daily/lib/python3.6/site-packages/azure/cli/core/commands/__init__.py", line 527, in __call__
    result = poller.result()
  File "/home/ninghai/miniconda3/envs/daily/lib/python3.6/site-packages/msrestazure/azure_operation.py", line 496, in result
    self.wait(timeout)
  File "/home/ninghai/miniconda3/envs/daily/lib/python3.6/site-packages/msrestazure/azure_operation.py", line 511, in wait
    raise self._exception
msrestazure.azure_exceptions.CloudError: Azure Error: DeploymentFailed
Message: At least one resource deployment operation failed. Please list deployment operations for details. Please see https://aka.ms/arm-debug for usage details.
Exception Details:
	Error Code: NotFound
	Message: {
  "error": {
    "code": "UserError",
    "message": "Unable to find workspace: /subscriptions/fac34303-435d-4486-8c3f-7094d82a0b60/resourcegroups/aml-notebooks/providers/Microsoft.MachineLearningServices/workspaces/haieastus2euapws",
    "target": null,
    "details": [],
    "innerError": null,
    "debugInfo": null
  },
  "correlation": {
    "operation": "b8eb7afc-42af8eaf0a5bbd66",
    "request": "DDo0r2qDJRQ="
  }
}

During handling of the above exception, another exception occurred:

Traceback (most recent call last):
  File "./10.o16n.py", line 25, in <module>
    ws = Workspace.from_config('./aml_config/config.json')
  File "/home/ninghai/miniconda3/envs/daily/lib/python3.6/site-packages/azureml/core/workspace.py", line 130, in from_config
    resource_group=resource_group_from_config, auth=auth)
  File "/home/ninghai/miniconda3/envs/daily/lib/python3.6/site-packages/azureml/core/workspace.py", line 266, in get_or_create
    _friendly_name=_friendly_name)
  File "/home/ninghai/miniconda3/envs/daily/lib/python3.6/site-packages/azureml/core/workspace.py", line 178, in create
    app_insights=_app_insights, container_registry=_container_registry)
  File "/home/ninghai/miniconda3/envs/daily/lib/python3.6/site-packages/azureml/core/workspace.py", line 594, in _create_legacy
    containerRegistry=container_registry)
  File "/home/ninghai/miniconda3/envs/daily/lib/python3.6/site-packages/azureml/project/_commands.py", line 491, in create_workspace
    friendly_name=friendly_name)
  File "/home/ninghai/miniconda3/envs/daily/lib/python3.6/site-packages/azureml/workspace/custom.py", line 78, in ml_workspace_create_resources
    containerRegistry=containerRegistry)
  File "/home/ninghai/miniconda3/envs/daily/lib/python3.6/site-packages/azureml/workspace/_utils.py", line 145, in arm_deploy_template_new_resources
    LongRunningOperation(get_default_cli())(poller)
  File "/home/ninghai/miniconda3/envs/daily/lib/python3.6/site-packages/azure/cli/core/commands/__init__.py", line 531, in __call__
    handle_long_running_operation_exception(client_exception)
  File "/home/ninghai/miniconda3/envs/daily/lib/python3.6/site-packages/azure/cli/core/commands/arm.py", line 127, in handle_long_running_operation_exception
    raise cli_error
knack.util.CLIError: Deployment failed. Correlation ID: d7d67c92-d99e-4e63-8787-fcc2bb076809. {
  "error": {
    "code": "UserError",
    "message": "Unable to find workspace: /subscriptions/fac34303-435d-4486-8c3f-7094d82a0b60/resourcegroups/aml-notebooks/providers/Microsoft.MachineLearningServices/workspaces/haieastus2euapws",
    "target": null,
    "details": [],
    "innerError": null,
    "debugInfo": null
  },
  "correlation": {
    "operation": "b8eb7afc-42af8eaf0a5bbd66",
    "request": "DDo0r2qDJRQ="
  }
}
Switched to branch 'master'
