/data/git/hai/e2e_test
*** git branch status before ***
  candidate
  daily
* master
On branch master
Your branch is up-to-date with 'origin/master'.
nothing to commit, working directory clean
*** candidate ***
No local changes to save
git checkout candidate
Your branch is up-to-date with 'origin/candidate'.
Already up-to-date.
*** git branch status after ***
* candidate
  daily
  master
On branch candidate
Your branch is up-to-date with 'origin/candidate'.
Changes not staged for commit:
  (use "git add <file>..." to update what will be committed)
  (use "git checkout -- <file>..." to discard changes in working directory)

	modified:   aml_config/config.json

no changes added to commit (use "git add" and/or "git commit -a")
###################################
START AT: 2018-06-06-05:02:30
###################################


##### 01.interactive.e2e.py (2018-06-06-05:02:30) ######
Azure ML Core SDK Version: 0.1.0.1005480
Found config.json in: /data/git/hai/e2e_test/aml_config/config.json
Workspace details:
aml-notebooks haieastus2ws3 eastus2
start sequential parameter sweep...
try alpha value of 0.00
try alpha value of 0.05
try alpha value of 0.10
try alpha value of 0.15
try alpha value of 0.20
try alpha value of 0.25
try alpha value of 0.30
try alpha value of 0.35
try alpha value of 0.40
try alpha value of 0.45
try alpha value of 0.50
try alpha value of 0.55
try alpha value of 0.60
try alpha value of 0.65
try alpha value of 0.70
try alpha value of 0.75
try alpha value of 0.80
try alpha value of 0.85
try alpha value of 0.90
try alpha value of 0.95
Find the best run.
Best run is: c6d3ee20-9e09-42b8-b1d7-d61a25599c82
Metrics: {'alpha': 0.4, 'mse': 3295.741064355809, 'columns': ['age', 'gender', 'bmi', 'bp', 's1', 's2', 's3', 's4', 's5', 's6']}
Run history url:
https://mlworkspace.azureml-test.net/home/%2Fsubscriptions%2Ffac34303-435d-4486-8c3f-7094d82a0b60%2FresourceGroups%2Faml-notebooks%2Fproviders%2FMicrosoft.MachineLearningServices%2Fworkspaces%2Fhaieastus2ws3/projects/e2e-01/run-history/run-details/c6d3ee20-9e09-42b8-b1d7-d61a25599c82
plot mse_over_alpha.png
upload mse_over_alpha.png.
deploying to ACI...
Registering model best_model.pkl
Creating image
Image creation operation finished for image rrs01a:40, operation "Succeeded"
Creating service


##### 02.local.py (2018-06-06-05:05:03) ################
Azure ML Core SDK Version: 0.1.0.1005480
Found config.json in: /data/git/hai/e2e_test/aml_config/config.json
Workspace details:
aml-notebooks haieastus2ws3 eastus2
/tmp/e2e-test/02 already exists, remove it.
/tmp/e2e-test/02
e2e-02
copy train-sklearn.py to the project folder.
load run config

##################################################
submitting train-sklearn.py for a local run...
##################################################

https://mlworkspace.azureml-test.net/home/%2Fsubscriptions%2Ffac34303-435d-4486-8c3f-7094d82a0b60%2FresourceGroups%2Faml-notebooks%2Fproviders%2FMicrosoft.MachineLearningServices%2Fworkspaces%2Fhaieastus2ws3/projects/e2e-02/run-history/run-details/e2e-02_1528275906
RunId: e2e-02_1528275906

Streaming azureml-logs/60_control_log.txt
=========================================

Uploading experiment status to history service.
Adding run profile attachment azureml-logs/60_control_log.txt
Running: ['python', 'azureml-setup/run_script.py', 'python', 'azureml-setup/context_manager_injector.py', '-i', 'OutputCollection:context_managers.RunHistory', 'train-sklearn.py']
Logging experiment running status in history service.
Uploading experiment status to history service.
Adding run profile attachment azureml-logs/80_driver_log.txt

Streaming azureml-logs/80_driver_log.txt
========================================

alpha is 0.00, and mse is 3424.32
alpha is 0.05, and mse is 3408.92
alpha is 0.10, and mse is 3372.65
alpha is 0.15, and mse is 3345.15
alpha is 0.20, and mse is 3325.29
alpha is 0.25, and mse is 3311.56
alpha is 0.30, and mse is 3302.67
alpha is 0.35, and mse is 3297.66
alpha is 0.40, and mse is 3295.74
alpha is 0.45, and mse is 3296.32
alpha is 0.50, and mse is 3298.91
alpha is 0.55, and mse is 3303.14
alpha is 0.60, and mse is 3308.70
alpha is 0.65, and mse is 3315.36
alpha is 0.70, and mse is 3322.90
alpha is 0.75, and mse is 3331.17
alpha is 0.80, and mse is 3340.02
alpha is 0.85, and mse is 3349.36
alpha is 0.90, and mse is 3359.09
alpha is 0.95, and mse is 3369.13
The experiment completed successfully. Starting post-processing steps.

Execution Summary
=================
RunId: e2e-02_1528275906


##################################################
Submitting train-sklearn.py for a local conda run...
##################################################

https://mlworkspace.azureml-test.net/home/%2Fsubscriptions%2Ffac34303-435d-4486-8c3f-7094d82a0b60%2FresourceGroups%2Faml-notebooks%2Fproviders%2FMicrosoft.MachineLearningServices%2Fworkspaces%2Fhaieastus2ws3/projects/e2e-02/run-history/run-details/e2e-02_1528275938
RunId: e2e-02_1528275938

Streaming azureml-logs/80_driver_log.txt
========================================

alpha is 0.00, and mse is 3424.32
alpha is 0.05, and mse is 3408.92
alpha is 0.10, and mse is 3372.65
alpha is 0.15, and mse is 3345.15
alpha is 0.20, and mse is 3325.29
alpha is 0.25, and mse is 3311.56
alpha is 0.30, and mse is 3302.67
alpha is 0.35, and mse is 3297.66
alpha is 0.40, and mse is 3295.74
alpha is 0.45, and mse is 3296.32
alpha is 0.50, and mse is 3298.91
alpha is 0.55, and mse is 3303.14
alpha is 0.60, and mse is 3308.70
alpha is 0.65, and mse is 3315.36
alpha is 0.70, and mse is 3322.90
alpha is 0.75, and mse is 3331.17
alpha is 0.80, and mse is 3340.02
alpha is 0.85, and mse is 3349.36
alpha is 0.90, and mse is 3359.09
alpha is 0.95, and mse is 3369.13
The experiment completed successfully. Starting post-processing steps.

Execution Summary
=================
RunId: e2e-02_1528275938

When alpha is 0.40, we have min MSE 3295.74.


##### 03.aci.py (2018-06-06-05:05:50) ##################
Azure ML Core SDK Version: 0.1.0.1005480
Found config.json in: /data/git/hai/e2e_test/aml_config/config.json
Workspace details:
aml-notebooks haieastus2ws3 eastus2
/tmp/e2e-test/03 already exists, remove it.
/tmp/e2e-test/03
e2e-03
copy train-sklearn.py to the project folder.

##################################################
ACI run...
##################################################

Create a run config object for ACI
base image is continuumio/miniconda3:4.4.10
submitting run...
https://mlworkspace.azureml-test.net/home/%2Fsubscriptions%2Ffac34303-435d-4486-8c3f-7094d82a0b60%2FresourceGroups%2Faml-notebooks%2Fproviders%2FMicrosoft.MachineLearningServices%2Fworkspaces%2Fhaieastus2ws3/projects/e2e-03/run-history/run-details/e2e-03_1528275953164
RunId: e2e-03_1528275953164

Streaming azureml-logs/20_ice_log.txt
=====================================


Streaming azureml-logs/60_control_log.txt
=========================================

Uploading experiment status to history service.
Adding run profile attachment azureml-logs/80_driver_log.txt

Streaming azureml-logs/80_driver_log.txt
========================================

alpha is 0.00, and mse is 3424.32
alpha is 0.05, and mse is 3408.92
alpha is 0.10, and mse is 3372.65
alpha is 0.15, and mse is 3345.15
alpha is 0.20, and mse is 3325.29
alpha is 0.25, and mse is 3311.56
alpha is 0.30, and mse is 3302.67
alpha is 0.35, and mse is 3297.66
alpha is 0.40, and mse is 3295.74
alpha is 0.45, and mse is 3296.32
alpha is 0.50, and mse is 3298.91
alpha is 0.55, and mse is 3303.14
alpha is 0.60, and mse is 3308.70
alpha is 0.65, and mse is 3315.36
alpha is 0.70, and mse is 3322.90
alpha is 0.75, and mse is 3331.17
alpha is 0.80, and mse is 3340.02
alpha is 0.85, and mse is 3349.36
alpha is 0.90, and mse is 3359.09
alpha is 0.95, and mse is 3369.13
The experiment completed successfully. Starting post-processing steps.

Execution Summary
=================
RunId: e2e-03_1528275953164

When alpha is 0.40, we have min MSE 3295.74.


##### 04.dsvm (2018-06-06-05:12:15) ####################
Azure ML Core SDK Version: 0.1.0.1005480
Found config.json in: /data/git/hai/e2e_test/aml_config/config.json
Workspace details:
aml-notebooks haieastus2ws3 eastus2
/tmp/e2e-test/04 already exists, remove it.
/tmp/e2e-test/04
e2e-04
copy train-sklearn.py to the project folder.

##################################################
Bare VM run
##################################################

Load the cpu-dsvm config from aml_config directory...
submit run...
https://mlworkspace.azureml-test.net/home/%2Fsubscriptions%2Ffac34303-435d-4486-8c3f-7094d82a0b60%2FresourceGroups%2Faml-notebooks%2Fproviders%2FMicrosoft.MachineLearningServices%2Fworkspaces%2Fhaieastus2ws3/projects/e2e-04/run-history/run-details/e2e-04_1528276338939
RunId: e2e-04_1528276338939

Streaming azureml-logs/60_control_log.txt
=========================================

Uploading experiment status to history service.
Adding run profile attachment azureml-logs/60_control_log.txt
Running: ['/anaconda/envs/myenv/bin/python', 'azureml-setup/run_script.py', '/anaconda/envs/myenv/bin/python', 'azureml-setup/context_manager_injector.py', '-i', 'OutputCollection:context_managers.RunHistory', 'train-sklearn.py']
Logging experiment running status in history service.
Uploading experiment status to history service.
Adding run profile attachment azureml-logs/80_driver_log.txt

Streaming azureml-logs/80_driver_log.txt
========================================

alpha is 0.00, and mse is 3424.32
alpha is 0.05, and mse is 3408.92
alpha is 0.10, and mse is 3372.65
alpha is 0.15, and mse is 3345.15
alpha is 0.20, and mse is 3325.29
alpha is 0.25, and mse is 3311.56
alpha is 0.30, and mse is 3302.67
alpha is 0.35, and mse is 3297.66
alpha is 0.40, and mse is 3295.74
alpha is 0.45, and mse is 3296.32
alpha is 0.50, and mse is 3298.91
alpha is 0.55, and mse is 3303.14
alpha is 0.60, and mse is 3308.70
alpha is 0.65, and mse is 3315.36
alpha is 0.70, and mse is 3322.90
alpha is 0.75, and mse is 3331.17
alpha is 0.80, and mse is 3340.02
alpha is 0.85, and mse is 3349.36
alpha is 0.90, and mse is 3359.09
alpha is 0.95, and mse is 3369.13
The experiment completed successfully. Starting post-processing steps.

Execution Summary
=================
RunId: e2e-04_1528276338939


##################################################
DSVM Docker run...
##################################################

Load cpu-dsvm run config and make it to use Docker.
Base Docker image is: continuumio/miniconda3:4.4.10
submitting run...
https://mlworkspace.azureml-test.net/home/%2Fsubscriptions%2Ffac34303-435d-4486-8c3f-7094d82a0b60%2FresourceGroups%2Faml-notebooks%2Fproviders%2FMicrosoft.MachineLearningServices%2Fworkspaces%2Fhaieastus2ws3/projects/e2e-04/run-history/run-details/e2e-04_1528276352387
RunId: e2e-04_1528276352387

Streaming azureml-logs/60_control_log.txt
=========================================

Uploading experiment status to history service.
Adding run profile attachment azureml-logs/60_control_log.txt
Logging experiment running status in history service.
Running: ['sudo', 'docker', 'run', '--name', 'e2e-04_1528276352387', '--rm', '-v', '/tmp/azureml_runs/e2e-04_1528276352387:/azureml-run', '-e', 'AZUREML_DOCKERFILE_PATH=azureml-setup/Dockerfile', '-e', 'AZUREML_CONDA_ENVIRONMENT_EXISTENCE_INDICATOR=$HOME/.azureml/locks/azureml_2a9900e538c4d66a9c044566e96aa6f1', '-e', 'AZUREML_CONDA_ENVIRONMENT_PATH=/azureml-envs/azureml_2a9900e538c4d66a9c044566e96aa6f1', '-e', 'AZUREML_CONDA_LOCK_PATH=$HOME/.azureml/locks/azureml_conda_lock', '-e', 'EXAMPLE_ENV_VAR=EXAMPLE_VALUE', '-e', 'AZUREML_CONTEXT_MANAGER_OUTPUTCOLLECTION=null', '-e', 'AZUREML_RUN_TOKEN_EXPIRY=1528881152', '-e', 'AZUREML_RUN_TOKEN=eyJhbGciOiJSUzI1NiIsImtpZCI6IjMwQTk2ODc3NzgyNDgwMEFFQTc3RTFGMzZBMzM0NTU4OUI0N0VDREIiLCJ0eXAiOiJKV1QifQ.eyJydW5pZCI6ImUyZS0wNF8xNTI4Mjc2MzUyMzg3Iiwicm9sZSI6IkNvbnRyaWJ1dG9yIiwic2NvcGUiOiIvc3Vic2NyaXB0aW9ucy9mYWMzNDMwMy00MzVkLTQ0ODYtOGMzZi03MDk0ZDgyYTBiNjAvcmVzb3VyY2VHcm91cHMvYW1sLW5vdGVib29rcy9wcm92aWRlcnMvTWljcm9zb2Z0Lk1hY2hpbmVMZWFybmluZ1NlcnZpY2VzL3dvcmtzcGFjZXMvaGFpZWFzdHVzMndzMyIsImFjY291bnRpZCI6IjViM2RmZjkxLWEwM2ItNDcyZC1iZjVmLTdhNTU3Mjk5ZmEwZSIsIndvcmtzcGFjZUlkIjoiNWIzZGZmOTEtYTAzYi00NzJkLWJmNWYtN2E1NTcyOTlmYTBlIiwicHJvamVjdGlkIjoiOGMxOTI2ZTktOWUwYy00MzFmLTg4MTMtOTE0ZmY4NWYzMGYxIiwiZGlzY292ZXJ5IjoiaHR0cHM6Ly9lYXN0dXMyLmV4cGVyaW1lbnRzLmF6dXJlbWwubmV0L2Rpc2NvdmVyeSIsInRpZCI6IjcyZjk4OGJmLTg2ZjEtNDFhZi05MWFiLTJkN2NkMDExZGI0NyIsIm9pZCI6ImZiN2QyYmJmLTJjNTQtNDZkNy04Nzc1LTdlMzE4NjQ0ZGQ2YiIsImV4cCI6MTUyODg4MTE1MiwiaXNzIjoiYXp1cmVtbCIsImF1ZCI6ImF6dXJlbWwifQ.b4rgLrZMHE15kpm4Gk40lBTfifzaLDByPF87aWKeyXm2po4bczgq0JNvdlidPgdUg1p7V_OVY-Nbo4l36qsKswp2dCrkDNdE1ETKILO4A7ksE7SHo6f7Yul-7VOouHXaqKsg_gg-LKgaV5iydR0_SFg9qYykprUe70_uU0cYGbAc2nxM6uGdMmS4qFeGOHzY8wBaJn4cG26GDcsPMvdDKuLFfceIwLU84Dxx2PGtAlvZXkEA4-VOWAN-viUE_yS5_BqjZcb1ipPvrKS13yK2K6INCTfNroY8Xiz91BKv7CHT-mLtXvBbA4SY_5ldC3_SKGuWwApxMughfKIa0FjG7Q', '-e', 'PYTHONUNBUFFERED=True', '-e', 'AZUREML_ARM_PROJECT_NAME=e2e-04', '-e', 'AZUREML_ARM_WORKSPACE_NAME=haieastus2ws3', '-e', 'AZUREML_ARM_SUBSCRIPTION=fac34303-435d-4486-8c3f-7094d82a0b60', '-e', 'AZUREML_ARM_RESOURCEGROUP=aml-notebooks', '-e', 'AZUREML_ARM_SCOPE=/subscriptions/fac34303-435d-4486-8c3f-7094d82a0b60/resourceGroups/aml-notebooks/providers/Microsoft.MachineLearningServices/workspaces/haieastus2ws3/projects/e2e-04', '-e', 'AZUREML_DISCOVERY_SERVICE_ENDPOINT=https://eastus2.experiments.azureml.net/discovery', '-e', 'AZUREML_SERVICE_ENDPOINT=https://eastus2.experiments.azureml.net', '-e', 'AZUREML_RUN_CONFIGURATION=azureml-setup/mutated_run_configuration.yml', '-e', 'AZUREML_INSTRUMENTATION_KEY=c684677d-b3a0-4709-a00e-78e5b31cfafa', '-e', 'AZUREML_DRIVERLOG_PATH=azureml-logs/driver_log.txt', '-e', 'AZUREML_CONTROLLOG_PATH=azureml-logs/control_log.txt', '-e', 'AZUREML_LOGDIRECTORY_PATH=azureml-logs/', '-e', 'AZUREML_COMPLETEFILE_PATH=azureml-setup/complete', '-e', 'AZUREML_PIDFILE_PATH=azureml-setup/pid.txt', '-e', 'AZUREML_RUN_ID=e2e-04_1528276352387', 'azureml/azureml_4bbfede4df844acbba1732fe0369fe2a', '/bin/bash', '-c', '"/azureml-envs/azureml_2a9900e538c4d66a9c044566e96aa6f1/bin/python" "azureml-setup/run_script.py" "/azureml-envs/azureml_2a9900e538c4d66a9c044566e96aa6f1/bin/python" "azureml-setup/context_manager_injector.py" "-i" "OutputCollection:context_managers.RunHistory" "train-sklearn.py"']
Uploading experiment status to history service.
Adding run profile attachment azureml-logs/80_driver_log.txt

Streaming azureml-logs/80_driver_log.txt
========================================

alpha is 0.00, and mse is 3424.32
alpha is 0.05, and mse is 3408.92
alpha is 0.10, and mse is 3372.65
alpha is 0.15, and mse is 3345.15
alpha is 0.20, and mse is 3325.29
alpha is 0.25, and mse is 3311.56
alpha is 0.30, and mse is 3302.67
alpha is 0.35, and mse is 3297.66
alpha is 0.40, and mse is 3295.74
alpha is 0.45, and mse is 3296.32
alpha is 0.50, and mse is 3298.91
alpha is 0.55, and mse is 3303.14
alpha is 0.60, and mse is 3308.70
alpha is 0.65, and mse is 3315.36
alpha is 0.70, and mse is 3322.90
alpha is 0.75, and mse is 3331.17
alpha is 0.80, and mse is 3340.02
alpha is 0.85, and mse is 3349.36
alpha is 0.90, and mse is 3359.09
alpha is 0.95, and mse is 3369.13
The experiment completed successfully. Starting post-processing steps.

Execution Summary
=================
RunId: e2e-04_1528276352387

load cpu-dsvm run config and make it use a custom Docker image.
base image: ninghai/azureml:0.3

##################################################
submitting train-sklearn.py for a Custom Docker run on VM...
##################################################

https://mlworkspace.azureml-test.net/home/%2Fsubscriptions%2Ffac34303-435d-4486-8c3f-7094d82a0b60%2FresourceGroups%2Faml-notebooks%2Fproviders%2FMicrosoft.MachineLearningServices%2Fworkspaces%2Fhaieastus2ws3/projects/e2e-04/run-history/run-details/e2e-04_1528276378649
RunId: e2e-04_1528276378649

Streaming azureml-logs/60_control_log.txt
=========================================

Uploading experiment status to history service.
Adding run profile attachment azureml-logs/60_control_log.txt
Logging experiment running status in history service.
Running: ['sudo', 'docker', 'run', '--name', 'e2e-04_1528276378649', '--rm', '-v', '/tmp/azureml_runs/e2e-04_1528276378649:/azureml-run', '-e', 'AZUREML_DOCKERFILE_PATH=azureml-setup/Dockerfile', '-e', 'AZUREML_CONDA_ENVIRONMENT_EXISTENCE_INDICATOR=$HOME/.azureml/locks/azureml_2a9900e538c4d66a9c044566e96aa6f1', '-e', 'AZUREML_CONDA_ENVIRONMENT_PATH=/azureml-envs/azureml_2a9900e538c4d66a9c044566e96aa6f1', '-e', 'AZUREML_CONDA_LOCK_PATH=$HOME/.azureml/locks/azureml_conda_lock', '-e', 'EXAMPLE_ENV_VAR=EXAMPLE_VALUE', '-e', 'AZUREML_CONTEXT_MANAGER_OUTPUTCOLLECTION=null', '-e', 'AZUREML_RUN_TOKEN_EXPIRY=1528881179', '-e', 'AZUREML_RUN_TOKEN=eyJhbGciOiJSUzI1NiIsImtpZCI6IjMwQTk2ODc3NzgyNDgwMEFFQTc3RTFGMzZBMzM0NTU4OUI0N0VDREIiLCJ0eXAiOiJKV1QifQ.eyJydW5pZCI6ImUyZS0wNF8xNTI4Mjc2Mzc4NjQ5Iiwicm9sZSI6IkNvbnRyaWJ1dG9yIiwic2NvcGUiOiIvc3Vic2NyaXB0aW9ucy9mYWMzNDMwMy00MzVkLTQ0ODYtOGMzZi03MDk0ZDgyYTBiNjAvcmVzb3VyY2VHcm91cHMvYW1sLW5vdGVib29rcy9wcm92aWRlcnMvTWljcm9zb2Z0Lk1hY2hpbmVMZWFybmluZ1NlcnZpY2VzL3dvcmtzcGFjZXMvaGFpZWFzdHVzMndzMyIsImFjY291bnRpZCI6IjViM2RmZjkxLWEwM2ItNDcyZC1iZjVmLTdhNTU3Mjk5ZmEwZSIsIndvcmtzcGFjZUlkIjoiNWIzZGZmOTEtYTAzYi00NzJkLWJmNWYtN2E1NTcyOTlmYTBlIiwicHJvamVjdGlkIjoiOGMxOTI2ZTktOWUwYy00MzFmLTg4MTMtOTE0ZmY4NWYzMGYxIiwiZGlzY292ZXJ5IjoiaHR0cHM6Ly9lYXN0dXMyLmV4cGVyaW1lbnRzLmF6dXJlbWwubmV0L2Rpc2NvdmVyeSIsInRpZCI6IjcyZjk4OGJmLTg2ZjEtNDFhZi05MWFiLTJkN2NkMDExZGI0NyIsIm9pZCI6ImZiN2QyYmJmLTJjNTQtNDZkNy04Nzc1LTdlMzE4NjQ0ZGQ2YiIsImV4cCI6MTUyODg4MTE3OSwiaXNzIjoiYXp1cmVtbCIsImF1ZCI6ImF6dXJlbWwifQ.mCXzp79Fm5Llej8XH-GM4b2D1-yLl3tTAN8bbfAYUVK0SbugtPaVUeJYITX-s9PHoqcZJcCUgal8KBlKcRYsKfxr3SJhJgOIvMYRzzYhD-3haclyJo8TwS0zxHvhN5GI9DA-Pl6Xbbj7O6J-lWCIyrF-Ij6uClQN_jdp0JaZ7yHr6ihv2RgCYKUU-6qeQtfojg2QwVPbF7w9_PQ81TKghVHc7XkOhdVD19yf7fEGW0UkTU9XT0Y49OowuG4R2_fGplyqPNqvoCDQRRMQTEBHOALUTCqjkV8tEGIeW2Do9LKZKQKphuRc7YEHN9wboVyNJSX5JUMiYSuKtDrNxbFWDQ', '-e', 'PYTHONUNBUFFERED=True', '-e', 'AZUREML_ARM_PROJECT_NAME=e2e-04', '-e', 'AZUREML_ARM_WORKSPACE_NAME=haieastus2ws3', '-e', 'AZUREML_ARM_SUBSCRIPTION=fac34303-435d-4486-8c3f-7094d82a0b60', '-e', 'AZUREML_ARM_RESOURCEGROUP=aml-notebooks', '-e', 'AZUREML_ARM_SCOPE=/subscriptions/fac34303-435d-4486-8c3f-7094d82a0b60/resourceGroups/aml-notebooks/providers/Microsoft.MachineLearningServices/workspaces/haieastus2ws3/projects/e2e-04', '-e', 'AZUREML_DISCOVERY_SERVICE_ENDPOINT=https://eastus2.experiments.azureml.net/discovery', '-e', 'AZUREML_SERVICE_ENDPOINT=https://eastus2.experiments.azureml.net', '-e', 'AZUREML_RUN_CONFIGURATION=azureml-setup/mutated_run_configuration.yml', '-e', 'AZUREML_INSTRUMENTATION_KEY=c684677d-b3a0-4709-a00e-78e5b31cfafa', '-e', 'AZUREML_DRIVERLOG_PATH=azureml-logs/driver_log.txt', '-e', 'AZUREML_CONTROLLOG_PATH=azureml-logs/control_log.txt', '-e', 'AZUREML_LOGDIRECTORY_PATH=azureml-logs/', '-e', 'AZUREML_COMPLETEFILE_PATH=azureml-setup/complete', '-e', 'AZUREML_PIDFILE_PATH=azureml-setup/pid.txt', '-e', 'AZUREML_RUN_ID=e2e-04_1528276378649', 'azureml/azureml_5707273e4d4f8da6a3c3c494ed4d7d30', '/bin/bash', '-c', '"python" "azureml-setup/run_script.py" "python" "azureml-setup/context_manager_injector.py" "-i" "OutputCollection:context_managers.RunHistory" "train-sklearn.py"']
Uploading experiment status to history service.
Adding run profile attachment azureml-logs/80_driver_log.txt

Streaming azureml-logs/80_driver_log.txt
========================================

alpha is 0.00, and mse is 3424.32
alpha is 0.05, and mse is 3408.92
alpha is 0.10, and mse is 3372.65
alpha is 0.15, and mse is 3345.15
alpha is 0.20, and mse is 3325.29
alpha is 0.25, and mse is 3311.56
alpha is 0.30, and mse is 3302.67
alpha is 0.35, and mse is 3297.66
alpha is 0.40, and mse is 3295.74
alpha is 0.45, and mse is 3296.32
alpha is 0.50, and mse is 3298.91
alpha is 0.55, and mse is 3303.14
alpha is 0.60, and mse is 3308.70
alpha is 0.65, and mse is 3315.36
alpha is 0.70, and mse is 3322.90
alpha is 0.75, and mse is 3331.17
alpha is 0.80, and mse is 3340.02
alpha is 0.85, and mse is 3349.36
alpha is 0.90, and mse is 3359.09
alpha is 0.95, and mse is 3369.13
The experiment completed successfully. Starting post-processing steps.

Execution Summary
=================
RunId: e2e-04_1528276378649

When alpha is 0.40, we have min MSE 3295.74.


##### 05.spark (2018-06-06-05:13:17) ###################
Azure ML Core SDK Version: 0.1.0.1005480
Found config.json in: /data/git/hai/e2e_test/aml_config/config.json
Workspace details:
aml-notebooks haieastus2ws3 eastus2
/tmp/e2e-test/05 already exists, remove it.
/tmp/e2e-test/05
e2e-05
copy train-spark.py and iris.csv to the project folder.
create an ACI run config.
base image is microsoft/mmlspark:0.12

##################################################
submitting train-spark.py for a Spark run on ACI...
##################################################

https://mlworkspace.azureml-test.net/home/%2Fsubscriptions%2Ffac34303-435d-4486-8c3f-7094d82a0b60%2FresourceGroups%2Faml-notebooks%2Fproviders%2FMicrosoft.MachineLearningServices%2Fworkspaces%2Fhaieastus2ws3/projects/e2e-05/run-history/run-details/e2e-05_1528276400206
RunId: e2e-05_1528276400206

Streaming azureml-logs/20_ice_log.txt
=====================================


Streaming azureml-logs/60_control_log.txt
=========================================

Uploading experiment status to history service.
Adding run profile attachment azureml-logs/80_driver_log.txt

Streaming azureml-logs/80_driver_log.txt
========================================

Using Spark's default log4j profile: org/apache/spark/log4j-defaults.properties
Setting default log level to "WARN".
To adjust logging level use sc.setLogLevel(newLevel). For SparkR, use setLogLevel(newLevel).
18/06/06 09:20:56 WARN NativeCodeLoader: Unable to load native-hadoop library for your platform... using builtin-java classes where applicable
****************
Python version: 3.6.2 |Anaconda, Inc.| (default, Oct  5 2017, 07:59:26) 
[GCC 7.2.0]
Spark version: 2.2.1
****************
First 10 rows of Iris dataset:
+------------+-----------+------------+-----------+-----------+
|sepal-length|sepal-width|petal-length|petal-width|      class|
+------------+-----------+------------+-----------+-----------+
|         5.1|        3.5|         1.4|        0.2|Iris-setosa|
|         4.9|        3.0|         1.4|        0.2|Iris-setosa|
|         4.7|        3.2|         1.3|        0.2|Iris-setosa|
|         4.6|        3.1|         1.5|        0.2|Iris-setosa|
|         5.0|        3.6|         1.4|        0.2|Iris-setosa|
|         5.4|        3.9|         1.7|        0.4|Iris-setosa|
|         4.6|        3.4|         1.4|        0.3|Iris-setosa|
|         5.0|        3.4|         1.5|        0.2|Iris-setosa|
|         4.4|        2.9|         1.4|        0.2|Iris-setosa|
|         4.9|        3.1|         1.5|        0.1|Iris-setosa|
+------------+-----------+------------+-----------+-----------+
only showing top 10 rows

Load featurized dataset for machine learning...
+-----------------+-----+
|         features|label|
+-----------------+-----+
|[5.1,3.5,1.4,0.2]|  0.0|
|[4.9,3.0,1.4,0.2]|  0.0|
|[4.7,3.2,1.3,0.2]|  0.0|
|[4.6,3.1,1.5,0.2]|  0.0|
|[5.0,3.6,1.4,0.2]|  0.0|
|[5.4,3.9,1.7,0.4]|  0.0|
|[4.6,3.4,1.4,0.3]|  0.0|
|[5.0,3.4,1.5,0.2]|  0.0|
|[4.4,2.9,1.4,0.2]|  0.0|
|[4.9,3.1,1.5,0.1]|  0.0|
+-----------------+-----+
only showing top 10 rows

18/06/06 09:21:16 WARN BLAS: Failed to load implementation from: com.github.fommil.netlib.NativeSystemBLAS
18/06/06 09:21:16 WARN BLAS: Failed to load implementation from: com.github.fommil.netlib.NativeRefBLAS
Prediction
+-----------------+-----+--------------------+--------------------+----------+
|         features|label|       rawPrediction|         probability|prediction|
+-----------------+-----+--------------------+--------------------+----------+
|[4.3,3.0,1.1,0.1]|  0.0|[6.37925389425161...|[0.98230482711080...|       0.0|
|[4.7,3.2,1.6,0.2]|  0.0|[5.68843485309776...|[0.96752524281070...|       0.0|
|[4.8,3.0,1.4,0.3]|  0.0|[5.07502658788103...|[0.93023271102289...|       0.0|
|[4.8,3.1,1.6,0.2]|  0.0|[5.33268778680701...|[0.94701438762996...|       0.0|
|[4.8,3.4,1.6,0.2]|  0.0|[6.04958072621228...|[0.97915303850555...|       0.0|
|[4.9,3.1,1.5,0.1]|  0.0|[5.52728182044674...|[0.94768195936177...|       0.0|
|[5.0,2.0,3.5,1.0]|  1.0|[-1.0936590953698...|[0.02853912176551...|       1.0|
|[5.0,2.3,3.3,1.0]|  1.0|[-0.1816462219616...|[0.08333311290752...|       1.0|
|[5.0,3.0,1.6,0.2]|  0.0|[4.86015796736060...|[0.89874769813934...|       0.0|
|[5.0,3.2,1.2,0.2]|  0.0|[5.72832646163677...|[0.95835234759722...|       0.0|
+-----------------+-----+--------------------+--------------------+----------+
only showing top 10 rows


#####################################
Regularization rate is 0.01
Accuracy is 1.0
#####################################

The experiment completed successfully. Starting post-processing steps.

Execution Summary
=================
RunId: e2e-05_1528276400206

attach a VM target:
Load the cpu-dsvm config and make it run Spark:
base image is: microsoft/mmlspark:0.12

##################################################
submitting train-spark.py for a Spark run on Docker in VM...
##################################################

https://mlworkspace.azureml-test.net/home/%2Fsubscriptions%2Ffac34303-435d-4486-8c3f-7094d82a0b60%2FresourceGroups%2Faml-notebooks%2Fproviders%2FMicrosoft.MachineLearningServices%2Fworkspaces%2Fhaieastus2ws3/projects/e2e-05/run-history/run-details/e2e-05_1528277030235
RunId: e2e-05_1528277030235

Streaming azureml-logs/80_driver_log.txt
========================================

https://mmlspark.azureedge.net/maven added as a remote repository with the name: repo-1
https://azuremldownloads.blob.core.windows.net/repo5qh91kdjs6 added as a remote repository with the name: repo-2
Ivy Default Cache set to: /root/.ivy2/cache
The jars for the packages stored in: /root/.ivy2/jars
:: loading settings :: url = jar:file:/home/mmlspark/lib/spark/jars/ivy-2.4.0.jar!/org/apache/ivy/core/settings/ivysettings.xml
com.microsoft.ml.spark#mmlspark_2.11 added as a dependency
com.microsoft#dprep_2.11 added as a dependency
com.microsoft.sqlserver#mssql-jdbc added as a dependency
:: resolving dependencies :: org.apache.spark#spark-submit-parent;1.0
	confs: [default]
	found com.microsoft.ml.spark#mmlspark_2.11;0.12 in repo-1
	found io.spray#spray-json_2.11;1.3.2 in central
	found com.microsoft.cntk#cntk;2.4 in central
	found org.openpnp#opencv;3.2.0-1 in central
	found com.microsoft.ml.lightgbm#lightgbmlib;2.0.120 in central
	found com.microsoft#dprep_2.11;0.18.0 in repo-2
	found com.microsoft.programSynthesis#tText;4.1.0-preview2018010901 in repo-2
	found com.microsoft.programSynthesis#dsl;4.1.0-preview2018010901 in repo-2
	found com.microsoft.programSynthesis#sText;4.1.0-preview2018010901 in repo-2
	found com.microsoft.sqlserver#mssql-jdbc;6.2.1.jre8 in central
:: resolution report :: resolve 387ms :: artifacts dl 16ms
	:: modules in use:
	com.microsoft#dprep_2.11;0.18.0 from repo-2 in [default]
	com.microsoft.cntk#cntk;2.4 from central in [default]
	com.microsoft.ml.lightgbm#lightgbmlib;2.0.120 from central in [default]
	com.microsoft.ml.spark#mmlspark_2.11;0.12 from repo-1 in [default]
	com.microsoft.programSynthesis#dsl;4.1.0-preview2018010901 from repo-2 in [default]
	com.microsoft.programSynthesis#sText;4.1.0-preview2018010901 from repo-2 in [default]
	com.microsoft.programSynthesis#tText;4.1.0-preview2018010901 from repo-2 in [default]
	com.microsoft.sqlserver#mssql-jdbc;6.2.1.jre8 from central in [default]
	io.spray#spray-json_2.11;1.3.2 from central in [default]
	org.openpnp#opencv;3.2.0-1 from central in [default]
	---------------------------------------------------------------------
	|                  |            modules            ||   artifacts   |
	|       conf       | number| search|dwnlded|evicted|| number|dwnlded|
	---------------------------------------------------------------------
	|      default     |   10  |   0   |   0   |   0   ||   10  |   0   |
	---------------------------------------------------------------------
:: retrieving :: org.apache.spark#spark-submit-parent
	confs: [default]
	0 artifacts copied, 10 already retrieved (0kB/13ms)
****************
Python version: 3.6.2 |Anaconda, Inc.| (default, Oct  5 2017, 07:59:26) 
[GCC 7.2.0]
Spark version: 2.2.1
****************
First 10 rows of Iris dataset:
+------------+-----------+------------+-----------+-----------+
|sepal-length|sepal-width|petal-length|petal-width|      class|
+------------+-----------+------------+-----------+-----------+
|         5.1|        3.5|         1.4|        0.2|Iris-setosa|
|         4.9|        3.0|         1.4|        0.2|Iris-setosa|
|         4.7|        3.2|         1.3|        0.2|Iris-setosa|
|         4.6|        3.1|         1.5|        0.2|Iris-setosa|
|         5.0|        3.6|         1.4|        0.2|Iris-setosa|
|         5.4|        3.9|         1.7|        0.4|Iris-setosa|
|         4.6|        3.4|         1.4|        0.3|Iris-setosa|
|         5.0|        3.4|         1.5|        0.2|Iris-setosa|
|         4.4|        2.9|         1.4|        0.2|Iris-setosa|
|         4.9|        3.1|         1.5|        0.1|Iris-setosa|
+------------+-----------+------------+-----------+-----------+
only showing top 10 rows

Load featurized dataset for machine learning...
+-----------------+-----+
|         features|label|
+-----------------+-----+
|[5.1,3.5,1.4,0.2]|  0.0|
|[4.9,3.0,1.4,0.2]|  0.0|
|[4.7,3.2,1.3,0.2]|  0.0|
|[4.6,3.1,1.5,0.2]|  0.0|
|[5.0,3.6,1.4,0.2]|  0.0|
|[5.4,3.9,1.7,0.4]|  0.0|
|[4.6,3.4,1.4,0.3]|  0.0|
|[5.0,3.4,1.5,0.2]|  0.0|
|[4.4,2.9,1.4,0.2]|  0.0|
|[4.9,3.1,1.5,0.1]|  0.0|
+-----------------+-----+
only showing top 10 rows

Prediction
+-----------------+-----+--------------------+--------------------+----------+
|         features|label|       rawPrediction|         probability|prediction|
+-----------------+-----+--------------------+--------------------+----------+
|[4.4,2.9,1.4,0.2]|  0.0|[5.36791570211284...|[0.96575102509761...|       0.0|
|[4.4,3.0,1.3,0.2]|  0.0|[5.68995794050847...|[0.97643020264633...|       0.0|
|[4.6,3.4,1.4,0.3]|  0.0|[6.07080667382601...|[0.98751586190605...|       0.0|
|[4.9,2.4,3.3,1.0]|  1.0|[0.32361388258803...|[0.19631824566689...|       1.0|
|[4.9,3.0,1.4,0.2]|  0.0|[4.96469130810308...|[0.93291038135177...|       0.0|
|[4.9,3.1,1.5,0.1]|  0.0|[5.28585308079072...|[0.94962596048875...|       0.0|
|[5.0,3.0,1.6,0.2]|  0.0|[4.65106688170995...|[0.90617992981459...|       0.0|
|[5.0,3.2,1.2,0.2]|  0.0|[5.48245258062572...|[0.96081725629162...|       0.0|
|[5.0,3.4,1.6,0.4]|  0.0|[5.1917918782105,...|[0.96504277999236...|       0.0|
|[5.0,3.6,1.4,0.2]|  0.0|[6.20871786783477...|[0.98595483087789...|       0.0|
+-----------------+-----+--------------------+--------------------+----------+
only showing top 10 rows


#####################################
Regularization rate is 0.01
Accuracy is 0.9423076923076923
#####################################

The experiment completed successfully. Starting post-processing steps.

Execution Summary
=================
RunId: e2e-05_1528277030235

attach HDI
Load HDI run config.

##################################################
submitting train-spark.py for a HDI run...
##################################################

https://mlworkspace.azureml-test.net/home/%2Fsubscriptions%2Ffac34303-435d-4486-8c3f-7094d82a0b60%2FresourceGroups%2Faml-notebooks%2Fproviders%2FMicrosoft.MachineLearningServices%2Fworkspaces%2Fhaieastus2ws3/projects/e2e-05/run-history/run-details/e2e-05_1528277061325
RunId: e2e-05_1528277061325

Streaming azureml-logs/60_control_log.txt
=========================================

Uploading experiment status to history service.
Adding run profile attachment azureml-logs/60_control_log.txt
  adding: iris.csv (deflated 82%)
  adding: azureml-logs/ (stored 0%)
  adding: azureml-logs/control_log.txt (deflated 12%)
  adding: train-spark.py (deflated 62%)
  adding: .amlignore (deflated 25%)
  adding: azureml-setup/ (stored 0%)
  adding: azureml-setup/interrupt_sender.py (deflated 57%)
  adding: azureml-setup/killable_subprocess.pyc (deflated 55%)
  adding: azureml-setup/conda_manager.pyc (deflated 50%)
  adding: azureml-setup/log4j.properties (deflated 56%)
  adding: azureml-setup/log_history_status.pyc (deflated 62%)
  adding: azureml-setup/spark_cache.py (deflated 20%)
  adding: azureml-setup/context_managers.py (deflated 64%)
  adding: azureml-setup/run_script.py (deflated 67%)
  adding: azureml-setup/conda_lock.pyc (deflated 52%)
  adding: azureml-setup/conda_manager.py (deflated 69%)
  adding: azureml-setup/context_manager_injector.py (deflated 59%)
  adding: azureml-setup/interrupt_sender.pyc (deflated 48%)
  adding: azureml-setup/mutated_run_configuration.yml (deflated 46%)
  adding: azureml-setup/conda_lock.py (deflated 54%)
  adding: azureml-setup/hdi_utilities.py (deflated 49%)
  adding: azureml-setup/project_fetcher.pyc (deflated 51%)
  adding: azureml-setup/hdi_utilities.pyc (deflated 47%)
  adding: azureml-setup/execution_timer.py (deflated 68%)
  adding: azureml-setup/execution_timer.pyc (deflated 63%)
  adding: azureml-setup/project_fetcher.py (deflated 62%)
  adding: azureml-setup/upload_artifacts.pyc (deflated 44%)
  adding: azureml-setup/hdi_control_script.py (deflated 64%)
  adding: azureml-setup/mutated_conda_dependencies.yml (deflated 29%)
  adding: azureml-setup/pid.txt (stored 0%)
  adding: azureml-setup/log_history_status.py (deflated 67%)
  adding: azureml-setup/killable_subprocess.py (deflated 68%)
  adding: azureml-setup/99brokenproxy (deflated 26%)
  adding: azureml-setup/prepare_environment.py (deflated 36%)
  adding: azureml-setup/upload_artifacts.py (deflated 60%)
  adding: azureml-setup/hdi_context_manager.py (deflated 56%)
  adding: aml_config/ (stored 0%)
  adding: aml_config/cpu-dsvm.runconfig (deflated 55%)
  adding: aml_config/myhdi.compute (deflated 13%)
  adding: aml_config/local.runconfig (deflated 56%)
  adding: aml_config/cpu-dsvm.compute (deflated 13%)
  adding: aml_config/myhdi.runconfig (deflated 55%)
  adding: aml_config/conda_dependencies.yml (deflated 49%)
  adding: aml_config/project.json (deflated 19%)
  adding: aml_config/docker.runconfig (deflated 56%)
  adding: assets/ (stored 0%)
Logging experiment running status in history service.
Running: ['/home/ninghai/.azureml/envs/azureml_40b348c4d7381beefb01312cdebdaa0b/bin/python', 'azureml-setup/run_script.py', '/usr/hdp/current/spark2-client/bin/spark-submit', '--repositories', 'https://mmlspark.azureedge.net/maven,https://azuremldownloads.blob.core.windows.net/repo5qh91kdjs6', '--packages', 'com.microsoft.ml.spark:mmlspark_2.11:0.12,com.microsoft:dprep_2.11:0.18.0,com.microsoft.sqlserver:mssql-jdbc:6.2.1.jre8', '--driver-java-options', '-Dlog4j.configuration=file:./code.zip/azureml-setup/log4j.properties', '--conf', 'spark.yarn.appMasterEnv.PYSPARK_PYTHON=./azureml_40b348c4d7381beefb01312cdebdaa0b.zip/home/ninghai/.azureml/envs/azureml_40b348c4d7381beefb01312cdebdaa0b/bin/python', '--conf', 'spark.yarn.appMasterEnv.AZUREML_RUN_ID=e2e-05_1528277061325', '--conf', 'spark.executorEnv.AZUREML_RUN_ID=e2e-05_1528277061325', '--conf', 'spark.yarn.appMasterEnv.AZUREML_PIDFILE_PATH=azureml-setup/pid.txt', '--conf', 'spark.executorEnv.AZUREML_PIDFILE_PATH=azureml-setup/pid.txt', '--conf', 'spark.yarn.appMasterEnv.AZUREML_COMPLETEFILE_PATH=azureml-setup/complete', '--conf', 'spark.executorEnv.AZUREML_COMPLETEFILE_PATH=azureml-setup/complete', '--conf', 'spark.yarn.appMasterEnv.AZUREML_LOGDIRECTORY_PATH=azureml-logs/', '--conf', 'spark.executorEnv.AZUREML_LOGDIRECTORY_PATH=azureml-logs/', '--conf', 'spark.yarn.appMasterEnv.AZUREML_CONTROLLOG_PATH=azureml-logs/control_log.txt', '--conf', 'spark.executorEnv.AZUREML_CONTROLLOG_PATH=azureml-logs/control_log.txt', '--conf', 'spark.yarn.appMasterEnv.AZUREML_DRIVERLOG_PATH=azureml-logs/driver_log.txt', '--conf', 'spark.executorEnv.AZUREML_DRIVERLOG_PATH=azureml-logs/driver_log.txt', '--conf', 'spark.yarn.appMasterEnv.AZUREML_INSTRUMENTATION_KEY=c684677d-b3a0-4709-a00e-78e5b31cfafa', '--conf', 'spark.executorEnv.AZUREML_INSTRUMENTATION_KEY=c684677d-b3a0-4709-a00e-78e5b31cfafa', '--conf', 'spark.yarn.appMasterEnv.AZUREML_RUN_CONFIGURATION=azureml-setup/mutated_run_configuration.yml', '--conf', 'spark.executorEnv.AZUREML_RUN_CONFIGURATION=azureml-setup/mutated_run_configuration.yml', '--conf', 'spark.yarn.appMasterEnv.AZUREML_SERVICE_ENDPOINT=https://eastus2.experiments.azureml.net', '--conf', 'spark.executorEnv.AZUREML_SERVICE_ENDPOINT=https://eastus2.experiments.azureml.net', '--conf', 'spark.yarn.appMasterEnv.AZUREML_DISCOVERY_SERVICE_ENDPOINT=https://eastus2.experiments.azureml.net/discovery', '--conf', 'spark.executorEnv.AZUREML_DISCOVERY_SERVICE_ENDPOINT=https://eastus2.experiments.azureml.net/discovery', '--conf', 'spark.yarn.appMasterEnv.AZUREML_ARM_SCOPE=/subscriptions/fac34303-435d-4486-8c3f-7094d82a0b60/resourceGroups/aml-notebooks/providers/Microsoft.MachineLearningServices/workspaces/haieastus2ws3/projects/e2e-05', '--conf', 'spark.executorEnv.AZUREML_ARM_SCOPE=/subscriptions/fac34303-435d-4486-8c3f-7094d82a0b60/resourceGroups/aml-notebooks/providers/Microsoft.MachineLearningServices/workspaces/haieastus2ws3/projects/e2e-05', '--conf', 'spark.yarn.appMasterEnv.AZUREML_ARM_RESOURCEGROUP=aml-notebooks', '--conf', 'spark.executorEnv.AZUREML_ARM_RESOURCEGROUP=aml-notebooks', '--conf', 'spark.yarn.appMasterEnv.AZUREML_ARM_SUBSCRIPTION=fac34303-435d-4486-8c3f-7094d82a0b60', '--conf', 'spark.executorEnv.AZUREML_ARM_SUBSCRIPTION=fac34303-435d-4486-8c3f-7094d82a0b60', '--conf', 'spark.yarn.appMasterEnv.AZUREML_ARM_ACCOUNT_NAME=', '--conf', 'spark.executorEnv.AZUREML_ARM_ACCOUNT_NAME=', '--conf', 'spark.yarn.appMasterEnv.AZUREML_ARM_WORKSPACE_NAME=haieastus2ws3', '--conf', 'spark.executorEnv.AZUREML_ARM_WORKSPACE_NAME=haieastus2ws3', '--conf', 'spark.yarn.appMasterEnv.AZUREML_ARM_PROJECT_NAME=e2e-05', '--conf', 'spark.executorEnv.AZUREML_ARM_PROJECT_NAME=e2e-05', '--conf', 'spark.yarn.appMasterEnv.PYTHONUNBUFFERED=True', '--conf', 'spark.executorEnv.PYTHONUNBUFFERED=True', '--conf', 'spark.yarn.appMasterEnv.AZUREML_RUN_TOKEN=eyJhbGciOiJSUzI1NiIsImtpZCI6IjMwQTk2ODc3NzgyNDgwMEFFQTc3RTFGMzZBMzM0NTU4OUI0N0VDREIiLCJ0eXAiOiJKV1QifQ.eyJydW5pZCI6ImUyZS0wNV8xNTI4Mjc3MDYxMzI1Iiwicm9sZSI6IkNvbnRyaWJ1dG9yIiwic2NvcGUiOiIvc3Vic2NyaXB0aW9ucy9mYWMzNDMwMy00MzVkLTQ0ODYtOGMzZi03MDk0ZDgyYTBiNjAvcmVzb3VyY2VHcm91cHMvYW1sLW5vdGVib29rcy9wcm92aWRlcnMvTWljcm9zb2Z0Lk1hY2hpbmVMZWFybmluZ1NlcnZpY2VzL3dvcmtzcGFjZXMvaGFpZWFzdHVzMndzMyIsImFjY291bnRpZCI6IjViM2RmZjkxLWEwM2ItNDcyZC1iZjVmLTdhNTU3Mjk5ZmEwZSIsIndvcmtzcGFjZUlkIjoiNWIzZGZmOTEtYTAzYi00NzJkLWJmNWYtN2E1NTcyOTlmYTBlIiwicHJvamVjdGlkIjoiYTFkZWViNjMtOThlYS00N2ZhLTkxMTQtODc3YTBiMDc3OTMxIiwiZGlzY292ZXJ5IjoiaHR0cHM6Ly9lYXN0dXMyLmV4cGVyaW1lbnRzLmF6dXJlbWwubmV0L2Rpc2NvdmVyeSIsInRpZCI6IjcyZjk4OGJmLTg2ZjEtNDFhZi05MWFiLTJkN2NkMDExZGI0NyIsIm9pZCI6ImZiN2QyYmJmLTJjNTQtNDZkNy04Nzc1LTdlMzE4NjQ0ZGQ2YiIsImV4cCI6MTUyODg4MTg2MiwiaXNzIjoiYXp1cmVtbCIsImF1ZCI6ImF6dXJlbWwifQ.BNyadth87wXRoEdXyQGNLHg1B0vEOq91Tg7G0IMpbEOgSrux9bFnknqblUeSATo33Z-Kyv6_q1iI8YzG1F5OXZfuhQRAZW-V57hjUABtO3ZHoLBE49y7n75tlJsWOTcyx-PuShFYgVt9z4JqOThf0yaMCxIZibPFbKZHiZFU6RljnCP3njDlI03X4vBPz4NPxJcVdoFpsup69QBRkt96A453onvhlhEJv16Ah3Rhv4gIgMJaKBp91XSxufCucY4McV5_YLM9QhwZnwlzbnVhLkh-J0TRqdAoPE-yHErV2teZ3MO5n1XoajUsO5rjokIUZBQL7QXEQcarWXyr9tTvzA', '--conf', 'spark.executorEnv.AZUREML_RUN_TOKEN=eyJhbGciOiJSUzI1NiIsImtpZCI6IjMwQTk2ODc3NzgyNDgwMEFFQTc3RTFGMzZBMzM0NTU4OUI0N0VDREIiLCJ0eXAiOiJKV1QifQ.eyJydW5pZCI6ImUyZS0wNV8xNTI4Mjc3MDYxMzI1Iiwicm9sZSI6IkNvbnRyaWJ1dG9yIiwic2NvcGUiOiIvc3Vic2NyaXB0aW9ucy9mYWMzNDMwMy00MzVkLTQ0ODYtOGMzZi03MDk0ZDgyYTBiNjAvcmVzb3VyY2VHcm91cHMvYW1sLW5vdGVib29rcy9wcm92aWRlcnMvTWljcm9zb2Z0Lk1hY2hpbmVMZWFybmluZ1NlcnZpY2VzL3dvcmtzcGFjZXMvaGFpZWFzdHVzMndzMyIsImFjY291bnRpZCI6IjViM2RmZjkxLWEwM2ItNDcyZC1iZjVmLTdhNTU3Mjk5ZmEwZSIsIndvcmtzcGFjZUlkIjoiNWIzZGZmOTEtYTAzYi00NzJkLWJmNWYtN2E1NTcyOTlmYTBlIiwicHJvamVjdGlkIjoiYTFkZWViNjMtOThlYS00N2ZhLTkxMTQtODc3YTBiMDc3OTMxIiwiZGlzY292ZXJ5IjoiaHR0cHM6Ly9lYXN0dXMyLmV4cGVyaW1lbnRzLmF6dXJlbWwubmV0L2Rpc2NvdmVyeSIsInRpZCI6IjcyZjk4OGJmLTg2ZjEtNDFhZi05MWFiLTJkN2NkMDExZGI0NyIsIm9pZCI6ImZiN2QyYmJmLTJjNTQtNDZkNy04Nzc1LTdlMzE4NjQ0ZGQ2YiIsImV4cCI6MTUyODg4MTg2MiwiaXNzIjoiYXp1cmVtbCIsImF1ZCI6ImF6dXJlbWwifQ.BNyadth87wXRoEdXyQGNLHg1B0vEOq91Tg7G0IMpbEOgSrux9bFnknqblUeSATo33Z-Kyv6_q1iI8YzG1F5OXZfuhQRAZW-V57hjUABtO3ZHoLBE49y7n75tlJsWOTcyx-PuShFYgVt9z4JqOThf0yaMCxIZibPFbKZHiZFU6RljnCP3njDlI03X4vBPz4NPxJcVdoFpsup69QBRkt96A453onvhlhEJv16Ah3Rhv4gIgMJaKBp91XSxufCucY4McV5_YLM9QhwZnwlzbnVhLkh-J0TRqdAoPE-yHErV2teZ3MO5n1XoajUsO5rjokIUZBQL7QXEQcarWXyr9tTvzA', '--conf', 'spark.yarn.appMasterEnv.AZUREML_RUN_TOKEN_EXPIRY=1528881862', '--conf', 'spark.executorEnv.AZUREML_RUN_TOKEN_EXPIRY=1528881862', '--conf', 'spark.yarn.appMasterEnv.AZUREML_CONTEXT_MANAGER_HDISETUP=null', '--conf', 'spark.executorEnv.AZUREML_CONTEXT_MANAGER_HDISETUP=null', '--conf', 'spark.yarn.appMasterEnv.AZUREML_CONTEXT_MANAGER_OUTPUTCOLLECTION=null', '--conf', 'spark.executorEnv.AZUREML_CONTEXT_MANAGER_OUTPUTCOLLECTION=null', '--conf', 'spark.yarn.appMasterEnv.EXAMPLE_ENV_VAR=EXAMPLE_VALUE', '--conf', 'spark.executorEnv.EXAMPLE_ENV_VAR=EXAMPLE_VALUE', '--conf', 'spark.yarn.appMasterEnv.AZUREML_CONDA_LOCK_PATH=/home/ninghai/.azureml/locks/azureml_conda_lock', '--conf', 'spark.executorEnv.AZUREML_CONDA_LOCK_PATH=/home/ninghai/.azureml/locks/azureml_conda_lock', '--conf', 'spark.yarn.appMasterEnv.AZUREML_CONDA_ENVIRONMENT_PATH=/home/ninghai/.azureml/envs/azureml_40b348c4d7381beefb01312cdebdaa0b', '--conf', 'spark.executorEnv.AZUREML_CONDA_ENVIRONMENT_PATH=/home/ninghai/.azureml/envs/azureml_40b348c4d7381beefb01312cdebdaa0b', '--conf', 'spark.yarn.appMasterEnv.AZUREML_CONDA_ENVIRONMENT_EXISTENCE_INDICATOR=/home/ninghai/.azureml/locks/azureml_40b348c4d7381beefb01312cdebdaa0b', '--conf', 'spark.executorEnv.AZUREML_CONDA_ENVIRONMENT_EXISTENCE_INDICATOR=/home/ninghai/.azureml/locks/azureml_40b348c4d7381beefb01312cdebdaa0b', '--conf', 'spark.yarn.appMasterEnv.AZUREML_TARGET_TYPE=cluster', '--conf', 'spark.executorEnv.AZUREML_TARGET_TYPE=cluster', '--master', 'yarn', '--deploy-mode', 'cluster', '--archives', '/home/ninghai/.azureml/envs/azureml_40b348c4d7381beefb01312cdebdaa0b.zip,code.zip', '--files', './azureml-setup/context_manager_injector.py,./azureml-setup/context_managers.py,./azureml-setup/hdi_context_manager.py', 'azureml-setup/context_manager_injector.py', '-i', 'HdiSetup:hdi_context_manager.HdiSetup', '-i', 'OutputCollection:context_managers.RunHistory', 'train-spark.py']
Uploading experiment status to history service.
Adding run profile attachment azureml-logs/80_driver_log.txt

Streaming azureml-logs/80_driver_log.txt
========================================

Ivy Default Cache set to: /home/ninghai/.ivy2/cache
The jars for the packages stored in: /home/ninghai/.ivy2/jars
https://mmlspark.azureedge.net/maven added as a remote repository with the name: repo-1
https://azuremldownloads.blob.core.windows.net/repo5qh91kdjs6 added as a remote repository with the name: repo-2
:: loading settings :: url = jar:file:/usr/hdp/2.6.0.2-76/spark2/jars/ivy-2.4.0.jar!/org/apache/ivy/core/settings/ivysettings.xml
com.microsoft.ml.spark#mmlspark_2.11 added as a dependency
com.microsoft#dprep_2.11 added as a dependency
com.microsoft.sqlserver#mssql-jdbc added as a dependency
:: resolving dependencies :: org.apache.spark#spark-submit-parent;1.0
	confs: [default]
	found com.microsoft.ml.spark#mmlspark_2.11;0.12 in repo-1
	found io.spray#spray-json_2.11;1.3.2 in central
	found com.microsoft.cntk#cntk;2.4 in central
	found org.openpnp#opencv;3.2.0-1 in central
	found com.microsoft.ml.lightgbm#lightgbmlib;2.0.120 in central
	found com.microsoft#dprep_2.11;0.18.0 in repo-2
	found com.microsoft.programSynthesis#tText;4.1.0-preview2018010901 in repo-2
	found com.microsoft.programSynthesis#dsl;4.1.0-preview2018010901 in repo-2
	found com.microsoft.programSynthesis#sText;4.1.0-preview2018010901 in repo-2
	found com.microsoft.sqlserver#mssql-jdbc;6.2.1.jre8 in central
:: resolution report :: resolve 669ms :: artifacts dl 17ms
	:: modules in use:
	com.microsoft#dprep_2.11;0.18.0 from repo-2 in [default]
	com.microsoft.cntk#cntk;2.4 from central in [default]
	com.microsoft.ml.lightgbm#lightgbmlib;2.0.120 from central in [default]
	com.microsoft.ml.spark#mmlspark_2.11;0.12 from repo-1 in [default]
	com.microsoft.programSynthesis#dsl;4.1.0-preview2018010901 from repo-2 in [default]
	com.microsoft.programSynthesis#sText;4.1.0-preview2018010901 from repo-2 in [default]
	com.microsoft.programSynthesis#tText;4.1.0-preview2018010901 from repo-2 in [default]
	com.microsoft.sqlserver#mssql-jdbc;6.2.1.jre8 from central in [default]
	io.spray#spray-json_2.11;1.3.2 from central in [default]
	org.openpnp#opencv;3.2.0-1 from central in [default]
	---------------------------------------------------------------------
	|                  |            modules            ||   artifacts   |
	|       conf       | number| search|dwnlded|evicted|| number|dwnlded|
	---------------------------------------------------------------------
	|      default     |   10  |   0   |   0   |   0   ||   10  |   0   |
	---------------------------------------------------------------------
:: retrieving :: org.apache.spark#spark-submit-parent
	confs: [default]
	0 artifacts copied, 10 already retrieved (0kB/14ms)
18/06/06 09:24:40 WARN NativeCodeLoader: Unable to load native-hadoop library for your platform... using builtin-java classes where applicable
18/06/06 09:24:41 INFO MetricsConfig: loaded properties from hadoop-metrics2-azure-file-system.properties
18/06/06 09:24:41 INFO WasbAzureIaasSink: Init starting.
18/06/06 09:24:41 INFO AzureIaasSink: Init starting. Initializing MdsLogger.
18/06/06 09:24:41 INFO AzureIaasSink: Init completed.
18/06/06 09:24:41 INFO WasbAzureIaasSink: Init completed.
18/06/06 09:24:41 INFO MetricsSinkAdapter: Sink azurefs2 started
18/06/06 09:24:41 INFO MetricsSystemImpl: Scheduled snapshot period at 60 second(s).
18/06/06 09:24:41 INFO MetricsSystemImpl: azure-file-system metrics system started
18/06/06 09:24:41 INFO RequestHedgingRMFailoverProxyProvider: Looking for the active RM in [rm1, rm2]...
18/06/06 09:24:41 INFO RequestHedgingRMFailoverProxyProvider: Found active RM [rm1]
18/06/06 09:24:41 INFO Client: Requesting a new application from cluster with 4 NodeManagers
18/06/06 09:24:42 INFO Client: Verifying our application has not requested more than the maximum memory capability of the cluster (51200 MB per container)
18/06/06 09:24:42 INFO Client: Will allocate AM container, with 1408 MB memory including 384 MB overhead
18/06/06 09:24:42 INFO Client: Setting up container launch context for our AM
18/06/06 09:24:42 INFO Client: Setting up the launch environment for our AM container
18/06/06 09:24:42 INFO Client: Preparing resources for our AM container
18/06/06 09:24:44 INFO Client: Uploading resource file:/home/ninghai/.ivy2/jars/com.microsoft.ml.spark_mmlspark_2.11-0.12.jar -> wasb://sparkhai@sparkstores2.blob.core.windows.net/user/ninghai/.sparkStaging/application_1527512542584_0096/com.microsoft.ml.spark_mmlspark_2.11-0.12.jar
18/06/06 09:24:44 INFO Client: Uploading resource file:/home/ninghai/.ivy2/jars/com.microsoft_dprep_2.11-0.18.0.jar -> wasb://sparkhai@sparkstores2.blob.core.windows.net/user/ninghai/.sparkStaging/application_1527512542584_0096/com.microsoft_dprep_2.11-0.18.0.jar
18/06/06 09:24:44 INFO Client: Uploading resource file:/home/ninghai/.ivy2/jars/com.microsoft.sqlserver_mssql-jdbc-6.2.1.jre8.jar -> wasb://sparkhai@sparkstores2.blob.core.windows.net/user/ninghai/.sparkStaging/application_1527512542584_0096/com.microsoft.sqlserver_mssql-jdbc-6.2.1.jre8.jar
18/06/06 09:24:44 INFO Client: Uploading resource file:/home/ninghai/.ivy2/jars/io.spray_spray-json_2.11-1.3.2.jar -> wasb://sparkhai@sparkstores2.blob.core.windows.net/user/ninghai/.sparkStaging/application_1527512542584_0096/io.spray_spray-json_2.11-1.3.2.jar
18/06/06 09:24:45 INFO Client: Uploading resource file:/home/ninghai/.ivy2/jars/com.microsoft.cntk_cntk-2.4.jar -> wasb://sparkhai@sparkstores2.blob.core.windows.net/user/ninghai/.sparkStaging/application_1527512542584_0096/com.microsoft.cntk_cntk-2.4.jar
18/06/06 09:24:47 INFO Client: Uploading resource file:/home/ninghai/.ivy2/jars/org.openpnp_opencv-3.2.0-1.jar -> wasb://sparkhai@sparkstores2.blob.core.windows.net/user/ninghai/.sparkStaging/application_1527512542584_0096/org.openpnp_opencv-3.2.0-1.jar
18/06/06 09:24:48 INFO Client: Uploading resource file:/home/ninghai/.ivy2/jars/com.microsoft.ml.lightgbm_lightgbmlib-2.0.120.jar -> wasb://sparkhai@sparkstores2.blob.core.windows.net/user/ninghai/.sparkStaging/application_1527512542584_0096/com.microsoft.ml.lightgbm_lightgbmlib-2.0.120.jar
18/06/06 09:24:48 INFO Client: Uploading resource file:/home/ninghai/.ivy2/jars/com.microsoft.programSynthesis_tText-4.1.0-preview2018010901.jar -> wasb://sparkhai@sparkstores2.blob.core.windows.net/user/ninghai/.sparkStaging/application_1527512542584_0096/com.microsoft.programSynthesis_tText-4.1.0-preview2018010901.jar
18/06/06 09:24:49 INFO Client: Uploading resource file:/home/ninghai/.ivy2/jars/com.microsoft.programSynthesis_sText-4.1.0-preview2018010901.jar -> wasb://sparkhai@sparkstores2.blob.core.windows.net/user/ninghai/.sparkStaging/application_1527512542584_0096/com.microsoft.programSynthesis_sText-4.1.0-preview2018010901.jar
18/06/06 09:24:49 INFO Client: Uploading resource file:/home/ninghai/.ivy2/jars/com.microsoft.programSynthesis_dsl-4.1.0-preview2018010901.jar -> wasb://sparkhai@sparkstores2.blob.core.windows.net/user/ninghai/.sparkStaging/application_1527512542584_0096/com.microsoft.programSynthesis_dsl-4.1.0-preview2018010901.jar
18/06/06 09:24:50 INFO Client: Uploading resource file:/tmp/azureml_runs/e2e-05_1528277061325/azureml-setup/context_manager_injector.py -> wasb://sparkhai@sparkstores2.blob.core.windows.net/user/ninghai/.sparkStaging/application_1527512542584_0096/context_manager_injector.py
18/06/06 09:24:50 INFO Client: Uploading resource file:/tmp/azureml_runs/e2e-05_1528277061325/azureml-setup/context_managers.py -> wasb://sparkhai@sparkstores2.blob.core.windows.net/user/ninghai/.sparkStaging/application_1527512542584_0096/context_managers.py
18/06/06 09:24:50 INFO Client: Uploading resource file:/tmp/azureml_runs/e2e-05_1528277061325/azureml-setup/hdi_context_manager.py -> wasb://sparkhai@sparkstores2.blob.core.windows.net/user/ninghai/.sparkStaging/application_1527512542584_0096/hdi_context_manager.py
18/06/06 09:24:50 INFO Client: Uploading resource file:/home/ninghai/.azureml/envs/azureml_40b348c4d7381beefb01312cdebdaa0b.zip -> wasb://sparkhai@sparkstores2.blob.core.windows.net/user/ninghai/.sparkStaging/application_1527512542584_0096/azureml_40b348c4d7381beefb01312cdebdaa0b.zip
18/06/06 09:24:55 INFO Client: Uploading resource file:/tmp/azureml_runs/e2e-05_1528277061325/code.zip -> wasb://sparkhai@sparkstores2.blob.core.windows.net/user/ninghai/.sparkStaging/application_1527512542584_0096/code.zip
18/06/06 09:24:55 WARN Client: Same name resource file:/tmp/azureml_runs/e2e-05_1528277061325/azureml-setup/context_manager_injector.py added multiple times to distributed cache
18/06/06 09:24:55 INFO Client: Uploading resource file:/usr/hdp/current/spark2-client/python/lib/pyspark.zip -> wasb://sparkhai@sparkstores2.blob.core.windows.net/user/ninghai/.sparkStaging/application_1527512542584_0096/pyspark.zip
18/06/06 09:24:55 INFO Client: Uploading resource file:/usr/hdp/current/spark2-client/python/lib/py4j-0.10.4-src.zip -> wasb://sparkhai@sparkstores2.blob.core.windows.net/user/ninghai/.sparkStaging/application_1527512542584_0096/py4j-0.10.4-src.zip
18/06/06 09:24:55 WARN Client: Same path resource file:/home/ninghai/.ivy2/jars/com.microsoft.ml.spark_mmlspark_2.11-0.12.jar added multiple times to distributed cache.
18/06/06 09:24:55 WARN Client: Same path resource file:/home/ninghai/.ivy2/jars/com.microsoft_dprep_2.11-0.18.0.jar added multiple times to distributed cache.
18/06/06 09:24:55 WARN Client: Same path resource file:/home/ninghai/.ivy2/jars/com.microsoft.sqlserver_mssql-jdbc-6.2.1.jre8.jar added multiple times to distributed cache.
18/06/06 09:24:55 WARN Client: Same path resource file:/home/ninghai/.ivy2/jars/io.spray_spray-json_2.11-1.3.2.jar added multiple times to distributed cache.
18/06/06 09:24:55 WARN Client: Same path resource file:/home/ninghai/.ivy2/jars/com.microsoft.cntk_cntk-2.4.jar added multiple times to distributed cache.
18/06/06 09:24:55 WARN Client: Same path resource file:/home/ninghai/.ivy2/jars/org.openpnp_opencv-3.2.0-1.jar added multiple times to distributed cache.
18/06/06 09:24:55 WARN Client: Same path resource file:/home/ninghai/.ivy2/jars/com.microsoft.ml.lightgbm_lightgbmlib-2.0.120.jar added multiple times to distributed cache.
18/06/06 09:24:55 WARN Client: Same path resource file:/home/ninghai/.ivy2/jars/com.microsoft.programSynthesis_tText-4.1.0-preview2018010901.jar added multiple times to distributed cache.
18/06/06 09:24:55 WARN Client: Same path resource file:/home/ninghai/.ivy2/jars/com.microsoft.programSynthesis_sText-4.1.0-preview2018010901.jar added multiple times to distributed cache.
18/06/06 09:24:55 WARN Client: Same path resource file:/home/ninghai/.ivy2/jars/com.microsoft.programSynthesis_dsl-4.1.0-preview2018010901.jar added multiple times to distributed cache.
18/06/06 09:24:56 INFO Client: Uploading resource file:/tmp/spark-f90b687e-65fc-4199-912c-f846d060377e/__spark_conf__2386140889865985235.zip -> wasb://sparkhai@sparkstores2.blob.core.windows.net/user/ninghai/.sparkStaging/application_1527512542584_0096/__spark_conf__.zip
18/06/06 09:24:56 INFO SecurityManager: Changing view acls to: ninghai
18/06/06 09:24:56 INFO SecurityManager: Changing modify acls to: ninghai
18/06/06 09:24:56 INFO SecurityManager: Changing view acls groups to: 
18/06/06 09:24:56 INFO SecurityManager: Changing modify acls groups to: 
18/06/06 09:24:56 INFO SecurityManager: SecurityManager: authentication disabled; ui acls disabled; users  with view permissions: Set(ninghai); groups with view permissions: Set(); users  with modify permissions: Set(ninghai); groups with modify permissions: Set()
18/06/06 09:24:56 INFO Client: Submitting application application_1527512542584_0096 to ResourceManager
18/06/06 09:24:56 INFO YarnClientImpl: Submitted application application_1527512542584_0096
18/06/06 09:24:57 INFO Client: Application report for application_1527512542584_0096 (state: ACCEPTED)
18/06/06 09:24:57 INFO Client: 
	 client token: N/A
	 diagnostics: AM container is launched, waiting for AM container to Register with RM
	 ApplicationMaster host: N/A
	 ApplicationMaster RPC port: -1
	 queue: default
	 start time: 1528277096262
	 final status: UNDEFINED
	 tracking URL: http://hn0-sparkh.01gbvfzxeqquvorlqntixlipbb.jx.internal.cloudapp.net:8088/proxy/application_1527512542584_0096/
	 user: ninghai
18/06/06 09:24:58 INFO Client: Application report for application_1527512542584_0096 (state: ACCEPTED)
18/06/06 09:24:59 INFO Client: Application report for application_1527512542584_0096 (state: ACCEPTED)
18/06/06 09:25:00 INFO Client: Application report for application_1527512542584_0096 (state: ACCEPTED)
18/06/06 09:25:01 INFO Client: Application report for application_1527512542584_0096 (state: ACCEPTED)
18/06/06 09:25:02 INFO Client: Application report for application_1527512542584_0096 (state: ACCEPTED)
18/06/06 09:25:03 INFO Client: Application report for application_1527512542584_0096 (state: ACCEPTED)
18/06/06 09:25:04 INFO Client: Application report for application_1527512542584_0096 (state: ACCEPTED)
18/06/06 09:25:05 INFO Client: Application report for application_1527512542584_0096 (state: ACCEPTED)
18/06/06 09:25:06 INFO Client: Application report for application_1527512542584_0096 (state: ACCEPTED)
18/06/06 09:25:07 INFO Client: Application report for application_1527512542584_0096 (state: ACCEPTED)
18/06/06 09:25:08 INFO Client: Application report for application_1527512542584_0096 (state: ACCEPTED)
18/06/06 09:25:09 INFO Client: Application report for application_1527512542584_0096 (state: ACCEPTED)
18/06/06 09:25:10 INFO Client: Application report for application_1527512542584_0096 (state: ACCEPTED)
18/06/06 09:25:11 INFO Client: Application report for application_1527512542584_0096 (state: ACCEPTED)
18/06/06 09:25:12 INFO Client: Application report for application_1527512542584_0096 (state: ACCEPTED)
18/06/06 09:25:13 INFO Client: Application report for application_1527512542584_0096 (state: ACCEPTED)
18/06/06 09:25:14 INFO Client: Application report for application_1527512542584_0096 (state: ACCEPTED)
18/06/06 09:25:15 INFO Client: Application report for application_1527512542584_0096 (state: ACCEPTED)
18/06/06 09:25:16 INFO Client: Application report for application_1527512542584_0096 (state: ACCEPTED)
18/06/06 09:25:17 INFO Client: Application report for application_1527512542584_0096 (state: ACCEPTED)
18/06/06 09:25:18 INFO Client: Application report for application_1527512542584_0096 (state: ACCEPTED)
18/06/06 09:25:19 INFO Client: Application report for application_1527512542584_0096 (state: ACCEPTED)
18/06/06 09:25:20 INFO Client: Application report for application_1527512542584_0096 (state: ACCEPTED)
18/06/06 09:25:21 INFO Client: Application report for application_1527512542584_0096 (state: ACCEPTED)
18/06/06 09:25:22 INFO Client: Application report for application_1527512542584_0096 (state: ACCEPTED)
18/06/06 09:25:23 INFO Client: Application report for application_1527512542584_0096 (state: ACCEPTED)
18/06/06 09:25:24 INFO Client: Application report for application_1527512542584_0096 (state: ACCEPTED)
18/06/06 09:25:25 INFO Client: Application report for application_1527512542584_0096 (state: ACCEPTED)
18/06/06 09:25:26 INFO Client: Application report for application_1527512542584_0096 (state: ACCEPTED)
18/06/06 09:25:27 INFO Client: Application report for application_1527512542584_0096 (state: ACCEPTED)
18/06/06 09:25:28 INFO Client: Application report for application_1527512542584_0096 (state: ACCEPTED)
18/06/06 09:25:29 INFO Client: Application report for application_1527512542584_0096 (state: ACCEPTED)
18/06/06 09:25:30 INFO Client: Application report for application_1527512542584_0096 (state: ACCEPTED)
18/06/06 09:25:31 INFO Client: Application report for application_1527512542584_0096 (state: ACCEPTED)
18/06/06 09:25:32 INFO Client: Application report for application_1527512542584_0096 (state: ACCEPTED)
18/06/06 09:25:33 INFO Client: Application report for application_1527512542584_0096 (state: ACCEPTED)
18/06/06 09:25:34 INFO Client: Application report for application_1527512542584_0096 (state: ACCEPTED)
18/06/06 09:25:35 INFO Client: Application report for application_1527512542584_0096 (state: ACCEPTED)
18/06/06 09:25:36 INFO Client: Application report for application_1527512542584_0096 (state: ACCEPTED)
18/06/06 09:25:37 INFO Client: Application report for application_1527512542584_0096 (state: ACCEPTED)
18/06/06 09:25:38 INFO Client: Application report for application_1527512542584_0096 (state: ACCEPTED)
18/06/06 09:25:39 INFO Client: Application report for application_1527512542584_0096 (state: ACCEPTED)
18/06/06 09:25:40 INFO Client: Application report for application_1527512542584_0096 (state: ACCEPTED)
18/06/06 09:25:41 INFO Client: Application report for application_1527512542584_0096 (state: ACCEPTED)
18/06/06 09:25:42 INFO Client: Application report for application_1527512542584_0096 (state: ACCEPTED)
18/06/06 09:25:43 INFO Client: Application report for application_1527512542584_0096 (state: ACCEPTED)
18/06/06 09:25:44 INFO Client: Application report for application_1527512542584_0096 (state: ACCEPTED)
18/06/06 09:25:45 INFO Client: Application report for application_1527512542584_0096 (state: ACCEPTED)
18/06/06 09:25:46 INFO Client: Application report for application_1527512542584_0096 (state: ACCEPTED)
18/06/06 09:25:47 INFO Client: Application report for application_1527512542584_0096 (state: ACCEPTED)
18/06/06 09:25:48 INFO Client: Application report for application_1527512542584_0096 (state: ACCEPTED)
18/06/06 09:25:49 INFO Client: Application report for application_1527512542584_0096 (state: ACCEPTED)
18/06/06 09:25:50 INFO Client: Application report for application_1527512542584_0096 (state: ACCEPTED)
18/06/06 09:25:51 INFO Client: Application report for application_1527512542584_0096 (state: ACCEPTED)
18/06/06 09:25:52 INFO Client: Application report for application_1527512542584_0096 (state: RUNNING)
18/06/06 09:25:52 INFO Client: 
	 client token: N/A
	 diagnostics: N/A
	 ApplicationMaster host: 10.0.0.12
	 ApplicationMaster RPC port: 0
	 queue: default
	 start time: 1528277096262
	 final status: UNDEFINED
	 tracking URL: http://hn0-sparkh.01gbvfzxeqquvorlqntixlipbb.jx.internal.cloudapp.net:8088/proxy/application_1527512542584_0096/
	 user: ninghai
18/06/06 09:25:53 INFO Client: Application report for application_1527512542584_0096 (state: RUNNING)
18/06/06 09:25:54 INFO Client: Application report for application_1527512542584_0096 (state: RUNNING)
18/06/06 09:25:55 INFO Client: Application report for application_1527512542584_0096 (state: RUNNING)
18/06/06 09:25:56 INFO Client: Application report for application_1527512542584_0096 (state: RUNNING)
18/06/06 09:25:57 INFO Client: Application report for application_1527512542584_0096 (state: RUNNING)
18/06/06 09:25:58 INFO Client: Application report for application_1527512542584_0096 (state: RUNNING)
18/06/06 09:25:59 INFO Client: Application report for application_1527512542584_0096 (state: RUNNING)
18/06/06 09:26:00 INFO Client: Application report for application_1527512542584_0096 (state: RUNNING)
18/06/06 09:26:01 INFO Client: Application report for application_1527512542584_0096 (state: RUNNING)
18/06/06 09:26:02 INFO Client: Application report for application_1527512542584_0096 (state: RUNNING)
18/06/06 09:26:03 INFO Client: Application report for application_1527512542584_0096 (state: RUNNING)
18/06/06 09:26:04 INFO Client: Application report for application_1527512542584_0096 (state: RUNNING)
18/06/06 09:26:05 INFO Client: Application report for application_1527512542584_0096 (state: RUNNING)
18/06/06 09:26:06 INFO Client: Application report for application_1527512542584_0096 (state: RUNNING)
18/06/06 09:26:07 INFO Client: Application report for application_1527512542584_0096 (state: RUNNING)
18/06/06 09:26:08 INFO Client: Application report for application_1527512542584_0096 (state: RUNNING)
18/06/06 09:26:09 INFO Client: Application report for application_1527512542584_0096 (state: RUNNING)
18/06/06 09:26:10 INFO Client: Application report for application_1527512542584_0096 (state: RUNNING)
18/06/06 09:26:11 INFO Client: Application report for application_1527512542584_0096 (state: RUNNING)
18/06/06 09:26:12 INFO Client: Application report for application_1527512542584_0096 (state: RUNNING)
18/06/06 09:26:13 INFO Client: Application report for application_1527512542584_0096 (state: RUNNING)
18/06/06 09:26:14 INFO Client: Application report for application_1527512542584_0096 (state: RUNNING)
18/06/06 09:26:15 INFO Client: Application report for application_1527512542584_0096 (state: RUNNING)
18/06/06 09:26:16 INFO Client: Application report for application_1527512542584_0096 (state: RUNNING)
18/06/06 09:26:17 INFO Client: Application report for application_1527512542584_0096 (state: RUNNING)
18/06/06 09:26:18 INFO Client: Application report for application_1527512542584_0096 (state: RUNNING)
18/06/06 09:26:19 INFO Client: Application report for application_1527512542584_0096 (state: RUNNING)
18/06/06 09:26:20 INFO Client: Application report for application_1527512542584_0096 (state: RUNNING)
18/06/06 09:26:21 INFO Client: Application report for application_1527512542584_0096 (state: RUNNING)
18/06/06 09:26:22 INFO Client: Application report for application_1527512542584_0096 (state: RUNNING)
18/06/06 09:26:23 INFO Client: Application report for application_1527512542584_0096 (state: RUNNING)
18/06/06 09:26:24 INFO Client: Application report for application_1527512542584_0096 (state: RUNNING)
18/06/06 09:26:25 INFO Client: Application report for application_1527512542584_0096 (state: RUNNING)
18/06/06 09:26:26 INFO Client: Application report for application_1527512542584_0096 (state: RUNNING)
18/06/06 09:26:27 INFO Client: Application report for application_1527512542584_0096 (state: RUNNING)
18/06/06 09:26:28 INFO Client: Application report for application_1527512542584_0096 (state: RUNNING)
18/06/06 09:26:29 INFO Client: Application report for application_1527512542584_0096 (state: RUNNING)
18/06/06 09:26:30 INFO Client: Application report for application_1527512542584_0096 (state: RUNNING)
18/06/06 09:26:31 INFO Client: Application report for application_1527512542584_0096 (state: RUNNING)
18/06/06 09:26:32 INFO Client: Application report for application_1527512542584_0096 (state: RUNNING)
18/06/06 09:26:33 INFO Client: Application report for application_1527512542584_0096 (state: RUNNING)
18/06/06 09:26:34 INFO Client: Application report for application_1527512542584_0096 (state: RUNNING)
18/06/06 09:26:35 INFO Client: Application report for application_1527512542584_0096 (state: RUNNING)
18/06/06 09:26:36 INFO Client: Application report for application_1527512542584_0096 (state: RUNNING)
18/06/06 09:26:37 INFO Client: Application report for application_1527512542584_0096 (state: RUNNING)
18/06/06 09:26:38 INFO Client: Application report for application_1527512542584_0096 (state: RUNNING)
18/06/06 09:26:39 INFO Client: Application report for application_1527512542584_0096 (state: RUNNING)
18/06/06 09:26:40 INFO Client: Application report for application_1527512542584_0096 (state: RUNNING)
18/06/06 09:26:41 INFO Client: Application report for application_1527512542584_0096 (state: RUNNING)
18/06/06 09:26:42 INFO Client: Application report for application_1527512542584_0096 (state: RUNNING)
18/06/06 09:26:43 INFO Client: Application report for application_1527512542584_0096 (state: RUNNING)
18/06/06 09:26:44 INFO Client: Application report for application_1527512542584_0096 (state: RUNNING)
18/06/06 09:26:45 INFO Client: Application report for application_1527512542584_0096 (state: RUNNING)
18/06/06 09:26:46 INFO Client: Application report for application_1527512542584_0096 (state: RUNNING)
18/06/06 09:26:47 INFO Client: Application report for application_1527512542584_0096 (state: RUNNING)
18/06/06 09:26:48 INFO Client: Application report for application_1527512542584_0096 (state: RUNNING)
18/06/06 09:26:49 INFO Client: Application report for application_1527512542584_0096 (state: RUNNING)
18/06/06 09:26:50 INFO Client: Application report for application_1527512542584_0096 (state: RUNNING)
18/06/06 09:26:51 INFO Client: Application report for application_1527512542584_0096 (state: RUNNING)
18/06/06 09:26:52 INFO Client: Application report for application_1527512542584_0096 (state: RUNNING)
18/06/06 09:26:53 INFO Client: Application report for application_1527512542584_0096 (state: RUNNING)
18/06/06 09:26:54 INFO Client: Application report for application_1527512542584_0096 (state: RUNNING)
18/06/06 09:26:55 INFO Client: Application report for application_1527512542584_0096 (state: RUNNING)
18/06/06 09:26:56 INFO Client: Application report for application_1527512542584_0096 (state: RUNNING)
18/06/06 09:26:57 INFO Client: Application report for application_1527512542584_0096 (state: RUNNING)
18/06/06 09:26:58 INFO Client: Application report for application_1527512542584_0096 (state: RUNNING)
18/06/06 09:26:59 INFO Client: Application report for application_1527512542584_0096 (state: RUNNING)
18/06/06 09:27:00 INFO Client: Application report for application_1527512542584_0096 (state: RUNNING)
18/06/06 09:27:01 INFO Client: Application report for application_1527512542584_0096 (state: RUNNING)
18/06/06 09:27:02 INFO Client: Application report for application_1527512542584_0096 (state: RUNNING)
18/06/06 09:27:03 INFO Client: Application report for application_1527512542584_0096 (state: ACCEPTED)
18/06/06 09:27:03 INFO Client: 
	 client token: N/A
	 diagnostics: AM container is launched, waiting for AM container to Register with RM
	 ApplicationMaster host: N/A
	 ApplicationMaster RPC port: -1
	 queue: default
	 start time: 1528277096262
	 final status: UNDEFINED
	 tracking URL: http://hn0-sparkh.01gbvfzxeqquvorlqntixlipbb.jx.internal.cloudapp.net:8088/proxy/application_1527512542584_0096/
	 user: ninghai
18/06/06 09:27:04 INFO Client: Application report for application_1527512542584_0096 (state: ACCEPTED)
18/06/06 09:27:05 INFO Client: Application report for application_1527512542584_0096 (state: ACCEPTED)
18/06/06 09:27:06 INFO Client: Application report for application_1527512542584_0096 (state: ACCEPTED)
18/06/06 09:27:07 INFO Client: Application report for application_1527512542584_0096 (state: ACCEPTED)
18/06/06 09:27:08 INFO Client: Application report for application_1527512542584_0096 (state: ACCEPTED)
18/06/06 09:27:09 INFO Client: Application report for application_1527512542584_0096 (state: ACCEPTED)
18/06/06 09:27:10 INFO Client: Application report for application_1527512542584_0096 (state: ACCEPTED)
18/06/06 09:27:11 INFO Client: Application report for application_1527512542584_0096 (state: ACCEPTED)
18/06/06 09:27:12 INFO Client: Application report for application_1527512542584_0096 (state: RUNNING)
18/06/06 09:27:12 INFO Client: 
	 client token: N/A
	 diagnostics: N/A
	 ApplicationMaster host: 10.0.0.15
	 ApplicationMaster RPC port: 0
	 queue: default
	 start time: 1528277096262
	 final status: UNDEFINED
	 tracking URL: http://hn0-sparkh.01gbvfzxeqquvorlqntixlipbb.jx.internal.cloudapp.net:8088/proxy/application_1527512542584_0096/
	 user: ninghai
18/06/06 09:27:13 INFO Client: Application report for application_1527512542584_0096 (state: RUNNING)
18/06/06 09:27:14 INFO Client: Application report for application_1527512542584_0096 (state: RUNNING)
18/06/06 09:27:15 INFO Client: Application report for application_1527512542584_0096 (state: RUNNING)
18/06/06 09:27:16 INFO Client: Application report for application_1527512542584_0096 (state: RUNNING)
18/06/06 09:27:17 INFO Client: Application report for application_1527512542584_0096 (state: RUNNING)
18/06/06 09:27:18 INFO Client: Application report for application_1527512542584_0096 (state: RUNNING)
18/06/06 09:27:19 INFO Client: Application report for application_1527512542584_0096 (state: RUNNING)
18/06/06 09:27:20 INFO Client: Application report for application_1527512542584_0096 (state: RUNNING)
18/06/06 09:27:21 INFO Client: Application report for application_1527512542584_0096 (state: RUNNING)
18/06/06 09:27:22 INFO Client: Application report for application_1527512542584_0096 (state: RUNNING)
18/06/06 09:27:23 INFO Client: Application report for application_1527512542584_0096 (state: RUNNING)
18/06/06 09:27:24 INFO Client: Application report for application_1527512542584_0096 (state: RUNNING)
18/06/06 09:27:25 INFO Client: Application report for application_1527512542584_0096 (state: RUNNING)
18/06/06 09:27:26 INFO Client: Application report for application_1527512542584_0096 (state: RUNNING)
18/06/06 09:27:27 INFO Client: Application report for application_1527512542584_0096 (state: RUNNING)
18/06/06 09:27:28 INFO Client: Application report for application_1527512542584_0096 (state: RUNNING)
18/06/06 09:27:29 INFO Client: Application report for application_1527512542584_0096 (state: RUNNING)
18/06/06 09:27:30 INFO Client: Application report for application_1527512542584_0096 (state: RUNNING)
18/06/06 09:27:31 INFO Client: Application report for application_1527512542584_0096 (state: RUNNING)
18/06/06 09:27:32 INFO Client: Application report for application_1527512542584_0096 (state: RUNNING)
18/06/06 09:27:33 INFO Client: Application report for application_1527512542584_0096 (state: RUNNING)
18/06/06 09:27:34 INFO Client: Application report for application_1527512542584_0096 (state: RUNNING)
18/06/06 09:27:35 INFO Client: Application report for application_1527512542584_0096 (state: RUNNING)
18/06/06 09:27:36 INFO Client: Application report for application_1527512542584_0096 (state: RUNNING)
18/06/06 09:27:37 INFO Client: Application report for application_1527512542584_0096 (state: RUNNING)
18/06/06 09:27:38 INFO Client: Application report for application_1527512542584_0096 (state: RUNNING)
18/06/06 09:27:39 INFO Client: Application report for application_1527512542584_0096 (state: RUNNING)
18/06/06 09:27:40 INFO Client: Application report for application_1527512542584_0096 (state: RUNNING)
18/06/06 09:27:41 INFO Client: Application report for application_1527512542584_0096 (state: RUNNING)
18/06/06 09:27:42 INFO Client: Application report for application_1527512542584_0096 (state: RUNNING)
18/06/06 09:27:43 INFO Client: Application report for application_1527512542584_0096 (state: RUNNING)
18/06/06 09:27:44 INFO Client: Application report for application_1527512542584_0096 (state: RUNNING)
18/06/06 09:27:45 INFO Client: Application report for application_1527512542584_0096 (state: RUNNING)
18/06/06 09:27:46 INFO Client: Application report for application_1527512542584_0096 (state: RUNNING)
18/06/06 09:27:47 INFO Client: Application report for application_1527512542584_0096 (state: RUNNING)
18/06/06 09:27:48 INFO Client: Application report for application_1527512542584_0096 (state: RUNNING)
18/06/06 09:27:49 INFO Client: Application report for application_1527512542584_0096 (state: RUNNING)
18/06/06 09:27:50 INFO Client: Application report for application_1527512542584_0096 (state: RUNNING)
18/06/06 09:27:51 INFO Client: Application report for application_1527512542584_0096 (state: RUNNING)
18/06/06 09:27:52 INFO Client: Application report for application_1527512542584_0096 (state: RUNNING)
18/06/06 09:27:53 INFO Client: Application report for application_1527512542584_0096 (state: RUNNING)
18/06/06 09:27:54 INFO Client: Application report for application_1527512542584_0096 (state: RUNNING)
18/06/06 09:27:55 INFO Client: Application report for application_1527512542584_0096 (state: RUNNING)
18/06/06 09:27:56 INFO Client: Application report for application_1527512542584_0096 (state: RUNNING)
18/06/06 09:27:57 INFO Client: Application report for application_1527512542584_0096 (state: RUNNING)
18/06/06 09:27:58 INFO Client: Application report for application_1527512542584_0096 (state: RUNNING)
18/06/06 09:27:59 INFO Client: Application report for application_1527512542584_0096 (state: RUNNING)
18/06/06 09:28:00 INFO Client: Application report for application_1527512542584_0096 (state: RUNNING)
18/06/06 09:28:01 INFO Client: Application report for application_1527512542584_0096 (state: RUNNING)
18/06/06 09:28:02 INFO Client: Application report for application_1527512542584_0096 (state: RUNNING)
18/06/06 09:28:03 INFO Client: Application report for application_1527512542584_0096 (state: RUNNING)
18/06/06 09:28:04 INFO Client: Application report for application_1527512542584_0096 (state: ACCEPTED)
18/06/06 09:28:04 INFO Client: 
	 client token: N/A
	 diagnostics: AM container is launched, waiting for AM container to Register with RM
	 ApplicationMaster host: N/A
	 ApplicationMaster RPC port: -1
	 queue: default
	 start time: 1528277096262
	 final status: UNDEFINED
	 tracking URL: http://hn0-sparkh.01gbvfzxeqquvorlqntixlipbb.jx.internal.cloudapp.net:8088/proxy/application_1527512542584_0096/
	 user: ninghai
18/06/06 09:28:05 INFO Client: Application report for application_1527512542584_0096 (state: ACCEPTED)
18/06/06 09:28:06 INFO Client: Application report for application_1527512542584_0096 (state: ACCEPTED)
18/06/06 09:28:07 INFO Client: Application report for application_1527512542584_0096 (state: ACCEPTED)
18/06/06 09:28:08 INFO Client: Application report for application_1527512542584_0096 (state: ACCEPTED)
18/06/06 09:28:09 INFO Client: Application report for application_1527512542584_0096 (state: ACCEPTED)
18/06/06 09:28:10 INFO Client: Application report for application_1527512542584_0096 (state: ACCEPTED)
18/06/06 09:28:11 INFO Client: Application report for application_1527512542584_0096 (state: ACCEPTED)
18/06/06 09:28:12 INFO Client: Application report for application_1527512542584_0096 (state: ACCEPTED)
18/06/06 09:28:13 INFO Client: Application report for application_1527512542584_0096 (state: RUNNING)
18/06/06 09:28:13 INFO Client: 
	 client token: N/A
	 diagnostics: N/A
	 ApplicationMaster host: 10.0.0.14
	 ApplicationMaster RPC port: 0
	 queue: default
	 start time: 1528277096262
	 final status: UNDEFINED
	 tracking URL: http://hn0-sparkh.01gbvfzxeqquvorlqntixlipbb.jx.internal.cloudapp.net:8088/proxy/application_1527512542584_0096/
	 user: ninghai
18/06/06 09:28:14 INFO Client: Application report for application_1527512542584_0096 (state: RUNNING)
18/06/06 09:28:15 INFO Client: Application report for application_1527512542584_0096 (state: RUNNING)
18/06/06 09:28:16 INFO Client: Application report for application_1527512542584_0096 (state: RUNNING)
18/06/06 09:28:17 INFO Client: Application report for application_1527512542584_0096 (state: RUNNING)
18/06/06 09:28:18 INFO Client: Application report for application_1527512542584_0096 (state: RUNNING)
18/06/06 09:28:19 INFO Client: Application report for application_1527512542584_0096 (state: RUNNING)
18/06/06 09:28:20 INFO Client: Application report for application_1527512542584_0096 (state: RUNNING)
18/06/06 09:28:21 INFO Client: Application report for application_1527512542584_0096 (state: RUNNING)
18/06/06 09:28:22 INFO Client: Application report for application_1527512542584_0096 (state: RUNNING)
18/06/06 09:28:23 INFO Client: Application report for application_1527512542584_0096 (state: RUNNING)
18/06/06 09:28:24 INFO Client: Application report for application_1527512542584_0096 (state: RUNNING)
18/06/06 09:28:25 INFO Client: Application report for application_1527512542584_0096 (state: RUNNING)
18/06/06 09:28:26 INFO Client: Application report for application_1527512542584_0096 (state: RUNNING)
18/06/06 09:28:27 INFO Client: Application report for application_1527512542584_0096 (state: RUNNING)
18/06/06 09:28:28 INFO Client: Application report for application_1527512542584_0096 (state: RUNNING)
18/06/06 09:28:29 INFO Client: Application report for application_1527512542584_0096 (state: RUNNING)
18/06/06 09:28:30 INFO Client: Application report for application_1527512542584_0096 (state: RUNNING)
18/06/06 09:28:31 INFO Client: Application report for application_1527512542584_0096 (state: RUNNING)
18/06/06 09:28:32 INFO Client: Application report for application_1527512542584_0096 (state: RUNNING)
18/06/06 09:28:33 INFO Client: Application report for application_1527512542584_0096 (state: RUNNING)
18/06/06 09:28:34 INFO Client: Application report for application_1527512542584_0096 (state: RUNNING)
18/06/06 09:28:35 INFO Client: Application report for application_1527512542584_0096 (state: RUNNING)
18/06/06 09:28:36 INFO Client: Application report for application_1527512542584_0096 (state: RUNNING)
18/06/06 09:28:37 INFO Client: Application report for application_1527512542584_0096 (state: RUNNING)
18/06/06 09:28:38 INFO Client: Application report for application_1527512542584_0096 (state: RUNNING)
18/06/06 09:28:39 INFO Client: Application report for application_1527512542584_0096 (state: RUNNING)
18/06/06 09:28:40 INFO Client: Application report for application_1527512542584_0096 (state: RUNNING)
18/06/06 09:28:41 INFO Client: Application report for application_1527512542584_0096 (state: RUNNING)
18/06/06 09:28:42 INFO Client: Application report for application_1527512542584_0096 (state: RUNNING)
18/06/06 09:28:43 INFO Client: Application report for application_1527512542584_0096 (state: RUNNING)
18/06/06 09:28:44 INFO Client: Application report for application_1527512542584_0096 (state: RUNNING)
18/06/06 09:28:45 INFO Client: Application report for application_1527512542584_0096 (state: RUNNING)
18/06/06 09:28:46 INFO Client: Application report for application_1527512542584_0096 (state: RUNNING)
18/06/06 09:28:47 INFO Client: Application report for application_1527512542584_0096 (state: RUNNING)
18/06/06 09:28:48 INFO Client: Application report for application_1527512542584_0096 (state: RUNNING)
18/06/06 09:28:49 INFO Client: Application report for application_1527512542584_0096 (state: RUNNING)
18/06/06 09:28:50 INFO Client: Application report for application_1527512542584_0096 (state: RUNNING)
18/06/06 09:28:51 INFO Client: Application report for application_1527512542584_0096 (state: RUNNING)
18/06/06 09:28:53 INFO Client: Application report for application_1527512542584_0096 (state: RUNNING)
18/06/06 09:28:54 INFO Client: Application report for application_1527512542584_0096 (state: RUNNING)
18/06/06 09:28:55 INFO Client: Application report for application_1527512542584_0096 (state: RUNNING)
18/06/06 09:28:56 INFO Client: Application report for application_1527512542584_0096 (state: RUNNING)
18/06/06 09:28:57 INFO Client: Application report for application_1527512542584_0096 (state: RUNNING)
18/06/06 09:28:58 INFO Client: Application report for application_1527512542584_0096 (state: RUNNING)
18/06/06 09:28:59 INFO Client: Application report for application_1527512542584_0096 (state: RUNNING)
18/06/06 09:29:00 INFO Client: Application report for application_1527512542584_0096 (state: RUNNING)
18/06/06 09:29:01 INFO Client: Application report for application_1527512542584_0096 (state: RUNNING)
18/06/06 09:29:02 INFO Client: Application report for application_1527512542584_0096 (state: RUNNING)
18/06/06 09:29:03 INFO Client: Application report for application_1527512542584_0096 (state: RUNNING)
18/06/06 09:29:04 INFO Client: Application report for application_1527512542584_0096 (state: RUNNING)
18/06/06 09:29:05 INFO Client: Application report for application_1527512542584_0096 (state: RUNNING)
18/06/06 09:29:06 INFO Client: Application report for application_1527512542584_0096 (state: ACCEPTED)
18/06/06 09:29:06 INFO Client: 
	 client token: N/A
	 diagnostics: [Wed Jun 06 09:29:06 +0000 2018] Scheduler has assigned a container for AM, waiting for AM container to be launched
	 ApplicationMaster host: N/A
	 ApplicationMaster RPC port: -1
	 queue: default
	 start time: 1528277096262
	 final status: UNDEFINED
	 tracking URL: http://hn0-sparkh.01gbvfzxeqquvorlqntixlipbb.jx.internal.cloudapp.net:8088/proxy/application_1527512542584_0096/
	 user: ninghai
18/06/06 09:29:07 INFO Client: Application report for application_1527512542584_0096 (state: ACCEPTED)
18/06/06 09:29:08 INFO Client: Application report for application_1527512542584_0096 (state: ACCEPTED)
18/06/06 09:29:09 INFO Client: Application report for application_1527512542584_0096 (state: ACCEPTED)
18/06/06 09:29:10 INFO Client: Application report for application_1527512542584_0096 (state: ACCEPTED)
18/06/06 09:29:11 INFO Client: Application report for application_1527512542584_0096 (state: ACCEPTED)
18/06/06 09:29:12 INFO Client: Application report for application_1527512542584_0096 (state: ACCEPTED)
18/06/06 09:29:13 INFO Client: Application report for application_1527512542584_0096 (state: ACCEPTED)
18/06/06 09:29:14 INFO Client: Application report for application_1527512542584_0096 (state: ACCEPTED)
18/06/06 09:29:15 INFO Client: Application report for application_1527512542584_0096 (state: ACCEPTED)
18/06/06 09:29:16 INFO Client: Application report for application_1527512542584_0096 (state: RUNNING)
18/06/06 09:29:16 INFO Client: 
	 client token: N/A
	 diagnostics: N/A
	 ApplicationMaster host: 10.0.0.13
	 ApplicationMaster RPC port: 0
	 queue: default
	 start time: 1528277096262
	 final status: UNDEFINED
	 tracking URL: http://hn0-sparkh.01gbvfzxeqquvorlqntixlipbb.jx.internal.cloudapp.net:8088/proxy/application_1527512542584_0096/
	 user: ninghai
18/06/06 09:29:17 INFO Client: Application report for application_1527512542584_0096 (state: RUNNING)
18/06/06 09:29:18 INFO Client: Application report for application_1527512542584_0096 (state: RUNNING)
18/06/06 09:29:19 INFO Client: Application report for application_1527512542584_0096 (state: RUNNING)
18/06/06 09:29:20 INFO Client: Application report for application_1527512542584_0096 (state: RUNNING)
18/06/06 09:29:21 INFO Client: Application report for application_1527512542584_0096 (state: RUNNING)
18/06/06 09:29:22 INFO Client: Application report for application_1527512542584_0096 (state: RUNNING)
18/06/06 09:29:23 INFO Client: Application report for application_1527512542584_0096 (state: RUNNING)
18/06/06 09:29:24 INFO Client: Application report for application_1527512542584_0096 (state: RUNNING)
18/06/06 09:29:25 INFO Client: Application report for application_1527512542584_0096 (state: RUNNING)
18/06/06 09:29:26 INFO Client: Application report for application_1527512542584_0096 (state: RUNNING)
18/06/06 09:29:27 INFO Client: Application report for application_1527512542584_0096 (state: RUNNING)
18/06/06 09:29:28 INFO Client: Application report for application_1527512542584_0096 (state: RUNNING)
18/06/06 09:29:29 INFO Client: Application report for application_1527512542584_0096 (state: RUNNING)
18/06/06 09:29:30 INFO Client: Application report for application_1527512542584_0096 (state: RUNNING)
18/06/06 09:29:31 INFO Client: Application report for application_1527512542584_0096 (state: RUNNING)
18/06/06 09:29:32 INFO Client: Application report for application_1527512542584_0096 (state: RUNNING)
18/06/06 09:29:33 INFO Client: Application report for application_1527512542584_0096 (state: RUNNING)
18/06/06 09:29:34 INFO Client: Application report for application_1527512542584_0096 (state: RUNNING)
18/06/06 09:29:35 INFO Client: Application report for application_1527512542584_0096 (state: RUNNING)
18/06/06 09:29:36 INFO Client: Application report for application_1527512542584_0096 (state: RUNNING)
18/06/06 09:29:37 INFO Client: Application report for application_1527512542584_0096 (state: RUNNING)
18/06/06 09:29:38 INFO Client: Application report for application_1527512542584_0096 (state: RUNNING)
18/06/06 09:29:39 INFO Client: Application report for application_1527512542584_0096 (state: RUNNING)
18/06/06 09:29:40 INFO Client: Application report for application_1527512542584_0096 (state: RUNNING)
18/06/06 09:29:41 INFO Client: Application report for application_1527512542584_0096 (state: RUNNING)
18/06/06 09:29:42 INFO Client: Application report for application_1527512542584_0096 (state: RUNNING)
18/06/06 09:29:43 INFO Client: Application report for application_1527512542584_0096 (state: RUNNING)
18/06/06 09:29:44 INFO Client: Application report for application_1527512542584_0096 (state: RUNNING)
18/06/06 09:29:45 INFO Client: Application report for application_1527512542584_0096 (state: RUNNING)
18/06/06 09:29:46 INFO Client: Application report for application_1527512542584_0096 (state: RUNNING)
18/06/06 09:29:47 INFO Client: Application report for application_1527512542584_0096 (state: RUNNING)
18/06/06 09:29:48 INFO Client: Application report for application_1527512542584_0096 (state: RUNNING)
18/06/06 09:29:49 INFO Client: Application report for application_1527512542584_0096 (state: RUNNING)
18/06/06 09:29:50 INFO Client: Application report for application_1527512542584_0096 (state: RUNNING)
18/06/06 09:29:51 INFO Client: Application report for application_1527512542584_0096 (state: RUNNING)
18/06/06 09:29:52 INFO Client: Application report for application_1527512542584_0096 (state: RUNNING)
18/06/06 09:29:53 INFO Client: Application report for application_1527512542584_0096 (state: RUNNING)
18/06/06 09:29:54 INFO Client: Application report for application_1527512542584_0096 (state: RUNNING)
18/06/06 09:29:55 INFO Client: Application report for application_1527512542584_0096 (state: RUNNING)
18/06/06 09:29:56 INFO Client: Application report for application_1527512542584_0096 (state: RUNNING)
18/06/06 09:29:57 INFO Client: Application report for application_1527512542584_0096 (state: RUNNING)
18/06/06 09:29:58 INFO Client: Application report for application_1527512542584_0096 (state: RUNNING)
18/06/06 09:29:59 INFO Client: Application report for application_1527512542584_0096 (state: RUNNING)
18/06/06 09:30:00 INFO Client: Application report for application_1527512542584_0096 (state: RUNNING)
18/06/06 09:30:01 INFO Client: Application report for application_1527512542584_0096 (state: RUNNING)
18/06/06 09:30:02 INFO Client: Application report for application_1527512542584_0096 (state: RUNNING)
18/06/06 09:30:03 INFO Client: Application report for application_1527512542584_0096 (state: RUNNING)
18/06/06 09:30:04 INFO Client: Application report for application_1527512542584_0096 (state: RUNNING)
18/06/06 09:30:05 INFO Client: Application report for application_1527512542584_0096 (state: RUNNING)
18/06/06 09:30:06 INFO Client: Application report for application_1527512542584_0096 (state: RUNNING)
18/06/06 09:30:07 INFO Client: Application report for application_1527512542584_0096 (state: RUNNING)
18/06/06 09:30:08 INFO Client: Application report for application_1527512542584_0096 (state: RUNNING)
18/06/06 09:30:09 INFO Client: Application report for application_1527512542584_0096 (state: ACCEPTED)
18/06/06 09:30:09 INFO Client: 
	 client token: N/A
	 diagnostics: AM container is launched, waiting for AM container to Register with RM
	 ApplicationMaster host: N/A
	 ApplicationMaster RPC port: -1
	 queue: default
	 start time: 1528277096262
	 final status: UNDEFINED
	 tracking URL: http://hn0-sparkh.01gbvfzxeqquvorlqntixlipbb.jx.internal.cloudapp.net:8088/proxy/application_1527512542584_0096/
	 user: ninghai
18/06/06 09:30:10 INFO Client: Application report for application_1527512542584_0096 (state: ACCEPTED)
18/06/06 09:30:11 INFO Client: Application report for application_1527512542584_0096 (state: ACCEPTED)
18/06/06 09:30:12 INFO Client: Application report for application_1527512542584_0096 (state: ACCEPTED)
18/06/06 09:30:13 INFO Client: Application report for application_1527512542584_0096 (state: ACCEPTED)
18/06/06 09:30:14 INFO Client: Application report for application_1527512542584_0096 (state: ACCEPTED)
18/06/06 09:30:15 INFO Client: Application report for application_1527512542584_0096 (state: ACCEPTED)
18/06/06 09:30:16 INFO Client: Application report for application_1527512542584_0096 (state: ACCEPTED)
18/06/06 09:30:17 INFO Client: Application report for application_1527512542584_0096 (state: RUNNING)
18/06/06 09:30:17 INFO Client: 
	 client token: N/A
	 diagnostics: N/A
	 ApplicationMaster host: 10.0.0.13
	 ApplicationMaster RPC port: 0
	 queue: default
	 start time: 1528277096262
	 final status: UNDEFINED
	 tracking URL: http://hn0-sparkh.01gbvfzxeqquvorlqntixlipbb.jx.internal.cloudapp.net:8088/proxy/application_1527512542584_0096/
	 user: ninghai
18/06/06 09:30:18 INFO Client: Application report for application_1527512542584_0096 (state: RUNNING)
18/06/06 09:30:19 INFO Client: Application report for application_1527512542584_0096 (state: RUNNING)
18/06/06 09:30:20 INFO Client: Application report for application_1527512542584_0096 (state: RUNNING)
18/06/06 09:30:21 INFO Client: Application report for application_1527512542584_0096 (state: RUNNING)
18/06/06 09:30:22 INFO Client: Application report for application_1527512542584_0096 (state: RUNNING)
18/06/06 09:30:23 INFO Client: Application report for application_1527512542584_0096 (state: RUNNING)
18/06/06 09:30:24 INFO Client: Application report for application_1527512542584_0096 (state: RUNNING)
18/06/06 09:30:25 INFO Client: Application report for application_1527512542584_0096 (state: RUNNING)
18/06/06 09:30:26 INFO Client: Application report for application_1527512542584_0096 (state: RUNNING)
18/06/06 09:30:27 INFO Client: Application report for application_1527512542584_0096 (state: RUNNING)
18/06/06 09:30:28 INFO Client: Application report for application_1527512542584_0096 (state: RUNNING)
18/06/06 09:30:29 INFO Client: Application report for application_1527512542584_0096 (state: RUNNING)
18/06/06 09:30:30 INFO Client: Application report for application_1527512542584_0096 (state: RUNNING)
18/06/06 09:30:31 INFO Client: Application report for application_1527512542584_0096 (state: RUNNING)
18/06/06 09:30:32 INFO Client: Application report for application_1527512542584_0096 (state: RUNNING)
18/06/06 09:30:33 INFO Client: Application report for application_1527512542584_0096 (state: RUNNING)
18/06/06 09:30:34 INFO Client: Application report for application_1527512542584_0096 (state: RUNNING)
18/06/06 09:30:35 INFO Client: Application report for application_1527512542584_0096 (state: RUNNING)
18/06/06 09:30:36 INFO Client: Application report for application_1527512542584_0096 (state: RUNNING)
18/06/06 09:30:37 INFO Client: Application report for application_1527512542584_0096 (state: RUNNING)
18/06/06 09:30:38 INFO Client: Application report for application_1527512542584_0096 (state: RUNNING)
18/06/06 09:30:39 INFO Client: Application report for application_1527512542584_0096 (state: RUNNING)
18/06/06 09:30:40 INFO Client: Application report for application_1527512542584_0096 (state: RUNNING)
18/06/06 09:30:41 INFO Client: Application report for application_1527512542584_0096 (state: RUNNING)
18/06/06 09:30:42 INFO Client: Application report for application_1527512542584_0096 (state: RUNNING)
18/06/06 09:30:43 INFO Client: Application report for application_1527512542584_0096 (state: RUNNING)
18/06/06 09:30:44 INFO Client: Application report for application_1527512542584_0096 (state: RUNNING)
18/06/06 09:30:45 INFO Client: Application report for application_1527512542584_0096 (state: RUNNING)
18/06/06 09:30:46 INFO Client: Application report for application_1527512542584_0096 (state: RUNNING)
18/06/06 09:30:47 INFO Client: Application report for application_1527512542584_0096 (state: RUNNING)
18/06/06 09:30:48 INFO Client: Application report for application_1527512542584_0096 (state: RUNNING)
18/06/06 09:30:49 INFO Client: Application report for application_1527512542584_0096 (state: RUNNING)
18/06/06 09:30:50 INFO Client: Application report for application_1527512542584_0096 (state: RUNNING)
18/06/06 09:30:51 INFO Client: Application report for application_1527512542584_0096 (state: RUNNING)
18/06/06 09:30:52 INFO Client: Application report for application_1527512542584_0096 (state: RUNNING)
18/06/06 09:30:53 INFO Client: Application report for application_1527512542584_0096 (state: RUNNING)
18/06/06 09:30:54 INFO Client: Application report for application_1527512542584_0096 (state: RUNNING)
18/06/06 09:30:55 INFO Client: Application report for application_1527512542584_0096 (state: RUNNING)
18/06/06 09:30:56 INFO Client: Application report for application_1527512542584_0096 (state: RUNNING)
18/06/06 09:30:57 INFO Client: Application report for application_1527512542584_0096 (state: RUNNING)
18/06/06 09:30:58 INFO Client: Application report for application_1527512542584_0096 (state: RUNNING)
18/06/06 09:30:59 INFO Client: Application report for application_1527512542584_0096 (state: RUNNING)
18/06/06 09:31:00 INFO Client: Application report for application_1527512542584_0096 (state: RUNNING)
18/06/06 09:31:01 INFO Client: Application report for application_1527512542584_0096 (state: RUNNING)
18/06/06 09:31:02 INFO Client: Application report for application_1527512542584_0096 (state: RUNNING)
18/06/06 09:31:03 INFO Client: Application report for application_1527512542584_0096 (state: RUNNING)
18/06/06 09:31:04 INFO Client: Application report for application_1527512542584_0096 (state: FINISHED)
18/06/06 09:31:04 INFO Client: 
	 client token: N/A
	 diagnostics: User application exited with status 1
	 ApplicationMaster host: 10.0.0.13
	 ApplicationMaster RPC port: 0
	 queue: default
	 start time: 1528277096262
	 final status: FAILED
	 tracking URL: http://hn0-sparkh.01gbvfzxeqquvorlqntixlipbb.jx.internal.cloudapp.net:8088/proxy/application_1527512542584_0096/
	 user: ninghai
Exception in thread "main" org.apache.spark.SparkException: Application application_1527512542584_0096 finished with failed status
	at org.apache.spark.deploy.yarn.Client.run(Client.scala:1241)
	at org.apache.spark.deploy.yarn.Client$.main(Client.scala:1287)
	at org.apache.spark.deploy.yarn.Client.main(Client.scala)
	at sun.reflect.NativeMethodAccessorImpl.invoke0(Native Method)
	at sun.reflect.NativeMethodAccessorImpl.invoke(NativeMethodAccessorImpl.java:62)
	at sun.reflect.DelegatingMethodAccessorImpl.invoke(DelegatingMethodAccessorImpl.java:43)
	at java.lang.reflect.Method.invoke(Method.java:498)
	at org.apache.spark.deploy.SparkSubmit$.org$apache$spark$deploy$SparkSubmit$$runMain(SparkSubmit.scala:745)
	at org.apache.spark.deploy.SparkSubmit$.doRunMain$1(SparkSubmit.scala:187)
	at org.apache.spark.deploy.SparkSubmit$.submit(SparkSubmit.scala:212)
	at org.apache.spark.deploy.SparkSubmit$.main(SparkSubmit.scala:126)
	at org.apache.spark.deploy.SparkSubmit.main(SparkSubmit.scala)
18/06/06 09:31:04 INFO ShutdownHookManager: Shutdown hook called
18/06/06 09:31:04 INFO ShutdownHookManager: Deleting directory /tmp/spark-f90b687e-65fc-4199-912c-f846d060377e
18/06/06 09:31:04 INFO MetricsSystemImpl: Stopping azure-file-system metrics system...
18/06/06 09:31:04 INFO MetricsSinkAdapter: azurefs2 thread interrupted.
18/06/06 09:31:04 INFO MetricsSystemImpl: azure-file-system metrics system stopped.
18/06/06 09:31:04 INFO MetricsSystemImpl: azure-file-system metrics system shutdown complete.
18/06/06 09:31:06 INFO client.AHSProxy: Connecting to Application History server at headnodehost/10.0.0.21:10200
18/06/06 09:31:06 INFO client.RequestHedgingRMFailoverProxyProvider: Looking for the active RM in [rm1, rm2]...
18/06/06 09:31:06 INFO client.RequestHedgingRMFailoverProxyProvider: Found active RM [rm1]
18/06/06 09:31:08 INFO zlib.ZlibFactory: Successfully loaded & initialized native-zlib library
18/06/06 09:31:08 INFO compress.CodecPool: Got brand-new decompressor [.deflate]
Container: container_e25_1527512542584_0096_01_000001 on 10.0.0.12_30050_1528277465152
LogAggregationType: AGGREGATED
======================================================================================
18/06/06 09:31:09 INFO compress.CodecPool: Got brand-new decompressor [.deflate]
LogType:stderr
Log Upload Time:Wed Jun 06 09:31:05 +0000 2018
LogLength:695
Log Contents:
SLF4J: Class path contains multiple SLF4J bindings.
SLF4J: Found binding in [jar:file:/usr/hdp/2.6.0.2-76/spark2/jars/slf4j-log4j12-1.7.16.jar!/org/slf4j/impl/StaticLoggerBinder.class]
SLF4J: Found binding in [jar:file:/usr/hdp/2.6.0.2-76/hadoop/lib/slf4j-log4j12-1.7.10.jar!/org/slf4j/impl/StaticLoggerBinder.class]
SLF4J: See http://www.slf4j.org/codes.html#multiple_bindings for an explanation.
SLF4J: Actual binding is of type [org.slf4j.impl.Log4jLoggerFactory]
18/06/06 09:27:01 ERROR ApplicationMaster: User application exited with status 1
18/06/06 09:27:02 ERROR LiveListenerBus: SparkListenerBus has already stopped! Dropping event SparkListenerExecutorMetricsUpdate(2,WrappedArray())

End of LogType:stderr

Container: container_e25_1527512542584_0096_02_000001 on 10.0.0.15_30050_1528277464897
LogAggregationType: AGGREGATED
======================================================================================
18/06/06 09:31:10 INFO compress.CodecPool: Got brand-new decompressor [.deflate]
LogType:stderr
Log Upload Time:Wed Jun 06 09:31:04 +0000 2018
LogLength:695
Log Contents:
SLF4J: Class path contains multiple SLF4J bindings.
SLF4J: Found binding in [jar:file:/usr/hdp/2.6.0.2-76/spark2/jars/slf4j-log4j12-1.7.16.jar!/org/slf4j/impl/StaticLoggerBinder.class]
SLF4J: Found binding in [jar:file:/usr/hdp/2.6.0.2-76/hadoop/lib/slf4j-log4j12-1.7.10.jar!/org/slf4j/impl/StaticLoggerBinder.class]
SLF4J: See http://www.slf4j.org/codes.html#multiple_bindings for an explanation.
SLF4J: Actual binding is of type [org.slf4j.impl.Log4jLoggerFactory]
18/06/06 09:28:03 ERROR ApplicationMaster: User application exited with status 1
18/06/06 09:28:03 ERROR LiveListenerBus: SparkListenerBus has already stopped! Dropping event SparkListenerExecutorMetricsUpdate(2,WrappedArray())

End of LogType:stderr

Container: container_e25_1527512542584_0096_03_000001 on 10.0.0.14_30050_1528277464888
LogAggregationType: AGGREGATED
======================================================================================
18/06/06 09:31:10 INFO compress.CodecPool: Got brand-new decompressor [.deflate]
LogType:stderr
Log Upload Time:Wed Jun 06 09:31:04 +0000 2018
LogLength:548
Log Contents:
SLF4J: Class path contains multiple SLF4J bindings.
SLF4J: Found binding in [jar:file:/usr/hdp/2.6.0.2-76/spark2/jars/slf4j-log4j12-1.7.16.jar!/org/slf4j/impl/StaticLoggerBinder.class]
SLF4J: Found binding in [jar:file:/usr/hdp/2.6.0.2-76/hadoop/lib/slf4j-log4j12-1.7.10.jar!/org/slf4j/impl/StaticLoggerBinder.class]
SLF4J: See http://www.slf4j.org/codes.html#multiple_bindings for an explanation.
SLF4J: Actual binding is of type [org.slf4j.impl.Log4jLoggerFactory]
18/06/06 09:29:04 ERROR ApplicationMaster: User application exited with status 1

End of LogType:stderr

Container: container_e25_1527512542584_0096_04_000001 on 10.0.0.13_30050_1528277465673
LogAggregationType: AGGREGATED
======================================================================================
18/06/06 09:31:11 INFO compress.CodecPool: Got brand-new decompressor [.deflate]
LogType:stderr
Log Upload Time:Wed Jun 06 09:31:05 +0000 2018
LogLength:548
Log Contents:
SLF4J: Class path contains multiple SLF4J bindings.
SLF4J: Found binding in [jar:file:/usr/hdp/2.6.0.2-76/spark2/jars/slf4j-log4j12-1.7.16.jar!/org/slf4j/impl/StaticLoggerBinder.class]
SLF4J: Found binding in [jar:file:/usr/hdp/2.6.0.2-76/hadoop/lib/slf4j-log4j12-1.7.10.jar!/org/slf4j/impl/StaticLoggerBinder.class]
SLF4J: See http://www.slf4j.org/codes.html#multiple_bindings for an explanation.
SLF4J: Actual binding is of type [org.slf4j.impl.Log4jLoggerFactory]
18/06/06 09:30:07 ERROR ApplicationMaster: User application exited with status 1

End of LogType:stderr

Container: container_e25_1527512542584_0096_05_000001 on 10.0.0.13_30050_1528277465673
LogAggregationType: AGGREGATED
======================================================================================
18/06/06 09:31:11 INFO compress.CodecPool: Got brand-new decompressor [.deflate]
LogType:stderr
Log Upload Time:Wed Jun 06 09:31:05 +0000 2018
LogLength:548
Log Contents:
SLF4J: Class path contains multiple SLF4J bindings.
SLF4J: Found binding in [jar:file:/usr/hdp/2.6.0.2-76/spark2/jars/slf4j-log4j12-1.7.16.jar!/org/slf4j/impl/StaticLoggerBinder.class]
SLF4J: Found binding in [jar:file:/usr/hdp/2.6.0.2-76/hadoop/lib/slf4j-log4j12-1.7.10.jar!/org/slf4j/impl/StaticLoggerBinder.class]
SLF4J: See http://www.slf4j.org/codes.html#multiple_bindings for an explanation.
SLF4J: Actual binding is of type [org.slf4j.impl.Log4jLoggerFactory]
18/06/06 09:31:02 ERROR ApplicationMaster: User application exited with status 1

End of LogType:stderr


Specified ALL for -am option. Printed logs for all am containers.
18/06/06 09:31:13 INFO client.AHSProxy: Connecting to Application History server at headnodehost/10.0.0.21:10200
18/06/06 09:31:13 INFO client.RequestHedgingRMFailoverProxyProvider: Looking for the active RM in [rm1, rm2]...
18/06/06 09:31:14 INFO client.RequestHedgingRMFailoverProxyProvider: Found active RM [rm1]
18/06/06 09:31:15 INFO zlib.ZlibFactory: Successfully loaded & initialized native-zlib library
18/06/06 09:31:15 INFO compress.CodecPool: Got brand-new decompressor [.deflate]
Container: container_e25_1527512542584_0096_01_000001 on 10.0.0.12_30050_1528277465152
LogAggregationType: AGGREGATED
======================================================================================
18/06/06 09:31:15 INFO compress.CodecPool: Got brand-new decompressor [.deflate]
LogType:stdout
Log Upload Time:Wed Jun 06 09:31:05 +0000 2018
LogLength:8739
Log Contents:
****************
Python version: 3.6.2 |Anaconda, Inc.| (default, Oct  5 2017, 07:59:26) 
[GCC 7.2.0]
Spark version: 2.1.0.2.6.0.2-76
****************
First 10 rows of Iris dataset:
+------------+-----------+------------+-----------+-----------+
|sepal-length|sepal-width|petal-length|petal-width|      class|
+------------+-----------+------------+-----------+-----------+
|         5.1|        3.5|         1.4|        0.2|Iris-setosa|
|         4.9|        3.0|         1.4|        0.2|Iris-setosa|
|         4.7|        3.2|         1.3|        0.2|Iris-setosa|
|         4.6|        3.1|         1.5|        0.2|Iris-setosa|
|         5.0|        3.6|         1.4|        0.2|Iris-setosa|
|         5.4|        3.9|         1.7|        0.4|Iris-setosa|
|         4.6|        3.4|         1.4|        0.3|Iris-setosa|
|         5.0|        3.4|         1.5|        0.2|Iris-setosa|
|         4.4|        2.9|         1.4|        0.2|Iris-setosa|
|         4.9|        3.1|         1.5|        0.1|Iris-setosa|
+------------+-----------+------------+-----------+-----------+
only showing top 10 rows

Load featurized dataset for machine learning...
+-----------------+-----+
|         features|label|
+-----------------+-----+
|[5.1,3.5,1.4,0.2]|  0.0|
|[4.9,3.0,1.4,0.2]|  0.0|
|[4.7,3.2,1.3,0.2]|  0.0|
|[4.6,3.1,1.5,0.2]|  0.0|
|[5.0,3.6,1.4,0.2]|  0.0|
|[5.4,3.9,1.7,0.4]|  0.0|
|[4.6,3.4,1.4,0.3]|  0.0|
|[5.0,3.4,1.5,0.2]|  0.0|
|[4.4,2.9,1.4,0.2]|  0.0|
|[4.9,3.1,1.5,0.1]|  0.0|
+-----------------+-----+
only showing top 10 rows

Prediction
+-----------------+-----+--------------------+--------------------+----------+
|         features|label|       rawPrediction|         probability|prediction|
+-----------------+-----+--------------------+--------------------+----------+
|[4.3,3.0,1.1,0.1]|  0.0|[6.20908664132673...|[0.98094323559336...|       0.0|
|[4.6,3.1,1.5,0.2]|  0.0|[5.51544610472534...|[0.96511483991270...|       0.0|
|[4.7,3.2,1.6,0.2]|  0.0|[5.53920292283592...|[0.96772472873466...|       0.0|
|[4.8,3.0,1.4,0.1]|  0.0|[5.34779600730672...|[0.94248145363124...|       0.0|
|[4.8,3.1,1.6,0.2]|  0.0|[5.18977455630924...|[0.94673074132707...|       0.0|
|[4.9,3.0,1.4,0.2]|  0.0|[5.02879324170158...|[0.92470962450107...|       0.0|
|[4.9,3.1,1.5,0.1]|  0.0|[5.37155282541730...|[0.94669119944686...|       0.0|
|[5.0,2.0,3.5,1.0]|  1.0|[-1.0288984026750...|[0.02796448489840...|       1.0|
|[5.0,3.0,1.6,0.2]|  0.0|[4.72462217855426...|[0.89768521338675...|       0.0|
|[5.0,3.3,1.4,0.2]|  0.0|[5.61418229636844...|[0.96595727346268...|       0.0|
+-----------------+-----+--------------------+--------------------+----------+
only showing top 10 rows


#####################################
Regularization rate is 0.01
Accuracy is 0.926829268292683
#####################################

The experiment completed successfully. Starting post-processing steps.
Traceback (most recent call last):
  File "context_manager_injector.py", line 72, in execute_with_context
    with open(complete_file_path, "a") as stream:
FileNotFoundError: [Errno 2] No such file or directory: '/mnt/resource/hadoop/yarn/local/usercache/ninghai/appcache/application_1527512542584_0096/container_e25_1527512542584_0096_01_000001/azureml-setup/complete'

Traceback (most recent call last):
  File "context_manager_injector.py", line 72, in execute_with_context
    with open(complete_file_path, "a") as stream:
FileNotFoundError: [Errno 2] No such file or directory: '/mnt/resource/hadoop/yarn/local/usercache/ninghai/appcache/application_1527512542584_0096/container_e25_1527512542584_0096_01_000001/azureml-setup/complete'

During handling of the above exception, another exception occurred:

Traceback (most recent call last):
  File "context_manager_injector.py", line 111, in <module>
    execute_with_context(cm_objects, options.invocation)
  File "context_manager_injector.py", line 73, in execute_with_context
    print("Prehistory!", file=stream)
  File "/mnt/resource/hadoop/yarn/local/usercache/ninghai/appcache/application_1527512542584_0096/container_e25_1527512542584_0096_01_000001/azureml_40b348c4d7381beefb01312cdebdaa0b.zip/home/ninghai/.azureml/envs/azureml_40b348c4d7381beefb01312cdebdaa0b/lib/python3.6/contextlib.py", line 380, in __exit__
    raise exc_details[1]
  File "/mnt/resource/hadoop/yarn/local/usercache/ninghai/appcache/application_1527512542584_0096/container_e25_1527512542584_0096_01_000001/azureml_40b348c4d7381beefb01312cdebdaa0b.zip/home/ninghai/.azureml/envs/azureml_40b348c4d7381beefb01312cdebdaa0b/lib/python3.6/contextlib.py", line 365, in __exit__
    if cb(*exc_details):
  File "/mnt/resource/hadoop/yarn/local/usercache/ninghai/appcache/application_1527512542584_0096/container_e25_1527512542584_0096_01_000001/azureml_40b348c4d7381beefb01312cdebdaa0b.zip/home/ninghai/.azureml/envs/azureml_40b348c4d7381beefb01312cdebdaa0b/lib/python3.6/contextlib.py", line 284, in _exit_wrapper
    return cm_exit(cm, *exc_details)
  File "context_manager_injector.py", line 30, in __exit__
    self.context_manager.__exit__(*exc_details)
  File "/mnt/resource/hadoop/yarn/local/usercache/ninghai/appcache/application_1527512542584_0096/container_e25_1527512542584_0096_01_000001/context_managers.py", line 49, in __exit__
    self.history_context.__exit__(*args)
  File "/mnt/resource/hadoop/yarn/local/usercache/ninghai/appcache/application_1527512542584_0096/container_e25_1527512542584_0096_01_000001/azureml_40b348c4d7381beefb01312cdebdaa0b.zip/home/ninghai/.azureml/envs/azureml_40b348c4d7381beefb01312cdebdaa0b/lib/python3.6/site-packages/azureml/history/utils/context_managers.py", line 50, in __exit__
    self._exit_stack.__exit__(*args)
  File "/mnt/resource/hadoop/yarn/local/usercache/ninghai/appcache/application_1527512542584_0096/container_e25_1527512542584_0096_01_000001/azureml_40b348c4d7381beefb01312cdebdaa0b.zip/home/ninghai/.azureml/envs/azureml_40b348c4d7381beefb01312cdebdaa0b/lib/python3.6/contextlib.py", line 380, in __exit__
    raise exc_details[1]
  File "/mnt/resource/hadoop/yarn/local/usercache/ninghai/appcache/application_1527512542584_0096/container_e25_1527512542584_0096_01_000001/azureml_40b348c4d7381beefb01312cdebdaa0b.zip/home/ninghai/.azureml/envs/azureml_40b348c4d7381beefb01312cdebdaa0b/lib/python3.6/contextlib.py", line 365, in __exit__
    if cb(*exc_details):
  File "/mnt/resource/hadoop/yarn/local/usercache/ninghai/appcache/application_1527512542584_0096/container_e25_1527512542584_0096_01_000001/azureml_40b348c4d7381beefb01312cdebdaa0b.zip/home/ninghai/.azureml/envs/azureml_40b348c4d7381beefb01312cdebdaa0b/lib/python3.6/contextlib.py", line 284, in _exit_wrapper
    return cm_exit(cm, *exc_details)
  File "/mnt/resource/hadoop/yarn/local/usercache/ninghai/appcache/application_1527512542584_0096/container_e25_1527512542584_0096_01_000001/azureml_40b348c4d7381beefb01312cdebdaa0b.zip/home/ninghai/.azureml/envs/azureml_40b348c4d7381beefb01312cdebdaa0b/lib/python3.6/site-packages/azureml/history/utils/context_managers.py", line 141, in __exit__
    self.blacklist + [self.user_log_path])
  File "/mnt/resource/hadoop/yarn/local/usercache/ninghai/appcache/application_1527512542584_0096/container_e25_1527512542584_0096_01_000001/azureml_40b348c4d7381beefb01312cdebdaa0b.zip/home/ninghai/.azureml/envs/azureml_40b348c4d7381beefb01312cdebdaa0b/lib/python3.6/site-packages/azureml/history/utils/context_managers.py", line 87, in track
    fs.track(run_tracker, track_folders, blacklist)
  File "/mnt/resource/hadoop/yarn/local/usercache/ninghai/appcache/application_1527512542584_0096/container_e25_1527512542584_0096_01_000001/azureml_40b348c4d7381beefb01312cdebdaa0b.zip/home/ninghai/.azureml/envs/azureml_40b348c4d7381beefb01312cdebdaa0b/lib/python3.6/site-packages/azureml/history/utils/filesystem.py", line 130, in track
    self._upload_hdi_outputs(run_tracker)
  File "/mnt/resource/hadoop/yarn/local/usercache/ninghai/appcache/application_1527512542584_0096/container_e25_1527512542584_0096_01_000001/azureml_40b348c4d7381beefb01312cdebdaa0b.zip/home/ninghai/.azureml/envs/azureml_40b348c4d7381beefb01312cdebdaa0b/lib/python3.6/site-packages/azureml/history/utils/filesystem.py", line 154, in _upload_hdi_outputs
    container_sas = get_container_sas(wasburl)
  File "/mnt/resource/hadoop/yarn/local/usercache/ninghai/appcache/application_1527512542584_0096/container_e25_1527512542584_0096_01_000001/azureml_40b348c4d7381beefb01312cdebdaa0b.zip/home/ninghai/.azureml/envs/azureml_40b348c4d7381beefb01312cdebdaa0b/lib/python3.6/site-packages/azureml/history/utils/_hdi_wasb_utils.py", line 32, in get_container_sas
    from azure.storage.models import AccountPermissions
ModuleNotFoundError: No module named 'azure.storage.models'

End of LogType:stdout

Container: container_e25_1527512542584_0096_02_000001 on 10.0.0.15_30050_1528277464897
LogAggregationType: AGGREGATED
======================================================================================
18/06/06 09:31:16 INFO compress.CodecPool: Got brand-new decompressor [.deflate]
LogType:stdout
Log Upload Time:Wed Jun 06 09:31:04 +0000 2018
LogLength:10731
Log Contents:
****************
Python version: 3.6.2 |Anaconda, Inc.| (default, Oct  5 2017, 07:59:26) 
[GCC 7.2.0]
Spark version: 2.1.0.2.6.0.2-76
****************
First 10 rows of Iris dataset:
+------------+-----------+------------+-----------+-----------+
|sepal-length|sepal-width|petal-length|petal-width|      class|
+------------+-----------+------------+-----------+-----------+
|         5.1|        3.5|         1.4|        0.2|Iris-setosa|
|         4.9|        3.0|         1.4|        0.2|Iris-setosa|
|         4.7|        3.2|         1.3|        0.2|Iris-setosa|
|         4.6|        3.1|         1.5|        0.2|Iris-setosa|
|         5.0|        3.6|         1.4|        0.2|Iris-setosa|
|         5.4|        3.9|         1.7|        0.4|Iris-setosa|
|         4.6|        3.4|         1.4|        0.3|Iris-setosa|
|         5.0|        3.4|         1.5|        0.2|Iris-setosa|
|         4.4|        2.9|         1.4|        0.2|Iris-setosa|
|         4.9|        3.1|         1.5|        0.1|Iris-setosa|
+------------+-----------+------------+-----------+-----------+
only showing top 10 rows

Load featurized dataset for machine learning...
+-----------------+-----+
|         features|label|
+-----------------+-----+
|[5.1,3.5,1.4,0.2]|  0.0|
|[4.9,3.0,1.4,0.2]|  0.0|
|[4.7,3.2,1.3,0.2]|  0.0|
|[4.6,3.1,1.5,0.2]|  0.0|
|[5.0,3.6,1.4,0.2]|  0.0|
|[5.4,3.9,1.7,0.4]|  0.0|
|[4.6,3.4,1.4,0.3]|  0.0|
|[5.0,3.4,1.5,0.2]|  0.0|
|[4.4,2.9,1.4,0.2]|  0.0|
|[4.9,3.1,1.5,0.1]|  0.0|
+-----------------+-----+
only showing top 10 rows

Prediction
+-----------------+-----+--------------------+--------------------+----------+
|         features|label|       rawPrediction|         probability|prediction|
+-----------------+-----+--------------------+--------------------+----------+
|[4.4,2.9,1.4,0.2]|  0.0|[5.63106006225281...|[0.96108645749224...|       0.0|
|[4.6,3.2,1.4,0.2]|  0.0|[6.02573422664343...|[0.97996073352771...|       0.0|
|[4.6,3.6,1.0,0.2]|  0.0|[7.27005496566693...|[0.99622761858961...|       0.0|
|[4.7,3.2,1.6,0.2]|  0.0|[5.70824574276448...|[0.97212314060977...|       0.0|
|[4.9,2.5,4.5,1.7]|  2.0|[-2.0192500584289...|[0.01696911294819...|       1.0|
|[4.9,3.0,1.4,0.2]|  0.0|[5.22239302854210...|[0.94204366557302...|       0.0|
|[5.0,2.3,3.3,1.0]|  1.0|[0.06746833214267...|[0.07034074472377...|       1.0|
|[5.0,3.4,1.5,0.2]|  0.0|[5.85999355004391...|[0.97922716442221...|       0.0|
|[5.0,3.5,1.6,0.6]|  0.0|[5.13036800882783...|[0.97125738471803...|       0.0|
|[5.1,3.4,1.5,0.2]|  0.0|[5.73532622192678...|[0.97596757748726...|       0.0|
+-----------------+-----+--------------------+--------------------+----------+
only showing top 10 rows


#####################################
Regularization rate is 0.01
Accuracy is 0.8958333333333334
#####################################

The experiment completed successfully. Starting post-processing steps.
Traceback (most recent call last):
  File "context_manager_injector.py", line 72, in execute_with_context
    with open(complete_file_path, "a") as stream:
FileNotFoundError: [Errno 2] No such file or directory: '/mnt/resource/hadoop/yarn/local/usercache/ninghai/appcache/application_1527512542584_0096/container_e25_1527512542584_0096_02_000001/azureml-setup/complete'

Traceback (most recent call last):
  File "context_manager_injector.py", line 72, in execute_with_context
    with open(complete_file_path, "a") as stream:
FileNotFoundError: [Errno 2] No such file or directory: '/mnt/resource/hadoop/yarn/local/usercache/ninghai/appcache/application_1527512542584_0096/container_e25_1527512542584_0096_02_000001/azureml-setup/complete'

During handling of the above exception, another exception occurred:

Traceback (most recent call last):
  File "/mnt/resource/hadoop/yarn/local/usercache/ninghai/appcache/application_1527512542584_0096/container_e25_1527512542584_0096_02_000001/azureml_40b348c4d7381beefb01312cdebdaa0b.zip/home/ninghai/.azureml/envs/azureml_40b348c4d7381beefb01312cdebdaa0b/lib/python3.6/contextlib.py", line 365, in __exit__
    if cb(*exc_details):
  File "/mnt/resource/hadoop/yarn/local/usercache/ninghai/appcache/application_1527512542584_0096/container_e25_1527512542584_0096_02_000001/azureml_40b348c4d7381beefb01312cdebdaa0b.zip/home/ninghai/.azureml/envs/azureml_40b348c4d7381beefb01312cdebdaa0b/lib/python3.6/contextlib.py", line 284, in _exit_wrapper
    return cm_exit(cm, *exc_details)
  File "/mnt/resource/hadoop/yarn/local/usercache/ninghai/appcache/application_1527512542584_0096/container_e25_1527512542584_0096_02_000001/azureml_40b348c4d7381beefb01312cdebdaa0b.zip/home/ninghai/.azureml/envs/azureml_40b348c4d7381beefb01312cdebdaa0b/lib/python3.6/site-packages/azureml/history/utils/context_managers.py", line 141, in __exit__
    self.blacklist + [self.user_log_path])
  File "/mnt/resource/hadoop/yarn/local/usercache/ninghai/appcache/application_1527512542584_0096/container_e25_1527512542584_0096_02_000001/azureml_40b348c4d7381beefb01312cdebdaa0b.zip/home/ninghai/.azureml/envs/azureml_40b348c4d7381beefb01312cdebdaa0b/lib/python3.6/site-packages/azureml/history/utils/context_managers.py", line 87, in track
    fs.track(run_tracker, track_folders, blacklist)
  File "/mnt/resource/hadoop/yarn/local/usercache/ninghai/appcache/application_1527512542584_0096/container_e25_1527512542584_0096_02_000001/azureml_40b348c4d7381beefb01312cdebdaa0b.zip/home/ninghai/.azureml/envs/azureml_40b348c4d7381beefb01312cdebdaa0b/lib/python3.6/site-packages/azureml/history/utils/filesystem.py", line 130, in track
    self._upload_hdi_outputs(run_tracker)
  File "/mnt/resource/hadoop/yarn/local/usercache/ninghai/appcache/application_1527512542584_0096/container_e25_1527512542584_0096_02_000001/azureml_40b348c4d7381beefb01312cdebdaa0b.zip/home/ninghai/.azureml/envs/azureml_40b348c4d7381beefb01312cdebdaa0b/lib/python3.6/site-packages/azureml/history/utils/filesystem.py", line 154, in _upload_hdi_outputs
    container_sas = get_container_sas(wasburl)
  File "/mnt/resource/hadoop/yarn/local/usercache/ninghai/appcache/application_1527512542584_0096/container_e25_1527512542584_0096_02_000001/azureml_40b348c4d7381beefb01312cdebdaa0b.zip/home/ninghai/.azureml/envs/azureml_40b348c4d7381beefb01312cdebdaa0b/lib/python3.6/site-packages/azureml/history/utils/_hdi_wasb_utils.py", line 32, in get_container_sas
    from azure.storage.models import AccountPermissions
ModuleNotFoundError: No module named 'azure.storage.models'

During handling of the above exception, another exception occurred:

Traceback (most recent call last):
  File "context_manager_injector.py", line 111, in <module>
    execute_with_context(cm_objects, options.invocation)
  File "context_manager_injector.py", line 73, in execute_with_context
    print("Prehistory!", file=stream)
  File "/mnt/resource/hadoop/yarn/local/usercache/ninghai/appcache/application_1527512542584_0096/container_e25_1527512542584_0096_02_000001/azureml_40b348c4d7381beefb01312cdebdaa0b.zip/home/ninghai/.azureml/envs/azureml_40b348c4d7381beefb01312cdebdaa0b/lib/python3.6/contextlib.py", line 380, in __exit__
    raise exc_details[1]
  File "/mnt/resource/hadoop/yarn/local/usercache/ninghai/appcache/application_1527512542584_0096/container_e25_1527512542584_0096_02_000001/azureml_40b348c4d7381beefb01312cdebdaa0b.zip/home/ninghai/.azureml/envs/azureml_40b348c4d7381beefb01312cdebdaa0b/lib/python3.6/contextlib.py", line 365, in __exit__
    if cb(*exc_details):
  File "/mnt/resource/hadoop/yarn/local/usercache/ninghai/appcache/application_1527512542584_0096/container_e25_1527512542584_0096_02_000001/azureml_40b348c4d7381beefb01312cdebdaa0b.zip/home/ninghai/.azureml/envs/azureml_40b348c4d7381beefb01312cdebdaa0b/lib/python3.6/contextlib.py", line 284, in _exit_wrapper
    return cm_exit(cm, *exc_details)
  File "context_manager_injector.py", line 30, in __exit__
    self.context_manager.__exit__(*exc_details)
  File "/mnt/resource/hadoop/yarn/local/usercache/ninghai/appcache/application_1527512542584_0096/container_e25_1527512542584_0096_02_000001/context_managers.py", line 49, in __exit__
    self.history_context.__exit__(*args)
  File "/mnt/resource/hadoop/yarn/local/usercache/ninghai/appcache/application_1527512542584_0096/container_e25_1527512542584_0096_02_000001/azureml_40b348c4d7381beefb01312cdebdaa0b.zip/home/ninghai/.azureml/envs/azureml_40b348c4d7381beefb01312cdebdaa0b/lib/python3.6/site-packages/azureml/history/utils/context_managers.py", line 50, in __exit__
    self._exit_stack.__exit__(*args)
  File "/mnt/resource/hadoop/yarn/local/usercache/ninghai/appcache/application_1527512542584_0096/container_e25_1527512542584_0096_02_000001/azureml_40b348c4d7381beefb01312cdebdaa0b.zip/home/ninghai/.azureml/envs/azureml_40b348c4d7381beefb01312cdebdaa0b/lib/python3.6/contextlib.py", line 380, in __exit__
    raise exc_details[1]
  File "/mnt/resource/hadoop/yarn/local/usercache/ninghai/appcache/application_1527512542584_0096/container_e25_1527512542584_0096_02_000001/azureml_40b348c4d7381beefb01312cdebdaa0b.zip/home/ninghai/.azureml/envs/azureml_40b348c4d7381beefb01312cdebdaa0b/lib/python3.6/contextlib.py", line 365, in __exit__
    if cb(*exc_details):
  File "/mnt/resource/hadoop/yarn/local/usercache/ninghai/appcache/application_1527512542584_0096/container_e25_1527512542584_0096_02_000001/azureml_40b348c4d7381beefb01312cdebdaa0b.zip/home/ninghai/.azureml/envs/azureml_40b348c4d7381beefb01312cdebdaa0b/lib/python3.6/contextlib.py", line 284, in _exit_wrapper
    return cm_exit(cm, *exc_details)
  File "/mnt/resource/hadoop/yarn/local/usercache/ninghai/appcache/application_1527512542584_0096/container_e25_1527512542584_0096_02_000001/azureml_40b348c4d7381beefb01312cdebdaa0b.zip/home/ninghai/.azureml/envs/azureml_40b348c4d7381beefb01312cdebdaa0b/lib/python3.6/site-packages/azureml/history/utils/context_managers.py", line 157, in __exit__
    self.run_tracker.upload_file(self.driver_log_name, self.user_log_path)
  File "/mnt/resource/hadoop/yarn/local/usercache/ninghai/appcache/application_1527512542584_0096/container_e25_1527512542584_0096_02_000001/azureml_40b348c4d7381beefb01312cdebdaa0b.zip/home/ninghai/.azureml/envs/azureml_40b348c4d7381beefb01312cdebdaa0b/lib/python3.6/site-packages/azureml/core/run.py", line 461, in upload_file
    return self._client.upload_file(name, path_or_stream)
  File "/mnt/resource/hadoop/yarn/local/usercache/ninghai/appcache/application_1527512542584_0096/container_e25_1527512542584_0096_02_000001/azureml_40b348c4d7381beefb01312cdebdaa0b.zip/home/ninghai/.azureml/envs/azureml_40b348c4d7381beefb01312cdebdaa0b/lib/python3.6/site-packages/azureml/_run_impl/artifacts_client.py", line 53, in upload_file
    assert(len(artifact_keys) == 1)
AssertionError

End of LogType:stdout

Container: container_e25_1527512542584_0096_03_000001 on 10.0.0.14_30050_1528277464888
LogAggregationType: AGGREGATED
======================================================================================
18/06/06 09:31:16 INFO compress.CodecPool: Got brand-new decompressor [.deflate]
LogType:stdout
Log Upload Time:Wed Jun 06 09:31:04 +0000 2018
LogLength:10731
Log Contents:
****************
Python version: 3.6.2 |Anaconda, Inc.| (default, Oct  5 2017, 07:59:26) 
[GCC 7.2.0]
Spark version: 2.1.0.2.6.0.2-76
****************
First 10 rows of Iris dataset:
+------------+-----------+------------+-----------+-----------+
|sepal-length|sepal-width|petal-length|petal-width|      class|
+------------+-----------+------------+-----------+-----------+
|         5.1|        3.5|         1.4|        0.2|Iris-setosa|
|         4.9|        3.0|         1.4|        0.2|Iris-setosa|
|         4.7|        3.2|         1.3|        0.2|Iris-setosa|
|         4.6|        3.1|         1.5|        0.2|Iris-setosa|
|         5.0|        3.6|         1.4|        0.2|Iris-setosa|
|         5.4|        3.9|         1.7|        0.4|Iris-setosa|
|         4.6|        3.4|         1.4|        0.3|Iris-setosa|
|         5.0|        3.4|         1.5|        0.2|Iris-setosa|
|         4.4|        2.9|         1.4|        0.2|Iris-setosa|
|         4.9|        3.1|         1.5|        0.1|Iris-setosa|
+------------+-----------+------------+-----------+-----------+
only showing top 10 rows

Load featurized dataset for machine learning...
+-----------------+-----+
|         features|label|
+-----------------+-----+
|[5.1,3.5,1.4,0.2]|  0.0|
|[4.9,3.0,1.4,0.2]|  0.0|
|[4.7,3.2,1.3,0.2]|  0.0|
|[4.6,3.1,1.5,0.2]|  0.0|
|[5.0,3.6,1.4,0.2]|  0.0|
|[5.4,3.9,1.7,0.4]|  0.0|
|[4.6,3.4,1.4,0.3]|  0.0|
|[5.0,3.4,1.5,0.2]|  0.0|
|[4.4,2.9,1.4,0.2]|  0.0|
|[4.9,3.1,1.5,0.1]|  0.0|
+-----------------+-----+
only showing top 10 rows

Prediction
+-----------------+-----+--------------------+--------------------+----------+
|         features|label|       rawPrediction|         probability|prediction|
+-----------------+-----+--------------------+--------------------+----------+
|[4.4,3.2,1.3,0.2]|  0.0|[6.26660048363505...|[0.98550786402875...|       0.0|
|[4.6,3.2,1.4,0.2]|  0.0|[5.93720538691861...|[0.97774571617363...|       0.0|
|[4.8,3.4,1.6,0.2]|  0.0|[6.00637000029849...|[0.97977989801174...|       0.0|
|[4.9,3.0,1.4,0.2]|  0.0|[5.09296982830284...|[0.93299424996291...|       0.0|
|[5.0,3.2,1.2,0.2]|  0.0|[5.6657495659275,...|[0.96218497066122...|       0.0|
|[5.0,3.3,1.4,0.2]|  0.0|[5.71977903131000...|[0.96710829224589...|       0.0|
|[5.1,3.4,1.5,0.2]|  0.0|[5.75436133799994...|[0.96863081977441...|       0.0|
|[5.1,3.5,1.4,0.2]|  0.0|[6.09889158271377...|[0.97854771048569...|       0.0|
|[5.4,3.4,1.5,0.4]|  0.0|[4.98443702792876...|[0.93353626466853...|       0.0|
|[5.4,3.7,1.5,0.2]|  0.0|[6.14860903740109...|[0.97859620054151...|       0.0|
+-----------------+-----+--------------------+--------------------+----------+
only showing top 10 rows


#####################################
Regularization rate is 0.01
Accuracy is 0.9772727272727273
#####################################

The experiment completed successfully. Starting post-processing steps.
Traceback (most recent call last):
  File "context_manager_injector.py", line 72, in execute_with_context
    with open(complete_file_path, "a") as stream:
FileNotFoundError: [Errno 2] No such file or directory: '/mnt/resource/hadoop/yarn/local/usercache/ninghai/appcache/application_1527512542584_0096/container_e25_1527512542584_0096_03_000001/azureml-setup/complete'

Traceback (most recent call last):
  File "context_manager_injector.py", line 72, in execute_with_context
    with open(complete_file_path, "a") as stream:
FileNotFoundError: [Errno 2] No such file or directory: '/mnt/resource/hadoop/yarn/local/usercache/ninghai/appcache/application_1527512542584_0096/container_e25_1527512542584_0096_03_000001/azureml-setup/complete'

During handling of the above exception, another exception occurred:

Traceback (most recent call last):
  File "/mnt/resource/hadoop/yarn/local/usercache/ninghai/appcache/application_1527512542584_0096/container_e25_1527512542584_0096_03_000001/azureml_40b348c4d7381beefb01312cdebdaa0b.zip/home/ninghai/.azureml/envs/azureml_40b348c4d7381beefb01312cdebdaa0b/lib/python3.6/contextlib.py", line 365, in __exit__
    if cb(*exc_details):
  File "/mnt/resource/hadoop/yarn/local/usercache/ninghai/appcache/application_1527512542584_0096/container_e25_1527512542584_0096_03_000001/azureml_40b348c4d7381beefb01312cdebdaa0b.zip/home/ninghai/.azureml/envs/azureml_40b348c4d7381beefb01312cdebdaa0b/lib/python3.6/contextlib.py", line 284, in _exit_wrapper
    return cm_exit(cm, *exc_details)
  File "/mnt/resource/hadoop/yarn/local/usercache/ninghai/appcache/application_1527512542584_0096/container_e25_1527512542584_0096_03_000001/azureml_40b348c4d7381beefb01312cdebdaa0b.zip/home/ninghai/.azureml/envs/azureml_40b348c4d7381beefb01312cdebdaa0b/lib/python3.6/site-packages/azureml/history/utils/context_managers.py", line 141, in __exit__
    self.blacklist + [self.user_log_path])
  File "/mnt/resource/hadoop/yarn/local/usercache/ninghai/appcache/application_1527512542584_0096/container_e25_1527512542584_0096_03_000001/azureml_40b348c4d7381beefb01312cdebdaa0b.zip/home/ninghai/.azureml/envs/azureml_40b348c4d7381beefb01312cdebdaa0b/lib/python3.6/site-packages/azureml/history/utils/context_managers.py", line 87, in track
    fs.track(run_tracker, track_folders, blacklist)
  File "/mnt/resource/hadoop/yarn/local/usercache/ninghai/appcache/application_1527512542584_0096/container_e25_1527512542584_0096_03_000001/azureml_40b348c4d7381beefb01312cdebdaa0b.zip/home/ninghai/.azureml/envs/azureml_40b348c4d7381beefb01312cdebdaa0b/lib/python3.6/site-packages/azureml/history/utils/filesystem.py", line 130, in track
    self._upload_hdi_outputs(run_tracker)
  File "/mnt/resource/hadoop/yarn/local/usercache/ninghai/appcache/application_1527512542584_0096/container_e25_1527512542584_0096_03_000001/azureml_40b348c4d7381beefb01312cdebdaa0b.zip/home/ninghai/.azureml/envs/azureml_40b348c4d7381beefb01312cdebdaa0b/lib/python3.6/site-packages/azureml/history/utils/filesystem.py", line 154, in _upload_hdi_outputs
    container_sas = get_container_sas(wasburl)
  File "/mnt/resource/hadoop/yarn/local/usercache/ninghai/appcache/application_1527512542584_0096/container_e25_1527512542584_0096_03_000001/azureml_40b348c4d7381beefb01312cdebdaa0b.zip/home/ninghai/.azureml/envs/azureml_40b348c4d7381beefb01312cdebdaa0b/lib/python3.6/site-packages/azureml/history/utils/_hdi_wasb_utils.py", line 32, in get_container_sas
    from azure.storage.models import AccountPermissions
ModuleNotFoundError: No module named 'azure.storage.models'

During handling of the above exception, another exception occurred:

Traceback (most recent call last):
  File "context_manager_injector.py", line 111, in <module>
    execute_with_context(cm_objects, options.invocation)
  File "context_manager_injector.py", line 73, in execute_with_context
    print("Prehistory!", file=stream)
  File "/mnt/resource/hadoop/yarn/local/usercache/ninghai/appcache/application_1527512542584_0096/container_e25_1527512542584_0096_03_000001/azureml_40b348c4d7381beefb01312cdebdaa0b.zip/home/ninghai/.azureml/envs/azureml_40b348c4d7381beefb01312cdebdaa0b/lib/python3.6/contextlib.py", line 380, in __exit__
    raise exc_details[1]
  File "/mnt/resource/hadoop/yarn/local/usercache/ninghai/appcache/application_1527512542584_0096/container_e25_1527512542584_0096_03_000001/azureml_40b348c4d7381beefb01312cdebdaa0b.zip/home/ninghai/.azureml/envs/azureml_40b348c4d7381beefb01312cdebdaa0b/lib/python3.6/contextlib.py", line 365, in __exit__
    if cb(*exc_details):
  File "/mnt/resource/hadoop/yarn/local/usercache/ninghai/appcache/application_1527512542584_0096/container_e25_1527512542584_0096_03_000001/azureml_40b348c4d7381beefb01312cdebdaa0b.zip/home/ninghai/.azureml/envs/azureml_40b348c4d7381beefb01312cdebdaa0b/lib/python3.6/contextlib.py", line 284, in _exit_wrapper
    return cm_exit(cm, *exc_details)
  File "context_manager_injector.py", line 30, in __exit__
    self.context_manager.__exit__(*exc_details)
  File "/mnt/resource/hadoop/yarn/local/usercache/ninghai/appcache/application_1527512542584_0096/container_e25_1527512542584_0096_03_000001/context_managers.py", line 49, in __exit__
    self.history_context.__exit__(*args)
  File "/mnt/resource/hadoop/yarn/local/usercache/ninghai/appcache/application_1527512542584_0096/container_e25_1527512542584_0096_03_000001/azureml_40b348c4d7381beefb01312cdebdaa0b.zip/home/ninghai/.azureml/envs/azureml_40b348c4d7381beefb01312cdebdaa0b/lib/python3.6/site-packages/azureml/history/utils/context_managers.py", line 50, in __exit__
    self._exit_stack.__exit__(*args)
  File "/mnt/resource/hadoop/yarn/local/usercache/ninghai/appcache/application_1527512542584_0096/container_e25_1527512542584_0096_03_000001/azureml_40b348c4d7381beefb01312cdebdaa0b.zip/home/ninghai/.azureml/envs/azureml_40b348c4d7381beefb01312cdebdaa0b/lib/python3.6/contextlib.py", line 380, in __exit__
    raise exc_details[1]
  File "/mnt/resource/hadoop/yarn/local/usercache/ninghai/appcache/application_1527512542584_0096/container_e25_1527512542584_0096_03_000001/azureml_40b348c4d7381beefb01312cdebdaa0b.zip/home/ninghai/.azureml/envs/azureml_40b348c4d7381beefb01312cdebdaa0b/lib/python3.6/contextlib.py", line 365, in __exit__
    if cb(*exc_details):
  File "/mnt/resource/hadoop/yarn/local/usercache/ninghai/appcache/application_1527512542584_0096/container_e25_1527512542584_0096_03_000001/azureml_40b348c4d7381beefb01312cdebdaa0b.zip/home/ninghai/.azureml/envs/azureml_40b348c4d7381beefb01312cdebdaa0b/lib/python3.6/contextlib.py", line 284, in _exit_wrapper
    return cm_exit(cm, *exc_details)
  File "/mnt/resource/hadoop/yarn/local/usercache/ninghai/appcache/application_1527512542584_0096/container_e25_1527512542584_0096_03_000001/azureml_40b348c4d7381beefb01312cdebdaa0b.zip/home/ninghai/.azureml/envs/azureml_40b348c4d7381beefb01312cdebdaa0b/lib/python3.6/site-packages/azureml/history/utils/context_managers.py", line 157, in __exit__
    self.run_tracker.upload_file(self.driver_log_name, self.user_log_path)
  File "/mnt/resource/hadoop/yarn/local/usercache/ninghai/appcache/application_1527512542584_0096/container_e25_1527512542584_0096_03_000001/azureml_40b348c4d7381beefb01312cdebdaa0b.zip/home/ninghai/.azureml/envs/azureml_40b348c4d7381beefb01312cdebdaa0b/lib/python3.6/site-packages/azureml/core/run.py", line 461, in upload_file
    return self._client.upload_file(name, path_or_stream)
  File "/mnt/resource/hadoop/yarn/local/usercache/ninghai/appcache/application_1527512542584_0096/container_e25_1527512542584_0096_03_000001/azureml_40b348c4d7381beefb01312cdebdaa0b.zip/home/ninghai/.azureml/envs/azureml_40b348c4d7381beefb01312cdebdaa0b/lib/python3.6/site-packages/azureml/_run_impl/artifacts_client.py", line 53, in upload_file
    assert(len(artifact_keys) == 1)
AssertionError

End of LogType:stdout

Container: container_e25_1527512542584_0096_04_000001 on 10.0.0.13_30050_1528277465673
LogAggregationType: AGGREGATED
======================================================================================
18/06/06 09:31:17 INFO compress.CodecPool: Got brand-new decompressor [.deflate]
LogType:stdout
Log Upload Time:Wed Jun 06 09:31:05 +0000 2018
LogLength:10731
Log Contents:
****************
Python version: 3.6.2 |Anaconda, Inc.| (default, Oct  5 2017, 07:59:26) 
[GCC 7.2.0]
Spark version: 2.1.0.2.6.0.2-76
****************
First 10 rows of Iris dataset:
+------------+-----------+------------+-----------+-----------+
|sepal-length|sepal-width|petal-length|petal-width|      class|
+------------+-----------+------------+-----------+-----------+
|         5.1|        3.5|         1.4|        0.2|Iris-setosa|
|         4.9|        3.0|         1.4|        0.2|Iris-setosa|
|         4.7|        3.2|         1.3|        0.2|Iris-setosa|
|         4.6|        3.1|         1.5|        0.2|Iris-setosa|
|         5.0|        3.6|         1.4|        0.2|Iris-setosa|
|         5.4|        3.9|         1.7|        0.4|Iris-setosa|
|         4.6|        3.4|         1.4|        0.3|Iris-setosa|
|         5.0|        3.4|         1.5|        0.2|Iris-setosa|
|         4.4|        2.9|         1.4|        0.2|Iris-setosa|
|         4.9|        3.1|         1.5|        0.1|Iris-setosa|
+------------+-----------+------------+-----------+-----------+
only showing top 10 rows

Load featurized dataset for machine learning...
+-----------------+-----+
|         features|label|
+-----------------+-----+
|[5.1,3.5,1.4,0.2]|  0.0|
|[4.9,3.0,1.4,0.2]|  0.0|
|[4.7,3.2,1.3,0.2]|  0.0|
|[4.6,3.1,1.5,0.2]|  0.0|
|[5.0,3.6,1.4,0.2]|  0.0|
|[5.4,3.9,1.7,0.4]|  0.0|
|[4.6,3.4,1.4,0.3]|  0.0|
|[5.0,3.4,1.5,0.2]|  0.0|
|[4.4,2.9,1.4,0.2]|  0.0|
|[4.9,3.1,1.5,0.1]|  0.0|
+-----------------+-----+
only showing top 10 rows

Prediction
+-----------------+-----+--------------------+--------------------+----------+
|         features|label|       rawPrediction|         probability|prediction|
+-----------------+-----+--------------------+--------------------+----------+
|[4.4,3.0,1.3,0.2]|  0.0|[5.97568981819154...|[0.96967338942161...|       0.0|
|[4.6,3.2,1.4,0.2]|  0.0|[6.14828650317746...|[0.97601521864082...|       0.0|
|[4.6,3.6,1.0,0.2]|  0.0|[7.54679106741479...|[0.99492391533359...|       0.0|
|[4.7,3.2,1.3,0.2]|  0.0|[6.13401643830591...|[0.97470934343903...|       0.0|
|[4.7,3.2,1.6,0.2]|  0.0|[5.83514715787212...|[0.96738996006760...|       0.0|
|[4.8,3.0,1.4,0.1]|  0.0|[5.64610971923375...|[0.95113010452264...|       0.0|
|[4.8,3.0,1.4,0.3]|  0.0|[5.19487846339766...|[0.93426513399962...|       0.0|
|[4.9,2.5,4.5,1.7]|  2.0|[-2.4159646215272...|[0.01260960818105...|       1.0|
|[4.9,3.1,1.5,0.1]|  0.0|[5.68259651498774...|[0.95458487534980...|       0.0|
|[5.0,3.3,1.4,0.2]|  0.0|[5.94271691736095...|[0.96909535062658...|       0.0|
+-----------------+-----+--------------------+--------------------+----------+
only showing top 10 rows


#####################################
Regularization rate is 0.01
Accuracy is 0.9482758620689655
#####################################

The experiment completed successfully. Starting post-processing steps.
Traceback (most recent call last):
  File "context_manager_injector.py", line 72, in execute_with_context
    with open(complete_file_path, "a") as stream:
FileNotFoundError: [Errno 2] No such file or directory: '/mnt/resource/hadoop/yarn/local/usercache/ninghai/appcache/application_1527512542584_0096/container_e25_1527512542584_0096_04_000001/azureml-setup/complete'

Traceback (most recent call last):
  File "context_manager_injector.py", line 72, in execute_with_context
    with open(complete_file_path, "a") as stream:
FileNotFoundError: [Errno 2] No such file or directory: '/mnt/resource/hadoop/yarn/local/usercache/ninghai/appcache/application_1527512542584_0096/container_e25_1527512542584_0096_04_000001/azureml-setup/complete'

During handling of the above exception, another exception occurred:

Traceback (most recent call last):
  File "/mnt/resource/hadoop/yarn/local/usercache/ninghai/appcache/application_1527512542584_0096/container_e25_1527512542584_0096_04_000001/azureml_40b348c4d7381beefb01312cdebdaa0b.zip/home/ninghai/.azureml/envs/azureml_40b348c4d7381beefb01312cdebdaa0b/lib/python3.6/contextlib.py", line 365, in __exit__
    if cb(*exc_details):
  File "/mnt/resource/hadoop/yarn/local/usercache/ninghai/appcache/application_1527512542584_0096/container_e25_1527512542584_0096_04_000001/azureml_40b348c4d7381beefb01312cdebdaa0b.zip/home/ninghai/.azureml/envs/azureml_40b348c4d7381beefb01312cdebdaa0b/lib/python3.6/contextlib.py", line 284, in _exit_wrapper
    return cm_exit(cm, *exc_details)
  File "/mnt/resource/hadoop/yarn/local/usercache/ninghai/appcache/application_1527512542584_0096/container_e25_1527512542584_0096_04_000001/azureml_40b348c4d7381beefb01312cdebdaa0b.zip/home/ninghai/.azureml/envs/azureml_40b348c4d7381beefb01312cdebdaa0b/lib/python3.6/site-packages/azureml/history/utils/context_managers.py", line 141, in __exit__
    self.blacklist + [self.user_log_path])
  File "/mnt/resource/hadoop/yarn/local/usercache/ninghai/appcache/application_1527512542584_0096/container_e25_1527512542584_0096_04_000001/azureml_40b348c4d7381beefb01312cdebdaa0b.zip/home/ninghai/.azureml/envs/azureml_40b348c4d7381beefb01312cdebdaa0b/lib/python3.6/site-packages/azureml/history/utils/context_managers.py", line 87, in track
    fs.track(run_tracker, track_folders, blacklist)
  File "/mnt/resource/hadoop/yarn/local/usercache/ninghai/appcache/application_1527512542584_0096/container_e25_1527512542584_0096_04_000001/azureml_40b348c4d7381beefb01312cdebdaa0b.zip/home/ninghai/.azureml/envs/azureml_40b348c4d7381beefb01312cdebdaa0b/lib/python3.6/site-packages/azureml/history/utils/filesystem.py", line 130, in track
    self._upload_hdi_outputs(run_tracker)
  File "/mnt/resource/hadoop/yarn/local/usercache/ninghai/appcache/application_1527512542584_0096/container_e25_1527512542584_0096_04_000001/azureml_40b348c4d7381beefb01312cdebdaa0b.zip/home/ninghai/.azureml/envs/azureml_40b348c4d7381beefb01312cdebdaa0b/lib/python3.6/site-packages/azureml/history/utils/filesystem.py", line 154, in _upload_hdi_outputs
    container_sas = get_container_sas(wasburl)
  File "/mnt/resource/hadoop/yarn/local/usercache/ninghai/appcache/application_1527512542584_0096/container_e25_1527512542584_0096_04_000001/azureml_40b348c4d7381beefb01312cdebdaa0b.zip/home/ninghai/.azureml/envs/azureml_40b348c4d7381beefb01312cdebdaa0b/lib/python3.6/site-packages/azureml/history/utils/_hdi_wasb_utils.py", line 32, in get_container_sas
    from azure.storage.models import AccountPermissions
ModuleNotFoundError: No module named 'azure.storage.models'

During handling of the above exception, another exception occurred:

Traceback (most recent call last):
  File "context_manager_injector.py", line 111, in <module>
    execute_with_context(cm_objects, options.invocation)
  File "context_manager_injector.py", line 73, in execute_with_context
    print("Prehistory!", file=stream)
  File "/mnt/resource/hadoop/yarn/local/usercache/ninghai/appcache/application_1527512542584_0096/container_e25_1527512542584_0096_04_000001/azureml_40b348c4d7381beefb01312cdebdaa0b.zip/home/ninghai/.azureml/envs/azureml_40b348c4d7381beefb01312cdebdaa0b/lib/python3.6/contextlib.py", line 380, in __exit__
    raise exc_details[1]
  File "/mnt/resource/hadoop/yarn/local/usercache/ninghai/appcache/application_1527512542584_0096/container_e25_1527512542584_0096_04_000001/azureml_40b348c4d7381beefb01312cdebdaa0b.zip/home/ninghai/.azureml/envs/azureml_40b348c4d7381beefb01312cdebdaa0b/lib/python3.6/contextlib.py", line 365, in __exit__
    if cb(*exc_details):
  File "/mnt/resource/hadoop/yarn/local/usercache/ninghai/appcache/application_1527512542584_0096/container_e25_1527512542584_0096_04_000001/azureml_40b348c4d7381beefb01312cdebdaa0b.zip/home/ninghai/.azureml/envs/azureml_40b348c4d7381beefb01312cdebdaa0b/lib/python3.6/contextlib.py", line 284, in _exit_wrapper
    return cm_exit(cm, *exc_details)
  File "context_manager_injector.py", line 30, in __exit__
    self.context_manager.__exit__(*exc_details)
  File "/mnt/resource/hadoop/yarn/local/usercache/ninghai/appcache/application_1527512542584_0096/container_e25_1527512542584_0096_04_000001/context_managers.py", line 49, in __exit__
    self.history_context.__exit__(*args)
  File "/mnt/resource/hadoop/yarn/local/usercache/ninghai/appcache/application_1527512542584_0096/container_e25_1527512542584_0096_04_000001/azureml_40b348c4d7381beefb01312cdebdaa0b.zip/home/ninghai/.azureml/envs/azureml_40b348c4d7381beefb01312cdebdaa0b/lib/python3.6/site-packages/azureml/history/utils/context_managers.py", line 50, in __exit__
    self._exit_stack.__exit__(*args)
  File "/mnt/resource/hadoop/yarn/local/usercache/ninghai/appcache/application_1527512542584_0096/container_e25_1527512542584_0096_04_000001/azureml_40b348c4d7381beefb01312cdebdaa0b.zip/home/ninghai/.azureml/envs/azureml_40b348c4d7381beefb01312cdebdaa0b/lib/python3.6/contextlib.py", line 380, in __exit__
    raise exc_details[1]
  File "/mnt/resource/hadoop/yarn/local/usercache/ninghai/appcache/application_1527512542584_0096/container_e25_1527512542584_0096_04_000001/azureml_40b348c4d7381beefb01312cdebdaa0b.zip/home/ninghai/.azureml/envs/azureml_40b348c4d7381beefb01312cdebdaa0b/lib/python3.6/contextlib.py", line 365, in __exit__
    if cb(*exc_details):
  File "/mnt/resource/hadoop/yarn/local/usercache/ninghai/appcache/application_1527512542584_0096/container_e25_1527512542584_0096_04_000001/azureml_40b348c4d7381beefb01312cdebdaa0b.zip/home/ninghai/.azureml/envs/azureml_40b348c4d7381beefb01312cdebdaa0b/lib/python3.6/contextlib.py", line 284, in _exit_wrapper
    return cm_exit(cm, *exc_details)
  File "/mnt/resource/hadoop/yarn/local/usercache/ninghai/appcache/application_1527512542584_0096/container_e25_1527512542584_0096_04_000001/azureml_40b348c4d7381beefb01312cdebdaa0b.zip/home/ninghai/.azureml/envs/azureml_40b348c4d7381beefb01312cdebdaa0b/lib/python3.6/site-packages/azureml/history/utils/context_managers.py", line 157, in __exit__
    self.run_tracker.upload_file(self.driver_log_name, self.user_log_path)
  File "/mnt/resource/hadoop/yarn/local/usercache/ninghai/appcache/application_1527512542584_0096/container_e25_1527512542584_0096_04_000001/azureml_40b348c4d7381beefb01312cdebdaa0b.zip/home/ninghai/.azureml/envs/azureml_40b348c4d7381beefb01312cdebdaa0b/lib/python3.6/site-packages/azureml/core/run.py", line 461, in upload_file
    return self._client.upload_file(name, path_or_stream)
  File "/mnt/resource/hadoop/yarn/local/usercache/ninghai/appcache/application_1527512542584_0096/container_e25_1527512542584_0096_04_000001/azureml_40b348c4d7381beefb01312cdebdaa0b.zip/home/ninghai/.azureml/envs/azureml_40b348c4d7381beefb01312cdebdaa0b/lib/python3.6/site-packages/azureml/_run_impl/artifacts_client.py", line 53, in upload_file
    assert(len(artifact_keys) == 1)
AssertionError

End of LogType:stdout

Container: container_e25_1527512542584_0096_05_000001 on 10.0.0.13_30050_1528277465673
LogAggregationType: AGGREGATED
======================================================================================
18/06/06 09:31:17 INFO compress.CodecPool: Got brand-new decompressor [.deflate]
LogType:stdout
Log Upload Time:Wed Jun 06 09:31:05 +0000 2018
LogLength:10717
Log Contents:
****************
Python version: 3.6.2 |Anaconda, Inc.| (default, Oct  5 2017, 07:59:26) 
[GCC 7.2.0]
Spark version: 2.1.0.2.6.0.2-76
****************
First 10 rows of Iris dataset:
+------------+-----------+------------+-----------+-----------+
|sepal-length|sepal-width|petal-length|petal-width|      class|
+------------+-----------+------------+-----------+-----------+
|         5.1|        3.5|         1.4|        0.2|Iris-setosa|
|         4.9|        3.0|         1.4|        0.2|Iris-setosa|
|         4.7|        3.2|         1.3|        0.2|Iris-setosa|
|         4.6|        3.1|         1.5|        0.2|Iris-setosa|
|         5.0|        3.6|         1.4|        0.2|Iris-setosa|
|         5.4|        3.9|         1.7|        0.4|Iris-setosa|
|         4.6|        3.4|         1.4|        0.3|Iris-setosa|
|         5.0|        3.4|         1.5|        0.2|Iris-setosa|
|         4.4|        2.9|         1.4|        0.2|Iris-setosa|
|         4.9|        3.1|         1.5|        0.1|Iris-setosa|
+------------+-----------+------------+-----------+-----------+
only showing top 10 rows

Load featurized dataset for machine learning...
+-----------------+-----+
|         features|label|
+-----------------+-----+
|[5.1,3.5,1.4,0.2]|  0.0|
|[4.9,3.0,1.4,0.2]|  0.0|
|[4.7,3.2,1.3,0.2]|  0.0|
|[4.6,3.1,1.5,0.2]|  0.0|
|[5.0,3.6,1.4,0.2]|  0.0|
|[5.4,3.9,1.7,0.4]|  0.0|
|[4.6,3.4,1.4,0.3]|  0.0|
|[5.0,3.4,1.5,0.2]|  0.0|
|[4.4,2.9,1.4,0.2]|  0.0|
|[4.9,3.1,1.5,0.1]|  0.0|
+-----------------+-----+
only showing top 10 rows

Prediction
+-----------------+-----+--------------------+--------------------+----------+
|         features|label|       rawPrediction|         probability|prediction|
+-----------------+-----+--------------------+--------------------+----------+
|[4.4,3.2,1.3,0.2]|  0.0|[6.45210878278064...|[0.98814541745521...|       0.0|
|[4.6,3.1,1.5,0.2]|  0.0|[5.78614167691504...|[0.97247996741418...|       0.0|
|[4.6,3.2,1.4,0.2]|  0.0|[6.11787937793716...|[0.98171515144358...|       0.0|
|[4.6,3.6,1.0,0.2]|  0.0|[7.44483018202565...|[0.99651707669755...|       0.0|
|[4.7,3.2,1.6,0.2]|  0.0|[5.80430314687787...|[0.97447785476856...|       0.0|
|[4.8,3.0,1.4,0.3]|  0.0|[5.19475499984440...|[0.94356061295598...|       0.0|
|[4.9,2.5,4.5,1.7]|  2.0|[-2.1776909932481...|[0.01855002014630...|       1.0|
|[5.0,3.5,1.3,0.3]|  0.0|[6.22629104283642...|[0.98560274733451...|       0.0|
|[5.1,3.5,1.4,0.2]|  0.0|[6.22869845934896...|[0.98366666709746...|       0.0|
|[5.1,3.5,1.4,0.3]|  0.0|[6.01035583086883...|[0.98140261717615...|       0.0|
+-----------------+-----+--------------------+--------------------+----------+
only showing top 10 rows


#####################################
Regularization rate is 0.01
Accuracy is 0.94
#####################################

The experiment completed successfully. Starting post-processing steps.
Traceback (most recent call last):
  File "context_manager_injector.py", line 72, in execute_with_context
    with open(complete_file_path, "a") as stream:
FileNotFoundError: [Errno 2] No such file or directory: '/mnt/resource/hadoop/yarn/local/usercache/ninghai/appcache/application_1527512542584_0096/container_e25_1527512542584_0096_05_000001/azureml-setup/complete'

Traceback (most recent call last):
  File "context_manager_injector.py", line 72, in execute_with_context
    with open(complete_file_path, "a") as stream:
FileNotFoundError: [Errno 2] No such file or directory: '/mnt/resource/hadoop/yarn/local/usercache/ninghai/appcache/application_1527512542584_0096/container_e25_1527512542584_0096_05_000001/azureml-setup/complete'

During handling of the above exception, another exception occurred:

Traceback (most recent call last):
  File "/mnt/resource/hadoop/yarn/local/usercache/ninghai/appcache/application_1527512542584_0096/container_e25_1527512542584_0096_05_000001/azureml_40b348c4d7381beefb01312cdebdaa0b.zip/home/ninghai/.azureml/envs/azureml_40b348c4d7381beefb01312cdebdaa0b/lib/python3.6/contextlib.py", line 365, in __exit__
    if cb(*exc_details):
  File "/mnt/resource/hadoop/yarn/local/usercache/ninghai/appcache/application_1527512542584_0096/container_e25_1527512542584_0096_05_000001/azureml_40b348c4d7381beefb01312cdebdaa0b.zip/home/ninghai/.azureml/envs/azureml_40b348c4d7381beefb01312cdebdaa0b/lib/python3.6/contextlib.py", line 284, in _exit_wrapper
    return cm_exit(cm, *exc_details)
  File "/mnt/resource/hadoop/yarn/local/usercache/ninghai/appcache/application_1527512542584_0096/container_e25_1527512542584_0096_05_000001/azureml_40b348c4d7381beefb01312cdebdaa0b.zip/home/ninghai/.azureml/envs/azureml_40b348c4d7381beefb01312cdebdaa0b/lib/python3.6/site-packages/azureml/history/utils/context_managers.py", line 141, in __exit__
    self.blacklist + [self.user_log_path])
  File "/mnt/resource/hadoop/yarn/local/usercache/ninghai/appcache/application_1527512542584_0096/container_e25_1527512542584_0096_05_000001/azureml_40b348c4d7381beefb01312cdebdaa0b.zip/home/ninghai/.azureml/envs/azureml_40b348c4d7381beefb01312cdebdaa0b/lib/python3.6/site-packages/azureml/history/utils/context_managers.py", line 87, in track
    fs.track(run_tracker, track_folders, blacklist)
  File "/mnt/resource/hadoop/yarn/local/usercache/ninghai/appcache/application_1527512542584_0096/container_e25_1527512542584_0096_05_000001/azureml_40b348c4d7381beefb01312cdebdaa0b.zip/home/ninghai/.azureml/envs/azureml_40b348c4d7381beefb01312cdebdaa0b/lib/python3.6/site-packages/azureml/history/utils/filesystem.py", line 130, in track
    self._upload_hdi_outputs(run_tracker)
  File "/mnt/resource/hadoop/yarn/local/usercache/ninghai/appcache/application_1527512542584_0096/container_e25_1527512542584_0096_05_000001/azureml_40b348c4d7381beefb01312cdebdaa0b.zip/home/ninghai/.azureml/envs/azureml_40b348c4d7381beefb01312cdebdaa0b/lib/python3.6/site-packages/azureml/history/utils/filesystem.py", line 154, in _upload_hdi_outputs
    container_sas = get_container_sas(wasburl)
  File "/mnt/resource/hadoop/yarn/local/usercache/ninghai/appcache/application_1527512542584_0096/container_e25_1527512542584_0096_05_000001/azureml_40b348c4d7381beefb01312cdebdaa0b.zip/home/ninghai/.azureml/envs/azureml_40b348c4d7381beefb01312cdebdaa0b/lib/python3.6/site-packages/azureml/history/utils/_hdi_wasb_utils.py", line 32, in get_container_sas
    from azure.storage.models import AccountPermissions
ModuleNotFoundError: No module named 'azure.storage.models'

During handling of the above exception, another exception occurred:

Traceback (most recent call last):
  File "context_manager_injector.py", line 111, in <module>
    execute_with_context(cm_objects, options.invocation)
  File "context_manager_injector.py", line 73, in execute_with_context
    print("Prehistory!", file=stream)
  File "/mnt/resource/hadoop/yarn/local/usercache/ninghai/appcache/application_1527512542584_0096/container_e25_1527512542584_0096_05_000001/azureml_40b348c4d7381beefb01312cdebdaa0b.zip/home/ninghai/.azureml/envs/azureml_40b348c4d7381beefb01312cdebdaa0b/lib/python3.6/contextlib.py", line 380, in __exit__
    raise exc_details[1]
  File "/mnt/resource/hadoop/yarn/local/usercache/ninghai/appcache/application_1527512542584_0096/container_e25_1527512542584_0096_05_000001/azureml_40b348c4d7381beefb01312cdebdaa0b.zip/home/ninghai/.azureml/envs/azureml_40b348c4d7381beefb01312cdebdaa0b/lib/python3.6/contextlib.py", line 365, in __exit__
    if cb(*exc_details):
  File "/mnt/resource/hadoop/yarn/local/usercache/ninghai/appcache/application_1527512542584_0096/container_e25_1527512542584_0096_05_000001/azureml_40b348c4d7381beefb01312cdebdaa0b.zip/home/ninghai/.azureml/envs/azureml_40b348c4d7381beefb01312cdebdaa0b/lib/python3.6/contextlib.py", line 284, in _exit_wrapper
    return cm_exit(cm, *exc_details)
  File "context_manager_injector.py", line 30, in __exit__
    self.context_manager.__exit__(*exc_details)
  File "/mnt/resource/hadoop/yarn/local/usercache/ninghai/appcache/application_1527512542584_0096/container_e25_1527512542584_0096_05_000001/context_managers.py", line 49, in __exit__
    self.history_context.__exit__(*args)
  File "/mnt/resource/hadoop/yarn/local/usercache/ninghai/appcache/application_1527512542584_0096/container_e25_1527512542584_0096_05_000001/azureml_40b348c4d7381beefb01312cdebdaa0b.zip/home/ninghai/.azureml/envs/azureml_40b348c4d7381beefb01312cdebdaa0b/lib/python3.6/site-packages/azureml/history/utils/context_managers.py", line 50, in __exit__
    self._exit_stack.__exit__(*args)
  File "/mnt/resource/hadoop/yarn/local/usercache/ninghai/appcache/application_1527512542584_0096/container_e25_1527512542584_0096_05_000001/azureml_40b348c4d7381beefb01312cdebdaa0b.zip/home/ninghai/.azureml/envs/azureml_40b348c4d7381beefb01312cdebdaa0b/lib/python3.6/contextlib.py", line 380, in __exit__
    raise exc_details[1]
  File "/mnt/resource/hadoop/yarn/local/usercache/ninghai/appcache/application_1527512542584_0096/container_e25_1527512542584_0096_05_000001/azureml_40b348c4d7381beefb01312cdebdaa0b.zip/home/ninghai/.azureml/envs/azureml_40b348c4d7381beefb01312cdebdaa0b/lib/python3.6/contextlib.py", line 365, in __exit__
    if cb(*exc_details):
  File "/mnt/resource/hadoop/yarn/local/usercache/ninghai/appcache/application_1527512542584_0096/container_e25_1527512542584_0096_05_000001/azureml_40b348c4d7381beefb01312cdebdaa0b.zip/home/ninghai/.azureml/envs/azureml_40b348c4d7381beefb01312cdebdaa0b/lib/python3.6/contextlib.py", line 284, in _exit_wrapper
    return cm_exit(cm, *exc_details)
  File "/mnt/resource/hadoop/yarn/local/usercache/ninghai/appcache/application_1527512542584_0096/container_e25_1527512542584_0096_05_000001/azureml_40b348c4d7381beefb01312cdebdaa0b.zip/home/ninghai/.azureml/envs/azureml_40b348c4d7381beefb01312cdebdaa0b/lib/python3.6/site-packages/azureml/history/utils/context_managers.py", line 157, in __exit__
    self.run_tracker.upload_file(self.driver_log_name, self.user_log_path)
  File "/mnt/resource/hadoop/yarn/local/usercache/ninghai/appcache/application_1527512542584_0096/container_e25_1527512542584_0096_05_000001/azureml_40b348c4d7381beefb01312cdebdaa0b.zip/home/ninghai/.azureml/envs/azureml_40b348c4d7381beefb01312cdebdaa0b/lib/python3.6/site-packages/azureml/core/run.py", line 461, in upload_file
    return self._client.upload_file(name, path_or_stream)
  File "/mnt/resource/hadoop/yarn/local/usercache/ninghai/appcache/application_1527512542584_0096/container_e25_1527512542584_0096_05_000001/azureml_40b348c4d7381beefb01312cdebdaa0b.zip/home/ninghai/.azureml/envs/azureml_40b348c4d7381beefb01312cdebdaa0b/lib/python3.6/site-packages/azureml/_run_impl/artifacts_client.py", line 53, in upload_file
    assert(len(artifact_keys) == 1)
AssertionError

End of LogType:stdout


Specified ALL for -am option. Printed logs for all am containers.

Execution Summary
=================
RunId: e2e-05_1528277061325

{'Regularization Rate': [0.01, 0.01, 0.01, 0.01, 0.01], 'Accuracy': [0.926829268292683, 0.8958333333333334, 0.9772727272727273, 0.9482758620689655, 0.94]}


##### 07.sklearn.hd.py (2018-06-06-05:31:37) ###########
Azure ML Core SDK Version: 0.1.0.1005480
Found config.json in: /data/git/hai/e2e_test/aml_config/config.json
Workspace details:
aml-notebooks haieastus2ws3 eastus2
/tmp/e2e-test/07 already exists, remove it.
/tmp/e2e-test/07
e2e-07
copy train-sklearn-one-model.py to the project folder.
create or load BatchAI compute cpucluster...
gpucluster BatchAI
cpucluster BatchAI
found compute target. just use it.
create generic estimator.

##################################################
Batch AI run...
##################################################

https://mlworkspace.azureml-test.net/home/%2Fsubscriptions%2Ffac34303-435d-4486-8c3f-7094d82a0b60%2FresourceGroups%2Faml-notebooks%2Fproviders%2FMicrosoft.MachineLearningServices%2Fworkspaces%2Fhaieastus2ws3/projects/e2e-07/run-history/run-details/e2e-07_1528277500000
RunId: e2e-07_1528277500000

Streaming azureml-logs/20_ice_log.txt
=====================================


Streaming azureml-logs/60_control_log.txt
=========================================

Uploading experiment status to history service.
Adding run profile attachment azureml-logs/80_driver_log.txt

Streaming azureml-logs/80_driver_log.txt
========================================

alpha value is: 0.1
Ridget model fitted.
Mean Squared Error is: 3372.6496278100326
The experiment completed successfully. Starting post-processing steps.

Execution Summary
=================
RunId: e2e-07_1528277500000

configure hyperdrive.

##################################################
Hyperdrive run on Batch AI...
##################################################

https://mlworkspace.azureml-test.net/home/%2Fsubscriptions%2Ffac34303-435d-4486-8c3f-7094d82a0b60%2FresourceGroups%2Faml-notebooks%2Fproviders%2FMicrosoft.MachineLearningServices%2Fworkspaces%2Fhaieastus2ws3/projects/e2e-07/run-history/run-details/e2e-07_1528277560829


##### 08.tf.hd.py (2018-06-06-05:32:42) ################
Azure ML Core SDK Version: 0.1.0.1005480
Found config.json in: /data/git/hai/e2e_test/aml_config/config.json
Workspace details:
aml-notebooks haieastus2ws3 eastus2
/tmp/e2e-test/08 already exists, remove it.
/tmp/e2e-test/08
e2e-08
copy mnist_tf.py to the project folder.
create or load BatchAI compute gpucluster...
gpucluster BatchAI
found compute target. just use it.
create TensorFlow estimator.

##################################################
submitting mnist_tf.py for a Batch AI run...
##################################################

https://mlworkspace.azureml-test.net/home/%2Fsubscriptions%2Ffac34303-435d-4486-8c3f-7094d82a0b60%2FresourceGroups%2Faml-notebooks%2Fproviders%2FMicrosoft.MachineLearningServices%2Fworkspaces%2Fhaieastus2ws3/projects/e2e-08/run-history/run-details/e2e-08_1528277565537
RunId: e2e-08_1528277565537

Streaming azureml-logs/20_ice_log.txt
=====================================


Streaming azureml-logs/60_control_log.txt
=========================================

Uploading experiment status to history service.
Adding run profile attachment azureml-logs/80_driver_log.txt

Streaming azureml-logs/80_driver_log.txt
========================================

Using Spark's default log4j profile: org/apache/spark/log4j-defaults.properties
Setting default log level to "WARN".
To adjust logging level use sc.setLogLevel(newLevel). For SparkR, use setLogLevel(newLevel).
18/06/06 09:33:17 WARN NativeCodeLoader: Unable to load native-hadoop library for your platform... using builtin-java classes where applicable
/azureml-envs/azureml_a0f0a6059c823b2e567e8366d6dcecc5/lib/python3.6/importlib/_bootstrap.py:205: RuntimeWarning: compiletime version 3.5 of module 'tensorflow.python.framework.fast_tensor_util' does not match runtime version 3.6
  return f(*args, **kwds)
data path: /tmp
fetching MNIST data...
MNIST dataset downloaded.
MNIST dataset loaded in memory.
X:  (70000, 784)
y:  (70000,)
labels:  [0. 1. 2. 3. 4. 5. 6. 7. 8. 9.]
training a tensorflow model...
(55000, 784) (55000,)
batch_size: 50
n_batches: 1100
first layer neurons: 300
second layer neurons: 100
2018-06-06 09:33:22.944247: I tensorflow/core/platform/cpu_feature_guard.cc:137] Your CPU supports instructions that this TensorFlow binary was not compiled to use: SSE4.1 SSE4.2 AVX AVX2 FMA
2018-06-06 09:33:23.157777: I tensorflow/core/common_runtime/gpu/gpu_device.cc:1030] Found device 0 with properties: 
name: Tesla K80 major: 3 minor: 7 memoryClockRate(GHz): 0.8235
pciBusID: a178:00:00.0
totalMemory: 11.17GiB freeMemory: 11.09GiB
2018-06-06 09:33:23.157820: I tensorflow/core/common_runtime/gpu/gpu_device.cc:1120] Creating TensorFlow device (/device:GPU:0) -> (device: 0, name: Tesla K80, pci bus id: a178:00:00.0, compute capability: 3.7)
0 Train accuracy: 0.89843637 , Val accuracy; 0.9002
1 Train accuracy: 0.9188909 , Val accuracy; 0.9194
2 Train accuracy: 0.93085456 , Val accuracy; 0.9284667
3 Train accuracy: 0.9359091 , Val accuracy; 0.9328667
4 Train accuracy: 0.94452727 , Val accuracy; 0.9416
5 Train accuracy: 0.9490182 , Val accuracy; 0.9450667
6 Train accuracy: 0.95289093 , Val accuracy; 0.9493333
7 Train accuracy: 0.95583636 , Val accuracy; 0.9514
8 Train accuracy: 0.9599636 , Val accuracy; 0.95426667
9 Train accuracy: 0.9632 , Val accuracy; 0.9574
10 Train accuracy: 0.9644909 , Val accuracy; 0.95813334
11 Train accuracy: 0.96647274 , Val accuracy; 0.9586667
12 Train accuracy: 0.96941817 , Val accuracy; 0.9622
13 Train accuracy: 0.9708545 , Val accuracy; 0.9636667
14 Train accuracy: 0.9728182 , Val accuracy; 0.9638
15 Train accuracy: 0.97434545 , Val accuracy; 0.9654667
16 Train accuracy: 0.9754182 , Val accuracy; 0.9662
17 Train accuracy: 0.9764364 , Val accuracy; 0.9676667
18 Train accuracy: 0.9784 , Val accuracy; 0.9676667
19 Train accuracy: 0.97981817 , Val accuracy; 0.96826667
20 Train accuracy: 0.9804364 , Val accuracy; 0.9686667
21 Train accuracy: 0.9815818 , Val accuracy; 0.9690667
22 Train accuracy: 0.9827091 , Val accuracy; 0.9706
23 Train accuracy: 0.9834727 , Val accuracy; 0.97066665
24 Train accuracy: 0.98367274 , Val accuracy; 0.9708667
Overall accuracy: 0.9708666666666667
Confusion matrix:
[[1414    0    3    0    0    4    9    0    5    6]
 [   0 1653    9    1    2    0    5    2    2    2]
 [   5    6 1462    3    2    1    3    8    6    1]
 [   1    2   21 1475    1   26    0    4   14    4]
 [   2    2    1    0 1391    0    5    4    3   26]
 [   7    3    2    7    4 1327   13    0   13   11]
 [  14    1    3    1    4    3 1472    0    2    0]
 [   2    3   12    2    4    1    2 1524    4   20]
 [   5   10    5    6    1    6    9    2 1431    8]
 [   2    3    1    5   10    5    0    9   11 1414]]
The experiment completed successfully. Starting post-processing steps.

Execution Summary
=================
RunId: e2e-08_1528277565537

configure hyperdrive.

##################################################
submitting mnist_tf.py for a hyperdrive run on Batch AI...
##################################################

https://mlworkspace.azureml-test.net/home/%2Fsubscriptions%2Ffac34303-435d-4486-8c3f-7094d82a0b60%2FresourceGroups%2Faml-notebooks%2Fproviders%2FMicrosoft.MachineLearningServices%2Fworkspaces%2Fhaieastus2ws3/projects/e2e-08/run-history/run-details/e2e-08_1528277681210


##### 10.o16n.py (2018-06-06-05:34:42) #################
Azure ML Core SDK Version: 0.1.0.1005480
Found config.json in: /data/git/hai/e2e_test/aml_config/config.json
Workspace details:
aml-notebooks haieastus2ws3 eastus2
Registering model mymodel
Name: mymodel 	Version: 62 	Description: Ridge regression model to predict diabetes ['diabetes', 'regression']
Name: mymodel 	Version: 61 	Description: Ridge regression model to predict diabetes ['diabetes', 'regression']
Name: mymodel 	Version: 60 	Description: Ridge regression model to predict diabetes ['diabetes', 'regression']
Name: mymodel 	Version: 59 	Description: Ridge regression model to predict diabetes ['diabetes', 'regression']
Name: mymodel 	Version: 58 	Description: Ridge regression model to predict diabetes ['diabetes', 'regression']
Name: mymodel 	Version: 57 	Description: Ridge regression model to predict diabetes ['diabetes', 'regression']
Name: mymodel 	Version: 56 	Description: Ridge regression model to predict diabetes ['diabetes', 'regression']
Name: mymodel 	Version: 55 	Description: Ridge regression model to predict diabetes ['diabetes', 'regression']
Name: mymodel 	Version: 54 	Description: Ridge regression model to predict diabetes ['diabetes', 'regression']
Name: mymodel 	Version: 53 	Description: Ridge regression model to predict diabetes ['diabetes', 'regression']
Name: mymodel 	Version: 52 	Description: Ridge regression model to predict diabetes ['diabetes', 'regression']
Name: mymodel 	Version: 51 	Description: Ridge regression model to predict diabetes ['diabetes', 'regression']
Name: mymodel 	Version: 50 	Description: Ridge regression model to predict diabetes ['diabetes', 'regression']
Name: mymodel 	Version: 49 	Description: Ridge regression model to predict diabetes ['diabetes', 'regression']
Name: mymodel 	Version: 48 	Description: Ridge regression model to predict diabetes ['diabetes', 'regression']
Name: mymodel 	Version: 47 	Description: Ridge regression model to predict diabetes ['diabetes', 'regression']
Name: mymodel 	Version: 46 	Description: Ridge regression model to predict diabetes ['diabetes', 'regression']
Name: mymodel 	Version: 45 	Description: Ridge regression model to predict diabetes ['diabetes', 'regression']
Name: mymodel 	Version: 44 	Description: Ridge regression model to predict diabetes ['diabetes', 'regression']
Name: mymodel 	Version: 43 	Description: Ridge regression model to predict diabetes ['diabetes', 'regression']
Name: mymodel 	Version: 42 	Description: Ridge regression model to predict diabetes ['diabetes', 'regression']
Name: mymodel 	Version: 41 	Description: Ridge regression model to predict diabetes ['diabetes', 'regression']
Name: mymodel 	Version: 40 	Description: Ridge regression model to predict diabetes ['diabetes', 'regression']
Name: mymodel 	Version: 39 	Description: Ridge regression model to predict diabetes ['diabetes', 'regression']
Name: mymodel 	Version: 38 	Description: Ridge regression model to predict diabetes ['diabetes', 'regression']
Name: mymodel 	Version: 37 	Description: Ridge regression model to predict diabetes ['diabetes', 'regression']
Name: mymodel 	Version: 36 	Description: Ridge regression model to predict diabetes ['diabetes', 'regression']
Name: mymodel 	Version: 35 	Description: Ridge regression model to predict diabetes ['diabetes', 'regression']
Name: mymodel 	Version: 34 	Description: Ridge regression model to predict diabetes ['diabetes', 'regression']
Name: mymodel 	Version: 33 	Description: Ridge regression model to predict diabetes ['diabetes', 'regression']
Name: mymodel 	Version: 32 	Description: Ridge regression model to predict diabetes ['diabetes', 'regression']
Name: mymodel 	Version: 31 	Description: Ridge regression model to predict diabetes ['diabetes', 'regression']
Name: mymodel 	Version: 30 	Description: Ridge regression model to predict diabetes ['diabetes', 'regression']
Name: mymodel 	Version: 29 	Description: Ridge regression model to predict diabetes ['diabetes', 'regression']
Name: mymodel 	Version: 28 	Description: Ridge regression model to predict diabetes ['diabetes', 'regression']
Name: mymodel 	Version: 27 	Description: Ridge regression model to predict diabetes ['diabetes', 'regression']
Name: mymodel 	Version: 26 	Description: Ridge regression model to predict diabetes ['diabetes', 'regression']
Ridge regression model to predict diabetes
Creating image
Running................
SucceededImage creation operation finished for image myimage:35, operation "Succeeded"
myimage(v.35 [Succeeded]) stored at haieastuacrgghjerik.azurecr.io/myimage:35 with build log https://eastus2ice.blob.core.windows.net/logs/haieastuacrgghjerik15282776916932512.txt?sr=b&sig=RqWy5Jx9cGj%2Bi90Qw8e0qDv3rBgKyTBZhHz50C8hIHc%3D&sp=r&sv=2017-04-17&se=2018-07-06T09%3A36%3A11Z
myimage(v.27 [Succeeded]) stored at haieastuacrgghjerik.azurecr.io/myimage:27 with build log https://eastus2ice.blob.core.windows.net/logs/haieastuacrgghjerik15282192502423742.txt?sr=b&sig=FVjowPiJrajuVVAs0FQSTfrnliPEZeZQvm6ElpNBlsg%3D&sp=r&sv=2017-04-17&se=2018-07-05T17%3A22%3A05Z
myimage(v.26 [Failed]) stored at haieastuacrgghjerik.azurecr.io/myimage:26 with build log None
myimage(v.25 [Succeeded]) stored at haieastuacrgghjerik.azurecr.io/myimage:25 with build log https://eastus2ice.blob.core.windows.net/logs/haieastuacrgghjerik15282018096340042.txt?sv=2017-04-17&se=2018-07-05T12%3A32%3A22Z&sig=AsAYZZMlvrmAn8w%2ByBA3TifZHlWhxoG9mb6zFDakRE8%3D&sp=r&sr=b
myimage(v.24 [Failed]) stored at haieastuacrgghjerik.azurecr.io/myimage:24 with build log None
myimage(v.23 [Succeeded]) stored at haieastuacrgghjerik.azurecr.io/myimage:23 with build log https://eastus2ice.blob.core.windows.net/logs/haieastuacrgghjerik15281731961068630.txt?sv=2017-04-17&se=2018-07-05T04%3A34%3A57Z&sig=Y0riwnrnPBBm4h4QLj/k28NjKJ6WJiXI7TGDdtTmKMM%3D&sp=r&sr=b
myimage(v.22 [Failed]) stored at haieastuacrgghjerik.azurecr.io/myimage:22 with build log None
myimage(v.21 [Succeeded]) stored at haieastuacrgghjerik.azurecr.io/myimage:21 with build log https://eastus2ice.blob.core.windows.net/logs/haieastuacrgghjerik15281473593560272.txt?sig=s%2BVEkmo7ZHINrnxpUsHLMO02OjmRhsFLarkWMaBaPgw%3D&sv=2017-04-17&sp=r&sr=b&se=2018-07-04T21%3A24%3A21Z
Creating service
Running......................................................
SucceededACI service creation operation finished, operation "Succeeded"
{"result": [5215.19813157987, 3726.9954859385803]}
rrs02 http://40.121.12.40:5001/score
rrs01a None
delete service.
delete image
delete model
Already up-to-date.


###################################
########### END AT 2018-06-06-05:41:04
###################################
