Switched to branch 'candidate'
Client-Request-ID=dd4d9a03-6b3d-11e8-9288-000d3a71b7c3 Retry policy did not allow for a retry: Server-Timestamp=Fri, 08 Jun 2018 17:03:29 GMT, Server-Request-ID=cc008ece-901e-011d-4e4a-ffcb8e000000, HTTP status code=409, Exception=The specified container already exists.ErrorCode: ContainerAlreadyExists<?xml version="1.0" encoding="utf-8"?><Error><Code>ContainerAlreadyExists</Code><Message>The specified container already exists.RequestId:cc008ece-901e-011d-4e4a-ffcb8e000000Time:2018-06-08T17:03:29.3210264Z</Message></Error>.
Client-Request-ID=dd4d9a05-6b3d-11e8-9288-000d3a71b7c3 Retry policy did not allow for a retry: Server-Timestamp=Fri, 08 Jun 2018 17:03:28 GMT, Server-Request-ID=4df3e09e-201e-0083-024a-fff49c000000, HTTP status code=409, Exception=The specified container already exists.ErrorCode: ContainerAlreadyExists<?xml version="1.0" encoding="utf-8"?><Error><Code>ContainerAlreadyExists</Code><Message>The specified container already exists.RequestId:4df3e09e-201e-0083-024a-fff49c000000Time:2018-06-08T17:03:29.4855722Z</Message></Error>.
Client-Request-ID=dd4d9a07-6b3d-11e8-9288-000d3a71b7c3 Retry policy did not allow for a retry: Server-Timestamp=Fri, 08 Jun 2018 17:03:29 GMT, Server-Request-ID=8e52e8b1-001e-001c-274a-ff8c26000000, HTTP status code=409, Exception=The specified container already exists.ErrorCode: ContainerAlreadyExists<?xml version="1.0" encoding="utf-8"?><Error><Code>ContainerAlreadyExists</Code><Message>The specified container already exists.RequestId:8e52e8b1-001e-001c-274a-ff8c26000000Time:2018-06-08T17:03:29.6637389Z</Message></Error>.
Client-Request-ID=dd4d9a09-6b3d-11e8-9288-000d3a71b7c3 Retry policy did not allow for a retry: Server-Timestamp=Fri, 08 Jun 2018 17:03:29 GMT, Server-Request-ID=c9e3d948-501e-002d-7d4a-ffd7f1000000, HTTP status code=409, Exception=The specified container already exists.ErrorCode: ContainerAlreadyExists<?xml version="1.0" encoding="utf-8"?><Error><Code>ContainerAlreadyExists</Code><Message>The specified container already exists.RequestId:c9e3d948-501e-002d-7d4a-ffd7f1000000Time:2018-06-08T17:03:29.8403344Z</Message></Error>.
Traceback (most recent call last):
  File "/home/ninghai/miniconda3/envs/candidate/lib/python3.6/site-packages/azureml/core/webservice/webservice.py", line 291, in _deploy_webservice
    resp.raise_for_status()
  File "/home/ninghai/miniconda3/envs/candidate/lib/python3.6/site-packages/requests/models.py", line 935, in raise_for_status
    raise HTTPError(http_error_msg, response=self)
requests.exceptions.HTTPError: 409 Client Error: Conflict for url: https://eastus2.modelmanagement.azureml.net/api/subscriptions/fac34303-435d-4486-8c3f-7094d82a0b60/resourceGroups/aml-notebooks/providers/Microsoft.MachineLearningServices/workspaces/haieastus2ws3/services?api-version=2018-03-01-preview

During handling of the above exception, another exception occurred:

Traceback (most recent call last):
  File "./01.interactive.e2e.py", line 139, in <module>
    driver = 'score.py')
  File "/home/ninghai/miniconda3/envs/candidate/lib/python3.6/site-packages/azureml/core/workspace.py", line 787, in deploy_webservice
    return Webservice.deploy_from_image(self, name, image, deploy_config, target)
  File "/home/ninghai/miniconda3/envs/candidate/lib/python3.6/site-packages/azureml/core/webservice/webservice.py", line 253, in deploy_from_image
    return child._deploy(workspace, name, image, deployment_config)
  File "/home/ninghai/miniconda3/envs/candidate/lib/python3.6/site-packages/azureml/core/webservice/aci.py", line 108, in _deploy
    return Webservice._deploy_webservice(workspace, name, create_payload, AciWebservice)
  File "/home/ninghai/miniconda3/envs/candidate/lib/python3.6/site-packages/azureml/core/webservice/webservice.py", line 296, in _deploy_webservice
    'Content: {}'.format(resp.status_code, resp.headers, resp.content))
azureml.exceptions.azureml_exception.WebserviceException: Received bad response from Model Management Service:
Response Code: 409
Headers: {'Date': 'Fri, 08 Jun 2018 17:05:00 GMT', 'Content-Type': 'application/json', 'Transfer-Encoding': 'chunked', 'Connection': 'keep-alive', 'api-supported-versions': '2018-03-01-preview', 'x-ms-client-request-id': 'b268539b52a84dd58659e7e45517e05b', 'x-ms-client-session-id': '', 'Strict-Transport-Security': 'max-age=15724800; includeSubDomains; preload'}
Content: b'{"code":"Conflict","statusCode":409,"message":"Conflict","details":[{"code":"ServiceWithNameExists","message":"Workspace haieastus2ws3 already contains a Service with name: rrs01a"}]}'
Client-Request-ID=202599e2-6b43-11e8-9288-000d3a71b7c3 Retry policy did not allow for a retry: Server-Timestamp=Fri, 08 Jun 2018 17:41:08 GMT, Server-Request-ID=4bc119be-101e-0021-294f-ff3900000000, HTTP status code=409, Exception=The specified container already exists.ErrorCode: ContainerAlreadyExists<?xml version="1.0" encoding="utf-8"?><Error><Code>ContainerAlreadyExists</Code><Message>The specified container already exists.RequestId:4bc119be-101e-0021-294f-ff3900000000Time:2018-06-08T17:41:08.2143694Z</Message></Error>.
Client-Request-ID=202599e4-6b43-11e8-9288-000d3a71b7c3 Retry policy did not allow for a retry: Server-Timestamp=Fri, 08 Jun 2018 17:41:07 GMT, Server-Request-ID=00ba1aeb-c01e-000a-544f-ff4db8000000, HTTP status code=409, Exception=The specified container already exists.ErrorCode: ContainerAlreadyExists<?xml version="1.0" encoding="utf-8"?><Error><Code>ContainerAlreadyExists</Code><Message>The specified container already exists.RequestId:00ba1aeb-c01e-000a-544f-ff4db8000000Time:2018-06-08T17:41:08.3755277Z</Message></Error>.
Client-Request-ID=202599e6-6b43-11e8-9288-000d3a71b7c3 Retry policy did not allow for a retry: Server-Timestamp=Fri, 08 Jun 2018 17:41:07 GMT, Server-Request-ID=1105b529-901e-007f-284f-ffca03000000, HTTP status code=409, Exception=The specified container already exists.ErrorCode: ContainerAlreadyExists<?xml version="1.0" encoding="utf-8"?><Error><Code>ContainerAlreadyExists</Code><Message>The specified container already exists.RequestId:1105b529-901e-007f-284f-ffca03000000Time:2018-06-08T17:41:08.5704142Z</Message></Error>.
Client-Request-ID=202599e8-6b43-11e8-9288-000d3a71b7c3 Retry policy did not allow for a retry: Server-Timestamp=Fri, 08 Jun 2018 17:41:08 GMT, Server-Request-ID=d071d994-701e-0090-664f-ffc17d000000, HTTP status code=409, Exception=The specified container already exists.ErrorCode: ContainerAlreadyExists<?xml version="1.0" encoding="utf-8"?><Error><Code>ContainerAlreadyExists</Code><Message>The specified container already exists.RequestId:d071d994-701e-0090-664f-ffc17d000000Time:2018-06-08T17:41:08.7304497Z</Message></Error>.
Traceback (most recent call last):
  File "/home/ninghai/miniconda3/envs/candidate/lib/python3.6/site-packages/azureml/core/webservice/webservice.py", line 291, in _deploy_webservice
    resp.raise_for_status()
  File "/home/ninghai/miniconda3/envs/candidate/lib/python3.6/site-packages/requests/models.py", line 935, in raise_for_status
    raise HTTPError(http_error_msg, response=self)
requests.exceptions.HTTPError: 409 Client Error: Conflict for url: https://eastus2.modelmanagement.azureml.net/api/subscriptions/fac34303-435d-4486-8c3f-7094d82a0b60/resourceGroups/aml-notebooks/providers/Microsoft.MachineLearningServices/workspaces/haieastus2ws3/services?api-version=2018-03-01-preview

During handling of the above exception, another exception occurred:

Traceback (most recent call last):
  File "./10.o16n.py", line 64, in <module>
    image = image)
  File "/home/ninghai/miniconda3/envs/candidate/lib/python3.6/site-packages/azureml/core/workspace.py", line 787, in deploy_webservice
    return Webservice.deploy_from_image(self, name, image, deploy_config, target)
  File "/home/ninghai/miniconda3/envs/candidate/lib/python3.6/site-packages/azureml/core/webservice/webservice.py", line 253, in deploy_from_image
    return child._deploy(workspace, name, image, deployment_config)
  File "/home/ninghai/miniconda3/envs/candidate/lib/python3.6/site-packages/azureml/core/webservice/aci.py", line 108, in _deploy
    return Webservice._deploy_webservice(workspace, name, create_payload, AciWebservice)
  File "/home/ninghai/miniconda3/envs/candidate/lib/python3.6/site-packages/azureml/core/webservice/webservice.py", line 296, in _deploy_webservice
    'Content: {}'.format(resp.status_code, resp.headers, resp.content))
azureml.exceptions.azureml_exception.WebserviceException: Received bad response from Model Management Service:
Response Code: 409
Headers: {'Date': 'Fri, 08 Jun 2018 17:42:45 GMT', 'Content-Type': 'application/json', 'Transfer-Encoding': 'chunked', 'Connection': 'keep-alive', 'api-supported-versions': '2018-03-01-preview', 'x-ms-client-request-id': '7bafb2afc343419fb7fc6ce81b3172fc', 'x-ms-client-session-id': '', 'Strict-Transport-Security': 'max-age=15724800; includeSubDomains; preload'}
Content: b'{"code":"Conflict","statusCode":409,"message":"Conflict","details":[{"code":"ServiceWithNameExists","message":"Workspace haieastus2ws3 already contains a Service with name: rrs02"}]}'
error: Your local changes to the following files would be overwritten by checkout:
	e2e_test/aml_config/config.json
	e2e_test/best_model.pkl
	e2e_test/mse_over_alpha.png
Please, commit your changes or stash them before you can switch branches.
Aborting
