/data/git/hai/e2e_test
*** git branch status before ***
  candidate
  daily
* master
On branch master
Your branch is up-to-date with 'origin/master'.
Changes not staged for commit:
  (use "git add <file>..." to update what will be committed)
  (use "git checkout -- <file>..." to discard changes in working directory)

	modified:   best_model.pkl
	modified:   mse_over_alpha.png

no changes added to commit (use "git add" and/or "git commit -a")
*** daily ***
Saved working directory and index state WIP on master: 505f499 update-aml
HEAD is now at 505f499 update-aml
git checkout daily
Your branch is ahead of 'origin/daily' by 10 commits.
  (use "git push" to publish your local commits)
Already up-to-date.
*** git branch status after ***
  candidate
* daily
  master
On branch daily
Your branch is ahead of 'origin/daily' by 10 commits.
  (use "git push" to publish your local commits)
nothing to commit, working directory clean
###################################
START AT: 2018-06-03-06:01:39
###################################


##### 01.interactive.e2e.py (2018-06-03-06:01:39) ######
Azure ML Core SDK Version: 0.1.0.998005
Found config.json in: /data/git/hai/e2e_test/aml_config/config.json
Workspace details:
aml-notebooks haieastus2euapws eastus2euap
start sequential parameter sweep...
try alpha value of 0.00
try alpha value of 0.05
try alpha value of 0.10
try alpha value of 0.15
try alpha value of 0.20
try alpha value of 0.25
try alpha value of 0.30
try alpha value of 0.35
try alpha value of 0.40
try alpha value of 0.45
try alpha value of 0.50
try alpha value of 0.55
try alpha value of 0.60
try alpha value of 0.65
try alpha value of 0.70
try alpha value of 0.75
try alpha value of 0.80
try alpha value of 0.85
try alpha value of 0.90
try alpha value of 0.95
Find the best run.
Best run is: 491a7833-df97-43c6-adee-3faf9f65ff2d
Metrics: {'alpha': 0.4, 'mse': 3295.741064355809, 'columns': ['age', 'gender', 'bmi', 'bp', 's1', 's2', 's3', 's4', 's5', 's6']}
Run history url:
https://mlworkspace.azureml-test.net/home/%2Fsubscriptions%2Ffac34303-435d-4486-8c3f-7094d82a0b60%2FresourceGroups%2Faml-notebooks%2Fproviders%2FMicrosoft.MachineLearningServices%2Fworkspaces%2Fhaieastus2euapws/projects/e2e-01/run-history/run-details/491a7833-df97-43c6-adee-3faf9f65ff2d
plot mse_over_alpha.png
upload mse_over_alpha.png.
deploying to ACI...
Registering model best_model.pkl
Creating image
Image creation operation finished for image rrs01a:11, operation "Succeeded"
Creating service


##### 02.local.py (2018-06-03-06:05:03) ################
Azure ML Core SDK Version: 0.1.0.998005
Found config.json in: /data/git/hai/e2e_test/aml_config/config.json
Workspace details:
aml-notebooks haieastus2euapws eastus2euap
/tmp/e2e-test/02 already exists, remove it.
/tmp/e2e-test/02
e2e-02
copy train-sklearn.py to the project folder.
load run config

##################################################
submitting train-sklearn.py for a local run...
##################################################

https://mlworkspace.azureml-test.net/home/%2Fsubscriptions%2Ffac34303-435d-4486-8c3f-7094d82a0b60%2FresourceGroups%2Faml-notebooks%2Fproviders%2FMicrosoft.MachineLearningServices%2Fworkspaces%2Fhaieastus2euapws/projects/e2e-02/run-history/run-details/e2e-02_1528020308
RunId: e2e-02_1528020308

Streaming azureml-logs/60_control_log.txt
=========================================

Uploading experiment status to history service.
Adding run profile attachment azureml-logs/60_control_log.txt
Running: ['python', 'azureml-setup/run_script.py', 'python', 'azureml-setup/context_manager_injector.py', '-i', 'ProjectPythonPath:context_managers.ProjectPythonPath', '-i', 'OutputCollection:context_managers.RunHistory', 'train-sklearn.py']
Logging experiment running status in history service.
Uploading experiment status to history service.
Adding run profile attachment azureml-logs/80_driver_log.txt

Streaming azureml-logs/80_driver_log.txt
========================================

alpha is 0.00, and mse is 3424.32
alpha is 0.05, and mse is 3408.92
alpha is 0.10, and mse is 3372.65
alpha is 0.15, and mse is 3345.15
alpha is 0.20, and mse is 3325.29
alpha is 0.25, and mse is 3311.56
alpha is 0.30, and mse is 3302.67
Traceback (most recent call last):
  File "/home/ninghai/miniconda3/envs/daily/lib/python3.6/site-packages/requests/adapters.py", line 440, in send
    timeout=timeout
  File "/home/ninghai/miniconda3/envs/daily/lib/python3.6/site-packages/urllib3/connectionpool.py", line 732, in urlopen
    body_pos=body_pos, **response_kw)
  File "/home/ninghai/miniconda3/envs/daily/lib/python3.6/site-packages/urllib3/connectionpool.py", line 732, in urlopen
    body_pos=body_pos, **response_kw)
  File "/home/ninghai/miniconda3/envs/daily/lib/python3.6/site-packages/urllib3/connectionpool.py", line 732, in urlopen
    body_pos=body_pos, **response_kw)
  File "/home/ninghai/miniconda3/envs/daily/lib/python3.6/site-packages/urllib3/connectionpool.py", line 712, in urlopen
    retries = retries.increment(method, url, response=response, _pool=self)
  File "/home/ninghai/miniconda3/envs/daily/lib/python3.6/site-packages/urllib3/util/retry.py", line 388, in increment
    raise MaxRetryError(_pool, url, error or ResponseError(cause))
urllib3.exceptions.MaxRetryError: HTTPSConnectionPool(host='eastus2euap.experiments.azureml.net', port=443): Max retries exceeded with url: /history/v1.0/subscriptions/fac34303-435d-4486-8c3f-7094d82a0b60/resourceGroups/aml-notebooks/providers/Microsoft.MachineLearningServices/workspaces/haieastus2euapws/projects/e2e-02/runs/e2e-02_1528020308/runmetrics (Caused by ResponseError('too many 500 error responses',))

During handling of the above exception, another exception occurred:

Traceback (most recent call last):
  File "/home/ninghai/miniconda3/envs/daily/lib/python3.6/site-packages/msrest/service_client.py", line 257, in send
    **kwargs)
  File "/home/ninghai/miniconda3/envs/daily/lib/python3.6/site-packages/requests/sessions.py", line 508, in request
    resp = self.send(prep, **send_kwargs)
  File "/home/ninghai/miniconda3/envs/daily/lib/python3.6/site-packages/requests/sessions.py", line 618, in send
    r = adapter.send(request, **kwargs)
  File "/home/ninghai/miniconda3/envs/daily/lib/python3.6/site-packages/requests/adapters.py", line 499, in send
    raise RetryError(e, request=request)
requests.exceptions.RetryError: HTTPSConnectionPool(host='eastus2euap.experiments.azureml.net', port=443): Max retries exceeded with url: /history/v1.0/subscriptions/fac34303-435d-4486-8c3f-7094d82a0b60/resourceGroups/aml-notebooks/providers/Microsoft.MachineLearningServices/workspaces/haieastus2euapws/projects/e2e-02/runs/e2e-02_1528020308/runmetrics (Caused by ResponseError('too many 500 error responses',))

During handling of the above exception, another exception occurred:

Traceback (most recent call last):
  File "azureml-setup/context_manager_injector.py", line 72, in execute_with_context
    runpy.run_path(sys.argv[0], globals(), run_name="__main__")
  File "/home/ninghai/miniconda3/envs/daily/lib/python3.6/runpy.py", line 263, in run_path
    pkg_name=pkg_name, script_name=fname)
  File "/home/ninghai/miniconda3/envs/daily/lib/python3.6/runpy.py", line 96, in _run_module_code
    mod_name, mod_spec, pkg_name, script_name)
  File "/home/ninghai/miniconda3/envs/daily/lib/python3.6/runpy.py", line 85, in _run_code
    exec(code, run_globals)
  File "train-sklearn.py", line 32, in <module>
    run.log('mse', mse)
  File "/home/ninghai/miniconda3/envs/daily/lib/python3.6/site-packages/azureml/core/run.py", line 452, in log
    self._client.log(name, value, description)
  File "/home/ninghai/miniconda3/envs/daily/lib/python3.6/site-packages/azureml/_run_impl/metrics_client.py", line 27, in log
    self.log_scalar(name, value, description)
  File "/home/ninghai/miniconda3/envs/daily/lib/python3.6/site-packages/azureml/_run_impl/metrics_client.py", line 115, in log_scalar
    metric_type="azureml.old.scalar")
  File "/home/ninghai/miniconda3/envs/daily/lib/python3.6/site-packages/azureml/_run_impl/metrics_client.py", line 67, in _log
    return self._client.post_runmetrics(self.get_run_id(), run_metric_dto)
  File "/home/ninghai/miniconda3/envs/daily/lib/python3.6/site-packages/azureml/restclient/run_history_client.py", line 213, in post_runmetrics
    run_metric_dto=run_metric_dto)
  File "/home/ninghai/miniconda3/envs/daily/lib/python3.6/site-packages/azureml/restclient/project_client.py", line 58, in _execute_with_project_arguments
    **kwargs_copy)
  File "/home/ninghai/miniconda3/envs/daily/lib/python3.6/site-packages/azureml/restclient/clientbase.py", line 101, in _execute_with_base_arguments
    return func(*args, **kwargs)
  File "/home/ninghai/miniconda3/envs/daily/lib/python3.6/site-packages/azureml/restclient/operations/runmetric_operations.py", line 179, in post
    request, header_parameters, body_content, stream=False, **operation_config)
  File "/home/ninghai/miniconda3/envs/daily/lib/python3.6/site-packages/msrest/service_client.py", line 290, in send
    raise_with_traceback(ClientRequestError, msg, err)
  File "/home/ninghai/miniconda3/envs/daily/lib/python3.6/site-packages/msrest/exceptions.py", line 45, in raise_with_traceback
    raise error.with_traceback(exc_traceback)
  File "/home/ninghai/miniconda3/envs/daily/lib/python3.6/site-packages/msrest/service_client.py", line 257, in send
    **kwargs)
  File "/home/ninghai/miniconda3/envs/daily/lib/python3.6/site-packages/requests/sessions.py", line 508, in request
    resp = self.send(prep, **send_kwargs)
  File "/home/ninghai/miniconda3/envs/daily/lib/python3.6/site-packages/requests/sessions.py", line 618, in send
    r = adapter.send(request, **kwargs)
  File "/home/ninghai/miniconda3/envs/daily/lib/python3.6/site-packages/requests/adapters.py", line 499, in send
    raise RetryError(e, request=request)
msrest.exceptions.ClientRequestError: Error occurred in request., RetryError: HTTPSConnectionPool(host='eastus2euap.experiments.azureml.net', port=443): Max retries exceeded with url: /history/v1.0/subscriptions/fac34303-435d-4486-8c3f-7094d82a0b60/resourceGroups/aml-notebooks/providers/Microsoft.MachineLearningServices/workspaces/haieastus2euapws/projects/e2e-02/runs/e2e-02_1528020308/runmetrics (Caused by ResponseError('too many 500 error responses',))

Traceback (most recent call last):
  File "/home/ninghai/miniconda3/envs/daily/lib/python3.6/site-packages/requests/adapters.py", line 440, in send
    timeout=timeout
  File "/home/ninghai/miniconda3/envs/daily/lib/python3.6/site-packages/urllib3/connectionpool.py", line 732, in urlopen
    body_pos=body_pos, **response_kw)
  File "/home/ninghai/miniconda3/envs/daily/lib/python3.6/site-packages/urllib3/connectionpool.py", line 732, in urlopen
    body_pos=body_pos, **response_kw)
  File "/home/ninghai/miniconda3/envs/daily/lib/python3.6/site-packages/urllib3/connectionpool.py", line 732, in urlopen
    body_pos=body_pos, **response_kw)
  File "/home/ninghai/miniconda3/envs/daily/lib/python3.6/site-packages/urllib3/connectionpool.py", line 712, in urlopen
    retries = retries.increment(method, url, response=response, _pool=self)
  File "/home/ninghai/miniconda3/envs/daily/lib/python3.6/site-packages/urllib3/util/retry.py", line 388, in increment
    raise MaxRetryError(_pool, url, error or ResponseError(cause))
urllib3.exceptions.MaxRetryError: HTTPSConnectionPool(host='eastus2euap.experiments.azureml.net', port=443): Max retries exceeded with url: /history/v1.0/subscriptions/fac34303-435d-4486-8c3f-7094d82a0b60/resourceGroups/aml-notebooks/providers/Microsoft.MachineLearningServices/workspaces/haieastus2euapws/projects/e2e-02/runs/e2e-02_1528020308/runmetrics (Caused by ResponseError('too many 500 error responses',))

During handling of the above exception, another exception occurred:

Traceback (most recent call last):
  File "/home/ninghai/miniconda3/envs/daily/lib/python3.6/site-packages/msrest/service_client.py", line 257, in send
    **kwargs)
  File "/home/ninghai/miniconda3/envs/daily/lib/python3.6/site-packages/requests/sessions.py", line 508, in request
    resp = self.send(prep, **send_kwargs)
  File "/home/ninghai/miniconda3/envs/daily/lib/python3.6/site-packages/requests/sessions.py", line 618, in send
    r = adapter.send(request, **kwargs)
  File "/home/ninghai/miniconda3/envs/daily/lib/python3.6/site-packages/requests/adapters.py", line 499, in send
    raise RetryError(e, request=request)
requests.exceptions.RetryError: HTTPSConnectionPool(host='eastus2euap.experiments.azureml.net', port=443): Max retries exceeded with url: /history/v1.0/subscriptions/fac34303-435d-4486-8c3f-7094d82a0b60/resourceGroups/aml-notebooks/providers/Microsoft.MachineLearningServices/workspaces/haieastus2euapws/projects/e2e-02/runs/e2e-02_1528020308/runmetrics (Caused by ResponseError('too many 500 error responses',))

During handling of the above exception, another exception occurred:

Traceback (most recent call last):
  File "azureml-setup/context_manager_injector.py", line 119, in <module>
    execute_with_context(cm_objects, options.invocation)
  File "azureml-setup/context_manager_injector.py", line 72, in execute_with_context
    runpy.run_path(sys.argv[0], globals(), run_name="__main__")
  File "/home/ninghai/miniconda3/envs/daily/lib/python3.6/runpy.py", line 263, in run_path
    pkg_name=pkg_name, script_name=fname)
  File "/home/ninghai/miniconda3/envs/daily/lib/python3.6/runpy.py", line 96, in _run_module_code
    mod_name, mod_spec, pkg_name, script_name)
  File "/home/ninghai/miniconda3/envs/daily/lib/python3.6/runpy.py", line 85, in _run_code
    exec(code, run_globals)
  File "train-sklearn.py", line 32, in <module>
    run.log('mse', mse)
  File "/home/ninghai/miniconda3/envs/daily/lib/python3.6/site-packages/azureml/core/run.py", line 452, in log
    self._client.log(name, value, description)
  File "/home/ninghai/miniconda3/envs/daily/lib/python3.6/site-packages/azureml/_run_impl/metrics_client.py", line 27, in log
    self.log_scalar(name, value, description)
  File "/home/ninghai/miniconda3/envs/daily/lib/python3.6/site-packages/azureml/_run_impl/metrics_client.py", line 115, in log_scalar
    metric_type="azureml.old.scalar")
  File "/home/ninghai/miniconda3/envs/daily/lib/python3.6/site-packages/azureml/_run_impl/metrics_client.py", line 67, in _log
    return self._client.post_runmetrics(self.get_run_id(), run_metric_dto)
  File "/home/ninghai/miniconda3/envs/daily/lib/python3.6/site-packages/azureml/restclient/run_history_client.py", line 213, in post_runmetrics
    run_metric_dto=run_metric_dto)
  File "/home/ninghai/miniconda3/envs/daily/lib/python3.6/site-packages/azureml/restclient/project_client.py", line 58, in _execute_with_project_arguments
    **kwargs_copy)
  File "/home/ninghai/miniconda3/envs/daily/lib/python3.6/site-packages/azureml/restclient/clientbase.py", line 101, in _execute_with_base_arguments
    return func(*args, **kwargs)
  File "/home/ninghai/miniconda3/envs/daily/lib/python3.6/site-packages/azureml/restclient/operations/runmetric_operations.py", line 179, in post
    request, header_parameters, body_content, stream=False, **operation_config)
  File "/home/ninghai/miniconda3/envs/daily/lib/python3.6/site-packages/msrest/service_client.py", line 290, in send
    raise_with_traceback(ClientRequestError, msg, err)
  File "/home/ninghai/miniconda3/envs/daily/lib/python3.6/site-packages/msrest/exceptions.py", line 45, in raise_with_traceback
    raise error.with_traceback(exc_traceback)
  File "/home/ninghai/miniconda3/envs/daily/lib/python3.6/site-packages/msrest/service_client.py", line 257, in send
    **kwargs)
  File "/home/ninghai/miniconda3/envs/daily/lib/python3.6/site-packages/requests/sessions.py", line 508, in request
    resp = self.send(prep, **send_kwargs)
  File "/home/ninghai/miniconda3/envs/daily/lib/python3.6/site-packages/requests/sessions.py", line 618, in send
    r = adapter.send(request, **kwargs)
  File "/home/ninghai/miniconda3/envs/daily/lib/python3.6/site-packages/requests/adapters.py", line 499, in send
    raise RetryError(e, request=request)
msrest.exceptions.ClientRequestError: Error occurred in request., RetryError: HTTPSConnectionPool(host='eastus2euap.experiments.azureml.net', port=443): Max retries exceeded with url: /history/v1.0/subscriptions/fac34303-435d-4486-8c3f-7094d82a0b60/resourceGroups/aml-notebooks/providers/Microsoft.MachineLearningServices/workspaces/haieastus2euapws/projects/e2e-02/runs/e2e-02_1528020308/runmetrics (Caused by ResponseError('too many 500 error responses',))

Execution Summary
=================
RunId: e2e-02_1528020308


##################################################
Submitting train-sklearn.py for a local conda run...
##################################################

https://mlworkspace.azureml-test.net/home/%2Fsubscriptions%2Ffac34303-435d-4486-8c3f-7094d82a0b60%2FresourceGroups%2Faml-notebooks%2Fproviders%2FMicrosoft.MachineLearningServices%2Fworkspaces%2Fhaieastus2euapws/projects/e2e-02/run-history/run-details/e2e-02_1528020350
RunId: e2e-02_1528020350

Streaming azureml-logs/80_driver_log.txt
========================================

alpha is 0.00, and mse is 3424.32
alpha is 0.05, and mse is 3408.92
alpha is 0.10, and mse is 3372.65
alpha is 0.15, and mse is 3345.15
alpha is 0.20, and mse is 3325.29
alpha is 0.25, and mse is 3311.56
alpha is 0.30, and mse is 3302.67
alpha is 0.35, and mse is 3297.66
alpha is 0.40, and mse is 3295.74
alpha is 0.45, and mse is 3296.32
alpha is 0.50, and mse is 3298.91
alpha is 0.55, and mse is 3303.14
alpha is 0.60, and mse is 3308.70
alpha is 0.65, and mse is 3315.36
alpha is 0.70, and mse is 3322.90
alpha is 0.75, and mse is 3331.17
alpha is 0.80, and mse is 3340.02
alpha is 0.85, and mse is 3349.36
alpha is 0.90, and mse is 3359.09
alpha is 0.95, and mse is 3369.13
The experiment completed successfully. Starting post-processing steps.

Execution Summary
=================
RunId: e2e-02_1528020350

When alpha is 0.40, we have min MSE 3295.74.


##### 03.aci.py (2018-06-03-06:06:25) ##################
Azure ML Core SDK Version: 0.1.0.998005
Found config.json in: /data/git/hai/e2e_test/aml_config/config.json
Workspace details:
aml-notebooks haieastus2euapws eastus2euap
/tmp/e2e-test/03 already exists, remove it.
/tmp/e2e-test/03
e2e-03
copy train-sklearn.py to the project folder.

##################################################
ACI run...
##################################################

Create a run config object for ACI
base image is continuumio/miniconda3:4.4.10
submitting run...
https://mlworkspace.azureml-test.net/home/%2Fsubscriptions%2Ffac34303-435d-4486-8c3f-7094d82a0b60%2FresourceGroups%2Faml-notebooks%2Fproviders%2FMicrosoft.MachineLearningServices%2Fworkspaces%2Fhaieastus2euapws/projects/e2e-03/run-history/run-details/e2e-03_1528020388467
RunId: e2e-03_1528020388467

Streaming azureml-logs/60_control_log.txt
=========================================

Uploading experiment status to history service.
Adding run profile attachment azureml-logs/80_driver_log.txt

Streaming azureml-logs/80_driver_log.txt
========================================

alpha is 0.00, and mse is 3424.32
alpha is 0.05, and mse is 3408.92
alpha is 0.10, and mse is 3372.65
alpha is 0.15, and mse is 3345.15
alpha is 0.20, and mse is 3325.29
alpha is 0.25, and mse is 3311.56
alpha is 0.30, and mse is 3302.67
alpha is 0.35, and mse is 3297.66
alpha is 0.40, and mse is 3295.74
alpha is 0.45, and mse is 3296.32
alpha is 0.50, and mse is 3298.91
alpha is 0.55, and mse is 3303.14
alpha is 0.60, and mse is 3308.70
alpha is 0.65, and mse is 3315.36
alpha is 0.70, and mse is 3322.90
alpha is 0.75, and mse is 3331.17
alpha is 0.80, and mse is 3340.02
alpha is 0.85, and mse is 3349.36
alpha is 0.90, and mse is 3359.09
alpha is 0.95, and mse is 3369.13
The experiment completed successfully. Starting post-processing steps.

Execution Summary
=================
RunId: e2e-03_1528020388467

When alpha is 0.40, we have min MSE 3295.74.


##### 04.dsvm (2018-06-03-06:12:12) ####################
Azure ML Core SDK Version: 0.1.0.998005
Found config.json in: /data/git/hai/e2e_test/aml_config/config.json
Workspace details:
aml-notebooks haieastus2euapws eastus2euap
/tmp/e2e-test/04 already exists, remove it.
/tmp/e2e-test/04
e2e-04
copy train-sklearn.py to the project folder.

##################################################
Bare VM run
##################################################

Load the cpu-dsvm config from aml_config directory...
submit run...
https://mlworkspace.azureml-test.net/home/%2Fsubscriptions%2Ffac34303-435d-4486-8c3f-7094d82a0b60%2FresourceGroups%2Faml-notebooks%2Fproviders%2FMicrosoft.MachineLearningServices%2Fworkspaces%2Fhaieastus2euapws/projects/e2e-04/run-history/run-details/e2e-04_1528020745116
RunId: e2e-04_1528020745116

Streaming azureml-logs/80_driver_log.txt
========================================

alpha is 0.00, and mse is 3424.32
alpha is 0.05, and mse is 3408.92
alpha is 0.10, and mse is 3372.65
alpha is 0.15, and mse is 3345.15
alpha is 0.20, and mse is 3325.29
alpha is 0.25, and mse is 3311.56
alpha is 0.30, and mse is 3302.67
alpha is 0.35, and mse is 3297.66
alpha is 0.40, and mse is 3295.74
alpha is 0.45, and mse is 3296.32
alpha is 0.50, and mse is 3298.91
alpha is 0.55, and mse is 3303.14
alpha is 0.60, and mse is 3308.70
alpha is 0.65, and mse is 3315.36
alpha is 0.70, and mse is 3322.90
alpha is 0.75, and mse is 3331.17
alpha is 0.80, and mse is 3340.02
alpha is 0.85, and mse is 3349.36
alpha is 0.90, and mse is 3359.09
alpha is 0.95, and mse is 3369.13
The experiment completed successfully. Starting post-processing steps.

Execution Summary
=================
RunId: e2e-04_1528020745116


##################################################
DSVM Docker run...
##################################################

Load cpu-dsvm run config and make it to use Docker.
Base Docker image is: continuumio/miniconda3:4.4.10
submitting run...
https://mlworkspace.azureml-test.net/home/%2Fsubscriptions%2Ffac34303-435d-4486-8c3f-7094d82a0b60%2FresourceGroups%2Faml-notebooks%2Fproviders%2FMicrosoft.MachineLearningServices%2Fworkspaces%2Fhaieastus2euapws/projects/e2e-04/run-history/run-details/e2e-04_1528020786784
RunId: e2e-04_1528020786784

Streaming azureml-logs/80_driver_log.txt
========================================

alpha is 0.00, and mse is 3424.32
alpha is 0.05, and mse is 3408.92
alpha is 0.10, and mse is 3372.65
alpha is 0.15, and mse is 3345.15
alpha is 0.20, and mse is 3325.29
alpha is 0.25, and mse is 3311.56
alpha is 0.30, and mse is 3302.67
alpha is 0.35, and mse is 3297.66
alpha is 0.40, and mse is 3295.74
alpha is 0.45, and mse is 3296.32
alpha is 0.50, and mse is 3298.91
alpha is 0.55, and mse is 3303.14
alpha is 0.60, and mse is 3308.70
alpha is 0.65, and mse is 3315.36
alpha is 0.70, and mse is 3322.90
alpha is 0.75, and mse is 3331.17
alpha is 0.80, and mse is 3340.02
alpha is 0.85, and mse is 3349.36
alpha is 0.90, and mse is 3359.09
alpha is 0.95, and mse is 3369.13
The experiment completed successfully. Starting post-processing steps.

Execution Summary
=================
RunId: e2e-04_1528020786784

load cpu-dsvm run config and make it use a custom Docker image.
base image: ninghai/azureml:0.3

##################################################
submitting train-sklearn.py for a Custom Docker run on VM...
##################################################

https://mlworkspace.azureml-test.net/home/%2Fsubscriptions%2Ffac34303-435d-4486-8c3f-7094d82a0b60%2FresourceGroups%2Faml-notebooks%2Fproviders%2FMicrosoft.MachineLearningServices%2Fworkspaces%2Fhaieastus2euapws/projects/e2e-04/run-history/run-details/e2e-04_1528020826478
RunId: e2e-04_1528020826478

Streaming azureml-logs/80_driver_log.txt
========================================

alpha is 0.00, and mse is 3424.32
alpha is 0.05, and mse is 3408.92
alpha is 0.10, and mse is 3372.65
alpha is 0.15, and mse is 3345.15
alpha is 0.20, and mse is 3325.29
alpha is 0.25, and mse is 3311.56
alpha is 0.30, and mse is 3302.67
alpha is 0.35, and mse is 3297.66
alpha is 0.40, and mse is 3295.74
alpha is 0.45, and mse is 3296.32
alpha is 0.50, and mse is 3298.91
alpha is 0.55, and mse is 3303.14
alpha is 0.60, and mse is 3308.70
alpha is 0.65, and mse is 3315.36
alpha is 0.70, and mse is 3322.90
alpha is 0.75, and mse is 3331.17
alpha is 0.80, and mse is 3340.02
alpha is 0.85, and mse is 3349.36
alpha is 0.90, and mse is 3359.09
alpha is 0.95, and mse is 3369.13
The experiment completed successfully. Starting post-processing steps.

Execution Summary
=================
RunId: e2e-04_1528020826478

When alpha is 0.40, we have min MSE 3295.74.


##### 05.spark (2018-06-03-06:14:28) ###################
Azure ML Core SDK Version: 0.1.0.998005
Found config.json in: /data/git/hai/e2e_test/aml_config/config.json
Workspace details:
aml-notebooks haieastus2euapws eastus2euap
/tmp/e2e-test/05 already exists, remove it.
/tmp/e2e-test/05
e2e-05
copy train-spark.py and iris.csv to the project folder.
create an ACI run config.
base image is microsoft/mmlspark:0.12

##################################################
submitting train-spark.py for a Spark run on ACI...
##################################################

https://mlworkspace.azureml-test.net/home/%2Fsubscriptions%2Ffac34303-435d-4486-8c3f-7094d82a0b60%2FresourceGroups%2Faml-notebooks%2Fproviders%2FMicrosoft.MachineLearningServices%2Fworkspaces%2Fhaieastus2euapws/projects/e2e-05/run-history/run-details/e2e-05_1528020880552
RunId: e2e-05_1528020880552

Streaming azureml-logs/60_control_log.txt
=========================================

Uploading experiment status to history service.
Adding run profile attachment azureml-logs/80_driver_log.txt

Streaming azureml-logs/80_driver_log.txt
========================================

Using Spark's default log4j profile: org/apache/spark/log4j-defaults.properties
Setting default log level to "WARN".
To adjust logging level use sc.setLogLevel(newLevel). For SparkR, use setLogLevel(newLevel).
18/06/03 10:22:58 WARN NativeCodeLoader: Unable to load native-hadoop library for your platform... using builtin-java classes where applicable
****************
Python version: 3.6.2 |Anaconda, Inc.| (default, Oct  5 2017, 07:59:26) 
[GCC 7.2.0]
Spark version: 2.2.1
****************
First 10 rows of Iris dataset:
+------------+-----------+------------+-----------+-----------+
|sepal-length|sepal-width|petal-length|petal-width|      class|
+------------+-----------+------------+-----------+-----------+
|         5.1|        3.5|         1.4|        0.2|Iris-setosa|
|         4.9|        3.0|         1.4|        0.2|Iris-setosa|
|         4.7|        3.2|         1.3|        0.2|Iris-setosa|
|         4.6|        3.1|         1.5|        0.2|Iris-setosa|
|         5.0|        3.6|         1.4|        0.2|Iris-setosa|
|         5.4|        3.9|         1.7|        0.4|Iris-setosa|
|         4.6|        3.4|         1.4|        0.3|Iris-setosa|
|         5.0|        3.4|         1.5|        0.2|Iris-setosa|
|         4.4|        2.9|         1.4|        0.2|Iris-setosa|
|         4.9|        3.1|         1.5|        0.1|Iris-setosa|
+------------+-----------+------------+-----------+-----------+
only showing top 10 rows

Load featurized dataset for machine learning...
+-----------------+-----+
|         features|label|
+-----------------+-----+
|[5.1,3.5,1.4,0.2]|  0.0|
|[4.9,3.0,1.4,0.2]|  0.0|
|[4.7,3.2,1.3,0.2]|  0.0|
|[4.6,3.1,1.5,0.2]|  0.0|
|[5.0,3.6,1.4,0.2]|  0.0|
|[5.4,3.9,1.7,0.4]|  0.0|
|[4.6,3.4,1.4,0.3]|  0.0|
|[5.0,3.4,1.5,0.2]|  0.0|
|[4.4,2.9,1.4,0.2]|  0.0|
|[4.9,3.1,1.5,0.1]|  0.0|
+-----------------+-----+
only showing top 10 rows

18/06/03 10:23:17 WARN BLAS: Failed to load implementation from: com.github.fommil.netlib.NativeSystemBLAS
18/06/03 10:23:17 WARN BLAS: Failed to load implementation from: com.github.fommil.netlib.NativeRefBLAS
Prediction
+-----------------+-----+--------------------+--------------------+----------+
|         features|label|       rawPrediction|         probability|prediction|
+-----------------+-----+--------------------+--------------------+----------+
|[4.3,3.0,1.1,0.1]|  0.0|[6.21837827872309...|[0.98119408564743...|       0.0|
|[4.4,2.9,1.4,0.2]|  0.0|[5.38108883591691...|[0.95626014636879...|       0.0|
|[4.6,3.2,1.4,0.2]|  0.0|[5.81094316282030...|[0.97510926316536...|       0.0|
|[4.7,3.2,1.6,0.2]|  0.0|[5.49972114927852...|[0.96449800068143...|       0.0|
|[4.8,3.0,1.4,0.1]|  0.0|[5.33999950084333...|[0.94037047953866...|       0.0|
|[4.8,3.1,1.6,0.2]|  0.0|[5.16046220337401...|[0.94263753177760...|       0.0|
|[4.9,3.0,1.4,0.2]|  0.0|[5.01484076884925...|[0.92255794303722...|       0.0|
|[4.9,3.1,1.5,0.1]|  0.0|[5.34727068673391...|[0.94269551989224...|       0.0|
|[4.9,3.1,1.5,0.1]|  0.0|[5.34727068673391...|[0.94269551989224...|       0.0|
|[5.0,3.4,1.6,0.4]|  0.0|[5.17516807061330...|[0.96051301862032...|       0.0|
+-----------------+-----+--------------------+--------------------+----------+
only showing top 10 rows


#####################################
Regularization rate is 0.01
Accuracy is 0.9574468085106383
#####################################

The experiment completed successfully. Starting post-processing steps.

Execution Summary
=================
RunId: e2e-05_1528020880552

attach a VM target:
Load the cpu-dsvm config and make it run Spark:
base image is: microsoft/mmlspark:0.12

##################################################
submitting train-spark.py for a Spark run on Docker in VM...
##################################################

https://mlworkspace.azureml-test.net/home/%2Fsubscriptions%2Ffac34303-435d-4486-8c3f-7094d82a0b60%2FresourceGroups%2Faml-notebooks%2Fproviders%2FMicrosoft.MachineLearningServices%2Fworkspaces%2Fhaieastus2euapws/projects/e2e-05/run-history/run-details/e2e-05_1528021558813
RunId: e2e-05_1528021558813

Streaming azureml-logs/80_driver_log.txt
========================================

https://mmlspark.azureedge.net/maven added as a remote repository with the name: repo-1
https://azuremldownloads.blob.core.windows.net/repo5qh91kdjs6 added as a remote repository with the name: repo-2
Ivy Default Cache set to: /root/.ivy2/cache
The jars for the packages stored in: /root/.ivy2/jars
:: loading settings :: url = jar:file:/home/mmlspark/lib/spark/jars/ivy-2.4.0.jar!/org/apache/ivy/core/settings/ivysettings.xml
com.microsoft.ml.spark#mmlspark_2.11 added as a dependency
com.microsoft#dprep_2.11 added as a dependency
com.microsoft.sqlserver#mssql-jdbc added as a dependency
:: resolving dependencies :: org.apache.spark#spark-submit-parent;1.0
	confs: [default]
	found com.microsoft.ml.spark#mmlspark_2.11;0.12 in repo-1
	found io.spray#spray-json_2.11;1.3.2 in central
	found com.microsoft.cntk#cntk;2.4 in central
	found org.openpnp#opencv;3.2.0-1 in central
	found com.microsoft.ml.lightgbm#lightgbmlib;2.0.120 in central
	found com.microsoft#dprep_2.11;0.18.0 in repo-2
	found com.microsoft.programSynthesis#tText;4.1.0-preview2018010901 in repo-2
	found com.microsoft.programSynthesis#dsl;4.1.0-preview2018010901 in repo-2
	found com.microsoft.programSynthesis#sText;4.1.0-preview2018010901 in repo-2
	found com.microsoft.sqlserver#mssql-jdbc;6.2.1.jre8 in central
:: resolution report :: resolve 479ms :: artifacts dl 10ms
	:: modules in use:
	com.microsoft#dprep_2.11;0.18.0 from repo-2 in [default]
	com.microsoft.cntk#cntk;2.4 from central in [default]
	com.microsoft.ml.lightgbm#lightgbmlib;2.0.120 from central in [default]
	com.microsoft.ml.spark#mmlspark_2.11;0.12 from repo-1 in [default]
	com.microsoft.programSynthesis#dsl;4.1.0-preview2018010901 from repo-2 in [default]
	com.microsoft.programSynthesis#sText;4.1.0-preview2018010901 from repo-2 in [default]
	com.microsoft.programSynthesis#tText;4.1.0-preview2018010901 from repo-2 in [default]
	com.microsoft.sqlserver#mssql-jdbc;6.2.1.jre8 from central in [default]
	io.spray#spray-json_2.11;1.3.2 from central in [default]
	org.openpnp#opencv;3.2.0-1 from central in [default]
	---------------------------------------------------------------------
	|                  |            modules            ||   artifacts   |
	|       conf       | number| search|dwnlded|evicted|| number|dwnlded|
	---------------------------------------------------------------------
	|      default     |   10  |   0   |   0   |   0   ||   10  |   0   |
	---------------------------------------------------------------------
:: retrieving :: org.apache.spark#spark-submit-parent
	confs: [default]
	0 artifacts copied, 10 already retrieved (0kB/22ms)
****************
Python version: 3.6.2 |Anaconda, Inc.| (default, Oct  5 2017, 07:59:26) 
[GCC 7.2.0]
Spark version: 2.2.1
****************
First 10 rows of Iris dataset:
+------------+-----------+------------+-----------+-----------+
|sepal-length|sepal-width|petal-length|petal-width|      class|
+------------+-----------+------------+-----------+-----------+
|         5.1|        3.5|         1.4|        0.2|Iris-setosa|
|         4.9|        3.0|         1.4|        0.2|Iris-setosa|
|         4.7|        3.2|         1.3|        0.2|Iris-setosa|
|         4.6|        3.1|         1.5|        0.2|Iris-setosa|
|         5.0|        3.6|         1.4|        0.2|Iris-setosa|
|         5.4|        3.9|         1.7|        0.4|Iris-setosa|
|         4.6|        3.4|         1.4|        0.3|Iris-setosa|
|         5.0|        3.4|         1.5|        0.2|Iris-setosa|
|         4.4|        2.9|         1.4|        0.2|Iris-setosa|
|         4.9|        3.1|         1.5|        0.1|Iris-setosa|
+------------+-----------+------------+-----------+-----------+
only showing top 10 rows

Load featurized dataset for machine learning...
+-----------------+-----+
|         features|label|
+-----------------+-----+
|[5.1,3.5,1.4,0.2]|  0.0|
|[4.9,3.0,1.4,0.2]|  0.0|
|[4.7,3.2,1.3,0.2]|  0.0|
|[4.6,3.1,1.5,0.2]|  0.0|
|[5.0,3.6,1.4,0.2]|  0.0|
|[5.4,3.9,1.7,0.4]|  0.0|
|[4.6,3.4,1.4,0.3]|  0.0|
|[5.0,3.4,1.5,0.2]|  0.0|
|[4.4,2.9,1.4,0.2]|  0.0|
|[4.9,3.1,1.5,0.1]|  0.0|
+-----------------+-----+
only showing top 10 rows

Prediction
+-----------------+-----+--------------------+--------------------+----------+
|         features|label|       rawPrediction|         probability|prediction|
+-----------------+-----+--------------------+--------------------+----------+
|[4.4,3.0,1.3,0.2]|  0.0|[5.80084155811791...|[0.97176159490409...|       0.0|
|[4.6,3.2,1.4,0.2]|  0.0|[5.88299789985431...|[0.97604230210064...|       0.0|
|[4.8,3.0,1.4,0.3]|  0.0|[5.00576073926459...|[0.93368558395849...|       0.0|
|[4.9,2.4,3.3,1.0]|  1.0|[0.34481036312384...|[0.13426630202067...|       1.0|
|[4.9,2.5,4.5,1.7]|  2.0|[-2.0404719352219...|[0.02127798495007...|       1.0|
|[4.9,3.0,1.4,0.2]|  0.0|[5.08987868116860...|[0.93027416983125...|       0.0|
|[4.9,3.1,1.5,0.1]|  0.0|[5.41344620868248...|[0.94882512725092...|       0.0|
|[5.0,3.2,1.2,0.2]|  0.0|[5.58182588819106...|[0.96082155769816...|       0.0|
|[5.0,3.3,1.4,0.2]|  0.0|[5.60262624415500...|[0.96515888417180...|       0.0|
|[5.0,3.4,1.5,0.2]|  0.0|[5.71899741793902...|[0.97160612410934...|       0.0|
+-----------------+-----+--------------------+--------------------+----------+
only showing top 10 rows


#####################################
Regularization rate is 0.01
Accuracy is 0.9333333333333333
#####################################

The experiment completed successfully. Starting post-processing steps.

Execution Summary
=================
RunId: e2e-05_1528021558813

attach HDI
Load HDI run config.

##################################################
submitting train-spark.py for a HDI run...
##################################################

https://mlworkspace.azureml-test.net/home/%2Fsubscriptions%2Ffac34303-435d-4486-8c3f-7094d82a0b60%2FresourceGroups%2Faml-notebooks%2Fproviders%2FMicrosoft.MachineLearningServices%2Fworkspaces%2Fhaieastus2euapws/projects/e2e-05/run-history/run-details/e2e-05_1528021608737
RunId: e2e-05_1528021608737

Streaming azureml-logs/60_control_log.txt
=========================================

Uploading experiment status to history service.
Adding run profile attachment azureml-logs/60_control_log.txt
  adding: iris.csv (deflated 82%)
  adding: azureml-logs/ (stored 0%)
  adding: azureml-logs/control_log.txt (deflated 12%)
  adding: train-spark.py (deflated 62%)
  adding: .amlignore (deflated 25%)
  adding: azureml-setup/ (stored 0%)
  adding: azureml-setup/interrupt_sender.py (deflated 57%)
  adding: azureml-setup/killable_subprocess.pyc (deflated 55%)
  adding: azureml-setup/conda_manager.pyc (deflated 50%)
  adding: azureml-setup/log4j.properties (deflated 56%)
  adding: azureml-setup/log_history_status.pyc (deflated 62%)
  adding: azureml-setup/spark_cache.py (deflated 20%)
  adding: azureml-setup/context_managers.py (deflated 66%)
  adding: azureml-setup/run_script.py (deflated 67%)
  adding: azureml-setup/conda_lock.pyc (deflated 52%)
  adding: azureml-setup/conda_manager.py (deflated 69%)
  adding: azureml-setup/context_manager_injector.py (deflated 59%)
  adding: azureml-setup/interrupt_sender.pyc (deflated 48%)
  adding: azureml-setup/mutated_run_configuration.yml (deflated 46%)
  adding: azureml-setup/conda_lock.py (deflated 54%)
  adding: azureml-setup/hdi_utilities.py (deflated 49%)
  adding: azureml-setup/project_fetcher.pyc (deflated 51%)
  adding: azureml-setup/hdi_utilities.pyc (deflated 47%)
  adding: azureml-setup/execution_timer.py (deflated 68%)
  adding: azureml-setup/execution_timer.pyc (deflated 63%)
  adding: azureml-setup/project_fetcher.py (deflated 62%)
  adding: azureml-setup/upload_artifacts.pyc (deflated 44%)
  adding: azureml-setup/hdi_control_script.py (deflated 64%)
  adding: azureml-setup/mutated_conda_dependencies.yml (deflated 29%)
  adding: azureml-setup/pid.txt (stored 0%)
  adding: azureml-setup/log_history_status.py (deflated 67%)
  adding: azureml-setup/killable_subprocess.py (deflated 68%)
  adding: azureml-setup/99brokenproxy (deflated 26%)
  adding: azureml-setup/prepare_environment.py (deflated 36%)
  adding: azureml-setup/upload_artifacts.py (deflated 60%)
  adding: azureml-setup/hdi_context_manager.py (deflated 56%)
  adding: aml_config/ (stored 0%)
  adding: aml_config/cpu-dsvm.runconfig (deflated 55%)
  adding: aml_config/myhdi.compute (deflated 12%)
  adding: aml_config/local.runconfig (deflated 56%)
  adding: aml_config/cpu-dsvm.compute (deflated 13%)
  adding: aml_config/myhdi.runconfig (deflated 55%)
  adding: aml_config/conda_dependencies.yml (deflated 49%)
  adding: aml_config/project.json (deflated 19%)
  adding: aml_config/docker.runconfig (deflated 56%)
  adding: assets/ (stored 0%)
Logging experiment running status in history service.
Running: ['/home/ninghai/.azureml/envs/azureml_40b348c4d7381beefb01312cdebdaa0b/bin/python', 'azureml-setup/run_script.py', '/usr/hdp/current/spark2-client/bin/spark-submit', '--repositories', 'https://mmlspark.azureedge.net/maven,https://azuremldownloads.blob.core.windows.net/repo5qh91kdjs6', '--packages', 'com.microsoft.ml.spark:mmlspark_2.11:0.12,com.microsoft:dprep_2.11:0.18.0,com.microsoft.sqlserver:mssql-jdbc:6.2.1.jre8', '--driver-java-options', '-Dlog4j.configuration=file:./code.zip/azureml-setup/log4j.properties', '--conf', 'spark.yarn.appMasterEnv.PYSPARK_PYTHON=./azureml_40b348c4d7381beefb01312cdebdaa0b.zip/home/ninghai/.azureml/envs/azureml_40b348c4d7381beefb01312cdebdaa0b/bin/python', '--conf', 'spark.yarn.appMasterEnv.AZUREML_RUN_ID=e2e-05_1528021608737', '--conf', 'spark.executorEnv.AZUREML_RUN_ID=e2e-05_1528021608737', '--conf', 'spark.yarn.appMasterEnv.AZUREML_PIDFILE_PATH=azureml-setup/pid.txt', '--conf', 'spark.executorEnv.AZUREML_PIDFILE_PATH=azureml-setup/pid.txt', '--conf', 'spark.yarn.appMasterEnv.AZUREML_COMPLETEFILE_PATH=azureml-setup/complete', '--conf', 'spark.executorEnv.AZUREML_COMPLETEFILE_PATH=azureml-setup/complete', '--conf', 'spark.yarn.appMasterEnv.AZUREML_LOGDIRECTORY_PATH=azureml-logs/', '--conf', 'spark.executorEnv.AZUREML_LOGDIRECTORY_PATH=azureml-logs/', '--conf', 'spark.yarn.appMasterEnv.AZUREML_CONTROLLOG_PATH=azureml-logs/control_log.txt', '--conf', 'spark.executorEnv.AZUREML_CONTROLLOG_PATH=azureml-logs/control_log.txt', '--conf', 'spark.yarn.appMasterEnv.AZUREML_DRIVERLOG_PATH=azureml-logs/driver_log.txt', '--conf', 'spark.executorEnv.AZUREML_DRIVERLOG_PATH=azureml-logs/driver_log.txt', '--conf', 'spark.yarn.appMasterEnv.AZUREML_INSTRUMENTATION_KEY=c684677d-b3a0-4709-a00e-78e5b31cfafa', '--conf', 'spark.executorEnv.AZUREML_INSTRUMENTATION_KEY=c684677d-b3a0-4709-a00e-78e5b31cfafa', '--conf', 'spark.yarn.appMasterEnv.AZUREML_RUN_CONFIGURATION=azureml-setup/mutated_run_configuration.yml', '--conf', 'spark.executorEnv.AZUREML_RUN_CONFIGURATION=azureml-setup/mutated_run_configuration.yml', '--conf', 'spark.yarn.appMasterEnv.AZUREML_SERVICE_ENDPOINT=https://eastus2euap.experiments.azureml.net', '--conf', 'spark.executorEnv.AZUREML_SERVICE_ENDPOINT=https://eastus2euap.experiments.azureml.net', '--conf', 'spark.yarn.appMasterEnv.AZUREML_DISCOVERY_SERVICE_ENDPOINT=https://eastus2euap.experiments.azureml.net/discovery', '--conf', 'spark.executorEnv.AZUREML_DISCOVERY_SERVICE_ENDPOINT=https://eastus2euap.experiments.azureml.net/discovery', '--conf', 'spark.yarn.appMasterEnv.AZUREML_ARM_SCOPE=/subscriptions/fac34303-435d-4486-8c3f-7094d82a0b60/resourceGroups/aml-notebooks/providers/Microsoft.MachineLearningServices/workspaces/haieastus2euapws/projects/e2e-05', '--conf', 'spark.executorEnv.AZUREML_ARM_SCOPE=/subscriptions/fac34303-435d-4486-8c3f-7094d82a0b60/resourceGroups/aml-notebooks/providers/Microsoft.MachineLearningServices/workspaces/haieastus2euapws/projects/e2e-05', '--conf', 'spark.yarn.appMasterEnv.AZUREML_ARM_RESOURCEGROUP=aml-notebooks', '--conf', 'spark.executorEnv.AZUREML_ARM_RESOURCEGROUP=aml-notebooks', '--conf', 'spark.yarn.appMasterEnv.AZUREML_ARM_SUBSCRIPTION=fac34303-435d-4486-8c3f-7094d82a0b60', '--conf', 'spark.executorEnv.AZUREML_ARM_SUBSCRIPTION=fac34303-435d-4486-8c3f-7094d82a0b60', '--conf', 'spark.yarn.appMasterEnv.AZUREML_ARM_ACCOUNT_NAME=', '--conf', 'spark.executorEnv.AZUREML_ARM_ACCOUNT_NAME=', '--conf', 'spark.yarn.appMasterEnv.AZUREML_ARM_WORKSPACE_NAME=haieastus2euapws', '--conf', 'spark.executorEnv.AZUREML_ARM_WORKSPACE_NAME=haieastus2euapws', '--conf', 'spark.yarn.appMasterEnv.AZUREML_ARM_PROJECT_NAME=e2e-05', '--conf', 'spark.executorEnv.AZUREML_ARM_PROJECT_NAME=e2e-05', '--conf', 'spark.yarn.appMasterEnv.PYTHONUNBUFFERED=True', '--conf', 'spark.executorEnv.PYTHONUNBUFFERED=True', '--conf', 'spark.yarn.appMasterEnv.AZUREML_RUN_TOKEN=eyJhbGciOiJSUzI1NiIsImtpZCI6IkZBOEE2NkNFNzcyMzY3MkI2M0YzN0ZEMjhBRDZFQTkxMTMxQjQ1QzQiLCJ0eXAiOiJKV1QifQ.eyJydW5pZCI6ImUyZS0wNV8xNTI4MDIxNjA4NzM3Iiwicm9sZSI6IkNvbnRyaWJ1dG9yIiwic2NvcGUiOiIvc3Vic2NyaXB0aW9ucy9mYWMzNDMwMy00MzVkLTQ0ODYtOGMzZi03MDk0ZDgyYTBiNjAvcmVzb3VyY2VHcm91cHMvYW1sLW5vdGVib29rcy9wcm92aWRlcnMvTWljcm9zb2Z0Lk1hY2hpbmVMZWFybmluZ1NlcnZpY2VzL3dvcmtzcGFjZXMvaGFpZWFzdHVzMmV1YXB3cyIsImFjY291bnRpZCI6Ijc1MGU4MGJlLTEyOTAtNDcyOC04OTYwLTVhY2ZlMTk4MGM2ZSIsIndvcmtzcGFjZUlkIjoiNzUwZTgwYmUtMTI5MC00NzI4LTg5NjAtNWFjZmUxOTgwYzZlIiwicHJvamVjdGlkIjoiNjczMTkyYjMtNjU5OC00MjlhLThhNWMtNTc5YWVhY2UxNTIyIiwiZGlzY292ZXJ5IjoiaHR0cHM6Ly9lYXN0dXMyZXVhcC5leHBlcmltZW50cy5henVyZW1sLm5ldC9kaXNjb3ZlcnkiLCJ0aWQiOiI3MmY5ODhiZi04NmYxLTQxYWYtOTFhYi0yZDdjZDAxMWRiNDciLCJvaWQiOiIzNDI2YmU4MC02NzI5LTQ4MzktYTk3ZC1jNzlhMzRlNWJhMWQiLCJleHAiOjE1Mjg2MjY0MTEsImlzcyI6ImF6dXJlbWwiLCJhdWQiOiJhenVyZW1sIn0.gmEwrTzgKcZYEFuJNhW21qGfpKiEueaHqql8YTfGLP5YMyNL0QY9QRAlPFxg5vTOn7IVQkY6hAz2UZYTNf68arJ-lc9DqjZOhnuP9GJN2AblQxOq6ftqr7OTNRpEgrngO0tYyOPPnj3aQXMvxKsvy1mSIeWhfo0ClMuepRycBwbFW33gPJ9I82ZvEcqgiRUvMusB_WQHDNrLVaGf3FOxDXLD7JRgg5eG21EyBOaR30nuh2lvbH076aRaxo_QmY-DXtej1g3YkwJxmc8mG0gWcESfAxtEvwaQMy-VXL3EXOXieMz7CPyBv93QxHZsb-8r4riEwC6hnKLv5KkJjjWoBw', '--conf', 'spark.executorEnv.AZUREML_RUN_TOKEN=eyJhbGciOiJSUzI1NiIsImtpZCI6IkZBOEE2NkNFNzcyMzY3MkI2M0YzN0ZEMjhBRDZFQTkxMTMxQjQ1QzQiLCJ0eXAiOiJKV1QifQ.eyJydW5pZCI6ImUyZS0wNV8xNTI4MDIxNjA4NzM3Iiwicm9sZSI6IkNvbnRyaWJ1dG9yIiwic2NvcGUiOiIvc3Vic2NyaXB0aW9ucy9mYWMzNDMwMy00MzVkLTQ0ODYtOGMzZi03MDk0ZDgyYTBiNjAvcmVzb3VyY2VHcm91cHMvYW1sLW5vdGVib29rcy9wcm92aWRlcnMvTWljcm9zb2Z0Lk1hY2hpbmVMZWFybmluZ1NlcnZpY2VzL3dvcmtzcGFjZXMvaGFpZWFzdHVzMmV1YXB3cyIsImFjY291bnRpZCI6Ijc1MGU4MGJlLTEyOTAtNDcyOC04OTYwLTVhY2ZlMTk4MGM2ZSIsIndvcmtzcGFjZUlkIjoiNzUwZTgwYmUtMTI5MC00NzI4LTg5NjAtNWFjZmUxOTgwYzZlIiwicHJvamVjdGlkIjoiNjczMTkyYjMtNjU5OC00MjlhLThhNWMtNTc5YWVhY2UxNTIyIiwiZGlzY292ZXJ5IjoiaHR0cHM6Ly9lYXN0dXMyZXVhcC5leHBlcmltZW50cy5henVyZW1sLm5ldC9kaXNjb3ZlcnkiLCJ0aWQiOiI3MmY5ODhiZi04NmYxLTQxYWYtOTFhYi0yZDdjZDAxMWRiNDciLCJvaWQiOiIzNDI2YmU4MC02NzI5LTQ4MzktYTk3ZC1jNzlhMzRlNWJhMWQiLCJleHAiOjE1Mjg2MjY0MTEsImlzcyI6ImF6dXJlbWwiLCJhdWQiOiJhenVyZW1sIn0.gmEwrTzgKcZYEFuJNhW21qGfpKiEueaHqql8YTfGLP5YMyNL0QY9QRAlPFxg5vTOn7IVQkY6hAz2UZYTNf68arJ-lc9DqjZOhnuP9GJN2AblQxOq6ftqr7OTNRpEgrngO0tYyOPPnj3aQXMvxKsvy1mSIeWhfo0ClMuepRycBwbFW33gPJ9I82ZvEcqgiRUvMusB_WQHDNrLVaGf3FOxDXLD7JRgg5eG21EyBOaR30nuh2lvbH076aRaxo_QmY-DXtej1g3YkwJxmc8mG0gWcESfAxtEvwaQMy-VXL3EXOXieMz7CPyBv93QxHZsb-8r4riEwC6hnKLv5KkJjjWoBw', '--conf', 'spark.yarn.appMasterEnv.AZUREML_RUN_TOKEN_EXPIRY=1528626411', '--conf', 'spark.executorEnv.AZUREML_RUN_TOKEN_EXPIRY=1528626411', '--conf', 'spark.yarn.appMasterEnv.AZUREML_CONTEXT_MANAGER_HDISETUP=null', '--conf', 'spark.executorEnv.AZUREML_CONTEXT_MANAGER_HDISETUP=null', '--conf', 'spark.yarn.appMasterEnv.AZUREML_CONTEXT_MANAGER_PROJECTPYTHONPATH=null', '--conf', 'spark.executorEnv.AZUREML_CONTEXT_MANAGER_PROJECTPYTHONPATH=null', '--conf', 'spark.yarn.appMasterEnv.AZUREML_CONTEXT_MANAGER_OUTPUTCOLLECTION=null', '--conf', 'spark.executorEnv.AZUREML_CONTEXT_MANAGER_OUTPUTCOLLECTION=null', '--conf', 'spark.yarn.appMasterEnv.EXAMPLE_ENV_VAR=EXAMPLE_VALUE', '--conf', 'spark.executorEnv.EXAMPLE_ENV_VAR=EXAMPLE_VALUE', '--conf', 'spark.yarn.appMasterEnv.AZUREML_CONDA_LOCK_PATH=/home/ninghai/.azureml/locks/azureml_conda_lock', '--conf', 'spark.executorEnv.AZUREML_CONDA_LOCK_PATH=/home/ninghai/.azureml/locks/azureml_conda_lock', '--conf', 'spark.yarn.appMasterEnv.AZUREML_CONDA_ENVIRONMENT_PATH=/home/ninghai/.azureml/envs/azureml_40b348c4d7381beefb01312cdebdaa0b', '--conf', 'spark.executorEnv.AZUREML_CONDA_ENVIRONMENT_PATH=/home/ninghai/.azureml/envs/azureml_40b348c4d7381beefb01312cdebdaa0b', '--conf', 'spark.yarn.appMasterEnv.AZUREML_CONDA_ENVIRONMENT_EXISTENCE_INDICATOR=/home/ninghai/.azureml/locks/azureml_40b348c4d7381beefb01312cdebdaa0b', '--conf', 'spark.executorEnv.AZUREML_CONDA_ENVIRONMENT_EXISTENCE_INDICATOR=/home/ninghai/.azureml/locks/azureml_40b348c4d7381beefb01312cdebdaa0b', '--conf', 'spark.yarn.appMasterEnv.AZUREML_TARGET_TYPE=cluster', '--conf', 'spark.executorEnv.AZUREML_TARGET_TYPE=cluster', '--master', 'yarn', '--deploy-mode', 'cluster', '--archives', '/home/ninghai/.azureml/envs/azureml_40b348c4d7381beefb01312cdebdaa0b.zip,code.zip', '--files', './azureml-setup/context_manager_injector.py,./azureml-setup/context_managers.py,./azureml-setup/hdi_context_manager.py', 'azureml-setup/context_manager_injector.py', '-i', 'HdiSetup:hdi_context_manager.HdiSetup', '-i', 'ProjectPythonPath:context_managers.ProjectPythonPath', '-i', 'OutputCollection:context_managers.RunHistory', 'train-spark.py']
Uploading experiment status to history service.
Adding run profile attachment azureml-logs/80_driver_log.txt

Streaming azureml-logs/80_driver_log.txt
========================================

Ivy Default Cache set to: /home/ninghai/.ivy2/cache
The jars for the packages stored in: /home/ninghai/.ivy2/jars
https://mmlspark.azureedge.net/maven added as a remote repository with the name: repo-1
https://azuremldownloads.blob.core.windows.net/repo5qh91kdjs6 added as a remote repository with the name: repo-2
:: loading settings :: url = jar:file:/usr/hdp/2.6.0.2-76/spark2/jars/ivy-2.4.0.jar!/org/apache/ivy/core/settings/ivysettings.xml
com.microsoft.ml.spark#mmlspark_2.11 added as a dependency
com.microsoft#dprep_2.11 added as a dependency
com.microsoft.sqlserver#mssql-jdbc added as a dependency
:: resolving dependencies :: org.apache.spark#spark-submit-parent;1.0
	confs: [default]
	found com.microsoft.ml.spark#mmlspark_2.11;0.12 in repo-1
	found io.spray#spray-json_2.11;1.3.2 in central
	found com.microsoft.cntk#cntk;2.4 in central
	found org.openpnp#opencv;3.2.0-1 in central
	found com.microsoft.ml.lightgbm#lightgbmlib;2.0.120 in central
	found com.microsoft#dprep_2.11;0.18.0 in repo-2
	found com.microsoft.programSynthesis#tText;4.1.0-preview2018010901 in repo-2
	found com.microsoft.programSynthesis#dsl;4.1.0-preview2018010901 in repo-2
	found com.microsoft.programSynthesis#sText;4.1.0-preview2018010901 in repo-2
	found com.microsoft.sqlserver#mssql-jdbc;6.2.1.jre8 in central
:: resolution report :: resolve 505ms :: artifacts dl 17ms
	:: modules in use:
	com.microsoft#dprep_2.11;0.18.0 from repo-2 in [default]
	com.microsoft.cntk#cntk;2.4 from central in [default]
	com.microsoft.ml.lightgbm#lightgbmlib;2.0.120 from central in [default]
	com.microsoft.ml.spark#mmlspark_2.11;0.12 from repo-1 in [default]
	com.microsoft.programSynthesis#dsl;4.1.0-preview2018010901 from repo-2 in [default]
	com.microsoft.programSynthesis#sText;4.1.0-preview2018010901 from repo-2 in [default]
	com.microsoft.programSynthesis#tText;4.1.0-preview2018010901 from repo-2 in [default]
	com.microsoft.sqlserver#mssql-jdbc;6.2.1.jre8 from central in [default]
	io.spray#spray-json_2.11;1.3.2 from central in [default]
	org.openpnp#opencv;3.2.0-1 from central in [default]
	---------------------------------------------------------------------
	|                  |            modules            ||   artifacts   |
	|       conf       | number| search|dwnlded|evicted|| number|dwnlded|
	---------------------------------------------------------------------
	|      default     |   10  |   0   |   0   |   0   ||   10  |   0   |
	---------------------------------------------------------------------
:: retrieving :: org.apache.spark#spark-submit-parent
	confs: [default]
	0 artifacts copied, 10 already retrieved (0kB/14ms)
18/06/03 10:27:08 WARN NativeCodeLoader: Unable to load native-hadoop library for your platform... using builtin-java classes where applicable
18/06/03 10:27:09 INFO MetricsConfig: loaded properties from hadoop-metrics2-azure-file-system.properties
18/06/03 10:27:09 INFO WasbAzureIaasSink: Init starting.
18/06/03 10:27:09 INFO AzureIaasSink: Init starting. Initializing MdsLogger.
18/06/03 10:27:09 INFO AzureIaasSink: Init completed.
18/06/03 10:27:09 INFO WasbAzureIaasSink: Init completed.
18/06/03 10:27:09 INFO MetricsSinkAdapter: Sink azurefs2 started
18/06/03 10:27:09 INFO MetricsSystemImpl: Scheduled snapshot period at 60 second(s).
18/06/03 10:27:09 INFO MetricsSystemImpl: azure-file-system metrics system started
18/06/03 10:27:09 INFO RequestHedgingRMFailoverProxyProvider: Looking for the active RM in [rm1, rm2]...
18/06/03 10:27:10 INFO RequestHedgingRMFailoverProxyProvider: Found active RM [rm1]
18/06/03 10:27:10 INFO Client: Requesting a new application from cluster with 4 NodeManagers
18/06/03 10:27:10 INFO Client: Verifying our application has not requested more than the maximum memory capability of the cluster (51200 MB per container)
18/06/03 10:27:10 INFO Client: Will allocate AM container, with 1408 MB memory including 384 MB overhead
18/06/03 10:27:10 INFO Client: Setting up container launch context for our AM
18/06/03 10:27:10 INFO Client: Setting up the launch environment for our AM container
18/06/03 10:27:10 INFO Client: Preparing resources for our AM container
18/06/03 10:27:11 INFO Client: Uploading resource file:/home/ninghai/.ivy2/jars/com.microsoft.ml.spark_mmlspark_2.11-0.12.jar -> wasb://sparkhai@sparkstores2.blob.core.windows.net/user/ninghai/.sparkStaging/application_1527512542584_0063/com.microsoft.ml.spark_mmlspark_2.11-0.12.jar
18/06/03 10:27:12 INFO Client: Uploading resource file:/home/ninghai/.ivy2/jars/com.microsoft_dprep_2.11-0.18.0.jar -> wasb://sparkhai@sparkstores2.blob.core.windows.net/user/ninghai/.sparkStaging/application_1527512542584_0063/com.microsoft_dprep_2.11-0.18.0.jar
18/06/03 10:27:12 INFO Client: Uploading resource file:/home/ninghai/.ivy2/jars/com.microsoft.sqlserver_mssql-jdbc-6.2.1.jre8.jar -> wasb://sparkhai@sparkstores2.blob.core.windows.net/user/ninghai/.sparkStaging/application_1527512542584_0063/com.microsoft.sqlserver_mssql-jdbc-6.2.1.jre8.jar
18/06/03 10:27:12 INFO Client: Uploading resource file:/home/ninghai/.ivy2/jars/io.spray_spray-json_2.11-1.3.2.jar -> wasb://sparkhai@sparkstores2.blob.core.windows.net/user/ninghai/.sparkStaging/application_1527512542584_0063/io.spray_spray-json_2.11-1.3.2.jar
18/06/03 10:27:12 INFO Client: Uploading resource file:/home/ninghai/.ivy2/jars/com.microsoft.cntk_cntk-2.4.jar -> wasb://sparkhai@sparkstores2.blob.core.windows.net/user/ninghai/.sparkStaging/application_1527512542584_0063/com.microsoft.cntk_cntk-2.4.jar
18/06/03 10:27:14 INFO Client: Uploading resource file:/home/ninghai/.ivy2/jars/org.openpnp_opencv-3.2.0-1.jar -> wasb://sparkhai@sparkstores2.blob.core.windows.net/user/ninghai/.sparkStaging/application_1527512542584_0063/org.openpnp_opencv-3.2.0-1.jar
18/06/03 10:27:14 INFO Client: Uploading resource file:/home/ninghai/.ivy2/jars/com.microsoft.ml.lightgbm_lightgbmlib-2.0.120.jar -> wasb://sparkhai@sparkstores2.blob.core.windows.net/user/ninghai/.sparkStaging/application_1527512542584_0063/com.microsoft.ml.lightgbm_lightgbmlib-2.0.120.jar
18/06/03 10:27:15 INFO Client: Uploading resource file:/home/ninghai/.ivy2/jars/com.microsoft.programSynthesis_tText-4.1.0-preview2018010901.jar -> wasb://sparkhai@sparkstores2.blob.core.windows.net/user/ninghai/.sparkStaging/application_1527512542584_0063/com.microsoft.programSynthesis_tText-4.1.0-preview2018010901.jar
18/06/03 10:27:15 INFO Client: Uploading resource file:/home/ninghai/.ivy2/jars/com.microsoft.programSynthesis_sText-4.1.0-preview2018010901.jar -> wasb://sparkhai@sparkstores2.blob.core.windows.net/user/ninghai/.sparkStaging/application_1527512542584_0063/com.microsoft.programSynthesis_sText-4.1.0-preview2018010901.jar
18/06/03 10:27:15 INFO Client: Uploading resource file:/home/ninghai/.ivy2/jars/com.microsoft.programSynthesis_dsl-4.1.0-preview2018010901.jar -> wasb://sparkhai@sparkstores2.blob.core.windows.net/user/ninghai/.sparkStaging/application_1527512542584_0063/com.microsoft.programSynthesis_dsl-4.1.0-preview2018010901.jar
18/06/03 10:27:15 INFO Client: Uploading resource file:/tmp/azureml_runs/e2e-05_1528021608737/azureml-setup/context_manager_injector.py -> wasb://sparkhai@sparkstores2.blob.core.windows.net/user/ninghai/.sparkStaging/application_1527512542584_0063/context_manager_injector.py
18/06/03 10:27:15 INFO Client: Uploading resource file:/tmp/azureml_runs/e2e-05_1528021608737/azureml-setup/context_managers.py -> wasb://sparkhai@sparkstores2.blob.core.windows.net/user/ninghai/.sparkStaging/application_1527512542584_0063/context_managers.py
18/06/03 10:27:15 INFO Client: Uploading resource file:/tmp/azureml_runs/e2e-05_1528021608737/azureml-setup/hdi_context_manager.py -> wasb://sparkhai@sparkstores2.blob.core.windows.net/user/ninghai/.sparkStaging/application_1527512542584_0063/hdi_context_manager.py
18/06/03 10:27:15 INFO Client: Uploading resource file:/home/ninghai/.azureml/envs/azureml_40b348c4d7381beefb01312cdebdaa0b.zip -> wasb://sparkhai@sparkstores2.blob.core.windows.net/user/ninghai/.sparkStaging/application_1527512542584_0063/azureml_40b348c4d7381beefb01312cdebdaa0b.zip
18/06/03 10:27:21 INFO Client: Uploading resource file:/tmp/azureml_runs/e2e-05_1528021608737/code.zip -> wasb://sparkhai@sparkstores2.blob.core.windows.net/user/ninghai/.sparkStaging/application_1527512542584_0063/code.zip
18/06/03 10:27:22 WARN Client: Same name resource file:/tmp/azureml_runs/e2e-05_1528021608737/azureml-setup/context_manager_injector.py added multiple times to distributed cache
18/06/03 10:27:22 INFO Client: Uploading resource file:/usr/hdp/current/spark2-client/python/lib/pyspark.zip -> wasb://sparkhai@sparkstores2.blob.core.windows.net/user/ninghai/.sparkStaging/application_1527512542584_0063/pyspark.zip
18/06/03 10:27:22 INFO Client: Uploading resource file:/usr/hdp/current/spark2-client/python/lib/py4j-0.10.4-src.zip -> wasb://sparkhai@sparkstores2.blob.core.windows.net/user/ninghai/.sparkStaging/application_1527512542584_0063/py4j-0.10.4-src.zip
18/06/03 10:27:22 WARN Client: Same path resource file:/home/ninghai/.ivy2/jars/com.microsoft.ml.spark_mmlspark_2.11-0.12.jar added multiple times to distributed cache.
18/06/03 10:27:22 WARN Client: Same path resource file:/home/ninghai/.ivy2/jars/com.microsoft_dprep_2.11-0.18.0.jar added multiple times to distributed cache.
18/06/03 10:27:22 WARN Client: Same path resource file:/home/ninghai/.ivy2/jars/com.microsoft.sqlserver_mssql-jdbc-6.2.1.jre8.jar added multiple times to distributed cache.
18/06/03 10:27:22 WARN Client: Same path resource file:/home/ninghai/.ivy2/jars/io.spray_spray-json_2.11-1.3.2.jar added multiple times to distributed cache.
18/06/03 10:27:22 WARN Client: Same path resource file:/home/ninghai/.ivy2/jars/com.microsoft.cntk_cntk-2.4.jar added multiple times to distributed cache.
18/06/03 10:27:22 WARN Client: Same path resource file:/home/ninghai/.ivy2/jars/org.openpnp_opencv-3.2.0-1.jar added multiple times to distributed cache.
18/06/03 10:27:22 WARN Client: Same path resource file:/home/ninghai/.ivy2/jars/com.microsoft.ml.lightgbm_lightgbmlib-2.0.120.jar added multiple times to distributed cache.
18/06/03 10:27:22 WARN Client: Same path resource file:/home/ninghai/.ivy2/jars/com.microsoft.programSynthesis_tText-4.1.0-preview2018010901.jar added multiple times to distributed cache.
18/06/03 10:27:22 WARN Client: Same path resource file:/home/ninghai/.ivy2/jars/com.microsoft.programSynthesis_sText-4.1.0-preview2018010901.jar added multiple times to distributed cache.
18/06/03 10:27:22 WARN Client: Same path resource file:/home/ninghai/.ivy2/jars/com.microsoft.programSynthesis_dsl-4.1.0-preview2018010901.jar added multiple times to distributed cache.
18/06/03 10:27:22 INFO Client: Uploading resource file:/tmp/spark-3d818ce4-bd7d-492c-b8be-115270019a3b/__spark_conf__2282589233612065603.zip -> wasb://sparkhai@sparkstores2.blob.core.windows.net/user/ninghai/.sparkStaging/application_1527512542584_0063/__spark_conf__.zip
18/06/03 10:27:22 INFO SecurityManager: Changing view acls to: ninghai
18/06/03 10:27:22 INFO SecurityManager: Changing modify acls to: ninghai
18/06/03 10:27:22 INFO SecurityManager: Changing view acls groups to: 
18/06/03 10:27:22 INFO SecurityManager: Changing modify acls groups to: 
18/06/03 10:27:22 INFO SecurityManager: SecurityManager: authentication disabled; ui acls disabled; users  with view permissions: Set(ninghai); groups with view permissions: Set(); users  with modify permissions: Set(ninghai); groups with modify permissions: Set()
18/06/03 10:27:22 INFO Client: Submitting application application_1527512542584_0063 to ResourceManager
18/06/03 10:27:23 INFO YarnClientImpl: Submitted application application_1527512542584_0063
18/06/03 10:27:24 INFO Client: Application report for application_1527512542584_0063 (state: ACCEPTED)
18/06/03 10:27:24 INFO Client: 
	 client token: N/A
	 diagnostics: AM container is launched, waiting for AM container to Register with RM
	 ApplicationMaster host: N/A
	 ApplicationMaster RPC port: -1
	 queue: default
	 start time: 1528021642922
	 final status: UNDEFINED
	 tracking URL: http://hn0-sparkh.01gbvfzxeqquvorlqntixlipbb.jx.internal.cloudapp.net:8088/proxy/application_1527512542584_0063/
	 user: ninghai
18/06/03 10:27:25 INFO Client: Application report for application_1527512542584_0063 (state: ACCEPTED)
18/06/03 10:27:26 INFO Client: Application report for application_1527512542584_0063 (state: ACCEPTED)
18/06/03 10:27:27 INFO Client: Application report for application_1527512542584_0063 (state: ACCEPTED)
18/06/03 10:27:28 INFO Client: Application report for application_1527512542584_0063 (state: ACCEPTED)
18/06/03 10:27:29 INFO Client: Application report for application_1527512542584_0063 (state: ACCEPTED)
18/06/03 10:27:30 INFO Client: Application report for application_1527512542584_0063 (state: ACCEPTED)
18/06/03 10:27:31 INFO Client: Application report for application_1527512542584_0063 (state: ACCEPTED)
18/06/03 10:27:32 INFO Client: Application report for application_1527512542584_0063 (state: ACCEPTED)
18/06/03 10:27:33 INFO Client: Application report for application_1527512542584_0063 (state: ACCEPTED)
18/06/03 10:27:34 INFO Client: Application report for application_1527512542584_0063 (state: ACCEPTED)
18/06/03 10:27:35 INFO Client: Application report for application_1527512542584_0063 (state: ACCEPTED)
18/06/03 10:27:36 INFO Client: Application report for application_1527512542584_0063 (state: ACCEPTED)
18/06/03 10:27:37 INFO Client: Application report for application_1527512542584_0063 (state: ACCEPTED)
18/06/03 10:27:38 INFO Client: Application report for application_1527512542584_0063 (state: ACCEPTED)
18/06/03 10:27:39 INFO Client: Application report for application_1527512542584_0063 (state: ACCEPTED)
18/06/03 10:27:40 INFO Client: Application report for application_1527512542584_0063 (state: ACCEPTED)
18/06/03 10:27:41 INFO Client: Application report for application_1527512542584_0063 (state: ACCEPTED)
18/06/03 10:27:42 INFO Client: Application report for application_1527512542584_0063 (state: ACCEPTED)
18/06/03 10:27:43 INFO Client: Application report for application_1527512542584_0063 (state: ACCEPTED)
18/06/03 10:27:44 INFO Client: Application report for application_1527512542584_0063 (state: ACCEPTED)
18/06/03 10:27:45 INFO Client: Application report for application_1527512542584_0063 (state: ACCEPTED)
18/06/03 10:27:46 INFO Client: Application report for application_1527512542584_0063 (state: ACCEPTED)
18/06/03 10:27:47 INFO Client: Application report for application_1527512542584_0063 (state: ACCEPTED)
18/06/03 10:27:48 INFO Client: Application report for application_1527512542584_0063 (state: ACCEPTED)
18/06/03 10:27:49 INFO Client: Application report for application_1527512542584_0063 (state: ACCEPTED)
18/06/03 10:27:50 INFO Client: Application report for application_1527512542584_0063 (state: ACCEPTED)
18/06/03 10:27:51 INFO Client: Application report for application_1527512542584_0063 (state: ACCEPTED)
18/06/03 10:27:52 INFO Client: Application report for application_1527512542584_0063 (state: ACCEPTED)
18/06/03 10:27:53 INFO Client: Application report for application_1527512542584_0063 (state: ACCEPTED)
18/06/03 10:27:54 INFO Client: Application report for application_1527512542584_0063 (state: ACCEPTED)
18/06/03 10:27:55 INFO Client: Application report for application_1527512542584_0063 (state: ACCEPTED)
18/06/03 10:27:56 INFO Client: Application report for application_1527512542584_0063 (state: ACCEPTED)
18/06/03 10:27:57 INFO Client: Application report for application_1527512542584_0063 (state: ACCEPTED)
18/06/03 10:27:58 INFO Client: Application report for application_1527512542584_0063 (state: ACCEPTED)
18/06/03 10:27:59 INFO Client: Application report for application_1527512542584_0063 (state: ACCEPTED)
18/06/03 10:28:00 INFO Client: Application report for application_1527512542584_0063 (state: ACCEPTED)
18/06/03 10:28:01 INFO Client: Application report for application_1527512542584_0063 (state: ACCEPTED)
18/06/03 10:28:02 INFO Client: Application report for application_1527512542584_0063 (state: ACCEPTED)
18/06/03 10:28:03 INFO Client: Application report for application_1527512542584_0063 (state: ACCEPTED)
18/06/03 10:28:04 INFO Client: Application report for application_1527512542584_0063 (state: ACCEPTED)
18/06/03 10:28:05 INFO Client: Application report for application_1527512542584_0063 (state: ACCEPTED)
18/06/03 10:28:06 INFO Client: Application report for application_1527512542584_0063 (state: ACCEPTED)
18/06/03 10:28:07 INFO Client: Application report for application_1527512542584_0063 (state: ACCEPTED)
18/06/03 10:28:08 INFO Client: Application report for application_1527512542584_0063 (state: ACCEPTED)
18/06/03 10:28:09 INFO Client: Application report for application_1527512542584_0063 (state: ACCEPTED)
18/06/03 10:28:10 INFO Client: Application report for application_1527512542584_0063 (state: ACCEPTED)
18/06/03 10:28:11 INFO Client: Application report for application_1527512542584_0063 (state: ACCEPTED)
18/06/03 10:28:12 INFO Client: Application report for application_1527512542584_0063 (state: ACCEPTED)
18/06/03 10:28:13 INFO Client: Application report for application_1527512542584_0063 (state: ACCEPTED)
18/06/03 10:28:14 INFO Client: Application report for application_1527512542584_0063 (state: ACCEPTED)
18/06/03 10:28:15 INFO Client: Application report for application_1527512542584_0063 (state: ACCEPTED)
18/06/03 10:28:16 INFO Client: Application report for application_1527512542584_0063 (state: ACCEPTED)
18/06/03 10:28:17 INFO Client: Application report for application_1527512542584_0063 (state: ACCEPTED)
18/06/03 10:28:18 INFO Client: Application report for application_1527512542584_0063 (state: RUNNING)
18/06/03 10:28:18 INFO Client: 
	 client token: N/A
	 diagnostics: N/A
	 ApplicationMaster host: 10.0.0.12
	 ApplicationMaster RPC port: 0
	 queue: default
	 start time: 1528021642922
	 final status: UNDEFINED
	 tracking URL: http://hn0-sparkh.01gbvfzxeqquvorlqntixlipbb.jx.internal.cloudapp.net:8088/proxy/application_1527512542584_0063/
	 user: ninghai
18/06/03 10:28:19 INFO Client: Application report for application_1527512542584_0063 (state: RUNNING)
18/06/03 10:28:20 INFO Client: Application report for application_1527512542584_0063 (state: RUNNING)
18/06/03 10:28:21 INFO Client: Application report for application_1527512542584_0063 (state: RUNNING)
18/06/03 10:28:22 INFO Client: Application report for application_1527512542584_0063 (state: RUNNING)
18/06/03 10:28:23 INFO Client: Application report for application_1527512542584_0063 (state: RUNNING)
18/06/03 10:28:24 INFO Client: Application report for application_1527512542584_0063 (state: RUNNING)
18/06/03 10:28:25 INFO Client: Application report for application_1527512542584_0063 (state: RUNNING)
18/06/03 10:28:26 INFO Client: Application report for application_1527512542584_0063 (state: RUNNING)
18/06/03 10:28:27 INFO Client: Application report for application_1527512542584_0063 (state: RUNNING)
18/06/03 10:28:28 INFO Client: Application report for application_1527512542584_0063 (state: RUNNING)
18/06/03 10:28:29 INFO Client: Application report for application_1527512542584_0063 (state: RUNNING)
18/06/03 10:28:30 INFO Client: Application report for application_1527512542584_0063 (state: RUNNING)
18/06/03 10:28:31 INFO Client: Application report for application_1527512542584_0063 (state: RUNNING)
18/06/03 10:28:32 INFO Client: Application report for application_1527512542584_0063 (state: RUNNING)
18/06/03 10:28:33 INFO Client: Application report for application_1527512542584_0063 (state: RUNNING)
18/06/03 10:28:34 INFO Client: Application report for application_1527512542584_0063 (state: RUNNING)
18/06/03 10:28:35 INFO Client: Application report for application_1527512542584_0063 (state: RUNNING)
18/06/03 10:28:36 INFO Client: Application report for application_1527512542584_0063 (state: RUNNING)
18/06/03 10:28:37 INFO Client: Application report for application_1527512542584_0063 (state: RUNNING)
18/06/03 10:28:38 INFO Client: Application report for application_1527512542584_0063 (state: RUNNING)
18/06/03 10:28:39 INFO Client: Application report for application_1527512542584_0063 (state: RUNNING)
18/06/03 10:28:40 INFO Client: Application report for application_1527512542584_0063 (state: RUNNING)
18/06/03 10:28:41 INFO Client: Application report for application_1527512542584_0063 (state: RUNNING)
18/06/03 10:28:42 INFO Client: Application report for application_1527512542584_0063 (state: RUNNING)
18/06/03 10:28:43 INFO Client: Application report for application_1527512542584_0063 (state: RUNNING)
18/06/03 10:28:44 INFO Client: Application report for application_1527512542584_0063 (state: RUNNING)
18/06/03 10:28:45 INFO Client: Application report for application_1527512542584_0063 (state: RUNNING)
18/06/03 10:28:46 INFO Client: Application report for application_1527512542584_0063 (state: RUNNING)
18/06/03 10:28:47 INFO Client: Application report for application_1527512542584_0063 (state: RUNNING)
18/06/03 10:28:48 INFO Client: Application report for application_1527512542584_0063 (state: RUNNING)
18/06/03 10:28:49 INFO Client: Application report for application_1527512542584_0063 (state: RUNNING)
18/06/03 10:28:50 INFO Client: Application report for application_1527512542584_0063 (state: RUNNING)
18/06/03 10:28:51 INFO Client: Application report for application_1527512542584_0063 (state: RUNNING)
18/06/03 10:28:52 INFO Client: Application report for application_1527512542584_0063 (state: RUNNING)
18/06/03 10:28:53 INFO Client: Application report for application_1527512542584_0063 (state: RUNNING)
18/06/03 10:28:54 INFO Client: Application report for application_1527512542584_0063 (state: RUNNING)
18/06/03 10:28:55 INFO Client: Application report for application_1527512542584_0063 (state: RUNNING)
18/06/03 10:28:56 INFO Client: Application report for application_1527512542584_0063 (state: RUNNING)
18/06/03 10:28:57 INFO Client: Application report for application_1527512542584_0063 (state: RUNNING)
18/06/03 10:28:58 INFO Client: Application report for application_1527512542584_0063 (state: RUNNING)
18/06/03 10:28:59 INFO Client: Application report for application_1527512542584_0063 (state: RUNNING)
18/06/03 10:29:00 INFO Client: Application report for application_1527512542584_0063 (state: RUNNING)
18/06/03 10:29:01 INFO Client: Application report for application_1527512542584_0063 (state: RUNNING)
18/06/03 10:29:02 INFO Client: Application report for application_1527512542584_0063 (state: RUNNING)
18/06/03 10:29:03 INFO Client: Application report for application_1527512542584_0063 (state: RUNNING)
18/06/03 10:29:04 INFO Client: Application report for application_1527512542584_0063 (state: RUNNING)
18/06/03 10:29:05 INFO Client: Application report for application_1527512542584_0063 (state: RUNNING)
18/06/03 10:29:06 INFO Client: Application report for application_1527512542584_0063 (state: RUNNING)
18/06/03 10:29:07 INFO Client: Application report for application_1527512542584_0063 (state: RUNNING)
18/06/03 10:29:08 INFO Client: Application report for application_1527512542584_0063 (state: RUNNING)
18/06/03 10:29:09 INFO Client: Application report for application_1527512542584_0063 (state: RUNNING)
18/06/03 10:29:10 INFO Client: Application report for application_1527512542584_0063 (state: RUNNING)
18/06/03 10:29:11 INFO Client: Application report for application_1527512542584_0063 (state: RUNNING)
18/06/03 10:29:12 INFO Client: Application report for application_1527512542584_0063 (state: RUNNING)
18/06/03 10:29:13 INFO Client: Application report for application_1527512542584_0063 (state: RUNNING)
18/06/03 10:29:14 INFO Client: Application report for application_1527512542584_0063 (state: RUNNING)
18/06/03 10:29:15 INFO Client: Application report for application_1527512542584_0063 (state: RUNNING)
18/06/03 10:29:16 INFO Client: Application report for application_1527512542584_0063 (state: RUNNING)
18/06/03 10:29:17 INFO Client: Application report for application_1527512542584_0063 (state: RUNNING)
18/06/03 10:29:18 INFO Client: Application report for application_1527512542584_0063 (state: RUNNING)
18/06/03 10:29:19 INFO Client: Application report for application_1527512542584_0063 (state: RUNNING)
18/06/03 10:29:20 INFO Client: Application report for application_1527512542584_0063 (state: RUNNING)
18/06/03 10:29:21 INFO Client: Application report for application_1527512542584_0063 (state: RUNNING)
18/06/03 10:29:22 INFO Client: Application report for application_1527512542584_0063 (state: RUNNING)
18/06/03 10:29:23 INFO Client: Application report for application_1527512542584_0063 (state: RUNNING)
18/06/03 10:29:24 INFO Client: Application report for application_1527512542584_0063 (state: RUNNING)
18/06/03 10:29:25 INFO Client: Application report for application_1527512542584_0063 (state: RUNNING)
18/06/03 10:29:26 INFO Client: Application report for application_1527512542584_0063 (state: RUNNING)
18/06/03 10:29:27 INFO Client: Application report for application_1527512542584_0063 (state: RUNNING)
18/06/03 10:29:28 INFO Client: Application report for application_1527512542584_0063 (state: RUNNING)
18/06/03 10:29:29 INFO Client: Application report for application_1527512542584_0063 (state: RUNNING)
18/06/03 10:29:30 INFO Client: Application report for application_1527512542584_0063 (state: ACCEPTED)
18/06/03 10:29:30 INFO Client: 
	 client token: N/A
	 diagnostics: AM container is launched, waiting for AM container to Register with RM
	 ApplicationMaster host: N/A
	 ApplicationMaster RPC port: -1
	 queue: default
	 start time: 1528021642922
	 final status: UNDEFINED
	 tracking URL: http://hn0-sparkh.01gbvfzxeqquvorlqntixlipbb.jx.internal.cloudapp.net:8088/proxy/application_1527512542584_0063/
	 user: ninghai
18/06/03 10:29:31 INFO Client: Application report for application_1527512542584_0063 (state: ACCEPTED)
18/06/03 10:29:32 INFO Client: Application report for application_1527512542584_0063 (state: ACCEPTED)
18/06/03 10:29:33 INFO Client: Application report for application_1527512542584_0063 (state: ACCEPTED)
18/06/03 10:29:34 INFO Client: Application report for application_1527512542584_0063 (state: ACCEPTED)
18/06/03 10:29:35 INFO Client: Application report for application_1527512542584_0063 (state: ACCEPTED)
18/06/03 10:29:36 INFO Client: Application report for application_1527512542584_0063 (state: ACCEPTED)
18/06/03 10:29:37 INFO Client: Application report for application_1527512542584_0063 (state: ACCEPTED)
18/06/03 10:29:38 INFO Client: Application report for application_1527512542584_0063 (state: ACCEPTED)
18/06/03 10:29:39 INFO Client: Application report for application_1527512542584_0063 (state: RUNNING)
18/06/03 10:29:39 INFO Client: 
	 client token: N/A
	 diagnostics: N/A
	 ApplicationMaster host: 10.0.0.14
	 ApplicationMaster RPC port: 0
	 queue: default
	 start time: 1528021642922
	 final status: UNDEFINED
	 tracking URL: http://hn0-sparkh.01gbvfzxeqquvorlqntixlipbb.jx.internal.cloudapp.net:8088/proxy/application_1527512542584_0063/
	 user: ninghai
18/06/03 10:29:40 INFO Client: Application report for application_1527512542584_0063 (state: RUNNING)
18/06/03 10:29:41 INFO Client: Application report for application_1527512542584_0063 (state: RUNNING)
18/06/03 10:29:42 INFO Client: Application report for application_1527512542584_0063 (state: RUNNING)
18/06/03 10:29:43 INFO Client: Application report for application_1527512542584_0063 (state: RUNNING)
18/06/03 10:29:44 INFO Client: Application report for application_1527512542584_0063 (state: RUNNING)
18/06/03 10:29:45 INFO Client: Application report for application_1527512542584_0063 (state: RUNNING)
18/06/03 10:29:46 INFO Client: Application report for application_1527512542584_0063 (state: RUNNING)
18/06/03 10:29:47 INFO Client: Application report for application_1527512542584_0063 (state: RUNNING)
18/06/03 10:29:48 INFO Client: Application report for application_1527512542584_0063 (state: RUNNING)
18/06/03 10:29:49 INFO Client: Application report for application_1527512542584_0063 (state: RUNNING)
18/06/03 10:29:50 INFO Client: Application report for application_1527512542584_0063 (state: RUNNING)
18/06/03 10:29:51 INFO Client: Application report for application_1527512542584_0063 (state: RUNNING)
18/06/03 10:29:52 INFO Client: Application report for application_1527512542584_0063 (state: RUNNING)
18/06/03 10:29:53 INFO Client: Application report for application_1527512542584_0063 (state: RUNNING)
18/06/03 10:29:54 INFO Client: Application report for application_1527512542584_0063 (state: RUNNING)
18/06/03 10:29:55 INFO Client: Application report for application_1527512542584_0063 (state: RUNNING)
18/06/03 10:29:56 INFO Client: Application report for application_1527512542584_0063 (state: RUNNING)
18/06/03 10:29:57 INFO Client: Application report for application_1527512542584_0063 (state: RUNNING)
18/06/03 10:29:58 INFO Client: Application report for application_1527512542584_0063 (state: RUNNING)
18/06/03 10:29:59 INFO Client: Application report for application_1527512542584_0063 (state: RUNNING)
18/06/03 10:30:00 INFO Client: Application report for application_1527512542584_0063 (state: RUNNING)
18/06/03 10:30:01 INFO Client: Application report for application_1527512542584_0063 (state: RUNNING)
18/06/03 10:30:02 INFO Client: Application report for application_1527512542584_0063 (state: RUNNING)
18/06/03 10:30:03 INFO Client: Application report for application_1527512542584_0063 (state: RUNNING)
18/06/03 10:30:04 INFO Client: Application report for application_1527512542584_0063 (state: RUNNING)
18/06/03 10:30:05 INFO Client: Application report for application_1527512542584_0063 (state: RUNNING)
18/06/03 10:30:06 INFO Client: Application report for application_1527512542584_0063 (state: RUNNING)
18/06/03 10:30:07 INFO Client: Application report for application_1527512542584_0063 (state: RUNNING)
18/06/03 10:30:08 INFO Client: Application report for application_1527512542584_0063 (state: RUNNING)
18/06/03 10:30:09 INFO Client: Application report for application_1527512542584_0063 (state: RUNNING)
18/06/03 10:30:10 INFO Client: Application report for application_1527512542584_0063 (state: RUNNING)
18/06/03 10:30:11 INFO Client: Application report for application_1527512542584_0063 (state: RUNNING)
18/06/03 10:30:12 INFO Client: Application report for application_1527512542584_0063 (state: RUNNING)
18/06/03 10:30:13 INFO Client: Application report for application_1527512542584_0063 (state: RUNNING)
18/06/03 10:30:14 INFO Client: Application report for application_1527512542584_0063 (state: RUNNING)
18/06/03 10:30:15 INFO Client: Application report for application_1527512542584_0063 (state: RUNNING)
18/06/03 10:30:16 INFO Client: Application report for application_1527512542584_0063 (state: RUNNING)
18/06/03 10:30:17 INFO Client: Application report for application_1527512542584_0063 (state: RUNNING)
18/06/03 10:30:18 INFO Client: Application report for application_1527512542584_0063 (state: RUNNING)
18/06/03 10:30:19 INFO Client: Application report for application_1527512542584_0063 (state: RUNNING)
18/06/03 10:30:20 INFO Client: Application report for application_1527512542584_0063 (state: RUNNING)
18/06/03 10:30:21 INFO Client: Application report for application_1527512542584_0063 (state: RUNNING)
18/06/03 10:30:22 INFO Client: Application report for application_1527512542584_0063 (state: RUNNING)
18/06/03 10:30:23 INFO Client: Application report for application_1527512542584_0063 (state: RUNNING)
18/06/03 10:30:24 INFO Client: Application report for application_1527512542584_0063 (state: RUNNING)
18/06/03 10:30:25 INFO Client: Application report for application_1527512542584_0063 (state: RUNNING)
18/06/03 10:30:26 INFO Client: Application report for application_1527512542584_0063 (state: RUNNING)
18/06/03 10:30:27 INFO Client: Application report for application_1527512542584_0063 (state: RUNNING)
18/06/03 10:30:28 INFO Client: Application report for application_1527512542584_0063 (state: ACCEPTED)
18/06/03 10:30:28 INFO Client: 
	 client token: N/A
	 diagnostics: AM container is launched, waiting for AM container to Register with RM
	 ApplicationMaster host: N/A
	 ApplicationMaster RPC port: -1
	 queue: default
	 start time: 1528021642922
	 final status: UNDEFINED
	 tracking URL: http://hn0-sparkh.01gbvfzxeqquvorlqntixlipbb.jx.internal.cloudapp.net:8088/proxy/application_1527512542584_0063/
	 user: ninghai
18/06/03 10:30:29 INFO Client: Application report for application_1527512542584_0063 (state: ACCEPTED)
18/06/03 10:30:30 INFO Client: Application report for application_1527512542584_0063 (state: ACCEPTED)
18/06/03 10:30:31 INFO Client: Application report for application_1527512542584_0063 (state: ACCEPTED)
18/06/03 10:30:32 INFO Client: Application report for application_1527512542584_0063 (state: ACCEPTED)
18/06/03 10:30:33 INFO Client: Application report for application_1527512542584_0063 (state: ACCEPTED)
18/06/03 10:30:34 INFO Client: Application report for application_1527512542584_0063 (state: ACCEPTED)
18/06/03 10:30:35 INFO Client: Application report for application_1527512542584_0063 (state: RUNNING)
18/06/03 10:30:35 INFO Client: 
	 client token: N/A
	 diagnostics: N/A
	 ApplicationMaster host: 10.0.0.14
	 ApplicationMaster RPC port: 0
	 queue: default
	 start time: 1528021642922
	 final status: UNDEFINED
	 tracking URL: http://hn0-sparkh.01gbvfzxeqquvorlqntixlipbb.jx.internal.cloudapp.net:8088/proxy/application_1527512542584_0063/
	 user: ninghai
18/06/03 10:30:36 INFO Client: Application report for application_1527512542584_0063 (state: RUNNING)
18/06/03 10:30:37 INFO Client: Application report for application_1527512542584_0063 (state: RUNNING)
18/06/03 10:30:38 INFO Client: Application report for application_1527512542584_0063 (state: RUNNING)
18/06/03 10:30:39 INFO Client: Application report for application_1527512542584_0063 (state: RUNNING)
18/06/03 10:30:40 INFO Client: Application report for application_1527512542584_0063 (state: RUNNING)
18/06/03 10:30:41 INFO Client: Application report for application_1527512542584_0063 (state: RUNNING)
18/06/03 10:30:42 INFO Client: Application report for application_1527512542584_0063 (state: RUNNING)
18/06/03 10:30:43 INFO Client: Application report for application_1527512542584_0063 (state: RUNNING)
18/06/03 10:30:44 INFO Client: Application report for application_1527512542584_0063 (state: RUNNING)
18/06/03 10:30:45 INFO Client: Application report for application_1527512542584_0063 (state: RUNNING)
18/06/03 10:30:46 INFO Client: Application report for application_1527512542584_0063 (state: RUNNING)
18/06/03 10:30:47 INFO Client: Application report for application_1527512542584_0063 (state: RUNNING)
18/06/03 10:30:48 INFO Client: Application report for application_1527512542584_0063 (state: RUNNING)
18/06/03 10:30:49 INFO Client: Application report for application_1527512542584_0063 (state: RUNNING)
18/06/03 10:30:50 INFO Client: Application report for application_1527512542584_0063 (state: RUNNING)
18/06/03 10:30:51 INFO Client: Application report for application_1527512542584_0063 (state: RUNNING)
18/06/03 10:30:52 INFO Client: Application report for application_1527512542584_0063 (state: RUNNING)
18/06/03 10:30:53 INFO Client: Application report for application_1527512542584_0063 (state: RUNNING)
18/06/03 10:30:54 INFO Client: Application report for application_1527512542584_0063 (state: RUNNING)
18/06/03 10:30:55 INFO Client: Application report for application_1527512542584_0063 (state: RUNNING)
18/06/03 10:30:56 INFO Client: Application report for application_1527512542584_0063 (state: RUNNING)
18/06/03 10:30:57 INFO Client: Application report for application_1527512542584_0063 (state: RUNNING)
18/06/03 10:30:58 INFO Client: Application report for application_1527512542584_0063 (state: RUNNING)
18/06/03 10:30:59 INFO Client: Application report for application_1527512542584_0063 (state: RUNNING)
18/06/03 10:31:00 INFO Client: Application report for application_1527512542584_0063 (state: RUNNING)
18/06/03 10:31:01 INFO Client: Application report for application_1527512542584_0063 (state: RUNNING)
18/06/03 10:31:02 INFO Client: Application report for application_1527512542584_0063 (state: RUNNING)
18/06/03 10:31:03 INFO Client: Application report for application_1527512542584_0063 (state: RUNNING)
18/06/03 10:31:04 INFO Client: Application report for application_1527512542584_0063 (state: RUNNING)
18/06/03 10:31:05 INFO Client: Application report for application_1527512542584_0063 (state: RUNNING)
18/06/03 10:31:06 INFO Client: Application report for application_1527512542584_0063 (state: RUNNING)
18/06/03 10:31:07 INFO Client: Application report for application_1527512542584_0063 (state: RUNNING)
18/06/03 10:31:08 INFO Client: Application report for application_1527512542584_0063 (state: RUNNING)
18/06/03 10:31:09 INFO Client: Application report for application_1527512542584_0063 (state: RUNNING)
18/06/03 10:31:10 INFO Client: Application report for application_1527512542584_0063 (state: RUNNING)
18/06/03 10:31:11 INFO Client: Application report for application_1527512542584_0063 (state: RUNNING)
18/06/03 10:31:12 INFO Client: Application report for application_1527512542584_0063 (state: RUNNING)
18/06/03 10:31:13 INFO Client: Application report for application_1527512542584_0063 (state: RUNNING)
18/06/03 10:31:14 INFO Client: Application report for application_1527512542584_0063 (state: RUNNING)
18/06/03 10:31:15 INFO Client: Application report for application_1527512542584_0063 (state: RUNNING)
18/06/03 10:31:16 INFO Client: Application report for application_1527512542584_0063 (state: RUNNING)
18/06/03 10:31:17 INFO Client: Application report for application_1527512542584_0063 (state: RUNNING)
18/06/03 10:31:18 INFO Client: Application report for application_1527512542584_0063 (state: RUNNING)
18/06/03 10:31:19 INFO Client: Application report for application_1527512542584_0063 (state: RUNNING)
18/06/03 10:31:20 INFO Client: Application report for application_1527512542584_0063 (state: RUNNING)
18/06/03 10:31:21 INFO Client: Application report for application_1527512542584_0063 (state: RUNNING)
18/06/03 10:31:22 INFO Client: Application report for application_1527512542584_0063 (state: RUNNING)
18/06/03 10:31:23 INFO Client: Application report for application_1527512542584_0063 (state: RUNNING)
18/06/03 10:31:24 INFO Client: Application report for application_1527512542584_0063 (state: RUNNING)
18/06/03 10:31:25 INFO Client: Application report for application_1527512542584_0063 (state: RUNNING)
18/06/03 10:31:26 INFO Client: Application report for application_1527512542584_0063 (state: RUNNING)
18/06/03 10:31:27 INFO Client: Application report for application_1527512542584_0063 (state: ACCEPTED)
18/06/03 10:31:27 INFO Client: 
	 client token: N/A
	 diagnostics: AM container is launched, waiting for AM container to Register with RM
	 ApplicationMaster host: N/A
	 ApplicationMaster RPC port: -1
	 queue: default
	 start time: 1528021642922
	 final status: UNDEFINED
	 tracking URL: http://hn0-sparkh.01gbvfzxeqquvorlqntixlipbb.jx.internal.cloudapp.net:8088/proxy/application_1527512542584_0063/
	 user: ninghai
18/06/03 10:31:28 INFO Client: Application report for application_1527512542584_0063 (state: ACCEPTED)
18/06/03 10:31:29 INFO Client: Application report for application_1527512542584_0063 (state: ACCEPTED)
18/06/03 10:31:30 INFO Client: Application report for application_1527512542584_0063 (state: ACCEPTED)
18/06/03 10:31:31 INFO Client: Application report for application_1527512542584_0063 (state: ACCEPTED)
18/06/03 10:31:32 INFO Client: Application report for application_1527512542584_0063 (state: ACCEPTED)
18/06/03 10:31:33 INFO Client: Application report for application_1527512542584_0063 (state: ACCEPTED)
18/06/03 10:31:34 INFO Client: Application report for application_1527512542584_0063 (state: ACCEPTED)
18/06/03 10:31:35 INFO Client: Application report for application_1527512542584_0063 (state: RUNNING)
18/06/03 10:31:35 INFO Client: 
	 client token: N/A
	 diagnostics: N/A
	 ApplicationMaster host: 10.0.0.14
	 ApplicationMaster RPC port: 0
	 queue: default
	 start time: 1528021642922
	 final status: UNDEFINED
	 tracking URL: http://hn0-sparkh.01gbvfzxeqquvorlqntixlipbb.jx.internal.cloudapp.net:8088/proxy/application_1527512542584_0063/
	 user: ninghai
18/06/03 10:31:36 INFO Client: Application report for application_1527512542584_0063 (state: RUNNING)
18/06/03 10:31:37 INFO Client: Application report for application_1527512542584_0063 (state: RUNNING)
18/06/03 10:31:38 INFO Client: Application report for application_1527512542584_0063 (state: RUNNING)
18/06/03 10:31:39 INFO Client: Application report for application_1527512542584_0063 (state: RUNNING)
18/06/03 10:31:40 INFO Client: Application report for application_1527512542584_0063 (state: RUNNING)
18/06/03 10:31:41 INFO Client: Application report for application_1527512542584_0063 (state: RUNNING)
18/06/03 10:31:42 INFO Client: Application report for application_1527512542584_0063 (state: RUNNING)
18/06/03 10:31:43 INFO Client: Application report for application_1527512542584_0063 (state: RUNNING)
18/06/03 10:31:44 INFO Client: Application report for application_1527512542584_0063 (state: RUNNING)
18/06/03 10:31:45 INFO Client: Application report for application_1527512542584_0063 (state: RUNNING)
18/06/03 10:31:46 INFO Client: Application report for application_1527512542584_0063 (state: RUNNING)
18/06/03 10:31:47 INFO Client: Application report for application_1527512542584_0063 (state: RUNNING)
18/06/03 10:31:48 INFO Client: Application report for application_1527512542584_0063 (state: RUNNING)
18/06/03 10:31:49 INFO Client: Application report for application_1527512542584_0063 (state: RUNNING)
18/06/03 10:31:50 INFO Client: Application report for application_1527512542584_0063 (state: RUNNING)
18/06/03 10:31:51 INFO Client: Application report for application_1527512542584_0063 (state: RUNNING)
18/06/03 10:31:52 INFO Client: Application report for application_1527512542584_0063 (state: RUNNING)
18/06/03 10:31:53 INFO Client: Application report for application_1527512542584_0063 (state: RUNNING)
18/06/03 10:31:54 INFO Client: Application report for application_1527512542584_0063 (state: RUNNING)
18/06/03 10:31:55 INFO Client: Application report for application_1527512542584_0063 (state: RUNNING)
18/06/03 10:31:56 INFO Client: Application report for application_1527512542584_0063 (state: RUNNING)
18/06/03 10:31:57 INFO Client: Application report for application_1527512542584_0063 (state: RUNNING)
18/06/03 10:31:58 INFO Client: Application report for application_1527512542584_0063 (state: RUNNING)
18/06/03 10:31:59 INFO Client: Application report for application_1527512542584_0063 (state: RUNNING)
18/06/03 10:32:00 INFO Client: Application report for application_1527512542584_0063 (state: RUNNING)
18/06/03 10:32:01 INFO Client: Application report for application_1527512542584_0063 (state: RUNNING)
18/06/03 10:32:02 INFO Client: Application report for application_1527512542584_0063 (state: RUNNING)
18/06/03 10:32:03 INFO Client: Application report for application_1527512542584_0063 (state: RUNNING)
18/06/03 10:32:04 INFO Client: Application report for application_1527512542584_0063 (state: RUNNING)
18/06/03 10:32:05 INFO Client: Application report for application_1527512542584_0063 (state: RUNNING)
18/06/03 10:32:06 INFO Client: Application report for application_1527512542584_0063 (state: RUNNING)
18/06/03 10:32:07 INFO Client: Application report for application_1527512542584_0063 (state: RUNNING)
18/06/03 10:32:08 INFO Client: Application report for application_1527512542584_0063 (state: RUNNING)
18/06/03 10:32:09 INFO Client: Application report for application_1527512542584_0063 (state: RUNNING)
18/06/03 10:32:10 INFO Client: Application report for application_1527512542584_0063 (state: RUNNING)
18/06/03 10:32:11 INFO Client: Application report for application_1527512542584_0063 (state: RUNNING)
18/06/03 10:32:12 INFO Client: Application report for application_1527512542584_0063 (state: RUNNING)
18/06/03 10:32:13 INFO Client: Application report for application_1527512542584_0063 (state: RUNNING)
18/06/03 10:32:14 INFO Client: Application report for application_1527512542584_0063 (state: RUNNING)
18/06/03 10:32:15 INFO Client: Application report for application_1527512542584_0063 (state: RUNNING)
18/06/03 10:32:16 INFO Client: Application report for application_1527512542584_0063 (state: RUNNING)
18/06/03 10:32:17 INFO Client: Application report for application_1527512542584_0063 (state: RUNNING)
18/06/03 10:32:18 INFO Client: Application report for application_1527512542584_0063 (state: RUNNING)
18/06/03 10:32:19 INFO Client: Application report for application_1527512542584_0063 (state: RUNNING)
18/06/03 10:32:20 INFO Client: Application report for application_1527512542584_0063 (state: RUNNING)
18/06/03 10:32:21 INFO Client: Application report for application_1527512542584_0063 (state: RUNNING)
18/06/03 10:32:22 INFO Client: Application report for application_1527512542584_0063 (state: RUNNING)
18/06/03 10:32:23 INFO Client: Application report for application_1527512542584_0063 (state: ACCEPTED)
18/06/03 10:32:23 INFO Client: 
	 client token: N/A
	 diagnostics: [Sun Jun 03 10:32:23 +0000 2018] Application is Activated, waiting for resources to be assigned for AM.  Details : AM Partition = <DEFAULT_PARTITION> ; Partition Resource = <memory:204800, vCores:60> ; Queue's Absolute capacity = 50.0 % ; Queue's Absolute used capacity = 0.0 % ; Queue's Absolute max capacity = 100.0 % ; 
	 ApplicationMaster host: N/A
	 ApplicationMaster RPC port: -1
	 queue: default
	 start time: 1528021642922
	 final status: UNDEFINED
	 tracking URL: http://hn0-sparkh.01gbvfzxeqquvorlqntixlipbb.jx.internal.cloudapp.net:8088/proxy/application_1527512542584_0063/
	 user: ninghai
18/06/03 10:32:24 INFO Client: Application report for application_1527512542584_0063 (state: ACCEPTED)
18/06/03 10:32:25 INFO Client: Application report for application_1527512542584_0063 (state: ACCEPTED)
18/06/03 10:32:26 INFO Client: Application report for application_1527512542584_0063 (state: ACCEPTED)
18/06/03 10:32:27 INFO Client: Application report for application_1527512542584_0063 (state: ACCEPTED)
18/06/03 10:32:28 INFO Client: Application report for application_1527512542584_0063 (state: ACCEPTED)
18/06/03 10:32:29 INFO Client: Application report for application_1527512542584_0063 (state: ACCEPTED)
18/06/03 10:32:30 INFO Client: Application report for application_1527512542584_0063 (state: ACCEPTED)
18/06/03 10:32:31 INFO Client: Application report for application_1527512542584_0063 (state: ACCEPTED)
18/06/03 10:32:32 INFO Client: Application report for application_1527512542584_0063 (state: RUNNING)
18/06/03 10:32:32 INFO Client: 
	 client token: N/A
	 diagnostics: N/A
	 ApplicationMaster host: 10.0.0.12
	 ApplicationMaster RPC port: 0
	 queue: default
	 start time: 1528021642922
	 final status: UNDEFINED
	 tracking URL: http://hn0-sparkh.01gbvfzxeqquvorlqntixlipbb.jx.internal.cloudapp.net:8088/proxy/application_1527512542584_0063/
	 user: ninghai
18/06/03 10:32:33 INFO Client: Application report for application_1527512542584_0063 (state: RUNNING)
18/06/03 10:32:34 INFO Client: Application report for application_1527512542584_0063 (state: RUNNING)
18/06/03 10:32:35 INFO Client: Application report for application_1527512542584_0063 (state: RUNNING)
18/06/03 10:32:36 INFO Client: Application report for application_1527512542584_0063 (state: RUNNING)
18/06/03 10:32:37 INFO Client: Application report for application_1527512542584_0063 (state: RUNNING)
18/06/03 10:32:38 INFO Client: Application report for application_1527512542584_0063 (state: RUNNING)
18/06/03 10:32:39 INFO Client: Application report for application_1527512542584_0063 (state: RUNNING)
18/06/03 10:32:40 INFO Client: Application report for application_1527512542584_0063 (state: RUNNING)
18/06/03 10:32:41 INFO Client: Application report for application_1527512542584_0063 (state: RUNNING)
18/06/03 10:32:42 INFO Client: Application report for application_1527512542584_0063 (state: RUNNING)
18/06/03 10:32:43 INFO Client: Application report for application_1527512542584_0063 (state: RUNNING)
18/06/03 10:32:44 INFO Client: Application report for application_1527512542584_0063 (state: RUNNING)
18/06/03 10:32:45 INFO Client: Application report for application_1527512542584_0063 (state: RUNNING)
18/06/03 10:32:46 INFO Client: Application report for application_1527512542584_0063 (state: RUNNING)
18/06/03 10:32:47 INFO Client: Application report for application_1527512542584_0063 (state: RUNNING)
18/06/03 10:32:48 INFO Client: Application report for application_1527512542584_0063 (state: RUNNING)
18/06/03 10:32:49 INFO Client: Application report for application_1527512542584_0063 (state: RUNNING)
18/06/03 10:32:50 INFO Client: Application report for application_1527512542584_0063 (state: RUNNING)
18/06/03 10:32:51 INFO Client: Application report for application_1527512542584_0063 (state: RUNNING)
18/06/03 10:32:52 INFO Client: Application report for application_1527512542584_0063 (state: RUNNING)
18/06/03 10:32:53 INFO Client: Application report for application_1527512542584_0063 (state: RUNNING)
18/06/03 10:32:54 INFO Client: Application report for application_1527512542584_0063 (state: RUNNING)
18/06/03 10:32:55 INFO Client: Application report for application_1527512542584_0063 (state: RUNNING)
18/06/03 10:32:56 INFO Client: Application report for application_1527512542584_0063 (state: RUNNING)
18/06/03 10:32:57 INFO Client: Application report for application_1527512542584_0063 (state: RUNNING)
18/06/03 10:32:58 INFO Client: Application report for application_1527512542584_0063 (state: RUNNING)
18/06/03 10:32:59 INFO Client: Application report for application_1527512542584_0063 (state: RUNNING)
18/06/03 10:33:00 INFO Client: Application report for application_1527512542584_0063 (state: RUNNING)
18/06/03 10:33:01 INFO Client: Application report for application_1527512542584_0063 (state: RUNNING)
18/06/03 10:33:02 INFO Client: Application report for application_1527512542584_0063 (state: RUNNING)
18/06/03 10:33:03 INFO Client: Application report for application_1527512542584_0063 (state: RUNNING)
18/06/03 10:33:04 INFO Client: Application report for application_1527512542584_0063 (state: RUNNING)
18/06/03 10:33:05 INFO Client: Application report for application_1527512542584_0063 (state: RUNNING)
18/06/03 10:33:06 INFO Client: Application report for application_1527512542584_0063 (state: RUNNING)
18/06/03 10:33:07 INFO Client: Application report for application_1527512542584_0063 (state: RUNNING)
18/06/03 10:33:08 INFO Client: Application report for application_1527512542584_0063 (state: RUNNING)
18/06/03 10:33:09 INFO Client: Application report for application_1527512542584_0063 (state: RUNNING)
18/06/03 10:33:10 INFO Client: Application report for application_1527512542584_0063 (state: RUNNING)
18/06/03 10:33:11 INFO Client: Application report for application_1527512542584_0063 (state: RUNNING)
18/06/03 10:33:12 INFO Client: Application report for application_1527512542584_0063 (state: RUNNING)
18/06/03 10:33:13 INFO Client: Application report for application_1527512542584_0063 (state: RUNNING)
18/06/03 10:33:14 INFO Client: Application report for application_1527512542584_0063 (state: RUNNING)
18/06/03 10:33:15 INFO Client: Application report for application_1527512542584_0063 (state: RUNNING)
18/06/03 10:33:16 INFO Client: Application report for application_1527512542584_0063 (state: FINISHED)
18/06/03 10:33:16 INFO Client: 
	 client token: N/A
	 diagnostics: User application exited with status 1
	 ApplicationMaster host: 10.0.0.12
	 ApplicationMaster RPC port: 0
	 queue: default
	 start time: 1528021642922
	 final status: FAILED
	 tracking URL: http://hn0-sparkh.01gbvfzxeqquvorlqntixlipbb.jx.internal.cloudapp.net:8088/proxy/application_1527512542584_0063/
	 user: ninghai
Exception in thread "main" org.apache.spark.SparkException: Application application_1527512542584_0063 finished with failed status
	at org.apache.spark.deploy.yarn.Client.run(Client.scala:1241)
	at org.apache.spark.deploy.yarn.Client$.main(Client.scala:1287)
	at org.apache.spark.deploy.yarn.Client.main(Client.scala)
	at sun.reflect.NativeMethodAccessorImpl.invoke0(Native Method)
	at sun.reflect.NativeMethodAccessorImpl.invoke(NativeMethodAccessorImpl.java:62)
	at sun.reflect.DelegatingMethodAccessorImpl.invoke(DelegatingMethodAccessorImpl.java:43)
	at java.lang.reflect.Method.invoke(Method.java:498)
	at org.apache.spark.deploy.SparkSubmit$.org$apache$spark$deploy$SparkSubmit$$runMain(SparkSubmit.scala:745)
	at org.apache.spark.deploy.SparkSubmit$.doRunMain$1(SparkSubmit.scala:187)
	at org.apache.spark.deploy.SparkSubmit$.submit(SparkSubmit.scala:212)
	at org.apache.spark.deploy.SparkSubmit$.main(SparkSubmit.scala:126)
	at org.apache.spark.deploy.SparkSubmit.main(SparkSubmit.scala)
18/06/03 10:33:16 INFO ShutdownHookManager: Shutdown hook called
18/06/03 10:33:16 INFO ShutdownHookManager: Deleting directory /tmp/spark-3d818ce4-bd7d-492c-b8be-115270019a3b
18/06/03 10:33:16 INFO MetricsSystemImpl: Stopping azure-file-system metrics system...
18/06/03 10:33:16 INFO MetricsSinkAdapter: azurefs2 thread interrupted.
18/06/03 10:33:16 INFO MetricsSystemImpl: azure-file-system metrics system stopped.
18/06/03 10:33:16 INFO MetricsSystemImpl: azure-file-system metrics system shutdown complete.
18/06/03 10:33:18 INFO client.AHSProxy: Connecting to Application History server at headnodehost/10.0.0.21:10200
18/06/03 10:33:19 INFO client.RequestHedgingRMFailoverProxyProvider: Looking for the active RM in [rm1, rm2]...
18/06/03 10:33:19 INFO client.RequestHedgingRMFailoverProxyProvider: Found active RM [rm1]
18/06/03 10:33:20 INFO zlib.ZlibFactory: Successfully loaded & initialized native-zlib library
18/06/03 10:33:20 INFO compress.CodecPool: Got brand-new decompressor [.deflate]
Container: container_e25_1527512542584_0063_01_000001 on 10.0.0.12_30050_1528021998323
LogAggregationType: AGGREGATED
======================================================================================
18/06/03 10:33:20 INFO compress.CodecPool: Got brand-new decompressor [.deflate]
LogType:stderr
Log Upload Time:Sun Jun 03 10:33:18 +0000 2018
LogLength:548
Log Contents:
SLF4J: Class path contains multiple SLF4J bindings.
SLF4J: Found binding in [jar:file:/usr/hdp/2.6.0.2-76/spark2/jars/slf4j-log4j12-1.7.16.jar!/org/slf4j/impl/StaticLoggerBinder.class]
SLF4J: Found binding in [jar:file:/usr/hdp/2.6.0.2-76/hadoop/lib/slf4j-log4j12-1.7.10.jar!/org/slf4j/impl/StaticLoggerBinder.class]
SLF4J: See http://www.slf4j.org/codes.html#multiple_bindings for an explanation.
SLF4J: Actual binding is of type [org.slf4j.impl.Log4jLoggerFactory]
18/06/03 10:29:29 ERROR ApplicationMaster: User application exited with status 1

End of LogType:stderr

Container: container_e25_1527512542584_0063_02_000001 on 10.0.0.14_30050_1528021997521
LogAggregationType: AGGREGATED
======================================================================================
18/06/03 10:33:21 INFO compress.CodecPool: Got brand-new decompressor [.deflate]
LogType:stderr
Log Upload Time:Sun Jun 03 10:33:17 +0000 2018
LogLength:548
Log Contents:
SLF4J: Class path contains multiple SLF4J bindings.
SLF4J: Found binding in [jar:file:/usr/hdp/2.6.0.2-76/spark2/jars/slf4j-log4j12-1.7.16.jar!/org/slf4j/impl/StaticLoggerBinder.class]
SLF4J: Found binding in [jar:file:/usr/hdp/2.6.0.2-76/hadoop/lib/slf4j-log4j12-1.7.10.jar!/org/slf4j/impl/StaticLoggerBinder.class]
SLF4J: See http://www.slf4j.org/codes.html#multiple_bindings for an explanation.
SLF4J: Actual binding is of type [org.slf4j.impl.Log4jLoggerFactory]
18/06/03 10:30:26 ERROR ApplicationMaster: User application exited with status 1

End of LogType:stderr

Container: container_e25_1527512542584_0063_03_000001 on 10.0.0.14_30050_1528021997521
LogAggregationType: AGGREGATED
======================================================================================
18/06/03 10:33:21 INFO compress.CodecPool: Got brand-new decompressor [.deflate]
LogType:stderr
Log Upload Time:Sun Jun 03 10:33:17 +0000 2018
LogLength:548
Log Contents:
SLF4J: Class path contains multiple SLF4J bindings.
SLF4J: Found binding in [jar:file:/usr/hdp/2.6.0.2-76/spark2/jars/slf4j-log4j12-1.7.16.jar!/org/slf4j/impl/StaticLoggerBinder.class]
SLF4J: Found binding in [jar:file:/usr/hdp/2.6.0.2-76/hadoop/lib/slf4j-log4j12-1.7.10.jar!/org/slf4j/impl/StaticLoggerBinder.class]
SLF4J: See http://www.slf4j.org/codes.html#multiple_bindings for an explanation.
SLF4J: Actual binding is of type [org.slf4j.impl.Log4jLoggerFactory]
18/06/03 10:31:25 ERROR ApplicationMaster: User application exited with status 1

End of LogType:stderr

Container: container_e25_1527512542584_0063_04_000001 on 10.0.0.14_30050_1528021997521
LogAggregationType: AGGREGATED
======================================================================================
18/06/03 10:33:22 INFO compress.CodecPool: Got brand-new decompressor [.deflate]
LogType:stderr
Log Upload Time:Sun Jun 03 10:33:17 +0000 2018
LogLength:548
Log Contents:
SLF4J: Class path contains multiple SLF4J bindings.
SLF4J: Found binding in [jar:file:/usr/hdp/2.6.0.2-76/spark2/jars/slf4j-log4j12-1.7.16.jar!/org/slf4j/impl/StaticLoggerBinder.class]
SLF4J: Found binding in [jar:file:/usr/hdp/2.6.0.2-76/hadoop/lib/slf4j-log4j12-1.7.10.jar!/org/slf4j/impl/StaticLoggerBinder.class]
SLF4J: See http://www.slf4j.org/codes.html#multiple_bindings for an explanation.
SLF4J: Actual binding is of type [org.slf4j.impl.Log4jLoggerFactory]
18/06/03 10:32:22 ERROR ApplicationMaster: User application exited with status 1

End of LogType:stderr

Container: container_e25_1527512542584_0063_05_000001 on 10.0.0.12_30050_1528021998323
LogAggregationType: AGGREGATED
======================================================================================
18/06/03 10:33:22 INFO compress.CodecPool: Got brand-new decompressor [.deflate]
LogType:stderr
Log Upload Time:Sun Jun 03 10:33:18 +0000 2018
LogLength:695
Log Contents:
SLF4J: Class path contains multiple SLF4J bindings.
SLF4J: Found binding in [jar:file:/usr/hdp/2.6.0.2-76/spark2/jars/slf4j-log4j12-1.7.16.jar!/org/slf4j/impl/StaticLoggerBinder.class]
SLF4J: Found binding in [jar:file:/usr/hdp/2.6.0.2-76/hadoop/lib/slf4j-log4j12-1.7.10.jar!/org/slf4j/impl/StaticLoggerBinder.class]
SLF4J: See http://www.slf4j.org/codes.html#multiple_bindings for an explanation.
SLF4J: Actual binding is of type [org.slf4j.impl.Log4jLoggerFactory]
18/06/03 10:33:15 ERROR ApplicationMaster: User application exited with status 1
18/06/03 10:33:15 ERROR LiveListenerBus: SparkListenerBus has already stopped! Dropping event SparkListenerExecutorMetricsUpdate(4,WrappedArray())

End of LogType:stderr


Specified ALL for -am option. Printed logs for all am containers.
18/06/03 10:33:24 INFO client.AHSProxy: Connecting to Application History server at headnodehost/10.0.0.21:10200
18/06/03 10:33:24 INFO client.RequestHedgingRMFailoverProxyProvider: Looking for the active RM in [rm1, rm2]...
18/06/03 10:33:24 INFO client.RequestHedgingRMFailoverProxyProvider: Found active RM [rm1]
18/06/03 10:33:25 INFO zlib.ZlibFactory: Successfully loaded & initialized native-zlib library
18/06/03 10:33:25 INFO compress.CodecPool: Got brand-new decompressor [.deflate]
Container: container_e25_1527512542584_0063_01_000001 on 10.0.0.12_30050_1528021998323
LogAggregationType: AGGREGATED
======================================================================================
18/06/03 10:33:25 INFO compress.CodecPool: Got brand-new decompressor [.deflate]
LogType:stdout
Log Upload Time:Sun Jun 03 10:33:18 +0000 2018
LogLength:7929
Log Contents:
****************
Python version: 3.6.2 |Anaconda, Inc.| (default, Oct  5 2017, 07:59:26) 
[GCC 7.2.0]
Spark version: 2.1.0.2.6.0.2-76
****************
First 10 rows of Iris dataset:
+------------+-----------+------------+-----------+-----------+
|sepal-length|sepal-width|petal-length|petal-width|      class|
+------------+-----------+------------+-----------+-----------+
|         5.1|        3.5|         1.4|        0.2|Iris-setosa|
|         4.9|        3.0|         1.4|        0.2|Iris-setosa|
|         4.7|        3.2|         1.3|        0.2|Iris-setosa|
|         4.6|        3.1|         1.5|        0.2|Iris-setosa|
|         5.0|        3.6|         1.4|        0.2|Iris-setosa|
|         5.4|        3.9|         1.7|        0.4|Iris-setosa|
|         4.6|        3.4|         1.4|        0.3|Iris-setosa|
|         5.0|        3.4|         1.5|        0.2|Iris-setosa|
|         4.4|        2.9|         1.4|        0.2|Iris-setosa|
|         4.9|        3.1|         1.5|        0.1|Iris-setosa|
+------------+-----------+------------+-----------+-----------+
only showing top 10 rows

Load featurized dataset for machine learning...
+-----------------+-----+
|         features|label|
+-----------------+-----+
|[5.1,3.5,1.4,0.2]|  0.0|
|[4.9,3.0,1.4,0.2]|  0.0|
|[4.7,3.2,1.3,0.2]|  0.0|
|[4.6,3.1,1.5,0.2]|  0.0|
|[5.0,3.6,1.4,0.2]|  0.0|
|[5.4,3.9,1.7,0.4]|  0.0|
|[4.6,3.4,1.4,0.3]|  0.0|
|[5.0,3.4,1.5,0.2]|  0.0|
|[4.4,2.9,1.4,0.2]|  0.0|
|[4.9,3.1,1.5,0.1]|  0.0|
+-----------------+-----+
only showing top 10 rows

Prediction
+-----------------+-----+--------------------+--------------------+----------+
|         features|label|       rawPrediction|         probability|prediction|
+-----------------+-----+--------------------+--------------------+----------+
|[4.3,3.0,1.1,0.1]|  0.0|[6.43456472674152...|[0.98230387383348...|       0.0|
|[4.4,2.9,1.4,0.2]|  0.0|[5.57262002129811...|[0.95906010621057...|       0.0|
|[4.4,3.2,1.3,0.2]|  0.0|[6.35679559720790...|[0.98439402675631...|       0.0|
|[4.6,3.2,1.4,0.2]|  0.0|[6.01882308149097...|[0.97640038403333...|       0.0|
|[4.6,3.4,1.4,0.3]|  0.0|[6.26080467113140...|[0.98522766169015...|       0.0|
|[4.6,3.6,1.0,0.2]|  0.0|[7.33241622504283...|[0.99498394307886...|       0.0|
|[4.8,3.0,1.4,0.1]|  0.0|[5.53937861701067...|[0.94863013416092...|       0.0|
|[4.8,3.4,1.6,0.2]|  0.0|[6.03611821491881...|[0.97826895816164...|       0.0|
|[5.0,2.0,3.5,1.0]|  1.0|[-1.0118344697890...|[0.03043239453487...|       1.0|
|[5.0,3.0,1.6,0.2]|  0.0|[4.88710076003529...|[0.90725042397494...|       0.0|
+-----------------+-----+--------------------+--------------------+----------+
only showing top 10 rows


#####################################
Regularization rate is 0.01
Accuracy is 0.9555555555555556
#####################################

The experiment completed successfully. Starting post-processing steps.
Traceback (most recent call last):
  File "context_manager_injector.py", line 119, in <module>
    execute_with_context(cm_objects, options.invocation)
  File "context_manager_injector.py", line 81, in execute_with_context
    print("Prehistory!", file=stream)
  File "/mnt/resource/hadoop/yarn/local/usercache/ninghai/appcache/application_1527512542584_0063/container_e25_1527512542584_0063_01_000001/azureml_40b348c4d7381beefb01312cdebdaa0b.zip/home/ninghai/.azureml/envs/azureml_40b348c4d7381beefb01312cdebdaa0b/lib/python3.6/contextlib.py", line 380, in __exit__
    raise exc_details[1]
  File "/mnt/resource/hadoop/yarn/local/usercache/ninghai/appcache/application_1527512542584_0063/container_e25_1527512542584_0063_01_000001/azureml_40b348c4d7381beefb01312cdebdaa0b.zip/home/ninghai/.azureml/envs/azureml_40b348c4d7381beefb01312cdebdaa0b/lib/python3.6/contextlib.py", line 365, in __exit__
    if cb(*exc_details):
  File "/mnt/resource/hadoop/yarn/local/usercache/ninghai/appcache/application_1527512542584_0063/container_e25_1527512542584_0063_01_000001/azureml_40b348c4d7381beefb01312cdebdaa0b.zip/home/ninghai/.azureml/envs/azureml_40b348c4d7381beefb01312cdebdaa0b/lib/python3.6/contextlib.py", line 284, in _exit_wrapper
    return cm_exit(cm, *exc_details)
  File "context_manager_injector.py", line 30, in __exit__
    self.context_manager.__exit__(*exc_details)
  File "/mnt/resource/hadoop/yarn/local/usercache/ninghai/appcache/application_1527512542584_0063/container_e25_1527512542584_0063_01_000001/context_managers.py", line 61, in __exit__
    self.history_context.__exit__(*args)
  File "/mnt/resource/hadoop/yarn/local/usercache/ninghai/appcache/application_1527512542584_0063/container_e25_1527512542584_0063_01_000001/azureml_40b348c4d7381beefb01312cdebdaa0b.zip/home/ninghai/.azureml/envs/azureml_40b348c4d7381beefb01312cdebdaa0b/lib/python3.6/site-packages/azureml/history/utils/context_managers.py", line 50, in __exit__
    self._exit_stack.__exit__(*args)
  File "/mnt/resource/hadoop/yarn/local/usercache/ninghai/appcache/application_1527512542584_0063/container_e25_1527512542584_0063_01_000001/azureml_40b348c4d7381beefb01312cdebdaa0b.zip/home/ninghai/.azureml/envs/azureml_40b348c4d7381beefb01312cdebdaa0b/lib/python3.6/contextlib.py", line 380, in __exit__
    raise exc_details[1]
  File "/mnt/resource/hadoop/yarn/local/usercache/ninghai/appcache/application_1527512542584_0063/container_e25_1527512542584_0063_01_000001/azureml_40b348c4d7381beefb01312cdebdaa0b.zip/home/ninghai/.azureml/envs/azureml_40b348c4d7381beefb01312cdebdaa0b/lib/python3.6/contextlib.py", line 365, in __exit__
    if cb(*exc_details):
  File "/mnt/resource/hadoop/yarn/local/usercache/ninghai/appcache/application_1527512542584_0063/container_e25_1527512542584_0063_01_000001/azureml_40b348c4d7381beefb01312cdebdaa0b.zip/home/ninghai/.azureml/envs/azureml_40b348c4d7381beefb01312cdebdaa0b/lib/python3.6/contextlib.py", line 284, in _exit_wrapper
    return cm_exit(cm, *exc_details)
  File "/mnt/resource/hadoop/yarn/local/usercache/ninghai/appcache/application_1527512542584_0063/container_e25_1527512542584_0063_01_000001/azureml_40b348c4d7381beefb01312cdebdaa0b.zip/home/ninghai/.azureml/envs/azureml_40b348c4d7381beefb01312cdebdaa0b/lib/python3.6/site-packages/azureml/history/utils/context_managers.py", line 141, in __exit__
    self.blacklist + [self.user_log_path])
  File "/mnt/resource/hadoop/yarn/local/usercache/ninghai/appcache/application_1527512542584_0063/container_e25_1527512542584_0063_01_000001/azureml_40b348c4d7381beefb01312cdebdaa0b.zip/home/ninghai/.azureml/envs/azureml_40b348c4d7381beefb01312cdebdaa0b/lib/python3.6/site-packages/azureml/history/utils/context_managers.py", line 87, in track
    fs.track(run_tracker, track_folders, blacklist)
  File "/mnt/resource/hadoop/yarn/local/usercache/ninghai/appcache/application_1527512542584_0063/container_e25_1527512542584_0063_01_000001/azureml_40b348c4d7381beefb01312cdebdaa0b.zip/home/ninghai/.azureml/envs/azureml_40b348c4d7381beefb01312cdebdaa0b/lib/python3.6/site-packages/azureml/history/utils/filesystem.py", line 130, in track
    self._upload_hdi_outputs(run_tracker)
  File "/mnt/resource/hadoop/yarn/local/usercache/ninghai/appcache/application_1527512542584_0063/container_e25_1527512542584_0063_01_000001/azureml_40b348c4d7381beefb01312cdebdaa0b.zip/home/ninghai/.azureml/envs/azureml_40b348c4d7381beefb01312cdebdaa0b/lib/python3.6/site-packages/azureml/history/utils/filesystem.py", line 154, in _upload_hdi_outputs
    container_sas = get_container_sas(wasburl)
  File "/mnt/resource/hadoop/yarn/local/usercache/ninghai/appcache/application_1527512542584_0063/container_e25_1527512542584_0063_01_000001/azureml_40b348c4d7381beefb01312cdebdaa0b.zip/home/ninghai/.azureml/envs/azureml_40b348c4d7381beefb01312cdebdaa0b/lib/python3.6/site-packages/azureml/history/utils/_hdi_wasb_utils.py", line 32, in get_container_sas
    from azure.storage.models import AccountPermissions
ModuleNotFoundError: No module named 'azure.storage.models'

End of LogType:stdout

Container: container_e25_1527512542584_0063_02_000001 on 10.0.0.14_30050_1528021997521
LogAggregationType: AGGREGATED
======================================================================================
18/06/03 10:33:26 INFO compress.CodecPool: Got brand-new decompressor [.deflate]
LogType:stdout
Log Upload Time:Sun Jun 03 10:33:17 +0000 2018
LogLength:9920
Log Contents:
****************
Python version: 3.6.2 |Anaconda, Inc.| (default, Oct  5 2017, 07:59:26) 
[GCC 7.2.0]
Spark version: 2.1.0.2.6.0.2-76
****************
First 10 rows of Iris dataset:
+------------+-----------+------------+-----------+-----------+
|sepal-length|sepal-width|petal-length|petal-width|      class|
+------------+-----------+------------+-----------+-----------+
|         5.1|        3.5|         1.4|        0.2|Iris-setosa|
|         4.9|        3.0|         1.4|        0.2|Iris-setosa|
|         4.7|        3.2|         1.3|        0.2|Iris-setosa|
|         4.6|        3.1|         1.5|        0.2|Iris-setosa|
|         5.0|        3.6|         1.4|        0.2|Iris-setosa|
|         5.4|        3.9|         1.7|        0.4|Iris-setosa|
|         4.6|        3.4|         1.4|        0.3|Iris-setosa|
|         5.0|        3.4|         1.5|        0.2|Iris-setosa|
|         4.4|        2.9|         1.4|        0.2|Iris-setosa|
|         4.9|        3.1|         1.5|        0.1|Iris-setosa|
+------------+-----------+------------+-----------+-----------+
only showing top 10 rows

Load featurized dataset for machine learning...
+-----------------+-----+
|         features|label|
+-----------------+-----+
|[5.1,3.5,1.4,0.2]|  0.0|
|[4.9,3.0,1.4,0.2]|  0.0|
|[4.7,3.2,1.3,0.2]|  0.0|
|[4.6,3.1,1.5,0.2]|  0.0|
|[5.0,3.6,1.4,0.2]|  0.0|
|[5.4,3.9,1.7,0.4]|  0.0|
|[4.6,3.4,1.4,0.3]|  0.0|
|[5.0,3.4,1.5,0.2]|  0.0|
|[4.4,2.9,1.4,0.2]|  0.0|
|[4.9,3.1,1.5,0.1]|  0.0|
+-----------------+-----+
only showing top 10 rows

Prediction
+-----------------+-----+--------------------+--------------------+----------+
|         features|label|       rawPrediction|         probability|prediction|
+-----------------+-----+--------------------+--------------------+----------+
|[4.4,3.2,1.3,0.2]|  0.0|[6.11101140030571...|[0.98204168285804...|       0.0|
|[4.5,2.3,1.3,0.3]|  0.0|[3.40942907481943...|[0.59768699648721...|       0.0|
|[4.6,3.6,1.0,0.2]|  0.0|[7.21843096436765...|[0.99542829282299...|       0.0|
|[4.8,3.0,1.4,0.3]|  0.0|[4.83535203728600...|[0.91952677460098...|       0.0|
|[4.8,3.1,1.6,0.2]|  0.0|[5.13326232936531...|[0.94292059110084...|       0.0|
|[4.9,2.5,4.5,1.7]|  2.0|[-2.4248415592364...|[0.01267974941072...|       1.0|
|[4.9,3.1,1.5,0.1]|  0.0|[5.32910523340556...|[0.94639310276921...|       0.0|
|[5.0,2.0,3.5,1.0]|  1.0|[-1.4392769946630...|[0.01603542902304...|       1.0|
|[5.0,2.3,3.3,1.0]|  1.0|[-0.4658406830382...|[0.05405028288256...|       1.0|
|[5.0,3.3,1.4,0.2]|  0.0|[5.62197760392069...|[0.96703692326326...|       0.0|
+-----------------+-----+--------------------+--------------------+----------+
only showing top 10 rows


#####################################
Regularization rate is 0.01
Accuracy is 0.9782608695652174
#####################################

The experiment completed successfully. Starting post-processing steps.
Traceback (most recent call last):
  File "/mnt/resource/hadoop/yarn/local/usercache/ninghai/appcache/application_1527512542584_0063/container_e25_1527512542584_0063_02_000001/azureml_40b348c4d7381beefb01312cdebdaa0b.zip/home/ninghai/.azureml/envs/azureml_40b348c4d7381beefb01312cdebdaa0b/lib/python3.6/contextlib.py", line 365, in __exit__
    if cb(*exc_details):
  File "/mnt/resource/hadoop/yarn/local/usercache/ninghai/appcache/application_1527512542584_0063/container_e25_1527512542584_0063_02_000001/azureml_40b348c4d7381beefb01312cdebdaa0b.zip/home/ninghai/.azureml/envs/azureml_40b348c4d7381beefb01312cdebdaa0b/lib/python3.6/contextlib.py", line 284, in _exit_wrapper
    return cm_exit(cm, *exc_details)
  File "/mnt/resource/hadoop/yarn/local/usercache/ninghai/appcache/application_1527512542584_0063/container_e25_1527512542584_0063_02_000001/azureml_40b348c4d7381beefb01312cdebdaa0b.zip/home/ninghai/.azureml/envs/azureml_40b348c4d7381beefb01312cdebdaa0b/lib/python3.6/site-packages/azureml/history/utils/context_managers.py", line 141, in __exit__
    self.blacklist + [self.user_log_path])
  File "/mnt/resource/hadoop/yarn/local/usercache/ninghai/appcache/application_1527512542584_0063/container_e25_1527512542584_0063_02_000001/azureml_40b348c4d7381beefb01312cdebdaa0b.zip/home/ninghai/.azureml/envs/azureml_40b348c4d7381beefb01312cdebdaa0b/lib/python3.6/site-packages/azureml/history/utils/context_managers.py", line 87, in track
    fs.track(run_tracker, track_folders, blacklist)
  File "/mnt/resource/hadoop/yarn/local/usercache/ninghai/appcache/application_1527512542584_0063/container_e25_1527512542584_0063_02_000001/azureml_40b348c4d7381beefb01312cdebdaa0b.zip/home/ninghai/.azureml/envs/azureml_40b348c4d7381beefb01312cdebdaa0b/lib/python3.6/site-packages/azureml/history/utils/filesystem.py", line 130, in track
    self._upload_hdi_outputs(run_tracker)
  File "/mnt/resource/hadoop/yarn/local/usercache/ninghai/appcache/application_1527512542584_0063/container_e25_1527512542584_0063_02_000001/azureml_40b348c4d7381beefb01312cdebdaa0b.zip/home/ninghai/.azureml/envs/azureml_40b348c4d7381beefb01312cdebdaa0b/lib/python3.6/site-packages/azureml/history/utils/filesystem.py", line 154, in _upload_hdi_outputs
    container_sas = get_container_sas(wasburl)
  File "/mnt/resource/hadoop/yarn/local/usercache/ninghai/appcache/application_1527512542584_0063/container_e25_1527512542584_0063_02_000001/azureml_40b348c4d7381beefb01312cdebdaa0b.zip/home/ninghai/.azureml/envs/azureml_40b348c4d7381beefb01312cdebdaa0b/lib/python3.6/site-packages/azureml/history/utils/_hdi_wasb_utils.py", line 32, in get_container_sas
    from azure.storage.models import AccountPermissions
ModuleNotFoundError: No module named 'azure.storage.models'

During handling of the above exception, another exception occurred:

Traceback (most recent call last):
  File "context_manager_injector.py", line 119, in <module>
    execute_with_context(cm_objects, options.invocation)
  File "context_manager_injector.py", line 81, in execute_with_context
    print("Prehistory!", file=stream)
  File "/mnt/resource/hadoop/yarn/local/usercache/ninghai/appcache/application_1527512542584_0063/container_e25_1527512542584_0063_02_000001/azureml_40b348c4d7381beefb01312cdebdaa0b.zip/home/ninghai/.azureml/envs/azureml_40b348c4d7381beefb01312cdebdaa0b/lib/python3.6/contextlib.py", line 380, in __exit__
    raise exc_details[1]
  File "/mnt/resource/hadoop/yarn/local/usercache/ninghai/appcache/application_1527512542584_0063/container_e25_1527512542584_0063_02_000001/azureml_40b348c4d7381beefb01312cdebdaa0b.zip/home/ninghai/.azureml/envs/azureml_40b348c4d7381beefb01312cdebdaa0b/lib/python3.6/contextlib.py", line 365, in __exit__
    if cb(*exc_details):
  File "/mnt/resource/hadoop/yarn/local/usercache/ninghai/appcache/application_1527512542584_0063/container_e25_1527512542584_0063_02_000001/azureml_40b348c4d7381beefb01312cdebdaa0b.zip/home/ninghai/.azureml/envs/azureml_40b348c4d7381beefb01312cdebdaa0b/lib/python3.6/contextlib.py", line 284, in _exit_wrapper
    return cm_exit(cm, *exc_details)
  File "context_manager_injector.py", line 30, in __exit__
    self.context_manager.__exit__(*exc_details)
  File "/mnt/resource/hadoop/yarn/local/usercache/ninghai/appcache/application_1527512542584_0063/container_e25_1527512542584_0063_02_000001/context_managers.py", line 61, in __exit__
    self.history_context.__exit__(*args)
  File "/mnt/resource/hadoop/yarn/local/usercache/ninghai/appcache/application_1527512542584_0063/container_e25_1527512542584_0063_02_000001/azureml_40b348c4d7381beefb01312cdebdaa0b.zip/home/ninghai/.azureml/envs/azureml_40b348c4d7381beefb01312cdebdaa0b/lib/python3.6/site-packages/azureml/history/utils/context_managers.py", line 50, in __exit__
    self._exit_stack.__exit__(*args)
  File "/mnt/resource/hadoop/yarn/local/usercache/ninghai/appcache/application_1527512542584_0063/container_e25_1527512542584_0063_02_000001/azureml_40b348c4d7381beefb01312cdebdaa0b.zip/home/ninghai/.azureml/envs/azureml_40b348c4d7381beefb01312cdebdaa0b/lib/python3.6/contextlib.py", line 380, in __exit__
    raise exc_details[1]
  File "/mnt/resource/hadoop/yarn/local/usercache/ninghai/appcache/application_1527512542584_0063/container_e25_1527512542584_0063_02_000001/azureml_40b348c4d7381beefb01312cdebdaa0b.zip/home/ninghai/.azureml/envs/azureml_40b348c4d7381beefb01312cdebdaa0b/lib/python3.6/contextlib.py", line 365, in __exit__
    if cb(*exc_details):
  File "/mnt/resource/hadoop/yarn/local/usercache/ninghai/appcache/application_1527512542584_0063/container_e25_1527512542584_0063_02_000001/azureml_40b348c4d7381beefb01312cdebdaa0b.zip/home/ninghai/.azureml/envs/azureml_40b348c4d7381beefb01312cdebdaa0b/lib/python3.6/contextlib.py", line 284, in _exit_wrapper
    return cm_exit(cm, *exc_details)
  File "/mnt/resource/hadoop/yarn/local/usercache/ninghai/appcache/application_1527512542584_0063/container_e25_1527512542584_0063_02_000001/azureml_40b348c4d7381beefb01312cdebdaa0b.zip/home/ninghai/.azureml/envs/azureml_40b348c4d7381beefb01312cdebdaa0b/lib/python3.6/site-packages/azureml/history/utils/context_managers.py", line 157, in __exit__
    self.run_tracker.upload_file(self.driver_log_name, self.user_log_path)
  File "/mnt/resource/hadoop/yarn/local/usercache/ninghai/appcache/application_1527512542584_0063/container_e25_1527512542584_0063_02_000001/azureml_40b348c4d7381beefb01312cdebdaa0b.zip/home/ninghai/.azureml/envs/azureml_40b348c4d7381beefb01312cdebdaa0b/lib/python3.6/site-packages/azureml/core/run.py", line 461, in upload_file
    return self._client.upload_file(name, path_or_stream)
  File "/mnt/resource/hadoop/yarn/local/usercache/ninghai/appcache/application_1527512542584_0063/container_e25_1527512542584_0063_02_000001/azureml_40b348c4d7381beefb01312cdebdaa0b.zip/home/ninghai/.azureml/envs/azureml_40b348c4d7381beefb01312cdebdaa0b/lib/python3.6/site-packages/azureml/_run_impl/artifacts_client.py", line 53, in upload_file
    assert(len(artifact_keys) == 1)
AssertionError

End of LogType:stdout

Container: container_e25_1527512542584_0063_03_000001 on 10.0.0.14_30050_1528021997521
LogAggregationType: AGGREGATED
======================================================================================
18/06/03 10:33:26 INFO compress.CodecPool: Got brand-new decompressor [.deflate]
LogType:stdout
Log Upload Time:Sun Jun 03 10:33:17 +0000 2018
LogLength:9920
Log Contents:
****************
Python version: 3.6.2 |Anaconda, Inc.| (default, Oct  5 2017, 07:59:26) 
[GCC 7.2.0]
Spark version: 2.1.0.2.6.0.2-76
****************
First 10 rows of Iris dataset:
+------------+-----------+------------+-----------+-----------+
|sepal-length|sepal-width|petal-length|petal-width|      class|
+------------+-----------+------------+-----------+-----------+
|         5.1|        3.5|         1.4|        0.2|Iris-setosa|
|         4.9|        3.0|         1.4|        0.2|Iris-setosa|
|         4.7|        3.2|         1.3|        0.2|Iris-setosa|
|         4.6|        3.1|         1.5|        0.2|Iris-setosa|
|         5.0|        3.6|         1.4|        0.2|Iris-setosa|
|         5.4|        3.9|         1.7|        0.4|Iris-setosa|
|         4.6|        3.4|         1.4|        0.3|Iris-setosa|
|         5.0|        3.4|         1.5|        0.2|Iris-setosa|
|         4.4|        2.9|         1.4|        0.2|Iris-setosa|
|         4.9|        3.1|         1.5|        0.1|Iris-setosa|
+------------+-----------+------------+-----------+-----------+
only showing top 10 rows

Load featurized dataset for machine learning...
+-----------------+-----+
|         features|label|
+-----------------+-----+
|[5.1,3.5,1.4,0.2]|  0.0|
|[4.9,3.0,1.4,0.2]|  0.0|
|[4.7,3.2,1.3,0.2]|  0.0|
|[4.6,3.1,1.5,0.2]|  0.0|
|[5.0,3.6,1.4,0.2]|  0.0|
|[5.4,3.9,1.7,0.4]|  0.0|
|[4.6,3.4,1.4,0.3]|  0.0|
|[5.0,3.4,1.5,0.2]|  0.0|
|[4.4,2.9,1.4,0.2]|  0.0|
|[4.9,3.1,1.5,0.1]|  0.0|
+-----------------+-----+
only showing top 10 rows

Prediction
+-----------------+-----+--------------------+--------------------+----------+
|         features|label|       rawPrediction|         probability|prediction|
+-----------------+-----+--------------------+--------------------+----------+
|[4.4,2.9,1.4,0.2]|  0.0|[5.60631789974695...|[0.95881609474686...|       0.0|
|[4.8,3.0,1.4,0.1]|  0.0|[5.59241488074674...|[0.94674058919339...|       0.0|
|[4.8,3.4,1.6,0.2]|  0.0|[6.10962922438235...|[0.97872635494119...|       0.0|
|[4.9,3.1,1.5,0.1]|  0.0|[5.60956010483155...|[0.94917674593253...|       0.0|
|[5.0,3.3,1.4,0.2]|  0.0|[5.84263540857619...|[0.96573664766793...|       0.0|
|[5.0,3.4,1.5,0.2]|  0.0|[5.97649373059854...|[0.97244947427918...|       0.0|
|[5.0,3.4,1.6,0.4]|  0.0|[5.43860233123461...|[0.96212359541922...|       0.0|
|[5.0,3.5,1.6,0.6]|  0.0|[5.23515065807556...|[0.96453760018222...|       0.0|
|[5.1,3.5,1.4,0.2]|  0.0|[6.19422035886589...|[0.97780793269898...|       0.0|
|[5.1,3.8,1.6,0.2]|  0.0|[6.69608602702421...|[0.98950929335015...|       0.0|
+-----------------+-----+--------------------+--------------------+----------+
only showing top 10 rows


#####################################
Regularization rate is 0.01
Accuracy is 0.9696969696969697
#####################################

The experiment completed successfully. Starting post-processing steps.
Traceback (most recent call last):
  File "/mnt/resource/hadoop/yarn/local/usercache/ninghai/appcache/application_1527512542584_0063/container_e25_1527512542584_0063_03_000001/azureml_40b348c4d7381beefb01312cdebdaa0b.zip/home/ninghai/.azureml/envs/azureml_40b348c4d7381beefb01312cdebdaa0b/lib/python3.6/contextlib.py", line 365, in __exit__
    if cb(*exc_details):
  File "/mnt/resource/hadoop/yarn/local/usercache/ninghai/appcache/application_1527512542584_0063/container_e25_1527512542584_0063_03_000001/azureml_40b348c4d7381beefb01312cdebdaa0b.zip/home/ninghai/.azureml/envs/azureml_40b348c4d7381beefb01312cdebdaa0b/lib/python3.6/contextlib.py", line 284, in _exit_wrapper
    return cm_exit(cm, *exc_details)
  File "/mnt/resource/hadoop/yarn/local/usercache/ninghai/appcache/application_1527512542584_0063/container_e25_1527512542584_0063_03_000001/azureml_40b348c4d7381beefb01312cdebdaa0b.zip/home/ninghai/.azureml/envs/azureml_40b348c4d7381beefb01312cdebdaa0b/lib/python3.6/site-packages/azureml/history/utils/context_managers.py", line 141, in __exit__
    self.blacklist + [self.user_log_path])
  File "/mnt/resource/hadoop/yarn/local/usercache/ninghai/appcache/application_1527512542584_0063/container_e25_1527512542584_0063_03_000001/azureml_40b348c4d7381beefb01312cdebdaa0b.zip/home/ninghai/.azureml/envs/azureml_40b348c4d7381beefb01312cdebdaa0b/lib/python3.6/site-packages/azureml/history/utils/context_managers.py", line 87, in track
    fs.track(run_tracker, track_folders, blacklist)
  File "/mnt/resource/hadoop/yarn/local/usercache/ninghai/appcache/application_1527512542584_0063/container_e25_1527512542584_0063_03_000001/azureml_40b348c4d7381beefb01312cdebdaa0b.zip/home/ninghai/.azureml/envs/azureml_40b348c4d7381beefb01312cdebdaa0b/lib/python3.6/site-packages/azureml/history/utils/filesystem.py", line 130, in track
    self._upload_hdi_outputs(run_tracker)
  File "/mnt/resource/hadoop/yarn/local/usercache/ninghai/appcache/application_1527512542584_0063/container_e25_1527512542584_0063_03_000001/azureml_40b348c4d7381beefb01312cdebdaa0b.zip/home/ninghai/.azureml/envs/azureml_40b348c4d7381beefb01312cdebdaa0b/lib/python3.6/site-packages/azureml/history/utils/filesystem.py", line 154, in _upload_hdi_outputs
    container_sas = get_container_sas(wasburl)
  File "/mnt/resource/hadoop/yarn/local/usercache/ninghai/appcache/application_1527512542584_0063/container_e25_1527512542584_0063_03_000001/azureml_40b348c4d7381beefb01312cdebdaa0b.zip/home/ninghai/.azureml/envs/azureml_40b348c4d7381beefb01312cdebdaa0b/lib/python3.6/site-packages/azureml/history/utils/_hdi_wasb_utils.py", line 32, in get_container_sas
    from azure.storage.models import AccountPermissions
ModuleNotFoundError: No module named 'azure.storage.models'

During handling of the above exception, another exception occurred:

Traceback (most recent call last):
  File "context_manager_injector.py", line 119, in <module>
    execute_with_context(cm_objects, options.invocation)
  File "context_manager_injector.py", line 81, in execute_with_context
    print("Prehistory!", file=stream)
  File "/mnt/resource/hadoop/yarn/local/usercache/ninghai/appcache/application_1527512542584_0063/container_e25_1527512542584_0063_03_000001/azureml_40b348c4d7381beefb01312cdebdaa0b.zip/home/ninghai/.azureml/envs/azureml_40b348c4d7381beefb01312cdebdaa0b/lib/python3.6/contextlib.py", line 380, in __exit__
    raise exc_details[1]
  File "/mnt/resource/hadoop/yarn/local/usercache/ninghai/appcache/application_1527512542584_0063/container_e25_1527512542584_0063_03_000001/azureml_40b348c4d7381beefb01312cdebdaa0b.zip/home/ninghai/.azureml/envs/azureml_40b348c4d7381beefb01312cdebdaa0b/lib/python3.6/contextlib.py", line 365, in __exit__
    if cb(*exc_details):
  File "/mnt/resource/hadoop/yarn/local/usercache/ninghai/appcache/application_1527512542584_0063/container_e25_1527512542584_0063_03_000001/azureml_40b348c4d7381beefb01312cdebdaa0b.zip/home/ninghai/.azureml/envs/azureml_40b348c4d7381beefb01312cdebdaa0b/lib/python3.6/contextlib.py", line 284, in _exit_wrapper
    return cm_exit(cm, *exc_details)
  File "context_manager_injector.py", line 30, in __exit__
    self.context_manager.__exit__(*exc_details)
  File "/mnt/resource/hadoop/yarn/local/usercache/ninghai/appcache/application_1527512542584_0063/container_e25_1527512542584_0063_03_000001/context_managers.py", line 61, in __exit__
    self.history_context.__exit__(*args)
  File "/mnt/resource/hadoop/yarn/local/usercache/ninghai/appcache/application_1527512542584_0063/container_e25_1527512542584_0063_03_000001/azureml_40b348c4d7381beefb01312cdebdaa0b.zip/home/ninghai/.azureml/envs/azureml_40b348c4d7381beefb01312cdebdaa0b/lib/python3.6/site-packages/azureml/history/utils/context_managers.py", line 50, in __exit__
    self._exit_stack.__exit__(*args)
  File "/mnt/resource/hadoop/yarn/local/usercache/ninghai/appcache/application_1527512542584_0063/container_e25_1527512542584_0063_03_000001/azureml_40b348c4d7381beefb01312cdebdaa0b.zip/home/ninghai/.azureml/envs/azureml_40b348c4d7381beefb01312cdebdaa0b/lib/python3.6/contextlib.py", line 380, in __exit__
    raise exc_details[1]
  File "/mnt/resource/hadoop/yarn/local/usercache/ninghai/appcache/application_1527512542584_0063/container_e25_1527512542584_0063_03_000001/azureml_40b348c4d7381beefb01312cdebdaa0b.zip/home/ninghai/.azureml/envs/azureml_40b348c4d7381beefb01312cdebdaa0b/lib/python3.6/contextlib.py", line 365, in __exit__
    if cb(*exc_details):
  File "/mnt/resource/hadoop/yarn/local/usercache/ninghai/appcache/application_1527512542584_0063/container_e25_1527512542584_0063_03_000001/azureml_40b348c4d7381beefb01312cdebdaa0b.zip/home/ninghai/.azureml/envs/azureml_40b348c4d7381beefb01312cdebdaa0b/lib/python3.6/contextlib.py", line 284, in _exit_wrapper
    return cm_exit(cm, *exc_details)
  File "/mnt/resource/hadoop/yarn/local/usercache/ninghai/appcache/application_1527512542584_0063/container_e25_1527512542584_0063_03_000001/azureml_40b348c4d7381beefb01312cdebdaa0b.zip/home/ninghai/.azureml/envs/azureml_40b348c4d7381beefb01312cdebdaa0b/lib/python3.6/site-packages/azureml/history/utils/context_managers.py", line 157, in __exit__
    self.run_tracker.upload_file(self.driver_log_name, self.user_log_path)
  File "/mnt/resource/hadoop/yarn/local/usercache/ninghai/appcache/application_1527512542584_0063/container_e25_1527512542584_0063_03_000001/azureml_40b348c4d7381beefb01312cdebdaa0b.zip/home/ninghai/.azureml/envs/azureml_40b348c4d7381beefb01312cdebdaa0b/lib/python3.6/site-packages/azureml/core/run.py", line 461, in upload_file
    return self._client.upload_file(name, path_or_stream)
  File "/mnt/resource/hadoop/yarn/local/usercache/ninghai/appcache/application_1527512542584_0063/container_e25_1527512542584_0063_03_000001/azureml_40b348c4d7381beefb01312cdebdaa0b.zip/home/ninghai/.azureml/envs/azureml_40b348c4d7381beefb01312cdebdaa0b/lib/python3.6/site-packages/azureml/_run_impl/artifacts_client.py", line 53, in upload_file
    assert(len(artifact_keys) == 1)
AssertionError

End of LogType:stdout

Container: container_e25_1527512542584_0063_04_000001 on 10.0.0.14_30050_1528021997521
LogAggregationType: AGGREGATED
======================================================================================
18/06/03 10:33:27 INFO compress.CodecPool: Got brand-new decompressor [.deflate]
LogType:stdout
Log Upload Time:Sun Jun 03 10:33:17 +0000 2018
LogLength:9920
Log Contents:
****************
Python version: 3.6.2 |Anaconda, Inc.| (default, Oct  5 2017, 07:59:26) 
[GCC 7.2.0]
Spark version: 2.1.0.2.6.0.2-76
****************
First 10 rows of Iris dataset:
+------------+-----------+------------+-----------+-----------+
|sepal-length|sepal-width|petal-length|petal-width|      class|
+------------+-----------+------------+-----------+-----------+
|         5.1|        3.5|         1.4|        0.2|Iris-setosa|
|         4.9|        3.0|         1.4|        0.2|Iris-setosa|
|         4.7|        3.2|         1.3|        0.2|Iris-setosa|
|         4.6|        3.1|         1.5|        0.2|Iris-setosa|
|         5.0|        3.6|         1.4|        0.2|Iris-setosa|
|         5.4|        3.9|         1.7|        0.4|Iris-setosa|
|         4.6|        3.4|         1.4|        0.3|Iris-setosa|
|         5.0|        3.4|         1.5|        0.2|Iris-setosa|
|         4.4|        2.9|         1.4|        0.2|Iris-setosa|
|         4.9|        3.1|         1.5|        0.1|Iris-setosa|
+------------+-----------+------------+-----------+-----------+
only showing top 10 rows

Load featurized dataset for machine learning...
+-----------------+-----+
|         features|label|
+-----------------+-----+
|[5.1,3.5,1.4,0.2]|  0.0|
|[4.9,3.0,1.4,0.2]|  0.0|
|[4.7,3.2,1.3,0.2]|  0.0|
|[4.6,3.1,1.5,0.2]|  0.0|
|[5.0,3.6,1.4,0.2]|  0.0|
|[5.4,3.9,1.7,0.4]|  0.0|
|[4.6,3.4,1.4,0.3]|  0.0|
|[5.0,3.4,1.5,0.2]|  0.0|
|[4.4,2.9,1.4,0.2]|  0.0|
|[4.9,3.1,1.5,0.1]|  0.0|
+-----------------+-----+
only showing top 10 rows

Prediction
+-----------------+-----+--------------------+--------------------+----------+
|         features|label|       rawPrediction|         probability|prediction|
+-----------------+-----+--------------------+--------------------+----------+
|[4.3,3.0,1.1,0.1]|  0.0|[6.08357133605085...|[0.98606847749800...|       0.0|
|[4.4,2.9,1.4,0.2]|  0.0|[5.25412183805043...|[0.96576467275675...|       0.0|
|[4.4,3.2,1.3,0.2]|  0.0|[6.01668245035169...|[0.98926318894742...|       0.0|
|[4.7,3.2,1.6,0.2]|  0.0|[5.37724613775477...|[0.97508841794761...|       0.0|
|[4.8,3.0,1.4,0.1]|  0.0|[5.20553309555928...|[0.95270897836403...|       0.0|
|[4.9,3.1,1.5,0.1]|  0.0|[5.21529303759907...|[0.95621974610870...|       0.0|
|[5.0,2.0,3.5,1.0]|  1.0|[-1.0842441768753...|[0.02310706766267...|       1.0|
|[5.0,2.3,3.3,1.0]|  1.0|[-0.2278390909891...|[0.07762553252691...|       1.0|
|[5.0,3.6,1.4,0.2]|  0.0|[6.09865371137115...|[0.99099863929583...|       0.0|
|[5.1,3.8,1.5,0.3]|  0.0|[6.12560929925699...|[0.99363204925653...|       0.0|
+-----------------+-----+--------------------+--------------------+----------+
only showing top 10 rows


#####################################
Regularization rate is 0.01
Accuracy is 0.9433962264150944
#####################################

The experiment completed successfully. Starting post-processing steps.
Traceback (most recent call last):
  File "/mnt/resource/hadoop/yarn/local/usercache/ninghai/appcache/application_1527512542584_0063/container_e25_1527512542584_0063_04_000001/azureml_40b348c4d7381beefb01312cdebdaa0b.zip/home/ninghai/.azureml/envs/azureml_40b348c4d7381beefb01312cdebdaa0b/lib/python3.6/contextlib.py", line 365, in __exit__
    if cb(*exc_details):
  File "/mnt/resource/hadoop/yarn/local/usercache/ninghai/appcache/application_1527512542584_0063/container_e25_1527512542584_0063_04_000001/azureml_40b348c4d7381beefb01312cdebdaa0b.zip/home/ninghai/.azureml/envs/azureml_40b348c4d7381beefb01312cdebdaa0b/lib/python3.6/contextlib.py", line 284, in _exit_wrapper
    return cm_exit(cm, *exc_details)
  File "/mnt/resource/hadoop/yarn/local/usercache/ninghai/appcache/application_1527512542584_0063/container_e25_1527512542584_0063_04_000001/azureml_40b348c4d7381beefb01312cdebdaa0b.zip/home/ninghai/.azureml/envs/azureml_40b348c4d7381beefb01312cdebdaa0b/lib/python3.6/site-packages/azureml/history/utils/context_managers.py", line 141, in __exit__
    self.blacklist + [self.user_log_path])
  File "/mnt/resource/hadoop/yarn/local/usercache/ninghai/appcache/application_1527512542584_0063/container_e25_1527512542584_0063_04_000001/azureml_40b348c4d7381beefb01312cdebdaa0b.zip/home/ninghai/.azureml/envs/azureml_40b348c4d7381beefb01312cdebdaa0b/lib/python3.6/site-packages/azureml/history/utils/context_managers.py", line 87, in track
    fs.track(run_tracker, track_folders, blacklist)
  File "/mnt/resource/hadoop/yarn/local/usercache/ninghai/appcache/application_1527512542584_0063/container_e25_1527512542584_0063_04_000001/azureml_40b348c4d7381beefb01312cdebdaa0b.zip/home/ninghai/.azureml/envs/azureml_40b348c4d7381beefb01312cdebdaa0b/lib/python3.6/site-packages/azureml/history/utils/filesystem.py", line 130, in track
    self._upload_hdi_outputs(run_tracker)
  File "/mnt/resource/hadoop/yarn/local/usercache/ninghai/appcache/application_1527512542584_0063/container_e25_1527512542584_0063_04_000001/azureml_40b348c4d7381beefb01312cdebdaa0b.zip/home/ninghai/.azureml/envs/azureml_40b348c4d7381beefb01312cdebdaa0b/lib/python3.6/site-packages/azureml/history/utils/filesystem.py", line 154, in _upload_hdi_outputs
    container_sas = get_container_sas(wasburl)
  File "/mnt/resource/hadoop/yarn/local/usercache/ninghai/appcache/application_1527512542584_0063/container_e25_1527512542584_0063_04_000001/azureml_40b348c4d7381beefb01312cdebdaa0b.zip/home/ninghai/.azureml/envs/azureml_40b348c4d7381beefb01312cdebdaa0b/lib/python3.6/site-packages/azureml/history/utils/_hdi_wasb_utils.py", line 32, in get_container_sas
    from azure.storage.models import AccountPermissions
ModuleNotFoundError: No module named 'azure.storage.models'

During handling of the above exception, another exception occurred:

Traceback (most recent call last):
  File "context_manager_injector.py", line 119, in <module>
    execute_with_context(cm_objects, options.invocation)
  File "context_manager_injector.py", line 81, in execute_with_context
    print("Prehistory!", file=stream)
  File "/mnt/resource/hadoop/yarn/local/usercache/ninghai/appcache/application_1527512542584_0063/container_e25_1527512542584_0063_04_000001/azureml_40b348c4d7381beefb01312cdebdaa0b.zip/home/ninghai/.azureml/envs/azureml_40b348c4d7381beefb01312cdebdaa0b/lib/python3.6/contextlib.py", line 380, in __exit__
    raise exc_details[1]
  File "/mnt/resource/hadoop/yarn/local/usercache/ninghai/appcache/application_1527512542584_0063/container_e25_1527512542584_0063_04_000001/azureml_40b348c4d7381beefb01312cdebdaa0b.zip/home/ninghai/.azureml/envs/azureml_40b348c4d7381beefb01312cdebdaa0b/lib/python3.6/contextlib.py", line 365, in __exit__
    if cb(*exc_details):
  File "/mnt/resource/hadoop/yarn/local/usercache/ninghai/appcache/application_1527512542584_0063/container_e25_1527512542584_0063_04_000001/azureml_40b348c4d7381beefb01312cdebdaa0b.zip/home/ninghai/.azureml/envs/azureml_40b348c4d7381beefb01312cdebdaa0b/lib/python3.6/contextlib.py", line 284, in _exit_wrapper
    return cm_exit(cm, *exc_details)
  File "context_manager_injector.py", line 30, in __exit__
    self.context_manager.__exit__(*exc_details)
  File "/mnt/resource/hadoop/yarn/local/usercache/ninghai/appcache/application_1527512542584_0063/container_e25_1527512542584_0063_04_000001/context_managers.py", line 61, in __exit__
    self.history_context.__exit__(*args)
  File "/mnt/resource/hadoop/yarn/local/usercache/ninghai/appcache/application_1527512542584_0063/container_e25_1527512542584_0063_04_000001/azureml_40b348c4d7381beefb01312cdebdaa0b.zip/home/ninghai/.azureml/envs/azureml_40b348c4d7381beefb01312cdebdaa0b/lib/python3.6/site-packages/azureml/history/utils/context_managers.py", line 50, in __exit__
    self._exit_stack.__exit__(*args)
  File "/mnt/resource/hadoop/yarn/local/usercache/ninghai/appcache/application_1527512542584_0063/container_e25_1527512542584_0063_04_000001/azureml_40b348c4d7381beefb01312cdebdaa0b.zip/home/ninghai/.azureml/envs/azureml_40b348c4d7381beefb01312cdebdaa0b/lib/python3.6/contextlib.py", line 380, in __exit__
    raise exc_details[1]
  File "/mnt/resource/hadoop/yarn/local/usercache/ninghai/appcache/application_1527512542584_0063/container_e25_1527512542584_0063_04_000001/azureml_40b348c4d7381beefb01312cdebdaa0b.zip/home/ninghai/.azureml/envs/azureml_40b348c4d7381beefb01312cdebdaa0b/lib/python3.6/contextlib.py", line 365, in __exit__
    if cb(*exc_details):
  File "/mnt/resource/hadoop/yarn/local/usercache/ninghai/appcache/application_1527512542584_0063/container_e25_1527512542584_0063_04_000001/azureml_40b348c4d7381beefb01312cdebdaa0b.zip/home/ninghai/.azureml/envs/azureml_40b348c4d7381beefb01312cdebdaa0b/lib/python3.6/contextlib.py", line 284, in _exit_wrapper
    return cm_exit(cm, *exc_details)
  File "/mnt/resource/hadoop/yarn/local/usercache/ninghai/appcache/application_1527512542584_0063/container_e25_1527512542584_0063_04_000001/azureml_40b348c4d7381beefb01312cdebdaa0b.zip/home/ninghai/.azureml/envs/azureml_40b348c4d7381beefb01312cdebdaa0b/lib/python3.6/site-packages/azureml/history/utils/context_managers.py", line 157, in __exit__
    self.run_tracker.upload_file(self.driver_log_name, self.user_log_path)
  File "/mnt/resource/hadoop/yarn/local/usercache/ninghai/appcache/application_1527512542584_0063/container_e25_1527512542584_0063_04_000001/azureml_40b348c4d7381beefb01312cdebdaa0b.zip/home/ninghai/.azureml/envs/azureml_40b348c4d7381beefb01312cdebdaa0b/lib/python3.6/site-packages/azureml/core/run.py", line 461, in upload_file
    return self._client.upload_file(name, path_or_stream)
  File "/mnt/resource/hadoop/yarn/local/usercache/ninghai/appcache/application_1527512542584_0063/container_e25_1527512542584_0063_04_000001/azureml_40b348c4d7381beefb01312cdebdaa0b.zip/home/ninghai/.azureml/envs/azureml_40b348c4d7381beefb01312cdebdaa0b/lib/python3.6/site-packages/azureml/_run_impl/artifacts_client.py", line 53, in upload_file
    assert(len(artifact_keys) == 1)
AssertionError

End of LogType:stdout

Container: container_e25_1527512542584_0063_05_000001 on 10.0.0.12_30050_1528021998323
LogAggregationType: AGGREGATED
======================================================================================
18/06/03 10:33:27 INFO compress.CodecPool: Got brand-new decompressor [.deflate]
LogType:stdout
Log Upload Time:Sun Jun 03 10:33:18 +0000 2018
LogLength:9920
Log Contents:
****************
Python version: 3.6.2 |Anaconda, Inc.| (default, Oct  5 2017, 07:59:26) 
[GCC 7.2.0]
Spark version: 2.1.0.2.6.0.2-76
****************
First 10 rows of Iris dataset:
+------------+-----------+------------+-----------+-----------+
|sepal-length|sepal-width|petal-length|petal-width|      class|
+------------+-----------+------------+-----------+-----------+
|         5.1|        3.5|         1.4|        0.2|Iris-setosa|
|         4.9|        3.0|         1.4|        0.2|Iris-setosa|
|         4.7|        3.2|         1.3|        0.2|Iris-setosa|
|         4.6|        3.1|         1.5|        0.2|Iris-setosa|
|         5.0|        3.6|         1.4|        0.2|Iris-setosa|
|         5.4|        3.9|         1.7|        0.4|Iris-setosa|
|         4.6|        3.4|         1.4|        0.3|Iris-setosa|
|         5.0|        3.4|         1.5|        0.2|Iris-setosa|
|         4.4|        2.9|         1.4|        0.2|Iris-setosa|
|         4.9|        3.1|         1.5|        0.1|Iris-setosa|
+------------+-----------+------------+-----------+-----------+
only showing top 10 rows

Load featurized dataset for machine learning...
+-----------------+-----+
|         features|label|
+-----------------+-----+
|[5.1,3.5,1.4,0.2]|  0.0|
|[4.9,3.0,1.4,0.2]|  0.0|
|[4.7,3.2,1.3,0.2]|  0.0|
|[4.6,3.1,1.5,0.2]|  0.0|
|[5.0,3.6,1.4,0.2]|  0.0|
|[5.4,3.9,1.7,0.4]|  0.0|
|[4.6,3.4,1.4,0.3]|  0.0|
|[5.0,3.4,1.5,0.2]|  0.0|
|[4.4,2.9,1.4,0.2]|  0.0|
|[4.9,3.1,1.5,0.1]|  0.0|
+-----------------+-----+
only showing top 10 rows

Prediction
+-----------------+-----+--------------------+--------------------+----------+
|         features|label|       rawPrediction|         probability|prediction|
+-----------------+-----+--------------------+--------------------+----------+
|[4.3,3.0,1.1,0.1]|  0.0|[6.32520127226497...|[0.98245353914087...|       0.0|
|[4.6,3.6,1.0,0.2]|  0.0|[7.27188758302406...|[0.99534613229259...|       0.0|
|[4.8,3.1,1.6,0.2]|  0.0|[5.27966922607937...|[0.94875564197861...|       0.0|
|[4.8,3.4,1.9,0.2]|  0.0|[5.69705692824172...|[0.97332667832199...|       0.0|
|[4.9,3.1,1.5,0.1]|  0.0|[5.47247016106591...|[0.95006530737132...|       0.0|
|[5.0,3.3,1.4,0.2]|  0.0|[5.71028361489807...|[0.96694944129637...|       0.0|
|[5.0,3.4,1.5,0.2]|  0.0|[5.84941284895218...|[0.97346192839979...|       0.0|
|[5.0,3.5,1.3,0.3]|  0.0|[6.06510952269294...|[0.98165626265255...|       0.0|
|[5.0,3.6,1.4,0.2]|  0.0|[6.41745693853733...|[0.98685993049432...|       0.0|
|[5.4,3.4,1.7,0.2]|  0.0|[5.18817261878340...|[0.93888315618537...|       0.0|
+-----------------+-----+--------------------+--------------------+----------+
only showing top 10 rows


#####################################
Regularization rate is 0.01
Accuracy is 0.9714285714285714
#####################################

The experiment completed successfully. Starting post-processing steps.
Traceback (most recent call last):
  File "/mnt/resource/hadoop/yarn/local/usercache/ninghai/appcache/application_1527512542584_0063/container_e25_1527512542584_0063_05_000001/azureml_40b348c4d7381beefb01312cdebdaa0b.zip/home/ninghai/.azureml/envs/azureml_40b348c4d7381beefb01312cdebdaa0b/lib/python3.6/contextlib.py", line 365, in __exit__
    if cb(*exc_details):
  File "/mnt/resource/hadoop/yarn/local/usercache/ninghai/appcache/application_1527512542584_0063/container_e25_1527512542584_0063_05_000001/azureml_40b348c4d7381beefb01312cdebdaa0b.zip/home/ninghai/.azureml/envs/azureml_40b348c4d7381beefb01312cdebdaa0b/lib/python3.6/contextlib.py", line 284, in _exit_wrapper
    return cm_exit(cm, *exc_details)
  File "/mnt/resource/hadoop/yarn/local/usercache/ninghai/appcache/application_1527512542584_0063/container_e25_1527512542584_0063_05_000001/azureml_40b348c4d7381beefb01312cdebdaa0b.zip/home/ninghai/.azureml/envs/azureml_40b348c4d7381beefb01312cdebdaa0b/lib/python3.6/site-packages/azureml/history/utils/context_managers.py", line 141, in __exit__
    self.blacklist + [self.user_log_path])
  File "/mnt/resource/hadoop/yarn/local/usercache/ninghai/appcache/application_1527512542584_0063/container_e25_1527512542584_0063_05_000001/azureml_40b348c4d7381beefb01312cdebdaa0b.zip/home/ninghai/.azureml/envs/azureml_40b348c4d7381beefb01312cdebdaa0b/lib/python3.6/site-packages/azureml/history/utils/context_managers.py", line 87, in track
    fs.track(run_tracker, track_folders, blacklist)
  File "/mnt/resource/hadoop/yarn/local/usercache/ninghai/appcache/application_1527512542584_0063/container_e25_1527512542584_0063_05_000001/azureml_40b348c4d7381beefb01312cdebdaa0b.zip/home/ninghai/.azureml/envs/azureml_40b348c4d7381beefb01312cdebdaa0b/lib/python3.6/site-packages/azureml/history/utils/filesystem.py", line 130, in track
    self._upload_hdi_outputs(run_tracker)
  File "/mnt/resource/hadoop/yarn/local/usercache/ninghai/appcache/application_1527512542584_0063/container_e25_1527512542584_0063_05_000001/azureml_40b348c4d7381beefb01312cdebdaa0b.zip/home/ninghai/.azureml/envs/azureml_40b348c4d7381beefb01312cdebdaa0b/lib/python3.6/site-packages/azureml/history/utils/filesystem.py", line 154, in _upload_hdi_outputs
    container_sas = get_container_sas(wasburl)
  File "/mnt/resource/hadoop/yarn/local/usercache/ninghai/appcache/application_1527512542584_0063/container_e25_1527512542584_0063_05_000001/azureml_40b348c4d7381beefb01312cdebdaa0b.zip/home/ninghai/.azureml/envs/azureml_40b348c4d7381beefb01312cdebdaa0b/lib/python3.6/site-packages/azureml/history/utils/_hdi_wasb_utils.py", line 32, in get_container_sas
    from azure.storage.models import AccountPermissions
ModuleNotFoundError: No module named 'azure.storage.models'

During handling of the above exception, another exception occurred:

Traceback (most recent call last):
  File "context_manager_injector.py", line 119, in <module>
    execute_with_context(cm_objects, options.invocation)
  File "context_manager_injector.py", line 81, in execute_with_context
    print("Prehistory!", file=stream)
  File "/mnt/resource/hadoop/yarn/local/usercache/ninghai/appcache/application_1527512542584_0063/container_e25_1527512542584_0063_05_000001/azureml_40b348c4d7381beefb01312cdebdaa0b.zip/home/ninghai/.azureml/envs/azureml_40b348c4d7381beefb01312cdebdaa0b/lib/python3.6/contextlib.py", line 380, in __exit__
    raise exc_details[1]
  File "/mnt/resource/hadoop/yarn/local/usercache/ninghai/appcache/application_1527512542584_0063/container_e25_1527512542584_0063_05_000001/azureml_40b348c4d7381beefb01312cdebdaa0b.zip/home/ninghai/.azureml/envs/azureml_40b348c4d7381beefb01312cdebdaa0b/lib/python3.6/contextlib.py", line 365, in __exit__
    if cb(*exc_details):
  File "/mnt/resource/hadoop/yarn/local/usercache/ninghai/appcache/application_1527512542584_0063/container_e25_1527512542584_0063_05_000001/azureml_40b348c4d7381beefb01312cdebdaa0b.zip/home/ninghai/.azureml/envs/azureml_40b348c4d7381beefb01312cdebdaa0b/lib/python3.6/contextlib.py", line 284, in _exit_wrapper
    return cm_exit(cm, *exc_details)
  File "context_manager_injector.py", line 30, in __exit__
    self.context_manager.__exit__(*exc_details)
  File "/mnt/resource/hadoop/yarn/local/usercache/ninghai/appcache/application_1527512542584_0063/container_e25_1527512542584_0063_05_000001/context_managers.py", line 61, in __exit__
    self.history_context.__exit__(*args)
  File "/mnt/resource/hadoop/yarn/local/usercache/ninghai/appcache/application_1527512542584_0063/container_e25_1527512542584_0063_05_000001/azureml_40b348c4d7381beefb01312cdebdaa0b.zip/home/ninghai/.azureml/envs/azureml_40b348c4d7381beefb01312cdebdaa0b/lib/python3.6/site-packages/azureml/history/utils/context_managers.py", line 50, in __exit__
    self._exit_stack.__exit__(*args)
  File "/mnt/resource/hadoop/yarn/local/usercache/ninghai/appcache/application_1527512542584_0063/container_e25_1527512542584_0063_05_000001/azureml_40b348c4d7381beefb01312cdebdaa0b.zip/home/ninghai/.azureml/envs/azureml_40b348c4d7381beefb01312cdebdaa0b/lib/python3.6/contextlib.py", line 380, in __exit__
    raise exc_details[1]
  File "/mnt/resource/hadoop/yarn/local/usercache/ninghai/appcache/application_1527512542584_0063/container_e25_1527512542584_0063_05_000001/azureml_40b348c4d7381beefb01312cdebdaa0b.zip/home/ninghai/.azureml/envs/azureml_40b348c4d7381beefb01312cdebdaa0b/lib/python3.6/contextlib.py", line 365, in __exit__
    if cb(*exc_details):
  File "/mnt/resource/hadoop/yarn/local/usercache/ninghai/appcache/application_1527512542584_0063/container_e25_1527512542584_0063_05_000001/azureml_40b348c4d7381beefb01312cdebdaa0b.zip/home/ninghai/.azureml/envs/azureml_40b348c4d7381beefb01312cdebdaa0b/lib/python3.6/contextlib.py", line 284, in _exit_wrapper
    return cm_exit(cm, *exc_details)
  File "/mnt/resource/hadoop/yarn/local/usercache/ninghai/appcache/application_1527512542584_0063/container_e25_1527512542584_0063_05_000001/azureml_40b348c4d7381beefb01312cdebdaa0b.zip/home/ninghai/.azureml/envs/azureml_40b348c4d7381beefb01312cdebdaa0b/lib/python3.6/site-packages/azureml/history/utils/context_managers.py", line 157, in __exit__
    self.run_tracker.upload_file(self.driver_log_name, self.user_log_path)
  File "/mnt/resource/hadoop/yarn/local/usercache/ninghai/appcache/application_1527512542584_0063/container_e25_1527512542584_0063_05_000001/azureml_40b348c4d7381beefb01312cdebdaa0b.zip/home/ninghai/.azureml/envs/azureml_40b348c4d7381beefb01312cdebdaa0b/lib/python3.6/site-packages/azureml/core/run.py", line 461, in upload_file
    return self._client.upload_file(name, path_or_stream)
  File "/mnt/resource/hadoop/yarn/local/usercache/ninghai/appcache/application_1527512542584_0063/container_e25_1527512542584_0063_05_000001/azureml_40b348c4d7381beefb01312cdebdaa0b.zip/home/ninghai/.azureml/envs/azureml_40b348c4d7381beefb01312cdebdaa0b/lib/python3.6/site-packages/azureml/_run_impl/artifacts_client.py", line 53, in upload_file
    assert(len(artifact_keys) == 1)
AssertionError

End of LogType:stdout


Specified ALL for -am option. Printed logs for all am containers.

Execution Summary
=================
RunId: e2e-05_1528021608737

{'Regularization Rate': [0.01, 0.01, 0.01, 0.01, 0.01], 'Accuracy': [0.9555555555555556, 0.9782608695652174, 0.9696969696969697, 0.9433962264150944, 0.9714285714285714]}


##### 07.sklearn.hd.py (2018-06-03-06:33:41) ###########
Azure ML Core SDK Version: 0.1.0.998005
Found config.json in: /data/git/hai/e2e_test/aml_config/config.json
Workspace details:
aml-notebooks haieastus2euapws eastus2euap
/tmp/e2e-test/07 already exists, remove it.
/tmp/e2e-test/07
e2e-07
copy train-sklearn-one-model.py to the project folder.
create or load BatchAI compute cpucluster...
cpucluster BatchAI
found compute target. just use it.
create generic estimator.

##################################################
Batch AI run...
##################################################

https://mlworkspace.azureml-test.net/home/%2Fsubscriptions%2Ffac34303-435d-4486-8c3f-7094d82a0b60%2FresourceGroups%2Faml-notebooks%2Fproviders%2FMicrosoft.MachineLearningServices%2Fworkspaces%2Fhaieastus2euapws/projects/e2e-07/run-history/run-details/e2e-07_1528022025473
RunId: e2e-07_1528022025473

Streaming azureml-logs/60_control_log.txt
=========================================

Uploading experiment status to history service.
Adding run profile attachment azureml-logs/80_driver_log.txt

Streaming azureml-logs/80_driver_log.txt
========================================

alpha value is: 0.1
Ridget model fitted.
Mean Squared Error is: 3372.6496278100326
The experiment completed successfully. Starting post-processing steps.

Execution Summary
=================
RunId: e2e-07_1528022025473

configure hyperdrive.

##################################################
Hyperdrive run on Batch AI...
##################################################

https://mlworkspace.azureml-test.net/home/%2Fsubscriptions%2Ffac34303-435d-4486-8c3f-7094d82a0b60%2FresourceGroups%2Faml-notebooks%2Fproviders%2FMicrosoft.MachineLearningServices%2Fworkspaces%2Fhaieastus2euapws/projects/e2e-07/run-history/run-details/e2e-07_1528022065031


##### 08.tf.hd.py (2018-06-03-06:34:26) ################
Azure ML Core SDK Version: 0.1.0.998005
Found config.json in: /data/git/hai/e2e_test/aml_config/config.json
Workspace details:
aml-notebooks haieastus2euapws eastus2euap
/tmp/e2e-test/08 already exists, remove it.
/tmp/e2e-test/08
e2e-08
copy mnist_tf.py to the project folder.
create or load BatchAI compute gpucluster...
cpucluster BatchAI
gpucluster BatchAI
found compute target. just use it.
create TensorFlow estimator.

##################################################
submitting mnist_tf.py for a Batch AI run...
##################################################

https://mlworkspace.azureml-test.net/home/%2Fsubscriptions%2Ffac34303-435d-4486-8c3f-7094d82a0b60%2FresourceGroups%2Faml-notebooks%2Fproviders%2FMicrosoft.MachineLearningServices%2Fworkspaces%2Fhaieastus2euapws/projects/e2e-08/run-history/run-details/e2e-08_1528022070563
RunId: e2e-08_1528022070563

Streaming azureml-logs/60_control_log.txt
=========================================

Uploading experiment status to history service.
Adding run profile attachment azureml-logs/80_driver_log.txt

Streaming azureml-logs/80_driver_log.txt
========================================

Using Spark's default log4j profile: org/apache/spark/log4j-defaults.properties
Setting default log level to "WARN".
To adjust logging level use sc.setLogLevel(newLevel). For SparkR, use setLogLevel(newLevel).
18/06/03 10:34:52 WARN NativeCodeLoader: Unable to load native-hadoop library for your platform... using builtin-java classes where applicable
/azureml-envs/azureml_a0f0a6059c823b2e567e8366d6dcecc5/lib/python3.6/importlib/_bootstrap.py:205: RuntimeWarning: compiletime version 3.5 of module 'tensorflow.python.framework.fast_tensor_util' does not match runtime version 3.6
  return f(*args, **kwds)
data path: /tmp
fetching MNIST data...
MNIST dataset downloaded.
MNIST dataset loaded in memory.
X:  (70000, 784)
y:  (70000,)
labels:  [0. 1. 2. 3. 4. 5. 6. 7. 8. 9.]
training a tensorflow model...
(55000, 784) (55000,)
batch_size: 50
n_batches: 1100
first layer neurons: 300
second layer neurons: 100
2018-06-03 10:34:59.089742: I tensorflow/core/platform/cpu_feature_guard.cc:137] Your CPU supports instructions that this TensorFlow binary was not compiled to use: SSE4.1 SSE4.2 AVX AVX2 FMA
2018-06-03 10:34:59.303823: I tensorflow/core/common_runtime/gpu/gpu_device.cc:1030] Found device 0 with properties: 
name: Tesla K80 major: 3 minor: 7 memoryClockRate(GHz): 0.8235
pciBusID: aa22:00:00.0
totalMemory: 11.17GiB freeMemory: 11.09GiB
2018-06-03 10:34:59.303870: I tensorflow/core/common_runtime/gpu/gpu_device.cc:1120] Creating TensorFlow device (/device:GPU:0) -> (device: 0, name: Tesla K80, pci bus id: aa22:00:00.0, compute capability: 3.7)
0 Train accuracy: 0.8994 , Val accuracy; 0.9041333
1 Train accuracy: 0.9188 , Val accuracy; 0.9204
2 Train accuracy: 0.92916363 , Val accuracy; 0.92733335
3 Train accuracy: 0.9373818 , Val accuracy; 0.93273336
4 Train accuracy: 0.9431818 , Val accuracy; 0.94026667
5 Train accuracy: 0.9488364 , Val accuracy; 0.945
6 Train accuracy: 0.95223635 , Val accuracy; 0.9478667
7 Train accuracy: 0.9568727 , Val accuracy; 0.9518667
8 Train accuracy: 0.95861816 , Val accuracy; 0.9536667
9 Train accuracy: 0.96165454 , Val accuracy; 0.956
10 Train accuracy: 0.96443635 , Val accuracy; 0.9584
11 Train accuracy: 0.96712726 , Val accuracy; 0.96033335
12 Train accuracy: 0.96867275 , Val accuracy; 0.962
13 Train accuracy: 0.9704546 , Val accuracy; 0.9627333
14 Train accuracy: 0.9723091 , Val accuracy; 0.96473336
15 Train accuracy: 0.97434545 , Val accuracy; 0.9658
16 Train accuracy: 0.97474545 , Val accuracy; 0.9663333
17 Train accuracy: 0.97670907 , Val accuracy; 0.96793336
18 Train accuracy: 0.97816366 , Val accuracy; 0.96846664
19 Train accuracy: 0.97792727 , Val accuracy; 0.968
20 Train accuracy: 0.97983634 , Val accuracy; 0.9695333
21 Train accuracy: 0.98138183 , Val accuracy; 0.9712
22 Train accuracy: 0.9828909 , Val accuracy; 0.9712667
23 Train accuracy: 0.9822182 , Val accuracy; 0.9701333
24 Train accuracy: 0.98423636 , Val accuracy; 0.9718
Overall accuracy: 0.9718
Confusion matrix:
[[1407    0    3    3    2    4    8    2    7    5]
 [   0 1656    7    1    2    0    5    2    2    1]
 [   3    7 1454    7    1    1    5   10    9    0]
 [   0    1   11 1505    0   21    1    2    4    3]
 [   2    1    3    0 1408    0    2    5    2   11]
 [   5    1    1   15    5 1338    5    2   11    4]
 [  10    1    4    2    3    7 1468    1    4    0]
 [   1    2    9    7    7    0    1 1532    2   13]
 [   2    9    1   12    6   13    6    2 1424    8]
 [   4    3    1   11   20   10    0   15   11 1385]]
The experiment completed successfully. Starting post-processing steps.

Execution Summary
=================
RunId: e2e-08_1528022070563

configure hyperdrive.

##################################################
submitting mnist_tf.py for a hyperdrive run on Batch AI...
##################################################

https://mlworkspace.azureml-test.net/home/%2Fsubscriptions%2Ffac34303-435d-4486-8c3f-7094d82a0b60%2FresourceGroups%2Faml-notebooks%2Fproviders%2FMicrosoft.MachineLearningServices%2Fworkspaces%2Fhaieastus2euapws/projects/e2e-08/run-history/run-details/e2e-08_1528022194757


##### 10.o16n.py (2018-06-03-06:36:38) #################
Azure ML Core SDK Version: 0.1.0.998005
Found config.json in: /data/git/hai/e2e_test/aml_config/config.json
Workspace details:
aml-notebooks haieastus2euapws eastus2euap
Registering model mymodel
Name: mymodel 	Version: 13 	Description: Ridge regression model to predict diabetes ['diabetes', 'regression']
Name: mymodel 	Version: 12 	Description: Ridge regression model to predict diabetes ['diabetes', 'regression']
Name: mymodel 	Version: 11 	Description: Ridge regression model to predict diabetes ['diabetes', 'regression']
Name: mymodel 	Version: 10 	Description: Ridge regression model to predict diabetes ['diabetes', 'regression']
Name: mymodel 	Version: 9 	Description: Ridge regression model to predict diabetes ['diabetes', 'regression']
Name: mymodel 	Version: 8 	Description: Ridge regression model to predict diabetes ['diabetes', 'regression']
Name: mymodel 	Version: 7 	Description: Ridge regression model to predict diabetes ['diabetes', 'regression']
Name: mymodel 	Version: 6 	Description: Ridge regression model to predict diabetes ['diabetes', 'regression']
Name: mymodel 	Version: 5 	Description: Ridge regression model to predict diabetes ['diabetes', 'regression']
Name: mymodel 	Version: 4 	Description: Ridge regression model to predict diabetes ['diabetes', 'regression']
Name: mymodel 	Version: 3 	Description: Ridge regression model to predict diabetes ['diabetes', 'regression']
Name: mymodel 	Version: 2 	Description: Ridge regression model to predict diabetes ['diabetes', 'regression']
Name: mymodel 	Version: 1 	Description: Ridge regression model to predict diabetes ['diabetes', 'regression']
Ridge regression model to predict diabetes
Creating image
Running...............
SucceededImage creation operation finished for image myimage:13, operation "Succeeded"
myimage(v.13 [Succeeded]) stored at haieastuacrqrtnjabs.azurecr.io/myimage:13 with build log https://amlbdbatchint.blob.core.windows.net/logs/haieastuacrqrtnjabs15280222137486732.txt?sv=2017-04-17&se=2018-07-03T10%3A38%3A06Z&sp=r&sig=nH4GGFtHzDlIDoYvvgLqbRGCsiNhBQjAbp2AfO0ZFqY%3D&sr=b
myimage(v.5 [Succeeded]) stored at haieastuacrqrtnjabs.azurecr.io/myimage:5 with build log https://amlbdbatchint.blob.core.windows.net/logs/haieastuacrqrtnjabs15279394844349590.txt?sv=2017-04-17&sr=b&sp=r&sig=t%2B7ffcTPL93oaeh/QkG5EvCQs1g7zFapao81FEbwy14%3D&se=2018-07-02T11%3A39%3A13Z
myimage(v.4 [Succeeded]) stored at haieastuacrqrtnjabs.azurecr.io/myimage:4 with build log https://amlbdbatchint.blob.core.windows.net/logs/haieastuacrqrtnjabs15276403969413252.txt?se=2018-06-29T00%3A34%3A30Z&sp=r&sig=08fp6y/DcQHjsWR%2Bo2cbwapzOHA2zKlmxxeh8EiJLX4%3D&sr=b&sv=2017-04-17
myimage(v.3 [Succeeded]) stored at haieastuacrqrtnjabs.azurecr.io/myimage:3 with build log https://amlbdbatchint.blob.core.windows.net/logs/haieastuacrqrtnjabs15276336076967462.txt?sv=2017-04-17&sig=kHOqls6A2GTSzVpE0nF8Kt%2BT6h/1P%2B6iAlLJ5xgFiGQ%3D&sr=b&se=2018-06-28T22%3A41%3A23Z&sp=r
myimage(v.2 [Succeeded]) stored at haieastuacrqrtnjabs.azurecr.io/myimage:2 with build log https://amlbdbatchint.blob.core.windows.net/logs/haieastuacrqrtnjabs15276276288257292.txt?sr=b&sig=Posqs1ZjqdyAWQy/Mg6esqarT/6PMac4vlQdkNimt4A%3D&sv=2017-04-17&sp=r&se=2018-06-28T21%3A01%3A38Z
myimage(v.1 [Succeeded]) stored at haieastuacrqrtnjabs.azurecr.io/myimage:1 with build log https://amlbdbatchint.blob.core.windows.net/logs/haieastuacrqrtnjabs15276240485435702.txt?sr=b&sig=MdhyV57Y0Ib4IQp7abjJQ1Z98KY34Zm7m4ufE%2BdAqrI%3D&sv=2017-04-17&sp=r&se=2018-06-28T20%3A01%3A58Z
Creating service
Running....................................................
SucceededACI service creation operation finished, operation "Succeeded"
{"result": [5215.19813157987, 3726.9954859385803]}
rrs02 http://40.117.153.154:5001/score
rrs01a None
rrs01 http://40.117.142.120:5001/score
delete service.
delete image
delete model
M	e2e_test/best_model.pkl
M	e2e_test/mse_over_alpha.png
Your branch is up-to-date with 'origin/master'.
Already up-to-date.


###################################
########### END AT 2018-06-03-06:43:23
###################################
