Client-Request-ID=3918cfc9-6387-11e8-9288-000d3a71b7c3 Retry policy did not allow for a retry: Server-Timestamp=Tue, 29 May 2018 21:28:25 GMT, Server-Request-ID=86a41789-401e-001f-3893-f796ad000000, HTTP status code=409, Exception=The specified container already exists.ErrorCode: ContainerAlreadyExists<?xml version="1.0" encoding="utf-8"?><Error><Code>ContainerAlreadyExists</Code><Message>The specified container already exists.RequestId:86a41789-401e-001f-3893-f796ad000000Time:2018-05-29T21:28:26.7824523Z</Message></Error>.
Client-Request-ID=3a19ecd6-6387-11e8-9288-000d3a71b7c3 Retry policy did not allow for a retry: Server-Timestamp=Tue, 29 May 2018 21:28:27 GMT, Server-Request-ID=e55b3cc3-901e-006e-2593-f77086000000, HTTP status code=409, Exception=The specified container already exists.ErrorCode: ContainerAlreadyExists<?xml version="1.0" encoding="utf-8"?><Error><Code>ContainerAlreadyExists</Code><Message>The specified container already exists.RequestId:e55b3cc3-901e-006e-2593-f77086000000Time:2018-05-29T21:28:28.1994694Z</Message></Error>.
Client-Request-ID=3a19ecd8-6387-11e8-9288-000d3a71b7c3 Retry policy did not allow for a retry: Server-Timestamp=Tue, 29 May 2018 21:28:28 GMT, Server-Request-ID=91d1f6ee-c01e-005c-7393-f770f1000000, HTTP status code=409, Exception=The specified container already exists.ErrorCode: ContainerAlreadyExists<?xml version="1.0" encoding="utf-8"?><Error><Code>ContainerAlreadyExists</Code><Message>The specified container already exists.RequestId:91d1f6ee-c01e-005c-7393-f770f1000000Time:2018-05-29T21:28:28.3855359Z</Message></Error>.
Client-Request-ID=3a19ecda-6387-11e8-9288-000d3a71b7c3 Retry policy did not allow for a retry: Server-Timestamp=Tue, 29 May 2018 21:28:27 GMT, Server-Request-ID=fcb991b2-f01e-0057-7093-f78b9a000000, HTTP status code=409, Exception=The specified container already exists.ErrorCode: ContainerAlreadyExists<?xml version="1.0" encoding="utf-8"?><Error><Code>ContainerAlreadyExists</Code><Message>The specified container already exists.RequestId:fcb991b2-f01e-0057-7093-f78b9a000000Time:2018-05-29T21:28:28.5542497Z</Message></Error>.
Client-Request-ID=3a19ecdc-6387-11e8-9288-000d3a71b7c3 Retry policy did not allow for a retry: Server-Timestamp=Tue, 29 May 2018 21:28:28 GMT, Server-Request-ID=1a9fee18-e01e-0080-1793-f7daaf000000, HTTP status code=409, Exception=The specified container already exists.ErrorCode: ContainerAlreadyExists<?xml version="1.0" encoding="utf-8"?><Error><Code>ContainerAlreadyExists</Code><Message>The specified container already exists.RequestId:1a9fee18-e01e-0080-1793-f7daaf000000Time:2018-05-29T21:28:28.6740230Z</Message></Error>.
Traceback (most recent call last):
  File "/home/ninghai/miniconda3/envs/rc/lib/python3.6/site-packages/urllib3/response.py", line 302, in _error_catcher
    yield
  File "/home/ninghai/miniconda3/envs/rc/lib/python3.6/site-packages/urllib3/response.py", line 380, in read
    data = self._fp.read()
  File "/home/ninghai/miniconda3/envs/rc/lib/python3.6/http/client.py", line 462, in read
    s = self._safe_read(self.length)
  File "/home/ninghai/miniconda3/envs/rc/lib/python3.6/http/client.py", line 614, in _safe_read
    raise IncompleteRead(b''.join(s), amt)
http.client.IncompleteRead: IncompleteRead(0 bytes read, 90 more expected)

During handling of the above exception, another exception occurred:

Traceback (most recent call last):
  File "./07.sklearn.hd.py", line 129, in <module>
    hr = search(hrc, "sklearn-hyperdrive")
  File "/home/ninghai/miniconda3/envs/rc/lib/python3.6/site-packages/azureml/train/hyperdrive/search.py", line 78, in search
    auth_header['Authorization'])
  File "/home/ninghai/miniconda3/envs/rc/lib/python3.6/site-packages/azureml/train/restclients/hyperdrive/apis/experiment_api.py", line 205, in create_experiment
    (data) = self.create_experiment_with_http_info(arm_scope, config, authorization, **kwargs)
  File "/home/ninghai/miniconda3/envs/rc/lib/python3.6/site-packages/azureml/train/restclients/hyperdrive/apis/experiment_api.py", line 295, in create_experiment_with_http_info
    _return_http_data_only=params.get('_return_http_data_only'))
  File "/home/ninghai/miniconda3/envs/rc/lib/python3.6/site-packages/azureml/train/restclients/hyperdrive/api_client.py", line 334, in call_api
    response_type, auth_settings, callback, _return_http_data_only)
  File "/home/ninghai/miniconda3/envs/rc/lib/python3.6/site-packages/azureml/train/restclients/hyperdrive/api_client.py", line 157, in __call_api
    post_params=post_params, body=body)
  File "/home/ninghai/miniconda3/envs/rc/lib/python3.6/site-packages/azureml/train/restclients/hyperdrive/api_client.py", line 370, in request
    body=body)
  File "/home/ninghai/miniconda3/envs/rc/lib/python3.6/site-packages/azureml/train/restclients/hyperdrive/rest.py", line 217, in POST
    body=body)
  File "/home/ninghai/miniconda3/envs/rc/lib/python3.6/site-packages/azureml/train/restclients/hyperdrive/rest.py", line 164, in request
    headers=headers)
  File "/home/ninghai/miniconda3/envs/rc/lib/python3.6/site-packages/urllib3/request.py", line 70, in request
    **urlopen_kw)
  File "/home/ninghai/miniconda3/envs/rc/lib/python3.6/site-packages/urllib3/request.py", line 148, in request_encode_body
    return self.urlopen(method, url, **extra_kw)
  File "/home/ninghai/miniconda3/envs/rc/lib/python3.6/site-packages/urllib3/poolmanager.py", line 321, in urlopen
    response = conn.urlopen(method, u.request_uri, **kw)
  File "/home/ninghai/miniconda3/envs/rc/lib/python3.6/site-packages/urllib3/connectionpool.py", line 639, in urlopen
    _stacktrace=sys.exc_info()[2])
  File "/home/ninghai/miniconda3/envs/rc/lib/python3.6/site-packages/urllib3/util/retry.py", line 357, in increment
    raise six.reraise(type(error), error, _stacktrace)
  File "/home/ninghai/miniconda3/envs/rc/lib/python3.6/site-packages/urllib3/packages/six.py", line 686, in reraise
    raise value
  File "/home/ninghai/miniconda3/envs/rc/lib/python3.6/site-packages/urllib3/connectionpool.py", line 617, in urlopen
    **response_kw)
  File "/home/ninghai/miniconda3/envs/rc/lib/python3.6/site-packages/urllib3/response.py", line 467, in from_httplib
    **response_kw)
  File "/home/ninghai/miniconda3/envs/rc/lib/python3.6/site-packages/urllib3/response.py", line 159, in __init__
    self._body = self.read(decode_content=decode_content)
  File "/home/ninghai/miniconda3/envs/rc/lib/python3.6/site-packages/urllib3/response.py", line 401, in read
    raise IncompleteRead(self._fp_bytes_read, self.length_remaining)
  File "/home/ninghai/miniconda3/envs/rc/lib/python3.6/contextlib.py", line 99, in __exit__
    self.gen.throw(type, value, traceback)
  File "/home/ninghai/miniconda3/envs/rc/lib/python3.6/site-packages/urllib3/response.py", line 320, in _error_catcher
    raise ProtocolError('Connection broken: %r' % e, e)
urllib3.exceptions.ProtocolError: ('Connection broken: IncompleteRead(0 bytes read, 90 more expected)', IncompleteRead(0 bytes read, 90 more expected))
Traceback (most recent call last):
  File "/home/ninghai/miniconda3/envs/rc/lib/python3.6/site-packages/urllib3/response.py", line 302, in _error_catcher
    yield
  File "/home/ninghai/miniconda3/envs/rc/lib/python3.6/site-packages/urllib3/response.py", line 380, in read
    data = self._fp.read()
  File "/home/ninghai/miniconda3/envs/rc/lib/python3.6/http/client.py", line 462, in read
    s = self._safe_read(self.length)
  File "/home/ninghai/miniconda3/envs/rc/lib/python3.6/http/client.py", line 614, in _safe_read
    raise IncompleteRead(b''.join(s), amt)
http.client.IncompleteRead: IncompleteRead(0 bytes read, 90 more expected)

During handling of the above exception, another exception occurred:

Traceback (most recent call last):
  File "./08.tf.hd.py", line 134, in <module>
    hr = search(hrc, "sklearn-hyperdrive")
  File "/home/ninghai/miniconda3/envs/rc/lib/python3.6/site-packages/azureml/train/hyperdrive/search.py", line 78, in search
    auth_header['Authorization'])
  File "/home/ninghai/miniconda3/envs/rc/lib/python3.6/site-packages/azureml/train/restclients/hyperdrive/apis/experiment_api.py", line 205, in create_experiment
    (data) = self.create_experiment_with_http_info(arm_scope, config, authorization, **kwargs)
  File "/home/ninghai/miniconda3/envs/rc/lib/python3.6/site-packages/azureml/train/restclients/hyperdrive/apis/experiment_api.py", line 295, in create_experiment_with_http_info
    _return_http_data_only=params.get('_return_http_data_only'))
  File "/home/ninghai/miniconda3/envs/rc/lib/python3.6/site-packages/azureml/train/restclients/hyperdrive/api_client.py", line 334, in call_api
    response_type, auth_settings, callback, _return_http_data_only)
  File "/home/ninghai/miniconda3/envs/rc/lib/python3.6/site-packages/azureml/train/restclients/hyperdrive/api_client.py", line 157, in __call_api
    post_params=post_params, body=body)
  File "/home/ninghai/miniconda3/envs/rc/lib/python3.6/site-packages/azureml/train/restclients/hyperdrive/api_client.py", line 370, in request
    body=body)
  File "/home/ninghai/miniconda3/envs/rc/lib/python3.6/site-packages/azureml/train/restclients/hyperdrive/rest.py", line 217, in POST
    body=body)
  File "/home/ninghai/miniconda3/envs/rc/lib/python3.6/site-packages/azureml/train/restclients/hyperdrive/rest.py", line 164, in request
    headers=headers)
  File "/home/ninghai/miniconda3/envs/rc/lib/python3.6/site-packages/urllib3/request.py", line 70, in request
    **urlopen_kw)
  File "/home/ninghai/miniconda3/envs/rc/lib/python3.6/site-packages/urllib3/request.py", line 148, in request_encode_body
    return self.urlopen(method, url, **extra_kw)
  File "/home/ninghai/miniconda3/envs/rc/lib/python3.6/site-packages/urllib3/poolmanager.py", line 321, in urlopen
    response = conn.urlopen(method, u.request_uri, **kw)
  File "/home/ninghai/miniconda3/envs/rc/lib/python3.6/site-packages/urllib3/connectionpool.py", line 639, in urlopen
    _stacktrace=sys.exc_info()[2])
  File "/home/ninghai/miniconda3/envs/rc/lib/python3.6/site-packages/urllib3/util/retry.py", line 357, in increment
    raise six.reraise(type(error), error, _stacktrace)
  File "/home/ninghai/miniconda3/envs/rc/lib/python3.6/site-packages/urllib3/packages/six.py", line 686, in reraise
    raise value
  File "/home/ninghai/miniconda3/envs/rc/lib/python3.6/site-packages/urllib3/connectionpool.py", line 617, in urlopen
    **response_kw)
  File "/home/ninghai/miniconda3/envs/rc/lib/python3.6/site-packages/urllib3/response.py", line 467, in from_httplib
    **response_kw)
  File "/home/ninghai/miniconda3/envs/rc/lib/python3.6/site-packages/urllib3/response.py", line 159, in __init__
    self._body = self.read(decode_content=decode_content)
  File "/home/ninghai/miniconda3/envs/rc/lib/python3.6/site-packages/urllib3/response.py", line 401, in read
    raise IncompleteRead(self._fp_bytes_read, self.length_remaining)
  File "/home/ninghai/miniconda3/envs/rc/lib/python3.6/contextlib.py", line 99, in __exit__
    self.gen.throw(type, value, traceback)
  File "/home/ninghai/miniconda3/envs/rc/lib/python3.6/site-packages/urllib3/response.py", line 320, in _error_catcher
    raise ProtocolError('Connection broken: %r' % e, e)
urllib3.exceptions.ProtocolError: ('Connection broken: IncompleteRead(0 bytes read, 90 more expected)', IncompleteRead(0 bytes read, 90 more expected))
date: extra operand ‘%F-%T’
Try 'date --help' for more information.
Client-Request-ID=37018360-6391-11e8-9288-000d3a71b7c3 Retry policy did not allow for a retry: Server-Timestamp=Tue, 29 May 2018 22:39:57 GMT, Server-Request-ID=47c80c6d-101e-002d-689d-f796da000000, HTTP status code=409, Exception=The specified container already exists.ErrorCode: ContainerAlreadyExists<?xml version="1.0" encoding="utf-8"?><Error><Code>ContainerAlreadyExists</Code><Message>The specified container already exists.RequestId:47c80c6d-101e-002d-689d-f796da000000Time:2018-05-29T22:39:58.0254736Z</Message></Error>.
Client-Request-ID=39d1fcdc-6391-11e8-9288-000d3a71b7c3 Retry policy did not allow for a retry: Server-Timestamp=Tue, 29 May 2018 22:40:02 GMT, Server-Request-ID=9bc80c18-701e-0066-0e9d-f76a89000000, HTTP status code=409, Exception=The specified container already exists.ErrorCode: ContainerAlreadyExists<?xml version="1.0" encoding="utf-8"?><Error><Code>ContainerAlreadyExists</Code><Message>The specified container already exists.RequestId:9bc80c18-701e-0066-0e9d-f76a89000000Time:2018-05-29T22:40:02.7438375Z</Message></Error>.
Client-Request-ID=39d1fcde-6391-11e8-9288-000d3a71b7c3 Retry policy did not allow for a retry: Server-Timestamp=Tue, 29 May 2018 22:40:02 GMT, Server-Request-ID=c1062eaa-401e-0052-3c9d-f75941000000, HTTP status code=409, Exception=The specified container already exists.ErrorCode: ContainerAlreadyExists<?xml version="1.0" encoding="utf-8"?><Error><Code>ContainerAlreadyExists</Code><Message>The specified container already exists.RequestId:c1062eaa-401e-0052-3c9d-f75941000000Time:2018-05-29T22:40:02.8973922Z</Message></Error>.
Client-Request-ID=39d1fce0-6391-11e8-9288-000d3a71b7c3 Retry policy did not allow for a retry: Server-Timestamp=Tue, 29 May 2018 22:40:02 GMT, Server-Request-ID=ddb595e8-201e-0026-6d9d-f76db1000000, HTTP status code=409, Exception=The specified container already exists.ErrorCode: ContainerAlreadyExists<?xml version="1.0" encoding="utf-8"?><Error><Code>ContainerAlreadyExists</Code><Message>The specified container already exists.RequestId:ddb595e8-201e-0026-6d9d-f76db1000000Time:2018-05-29T22:40:03.0557854Z</Message></Error>.
Client-Request-ID=39d1fce2-6391-11e8-9288-000d3a71b7c3 Retry policy did not allow for a retry: Server-Timestamp=Tue, 29 May 2018 22:40:02 GMT, Server-Request-ID=cc471396-a01e-0028-559d-f74401000000, HTTP status code=409, Exception=The specified container already exists.ErrorCode: ContainerAlreadyExists<?xml version="1.0" encoding="utf-8"?><Error><Code>ContainerAlreadyExists</Code><Message>The specified container already exists.RequestId:cc471396-a01e-0028-559d-f74401000000Time:2018-05-29T22:40:03.2135556Z</Message></Error>.
