Already on 'master'
Client-Request-ID=cde34dbc-6a4a-11e8-9288-000d3a71b7c3 Retry policy did not allow for a retry: Server-Timestamp=Thu, 07 Jun 2018 12:03:34 GMT, Server-Request-ID=5b85cb1c-a01e-007c-0457-fec904000000, HTTP status code=409, Exception=The specified container already exists.ErrorCode: ContainerAlreadyExists<?xml version="1.0" encoding="utf-8"?><Error><Code>ContainerAlreadyExists</Code><Message>The specified container already exists.RequestId:5b85cb1c-a01e-007c-0457-fec904000000Time:2018-06-07T12:03:35.0244353Z</Message></Error>.
Client-Request-ID=cde34dbe-6a4a-11e8-9288-000d3a71b7c3 Retry policy did not allow for a retry: Server-Timestamp=Thu, 07 Jun 2018 12:03:34 GMT, Server-Request-ID=75087349-801e-00e8-3657-fea9ca000000, HTTP status code=409, Exception=The specified container already exists.ErrorCode: ContainerAlreadyExists<?xml version="1.0" encoding="utf-8"?><Error><Code>ContainerAlreadyExists</Code><Message>The specified container already exists.RequestId:75087349-801e-00e8-3657-fea9ca000000Time:2018-06-07T12:03:35.4349393Z</Message></Error>.
Client-Request-ID=cde34dc0-6a4a-11e8-9288-000d3a71b7c3 Retry policy did not allow for a retry: Server-Timestamp=Thu, 07 Jun 2018 12:03:35 GMT, Server-Request-ID=f45ae2e6-501e-00ae-0f57-fe775c000000, HTTP status code=409, Exception=The specified container already exists.ErrorCode: ContainerAlreadyExists<?xml version="1.0" encoding="utf-8"?><Error><Code>ContainerAlreadyExists</Code><Message>The specified container already exists.RequestId:f45ae2e6-501e-00ae-0f57-fe775c000000Time:2018-06-07T12:03:35.6294220Z</Message></Error>.
Client-Request-ID=cde34dc2-6a4a-11e8-9288-000d3a71b7c3 Retry policy did not allow for a retry: Server-Timestamp=Thu, 07 Jun 2018 12:03:35 GMT, Server-Request-ID=891d1e1d-a01e-0033-0b57-fe0d1c000000, HTTP status code=409, Exception=The specified container already exists.ErrorCode: ContainerAlreadyExists<?xml version="1.0" encoding="utf-8"?><Error><Code>ContainerAlreadyExists</Code><Message>The specified container already exists.RequestId:891d1e1d-a01e-0033-0b57-fe0d1c000000Time:2018-06-07T12:03:35.7986786Z</Message></Error>.
Client-Request-ID=cde34dc4-6a4a-11e8-9288-000d3a71b7c3 Retry policy did not allow for a retry: Server-Timestamp=Thu, 07 Jun 2018 12:03:35 GMT, Server-Request-ID=6951b4bf-f01e-00a8-4057-fe8024000000, HTTP status code=409, Exception=The specified container already exists.ErrorCode: ContainerAlreadyExists<?xml version="1.0" encoding="utf-8"?><Error><Code>ContainerAlreadyExists</Code><Message>The specified container already exists.RequestId:6951b4bf-f01e-00a8-4057-fe8024000000Time:2018-06-07T12:03:35.9650066Z</Message></Error>.
Traceback (most recent call last):
  File "/home/ninghai/miniconda3/envs/preview/lib/python3.6/site-packages/azureml/core/webservice/webservice.py", line 281, in _deploy_webservice
    resp.raise_for_status()
  File "/home/ninghai/miniconda3/envs/preview/lib/python3.6/site-packages/requests/models.py", line 935, in raise_for_status
    raise HTTPError(http_error_msg, response=self)
requests.exceptions.HTTPError: 409 Client Error: Conflict for url: https://eastus2.modelmanagement.azureml.net/api/subscriptions/fac34303-435d-4486-8c3f-7094d82a0b60/resourceGroups/aml-notebooks/providers/Microsoft.MachineLearningServices/workspaces/haieastus2ws3/services?api-version=2018-03-01-preview

During handling of the above exception, another exception occurred:

Traceback (most recent call last):
  File "./01.interactive.e2e.py", line 139, in <module>
    driver = 'score.py')
  File "/home/ninghai/miniconda3/envs/preview/lib/python3.6/site-packages/azureml/core/workspace.py", line 819, in deploy_webservice
    return Webservice.deploy_from_image(self, name, image, deploy_config, target)
  File "/home/ninghai/miniconda3/envs/preview/lib/python3.6/site-packages/azureml/core/webservice/webservice.py", line 242, in deploy_from_image
    return child._deploy(workspace, name, image, deployment_config)
  File "/home/ninghai/miniconda3/envs/preview/lib/python3.6/site-packages/azureml/core/webservice/aci.py", line 109, in _deploy
    return Webservice._deploy_webservice(workspace, name, create_payload, AciWebservice)
  File "/home/ninghai/miniconda3/envs/preview/lib/python3.6/site-packages/azureml/core/webservice/webservice.py", line 286, in _deploy_webservice
    'Content: {}'.format(resp.status_code, resp.headers, resp.content))
azureml.exceptions.azureml_exception.WebserviceException: Received bad response from Model Management Service:
Response Code: 409
Headers: {'Date': 'Thu, 07 Jun 2018 12:05:00 GMT', 'Content-Type': 'application/json', 'Transfer-Encoding': 'chunked', 'Connection': 'keep-alive', 'api-supported-versions': '2018-03-01-preview', 'x-ms-client-request-id': '6cf7acb89ead48c4921f2b258b11a9a6', 'x-ms-client-session-id': '', 'Strict-Transport-Security': 'max-age=15724800; includeSubDomains; preload'}
Content: b'{"code":"Conflict","statusCode":409,"message":"Conflict","details":[{"code":"ServiceWithNameExists","message":"Workspace haieastus2ws3 already contains a Service with name: rrs01a"}]}'
2018-06-07 08:34:49,558 WARNING Retrying (Retry(total=2, connect=None, read=None, redirect=None, status=None)) after connection broken by 'NewConnectionError('<urllib3.connection.VerifiedHTTPSConnection object at 0x7fdd92be93c8>: Failed to establish a new connection: [Errno 110] Connection timed out',)': /hyperdrive/v1.0/subscriptions/fac34303-435d-4486-8c3f-7094d82a0b60/resourceGroups/aml-notebooks/providers/Microsoft.MachineLearningServices/workspaces/haieastus2ws3/projects/e2e-07/runs
2018-06-07 08:36:56,790 WARNING Retrying (Retry(total=1, connect=None, read=None, redirect=None, status=None)) after connection broken by 'NewConnectionError('<urllib3.connection.VerifiedHTTPSConnection object at 0x7fdd92be9710>: Failed to establish a new connection: [Errno 110] Connection timed out',)': /hyperdrive/v1.0/subscriptions/fac34303-435d-4486-8c3f-7094d82a0b60/resourceGroups/aml-notebooks/providers/Microsoft.MachineLearningServices/workspaces/haieastus2ws3/projects/e2e-07/runs
2018-06-07 08:39:04,022 WARNING Retrying (Retry(total=0, connect=None, read=None, redirect=None, status=None)) after connection broken by 'NewConnectionError('<urllib3.connection.VerifiedHTTPSConnection object at 0x7fdd92be9940>: Failed to establish a new connection: [Errno 110] Connection timed out',)': /hyperdrive/v1.0/subscriptions/fac34303-435d-4486-8c3f-7094d82a0b60/resourceGroups/aml-notebooks/providers/Microsoft.MachineLearningServices/workspaces/haieastus2ws3/projects/e2e-07/runs
Traceback (most recent call last):
  File "/home/ninghai/miniconda3/envs/preview/lib/python3.6/site-packages/urllib3/connection.py", line 141, in _new_conn
    (self.host, self.port), self.timeout, **extra_kw)
  File "/home/ninghai/miniconda3/envs/preview/lib/python3.6/site-packages/urllib3/util/connection.py", line 83, in create_connection
    raise err
  File "/home/ninghai/miniconda3/envs/preview/lib/python3.6/site-packages/urllib3/util/connection.py", line 73, in create_connection
    sock.connect(sa)
TimeoutError: [Errno 110] Connection timed out

During handling of the above exception, another exception occurred:

Traceback (most recent call last):
  File "/home/ninghai/miniconda3/envs/preview/lib/python3.6/site-packages/urllib3/connectionpool.py", line 601, in urlopen
    chunked=chunked)
  File "/home/ninghai/miniconda3/envs/preview/lib/python3.6/site-packages/urllib3/connectionpool.py", line 346, in _make_request
    self._validate_conn(conn)
  File "/home/ninghai/miniconda3/envs/preview/lib/python3.6/site-packages/urllib3/connectionpool.py", line 850, in _validate_conn
    conn.connect()
  File "/home/ninghai/miniconda3/envs/preview/lib/python3.6/site-packages/urllib3/connection.py", line 284, in connect
    conn = self._new_conn()
  File "/home/ninghai/miniconda3/envs/preview/lib/python3.6/site-packages/urllib3/connection.py", line 150, in _new_conn
    self, "Failed to establish a new connection: %s" % e)
urllib3.exceptions.NewConnectionError: <urllib3.connection.VerifiedHTTPSConnection object at 0x7fdd92c59b00>: Failed to establish a new connection: [Errno 110] Connection timed out

During handling of the above exception, another exception occurred:

Traceback (most recent call last):
  File "./07.sklearn.hd.py", line 129, in <module>
    hr = search(hrc, "sklearn-hyperdrive")
  File "/home/ninghai/miniconda3/envs/preview/lib/python3.6/site-packages/azureml/train/hyperdrive/search.py", line 78, in search
    auth_header['Authorization'])
  File "/home/ninghai/miniconda3/envs/preview/lib/python3.6/site-packages/azureml/train/restclients/hyperdrive/apis/experiment_api.py", line 205, in create_experiment
    (data) = self.create_experiment_with_http_info(arm_scope, config, authorization, **kwargs)
  File "/home/ninghai/miniconda3/envs/preview/lib/python3.6/site-packages/azureml/train/restclients/hyperdrive/apis/experiment_api.py", line 295, in create_experiment_with_http_info
    _return_http_data_only=params.get('_return_http_data_only'))
  File "/home/ninghai/miniconda3/envs/preview/lib/python3.6/site-packages/azureml/train/restclients/hyperdrive/api_client.py", line 334, in call_api
    response_type, auth_settings, callback, _return_http_data_only)
  File "/home/ninghai/miniconda3/envs/preview/lib/python3.6/site-packages/azureml/train/restclients/hyperdrive/api_client.py", line 157, in __call_api
    post_params=post_params, body=body)
  File "/home/ninghai/miniconda3/envs/preview/lib/python3.6/site-packages/azureml/train/restclients/hyperdrive/api_client.py", line 370, in request
    body=body)
  File "/home/ninghai/miniconda3/envs/preview/lib/python3.6/site-packages/azureml/train/restclients/hyperdrive/rest.py", line 217, in POST
    body=body)
  File "/home/ninghai/miniconda3/envs/preview/lib/python3.6/site-packages/azureml/train/restclients/hyperdrive/rest.py", line 164, in request
    headers=headers)
  File "/home/ninghai/miniconda3/envs/preview/lib/python3.6/site-packages/urllib3/request.py", line 70, in request
    **urlopen_kw)
  File "/home/ninghai/miniconda3/envs/preview/lib/python3.6/site-packages/urllib3/request.py", line 148, in request_encode_body
    return self.urlopen(method, url, **extra_kw)
  File "/home/ninghai/miniconda3/envs/preview/lib/python3.6/site-packages/urllib3/poolmanager.py", line 321, in urlopen
    response = conn.urlopen(method, u.request_uri, **kw)
  File "/home/ninghai/miniconda3/envs/preview/lib/python3.6/site-packages/urllib3/connectionpool.py", line 668, in urlopen
    **response_kw)
  File "/home/ninghai/miniconda3/envs/preview/lib/python3.6/site-packages/urllib3/connectionpool.py", line 668, in urlopen
    **response_kw)
  File "/home/ninghai/miniconda3/envs/preview/lib/python3.6/site-packages/urllib3/connectionpool.py", line 668, in urlopen
    **response_kw)
  File "/home/ninghai/miniconda3/envs/preview/lib/python3.6/site-packages/urllib3/connectionpool.py", line 639, in urlopen
    _stacktrace=sys.exc_info()[2])
  File "/home/ninghai/miniconda3/envs/preview/lib/python3.6/site-packages/urllib3/util/retry.py", line 388, in increment
    raise MaxRetryError(_pool, url, error or ResponseError(cause))
urllib3.exceptions.MaxRetryError: HTTPSConnectionPool(host='master.experiments.azureml-test.net', port=443): Max retries exceeded with url: /hyperdrive/v1.0/subscriptions/fac34303-435d-4486-8c3f-7094d82a0b60/resourceGroups/aml-notebooks/providers/Microsoft.MachineLearningServices/workspaces/haieastus2ws3/projects/e2e-07/runs (Caused by NewConnectionError('<urllib3.connection.VerifiedHTTPSConnection object at 0x7fdd92c59b00>: Failed to establish a new connection: [Errno 110] Connection timed out',))
2018-06-07 08:45:12,790 WARNING Retrying (Retry(total=2, connect=None, read=None, redirect=None, status=None)) after connection broken by 'NewConnectionError('<urllib3.connection.VerifiedHTTPSConnection object at 0x7f7304222630>: Failed to establish a new connection: [Errno 110] Connection timed out',)': /hyperdrive/v1.0/subscriptions/fac34303-435d-4486-8c3f-7094d82a0b60/resourceGroups/aml-notebooks/providers/Microsoft.MachineLearningServices/workspaces/haieastus2ws3/projects/e2e-08/runs
Client-Request-ID=a25ad150-6a50-11e8-9288-000d3a71b7c3 Retry policy did not allow for a retry: Server-Timestamp=Thu, 07 Jun 2018 12:45:18 GMT, Server-Request-ID=9794cbda-c01e-0089-325d-feed15000000, HTTP status code=409, Exception=The specified container already exists.ErrorCode: ContainerAlreadyExists<?xml version="1.0" encoding="utf-8"?><Error><Code>ContainerAlreadyExists</Code><Message>The specified container already exists.RequestId:9794cbda-c01e-0089-325d-feed15000000Time:2018-06-07T12:45:19.0298437Z</Message></Error>.
Client-Request-ID=a34f2818-6a50-11e8-9288-000d3a71b7c3 Retry policy did not allow for a retry: Server-Timestamp=Thu, 07 Jun 2018 12:45:19 GMT, Server-Request-ID=49f54aa7-901e-00de-415d-fe0498000000, HTTP status code=409, Exception=The specified container already exists.ErrorCode: ContainerAlreadyExists<?xml version="1.0" encoding="utf-8"?><Error><Code>ContainerAlreadyExists</Code><Message>The specified container already exists.RequestId:49f54aa7-901e-00de-415d-fe0498000000Time:2018-06-07T12:45:20.5689181Z</Message></Error>.
Client-Request-ID=a34f281a-6a50-11e8-9288-000d3a71b7c3 Retry policy did not allow for a retry: Server-Timestamp=Thu, 07 Jun 2018 12:45:19 GMT, Server-Request-ID=fa542478-d01e-00d9-6a5d-fef21d000000, HTTP status code=409, Exception=The specified container already exists.ErrorCode: ContainerAlreadyExists<?xml version="1.0" encoding="utf-8"?><Error><Code>ContainerAlreadyExists</Code><Message>The specified container already exists.RequestId:fa542478-d01e-00d9-6a5d-fef21d000000Time:2018-06-07T12:45:20.7809382Z</Message></Error>.
Client-Request-ID=a34f281c-6a50-11e8-9288-000d3a71b7c3 Retry policy did not allow for a retry: Server-Timestamp=Thu, 07 Jun 2018 12:45:20 GMT, Server-Request-ID=76e019ff-701e-003a-3f5d-fe1792000000, HTTP status code=409, Exception=The specified container already exists.ErrorCode: ContainerAlreadyExists<?xml version="1.0" encoding="utf-8"?><Error><Code>ContainerAlreadyExists</Code><Message>The specified container already exists.RequestId:76e019ff-701e-003a-3f5d-fe1792000000Time:2018-06-07T12:45:20.9812146Z</Message></Error>.
Client-Request-ID=a34f281e-6a50-11e8-9288-000d3a71b7c3 Retry policy did not allow for a retry: Server-Timestamp=Thu, 07 Jun 2018 12:45:21 GMT, Server-Request-ID=4bb51d8c-501e-00c3-465d-fedd72000000, HTTP status code=409, Exception=The specified container already exists.ErrorCode: ContainerAlreadyExists<?xml version="1.0" encoding="utf-8"?><Error><Code>ContainerAlreadyExists</Code><Message>The specified container already exists.RequestId:4bb51d8c-501e-00c3-465d-fedd72000000Time:2018-06-07T12:45:21.1556831Z</Message></Error>.
Traceback (most recent call last):
  File "./10.o16n.py", line 89, in <module>
    model.delete()
  File "/home/ninghai/miniconda3/envs/preview/lib/python3.6/site-packages/azureml/core/model.py", line 300, in delete
    'Content: {}'.format(resp.status_code, resp.headers, resp.content))
azureml.exceptions.azureml_exception.WebserviceException: Received bad response from Model Management Service:
Response Code: 412
Headers: {'Date': 'Thu, 07 Jun 2018 12:52:45 GMT', 'Content-Type': 'application/json', 'Transfer-Encoding': 'chunked', 'Connection': 'keep-alive', 'api-supported-versions': '2018-03-01-preview', 'x-ms-client-request-id': 'c333bb8f00df4d1d8fdf65aa2e18a17b', 'x-ms-client-session-id': '', 'Strict-Transport-Security': 'max-age=15724800; includeSubDomains; preload'}
Content: b'{"code":"PreconditionFailed","statusCode":412,"message":"PreconditionFailed","details":[{"code":"DeletionRequired","message":"The model with id mymodel:26 can not be deleted because it is currently being used in one or more images"}]}'
Already on 'master'
