###################################
START AT: 2018-05-30-00:31:40
###################################


##### 01.interactive.e2e.py (2018-05-30-00:31:40) ######


##### 02.local.py (2018-05-30-00:31:41) ################
Azure ML Core SDK Version: 0.1.0.981169
Found config.json in: /data/git/ViennaTest/results/daily/2018-05-30-00-30-01-EDT/scripts/aml_config/config.json
Workspace details:
aml-notebooks haieastus2euapws eastus2euap
/tmp/e2e-test/02 already exists, remove it.
/tmp/e2e-test/02
e2e-02
copy train-sklearn.py to the project folder.
load run config

##################################################
submitting train-sklearn.py for a local run...
##################################################

https://mlworkspace.azureml-test.net/home/%2Fsubscriptions%2Ffac34303-435d-4486-8c3f-7094d82a0b60%2FresourceGroups%2Faml-notebooks%2Fproviders%2FMicrosoft.MachineLearningServices%2Fworkspaces%2Fhaieastus2euapws/projects/e2e-02/run-history/run-details/e2e-02_1527654704
RunId: e2e-02_1527654704

Streaming azureml-logs/80_driver_log.txt
========================================

alpha is 0.00, and mse is 3424.32
alpha is 0.05, and mse is 3408.92
alpha is 0.10, and mse is 3372.65
alpha is 0.15, and mse is 3345.15
alpha is 0.20, and mse is 3325.29
alpha is 0.25, and mse is 3311.56
alpha is 0.30, and mse is 3302.67
alpha is 0.35, and mse is 3297.66
alpha is 0.40, and mse is 3295.74
alpha is 0.45, and mse is 3296.32
alpha is 0.50, and mse is 3298.91
alpha is 0.55, and mse is 3303.14
alpha is 0.60, and mse is 3308.70
alpha is 0.65, and mse is 3315.36
alpha is 0.70, and mse is 3322.90
alpha is 0.75, and mse is 3331.17
alpha is 0.80, and mse is 3340.02
alpha is 0.85, and mse is 3349.36
alpha is 0.90, and mse is 3359.09
alpha is 0.95, and mse is 3369.13
The experiment completed successfully. Starting post-processing steps.

Execution Summary
=================
RunId: e2e-02_1527654704


##################################################
Submitting train-sklearn.py for a local conda run...
##################################################

https://mlworkspace.azureml-test.net/home/%2Fsubscriptions%2Ffac34303-435d-4486-8c3f-7094d82a0b60%2FresourceGroups%2Faml-notebooks%2Fproviders%2FMicrosoft.MachineLearningServices%2Fworkspaces%2Fhaieastus2euapws/projects/e2e-02/run-history/run-details/e2e-02_1527654718
RunId: e2e-02_1527654718

Streaming azureml-logs/60_control_log.txt
=========================================

Uploading experiment status to history service.
Adding run profile attachment azureml-logs/60_control_log.txt
Running: ['/home/ninghai/.azureml/envs/azureml_2a9900e538c4d66a9c044566e96aa6f1/bin/python', 'azureml-setup/run_script.py', '/home/ninghai/.azureml/envs/azureml_2a9900e538c4d66a9c044566e96aa6f1/bin/python', 'azureml-setup/context_manager_injector.py', '-i', 'OutputCollection:context_managers.RunHistory', 'train-sklearn.py']
Logging experiment running status in history service.
Uploading experiment status to history service.
Adding run profile attachment azureml-logs/80_driver_log.txt

Streaming azureml-logs/80_driver_log.txt
========================================

alpha is 0.00, and mse is 3424.32
alpha is 0.05, and mse is 3408.92
alpha is 0.10, and mse is 3372.65
alpha is 0.15, and mse is 3345.15
alpha is 0.20, and mse is 3325.29
alpha is 0.25, and mse is 3311.56
alpha is 0.30, and mse is 3302.67
alpha is 0.35, and mse is 3297.66
alpha is 0.40, and mse is 3295.74
alpha is 0.45, and mse is 3296.32
alpha is 0.50, and mse is 3298.91
alpha is 0.55, and mse is 3303.14
alpha is 0.60, and mse is 3308.70
alpha is 0.65, and mse is 3315.36
alpha is 0.70, and mse is 3322.90
alpha is 0.75, and mse is 3331.17
alpha is 0.80, and mse is 3340.02
alpha is 0.85, and mse is 3349.36
alpha is 0.90, and mse is 3359.09
alpha is 0.95, and mse is 3369.13
The experiment completed successfully. Starting post-processing steps.

Execution Summary
=================
RunId: e2e-02_1527654718

When alpha is 0.40, we have min MSE 3295.74.


##### 03.aci.py (2018-05-30-00:32:17) ##################
Azure ML Core SDK Version: 0.1.0.981169
Found config.json in: /data/git/ViennaTest/results/daily/2018-05-30-00-30-01-EDT/scripts/aml_config/config.json
Workspace details:
aml-notebooks haieastus2euapws eastus2euap
/tmp/e2e-test/03 already exists, remove it.
/tmp/e2e-test/03
e2e-03
copy train-sklearn.py to the project folder.

##################################################
ACI run...
##################################################

Create a run config object for ACI
base image is continuumio/miniconda3:4.4.10
submitting run...
https://mlworkspace.azureml-test.net/home/%2Fsubscriptions%2Ffac34303-435d-4486-8c3f-7094d82a0b60%2FresourceGroups%2Faml-notebooks%2Fproviders%2FMicrosoft.MachineLearningServices%2Fworkspaces%2Fhaieastus2euapws/projects/e2e-03/run-history/run-details/e2e-03_1527654739397
RunId: e2e-03_1527654739397

Streaming azureml-logs/20_ice_log.txt
=====================================


Streaming azureml-logs/60_control_log.txt
=========================================

Uploading experiment status to history service.
Adding run profile attachment azureml-logs/80_driver_log.txt

Streaming azureml-logs/80_driver_log.txt
========================================

alpha is 0.00, and mse is 3424.32
alpha is 0.05, and mse is 3408.92
alpha is 0.10, and mse is 3372.65
alpha is 0.15, and mse is 3345.15
alpha is 0.20, and mse is 3325.29
alpha is 0.25, and mse is 3311.56
alpha is 0.30, and mse is 3302.67
alpha is 0.35, and mse is 3297.66
alpha is 0.40, and mse is 3295.74
alpha is 0.45, and mse is 3296.32
alpha is 0.50, and mse is 3298.91
alpha is 0.55, and mse is 3303.14
alpha is 0.60, and mse is 3308.70
alpha is 0.65, and mse is 3315.36
alpha is 0.70, and mse is 3322.90
alpha is 0.75, and mse is 3331.17
alpha is 0.80, and mse is 3340.02
alpha is 0.85, and mse is 3349.36
alpha is 0.90, and mse is 3359.09
alpha is 0.95, and mse is 3369.13
The experiment completed successfully. Starting post-processing steps.

Execution Summary
=================
RunId: e2e-03_1527654739397

When alpha is 0.40, we have min MSE 3295.74.


##### 04.dsvm (2018-05-30-00:38:03) ####################
Azure ML Core SDK Version: 0.1.0.981169
Found config.json in: /data/git/ViennaTest/results/daily/2018-05-30-00-30-01-EDT/scripts/aml_config/config.json
Workspace details:
aml-notebooks haieastus2euapws eastus2euap
/tmp/e2e-test/04 already exists, remove it.
/tmp/e2e-test/04
e2e-04
copy train-sklearn.py to the project folder.

##################################################
Bare VM run
##################################################

Load the cpu-dsvm config from aml_config directory...
submit run...
https://mlworkspace.azureml-test.net/home/%2Fsubscriptions%2Ffac34303-435d-4486-8c3f-7094d82a0b60%2FresourceGroups%2Faml-notebooks%2Fproviders%2FMicrosoft.MachineLearningServices%2Fworkspaces%2Fhaieastus2euapws/projects/e2e-04/run-history/run-details/e2e-04_1527655087001
RunId: e2e-04_1527655087001

Streaming azureml-logs/80_driver_log.txt
========================================

alpha is 0.00, and mse is 3424.32
Traceback (most recent call last):
  File "/anaconda/envs/myenv/lib/python3.6/site-packages/requests/adapters.py", line 440, in send
    timeout=timeout
  File "/anaconda/envs/myenv/lib/python3.6/site-packages/urllib3/connectionpool.py", line 732, in urlopen
    body_pos=body_pos, **response_kw)
  File "/anaconda/envs/myenv/lib/python3.6/site-packages/urllib3/connectionpool.py", line 732, in urlopen
    body_pos=body_pos, **response_kw)
  File "/anaconda/envs/myenv/lib/python3.6/site-packages/urllib3/connectionpool.py", line 732, in urlopen
    body_pos=body_pos, **response_kw)
  File "/anaconda/envs/myenv/lib/python3.6/site-packages/urllib3/connectionpool.py", line 712, in urlopen
    retries = retries.increment(method, url, response=response, _pool=self)
  File "/anaconda/envs/myenv/lib/python3.6/site-packages/urllib3/util/retry.py", line 388, in increment
    raise MaxRetryError(_pool, url, error or ResponseError(cause))
urllib3.exceptions.MaxRetryError: HTTPSConnectionPool(host='eastus2euap.experiments.azureml.net', port=443): Max retries exceeded with url: /history/v1.0/subscriptions/fac34303-435d-4486-8c3f-7094d82a0b60/resourceGroups/aml-notebooks/providers/Microsoft.MachineLearningServices/workspaces/haieastus2euapws/projects/e2e-04/runs/e2e-04_1527655087001/runmetrics (Caused by ResponseError('too many 500 error responses',))

During handling of the above exception, another exception occurred:

Traceback (most recent call last):
  File "/anaconda/envs/myenv/lib/python3.6/site-packages/msrest/service_client.py", line 257, in send
    **kwargs)
  File "/anaconda/envs/myenv/lib/python3.6/site-packages/requests/sessions.py", line 508, in request
    resp = self.send(prep, **send_kwargs)
  File "/anaconda/envs/myenv/lib/python3.6/site-packages/requests/sessions.py", line 618, in send
    r = adapter.send(request, **kwargs)
  File "/anaconda/envs/myenv/lib/python3.6/site-packages/requests/adapters.py", line 499, in send
    raise RetryError(e, request=request)
requests.exceptions.RetryError: HTTPSConnectionPool(host='eastus2euap.experiments.azureml.net', port=443): Max retries exceeded with url: /history/v1.0/subscriptions/fac34303-435d-4486-8c3f-7094d82a0b60/resourceGroups/aml-notebooks/providers/Microsoft.MachineLearningServices/workspaces/haieastus2euapws/projects/e2e-04/runs/e2e-04_1527655087001/runmetrics (Caused by ResponseError('too many 500 error responses',))

During handling of the above exception, another exception occurred:

Traceback (most recent call last):
  File "azureml-setup/context_manager_injector.py", line 64, in execute_with_context
    runpy.run_path(sys.argv[0], globals(), run_name="__main__")
  File "/anaconda/envs/myenv/lib/python3.6/runpy.py", line 263, in run_path
    pkg_name=pkg_name, script_name=fname)
  File "/anaconda/envs/myenv/lib/python3.6/runpy.py", line 96, in _run_module_code
    mod_name, mod_spec, pkg_name, script_name)
  File "/anaconda/envs/myenv/lib/python3.6/runpy.py", line 85, in _run_code
    exec(code, run_globals)
  File "train-sklearn.py", line 32, in <module>
    run.log('mse', mse)
  File "/anaconda/envs/myenv/lib/python3.6/site-packages/azureml/core/run.py", line 451, in log
    self._client.log(name, value, description)
  File "/anaconda/envs/myenv/lib/python3.6/site-packages/azureml/_run_impl/metrics_client.py", line 22, in log
    self.log_scalar(name, value, description)
  File "/anaconda/envs/myenv/lib/python3.6/site-packages/azureml/_run_impl/metrics_client.py", line 65, in log_scalar
    return self._log(name, {name: value}, description)
  File "/anaconda/envs/myenv/lib/python3.6/site-packages/azureml/_run_impl/metrics_client.py", line 59, in _log
    return self._client.post_runmetrics(self.get_run_id(), run_metric_dto)
  File "/anaconda/envs/myenv/lib/python3.6/site-packages/azureml/restclient/run_history_client.py", line 200, in post_runmetrics
    run_metric_dto=run_metric_dto)
  File "/anaconda/envs/myenv/lib/python3.6/site-packages/azureml/restclient/project_client.py", line 58, in _execute_with_project_arguments
    **kwargs_copy)
  File "/anaconda/envs/myenv/lib/python3.6/site-packages/azureml/restclient/clientbase.py", line 101, in _execute_with_base_arguments
    return func(*args, **kwargs)
  File "/anaconda/envs/myenv/lib/python3.6/site-packages/azureml/restclient/operations/runmetric_operations.py", line 179, in post
    request, header_parameters, body_content, stream=False, **operation_config)
  File "/anaconda/envs/myenv/lib/python3.6/site-packages/msrest/service_client.py", line 290, in send
    raise_with_traceback(ClientRequestError, msg, err)
  File "/anaconda/envs/myenv/lib/python3.6/site-packages/msrest/exceptions.py", line 45, in raise_with_traceback
    raise error.with_traceback(exc_traceback)
  File "/anaconda/envs/myenv/lib/python3.6/site-packages/msrest/service_client.py", line 257, in send
    **kwargs)
  File "/anaconda/envs/myenv/lib/python3.6/site-packages/requests/sessions.py", line 508, in request
    resp = self.send(prep, **send_kwargs)
  File "/anaconda/envs/myenv/lib/python3.6/site-packages/requests/sessions.py", line 618, in send
    r = adapter.send(request, **kwargs)
  File "/anaconda/envs/myenv/lib/python3.6/site-packages/requests/adapters.py", line 499, in send
    raise RetryError(e, request=request)
msrest.exceptions.ClientRequestError: Error occurred in request., RetryError: HTTPSConnectionPool(host='eastus2euap.experiments.azureml.net', port=443): Max retries exceeded with url: /history/v1.0/subscriptions/fac34303-435d-4486-8c3f-7094d82a0b60/resourceGroups/aml-notebooks/providers/Microsoft.MachineLearningServices/workspaces/haieastus2euapws/projects/e2e-04/runs/e2e-04_1527655087001/runmetrics (Caused by ResponseError('too many 500 error responses',))

Traceback (most recent call last):
  File "/anaconda/envs/myenv/lib/python3.6/site-packages/requests/adapters.py", line 440, in send
    timeout=timeout
  File "/anaconda/envs/myenv/lib/python3.6/site-packages/urllib3/connectionpool.py", line 732, in urlopen
    body_pos=body_pos, **response_kw)
  File "/anaconda/envs/myenv/lib/python3.6/site-packages/urllib3/connectionpool.py", line 732, in urlopen
    body_pos=body_pos, **response_kw)
  File "/anaconda/envs/myenv/lib/python3.6/site-packages/urllib3/connectionpool.py", line 732, in urlopen
    body_pos=body_pos, **response_kw)
  File "/anaconda/envs/myenv/lib/python3.6/site-packages/urllib3/connectionpool.py", line 712, in urlopen
    retries = retries.increment(method, url, response=response, _pool=self)
  File "/anaconda/envs/myenv/lib/python3.6/site-packages/urllib3/util/retry.py", line 388, in increment
    raise MaxRetryError(_pool, url, error or ResponseError(cause))
urllib3.exceptions.MaxRetryError: HTTPSConnectionPool(host='eastus2euap.experiments.azureml.net', port=443): Max retries exceeded with url: /history/v1.0/subscriptions/fac34303-435d-4486-8c3f-7094d82a0b60/resourceGroups/aml-notebooks/providers/Microsoft.MachineLearningServices/workspaces/haieastus2euapws/projects/e2e-04/runs/e2e-04_1527655087001/runmetrics (Caused by ResponseError('too many 500 error responses',))

During handling of the above exception, another exception occurred:

Traceback (most recent call last):
  File "/anaconda/envs/myenv/lib/python3.6/site-packages/msrest/service_client.py", line 257, in send
    **kwargs)
  File "/anaconda/envs/myenv/lib/python3.6/site-packages/requests/sessions.py", line 508, in request
    resp = self.send(prep, **send_kwargs)
  File "/anaconda/envs/myenv/lib/python3.6/site-packages/requests/sessions.py", line 618, in send
    r = adapter.send(request, **kwargs)
  File "/anaconda/envs/myenv/lib/python3.6/site-packages/requests/adapters.py", line 499, in send
    raise RetryError(e, request=request)
requests.exceptions.RetryError: HTTPSConnectionPool(host='eastus2euap.experiments.azureml.net', port=443): Max retries exceeded with url: /history/v1.0/subscriptions/fac34303-435d-4486-8c3f-7094d82a0b60/resourceGroups/aml-notebooks/providers/Microsoft.MachineLearningServices/workspaces/haieastus2euapws/projects/e2e-04/runs/e2e-04_1527655087001/runmetrics (Caused by ResponseError('too many 500 error responses',))

During handling of the above exception, another exception occurred:

Traceback (most recent call last):
  File "azureml-setup/context_manager_injector.py", line 111, in <module>
    execute_with_context(cm_objects, options.invocation)
  File "azureml-setup/context_manager_injector.py", line 64, in execute_with_context
    runpy.run_path(sys.argv[0], globals(), run_name="__main__")
  File "/anaconda/envs/myenv/lib/python3.6/runpy.py", line 263, in run_path
    pkg_name=pkg_name, script_name=fname)
  File "/anaconda/envs/myenv/lib/python3.6/runpy.py", line 96, in _run_module_code
    mod_name, mod_spec, pkg_name, script_name)
  File "/anaconda/envs/myenv/lib/python3.6/runpy.py", line 85, in _run_code
    exec(code, run_globals)
  File "train-sklearn.py", line 32, in <module>
    run.log('mse', mse)
  File "/anaconda/envs/myenv/lib/python3.6/site-packages/azureml/core/run.py", line 451, in log
    self._client.log(name, value, description)
  File "/anaconda/envs/myenv/lib/python3.6/site-packages/azureml/_run_impl/metrics_client.py", line 22, in log
    self.log_scalar(name, value, description)
  File "/anaconda/envs/myenv/lib/python3.6/site-packages/azureml/_run_impl/metrics_client.py", line 65, in log_scalar
    return self._log(name, {name: value}, description)
  File "/anaconda/envs/myenv/lib/python3.6/site-packages/azureml/_run_impl/metrics_client.py", line 59, in _log
    return self._client.post_runmetrics(self.get_run_id(), run_metric_dto)
  File "/anaconda/envs/myenv/lib/python3.6/site-packages/azureml/restclient/run_history_client.py", line 200, in post_runmetrics
    run_metric_dto=run_metric_dto)
  File "/anaconda/envs/myenv/lib/python3.6/site-packages/azureml/restclient/project_client.py", line 58, in _execute_with_project_arguments
    **kwargs_copy)
  File "/anaconda/envs/myenv/lib/python3.6/site-packages/azureml/restclient/clientbase.py", line 101, in _execute_with_base_arguments
    return func(*args, **kwargs)
  File "/anaconda/envs/myenv/lib/python3.6/site-packages/azureml/restclient/operations/runmetric_operations.py", line 179, in post
    request, header_parameters, body_content, stream=False, **operation_config)
  File "/anaconda/envs/myenv/lib/python3.6/site-packages/msrest/service_client.py", line 290, in send
    raise_with_traceback(ClientRequestError, msg, err)
  File "/anaconda/envs/myenv/lib/python3.6/site-packages/msrest/exceptions.py", line 45, in raise_with_traceback
    raise error.with_traceback(exc_traceback)
  File "/anaconda/envs/myenv/lib/python3.6/site-packages/msrest/service_client.py", line 257, in send
    **kwargs)
  File "/anaconda/envs/myenv/lib/python3.6/site-packages/requests/sessions.py", line 508, in request
    resp = self.send(prep, **send_kwargs)
  File "/anaconda/envs/myenv/lib/python3.6/site-packages/requests/sessions.py", line 618, in send
    r = adapter.send(request, **kwargs)
  File "/anaconda/envs/myenv/lib/python3.6/site-packages/requests/adapters.py", line 499, in send
    raise RetryError(e, request=request)
msrest.exceptions.ClientRequestError: Error occurred in request., RetryError: HTTPSConnectionPool(host='eastus2euap.experiments.azureml.net', port=443): Max retries exceeded with url: /history/v1.0/subscriptions/fac34303-435d-4486-8c3f-7094d82a0b60/resourceGroups/aml-notebooks/providers/Microsoft.MachineLearningServices/workspaces/haieastus2euapws/projects/e2e-04/runs/e2e-04_1527655087001/runmetrics (Caused by ResponseError('too many 500 error responses',))

Execution Summary
=================
RunId: e2e-04_1527655087001


##################################################
DSVM Docker run...
##################################################

Load cpu-dsvm run config and make it to use Docker.
Base Docker image is: continuumio/miniconda3:4.4.10
submitting run...
https://mlworkspace.azureml-test.net/home/%2Fsubscriptions%2Ffac34303-435d-4486-8c3f-7094d82a0b60%2FresourceGroups%2Faml-notebooks%2Fproviders%2FMicrosoft.MachineLearningServices%2Fworkspaces%2Fhaieastus2euapws/projects/e2e-04/run-history/run-details/e2e-04_1527655103159
RunId: e2e-04_1527655103159

Streaming azureml-logs/60_control_log.txt
=========================================

Uploading experiment status to history service.
Adding run profile attachment azureml-logs/60_control_log.txt
Logging experiment running status in history service.
Running: ['sudo', 'docker', 'run', '--name', 'e2e-04_1527655103159', '--rm', '-v', '/tmp/azureml_runs/e2e-04_1527655103159:/azureml-run', '-e', 'AZUREML_DOCKERFILE_PATH=azureml-setup/Dockerfile', '-e', 'AZUREML_CONDA_ENVIRONMENT_EXISTENCE_INDICATOR=$HOME/.azureml/locks/azureml_2a9900e538c4d66a9c044566e96aa6f1', '-e', 'AZUREML_CONDA_ENVIRONMENT_PATH=/azureml-envs/azureml_2a9900e538c4d66a9c044566e96aa6f1', '-e', 'AZUREML_CONDA_LOCK_PATH=$HOME/.azureml/locks/azureml_conda_lock', '-e', 'EXAMPLE_ENV_VAR=EXAMPLE_VALUE', '-e', 'AZUREML_CONTEXT_MANAGER_OUTPUTCOLLECTION=null', '-e', 'AZUREML_RUN_TOKEN_EXPIRY=1528259903', '-e', 'AZUREML_RUN_TOKEN=eyJhbGciOiJSUzI1NiIsImtpZCI6IkZBOEE2NkNFNzcyMzY3MkI2M0YzN0ZEMjhBRDZFQTkxMTMxQjQ1QzQiLCJ0eXAiOiJKV1QifQ.eyJydW5pZCI6ImUyZS0wNF8xNTI3NjU1MTAzMTU5Iiwicm9sZSI6IkNvbnRyaWJ1dG9yIiwic2NvcGUiOiIvc3Vic2NyaXB0aW9ucy9mYWMzNDMwMy00MzVkLTQ0ODYtOGMzZi03MDk0ZDgyYTBiNjAvcmVzb3VyY2VHcm91cHMvYW1sLW5vdGVib29rcy9wcm92aWRlcnMvTWljcm9zb2Z0Lk1hY2hpbmVMZWFybmluZ1NlcnZpY2VzL3dvcmtzcGFjZXMvaGFpZWFzdHVzMmV1YXB3cyIsImFjY291bnRpZCI6Ijc1MGU4MGJlLTEyOTAtNDcyOC04OTYwLTVhY2ZlMTk4MGM2ZSIsIndvcmtzcGFjZUlkIjoiNzUwZTgwYmUtMTI5MC00NzI4LTg5NjAtNWFjZmUxOTgwYzZlIiwicHJvamVjdGlkIjoiNGJkY2JiNjYtMDZmOC00Yjk1LWEzMzUtMmE0MDUxNzJmMDQxIiwiZGlzY292ZXJ5IjoiaHR0cHM6Ly9lYXN0dXMyZXVhcC5leHBlcmltZW50cy5henVyZW1sLm5ldC9kaXNjb3ZlcnkiLCJ0aWQiOiI3MmY5ODhiZi04NmYxLTQxYWYtOTFhYi0yZDdjZDAxMWRiNDciLCJvaWQiOiIzNDI2YmU4MC02NzI5LTQ4MzktYTk3ZC1jNzlhMzRlNWJhMWQiLCJleHAiOjE1MjgyNTk5MDMsImlzcyI6ImF6dXJlbWwiLCJhdWQiOiJhenVyZW1sIn0.NZzkAkSJTTjobPB4J2jq_TTzlUTLw1I3WJrho_5sCdJo5qjnL2wfDpz_3ljldO7wXlM_KULkaQH8wcDl0F_n9B0R2FNFibaBTdt3IOJv0I1-IC8Q2eJlfdPALu_IRMsKVFpcc0GOkS9x703J8vWsE3JRMwCu_ZGIPDpW8UY9RNq-oyxw6NNbsju_7cplFx8ToC_ANmm4hKFWo45tRknNCwTjUS4m-U2mE3rRdXkUQ57hwcHvz-8oriVjfL4gsjk_I1rAzrPgKBdtsjAA1GlKsQq0LNoUNZo83erzWt1yfMQlw67H9QegOT38sbkR4O1xYmYHRF8IUguUbPBupcQYOw', '-e', 'PYTHONUNBUFFERED=True', '-e', 'AZUREML_ARM_PROJECT_NAME=e2e-04', '-e', 'AZUREML_ARM_WORKSPACE_NAME=haieastus2euapws', '-e', 'AZUREML_ARM_SUBSCRIPTION=fac34303-435d-4486-8c3f-7094d82a0b60', '-e', 'AZUREML_ARM_RESOURCEGROUP=aml-notebooks', '-e', 'AZUREML_ARM_SCOPE=/subscriptions/fac34303-435d-4486-8c3f-7094d82a0b60/resourceGroups/aml-notebooks/providers/Microsoft.MachineLearningServices/workspaces/haieastus2euapws/projects/e2e-04', '-e', 'AZUREML_DISCOVERY_SERVICE_ENDPOINT=https://eastus2euap.experiments.azureml.net/discovery', '-e', 'AZUREML_SERVICE_ENDPOINT=https://eastus2euap.experiments.azureml.net', '-e', 'AZUREML_RUN_CONFIGURATION=azureml-setup/mutated_run_configuration.yml', '-e', 'AZUREML_INSTRUMENTATION_KEY=c684677d-b3a0-4709-a00e-78e5b31cfafa', '-e', 'AZUREML_DRIVERLOG_PATH=azureml-logs/driver_log.txt', '-e', 'AZUREML_CONTROLLOG_PATH=azureml-logs/control_log.txt', '-e', 'AZUREML_LOGDIRECTORY_PATH=azureml-logs/', '-e', 'AZUREML_COMPLETEFILE_PATH=azureml-setup/complete', '-e', 'AZUREML_PIDFILE_PATH=azureml-setup/pid.txt', '-e', 'AZUREML_RUN_ID=e2e-04_1527655103159', 'azureml/azureml_4bbfede4df844acbba1732fe0369fe2a', '/bin/bash', '-c', '"/azureml-envs/azureml_2a9900e538c4d66a9c044566e96aa6f1/bin/python" "azureml-setup/run_script.py" "/azureml-envs/azureml_2a9900e538c4d66a9c044566e96aa6f1/bin/python" "azureml-setup/context_manager_injector.py" "-i" "OutputCollection:context_managers.RunHistory" "train-sklearn.py"']
Uploading experiment status to history service.
Adding run profile attachment azureml-logs/80_driver_log.txt

Streaming azureml-logs/80_driver_log.txt
========================================

alpha is 0.00, and mse is 3424.32
alpha is 0.05, and mse is 3408.92
alpha is 0.10, and mse is 3372.65
alpha is 0.15, and mse is 3345.15
alpha is 0.20, and mse is 3325.29
alpha is 0.25, and mse is 3311.56
alpha is 0.30, and mse is 3302.67
alpha is 0.35, and mse is 3297.66
alpha is 0.40, and mse is 3295.74
alpha is 0.45, and mse is 3296.32
alpha is 0.50, and mse is 3298.91
alpha is 0.55, and mse is 3303.14
alpha is 0.60, and mse is 3308.70
alpha is 0.65, and mse is 3315.36
alpha is 0.70, and mse is 3322.90
alpha is 0.75, and mse is 3331.17
alpha is 0.80, and mse is 3340.02
alpha is 0.85, and mse is 3349.36
alpha is 0.90, and mse is 3359.09
alpha is 0.95, and mse is 3369.13
The experiment completed successfully. Starting post-processing steps.

Execution Summary
=================
RunId: e2e-04_1527655103159

load cpu-dsvm run config and make it use a custom Docker image.
base image: ninghai/azureml:0.3

##################################################
submitting train-sklearn.py for a Custom Docker run on VM...
##################################################

https://mlworkspace.azureml-test.net/home/%2Fsubscriptions%2Ffac34303-435d-4486-8c3f-7094d82a0b60%2FresourceGroups%2Faml-notebooks%2Fproviders%2FMicrosoft.MachineLearningServices%2Fworkspaces%2Fhaieastus2euapws/projects/e2e-04/run-history/run-details/e2e-04_1527655114518
RunId: e2e-04_1527655114518

Streaming azureml-logs/60_control_log.txt
=========================================

Uploading experiment status to history service.
Adding run profile attachment azureml-logs/60_control_log.txt
Logging experiment running status in history service.
Running: ['sudo', 'docker', 'run', '--name', 'e2e-04_1527655114518', '--rm', '-v', '/tmp/azureml_runs/e2e-04_1527655114518:/azureml-run', '-e', 'AZUREML_DOCKERFILE_PATH=azureml-setup/Dockerfile', '-e', 'AZUREML_CONDA_ENVIRONMENT_EXISTENCE_INDICATOR=$HOME/.azureml/locks/azureml_2a9900e538c4d66a9c044566e96aa6f1', '-e', 'AZUREML_CONDA_ENVIRONMENT_PATH=/azureml-envs/azureml_2a9900e538c4d66a9c044566e96aa6f1', '-e', 'AZUREML_CONDA_LOCK_PATH=$HOME/.azureml/locks/azureml_conda_lock', '-e', 'EXAMPLE_ENV_VAR=EXAMPLE_VALUE', '-e', 'AZUREML_CONTEXT_MANAGER_OUTPUTCOLLECTION=null', '-e', 'AZUREML_RUN_TOKEN_EXPIRY=1528259915', '-e', 'AZUREML_RUN_TOKEN=eyJhbGciOiJSUzI1NiIsImtpZCI6IkZBOEE2NkNFNzcyMzY3MkI2M0YzN0ZEMjhBRDZFQTkxMTMxQjQ1QzQiLCJ0eXAiOiJKV1QifQ.eyJydW5pZCI6ImUyZS0wNF8xNTI3NjU1MTE0NTE4Iiwicm9sZSI6IkNvbnRyaWJ1dG9yIiwic2NvcGUiOiIvc3Vic2NyaXB0aW9ucy9mYWMzNDMwMy00MzVkLTQ0ODYtOGMzZi03MDk0ZDgyYTBiNjAvcmVzb3VyY2VHcm91cHMvYW1sLW5vdGVib29rcy9wcm92aWRlcnMvTWljcm9zb2Z0Lk1hY2hpbmVMZWFybmluZ1NlcnZpY2VzL3dvcmtzcGFjZXMvaGFpZWFzdHVzMmV1YXB3cyIsImFjY291bnRpZCI6Ijc1MGU4MGJlLTEyOTAtNDcyOC04OTYwLTVhY2ZlMTk4MGM2ZSIsIndvcmtzcGFjZUlkIjoiNzUwZTgwYmUtMTI5MC00NzI4LTg5NjAtNWFjZmUxOTgwYzZlIiwicHJvamVjdGlkIjoiNGJkY2JiNjYtMDZmOC00Yjk1LWEzMzUtMmE0MDUxNzJmMDQxIiwiZGlzY292ZXJ5IjoiaHR0cHM6Ly9lYXN0dXMyZXVhcC5leHBlcmltZW50cy5henVyZW1sLm5ldC9kaXNjb3ZlcnkiLCJ0aWQiOiI3MmY5ODhiZi04NmYxLTQxYWYtOTFhYi0yZDdjZDAxMWRiNDciLCJvaWQiOiIzNDI2YmU4MC02NzI5LTQ4MzktYTk3ZC1jNzlhMzRlNWJhMWQiLCJleHAiOjE1MjgyNTk5MTUsImlzcyI6ImF6dXJlbWwiLCJhdWQiOiJhenVyZW1sIn0.XPlk6QpbFv8fVJlDu_F1C3BsNSxcRueJQaTQE_LfvIXLP6UUeHSYc5WAW4VRbbBCdfiOJ5cjoaXFS0TZ25pZBqW239l5TWLWu9L7BOCmX-YyclwXPRj2ROiFFSnwOTr8B26upQgxGGDnb60sK5Xc2ZCSW7CDA_loijqF-IpQtZGXOiKUEcqE8gxjNQiEjKKOKz0yjpAINVqohR81oxIN24ZY-UYa0UtzEHWnUS6eB4x0_qzj1wpqnBZg6Z24fjgp8lgYDxpvdApaPDHtk-Jc6uZ10udT-9wTtKzLlvBFrsgdGBfmK2F_ltprY4J2WdT-4E0wF6Y9pnh1t4DsloGUwg', '-e', 'PYTHONUNBUFFERED=True', '-e', 'AZUREML_ARM_PROJECT_NAME=e2e-04', '-e', 'AZUREML_ARM_WORKSPACE_NAME=haieastus2euapws', '-e', 'AZUREML_ARM_SUBSCRIPTION=fac34303-435d-4486-8c3f-7094d82a0b60', '-e', 'AZUREML_ARM_RESOURCEGROUP=aml-notebooks', '-e', 'AZUREML_ARM_SCOPE=/subscriptions/fac34303-435d-4486-8c3f-7094d82a0b60/resourceGroups/aml-notebooks/providers/Microsoft.MachineLearningServices/workspaces/haieastus2euapws/projects/e2e-04', '-e', 'AZUREML_DISCOVERY_SERVICE_ENDPOINT=https://eastus2euap.experiments.azureml.net/discovery', '-e', 'AZUREML_SERVICE_ENDPOINT=https://eastus2euap.experiments.azureml.net', '-e', 'AZUREML_RUN_CONFIGURATION=azureml-setup/mutated_run_configuration.yml', '-e', 'AZUREML_INSTRUMENTATION_KEY=c684677d-b3a0-4709-a00e-78e5b31cfafa', '-e', 'AZUREML_DRIVERLOG_PATH=azureml-logs/driver_log.txt', '-e', 'AZUREML_CONTROLLOG_PATH=azureml-logs/control_log.txt', '-e', 'AZUREML_LOGDIRECTORY_PATH=azureml-logs/', '-e', 'AZUREML_COMPLETEFILE_PATH=azureml-setup/complete', '-e', 'AZUREML_PIDFILE_PATH=azureml-setup/pid.txt', '-e', 'AZUREML_RUN_ID=e2e-04_1527655114518', 'azureml/azureml_5707273e4d4f8da6a3c3c494ed4d7d30', '/bin/bash', '-c', '"python" "azureml-setup/run_script.py" "python" "azureml-setup/context_manager_injector.py" "-i" "OutputCollection:context_managers.RunHistory" "train-sklearn.py"']
Uploading experiment status to history service.
Adding run profile attachment azureml-logs/80_driver_log.txt

Streaming azureml-logs/80_driver_log.txt
========================================

alpha is 0.00, and mse is 3424.32
alpha is 0.05, and mse is 3408.92
alpha is 0.10, and mse is 3372.65
alpha is 0.15, and mse is 3345.15
alpha is 0.20, and mse is 3325.29
alpha is 0.25, and mse is 3311.56
alpha is 0.30, and mse is 3302.67
alpha is 0.35, and mse is 3297.66
alpha is 0.40, and mse is 3295.74
alpha is 0.45, and mse is 3296.32
alpha is 0.50, and mse is 3298.91
alpha is 0.55, and mse is 3303.14
alpha is 0.60, and mse is 3308.70
alpha is 0.65, and mse is 3315.36
alpha is 0.70, and mse is 3322.90
alpha is 0.75, and mse is 3331.17
alpha is 0.80, and mse is 3340.02
alpha is 0.85, and mse is 3349.36
alpha is 0.90, and mse is 3359.09
alpha is 0.95, and mse is 3369.13
The experiment completed successfully. Starting post-processing steps.

Execution Summary
=================
RunId: e2e-04_1527655114518

When alpha is 0.40, we have min MSE 3295.74.


##### 05.spark (2018-05-30-00:38:54) ###################
Azure ML Core SDK Version: 0.1.0.981169
Found config.json in: /data/git/ViennaTest/results/daily/2018-05-30-00-30-01-EDT/scripts/aml_config/config.json
Workspace details:
aml-notebooks haieastus2euapws eastus2euap
/tmp/e2e-test/05 already exists, remove it.
/tmp/e2e-test/05
e2e-05
copy train-spark.py and iris.csv to the project folder.
create an ACI run config.
base image is microsoft/mmlspark:0.12

##################################################
submitting train-spark.py for a Spark run on ACI...
##################################################

https://mlworkspace.azureml-test.net/home/%2Fsubscriptions%2Ffac34303-435d-4486-8c3f-7094d82a0b60%2FresourceGroups%2Faml-notebooks%2Fproviders%2FMicrosoft.MachineLearningServices%2Fworkspaces%2Fhaieastus2euapws/projects/e2e-05/run-history/run-details/e2e-05_1527655138048
RunId: e2e-05_1527655138048

Streaming azureml-logs/20_ice_log.txt
=====================================


Streaming azureml-logs/60_control_log.txt
=========================================

Uploading experiment status to history service.
Adding run profile attachment azureml-logs/80_driver_log.txt

Streaming azureml-logs/80_driver_log.txt
========================================

Using Spark's default log4j profile: org/apache/spark/log4j-defaults.properties
Setting default log level to "WARN".
To adjust logging level use sc.setLogLevel(newLevel). For SparkR, use setLogLevel(newLevel).
18/05/30 04:46:10 WARN NativeCodeLoader: Unable to load native-hadoop library for your platform... using builtin-java classes where applicable
****************
Python version: 3.6.2 |Anaconda, Inc.| (default, Oct  5 2017, 07:59:26) 
[GCC 7.2.0]
Spark version: 2.2.1
****************
First 10 rows of Iris dataset:
+------------+-----------+------------+-----------+-----------+
|sepal-length|sepal-width|petal-length|petal-width|      class|
+------------+-----------+------------+-----------+-----------+
|         5.1|        3.5|         1.4|        0.2|Iris-setosa|
|         4.9|        3.0|         1.4|        0.2|Iris-setosa|
|         4.7|        3.2|         1.3|        0.2|Iris-setosa|
|         4.6|        3.1|         1.5|        0.2|Iris-setosa|
|         5.0|        3.6|         1.4|        0.2|Iris-setosa|
|         5.4|        3.9|         1.7|        0.4|Iris-setosa|
|         4.6|        3.4|         1.4|        0.3|Iris-setosa|
|         5.0|        3.4|         1.5|        0.2|Iris-setosa|
|         4.4|        2.9|         1.4|        0.2|Iris-setosa|
|         4.9|        3.1|         1.5|        0.1|Iris-setosa|
+------------+-----------+------------+-----------+-----------+
only showing top 10 rows

Reading for machine learning
+-----------------+-----+
|         features|label|
+-----------------+-----+
|[5.1,3.5,1.4,0.2]|  0.0|
|[4.9,3.0,1.4,0.2]|  0.0|
|[4.7,3.2,1.3,0.2]|  0.0|
|[4.6,3.1,1.5,0.2]|  0.0|
|[5.0,3.6,1.4,0.2]|  0.0|
|[5.4,3.9,1.7,0.4]|  0.0|
|[4.6,3.4,1.4,0.3]|  0.0|
|[5.0,3.4,1.5,0.2]|  0.0|
|[4.4,2.9,1.4,0.2]|  0.0|
|[4.9,3.1,1.5,0.1]|  0.0|
+-----------------+-----+
only showing top 10 rows

18/05/30 04:46:30 WARN BLAS: Failed to load implementation from: com.github.fommil.netlib.NativeSystemBLAS
18/05/30 04:46:30 WARN BLAS: Failed to load implementation from: com.github.fommil.netlib.NativeRefBLAS
Prediction
+-----------------+-----+--------------------+--------------------+----------+
|         features|label|       rawPrediction|         probability|prediction|
+-----------------+-----+--------------------+--------------------+----------+
|[4.6,3.4,1.4,0.3]|  0.0|[6.15774214225445...|[0.98915436206687...|       0.0|
|[4.6,3.6,1.0,0.2]|  0.0|[7.21993626915386...|[0.99633227433915...|       0.0|
|[4.8,3.0,1.4,0.1]|  0.0|[5.38343492648511...|[0.95507365954231...|       0.0|
|[4.8,3.0,1.4,0.3]|  0.0|[4.97939800761491...|[0.94395264299262...|       0.0|
|[4.9,3.1,1.5,0.1]|  0.0|[5.40178843934639...|[0.95712653552712...|       0.0|
|[5.0,3.2,1.2,0.2]|  0.0|[5.60825944763850...|[0.96653707733606...|       0.0|
|[5.0,3.3,1.4,0.2]|  0.0|[5.64821132650471...|[0.97140901711361...|       0.0|
|[5.0,3.6,1.4,0.2]|  0.0|[6.35327089540224...|[0.98901799885009...|       0.0|
|[5.1,2.5,3.0,1.1]|  1.0|[0.27021016701015...|[0.16328501569384...|       1.0|
|[5.1,3.5,1.4,0.3]|  0.0|[5.79710022494654...|[0.97945439246868...|       0.0|
+-----------------+-----+--------------------+--------------------+----------+
only showing top 10 rows


#####################################
Regularization rate is 0.01
Accuracy is 1.0
#####################################

The experiment completed successfully. Starting post-processing steps.

Execution Summary
=================
RunId: e2e-05_1527655138048

attach a VM target:
Load the cpu-dsvm config and make it run Spark:
base image is: microsoft/mmlspark:0.12

##################################################
submitting train-spark.py for a Spark run on Docker in VM...
##################################################

https://mlworkspace.azureml-test.net/home/%2Fsubscriptions%2Ffac34303-435d-4486-8c3f-7094d82a0b60%2FresourceGroups%2Faml-notebooks%2Fproviders%2FMicrosoft.MachineLearningServices%2Fworkspaces%2Fhaieastus2euapws/projects/e2e-05/run-history/run-details/e2e-05_1527655739449
RunId: e2e-05_1527655739449

Streaming azureml-logs/60_control_log.txt
=========================================

Uploading experiment status to history service.
Adding run profile attachment azureml-logs/60_control_log.txt
Logging experiment running status in history service.
Running: ['sudo', 'docker', 'run', '--name', 'e2e-05_1527655739449', '--rm', '-v', '/tmp/azureml_runs/e2e-05_1527655739449:/azureml-run', '-e', 'PYSPARK_PYTHON=/azureml-envs/azureml_40b348c4d7381beefb01312cdebdaa0b/bin/python', '-e', 'AZUREML_DOCKERFILE_PATH=azureml-setup/Dockerfile', '-e', 'AZUREML_CONDA_ENVIRONMENT_EXISTENCE_INDICATOR=$HOME/.azureml/locks/azureml_40b348c4d7381beefb01312cdebdaa0b', '-e', 'AZUREML_CONDA_ENVIRONMENT_PATH=/azureml-envs/azureml_40b348c4d7381beefb01312cdebdaa0b', '-e', 'AZUREML_CONDA_LOCK_PATH=$HOME/.azureml/locks/azureml_conda_lock', '-e', 'EXAMPLE_ENV_VAR=EXAMPLE_VALUE', '-e', 'AZUREML_CONTEXT_MANAGER_OUTPUTCOLLECTION=null', '-e', 'AZUREML_RUN_TOKEN_EXPIRY=1528260541', '-e', 'AZUREML_RUN_TOKEN=eyJhbGciOiJSUzI1NiIsImtpZCI6IkZBOEE2NkNFNzcyMzY3MkI2M0YzN0ZEMjhBRDZFQTkxMTMxQjQ1QzQiLCJ0eXAiOiJKV1QifQ.eyJydW5pZCI6ImUyZS0wNV8xNTI3NjU1NzM5NDQ5Iiwicm9sZSI6IkNvbnRyaWJ1dG9yIiwic2NvcGUiOiIvc3Vic2NyaXB0aW9ucy9mYWMzNDMwMy00MzVkLTQ0ODYtOGMzZi03MDk0ZDgyYTBiNjAvcmVzb3VyY2VHcm91cHMvYW1sLW5vdGVib29rcy9wcm92aWRlcnMvTWljcm9zb2Z0Lk1hY2hpbmVMZWFybmluZ1NlcnZpY2VzL3dvcmtzcGFjZXMvaGFpZWFzdHVzMmV1YXB3cyIsImFjY291bnRpZCI6Ijc1MGU4MGJlLTEyOTAtNDcyOC04OTYwLTVhY2ZlMTk4MGM2ZSIsIndvcmtzcGFjZUlkIjoiNzUwZTgwYmUtMTI5MC00NzI4LTg5NjAtNWFjZmUxOTgwYzZlIiwicHJvamVjdGlkIjoiNjczMTkyYjMtNjU5OC00MjlhLThhNWMtNTc5YWVhY2UxNTIyIiwiZGlzY292ZXJ5IjoiaHR0cHM6Ly9lYXN0dXMyZXVhcC5leHBlcmltZW50cy5henVyZW1sLm5ldC9kaXNjb3ZlcnkiLCJ0aWQiOiI3MmY5ODhiZi04NmYxLTQxYWYtOTFhYi0yZDdjZDAxMWRiNDciLCJvaWQiOiIzNDI2YmU4MC02NzI5LTQ4MzktYTk3ZC1jNzlhMzRlNWJhMWQiLCJleHAiOjE1MjgyNjA1NDEsImlzcyI6ImF6dXJlbWwiLCJhdWQiOiJhenVyZW1sIn0.B12rC-vGCRvrx1d3IDa_bzQld391vO47utsBZ0bsj_FfRo0F5FTvisqzNewhmM7puJyehkvT1xhMMy12UNqGna1D4npWSn2KDSzGZCyGb5oO7qUlsRAzfoFOC9Mj9m7b8fFRhscm62a45wHO_kfbzsIUAmmIGiOL1ahjkZru4D6CYewbXXxAPLHUJAINdNiDSsQ2EoU_yCwuJCpK5eiHHXmEdKfYzDKmO4syljDNFspmAXbF8LjJlESVUT_pUKAnxlfhCzViyaY58-4iDC9ohaicXt4fQa3xrHi720N7Ac6ny3U5FIFCpknL21l5l_GPZ51qvr_f6CmEjmXHPi-t9Q', '-e', 'PYTHONUNBUFFERED=True', '-e', 'AZUREML_ARM_PROJECT_NAME=e2e-05', '-e', 'AZUREML_ARM_WORKSPACE_NAME=haieastus2euapws', '-e', 'AZUREML_ARM_SUBSCRIPTION=fac34303-435d-4486-8c3f-7094d82a0b60', '-e', 'AZUREML_ARM_RESOURCEGROUP=aml-notebooks', '-e', 'AZUREML_ARM_SCOPE=/subscriptions/fac34303-435d-4486-8c3f-7094d82a0b60/resourceGroups/aml-notebooks/providers/Microsoft.MachineLearningServices/workspaces/haieastus2euapws/projects/e2e-05', '-e', 'AZUREML_DISCOVERY_SERVICE_ENDPOINT=https://eastus2euap.experiments.azureml.net/discovery', '-e', 'AZUREML_SERVICE_ENDPOINT=https://eastus2euap.experiments.azureml.net', '-e', 'AZUREML_RUN_CONFIGURATION=azureml-setup/mutated_run_configuration.yml', '-e', 'AZUREML_INSTRUMENTATION_KEY=c684677d-b3a0-4709-a00e-78e5b31cfafa', '-e', 'AZUREML_DRIVERLOG_PATH=azureml-logs/driver_log.txt', '-e', 'AZUREML_CONTROLLOG_PATH=azureml-logs/control_log.txt', '-e', 'AZUREML_LOGDIRECTORY_PATH=azureml-logs/', '-e', 'AZUREML_COMPLETEFILE_PATH=azureml-setup/complete', '-e', 'AZUREML_PIDFILE_PATH=azureml-setup/pid.txt', '-e', 'AZUREML_RUN_ID=e2e-05_1527655739449', 'azureml/azureml_2ed57bef1da71375bd881703708d5260', '/bin/bash', '-c', '"/azureml-envs/azureml_40b348c4d7381beefb01312cdebdaa0b/bin/python" "azureml-setup/run_script.py" "$SPARK_HOME/bin/spark-submit" "--repositories" "https://mmlspark.azureedge.net/maven,https://azuremldownloads.blob.core.windows.net/repo5qh91kdjs6" "--packages" "com.microsoft.ml.spark:mmlspark_2.11:0.12,com.microsoft:dprep_2.11:0.18.0,com.microsoft.sqlserver:mssql-jdbc:6.2.1.jre8" "--driver-java-options" "-Dlog4j.configuration=file:./azureml-setup/log4j.properties" "--conf" "spark.eventLog.enabled=true" "--conf" "spark.eventLog.dir=./azureml-logs" "azureml-setup/context_manager_injector.py" "-i" "OutputCollection:context_managers.RunHistory" "train-spark.py"']
Uploading experiment status to history service.
Adding run profile attachment azureml-logs/80_driver_log.txt

Streaming azureml-logs/80_driver_log.txt
========================================

https://mmlspark.azureedge.net/maven added as a remote repository with the name: repo-1
https://azuremldownloads.blob.core.windows.net/repo5qh91kdjs6 added as a remote repository with the name: repo-2
Ivy Default Cache set to: /root/.ivy2/cache
The jars for the packages stored in: /root/.ivy2/jars
:: loading settings :: url = jar:file:/home/mmlspark/lib/spark/jars/ivy-2.4.0.jar!/org/apache/ivy/core/settings/ivysettings.xml
com.microsoft.ml.spark#mmlspark_2.11 added as a dependency
com.microsoft#dprep_2.11 added as a dependency
com.microsoft.sqlserver#mssql-jdbc added as a dependency
:: resolving dependencies :: org.apache.spark#spark-submit-parent;1.0
	confs: [default]
	found com.microsoft.ml.spark#mmlspark_2.11;0.12 in repo-1
	found io.spray#spray-json_2.11;1.3.2 in central
	found com.microsoft.cntk#cntk;2.4 in central
	found org.openpnp#opencv;3.2.0-1 in central
	found com.microsoft.ml.lightgbm#lightgbmlib;2.0.120 in central
	found com.microsoft#dprep_2.11;0.18.0 in repo-2
	found com.microsoft.programSynthesis#tText;4.1.0-preview2018010901 in repo-2
	found com.microsoft.programSynthesis#dsl;4.1.0-preview2018010901 in repo-2
	found com.microsoft.programSynthesis#sText;4.1.0-preview2018010901 in repo-2
	found com.microsoft.sqlserver#mssql-jdbc;6.2.1.jre8 in central
:: resolution report :: resolve 568ms :: artifacts dl 15ms
	:: modules in use:
	com.microsoft#dprep_2.11;0.18.0 from repo-2 in [default]
	com.microsoft.cntk#cntk;2.4 from central in [default]
	com.microsoft.ml.lightgbm#lightgbmlib;2.0.120 from central in [default]
	com.microsoft.ml.spark#mmlspark_2.11;0.12 from repo-1 in [default]
	com.microsoft.programSynthesis#dsl;4.1.0-preview2018010901 from repo-2 in [default]
	com.microsoft.programSynthesis#sText;4.1.0-preview2018010901 from repo-2 in [default]
	com.microsoft.programSynthesis#tText;4.1.0-preview2018010901 from repo-2 in [default]
	com.microsoft.sqlserver#mssql-jdbc;6.2.1.jre8 from central in [default]
	io.spray#spray-json_2.11;1.3.2 from central in [default]
	org.openpnp#opencv;3.2.0-1 from central in [default]
	---------------------------------------------------------------------
	|                  |            modules            ||   artifacts   |
	|       conf       | number| search|dwnlded|evicted|| number|dwnlded|
	---------------------------------------------------------------------
	|      default     |   10  |   0   |   0   |   0   ||   10  |   0   |
	---------------------------------------------------------------------
:: retrieving :: org.apache.spark#spark-submit-parent
	confs: [default]
	0 artifacts copied, 10 already retrieved (0kB/13ms)
****************
Python version: 3.6.2 |Anaconda, Inc.| (default, Oct  5 2017, 07:59:26) 
[GCC 7.2.0]
Spark version: 2.2.1
****************
First 10 rows of Iris dataset:
+------------+-----------+------------+-----------+-----------+
|sepal-length|sepal-width|petal-length|petal-width|      class|
+------------+-----------+------------+-----------+-----------+
|         5.1|        3.5|         1.4|        0.2|Iris-setosa|
|         4.9|        3.0|         1.4|        0.2|Iris-setosa|
|         4.7|        3.2|         1.3|        0.2|Iris-setosa|
|         4.6|        3.1|         1.5|        0.2|Iris-setosa|
|         5.0|        3.6|         1.4|        0.2|Iris-setosa|
|         5.4|        3.9|         1.7|        0.4|Iris-setosa|
|         4.6|        3.4|         1.4|        0.3|Iris-setosa|
|         5.0|        3.4|         1.5|        0.2|Iris-setosa|
|         4.4|        2.9|         1.4|        0.2|Iris-setosa|
|         4.9|        3.1|         1.5|        0.1|Iris-setosa|
+------------+-----------+------------+-----------+-----------+
only showing top 10 rows

Reading for machine learning
+-----------------+-----+
|         features|label|
+-----------------+-----+
|[5.1,3.5,1.4,0.2]|  0.0|
|[4.9,3.0,1.4,0.2]|  0.0|
|[4.7,3.2,1.3,0.2]|  0.0|
|[4.6,3.1,1.5,0.2]|  0.0|
|[5.0,3.6,1.4,0.2]|  0.0|
|[5.4,3.9,1.7,0.4]|  0.0|
|[4.6,3.4,1.4,0.3]|  0.0|
|[5.0,3.4,1.5,0.2]|  0.0|
|[4.4,2.9,1.4,0.2]|  0.0|
|[4.9,3.1,1.5,0.1]|  0.0|
+-----------------+-----+
only showing top 10 rows

Prediction
+-----------------+-----+--------------------+--------------------+----------+
|         features|label|       rawPrediction|         probability|prediction|
+-----------------+-----+--------------------+--------------------+----------+
|[4.3,3.0,1.1,0.1]|  0.0|[6.32191646092259...|[0.97791467523771...|       0.0|
|[4.4,2.9,1.4,0.2]|  0.0|[5.41922182950615...|[0.94769368445420...|       0.0|
|[4.5,2.3,1.3,0.3]|  0.0|[3.47773807381710...|[0.61446397664832...|       0.0|
|[4.7,3.2,1.6,0.2]|  0.0|[5.75261609138860...|[0.96614868041696...|       0.0|
|[4.8,3.4,1.6,0.2]|  0.0|[6.21656857318947...|[0.98061616996796...|       0.0|
|[4.9,3.1,1.5,0.1]|  0.0|[5.55428885227253...|[0.94545622605962...|       0.0|
|[5.0,2.0,3.5,1.0]|  1.0|[-1.5728702498713...|[0.01647418959317...|       1.0|
|[5.0,2.3,3.3,1.0]|  1.0|[-0.5144070663511...|[0.05673593776614...|       1.0|
|[5.0,3.4,1.5,0.2]|  0.0|[6.09584738289483...|[0.97512171924084...|       0.0|
|[5.0,3.4,1.6,0.4]|  0.0|[5.57838627553611...|[0.96575943482541...|       0.0|
+-----------------+-----+--------------------+--------------------+----------+
only showing top 10 rows


#####################################
Regularization rate is 0.01
Accuracy is 0.9791666666666666
#####################################

The experiment completed successfully. Starting post-processing steps.

Execution Summary
=================
RunId: e2e-05_1527655739449

attach HDI
Load HDI run config.

##################################################
submitting train-spark.py for a HDI run...
##################################################

https://mlworkspace.azureml-test.net/home/%2Fsubscriptions%2Ffac34303-435d-4486-8c3f-7094d82a0b60%2FresourceGroups%2Faml-notebooks%2Fproviders%2FMicrosoft.MachineLearningServices%2Fworkspaces%2Fhaieastus2euapws/projects/e2e-05/run-history/run-details/e2e-05_1527655772643
RunId: e2e-05_1527655772643

Streaming azureml-logs/60_control_log.txt
=========================================

Uploading experiment status to history service.
Adding run profile attachment azureml-logs/60_control_log.txt
  adding: iris.csv (deflated 82%)
  adding: azureml-logs/ (stored 0%)
  adding: azureml-logs/control_log.txt (deflated 12%)
  adding: train-spark.py (deflated 62%)
  adding: .amlignore (deflated 25%)
  adding: azureml-setup/ (stored 0%)
  adding: azureml-setup/interrupt_sender.py (deflated 57%)
  adding: azureml-setup/killable_subprocess.pyc (deflated 55%)
  adding: azureml-setup/conda_manager.pyc (deflated 50%)
  adding: azureml-setup/log4j.properties (deflated 56%)
  adding: azureml-setup/log_history_status.pyc (deflated 62%)
  adding: azureml-setup/spark_cache.py (deflated 20%)
  adding: azureml-setup/context_managers.py (deflated 64%)
  adding: azureml-setup/run_script.py (deflated 67%)
  adding: azureml-setup/conda_lock.pyc (deflated 52%)
  adding: azureml-setup/conda_manager.py (deflated 69%)
  adding: azureml-setup/context_manager_injector.py (deflated 59%)
  adding: azureml-setup/interrupt_sender.pyc (deflated 48%)
  adding: azureml-setup/mutated_run_configuration.yml (deflated 46%)
  adding: azureml-setup/conda_lock.py (deflated 54%)
  adding: azureml-setup/hdi_utilities.py (deflated 49%)
  adding: azureml-setup/project_fetcher.pyc (deflated 51%)
  adding: azureml-setup/hdi_utilities.pyc (deflated 47%)
  adding: azureml-setup/execution_timer.py (deflated 68%)
  adding: azureml-setup/execution_timer.pyc (deflated 63%)
  adding: azureml-setup/project_fetcher.py (deflated 62%)
  adding: azureml-setup/upload_artifacts.pyc (deflated 44%)
  adding: azureml-setup/hdi_control_script.py (deflated 64%)
  adding: azureml-setup/mutated_conda_dependencies.yml (deflated 29%)
  adding: azureml-setup/pid.txt (stored 0%)
  adding: azureml-setup/log_history_status.py (deflated 67%)
  adding: azureml-setup/killable_subprocess.py (deflated 68%)
  adding: azureml-setup/99brokenproxy (deflated 26%)
  adding: azureml-setup/prepare_environment.py (deflated 36%)
  adding: azureml-setup/upload_artifacts.py (deflated 60%)
  adding: azureml-setup/hdi_context_manager.py (deflated 56%)
  adding: aml_config/ (stored 0%)
  adding: aml_config/cpu-dsvm.runconfig (deflated 55%)
  adding: aml_config/myhdi.compute (deflated 13%)
  adding: aml_config/local.runconfig (deflated 56%)
  adding: aml_config/cpu-dsvm.compute (deflated 14%)
  adding: aml_config/myhdi.runconfig (deflated 55%)
  adding: aml_config/conda_dependencies.yml (deflated 49%)
  adding: aml_config/project.json (deflated 19%)
  adding: aml_config/docker.runconfig (deflated 56%)
  adding: assets/ (stored 0%)
Logging experiment running status in history service.
Running: ['/home/ninghai/.azureml/envs/azureml_40b348c4d7381beefb01312cdebdaa0b/bin/python', 'azureml-setup/run_script.py', '/usr/hdp/current/spark2-client/bin/spark-submit', '--repositories', 'https://mmlspark.azureedge.net/maven,https://azuremldownloads.blob.core.windows.net/repo5qh91kdjs6', '--packages', 'com.microsoft.ml.spark:mmlspark_2.11:0.12,com.microsoft:dprep_2.11:0.18.0,com.microsoft.sqlserver:mssql-jdbc:6.2.1.jre8', '--driver-java-options', '-Dlog4j.configuration=file:./code.zip/azureml-setup/log4j.properties', '--conf', 'spark.yarn.appMasterEnv.PYSPARK_PYTHON=./azureml_40b348c4d7381beefb01312cdebdaa0b.zip/home/ninghai/.azureml/envs/azureml_40b348c4d7381beefb01312cdebdaa0b/bin/python', '--conf', 'spark.yarn.appMasterEnv.AZUREML_RUN_ID=e2e-05_1527655772643', '--conf', 'spark.executorEnv.AZUREML_RUN_ID=e2e-05_1527655772643', '--conf', 'spark.yarn.appMasterEnv.AZUREML_PIDFILE_PATH=azureml-setup/pid.txt', '--conf', 'spark.executorEnv.AZUREML_PIDFILE_PATH=azureml-setup/pid.txt', '--conf', 'spark.yarn.appMasterEnv.AZUREML_COMPLETEFILE_PATH=azureml-setup/complete', '--conf', 'spark.executorEnv.AZUREML_COMPLETEFILE_PATH=azureml-setup/complete', '--conf', 'spark.yarn.appMasterEnv.AZUREML_LOGDIRECTORY_PATH=azureml-logs/', '--conf', 'spark.executorEnv.AZUREML_LOGDIRECTORY_PATH=azureml-logs/', '--conf', 'spark.yarn.appMasterEnv.AZUREML_CONTROLLOG_PATH=azureml-logs/control_log.txt', '--conf', 'spark.executorEnv.AZUREML_CONTROLLOG_PATH=azureml-logs/control_log.txt', '--conf', 'spark.yarn.appMasterEnv.AZUREML_DRIVERLOG_PATH=azureml-logs/driver_log.txt', '--conf', 'spark.executorEnv.AZUREML_DRIVERLOG_PATH=azureml-logs/driver_log.txt', '--conf', 'spark.yarn.appMasterEnv.AZUREML_INSTRUMENTATION_KEY=c684677d-b3a0-4709-a00e-78e5b31cfafa', '--conf', 'spark.executorEnv.AZUREML_INSTRUMENTATION_KEY=c684677d-b3a0-4709-a00e-78e5b31cfafa', '--conf', 'spark.yarn.appMasterEnv.AZUREML_RUN_CONFIGURATION=azureml-setup/mutated_run_configuration.yml', '--conf', 'spark.executorEnv.AZUREML_RUN_CONFIGURATION=azureml-setup/mutated_run_configuration.yml', '--conf', 'spark.yarn.appMasterEnv.AZUREML_SERVICE_ENDPOINT=https://eastus2euap.experiments.azureml.net', '--conf', 'spark.executorEnv.AZUREML_SERVICE_ENDPOINT=https://eastus2euap.experiments.azureml.net', '--conf', 'spark.yarn.appMasterEnv.AZUREML_DISCOVERY_SERVICE_ENDPOINT=https://eastus2euap.experiments.azureml.net/discovery', '--conf', 'spark.executorEnv.AZUREML_DISCOVERY_SERVICE_ENDPOINT=https://eastus2euap.experiments.azureml.net/discovery', '--conf', 'spark.yarn.appMasterEnv.AZUREML_ARM_SCOPE=/subscriptions/fac34303-435d-4486-8c3f-7094d82a0b60/resourceGroups/aml-notebooks/providers/Microsoft.MachineLearningServices/workspaces/haieastus2euapws/projects/e2e-05', '--conf', 'spark.executorEnv.AZUREML_ARM_SCOPE=/subscriptions/fac34303-435d-4486-8c3f-7094d82a0b60/resourceGroups/aml-notebooks/providers/Microsoft.MachineLearningServices/workspaces/haieastus2euapws/projects/e2e-05', '--conf', 'spark.yarn.appMasterEnv.AZUREML_ARM_RESOURCEGROUP=aml-notebooks', '--conf', 'spark.executorEnv.AZUREML_ARM_RESOURCEGROUP=aml-notebooks', '--conf', 'spark.yarn.appMasterEnv.AZUREML_ARM_SUBSCRIPTION=fac34303-435d-4486-8c3f-7094d82a0b60', '--conf', 'spark.executorEnv.AZUREML_ARM_SUBSCRIPTION=fac34303-435d-4486-8c3f-7094d82a0b60', '--conf', 'spark.yarn.appMasterEnv.AZUREML_ARM_ACCOUNT_NAME=', '--conf', 'spark.executorEnv.AZUREML_ARM_ACCOUNT_NAME=', '--conf', 'spark.yarn.appMasterEnv.AZUREML_ARM_WORKSPACE_NAME=haieastus2euapws', '--conf', 'spark.executorEnv.AZUREML_ARM_WORKSPACE_NAME=haieastus2euapws', '--conf', 'spark.yarn.appMasterEnv.AZUREML_ARM_PROJECT_NAME=e2e-05', '--conf', 'spark.executorEnv.AZUREML_ARM_PROJECT_NAME=e2e-05', '--conf', 'spark.yarn.appMasterEnv.PYTHONUNBUFFERED=True', '--conf', 'spark.executorEnv.PYTHONUNBUFFERED=True', '--conf', 'spark.yarn.appMasterEnv.AZUREML_RUN_TOKEN=eyJhbGciOiJSUzI1NiIsImtpZCI6IkZBOEE2NkNFNzcyMzY3MkI2M0YzN0ZEMjhBRDZFQTkxMTMxQjQ1QzQiLCJ0eXAiOiJKV1QifQ.eyJydW5pZCI6ImUyZS0wNV8xNTI3NjU1NzcyNjQzIiwicm9sZSI6IkNvbnRyaWJ1dG9yIiwic2NvcGUiOiIvc3Vic2NyaXB0aW9ucy9mYWMzNDMwMy00MzVkLTQ0ODYtOGMzZi03MDk0ZDgyYTBiNjAvcmVzb3VyY2VHcm91cHMvYW1sLW5vdGVib29rcy9wcm92aWRlcnMvTWljcm9zb2Z0Lk1hY2hpbmVMZWFybmluZ1NlcnZpY2VzL3dvcmtzcGFjZXMvaGFpZWFzdHVzMmV1YXB3cyIsImFjY291bnRpZCI6Ijc1MGU4MGJlLTEyOTAtNDcyOC04OTYwLTVhY2ZlMTk4MGM2ZSIsIndvcmtzcGFjZUlkIjoiNzUwZTgwYmUtMTI5MC00NzI4LTg5NjAtNWFjZmUxOTgwYzZlIiwicHJvamVjdGlkIjoiNjczMTkyYjMtNjU5OC00MjlhLThhNWMtNTc5YWVhY2UxNTIyIiwiZGlzY292ZXJ5IjoiaHR0cHM6Ly9lYXN0dXMyZXVhcC5leHBlcmltZW50cy5henVyZW1sLm5ldC9kaXNjb3ZlcnkiLCJ0aWQiOiI3MmY5ODhiZi04NmYxLTQxYWYtOTFhYi0yZDdjZDAxMWRiNDciLCJvaWQiOiIzNDI2YmU4MC02NzI5LTQ4MzktYTk3ZC1jNzlhMzRlNWJhMWQiLCJleHAiOjE1MjgyNjA1NzMsImlzcyI6ImF6dXJlbWwiLCJhdWQiOiJhenVyZW1sIn0.O2xLkMCRjyqnFDUzHPSbJkuJKUY-fVLoPyDmS7LFNggT2EAHFBsJBYdpwa4FHNeDS4FgCvJXvrF24iWtVtGDTwqZieksLgo9F7no-JoqIL7Qm5SFA15Ta7tTv6fwWUhUBUG2LjcWwtl0EZp8AXvSgaZ0TD5KdAco7l__vXcPdFr1bsXJjShed3secfTXe3TPBqSVZgVUYRlhfUkESYH-Hak67qmvM0FtX4M5G4mC7aCmZKfYOgvXdOs-4tAokF8BLVCs0_wG8b3gHf8xkyfq-rQhCptMV-dUlctQmW0tK-hjDG5WcEPJP24CcRilvrotYnixNAfldZa6UZUNsgPOsg', '--conf', 'spark.executorEnv.AZUREML_RUN_TOKEN=eyJhbGciOiJSUzI1NiIsImtpZCI6IkZBOEE2NkNFNzcyMzY3MkI2M0YzN0ZEMjhBRDZFQTkxMTMxQjQ1QzQiLCJ0eXAiOiJKV1QifQ.eyJydW5pZCI6ImUyZS0wNV8xNTI3NjU1NzcyNjQzIiwicm9sZSI6IkNvbnRyaWJ1dG9yIiwic2NvcGUiOiIvc3Vic2NyaXB0aW9ucy9mYWMzNDMwMy00MzVkLTQ0ODYtOGMzZi03MDk0ZDgyYTBiNjAvcmVzb3VyY2VHcm91cHMvYW1sLW5vdGVib29rcy9wcm92aWRlcnMvTWljcm9zb2Z0Lk1hY2hpbmVMZWFybmluZ1NlcnZpY2VzL3dvcmtzcGFjZXMvaGFpZWFzdHVzMmV1YXB3cyIsImFjY291bnRpZCI6Ijc1MGU4MGJlLTEyOTAtNDcyOC04OTYwLTVhY2ZlMTk4MGM2ZSIsIndvcmtzcGFjZUlkIjoiNzUwZTgwYmUtMTI5MC00NzI4LTg5NjAtNWFjZmUxOTgwYzZlIiwicHJvamVjdGlkIjoiNjczMTkyYjMtNjU5OC00MjlhLThhNWMtNTc5YWVhY2UxNTIyIiwiZGlzY292ZXJ5IjoiaHR0cHM6Ly9lYXN0dXMyZXVhcC5leHBlcmltZW50cy5henVyZW1sLm5ldC9kaXNjb3ZlcnkiLCJ0aWQiOiI3MmY5ODhiZi04NmYxLTQxYWYtOTFhYi0yZDdjZDAxMWRiNDciLCJvaWQiOiIzNDI2YmU4MC02NzI5LTQ4MzktYTk3ZC1jNzlhMzRlNWJhMWQiLCJleHAiOjE1MjgyNjA1NzMsImlzcyI6ImF6dXJlbWwiLCJhdWQiOiJhenVyZW1sIn0.O2xLkMCRjyqnFDUzHPSbJkuJKUY-fVLoPyDmS7LFNggT2EAHFBsJBYdpwa4FHNeDS4FgCvJXvrF24iWtVtGDTwqZieksLgo9F7no-JoqIL7Qm5SFA15Ta7tTv6fwWUhUBUG2LjcWwtl0EZp8AXvSgaZ0TD5KdAco7l__vXcPdFr1bsXJjShed3secfTXe3TPBqSVZgVUYRlhfUkESYH-Hak67qmvM0FtX4M5G4mC7aCmZKfYOgvXdOs-4tAokF8BLVCs0_wG8b3gHf8xkyfq-rQhCptMV-dUlctQmW0tK-hjDG5WcEPJP24CcRilvrotYnixNAfldZa6UZUNsgPOsg', '--conf', 'spark.yarn.appMasterEnv.AZUREML_RUN_TOKEN_EXPIRY=1528260573', '--conf', 'spark.executorEnv.AZUREML_RUN_TOKEN_EXPIRY=1528260573', '--conf', 'spark.yarn.appMasterEnv.AZUREML_CONTEXT_MANAGER_HDISETUP=null', '--conf', 'spark.executorEnv.AZUREML_CONTEXT_MANAGER_HDISETUP=null', '--conf', 'spark.yarn.appMasterEnv.AZUREML_CONTEXT_MANAGER_OUTPUTCOLLECTION=null', '--conf', 'spark.executorEnv.AZUREML_CONTEXT_MANAGER_OUTPUTCOLLECTION=null', '--conf', 'spark.yarn.appMasterEnv.EXAMPLE_ENV_VAR=EXAMPLE_VALUE', '--conf', 'spark.executorEnv.EXAMPLE_ENV_VAR=EXAMPLE_VALUE', '--conf', 'spark.yarn.appMasterEnv.AZUREML_CONDA_LOCK_PATH=/home/ninghai/.azureml/locks/azureml_conda_lock', '--conf', 'spark.executorEnv.AZUREML_CONDA_LOCK_PATH=/home/ninghai/.azureml/locks/azureml_conda_lock', '--conf', 'spark.yarn.appMasterEnv.AZUREML_CONDA_ENVIRONMENT_PATH=/home/ninghai/.azureml/envs/azureml_40b348c4d7381beefb01312cdebdaa0b', '--conf', 'spark.executorEnv.AZUREML_CONDA_ENVIRONMENT_PATH=/home/ninghai/.azureml/envs/azureml_40b348c4d7381beefb01312cdebdaa0b', '--conf', 'spark.yarn.appMasterEnv.AZUREML_CONDA_ENVIRONMENT_EXISTENCE_INDICATOR=/home/ninghai/.azureml/locks/azureml_40b348c4d7381beefb01312cdebdaa0b', '--conf', 'spark.executorEnv.AZUREML_CONDA_ENVIRONMENT_EXISTENCE_INDICATOR=/home/ninghai/.azureml/locks/azureml_40b348c4d7381beefb01312cdebdaa0b', '--conf', 'spark.yarn.appMasterEnv.AZUREML_TARGET_TYPE=cluster', '--conf', 'spark.executorEnv.AZUREML_TARGET_TYPE=cluster', '--master', 'yarn', '--deploy-mode', 'cluster', '--archives', '/home/ninghai/.azureml/envs/azureml_40b348c4d7381beefb01312cdebdaa0b.zip,code.zip', '--files', './azureml-setup/context_manager_injector.py,./azureml-setup/context_managers.py,./azureml-setup/hdi_context_manager.py', 'azureml-setup/context_manager_injector.py', '-i', 'HdiSetup:hdi_context_manager.HdiSetup', '-i', 'OutputCollection:context_managers.RunHistory', 'train-spark.py']
Uploading experiment status to history service.
Adding run profile attachment azureml-logs/80_driver_log.txt

Streaming azureml-logs/80_driver_log.txt
========================================

Ivy Default Cache set to: /home/ninghai/.ivy2/cache
The jars for the packages stored in: /home/ninghai/.ivy2/jars
https://mmlspark.azureedge.net/maven added as a remote repository with the name: repo-1
https://azuremldownloads.blob.core.windows.net/repo5qh91kdjs6 added as a remote repository with the name: repo-2
:: loading settings :: url = jar:file:/usr/hdp/2.6.0.2-76/spark2/jars/ivy-2.4.0.jar!/org/apache/ivy/core/settings/ivysettings.xml
com.microsoft.ml.spark#mmlspark_2.11 added as a dependency
com.microsoft#dprep_2.11 added as a dependency
com.microsoft.sqlserver#mssql-jdbc added as a dependency
:: resolving dependencies :: org.apache.spark#spark-submit-parent;1.0
	confs: [default]
	found com.microsoft.ml.spark#mmlspark_2.11;0.12 in repo-1
	found io.spray#spray-json_2.11;1.3.2 in central
	found com.microsoft.cntk#cntk;2.4 in central
	found org.openpnp#opencv;3.2.0-1 in central
	found com.microsoft.ml.lightgbm#lightgbmlib;2.0.120 in central
	found com.microsoft#dprep_2.11;0.18.0 in repo-2
	found com.microsoft.programSynthesis#tText;4.1.0-preview2018010901 in repo-2
	found com.microsoft.programSynthesis#dsl;4.1.0-preview2018010901 in repo-2
	found com.microsoft.programSynthesis#sText;4.1.0-preview2018010901 in repo-2
	found com.microsoft.sqlserver#mssql-jdbc;6.2.1.jre8 in central
:: resolution report :: resolve 745ms :: artifacts dl 27ms
	:: modules in use:
	com.microsoft#dprep_2.11;0.18.0 from repo-2 in [default]
	com.microsoft.cntk#cntk;2.4 from central in [default]
	com.microsoft.ml.lightgbm#lightgbmlib;2.0.120 from central in [default]
	com.microsoft.ml.spark#mmlspark_2.11;0.12 from repo-1 in [default]
	com.microsoft.programSynthesis#dsl;4.1.0-preview2018010901 from repo-2 in [default]
	com.microsoft.programSynthesis#sText;4.1.0-preview2018010901 from repo-2 in [default]
	com.microsoft.programSynthesis#tText;4.1.0-preview2018010901 from repo-2 in [default]
	com.microsoft.sqlserver#mssql-jdbc;6.2.1.jre8 from central in [default]
	io.spray#spray-json_2.11;1.3.2 from central in [default]
	org.openpnp#opencv;3.2.0-1 from central in [default]
	---------------------------------------------------------------------
	|                  |            modules            ||   artifacts   |
	|       conf       | number| search|dwnlded|evicted|| number|dwnlded|
	---------------------------------------------------------------------
	|      default     |   10  |   0   |   0   |   0   ||   10  |   0   |
	---------------------------------------------------------------------
:: retrieving :: org.apache.spark#spark-submit-parent
	confs: [default]
	0 artifacts copied, 10 already retrieved (0kB/14ms)
18/05/30 04:49:52 WARN NativeCodeLoader: Unable to load native-hadoop library for your platform... using builtin-java classes where applicable
18/05/30 04:49:53 INFO MetricsConfig: loaded properties from hadoop-metrics2-azure-file-system.properties
18/05/30 04:49:53 INFO WasbAzureIaasSink: Init starting.
18/05/30 04:49:53 INFO AzureIaasSink: Init starting. Initializing MdsLogger.
18/05/30 04:49:53 INFO AzureIaasSink: Init completed.
18/05/30 04:49:53 INFO WasbAzureIaasSink: Init completed.
18/05/30 04:49:53 INFO MetricsSinkAdapter: Sink azurefs2 started
18/05/30 04:49:53 INFO MetricsSystemImpl: Scheduled snapshot period at 60 second(s).
18/05/30 04:49:53 INFO MetricsSystemImpl: azure-file-system metrics system started
18/05/30 04:49:54 INFO RequestHedgingRMFailoverProxyProvider: Looking for the active RM in [rm1, rm2]...
18/05/30 04:49:54 INFO RequestHedgingRMFailoverProxyProvider: Found active RM [rm1]
18/05/30 04:49:54 INFO Client: Requesting a new application from cluster with 4 NodeManagers
18/05/30 04:49:54 INFO Client: Verifying our application has not requested more than the maximum memory capability of the cluster (51200 MB per container)
18/05/30 04:49:54 INFO Client: Will allocate AM container, with 1408 MB memory including 384 MB overhead
18/05/30 04:49:54 INFO Client: Setting up container launch context for our AM
18/05/30 04:49:54 INFO Client: Setting up the launch environment for our AM container
18/05/30 04:49:54 INFO Client: Preparing resources for our AM container
18/05/30 04:49:56 INFO Client: Uploading resource file:/home/ninghai/.ivy2/jars/com.microsoft.ml.spark_mmlspark_2.11-0.12.jar -> wasb://sparkhai@sparkstores2.blob.core.windows.net/user/ninghai/.sparkStaging/application_1527512542584_0005/com.microsoft.ml.spark_mmlspark_2.11-0.12.jar
18/05/30 04:49:56 INFO Client: Uploading resource file:/home/ninghai/.ivy2/jars/com.microsoft_dprep_2.11-0.18.0.jar -> wasb://sparkhai@sparkstores2.blob.core.windows.net/user/ninghai/.sparkStaging/application_1527512542584_0005/com.microsoft_dprep_2.11-0.18.0.jar
18/05/30 04:49:57 INFO Client: Uploading resource file:/home/ninghai/.ivy2/jars/com.microsoft.sqlserver_mssql-jdbc-6.2.1.jre8.jar -> wasb://sparkhai@sparkstores2.blob.core.windows.net/user/ninghai/.sparkStaging/application_1527512542584_0005/com.microsoft.sqlserver_mssql-jdbc-6.2.1.jre8.jar
18/05/30 04:49:57 INFO Client: Uploading resource file:/home/ninghai/.ivy2/jars/io.spray_spray-json_2.11-1.3.2.jar -> wasb://sparkhai@sparkstores2.blob.core.windows.net/user/ninghai/.sparkStaging/application_1527512542584_0005/io.spray_spray-json_2.11-1.3.2.jar
18/05/30 04:49:57 INFO Client: Uploading resource file:/home/ninghai/.ivy2/jars/com.microsoft.cntk_cntk-2.4.jar -> wasb://sparkhai@sparkstores2.blob.core.windows.net/user/ninghai/.sparkStaging/application_1527512542584_0005/com.microsoft.cntk_cntk-2.4.jar
18/05/30 04:49:58 INFO Client: Uploading resource file:/home/ninghai/.ivy2/jars/org.openpnp_opencv-3.2.0-1.jar -> wasb://sparkhai@sparkstores2.blob.core.windows.net/user/ninghai/.sparkStaging/application_1527512542584_0005/org.openpnp_opencv-3.2.0-1.jar
18/05/30 04:49:59 INFO Client: Uploading resource file:/home/ninghai/.ivy2/jars/com.microsoft.ml.lightgbm_lightgbmlib-2.0.120.jar -> wasb://sparkhai@sparkstores2.blob.core.windows.net/user/ninghai/.sparkStaging/application_1527512542584_0005/com.microsoft.ml.lightgbm_lightgbmlib-2.0.120.jar
18/05/30 04:49:59 INFO Client: Uploading resource file:/home/ninghai/.ivy2/jars/com.microsoft.programSynthesis_tText-4.1.0-preview2018010901.jar -> wasb://sparkhai@sparkstores2.blob.core.windows.net/user/ninghai/.sparkStaging/application_1527512542584_0005/com.microsoft.programSynthesis_tText-4.1.0-preview2018010901.jar
18/05/30 04:50:00 INFO Client: Uploading resource file:/home/ninghai/.ivy2/jars/com.microsoft.programSynthesis_sText-4.1.0-preview2018010901.jar -> wasb://sparkhai@sparkstores2.blob.core.windows.net/user/ninghai/.sparkStaging/application_1527512542584_0005/com.microsoft.programSynthesis_sText-4.1.0-preview2018010901.jar
18/05/30 04:50:00 INFO Client: Uploading resource file:/home/ninghai/.ivy2/jars/com.microsoft.programSynthesis_dsl-4.1.0-preview2018010901.jar -> wasb://sparkhai@sparkstores2.blob.core.windows.net/user/ninghai/.sparkStaging/application_1527512542584_0005/com.microsoft.programSynthesis_dsl-4.1.0-preview2018010901.jar
18/05/30 04:50:00 INFO Client: Uploading resource file:/tmp/azureml_runs/e2e-05_1527655772643/azureml-setup/context_manager_injector.py -> wasb://sparkhai@sparkstores2.blob.core.windows.net/user/ninghai/.sparkStaging/application_1527512542584_0005/context_manager_injector.py
18/05/30 04:50:00 INFO Client: Uploading resource file:/tmp/azureml_runs/e2e-05_1527655772643/azureml-setup/context_managers.py -> wasb://sparkhai@sparkstores2.blob.core.windows.net/user/ninghai/.sparkStaging/application_1527512542584_0005/context_managers.py
18/05/30 04:50:00 INFO Client: Uploading resource file:/tmp/azureml_runs/e2e-05_1527655772643/azureml-setup/hdi_context_manager.py -> wasb://sparkhai@sparkstores2.blob.core.windows.net/user/ninghai/.sparkStaging/application_1527512542584_0005/hdi_context_manager.py
18/05/30 04:50:00 INFO Client: Uploading resource file:/home/ninghai/.azureml/envs/azureml_40b348c4d7381beefb01312cdebdaa0b.zip -> wasb://sparkhai@sparkstores2.blob.core.windows.net/user/ninghai/.sparkStaging/application_1527512542584_0005/azureml_40b348c4d7381beefb01312cdebdaa0b.zip
18/05/30 04:50:05 INFO Client: Uploading resource file:/tmp/azureml_runs/e2e-05_1527655772643/code.zip -> wasb://sparkhai@sparkstores2.blob.core.windows.net/user/ninghai/.sparkStaging/application_1527512542584_0005/code.zip
18/05/30 04:50:05 WARN Client: Same name resource file:/tmp/azureml_runs/e2e-05_1527655772643/azureml-setup/context_manager_injector.py added multiple times to distributed cache
18/05/30 04:50:05 INFO Client: Uploading resource file:/usr/hdp/current/spark2-client/python/lib/pyspark.zip -> wasb://sparkhai@sparkstores2.blob.core.windows.net/user/ninghai/.sparkStaging/application_1527512542584_0005/pyspark.zip
18/05/30 04:50:05 INFO Client: Uploading resource file:/usr/hdp/current/spark2-client/python/lib/py4j-0.10.4-src.zip -> wasb://sparkhai@sparkstores2.blob.core.windows.net/user/ninghai/.sparkStaging/application_1527512542584_0005/py4j-0.10.4-src.zip
18/05/30 04:50:05 WARN Client: Same path resource file:/home/ninghai/.ivy2/jars/com.microsoft.ml.spark_mmlspark_2.11-0.12.jar added multiple times to distributed cache.
18/05/30 04:50:05 WARN Client: Same path resource file:/home/ninghai/.ivy2/jars/com.microsoft_dprep_2.11-0.18.0.jar added multiple times to distributed cache.
18/05/30 04:50:05 WARN Client: Same path resource file:/home/ninghai/.ivy2/jars/com.microsoft.sqlserver_mssql-jdbc-6.2.1.jre8.jar added multiple times to distributed cache.
18/05/30 04:50:05 WARN Client: Same path resource file:/home/ninghai/.ivy2/jars/io.spray_spray-json_2.11-1.3.2.jar added multiple times to distributed cache.
18/05/30 04:50:05 WARN Client: Same path resource file:/home/ninghai/.ivy2/jars/com.microsoft.cntk_cntk-2.4.jar added multiple times to distributed cache.
18/05/30 04:50:05 WARN Client: Same path resource file:/home/ninghai/.ivy2/jars/org.openpnp_opencv-3.2.0-1.jar added multiple times to distributed cache.
18/05/30 04:50:05 WARN Client: Same path resource file:/home/ninghai/.ivy2/jars/com.microsoft.ml.lightgbm_lightgbmlib-2.0.120.jar added multiple times to distributed cache.
18/05/30 04:50:05 WARN Client: Same path resource file:/home/ninghai/.ivy2/jars/com.microsoft.programSynthesis_tText-4.1.0-preview2018010901.jar added multiple times to distributed cache.
18/05/30 04:50:05 WARN Client: Same path resource file:/home/ninghai/.ivy2/jars/com.microsoft.programSynthesis_sText-4.1.0-preview2018010901.jar added multiple times to distributed cache.
18/05/30 04:50:05 WARN Client: Same path resource file:/home/ninghai/.ivy2/jars/com.microsoft.programSynthesis_dsl-4.1.0-preview2018010901.jar added multiple times to distributed cache.
18/05/30 04:50:05 INFO Client: Uploading resource file:/tmp/spark-dee617dc-ce2a-4991-a9c9-bfab8eb27197/__spark_conf__6018718816257096412.zip -> wasb://sparkhai@sparkstores2.blob.core.windows.net/user/ninghai/.sparkStaging/application_1527512542584_0005/__spark_conf__.zip
18/05/30 04:50:05 INFO SecurityManager: Changing view acls to: ninghai
18/05/30 04:50:05 INFO SecurityManager: Changing modify acls to: ninghai
18/05/30 04:50:05 INFO SecurityManager: Changing view acls groups to: 
18/05/30 04:50:05 INFO SecurityManager: Changing modify acls groups to: 
18/05/30 04:50:05 INFO SecurityManager: SecurityManager: authentication disabled; ui acls disabled; users  with view permissions: Set(ninghai); groups with view permissions: Set(); users  with modify permissions: Set(ninghai); groups with modify permissions: Set()
18/05/30 04:50:05 INFO Client: Submitting application application_1527512542584_0005 to ResourceManager
18/05/30 04:50:06 INFO YarnClientImpl: Submitted application application_1527512542584_0005
18/05/30 04:50:07 INFO Client: Application report for application_1527512542584_0005 (state: ACCEPTED)
18/05/30 04:50:07 INFO Client: 
	 client token: N/A
	 diagnostics: AM container is launched, waiting for AM container to Register with RM
	 ApplicationMaster host: N/A
	 ApplicationMaster RPC port: -1
	 queue: default
	 start time: 1527655805950
	 final status: UNDEFINED
	 tracking URL: http://hn0-sparkh.01gbvfzxeqquvorlqntixlipbb.jx.internal.cloudapp.net:8088/proxy/application_1527512542584_0005/
	 user: ninghai
18/05/30 04:50:08 INFO Client: Application report for application_1527512542584_0005 (state: ACCEPTED)
18/05/30 04:50:09 INFO Client: Application report for application_1527512542584_0005 (state: ACCEPTED)
18/05/30 04:50:10 INFO Client: Application report for application_1527512542584_0005 (state: ACCEPTED)
18/05/30 04:50:11 INFO Client: Application report for application_1527512542584_0005 (state: ACCEPTED)
18/05/30 04:50:12 INFO Client: Application report for application_1527512542584_0005 (state: ACCEPTED)
18/05/30 04:50:13 INFO Client: Application report for application_1527512542584_0005 (state: ACCEPTED)
18/05/30 04:50:14 INFO Client: Application report for application_1527512542584_0005 (state: ACCEPTED)
18/05/30 04:50:15 INFO Client: Application report for application_1527512542584_0005 (state: ACCEPTED)
18/05/30 04:50:16 INFO Client: Application report for application_1527512542584_0005 (state: ACCEPTED)
18/05/30 04:50:17 INFO Client: Application report for application_1527512542584_0005 (state: ACCEPTED)
18/05/30 04:50:18 INFO Client: Application report for application_1527512542584_0005 (state: ACCEPTED)
18/05/30 04:50:19 INFO Client: Application report for application_1527512542584_0005 (state: ACCEPTED)
18/05/30 04:50:20 INFO Client: Application report for application_1527512542584_0005 (state: ACCEPTED)
18/05/30 04:50:21 INFO Client: Application report for application_1527512542584_0005 (state: ACCEPTED)
18/05/30 04:50:22 INFO Client: Application report for application_1527512542584_0005 (state: ACCEPTED)
18/05/30 04:50:23 INFO Client: Application report for application_1527512542584_0005 (state: ACCEPTED)
18/05/30 04:50:24 INFO Client: Application report for application_1527512542584_0005 (state: ACCEPTED)
18/05/30 04:50:25 INFO Client: Application report for application_1527512542584_0005 (state: ACCEPTED)
18/05/30 04:50:26 INFO Client: Application report for application_1527512542584_0005 (state: ACCEPTED)
18/05/30 04:50:27 INFO Client: Application report for application_1527512542584_0005 (state: ACCEPTED)
18/05/30 04:50:28 INFO Client: Application report for application_1527512542584_0005 (state: ACCEPTED)
18/05/30 04:50:29 INFO Client: Application report for application_1527512542584_0005 (state: ACCEPTED)
18/05/30 04:50:30 INFO Client: Application report for application_1527512542584_0005 (state: ACCEPTED)
18/05/30 04:50:31 INFO Client: Application report for application_1527512542584_0005 (state: ACCEPTED)
18/05/30 04:50:32 INFO Client: Application report for application_1527512542584_0005 (state: ACCEPTED)
18/05/30 04:50:33 INFO Client: Application report for application_1527512542584_0005 (state: ACCEPTED)
18/05/30 04:50:34 INFO Client: Application report for application_1527512542584_0005 (state: ACCEPTED)
18/05/30 04:50:35 INFO Client: Application report for application_1527512542584_0005 (state: ACCEPTED)
18/05/30 04:50:36 INFO Client: Application report for application_1527512542584_0005 (state: ACCEPTED)
18/05/30 04:50:37 INFO Client: Application report for application_1527512542584_0005 (state: ACCEPTED)
18/05/30 04:50:38 INFO Client: Application report for application_1527512542584_0005 (state: ACCEPTED)
18/05/30 04:50:39 INFO Client: Application report for application_1527512542584_0005 (state: ACCEPTED)
18/05/30 04:50:40 INFO Client: Application report for application_1527512542584_0005 (state: ACCEPTED)
18/05/30 04:50:41 INFO Client: Application report for application_1527512542584_0005 (state: ACCEPTED)
18/05/30 04:50:42 INFO Client: Application report for application_1527512542584_0005 (state: ACCEPTED)
18/05/30 04:50:43 INFO Client: Application report for application_1527512542584_0005 (state: ACCEPTED)
18/05/30 04:50:44 INFO Client: Application report for application_1527512542584_0005 (state: ACCEPTED)
18/05/30 04:50:45 INFO Client: Application report for application_1527512542584_0005 (state: ACCEPTED)
18/05/30 04:50:46 INFO Client: Application report for application_1527512542584_0005 (state: ACCEPTED)
18/05/30 04:50:47 INFO Client: Application report for application_1527512542584_0005 (state: ACCEPTED)
18/05/30 04:50:48 INFO Client: Application report for application_1527512542584_0005 (state: ACCEPTED)
18/05/30 04:50:49 INFO Client: Application report for application_1527512542584_0005 (state: ACCEPTED)
18/05/30 04:50:50 INFO Client: Application report for application_1527512542584_0005 (state: ACCEPTED)
18/05/30 04:50:51 INFO Client: Application report for application_1527512542584_0005 (state: ACCEPTED)
18/05/30 04:50:52 INFO Client: Application report for application_1527512542584_0005 (state: ACCEPTED)
18/05/30 04:50:53 INFO Client: Application report for application_1527512542584_0005 (state: ACCEPTED)
18/05/30 04:50:54 INFO Client: Application report for application_1527512542584_0005 (state: ACCEPTED)
18/05/30 04:50:55 INFO Client: Application report for application_1527512542584_0005 (state: ACCEPTED)
18/05/30 04:50:56 INFO Client: Application report for application_1527512542584_0005 (state: ACCEPTED)
18/05/30 04:50:57 INFO Client: Application report for application_1527512542584_0005 (state: ACCEPTED)
18/05/30 04:50:58 INFO Client: Application report for application_1527512542584_0005 (state: ACCEPTED)
18/05/30 04:50:59 INFO Client: Application report for application_1527512542584_0005 (state: ACCEPTED)
18/05/30 04:51:00 INFO Client: Application report for application_1527512542584_0005 (state: ACCEPTED)
18/05/30 04:51:01 INFO Client: Application report for application_1527512542584_0005 (state: ACCEPTED)
18/05/30 04:51:02 INFO Client: Application report for application_1527512542584_0005 (state: ACCEPTED)
18/05/30 04:51:03 INFO Client: Application report for application_1527512542584_0005 (state: ACCEPTED)
18/05/30 04:51:04 INFO Client: Application report for application_1527512542584_0005 (state: RUNNING)
18/05/30 04:51:04 INFO Client: 
	 client token: N/A
	 diagnostics: N/A
	 ApplicationMaster host: 10.0.0.13
	 ApplicationMaster RPC port: 0
	 queue: default
	 start time: 1527655805950
	 final status: UNDEFINED
	 tracking URL: http://hn0-sparkh.01gbvfzxeqquvorlqntixlipbb.jx.internal.cloudapp.net:8088/proxy/application_1527512542584_0005/
	 user: ninghai
18/05/30 04:51:05 INFO Client: Application report for application_1527512542584_0005 (state: RUNNING)
18/05/30 04:51:06 INFO Client: Application report for application_1527512542584_0005 (state: RUNNING)
18/05/30 04:51:07 INFO Client: Application report for application_1527512542584_0005 (state: RUNNING)
18/05/30 04:51:08 INFO Client: Application report for application_1527512542584_0005 (state: RUNNING)
18/05/30 04:51:09 INFO Client: Application report for application_1527512542584_0005 (state: RUNNING)
18/05/30 04:51:10 INFO Client: Application report for application_1527512542584_0005 (state: RUNNING)
18/05/30 04:51:11 INFO Client: Application report for application_1527512542584_0005 (state: RUNNING)
18/05/30 04:51:12 INFO Client: Application report for application_1527512542584_0005 (state: RUNNING)
18/05/30 04:51:13 INFO Client: Application report for application_1527512542584_0005 (state: RUNNING)
18/05/30 04:51:14 INFO Client: Application report for application_1527512542584_0005 (state: RUNNING)
18/05/30 04:51:15 INFO Client: Application report for application_1527512542584_0005 (state: RUNNING)
18/05/30 04:51:16 INFO Client: Application report for application_1527512542584_0005 (state: RUNNING)
18/05/30 04:51:17 INFO Client: Application report for application_1527512542584_0005 (state: RUNNING)
18/05/30 04:51:18 INFO Client: Application report for application_1527512542584_0005 (state: RUNNING)
18/05/30 04:51:19 INFO Client: Application report for application_1527512542584_0005 (state: RUNNING)
18/05/30 04:51:20 INFO Client: Application report for application_1527512542584_0005 (state: RUNNING)
18/05/30 04:51:21 INFO Client: Application report for application_1527512542584_0005 (state: RUNNING)
18/05/30 04:51:22 INFO Client: Application report for application_1527512542584_0005 (state: RUNNING)
18/05/30 04:51:23 INFO Client: Application report for application_1527512542584_0005 (state: RUNNING)
18/05/30 04:51:24 INFO Client: Application report for application_1527512542584_0005 (state: RUNNING)
18/05/30 04:51:25 INFO Client: Application report for application_1527512542584_0005 (state: RUNNING)
18/05/30 04:51:26 INFO Client: Application report for application_1527512542584_0005 (state: RUNNING)
18/05/30 04:51:27 INFO Client: Application report for application_1527512542584_0005 (state: RUNNING)
18/05/30 04:51:28 INFO Client: Application report for application_1527512542584_0005 (state: RUNNING)
18/05/30 04:51:29 INFO Client: Application report for application_1527512542584_0005 (state: RUNNING)
18/05/30 04:51:30 INFO Client: Application report for application_1527512542584_0005 (state: RUNNING)
18/05/30 04:51:31 INFO Client: Application report for application_1527512542584_0005 (state: RUNNING)
18/05/30 04:51:32 INFO Client: Application report for application_1527512542584_0005 (state: RUNNING)
18/05/30 04:51:33 INFO Client: Application report for application_1527512542584_0005 (state: RUNNING)
18/05/30 04:51:34 INFO Client: Application report for application_1527512542584_0005 (state: RUNNING)
18/05/30 04:51:35 INFO Client: Application report for application_1527512542584_0005 (state: RUNNING)
18/05/30 04:51:36 INFO Client: Application report for application_1527512542584_0005 (state: RUNNING)
18/05/30 04:51:37 INFO Client: Application report for application_1527512542584_0005 (state: RUNNING)
18/05/30 04:51:38 INFO Client: Application report for application_1527512542584_0005 (state: RUNNING)
18/05/30 04:51:39 INFO Client: Application report for application_1527512542584_0005 (state: RUNNING)
18/05/30 04:51:40 INFO Client: Application report for application_1527512542584_0005 (state: RUNNING)
18/05/30 04:51:41 INFO Client: Application report for application_1527512542584_0005 (state: RUNNING)
18/05/30 04:51:42 INFO Client: Application report for application_1527512542584_0005 (state: RUNNING)
18/05/30 04:51:43 INFO Client: Application report for application_1527512542584_0005 (state: RUNNING)
18/05/30 04:51:44 INFO Client: Application report for application_1527512542584_0005 (state: RUNNING)
18/05/30 04:51:45 INFO Client: Application report for application_1527512542584_0005 (state: RUNNING)
18/05/30 04:51:46 INFO Client: Application report for application_1527512542584_0005 (state: RUNNING)
18/05/30 04:51:47 INFO Client: Application report for application_1527512542584_0005 (state: RUNNING)
18/05/30 04:51:48 INFO Client: Application report for application_1527512542584_0005 (state: RUNNING)
18/05/30 04:51:49 INFO Client: Application report for application_1527512542584_0005 (state: RUNNING)
18/05/30 04:51:50 INFO Client: Application report for application_1527512542584_0005 (state: RUNNING)
18/05/30 04:51:51 INFO Client: Application report for application_1527512542584_0005 (state: RUNNING)
18/05/30 04:51:52 INFO Client: Application report for application_1527512542584_0005 (state: RUNNING)
18/05/30 04:51:53 INFO Client: Application report for application_1527512542584_0005 (state: RUNNING)
18/05/30 04:51:54 INFO Client: Application report for application_1527512542584_0005 (state: RUNNING)
18/05/30 04:51:55 INFO Client: Application report for application_1527512542584_0005 (state: RUNNING)
18/05/30 04:51:56 INFO Client: Application report for application_1527512542584_0005 (state: RUNNING)
18/05/30 04:51:57 INFO Client: Application report for application_1527512542584_0005 (state: RUNNING)
18/05/30 04:51:58 INFO Client: Application report for application_1527512542584_0005 (state: RUNNING)
18/05/30 04:51:59 INFO Client: Application report for application_1527512542584_0005 (state: RUNNING)
18/05/30 04:52:00 INFO Client: Application report for application_1527512542584_0005 (state: RUNNING)
18/05/30 04:52:01 INFO Client: Application report for application_1527512542584_0005 (state: RUNNING)
18/05/30 04:52:02 INFO Client: Application report for application_1527512542584_0005 (state: RUNNING)
18/05/30 04:52:03 INFO Client: Application report for application_1527512542584_0005 (state: RUNNING)
18/05/30 04:52:04 INFO Client: Application report for application_1527512542584_0005 (state: RUNNING)
18/05/30 04:52:05 INFO Client: Application report for application_1527512542584_0005 (state: RUNNING)
18/05/30 04:52:06 INFO Client: Application report for application_1527512542584_0005 (state: RUNNING)
18/05/30 04:52:07 INFO Client: Application report for application_1527512542584_0005 (state: RUNNING)
18/05/30 04:52:08 INFO Client: Application report for application_1527512542584_0005 (state: RUNNING)
18/05/30 04:52:09 INFO Client: Application report for application_1527512542584_0005 (state: RUNNING)
18/05/30 04:52:10 INFO Client: Application report for application_1527512542584_0005 (state: RUNNING)
18/05/30 04:52:11 INFO Client: Application report for application_1527512542584_0005 (state: RUNNING)
18/05/30 04:52:12 INFO Client: Application report for application_1527512542584_0005 (state: RUNNING)
18/05/30 04:52:13 INFO Client: Application report for application_1527512542584_0005 (state: RUNNING)
18/05/30 04:52:14 INFO Client: Application report for application_1527512542584_0005 (state: RUNNING)
18/05/30 04:52:15 INFO Client: Application report for application_1527512542584_0005 (state: RUNNING)
18/05/30 04:52:16 INFO Client: Application report for application_1527512542584_0005 (state: RUNNING)
18/05/30 04:52:17 INFO Client: Application report for application_1527512542584_0005 (state: RUNNING)
18/05/30 04:52:18 INFO Client: Application report for application_1527512542584_0005 (state: ACCEPTED)
18/05/30 04:52:18 INFO Client: 
	 client token: N/A
	 diagnostics: AM container is launched, waiting for AM container to Register with RM
	 ApplicationMaster host: N/A
	 ApplicationMaster RPC port: -1
	 queue: default
	 start time: 1527655805950
	 final status: UNDEFINED
	 tracking URL: http://hn0-sparkh.01gbvfzxeqquvorlqntixlipbb.jx.internal.cloudapp.net:8088/proxy/application_1527512542584_0005/
	 user: ninghai
18/05/30 04:52:19 INFO Client: Application report for application_1527512542584_0005 (state: ACCEPTED)
18/05/30 04:52:20 INFO Client: Application report for application_1527512542584_0005 (state: ACCEPTED)
18/05/30 04:52:21 INFO Client: Application report for application_1527512542584_0005 (state: ACCEPTED)
18/05/30 04:52:22 INFO Client: Application report for application_1527512542584_0005 (state: ACCEPTED)
18/05/30 04:52:23 INFO Client: Application report for application_1527512542584_0005 (state: ACCEPTED)
18/05/30 04:52:24 INFO Client: Application report for application_1527512542584_0005 (state: ACCEPTED)
18/05/30 04:52:25 INFO Client: Application report for application_1527512542584_0005 (state: ACCEPTED)
18/05/30 04:52:26 INFO Client: Application report for application_1527512542584_0005 (state: RUNNING)
18/05/30 04:52:26 INFO Client: 
	 client token: N/A
	 diagnostics: N/A
	 ApplicationMaster host: 10.0.0.13
	 ApplicationMaster RPC port: 0
	 queue: default
	 start time: 1527655805950
	 final status: UNDEFINED
	 tracking URL: http://hn0-sparkh.01gbvfzxeqquvorlqntixlipbb.jx.internal.cloudapp.net:8088/proxy/application_1527512542584_0005/
	 user: ninghai
18/05/30 04:52:27 INFO Client: Application report for application_1527512542584_0005 (state: RUNNING)
18/05/30 04:52:28 INFO Client: Application report for application_1527512542584_0005 (state: RUNNING)
18/05/30 04:52:29 INFO Client: Application report for application_1527512542584_0005 (state: RUNNING)
18/05/30 04:52:30 INFO Client: Application report for application_1527512542584_0005 (state: RUNNING)
18/05/30 04:52:31 INFO Client: Application report for application_1527512542584_0005 (state: RUNNING)
18/05/30 04:52:32 INFO Client: Application report for application_1527512542584_0005 (state: RUNNING)
18/05/30 04:52:33 INFO Client: Application report for application_1527512542584_0005 (state: RUNNING)
18/05/30 04:52:34 INFO Client: Application report for application_1527512542584_0005 (state: RUNNING)
18/05/30 04:52:35 INFO Client: Application report for application_1527512542584_0005 (state: RUNNING)
18/05/30 04:52:36 INFO Client: Application report for application_1527512542584_0005 (state: RUNNING)
18/05/30 04:52:37 INFO Client: Application report for application_1527512542584_0005 (state: RUNNING)
18/05/30 04:52:38 INFO Client: Application report for application_1527512542584_0005 (state: RUNNING)
18/05/30 04:52:39 INFO Client: Application report for application_1527512542584_0005 (state: RUNNING)
18/05/30 04:52:40 INFO Client: Application report for application_1527512542584_0005 (state: RUNNING)
18/05/30 04:52:41 INFO Client: Application report for application_1527512542584_0005 (state: RUNNING)
18/05/30 04:52:42 INFO Client: Application report for application_1527512542584_0005 (state: RUNNING)
18/05/30 04:52:43 INFO Client: Application report for application_1527512542584_0005 (state: RUNNING)
18/05/30 04:52:44 INFO Client: Application report for application_1527512542584_0005 (state: RUNNING)
18/05/30 04:52:45 INFO Client: Application report for application_1527512542584_0005 (state: RUNNING)
18/05/30 04:52:46 INFO Client: Application report for application_1527512542584_0005 (state: RUNNING)
18/05/30 04:52:47 INFO Client: Application report for application_1527512542584_0005 (state: RUNNING)
18/05/30 04:52:48 INFO Client: Application report for application_1527512542584_0005 (state: RUNNING)
18/05/30 04:52:49 INFO Client: Application report for application_1527512542584_0005 (state: RUNNING)
18/05/30 04:52:50 INFO Client: Application report for application_1527512542584_0005 (state: RUNNING)
18/05/30 04:52:51 INFO Client: Application report for application_1527512542584_0005 (state: RUNNING)
18/05/30 04:52:52 INFO Client: Application report for application_1527512542584_0005 (state: RUNNING)
18/05/30 04:52:53 INFO Client: Application report for application_1527512542584_0005 (state: RUNNING)
18/05/30 04:52:54 INFO Client: Application report for application_1527512542584_0005 (state: RUNNING)
18/05/30 04:52:55 INFO Client: Application report for application_1527512542584_0005 (state: RUNNING)
18/05/30 04:52:56 INFO Client: Application report for application_1527512542584_0005 (state: RUNNING)
18/05/30 04:52:57 INFO Client: Application report for application_1527512542584_0005 (state: RUNNING)
18/05/30 04:52:58 INFO Client: Application report for application_1527512542584_0005 (state: RUNNING)
18/05/30 04:52:59 INFO Client: Application report for application_1527512542584_0005 (state: RUNNING)
18/05/30 04:53:00 INFO Client: Application report for application_1527512542584_0005 (state: RUNNING)
18/05/30 04:53:01 INFO Client: Application report for application_1527512542584_0005 (state: RUNNING)
18/05/30 04:53:02 INFO Client: Application report for application_1527512542584_0005 (state: RUNNING)
18/05/30 04:53:03 INFO Client: Application report for application_1527512542584_0005 (state: RUNNING)
18/05/30 04:53:04 INFO Client: Application report for application_1527512542584_0005 (state: RUNNING)
18/05/30 04:53:05 INFO Client: Application report for application_1527512542584_0005 (state: RUNNING)
18/05/30 04:53:06 INFO Client: Application report for application_1527512542584_0005 (state: RUNNING)
18/05/30 04:53:07 INFO Client: Application report for application_1527512542584_0005 (state: RUNNING)
18/05/30 04:53:08 INFO Client: Application report for application_1527512542584_0005 (state: RUNNING)
18/05/30 04:53:09 INFO Client: Application report for application_1527512542584_0005 (state: RUNNING)
18/05/30 04:53:10 INFO Client: Application report for application_1527512542584_0005 (state: RUNNING)
18/05/30 04:53:11 INFO Client: Application report for application_1527512542584_0005 (state: RUNNING)
18/05/30 04:53:12 INFO Client: Application report for application_1527512542584_0005 (state: ACCEPTED)
18/05/30 04:53:12 INFO Client: 
	 client token: N/A
	 diagnostics: [Wed May 30 04:53:12 +0000 2018] Scheduler has assigned a container for AM, waiting for AM container to be launched
	 ApplicationMaster host: N/A
	 ApplicationMaster RPC port: -1
	 queue: default
	 start time: 1527655805950
	 final status: UNDEFINED
	 tracking URL: http://hn0-sparkh.01gbvfzxeqquvorlqntixlipbb.jx.internal.cloudapp.net:8088/proxy/application_1527512542584_0005/
	 user: ninghai
18/05/30 04:53:13 INFO Client: Application report for application_1527512542584_0005 (state: ACCEPTED)
18/05/30 04:53:14 INFO Client: Application report for application_1527512542584_0005 (state: ACCEPTED)
18/05/30 04:53:15 INFO Client: Application report for application_1527512542584_0005 (state: ACCEPTED)
18/05/30 04:53:16 INFO Client: Application report for application_1527512542584_0005 (state: ACCEPTED)
18/05/30 04:53:17 INFO Client: Application report for application_1527512542584_0005 (state: ACCEPTED)
18/05/30 04:53:18 INFO Client: Application report for application_1527512542584_0005 (state: ACCEPTED)
18/05/30 04:53:19 INFO Client: Application report for application_1527512542584_0005 (state: ACCEPTED)
18/05/30 04:53:20 INFO Client: Application report for application_1527512542584_0005 (state: ACCEPTED)
18/05/30 04:53:21 INFO Client: Application report for application_1527512542584_0005 (state: RUNNING)
18/05/30 04:53:21 INFO Client: 
	 client token: N/A
	 diagnostics: N/A
	 ApplicationMaster host: 10.0.0.15
	 ApplicationMaster RPC port: 0
	 queue: default
	 start time: 1527655805950
	 final status: UNDEFINED
	 tracking URL: http://hn0-sparkh.01gbvfzxeqquvorlqntixlipbb.jx.internal.cloudapp.net:8088/proxy/application_1527512542584_0005/
	 user: ninghai
18/05/30 04:53:22 INFO Client: Application report for application_1527512542584_0005 (state: RUNNING)
18/05/30 04:53:23 INFO Client: Application report for application_1527512542584_0005 (state: RUNNING)
18/05/30 04:53:24 INFO Client: Application report for application_1527512542584_0005 (state: RUNNING)
18/05/30 04:53:25 INFO Client: Application report for application_1527512542584_0005 (state: RUNNING)
18/05/30 04:53:26 INFO Client: Application report for application_1527512542584_0005 (state: RUNNING)
18/05/30 04:53:27 INFO Client: Application report for application_1527512542584_0005 (state: RUNNING)
18/05/30 04:53:28 INFO Client: Application report for application_1527512542584_0005 (state: RUNNING)
18/05/30 04:53:29 INFO Client: Application report for application_1527512542584_0005 (state: RUNNING)
18/05/30 04:53:30 INFO Client: Application report for application_1527512542584_0005 (state: RUNNING)
18/05/30 04:53:31 INFO Client: Application report for application_1527512542584_0005 (state: RUNNING)
18/05/30 04:53:32 INFO Client: Application report for application_1527512542584_0005 (state: RUNNING)
18/05/30 04:53:33 INFO Client: Application report for application_1527512542584_0005 (state: RUNNING)
18/05/30 04:53:34 INFO Client: Application report for application_1527512542584_0005 (state: RUNNING)
18/05/30 04:53:35 INFO Client: Application report for application_1527512542584_0005 (state: RUNNING)
18/05/30 04:53:36 INFO Client: Application report for application_1527512542584_0005 (state: RUNNING)
18/05/30 04:53:37 INFO Client: Application report for application_1527512542584_0005 (state: RUNNING)
18/05/30 04:53:38 INFO Client: Application report for application_1527512542584_0005 (state: RUNNING)
18/05/30 04:53:39 INFO Client: Application report for application_1527512542584_0005 (state: RUNNING)
18/05/30 04:53:40 INFO Client: Application report for application_1527512542584_0005 (state: RUNNING)
18/05/30 04:53:41 INFO Client: Application report for application_1527512542584_0005 (state: RUNNING)
18/05/30 04:53:42 INFO Client: Application report for application_1527512542584_0005 (state: RUNNING)
18/05/30 04:53:43 INFO Client: Application report for application_1527512542584_0005 (state: RUNNING)
18/05/30 04:53:44 INFO Client: Application report for application_1527512542584_0005 (state: RUNNING)
18/05/30 04:53:45 INFO Client: Application report for application_1527512542584_0005 (state: RUNNING)
18/05/30 04:53:46 INFO Client: Application report for application_1527512542584_0005 (state: RUNNING)
18/05/30 04:53:47 INFO Client: Application report for application_1527512542584_0005 (state: RUNNING)
18/05/30 04:53:48 INFO Client: Application report for application_1527512542584_0005 (state: RUNNING)
18/05/30 04:53:49 INFO Client: Application report for application_1527512542584_0005 (state: RUNNING)
18/05/30 04:53:50 INFO Client: Application report for application_1527512542584_0005 (state: RUNNING)
18/05/30 04:53:51 INFO Client: Application report for application_1527512542584_0005 (state: RUNNING)
18/05/30 04:53:52 INFO Client: Application report for application_1527512542584_0005 (state: RUNNING)
18/05/30 04:53:53 INFO Client: Application report for application_1527512542584_0005 (state: RUNNING)
18/05/30 04:53:54 INFO Client: Application report for application_1527512542584_0005 (state: RUNNING)
18/05/30 04:53:55 INFO Client: Application report for application_1527512542584_0005 (state: RUNNING)
18/05/30 04:53:56 INFO Client: Application report for application_1527512542584_0005 (state: RUNNING)
18/05/30 04:53:57 INFO Client: Application report for application_1527512542584_0005 (state: RUNNING)
18/05/30 04:53:58 INFO Client: Application report for application_1527512542584_0005 (state: RUNNING)
18/05/30 04:53:59 INFO Client: Application report for application_1527512542584_0005 (state: RUNNING)
18/05/30 04:54:00 INFO Client: Application report for application_1527512542584_0005 (state: RUNNING)
18/05/30 04:54:01 INFO Client: Application report for application_1527512542584_0005 (state: RUNNING)
18/05/30 04:54:02 INFO Client: Application report for application_1527512542584_0005 (state: RUNNING)
18/05/30 04:54:03 INFO Client: Application report for application_1527512542584_0005 (state: RUNNING)
18/05/30 04:54:04 INFO Client: Application report for application_1527512542584_0005 (state: RUNNING)
18/05/30 04:54:05 INFO Client: Application report for application_1527512542584_0005 (state: RUNNING)
18/05/30 04:54:06 INFO Client: Application report for application_1527512542584_0005 (state: RUNNING)
18/05/30 04:54:07 INFO Client: Application report for application_1527512542584_0005 (state: RUNNING)
18/05/30 04:54:08 INFO Client: Application report for application_1527512542584_0005 (state: ACCEPTED)
18/05/30 04:54:08 INFO Client: 
	 client token: N/A
	 diagnostics: AM container is launched, waiting for AM container to Register with RM
	 ApplicationMaster host: N/A
	 ApplicationMaster RPC port: -1
	 queue: default
	 start time: 1527655805950
	 final status: UNDEFINED
	 tracking URL: http://hn0-sparkh.01gbvfzxeqquvorlqntixlipbb.jx.internal.cloudapp.net:8088/proxy/application_1527512542584_0005/
	 user: ninghai
18/05/30 04:54:09 INFO Client: Application report for application_1527512542584_0005 (state: ACCEPTED)
18/05/30 04:54:10 INFO Client: Application report for application_1527512542584_0005 (state: ACCEPTED)
18/05/30 04:54:11 INFO Client: Application report for application_1527512542584_0005 (state: ACCEPTED)
18/05/30 04:54:12 INFO Client: Application report for application_1527512542584_0005 (state: ACCEPTED)
18/05/30 04:54:13 INFO Client: Application report for application_1527512542584_0005 (state: ACCEPTED)
18/05/30 04:54:14 INFO Client: Application report for application_1527512542584_0005 (state: ACCEPTED)
18/05/30 04:54:15 INFO Client: Application report for application_1527512542584_0005 (state: ACCEPTED)
18/05/30 04:54:16 INFO Client: Application report for application_1527512542584_0005 (state: ACCEPTED)
18/05/30 04:54:17 INFO Client: Application report for application_1527512542584_0005 (state: RUNNING)
18/05/30 04:54:17 INFO Client: 
	 client token: N/A
	 diagnostics: N/A
	 ApplicationMaster host: 10.0.0.13
	 ApplicationMaster RPC port: 0
	 queue: default
	 start time: 1527655805950
	 final status: UNDEFINED
	 tracking URL: http://hn0-sparkh.01gbvfzxeqquvorlqntixlipbb.jx.internal.cloudapp.net:8088/proxy/application_1527512542584_0005/
	 user: ninghai
18/05/30 04:54:18 INFO Client: Application report for application_1527512542584_0005 (state: RUNNING)
18/05/30 04:54:19 INFO Client: Application report for application_1527512542584_0005 (state: RUNNING)
18/05/30 04:54:20 INFO Client: Application report for application_1527512542584_0005 (state: RUNNING)
18/05/30 04:54:21 INFO Client: Application report for application_1527512542584_0005 (state: RUNNING)
18/05/30 04:54:22 INFO Client: Application report for application_1527512542584_0005 (state: RUNNING)
18/05/30 04:54:23 INFO Client: Application report for application_1527512542584_0005 (state: RUNNING)
18/05/30 04:54:24 INFO Client: Application report for application_1527512542584_0005 (state: RUNNING)
18/05/30 04:54:25 INFO Client: Application report for application_1527512542584_0005 (state: RUNNING)
18/05/30 04:54:26 INFO Client: Application report for application_1527512542584_0005 (state: RUNNING)
18/05/30 04:54:27 INFO Client: Application report for application_1527512542584_0005 (state: RUNNING)
18/05/30 04:54:28 INFO Client: Application report for application_1527512542584_0005 (state: RUNNING)
18/05/30 04:54:29 INFO Client: Application report for application_1527512542584_0005 (state: RUNNING)
18/05/30 04:54:30 INFO Client: Application report for application_1527512542584_0005 (state: RUNNING)
18/05/30 04:54:31 INFO Client: Application report for application_1527512542584_0005 (state: RUNNING)
18/05/30 04:54:32 INFO Client: Application report for application_1527512542584_0005 (state: RUNNING)
18/05/30 04:54:33 INFO Client: Application report for application_1527512542584_0005 (state: RUNNING)
18/05/30 04:54:34 INFO Client: Application report for application_1527512542584_0005 (state: RUNNING)
18/05/30 04:54:35 INFO Client: Application report for application_1527512542584_0005 (state: RUNNING)
18/05/30 04:54:36 INFO Client: Application report for application_1527512542584_0005 (state: RUNNING)
18/05/30 04:54:37 INFO Client: Application report for application_1527512542584_0005 (state: RUNNING)
18/05/30 04:54:38 INFO Client: Application report for application_1527512542584_0005 (state: RUNNING)
18/05/30 04:54:39 INFO Client: Application report for application_1527512542584_0005 (state: RUNNING)
18/05/30 04:54:40 INFO Client: Application report for application_1527512542584_0005 (state: RUNNING)
18/05/30 04:54:41 INFO Client: Application report for application_1527512542584_0005 (state: RUNNING)
18/05/30 04:54:42 INFO Client: Application report for application_1527512542584_0005 (state: RUNNING)
18/05/30 04:54:43 INFO Client: Application report for application_1527512542584_0005 (state: RUNNING)
18/05/30 04:54:44 INFO Client: Application report for application_1527512542584_0005 (state: RUNNING)
18/05/30 04:54:45 INFO Client: Application report for application_1527512542584_0005 (state: RUNNING)
18/05/30 04:54:46 INFO Client: Application report for application_1527512542584_0005 (state: RUNNING)
18/05/30 04:54:47 INFO Client: Application report for application_1527512542584_0005 (state: RUNNING)
18/05/30 04:54:48 INFO Client: Application report for application_1527512542584_0005 (state: RUNNING)
18/05/30 04:54:49 INFO Client: Application report for application_1527512542584_0005 (state: RUNNING)
18/05/30 04:54:50 INFO Client: Application report for application_1527512542584_0005 (state: RUNNING)
18/05/30 04:54:51 INFO Client: Application report for application_1527512542584_0005 (state: RUNNING)
18/05/30 04:54:52 INFO Client: Application report for application_1527512542584_0005 (state: RUNNING)
18/05/30 04:54:53 INFO Client: Application report for application_1527512542584_0005 (state: RUNNING)
18/05/30 04:54:54 INFO Client: Application report for application_1527512542584_0005 (state: RUNNING)
18/05/30 04:54:55 INFO Client: Application report for application_1527512542584_0005 (state: RUNNING)
18/05/30 04:54:56 INFO Client: Application report for application_1527512542584_0005 (state: RUNNING)
18/05/30 04:54:57 INFO Client: Application report for application_1527512542584_0005 (state: RUNNING)
18/05/30 04:54:58 INFO Client: Application report for application_1527512542584_0005 (state: RUNNING)
18/05/30 04:54:59 INFO Client: Application report for application_1527512542584_0005 (state: RUNNING)
18/05/30 04:55:00 INFO Client: Application report for application_1527512542584_0005 (state: RUNNING)
18/05/30 04:55:01 INFO Client: Application report for application_1527512542584_0005 (state: RUNNING)
18/05/30 04:55:02 INFO Client: Application report for application_1527512542584_0005 (state: RUNNING)
18/05/30 04:55:03 INFO Client: Application report for application_1527512542584_0005 (state: RUNNING)
18/05/30 04:55:04 INFO Client: Application report for application_1527512542584_0005 (state: RUNNING)
18/05/30 04:55:05 INFO Client: Application report for application_1527512542584_0005 (state: RUNNING)
18/05/30 04:55:06 INFO Client: Application report for application_1527512542584_0005 (state: ACCEPTED)
18/05/30 04:55:06 INFO Client: 
	 client token: N/A
	 diagnostics: [Wed May 30 04:55:06 +0000 2018] Application is Activated, waiting for resources to be assigned for AM.  Details : AM Partition = <DEFAULT_PARTITION> ; Partition Resource = <memory:204800, vCores:60> ; Queue's Absolute capacity = 50.0 % ; Queue's Absolute used capacity = 0.0 % ; Queue's Absolute max capacity = 100.0 % ; 
	 ApplicationMaster host: N/A
	 ApplicationMaster RPC port: -1
	 queue: default
	 start time: 1527655805950
	 final status: UNDEFINED
	 tracking URL: http://hn0-sparkh.01gbvfzxeqquvorlqntixlipbb.jx.internal.cloudapp.net:8088/proxy/application_1527512542584_0005/
	 user: ninghai
18/05/30 04:55:07 INFO Client: Application report for application_1527512542584_0005 (state: ACCEPTED)
18/05/30 04:55:08 INFO Client: Application report for application_1527512542584_0005 (state: ACCEPTED)
18/05/30 04:55:09 INFO Client: Application report for application_1527512542584_0005 (state: ACCEPTED)
18/05/30 04:55:10 INFO Client: Application report for application_1527512542584_0005 (state: ACCEPTED)
18/05/30 04:55:11 INFO Client: Application report for application_1527512542584_0005 (state: ACCEPTED)
18/05/30 04:55:12 INFO Client: Application report for application_1527512542584_0005 (state: ACCEPTED)
18/05/30 04:55:13 INFO Client: Application report for application_1527512542584_0005 (state: ACCEPTED)
18/05/30 04:55:14 INFO Client: Application report for application_1527512542584_0005 (state: ACCEPTED)
18/05/30 04:55:15 INFO Client: Application report for application_1527512542584_0005 (state: RUNNING)
18/05/30 04:55:15 INFO Client: 
	 client token: N/A
	 diagnostics: N/A
	 ApplicationMaster host: 10.0.0.15
	 ApplicationMaster RPC port: 0
	 queue: default
	 start time: 1527655805950
	 final status: UNDEFINED
	 tracking URL: http://hn0-sparkh.01gbvfzxeqquvorlqntixlipbb.jx.internal.cloudapp.net:8088/proxy/application_1527512542584_0005/
	 user: ninghai
18/05/30 04:55:16 INFO Client: Application report for application_1527512542584_0005 (state: RUNNING)
18/05/30 04:55:17 INFO Client: Application report for application_1527512542584_0005 (state: RUNNING)
18/05/30 04:55:18 INFO Client: Application report for application_1527512542584_0005 (state: RUNNING)
18/05/30 04:55:19 INFO Client: Application report for application_1527512542584_0005 (state: RUNNING)
18/05/30 04:55:20 INFO Client: Application report for application_1527512542584_0005 (state: RUNNING)
18/05/30 04:55:21 INFO Client: Application report for application_1527512542584_0005 (state: RUNNING)
18/05/30 04:55:22 INFO Client: Application report for application_1527512542584_0005 (state: RUNNING)
18/05/30 04:55:23 INFO Client: Application report for application_1527512542584_0005 (state: RUNNING)
18/05/30 04:55:24 INFO Client: Application report for application_1527512542584_0005 (state: RUNNING)
18/05/30 04:55:25 INFO Client: Application report for application_1527512542584_0005 (state: RUNNING)
18/05/30 04:55:26 INFO Client: Application report for application_1527512542584_0005 (state: RUNNING)
18/05/30 04:55:27 INFO Client: Application report for application_1527512542584_0005 (state: RUNNING)
18/05/30 04:55:28 INFO Client: Application report for application_1527512542584_0005 (state: RUNNING)
18/05/30 04:55:29 INFO Client: Application report for application_1527512542584_0005 (state: RUNNING)
18/05/30 04:55:30 INFO Client: Application report for application_1527512542584_0005 (state: RUNNING)
18/05/30 04:55:31 INFO Client: Application report for application_1527512542584_0005 (state: RUNNING)
18/05/30 04:55:32 INFO Client: Application report for application_1527512542584_0005 (state: RUNNING)
18/05/30 04:55:33 INFO Client: Application report for application_1527512542584_0005 (state: RUNNING)
18/05/30 04:55:34 INFO Client: Application report for application_1527512542584_0005 (state: RUNNING)
18/05/30 04:55:35 INFO Client: Application report for application_1527512542584_0005 (state: RUNNING)
18/05/30 04:55:36 INFO Client: Application report for application_1527512542584_0005 (state: RUNNING)
18/05/30 04:55:37 INFO Client: Application report for application_1527512542584_0005 (state: RUNNING)
18/05/30 04:55:38 INFO Client: Application report for application_1527512542584_0005 (state: RUNNING)
18/05/30 04:55:39 INFO Client: Application report for application_1527512542584_0005 (state: RUNNING)
18/05/30 04:55:40 INFO Client: Application report for application_1527512542584_0005 (state: RUNNING)
18/05/30 04:55:41 INFO Client: Application report for application_1527512542584_0005 (state: RUNNING)
18/05/30 04:55:42 INFO Client: Application report for application_1527512542584_0005 (state: RUNNING)
18/05/30 04:55:43 INFO Client: Application report for application_1527512542584_0005 (state: RUNNING)
18/05/30 04:55:44 INFO Client: Application report for application_1527512542584_0005 (state: RUNNING)
18/05/30 04:55:45 INFO Client: Application report for application_1527512542584_0005 (state: RUNNING)
18/05/30 04:55:46 INFO Client: Application report for application_1527512542584_0005 (state: RUNNING)
18/05/30 04:55:47 INFO Client: Application report for application_1527512542584_0005 (state: RUNNING)
18/05/30 04:55:48 INFO Client: Application report for application_1527512542584_0005 (state: RUNNING)
18/05/30 04:55:49 INFO Client: Application report for application_1527512542584_0005 (state: RUNNING)
18/05/30 04:55:50 INFO Client: Application report for application_1527512542584_0005 (state: RUNNING)
18/05/30 04:55:51 INFO Client: Application report for application_1527512542584_0005 (state: RUNNING)
18/05/30 04:55:52 INFO Client: Application report for application_1527512542584_0005 (state: RUNNING)
18/05/30 04:55:53 INFO Client: Application report for application_1527512542584_0005 (state: RUNNING)
18/05/30 04:55:54 INFO Client: Application report for application_1527512542584_0005 (state: RUNNING)
18/05/30 04:55:55 INFO Client: Application report for application_1527512542584_0005 (state: RUNNING)
18/05/30 04:55:56 INFO Client: Application report for application_1527512542584_0005 (state: RUNNING)
18/05/30 04:55:57 INFO Client: Application report for application_1527512542584_0005 (state: RUNNING)
18/05/30 04:55:58 INFO Client: Application report for application_1527512542584_0005 (state: RUNNING)
18/05/30 04:55:59 INFO Client: Application report for application_1527512542584_0005 (state: RUNNING)
18/05/30 04:56:00 INFO Client: Application report for application_1527512542584_0005 (state: RUNNING)
18/05/30 04:56:01 INFO Client: Application report for application_1527512542584_0005 (state: RUNNING)
18/05/30 04:56:02 INFO Client: Application report for application_1527512542584_0005 (state: FINISHED)
18/05/30 04:56:02 INFO Client: 
	 client token: N/A
	 diagnostics: User application exited with status 1
	 ApplicationMaster host: 10.0.0.15
	 ApplicationMaster RPC port: 0
	 queue: default
	 start time: 1527655805950
	 final status: FAILED
	 tracking URL: http://hn0-sparkh.01gbvfzxeqquvorlqntixlipbb.jx.internal.cloudapp.net:8088/proxy/application_1527512542584_0005/
	 user: ninghai
Exception in thread "main" org.apache.spark.SparkException: Application application_1527512542584_0005 finished with failed status
	at org.apache.spark.deploy.yarn.Client.run(Client.scala:1241)
	at org.apache.spark.deploy.yarn.Client$.main(Client.scala:1287)
	at org.apache.spark.deploy.yarn.Client.main(Client.scala)
	at sun.reflect.NativeMethodAccessorImpl.invoke0(Native Method)
	at sun.reflect.NativeMethodAccessorImpl.invoke(NativeMethodAccessorImpl.java:62)
	at sun.reflect.DelegatingMethodAccessorImpl.invoke(DelegatingMethodAccessorImpl.java:43)
	at java.lang.reflect.Method.invoke(Method.java:498)
	at org.apache.spark.deploy.SparkSubmit$.org$apache$spark$deploy$SparkSubmit$$runMain(SparkSubmit.scala:745)
	at org.apache.spark.deploy.SparkSubmit$.doRunMain$1(SparkSubmit.scala:187)
	at org.apache.spark.deploy.SparkSubmit$.submit(SparkSubmit.scala:212)
	at org.apache.spark.deploy.SparkSubmit$.main(SparkSubmit.scala:126)
	at org.apache.spark.deploy.SparkSubmit.main(SparkSubmit.scala)
18/05/30 04:56:02 INFO ShutdownHookManager: Shutdown hook called
18/05/30 04:56:02 INFO ShutdownHookManager: Deleting directory /tmp/spark-dee617dc-ce2a-4991-a9c9-bfab8eb27197
18/05/30 04:56:02 INFO MetricsSystemImpl: Stopping azure-file-system metrics system...
18/05/30 04:56:02 INFO MetricsSinkAdapter: azurefs2 thread interrupted.
18/05/30 04:56:02 INFO MetricsSystemImpl: azure-file-system metrics system stopped.
18/05/30 04:56:02 INFO MetricsSystemImpl: azure-file-system metrics system shutdown complete.
18/05/30 04:56:04 INFO client.AHSProxy: Connecting to Application History server at headnodehost/10.0.0.21:10200
18/05/30 04:56:04 INFO client.RequestHedgingRMFailoverProxyProvider: Looking for the active RM in [rm1, rm2]...
18/05/30 04:56:05 INFO client.RequestHedgingRMFailoverProxyProvider: Found active RM [rm1]
18/05/30 04:56:06 INFO zlib.ZlibFactory: Successfully loaded & initialized native-zlib library
18/05/30 04:56:06 INFO compress.CodecPool: Got brand-new decompressor [.deflate]
Container: container_e25_1527512542584_0005_01_000001 on 10.0.0.13_30050_1527656163919
LogAggregationType: AGGREGATED
======================================================================================
18/05/30 04:56:06 INFO compress.CodecPool: Got brand-new decompressor [.deflate]
LogType:stderr
Log Upload Time:Wed May 30 04:56:03 +0000 2018
LogLength:548
Log Contents:
SLF4J: Class path contains multiple SLF4J bindings.
SLF4J: Found binding in [jar:file:/usr/hdp/2.6.0.2-76/spark2/jars/slf4j-log4j12-1.7.16.jar!/org/slf4j/impl/StaticLoggerBinder.class]
SLF4J: Found binding in [jar:file:/usr/hdp/2.6.0.2-76/hadoop/lib/slf4j-log4j12-1.7.10.jar!/org/slf4j/impl/StaticLoggerBinder.class]
SLF4J: See http://www.slf4j.org/codes.html#multiple_bindings for an explanation.
SLF4J: Actual binding is of type [org.slf4j.impl.Log4jLoggerFactory]
18/05/30 04:52:17 ERROR ApplicationMaster: User application exited with status 1

End of LogType:stderr

Container: container_e25_1527512542584_0005_02_000001 on 10.0.0.13_30050_1527656163919
LogAggregationType: AGGREGATED
======================================================================================
18/05/30 04:56:06 INFO compress.CodecPool: Got brand-new decompressor [.deflate]
LogType:stderr
Log Upload Time:Wed May 30 04:56:03 +0000 2018
LogLength:548
Log Contents:
SLF4J: Class path contains multiple SLF4J bindings.
SLF4J: Found binding in [jar:file:/usr/hdp/2.6.0.2-76/spark2/jars/slf4j-log4j12-1.7.16.jar!/org/slf4j/impl/StaticLoggerBinder.class]
SLF4J: Found binding in [jar:file:/usr/hdp/2.6.0.2-76/hadoop/lib/slf4j-log4j12-1.7.10.jar!/org/slf4j/impl/StaticLoggerBinder.class]
SLF4J: See http://www.slf4j.org/codes.html#multiple_bindings for an explanation.
SLF4J: Actual binding is of type [org.slf4j.impl.Log4jLoggerFactory]
18/05/30 04:53:11 ERROR ApplicationMaster: User application exited with status 1

End of LogType:stderr

Container: container_e25_1527512542584_0005_03_000001 on 10.0.0.15_30050_1527656164327
LogAggregationType: AGGREGATED
======================================================================================
18/05/30 04:56:07 INFO compress.CodecPool: Got brand-new decompressor [.deflate]
LogType:stderr
Log Upload Time:Wed May 30 04:56:04 +0000 2018
LogLength:548
Log Contents:
SLF4J: Class path contains multiple SLF4J bindings.
SLF4J: Found binding in [jar:file:/usr/hdp/2.6.0.2-76/spark2/jars/slf4j-log4j12-1.7.16.jar!/org/slf4j/impl/StaticLoggerBinder.class]
SLF4J: Found binding in [jar:file:/usr/hdp/2.6.0.2-76/hadoop/lib/slf4j-log4j12-1.7.10.jar!/org/slf4j/impl/StaticLoggerBinder.class]
SLF4J: See http://www.slf4j.org/codes.html#multiple_bindings for an explanation.
SLF4J: Actual binding is of type [org.slf4j.impl.Log4jLoggerFactory]
18/05/30 04:54:07 ERROR ApplicationMaster: User application exited with status 1

End of LogType:stderr

Container: container_e25_1527512542584_0005_04_000001 on 10.0.0.13_30050_1527656163919
LogAggregationType: AGGREGATED
======================================================================================
18/05/30 04:56:07 INFO compress.CodecPool: Got brand-new decompressor [.deflate]
LogType:stderr
Log Upload Time:Wed May 30 04:56:03 +0000 2018
LogLength:695
Log Contents:
SLF4J: Class path contains multiple SLF4J bindings.
SLF4J: Found binding in [jar:file:/usr/hdp/2.6.0.2-76/spark2/jars/slf4j-log4j12-1.7.16.jar!/org/slf4j/impl/StaticLoggerBinder.class]
SLF4J: Found binding in [jar:file:/usr/hdp/2.6.0.2-76/hadoop/lib/slf4j-log4j12-1.7.10.jar!/org/slf4j/impl/StaticLoggerBinder.class]
SLF4J: See http://www.slf4j.org/codes.html#multiple_bindings for an explanation.
SLF4J: Actual binding is of type [org.slf4j.impl.Log4jLoggerFactory]
18/05/30 04:55:05 ERROR ApplicationMaster: User application exited with status 1
18/05/30 04:55:05 ERROR LiveListenerBus: SparkListenerBus has already stopped! Dropping event SparkListenerExecutorMetricsUpdate(3,WrappedArray())

End of LogType:stderr

Container: container_e25_1527512542584_0005_05_000001 on 10.0.0.15_30050_1527656164327
LogAggregationType: AGGREGATED
======================================================================================
18/05/30 04:56:08 INFO compress.CodecPool: Got brand-new decompressor [.deflate]
LogType:stderr
Log Upload Time:Wed May 30 04:56:04 +0000 2018
LogLength:548
Log Contents:
SLF4J: Class path contains multiple SLF4J bindings.
SLF4J: Found binding in [jar:file:/usr/hdp/2.6.0.2-76/spark2/jars/slf4j-log4j12-1.7.16.jar!/org/slf4j/impl/StaticLoggerBinder.class]
SLF4J: Found binding in [jar:file:/usr/hdp/2.6.0.2-76/hadoop/lib/slf4j-log4j12-1.7.10.jar!/org/slf4j/impl/StaticLoggerBinder.class]
SLF4J: See http://www.slf4j.org/codes.html#multiple_bindings for an explanation.
SLF4J: Actual binding is of type [org.slf4j.impl.Log4jLoggerFactory]
18/05/30 04:56:01 ERROR ApplicationMaster: User application exited with status 1

End of LogType:stderr


Specified ALL for -am option. Printed logs for all am containers.
18/05/30 04:56:10 INFO client.AHSProxy: Connecting to Application History server at headnodehost/10.0.0.21:10200
18/05/30 04:56:10 INFO client.RequestHedgingRMFailoverProxyProvider: Looking for the active RM in [rm1, rm2]...
18/05/30 04:56:10 INFO client.RequestHedgingRMFailoverProxyProvider: Found active RM [rm1]
18/05/30 04:56:11 INFO zlib.ZlibFactory: Successfully loaded & initialized native-zlib library
18/05/30 04:56:11 INFO compress.CodecPool: Got brand-new decompressor [.deflate]
Container: container_e25_1527512542584_0005_01_000001 on 10.0.0.13_30050_1527656163919
LogAggregationType: AGGREGATED
======================================================================================
18/05/30 04:56:11 INFO compress.CodecPool: Got brand-new decompressor [.deflate]
LogType:stdout
Log Upload Time:Wed May 30 04:56:03 +0000 2018
LogLength:8706
Log Contents:
****************
Python version: 3.6.2 |Anaconda, Inc.| (default, Oct  5 2017, 07:59:26) 
[GCC 7.2.0]
Spark version: 2.1.0.2.6.0.2-76
****************
First 10 rows of Iris dataset:
+------------+-----------+------------+-----------+-----------+
|sepal-length|sepal-width|petal-length|petal-width|      class|
+------------+-----------+------------+-----------+-----------+
|         5.1|        3.5|         1.4|        0.2|Iris-setosa|
|         4.9|        3.0|         1.4|        0.2|Iris-setosa|
|         4.7|        3.2|         1.3|        0.2|Iris-setosa|
|         4.6|        3.1|         1.5|        0.2|Iris-setosa|
|         5.0|        3.6|         1.4|        0.2|Iris-setosa|
|         5.4|        3.9|         1.7|        0.4|Iris-setosa|
|         4.6|        3.4|         1.4|        0.3|Iris-setosa|
|         5.0|        3.4|         1.5|        0.2|Iris-setosa|
|         4.4|        2.9|         1.4|        0.2|Iris-setosa|
|         4.9|        3.1|         1.5|        0.1|Iris-setosa|
+------------+-----------+------------+-----------+-----------+
only showing top 10 rows

Reading for machine learning
+-----------------+-----+
|         features|label|
+-----------------+-----+
|[5.1,3.5,1.4,0.2]|  0.0|
|[4.9,3.0,1.4,0.2]|  0.0|
|[4.7,3.2,1.3,0.2]|  0.0|
|[4.6,3.1,1.5,0.2]|  0.0|
|[5.0,3.6,1.4,0.2]|  0.0|
|[5.4,3.9,1.7,0.4]|  0.0|
|[4.6,3.4,1.4,0.3]|  0.0|
|[5.0,3.4,1.5,0.2]|  0.0|
|[4.4,2.9,1.4,0.2]|  0.0|
|[4.9,3.1,1.5,0.1]|  0.0|
+-----------------+-----+
only showing top 10 rows

Prediction
+-----------------+-----+--------------------+--------------------+----------+
|         features|label|       rawPrediction|         probability|prediction|
+-----------------+-----+--------------------+--------------------+----------+
|[4.3,3.0,1.1,0.1]|  0.0|[5.98539625297090...|[0.97316207673687...|       0.0|
|[4.5,2.3,1.3,0.3]|  0.0|[3.26707355626304...|[0.57993390644165...|       0.0|
|[4.6,3.4,1.4,0.3]|  0.0|[6.07574432326263...|[0.98391523271764...|       0.0|
|[4.6,3.6,1.0,0.2]|  0.0|[7.19310826766954...|[0.99478410362678...|       0.0|
|[4.8,3.1,1.6,0.2]|  0.0|[5.05856448659414...|[0.93355015048732...|       0.0|
|[4.9,3.0,1.4,0.2]|  0.0|[4.86150620384439...|[0.90511837486578...|       0.0|
|[4.9,3.1,1.5,0.1]|  0.0|[5.24539519218513...|[0.93455385663258...|       0.0|
|[5.0,2.3,3.3,1.0]|  1.0|[-0.5276957639552...|[0.05869876000251...|       1.0|
|[5.0,3.0,1.6,0.2]|  0.0|[4.56992710244014...|[0.87447344349577...|       0.0|
|[5.0,3.2,1.2,0.2]|  0.0|[5.48487983142536...|[0.95110568260903...|       0.0|
+-----------------+-----+--------------------+--------------------+----------+
only showing top 10 rows


#####################################
Regularization rate is 0.01
Accuracy is 1.0
#####################################

The experiment completed successfully. Starting post-processing steps.
Traceback (most recent call last):
  File "context_manager_injector.py", line 72, in execute_with_context
    with open(complete_file_path, "a") as stream:
FileNotFoundError: [Errno 2] No such file or directory: '/mnt/resource/hadoop/yarn/local/usercache/ninghai/appcache/application_1527512542584_0005/container_e25_1527512542584_0005_01_000001/azureml-setup/complete'

Traceback (most recent call last):
  File "context_manager_injector.py", line 72, in execute_with_context
    with open(complete_file_path, "a") as stream:
FileNotFoundError: [Errno 2] No such file or directory: '/mnt/resource/hadoop/yarn/local/usercache/ninghai/appcache/application_1527512542584_0005/container_e25_1527512542584_0005_01_000001/azureml-setup/complete'

During handling of the above exception, another exception occurred:

Traceback (most recent call last):
  File "context_manager_injector.py", line 111, in <module>
    execute_with_context(cm_objects, options.invocation)
  File "context_manager_injector.py", line 73, in execute_with_context
    print("Prehistory!", file=stream)
  File "/mnt/resource/hadoop/yarn/local/usercache/ninghai/appcache/application_1527512542584_0005/container_e25_1527512542584_0005_01_000001/azureml_40b348c4d7381beefb01312cdebdaa0b.zip/home/ninghai/.azureml/envs/azureml_40b348c4d7381beefb01312cdebdaa0b/lib/python3.6/contextlib.py", line 380, in __exit__
    raise exc_details[1]
  File "/mnt/resource/hadoop/yarn/local/usercache/ninghai/appcache/application_1527512542584_0005/container_e25_1527512542584_0005_01_000001/azureml_40b348c4d7381beefb01312cdebdaa0b.zip/home/ninghai/.azureml/envs/azureml_40b348c4d7381beefb01312cdebdaa0b/lib/python3.6/contextlib.py", line 365, in __exit__
    if cb(*exc_details):
  File "/mnt/resource/hadoop/yarn/local/usercache/ninghai/appcache/application_1527512542584_0005/container_e25_1527512542584_0005_01_000001/azureml_40b348c4d7381beefb01312cdebdaa0b.zip/home/ninghai/.azureml/envs/azureml_40b348c4d7381beefb01312cdebdaa0b/lib/python3.6/contextlib.py", line 284, in _exit_wrapper
    return cm_exit(cm, *exc_details)
  File "context_manager_injector.py", line 30, in __exit__
    self.context_manager.__exit__(*exc_details)
  File "/mnt/resource/hadoop/yarn/local/usercache/ninghai/appcache/application_1527512542584_0005/container_e25_1527512542584_0005_01_000001/context_managers.py", line 49, in __exit__
    self.history_context.__exit__(*args)
  File "/mnt/resource/hadoop/yarn/local/usercache/ninghai/appcache/application_1527512542584_0005/container_e25_1527512542584_0005_01_000001/azureml_40b348c4d7381beefb01312cdebdaa0b.zip/home/ninghai/.azureml/envs/azureml_40b348c4d7381beefb01312cdebdaa0b/lib/python3.6/site-packages/azureml/history/utils/context_managers.py", line 50, in __exit__
    self._exit_stack.__exit__(*args)
  File "/mnt/resource/hadoop/yarn/local/usercache/ninghai/appcache/application_1527512542584_0005/container_e25_1527512542584_0005_01_000001/azureml_40b348c4d7381beefb01312cdebdaa0b.zip/home/ninghai/.azureml/envs/azureml_40b348c4d7381beefb01312cdebdaa0b/lib/python3.6/contextlib.py", line 380, in __exit__
    raise exc_details[1]
  File "/mnt/resource/hadoop/yarn/local/usercache/ninghai/appcache/application_1527512542584_0005/container_e25_1527512542584_0005_01_000001/azureml_40b348c4d7381beefb01312cdebdaa0b.zip/home/ninghai/.azureml/envs/azureml_40b348c4d7381beefb01312cdebdaa0b/lib/python3.6/contextlib.py", line 365, in __exit__
    if cb(*exc_details):
  File "/mnt/resource/hadoop/yarn/local/usercache/ninghai/appcache/application_1527512542584_0005/container_e25_1527512542584_0005_01_000001/azureml_40b348c4d7381beefb01312cdebdaa0b.zip/home/ninghai/.azureml/envs/azureml_40b348c4d7381beefb01312cdebdaa0b/lib/python3.6/contextlib.py", line 284, in _exit_wrapper
    return cm_exit(cm, *exc_details)
  File "/mnt/resource/hadoop/yarn/local/usercache/ninghai/appcache/application_1527512542584_0005/container_e25_1527512542584_0005_01_000001/azureml_40b348c4d7381beefb01312cdebdaa0b.zip/home/ninghai/.azureml/envs/azureml_40b348c4d7381beefb01312cdebdaa0b/lib/python3.6/site-packages/azureml/history/utils/context_managers.py", line 141, in __exit__
    self.blacklist + [self.user_log_path])
  File "/mnt/resource/hadoop/yarn/local/usercache/ninghai/appcache/application_1527512542584_0005/container_e25_1527512542584_0005_01_000001/azureml_40b348c4d7381beefb01312cdebdaa0b.zip/home/ninghai/.azureml/envs/azureml_40b348c4d7381beefb01312cdebdaa0b/lib/python3.6/site-packages/azureml/history/utils/context_managers.py", line 87, in track
    fs.track(run_tracker, track_folders, blacklist)
  File "/mnt/resource/hadoop/yarn/local/usercache/ninghai/appcache/application_1527512542584_0005/container_e25_1527512542584_0005_01_000001/azureml_40b348c4d7381beefb01312cdebdaa0b.zip/home/ninghai/.azureml/envs/azureml_40b348c4d7381beefb01312cdebdaa0b/lib/python3.6/site-packages/azureml/history/utils/filesystem.py", line 130, in track
    self._upload_hdi_outputs(run_tracker)
  File "/mnt/resource/hadoop/yarn/local/usercache/ninghai/appcache/application_1527512542584_0005/container_e25_1527512542584_0005_01_000001/azureml_40b348c4d7381beefb01312cdebdaa0b.zip/home/ninghai/.azureml/envs/azureml_40b348c4d7381beefb01312cdebdaa0b/lib/python3.6/site-packages/azureml/history/utils/filesystem.py", line 154, in _upload_hdi_outputs
    container_sas = get_container_sas(wasburl)
  File "/mnt/resource/hadoop/yarn/local/usercache/ninghai/appcache/application_1527512542584_0005/container_e25_1527512542584_0005_01_000001/azureml_40b348c4d7381beefb01312cdebdaa0b.zip/home/ninghai/.azureml/envs/azureml_40b348c4d7381beefb01312cdebdaa0b/lib/python3.6/site-packages/azureml/history/utils/_hdi_wasb_utils.py", line 32, in get_container_sas
    from azure.storage.models import AccountPermissions
ModuleNotFoundError: No module named 'azure.storage.models'

End of LogType:stdout

Container: container_e25_1527512542584_0005_02_000001 on 10.0.0.13_30050_1527656163919
LogAggregationType: AGGREGATED
======================================================================================
18/05/30 04:56:12 INFO compress.CodecPool: Got brand-new decompressor [.deflate]
LogType:stdout
Log Upload Time:Wed May 30 04:56:03 +0000 2018
LogLength:10712
Log Contents:
****************
Python version: 3.6.2 |Anaconda, Inc.| (default, Oct  5 2017, 07:59:26) 
[GCC 7.2.0]
Spark version: 2.1.0.2.6.0.2-76
****************
First 10 rows of Iris dataset:
+------------+-----------+------------+-----------+-----------+
|sepal-length|sepal-width|petal-length|petal-width|      class|
+------------+-----------+------------+-----------+-----------+
|         5.1|        3.5|         1.4|        0.2|Iris-setosa|
|         4.9|        3.0|         1.4|        0.2|Iris-setosa|
|         4.7|        3.2|         1.3|        0.2|Iris-setosa|
|         4.6|        3.1|         1.5|        0.2|Iris-setosa|
|         5.0|        3.6|         1.4|        0.2|Iris-setosa|
|         5.4|        3.9|         1.7|        0.4|Iris-setosa|
|         4.6|        3.4|         1.4|        0.3|Iris-setosa|
|         5.0|        3.4|         1.5|        0.2|Iris-setosa|
|         4.4|        2.9|         1.4|        0.2|Iris-setosa|
|         4.9|        3.1|         1.5|        0.1|Iris-setosa|
+------------+-----------+------------+-----------+-----------+
only showing top 10 rows

Reading for machine learning
+-----------------+-----+
|         features|label|
+-----------------+-----+
|[5.1,3.5,1.4,0.2]|  0.0|
|[4.9,3.0,1.4,0.2]|  0.0|
|[4.7,3.2,1.3,0.2]|  0.0|
|[4.6,3.1,1.5,0.2]|  0.0|
|[5.0,3.6,1.4,0.2]|  0.0|
|[5.4,3.9,1.7,0.4]|  0.0|
|[4.6,3.4,1.4,0.3]|  0.0|
|[5.0,3.4,1.5,0.2]|  0.0|
|[4.4,2.9,1.4,0.2]|  0.0|
|[4.9,3.1,1.5,0.1]|  0.0|
+-----------------+-----+
only showing top 10 rows

Prediction
+-----------------+-----+--------------------+--------------------+----------+
|         features|label|       rawPrediction|         probability|prediction|
+-----------------+-----+--------------------+--------------------+----------+
|[4.5,2.3,1.3,0.3]|  0.0|[3.57271887335058...|[0.68224964420741...|       0.0|
|[4.6,3.4,1.4,0.3]|  0.0|[6.51325701240921...|[0.98477507833989...|       0.0|
|[4.6,3.6,1.0,0.2]|  0.0|[7.68674161303032...|[0.99478383604809...|       0.0|
|[4.8,3.4,1.9,0.2]|  0.0|[6.01176145438562...|[0.97244143863479...|       0.0|
|[4.9,3.0,1.4,0.2]|  0.0|[5.21681952590917...|[0.91708028388202...|       0.0|
|[4.9,3.1,1.5,0.1]|  0.0|[5.62752772594292...|[0.94224907614663...|       0.0|
|[4.9,3.1,1.5,0.1]|  0.0|[5.62752772594292...|[0.94224907614663...|       0.0|
|[5.0,2.0,3.5,1.0]|  1.0|[-1.5243006512442...|[0.02392327263914...|       1.0|
|[5.0,3.0,1.6,0.2]|  0.0|[4.90426121935704...|[0.88819965184425...|       0.0|
|[5.0,3.3,1.4,0.2]|  0.0|[5.95579835647000...|[0.96141620177602...|       0.0|
+-----------------+-----+--------------------+--------------------+----------+
only showing top 10 rows


#####################################
Regularization rate is 0.01
Accuracy is 0.9444444444444444
#####################################

The experiment completed successfully. Starting post-processing steps.
Traceback (most recent call last):
  File "context_manager_injector.py", line 72, in execute_with_context
    with open(complete_file_path, "a") as stream:
FileNotFoundError: [Errno 2] No such file or directory: '/mnt/resource/hadoop/yarn/local/usercache/ninghai/appcache/application_1527512542584_0005/container_e25_1527512542584_0005_02_000001/azureml-setup/complete'

Traceback (most recent call last):
  File "context_manager_injector.py", line 72, in execute_with_context
    with open(complete_file_path, "a") as stream:
FileNotFoundError: [Errno 2] No such file or directory: '/mnt/resource/hadoop/yarn/local/usercache/ninghai/appcache/application_1527512542584_0005/container_e25_1527512542584_0005_02_000001/azureml-setup/complete'

During handling of the above exception, another exception occurred:

Traceback (most recent call last):
  File "/mnt/resource/hadoop/yarn/local/usercache/ninghai/appcache/application_1527512542584_0005/container_e25_1527512542584_0005_02_000001/azureml_40b348c4d7381beefb01312cdebdaa0b.zip/home/ninghai/.azureml/envs/azureml_40b348c4d7381beefb01312cdebdaa0b/lib/python3.6/contextlib.py", line 365, in __exit__
    if cb(*exc_details):
  File "/mnt/resource/hadoop/yarn/local/usercache/ninghai/appcache/application_1527512542584_0005/container_e25_1527512542584_0005_02_000001/azureml_40b348c4d7381beefb01312cdebdaa0b.zip/home/ninghai/.azureml/envs/azureml_40b348c4d7381beefb01312cdebdaa0b/lib/python3.6/contextlib.py", line 284, in _exit_wrapper
    return cm_exit(cm, *exc_details)
  File "/mnt/resource/hadoop/yarn/local/usercache/ninghai/appcache/application_1527512542584_0005/container_e25_1527512542584_0005_02_000001/azureml_40b348c4d7381beefb01312cdebdaa0b.zip/home/ninghai/.azureml/envs/azureml_40b348c4d7381beefb01312cdebdaa0b/lib/python3.6/site-packages/azureml/history/utils/context_managers.py", line 141, in __exit__
    self.blacklist + [self.user_log_path])
  File "/mnt/resource/hadoop/yarn/local/usercache/ninghai/appcache/application_1527512542584_0005/container_e25_1527512542584_0005_02_000001/azureml_40b348c4d7381beefb01312cdebdaa0b.zip/home/ninghai/.azureml/envs/azureml_40b348c4d7381beefb01312cdebdaa0b/lib/python3.6/site-packages/azureml/history/utils/context_managers.py", line 87, in track
    fs.track(run_tracker, track_folders, blacklist)
  File "/mnt/resource/hadoop/yarn/local/usercache/ninghai/appcache/application_1527512542584_0005/container_e25_1527512542584_0005_02_000001/azureml_40b348c4d7381beefb01312cdebdaa0b.zip/home/ninghai/.azureml/envs/azureml_40b348c4d7381beefb01312cdebdaa0b/lib/python3.6/site-packages/azureml/history/utils/filesystem.py", line 130, in track
    self._upload_hdi_outputs(run_tracker)
  File "/mnt/resource/hadoop/yarn/local/usercache/ninghai/appcache/application_1527512542584_0005/container_e25_1527512542584_0005_02_000001/azureml_40b348c4d7381beefb01312cdebdaa0b.zip/home/ninghai/.azureml/envs/azureml_40b348c4d7381beefb01312cdebdaa0b/lib/python3.6/site-packages/azureml/history/utils/filesystem.py", line 154, in _upload_hdi_outputs
    container_sas = get_container_sas(wasburl)
  File "/mnt/resource/hadoop/yarn/local/usercache/ninghai/appcache/application_1527512542584_0005/container_e25_1527512542584_0005_02_000001/azureml_40b348c4d7381beefb01312cdebdaa0b.zip/home/ninghai/.azureml/envs/azureml_40b348c4d7381beefb01312cdebdaa0b/lib/python3.6/site-packages/azureml/history/utils/_hdi_wasb_utils.py", line 32, in get_container_sas
    from azure.storage.models import AccountPermissions
ModuleNotFoundError: No module named 'azure.storage.models'

During handling of the above exception, another exception occurred:

Traceback (most recent call last):
  File "context_manager_injector.py", line 111, in <module>
    execute_with_context(cm_objects, options.invocation)
  File "context_manager_injector.py", line 73, in execute_with_context
    print("Prehistory!", file=stream)
  File "/mnt/resource/hadoop/yarn/local/usercache/ninghai/appcache/application_1527512542584_0005/container_e25_1527512542584_0005_02_000001/azureml_40b348c4d7381beefb01312cdebdaa0b.zip/home/ninghai/.azureml/envs/azureml_40b348c4d7381beefb01312cdebdaa0b/lib/python3.6/contextlib.py", line 380, in __exit__
    raise exc_details[1]
  File "/mnt/resource/hadoop/yarn/local/usercache/ninghai/appcache/application_1527512542584_0005/container_e25_1527512542584_0005_02_000001/azureml_40b348c4d7381beefb01312cdebdaa0b.zip/home/ninghai/.azureml/envs/azureml_40b348c4d7381beefb01312cdebdaa0b/lib/python3.6/contextlib.py", line 365, in __exit__
    if cb(*exc_details):
  File "/mnt/resource/hadoop/yarn/local/usercache/ninghai/appcache/application_1527512542584_0005/container_e25_1527512542584_0005_02_000001/azureml_40b348c4d7381beefb01312cdebdaa0b.zip/home/ninghai/.azureml/envs/azureml_40b348c4d7381beefb01312cdebdaa0b/lib/python3.6/contextlib.py", line 284, in _exit_wrapper
    return cm_exit(cm, *exc_details)
  File "context_manager_injector.py", line 30, in __exit__
    self.context_manager.__exit__(*exc_details)
  File "/mnt/resource/hadoop/yarn/local/usercache/ninghai/appcache/application_1527512542584_0005/container_e25_1527512542584_0005_02_000001/context_managers.py", line 49, in __exit__
    self.history_context.__exit__(*args)
  File "/mnt/resource/hadoop/yarn/local/usercache/ninghai/appcache/application_1527512542584_0005/container_e25_1527512542584_0005_02_000001/azureml_40b348c4d7381beefb01312cdebdaa0b.zip/home/ninghai/.azureml/envs/azureml_40b348c4d7381beefb01312cdebdaa0b/lib/python3.6/site-packages/azureml/history/utils/context_managers.py", line 50, in __exit__
    self._exit_stack.__exit__(*args)
  File "/mnt/resource/hadoop/yarn/local/usercache/ninghai/appcache/application_1527512542584_0005/container_e25_1527512542584_0005_02_000001/azureml_40b348c4d7381beefb01312cdebdaa0b.zip/home/ninghai/.azureml/envs/azureml_40b348c4d7381beefb01312cdebdaa0b/lib/python3.6/contextlib.py", line 380, in __exit__
    raise exc_details[1]
  File "/mnt/resource/hadoop/yarn/local/usercache/ninghai/appcache/application_1527512542584_0005/container_e25_1527512542584_0005_02_000001/azureml_40b348c4d7381beefb01312cdebdaa0b.zip/home/ninghai/.azureml/envs/azureml_40b348c4d7381beefb01312cdebdaa0b/lib/python3.6/contextlib.py", line 365, in __exit__
    if cb(*exc_details):
  File "/mnt/resource/hadoop/yarn/local/usercache/ninghai/appcache/application_1527512542584_0005/container_e25_1527512542584_0005_02_000001/azureml_40b348c4d7381beefb01312cdebdaa0b.zip/home/ninghai/.azureml/envs/azureml_40b348c4d7381beefb01312cdebdaa0b/lib/python3.6/contextlib.py", line 284, in _exit_wrapper
    return cm_exit(cm, *exc_details)
  File "/mnt/resource/hadoop/yarn/local/usercache/ninghai/appcache/application_1527512542584_0005/container_e25_1527512542584_0005_02_000001/azureml_40b348c4d7381beefb01312cdebdaa0b.zip/home/ninghai/.azureml/envs/azureml_40b348c4d7381beefb01312cdebdaa0b/lib/python3.6/site-packages/azureml/history/utils/context_managers.py", line 157, in __exit__
    self.run_tracker.upload_file(self.driver_log_name, self.user_log_path)
  File "/mnt/resource/hadoop/yarn/local/usercache/ninghai/appcache/application_1527512542584_0005/container_e25_1527512542584_0005_02_000001/azureml_40b348c4d7381beefb01312cdebdaa0b.zip/home/ninghai/.azureml/envs/azureml_40b348c4d7381beefb01312cdebdaa0b/lib/python3.6/site-packages/azureml/core/run.py", line 461, in upload_file
    return self._client.upload_file(name, path_or_stream)
  File "/mnt/resource/hadoop/yarn/local/usercache/ninghai/appcache/application_1527512542584_0005/container_e25_1527512542584_0005_02_000001/azureml_40b348c4d7381beefb01312cdebdaa0b.zip/home/ninghai/.azureml/envs/azureml_40b348c4d7381beefb01312cdebdaa0b/lib/python3.6/site-packages/azureml/_run_impl/artifacts_client.py", line 53, in upload_file
    assert(len(artifact_keys) == 1)
AssertionError

End of LogType:stdout

Container: container_e25_1527512542584_0005_03_000001 on 10.0.0.15_30050_1527656164327
LogAggregationType: AGGREGATED
======================================================================================
18/05/30 04:56:12 INFO compress.CodecPool: Got brand-new decompressor [.deflate]
LogType:stdout
Log Upload Time:Wed May 30 04:56:04 +0000 2018
LogLength:10712
Log Contents:
****************
Python version: 3.6.2 |Anaconda, Inc.| (default, Oct  5 2017, 07:59:26) 
[GCC 7.2.0]
Spark version: 2.1.0.2.6.0.2-76
****************
First 10 rows of Iris dataset:
+------------+-----------+------------+-----------+-----------+
|sepal-length|sepal-width|petal-length|petal-width|      class|
+------------+-----------+------------+-----------+-----------+
|         5.1|        3.5|         1.4|        0.2|Iris-setosa|
|         4.9|        3.0|         1.4|        0.2|Iris-setosa|
|         4.7|        3.2|         1.3|        0.2|Iris-setosa|
|         4.6|        3.1|         1.5|        0.2|Iris-setosa|
|         5.0|        3.6|         1.4|        0.2|Iris-setosa|
|         5.4|        3.9|         1.7|        0.4|Iris-setosa|
|         4.6|        3.4|         1.4|        0.3|Iris-setosa|
|         5.0|        3.4|         1.5|        0.2|Iris-setosa|
|         4.4|        2.9|         1.4|        0.2|Iris-setosa|
|         4.9|        3.1|         1.5|        0.1|Iris-setosa|
+------------+-----------+------------+-----------+-----------+
only showing top 10 rows

Reading for machine learning
+-----------------+-----+
|         features|label|
+-----------------+-----+
|[5.1,3.5,1.4,0.2]|  0.0|
|[4.9,3.0,1.4,0.2]|  0.0|
|[4.7,3.2,1.3,0.2]|  0.0|
|[4.6,3.1,1.5,0.2]|  0.0|
|[5.0,3.6,1.4,0.2]|  0.0|
|[5.4,3.9,1.7,0.4]|  0.0|
|[4.6,3.4,1.4,0.3]|  0.0|
|[5.0,3.4,1.5,0.2]|  0.0|
|[4.4,2.9,1.4,0.2]|  0.0|
|[4.9,3.1,1.5,0.1]|  0.0|
+-----------------+-----+
only showing top 10 rows

Prediction
+-----------------+-----+--------------------+--------------------+----------+
|         features|label|       rawPrediction|         probability|prediction|
+-----------------+-----+--------------------+--------------------+----------+
|[4.4,3.0,1.3,0.2]|  0.0|[5.73056940034898...|[0.97548354792449...|       0.0|
|[4.4,3.2,1.3,0.2]|  0.0|[6.19768514651775...|[0.98749525536694...|       0.0|
|[4.8,3.0,1.4,0.3]|  0.0|[4.95510415233528...|[0.93771874152753...|       0.0|
|[4.9,3.1,1.5,0.1]|  0.0|[5.38340130521373...|[0.95038486101511...|       0.0|
|[5.0,3.0,1.6,0.2]|  0.0|[4.72944950766932...|[0.90291727583083...|       0.0|
|[5.1,2.5,3.0,1.1]|  1.0|[0.24000960896316...|[0.14361788644503...|       1.0|
|[5.1,3.4,1.5,0.2]|  0.0|[5.6423163073464,...|[0.97050223049802...|       0.0|
|[5.1,3.8,1.6,0.2]|  0.0|[6.47955538449316...|[0.99162940756019...|       0.0|
|[5.1,3.8,1.9,0.4]|  0.0|[5.77848933608479...|[0.98687328137071...|       0.0|
|[5.2,2.7,3.9,1.4]|  1.0|[-0.8992966936902...|[0.07644498528515...|       1.0|
+-----------------+-----+--------------------+--------------------+----------+
only showing top 10 rows


#####################################
Regularization rate is 0.01
Accuracy is 0.9487179487179487
#####################################

The experiment completed successfully. Starting post-processing steps.
Traceback (most recent call last):
  File "context_manager_injector.py", line 72, in execute_with_context
    with open(complete_file_path, "a") as stream:
FileNotFoundError: [Errno 2] No such file or directory: '/mnt/resource/hadoop/yarn/local/usercache/ninghai/appcache/application_1527512542584_0005/container_e25_1527512542584_0005_03_000001/azureml-setup/complete'

Traceback (most recent call last):
  File "context_manager_injector.py", line 72, in execute_with_context
    with open(complete_file_path, "a") as stream:
FileNotFoundError: [Errno 2] No such file or directory: '/mnt/resource/hadoop/yarn/local/usercache/ninghai/appcache/application_1527512542584_0005/container_e25_1527512542584_0005_03_000001/azureml-setup/complete'

During handling of the above exception, another exception occurred:

Traceback (most recent call last):
  File "/mnt/resource/hadoop/yarn/local/usercache/ninghai/appcache/application_1527512542584_0005/container_e25_1527512542584_0005_03_000001/azureml_40b348c4d7381beefb01312cdebdaa0b.zip/home/ninghai/.azureml/envs/azureml_40b348c4d7381beefb01312cdebdaa0b/lib/python3.6/contextlib.py", line 365, in __exit__
    if cb(*exc_details):
  File "/mnt/resource/hadoop/yarn/local/usercache/ninghai/appcache/application_1527512542584_0005/container_e25_1527512542584_0005_03_000001/azureml_40b348c4d7381beefb01312cdebdaa0b.zip/home/ninghai/.azureml/envs/azureml_40b348c4d7381beefb01312cdebdaa0b/lib/python3.6/contextlib.py", line 284, in _exit_wrapper
    return cm_exit(cm, *exc_details)
  File "/mnt/resource/hadoop/yarn/local/usercache/ninghai/appcache/application_1527512542584_0005/container_e25_1527512542584_0005_03_000001/azureml_40b348c4d7381beefb01312cdebdaa0b.zip/home/ninghai/.azureml/envs/azureml_40b348c4d7381beefb01312cdebdaa0b/lib/python3.6/site-packages/azureml/history/utils/context_managers.py", line 141, in __exit__
    self.blacklist + [self.user_log_path])
  File "/mnt/resource/hadoop/yarn/local/usercache/ninghai/appcache/application_1527512542584_0005/container_e25_1527512542584_0005_03_000001/azureml_40b348c4d7381beefb01312cdebdaa0b.zip/home/ninghai/.azureml/envs/azureml_40b348c4d7381beefb01312cdebdaa0b/lib/python3.6/site-packages/azureml/history/utils/context_managers.py", line 87, in track
    fs.track(run_tracker, track_folders, blacklist)
  File "/mnt/resource/hadoop/yarn/local/usercache/ninghai/appcache/application_1527512542584_0005/container_e25_1527512542584_0005_03_000001/azureml_40b348c4d7381beefb01312cdebdaa0b.zip/home/ninghai/.azureml/envs/azureml_40b348c4d7381beefb01312cdebdaa0b/lib/python3.6/site-packages/azureml/history/utils/filesystem.py", line 130, in track
    self._upload_hdi_outputs(run_tracker)
  File "/mnt/resource/hadoop/yarn/local/usercache/ninghai/appcache/application_1527512542584_0005/container_e25_1527512542584_0005_03_000001/azureml_40b348c4d7381beefb01312cdebdaa0b.zip/home/ninghai/.azureml/envs/azureml_40b348c4d7381beefb01312cdebdaa0b/lib/python3.6/site-packages/azureml/history/utils/filesystem.py", line 154, in _upload_hdi_outputs
    container_sas = get_container_sas(wasburl)
  File "/mnt/resource/hadoop/yarn/local/usercache/ninghai/appcache/application_1527512542584_0005/container_e25_1527512542584_0005_03_000001/azureml_40b348c4d7381beefb01312cdebdaa0b.zip/home/ninghai/.azureml/envs/azureml_40b348c4d7381beefb01312cdebdaa0b/lib/python3.6/site-packages/azureml/history/utils/_hdi_wasb_utils.py", line 32, in get_container_sas
    from azure.storage.models import AccountPermissions
ModuleNotFoundError: No module named 'azure.storage.models'

During handling of the above exception, another exception occurred:

Traceback (most recent call last):
  File "context_manager_injector.py", line 111, in <module>
    execute_with_context(cm_objects, options.invocation)
  File "context_manager_injector.py", line 73, in execute_with_context
    print("Prehistory!", file=stream)
  File "/mnt/resource/hadoop/yarn/local/usercache/ninghai/appcache/application_1527512542584_0005/container_e25_1527512542584_0005_03_000001/azureml_40b348c4d7381beefb01312cdebdaa0b.zip/home/ninghai/.azureml/envs/azureml_40b348c4d7381beefb01312cdebdaa0b/lib/python3.6/contextlib.py", line 380, in __exit__
    raise exc_details[1]
  File "/mnt/resource/hadoop/yarn/local/usercache/ninghai/appcache/application_1527512542584_0005/container_e25_1527512542584_0005_03_000001/azureml_40b348c4d7381beefb01312cdebdaa0b.zip/home/ninghai/.azureml/envs/azureml_40b348c4d7381beefb01312cdebdaa0b/lib/python3.6/contextlib.py", line 365, in __exit__
    if cb(*exc_details):
  File "/mnt/resource/hadoop/yarn/local/usercache/ninghai/appcache/application_1527512542584_0005/container_e25_1527512542584_0005_03_000001/azureml_40b348c4d7381beefb01312cdebdaa0b.zip/home/ninghai/.azureml/envs/azureml_40b348c4d7381beefb01312cdebdaa0b/lib/python3.6/contextlib.py", line 284, in _exit_wrapper
    return cm_exit(cm, *exc_details)
  File "context_manager_injector.py", line 30, in __exit__
    self.context_manager.__exit__(*exc_details)
  File "/mnt/resource/hadoop/yarn/local/usercache/ninghai/appcache/application_1527512542584_0005/container_e25_1527512542584_0005_03_000001/context_managers.py", line 49, in __exit__
    self.history_context.__exit__(*args)
  File "/mnt/resource/hadoop/yarn/local/usercache/ninghai/appcache/application_1527512542584_0005/container_e25_1527512542584_0005_03_000001/azureml_40b348c4d7381beefb01312cdebdaa0b.zip/home/ninghai/.azureml/envs/azureml_40b348c4d7381beefb01312cdebdaa0b/lib/python3.6/site-packages/azureml/history/utils/context_managers.py", line 50, in __exit__
    self._exit_stack.__exit__(*args)
  File "/mnt/resource/hadoop/yarn/local/usercache/ninghai/appcache/application_1527512542584_0005/container_e25_1527512542584_0005_03_000001/azureml_40b348c4d7381beefb01312cdebdaa0b.zip/home/ninghai/.azureml/envs/azureml_40b348c4d7381beefb01312cdebdaa0b/lib/python3.6/contextlib.py", line 380, in __exit__
    raise exc_details[1]
  File "/mnt/resource/hadoop/yarn/local/usercache/ninghai/appcache/application_1527512542584_0005/container_e25_1527512542584_0005_03_000001/azureml_40b348c4d7381beefb01312cdebdaa0b.zip/home/ninghai/.azureml/envs/azureml_40b348c4d7381beefb01312cdebdaa0b/lib/python3.6/contextlib.py", line 365, in __exit__
    if cb(*exc_details):
  File "/mnt/resource/hadoop/yarn/local/usercache/ninghai/appcache/application_1527512542584_0005/container_e25_1527512542584_0005_03_000001/azureml_40b348c4d7381beefb01312cdebdaa0b.zip/home/ninghai/.azureml/envs/azureml_40b348c4d7381beefb01312cdebdaa0b/lib/python3.6/contextlib.py", line 284, in _exit_wrapper
    return cm_exit(cm, *exc_details)
  File "/mnt/resource/hadoop/yarn/local/usercache/ninghai/appcache/application_1527512542584_0005/container_e25_1527512542584_0005_03_000001/azureml_40b348c4d7381beefb01312cdebdaa0b.zip/home/ninghai/.azureml/envs/azureml_40b348c4d7381beefb01312cdebdaa0b/lib/python3.6/site-packages/azureml/history/utils/context_managers.py", line 157, in __exit__
    self.run_tracker.upload_file(self.driver_log_name, self.user_log_path)
  File "/mnt/resource/hadoop/yarn/local/usercache/ninghai/appcache/application_1527512542584_0005/container_e25_1527512542584_0005_03_000001/azureml_40b348c4d7381beefb01312cdebdaa0b.zip/home/ninghai/.azureml/envs/azureml_40b348c4d7381beefb01312cdebdaa0b/lib/python3.6/site-packages/azureml/core/run.py", line 461, in upload_file
    return self._client.upload_file(name, path_or_stream)
  File "/mnt/resource/hadoop/yarn/local/usercache/ninghai/appcache/application_1527512542584_0005/container_e25_1527512542584_0005_03_000001/azureml_40b348c4d7381beefb01312cdebdaa0b.zip/home/ninghai/.azureml/envs/azureml_40b348c4d7381beefb01312cdebdaa0b/lib/python3.6/site-packages/azureml/_run_impl/artifacts_client.py", line 53, in upload_file
    assert(len(artifact_keys) == 1)
AssertionError

End of LogType:stdout

Container: container_e25_1527512542584_0005_04_000001 on 10.0.0.13_30050_1527656163919
LogAggregationType: AGGREGATED
======================================================================================
18/05/30 04:56:13 INFO compress.CodecPool: Got brand-new decompressor [.deflate]
LogType:stdout
Log Upload Time:Wed May 30 04:56:03 +0000 2018
LogLength:10712
Log Contents:
****************
Python version: 3.6.2 |Anaconda, Inc.| (default, Oct  5 2017, 07:59:26) 
[GCC 7.2.0]
Spark version: 2.1.0.2.6.0.2-76
****************
First 10 rows of Iris dataset:
+------------+-----------+------------+-----------+-----------+
|sepal-length|sepal-width|petal-length|petal-width|      class|
+------------+-----------+------------+-----------+-----------+
|         5.1|        3.5|         1.4|        0.2|Iris-setosa|
|         4.9|        3.0|         1.4|        0.2|Iris-setosa|
|         4.7|        3.2|         1.3|        0.2|Iris-setosa|
|         4.6|        3.1|         1.5|        0.2|Iris-setosa|
|         5.0|        3.6|         1.4|        0.2|Iris-setosa|
|         5.4|        3.9|         1.7|        0.4|Iris-setosa|
|         4.6|        3.4|         1.4|        0.3|Iris-setosa|
|         5.0|        3.4|         1.5|        0.2|Iris-setosa|
|         4.4|        2.9|         1.4|        0.2|Iris-setosa|
|         4.9|        3.1|         1.5|        0.1|Iris-setosa|
+------------+-----------+------------+-----------+-----------+
only showing top 10 rows

Reading for machine learning
+-----------------+-----+
|         features|label|
+-----------------+-----+
|[5.1,3.5,1.4,0.2]|  0.0|
|[4.9,3.0,1.4,0.2]|  0.0|
|[4.7,3.2,1.3,0.2]|  0.0|
|[4.6,3.1,1.5,0.2]|  0.0|
|[5.0,3.6,1.4,0.2]|  0.0|
|[5.4,3.9,1.7,0.4]|  0.0|
|[4.6,3.4,1.4,0.3]|  0.0|
|[5.0,3.4,1.5,0.2]|  0.0|
|[4.4,2.9,1.4,0.2]|  0.0|
|[4.9,3.1,1.5,0.1]|  0.0|
+-----------------+-----+
only showing top 10 rows

Prediction
+-----------------+-----+--------------------+--------------------+----------+
|         features|label|       rawPrediction|         probability|prediction|
+-----------------+-----+--------------------+--------------------+----------+
|[4.4,2.9,1.4,0.2]|  0.0|[5.55095878488436...|[0.96877207790492...|       0.0|
|[4.6,3.1,1.5,0.2]|  0.0|[5.69678788281428...|[0.97437211096297...|       0.0|
|[4.6,3.2,1.4,0.2]|  0.0|[6.02970363111722...|[0.98260647028151...|       0.0|
|[4.8,3.1,1.6,0.2]|  0.0|[5.36487543989678...|[0.96160266595740...|       0.0|
|[4.9,2.5,4.5,1.7]|  2.0|[-2.1893446539101...|[0.01803987829335...|       1.0|
|[5.0,2.0,3.5,1.0]|  1.0|[-1.0339623489732...|[0.03387396506427...|       1.0|
|[5.0,2.3,3.3,1.0]|  1.0|[-0.1292600819436...|[0.09648194962593...|       1.0|
|[5.0,3.4,1.5,0.2]|  0.0|[5.93766526400887...|[0.98026754151262...|       0.0|
|[5.1,3.5,1.4,0.2]|  0.0|[6.15164727979267...|[0.98425845241759...|       0.0|
|[5.1,3.5,1.4,0.3]|  0.0|[5.93333012110948...|[0.98182279973600...|       0.0|
+-----------------+-----+--------------------+--------------------+----------+
only showing top 10 rows


#####################################
Regularization rate is 0.01
Accuracy is 0.9655172413793104
#####################################

The experiment completed successfully. Starting post-processing steps.
Traceback (most recent call last):
  File "context_manager_injector.py", line 72, in execute_with_context
    with open(complete_file_path, "a") as stream:
FileNotFoundError: [Errno 2] No such file or directory: '/mnt/resource/hadoop/yarn/local/usercache/ninghai/appcache/application_1527512542584_0005/container_e25_1527512542584_0005_04_000001/azureml-setup/complete'

Traceback (most recent call last):
  File "context_manager_injector.py", line 72, in execute_with_context
    with open(complete_file_path, "a") as stream:
FileNotFoundError: [Errno 2] No such file or directory: '/mnt/resource/hadoop/yarn/local/usercache/ninghai/appcache/application_1527512542584_0005/container_e25_1527512542584_0005_04_000001/azureml-setup/complete'

During handling of the above exception, another exception occurred:

Traceback (most recent call last):
  File "/mnt/resource/hadoop/yarn/local/usercache/ninghai/appcache/application_1527512542584_0005/container_e25_1527512542584_0005_04_000001/azureml_40b348c4d7381beefb01312cdebdaa0b.zip/home/ninghai/.azureml/envs/azureml_40b348c4d7381beefb01312cdebdaa0b/lib/python3.6/contextlib.py", line 365, in __exit__
    if cb(*exc_details):
  File "/mnt/resource/hadoop/yarn/local/usercache/ninghai/appcache/application_1527512542584_0005/container_e25_1527512542584_0005_04_000001/azureml_40b348c4d7381beefb01312cdebdaa0b.zip/home/ninghai/.azureml/envs/azureml_40b348c4d7381beefb01312cdebdaa0b/lib/python3.6/contextlib.py", line 284, in _exit_wrapper
    return cm_exit(cm, *exc_details)
  File "/mnt/resource/hadoop/yarn/local/usercache/ninghai/appcache/application_1527512542584_0005/container_e25_1527512542584_0005_04_000001/azureml_40b348c4d7381beefb01312cdebdaa0b.zip/home/ninghai/.azureml/envs/azureml_40b348c4d7381beefb01312cdebdaa0b/lib/python3.6/site-packages/azureml/history/utils/context_managers.py", line 141, in __exit__
    self.blacklist + [self.user_log_path])
  File "/mnt/resource/hadoop/yarn/local/usercache/ninghai/appcache/application_1527512542584_0005/container_e25_1527512542584_0005_04_000001/azureml_40b348c4d7381beefb01312cdebdaa0b.zip/home/ninghai/.azureml/envs/azureml_40b348c4d7381beefb01312cdebdaa0b/lib/python3.6/site-packages/azureml/history/utils/context_managers.py", line 87, in track
    fs.track(run_tracker, track_folders, blacklist)
  File "/mnt/resource/hadoop/yarn/local/usercache/ninghai/appcache/application_1527512542584_0005/container_e25_1527512542584_0005_04_000001/azureml_40b348c4d7381beefb01312cdebdaa0b.zip/home/ninghai/.azureml/envs/azureml_40b348c4d7381beefb01312cdebdaa0b/lib/python3.6/site-packages/azureml/history/utils/filesystem.py", line 130, in track
    self._upload_hdi_outputs(run_tracker)
  File "/mnt/resource/hadoop/yarn/local/usercache/ninghai/appcache/application_1527512542584_0005/container_e25_1527512542584_0005_04_000001/azureml_40b348c4d7381beefb01312cdebdaa0b.zip/home/ninghai/.azureml/envs/azureml_40b348c4d7381beefb01312cdebdaa0b/lib/python3.6/site-packages/azureml/history/utils/filesystem.py", line 154, in _upload_hdi_outputs
    container_sas = get_container_sas(wasburl)
  File "/mnt/resource/hadoop/yarn/local/usercache/ninghai/appcache/application_1527512542584_0005/container_e25_1527512542584_0005_04_000001/azureml_40b348c4d7381beefb01312cdebdaa0b.zip/home/ninghai/.azureml/envs/azureml_40b348c4d7381beefb01312cdebdaa0b/lib/python3.6/site-packages/azureml/history/utils/_hdi_wasb_utils.py", line 32, in get_container_sas
    from azure.storage.models import AccountPermissions
ModuleNotFoundError: No module named 'azure.storage.models'

During handling of the above exception, another exception occurred:

Traceback (most recent call last):
  File "context_manager_injector.py", line 111, in <module>
    execute_with_context(cm_objects, options.invocation)
  File "context_manager_injector.py", line 73, in execute_with_context
    print("Prehistory!", file=stream)
  File "/mnt/resource/hadoop/yarn/local/usercache/ninghai/appcache/application_1527512542584_0005/container_e25_1527512542584_0005_04_000001/azureml_40b348c4d7381beefb01312cdebdaa0b.zip/home/ninghai/.azureml/envs/azureml_40b348c4d7381beefb01312cdebdaa0b/lib/python3.6/contextlib.py", line 380, in __exit__
    raise exc_details[1]
  File "/mnt/resource/hadoop/yarn/local/usercache/ninghai/appcache/application_1527512542584_0005/container_e25_1527512542584_0005_04_000001/azureml_40b348c4d7381beefb01312cdebdaa0b.zip/home/ninghai/.azureml/envs/azureml_40b348c4d7381beefb01312cdebdaa0b/lib/python3.6/contextlib.py", line 365, in __exit__
    if cb(*exc_details):
  File "/mnt/resource/hadoop/yarn/local/usercache/ninghai/appcache/application_1527512542584_0005/container_e25_1527512542584_0005_04_000001/azureml_40b348c4d7381beefb01312cdebdaa0b.zip/home/ninghai/.azureml/envs/azureml_40b348c4d7381beefb01312cdebdaa0b/lib/python3.6/contextlib.py", line 284, in _exit_wrapper
    return cm_exit(cm, *exc_details)
  File "context_manager_injector.py", line 30, in __exit__
    self.context_manager.__exit__(*exc_details)
  File "/mnt/resource/hadoop/yarn/local/usercache/ninghai/appcache/application_1527512542584_0005/container_e25_1527512542584_0005_04_000001/context_managers.py", line 49, in __exit__
    self.history_context.__exit__(*args)
  File "/mnt/resource/hadoop/yarn/local/usercache/ninghai/appcache/application_1527512542584_0005/container_e25_1527512542584_0005_04_000001/azureml_40b348c4d7381beefb01312cdebdaa0b.zip/home/ninghai/.azureml/envs/azureml_40b348c4d7381beefb01312cdebdaa0b/lib/python3.6/site-packages/azureml/history/utils/context_managers.py", line 50, in __exit__
    self._exit_stack.__exit__(*args)
  File "/mnt/resource/hadoop/yarn/local/usercache/ninghai/appcache/application_1527512542584_0005/container_e25_1527512542584_0005_04_000001/azureml_40b348c4d7381beefb01312cdebdaa0b.zip/home/ninghai/.azureml/envs/azureml_40b348c4d7381beefb01312cdebdaa0b/lib/python3.6/contextlib.py", line 380, in __exit__
    raise exc_details[1]
  File "/mnt/resource/hadoop/yarn/local/usercache/ninghai/appcache/application_1527512542584_0005/container_e25_1527512542584_0005_04_000001/azureml_40b348c4d7381beefb01312cdebdaa0b.zip/home/ninghai/.azureml/envs/azureml_40b348c4d7381beefb01312cdebdaa0b/lib/python3.6/contextlib.py", line 365, in __exit__
    if cb(*exc_details):
  File "/mnt/resource/hadoop/yarn/local/usercache/ninghai/appcache/application_1527512542584_0005/container_e25_1527512542584_0005_04_000001/azureml_40b348c4d7381beefb01312cdebdaa0b.zip/home/ninghai/.azureml/envs/azureml_40b348c4d7381beefb01312cdebdaa0b/lib/python3.6/contextlib.py", line 284, in _exit_wrapper
    return cm_exit(cm, *exc_details)
  File "/mnt/resource/hadoop/yarn/local/usercache/ninghai/appcache/application_1527512542584_0005/container_e25_1527512542584_0005_04_000001/azureml_40b348c4d7381beefb01312cdebdaa0b.zip/home/ninghai/.azureml/envs/azureml_40b348c4d7381beefb01312cdebdaa0b/lib/python3.6/site-packages/azureml/history/utils/context_managers.py", line 157, in __exit__
    self.run_tracker.upload_file(self.driver_log_name, self.user_log_path)
  File "/mnt/resource/hadoop/yarn/local/usercache/ninghai/appcache/application_1527512542584_0005/container_e25_1527512542584_0005_04_000001/azureml_40b348c4d7381beefb01312cdebdaa0b.zip/home/ninghai/.azureml/envs/azureml_40b348c4d7381beefb01312cdebdaa0b/lib/python3.6/site-packages/azureml/core/run.py", line 461, in upload_file
    return self._client.upload_file(name, path_or_stream)
  File "/mnt/resource/hadoop/yarn/local/usercache/ninghai/appcache/application_1527512542584_0005/container_e25_1527512542584_0005_04_000001/azureml_40b348c4d7381beefb01312cdebdaa0b.zip/home/ninghai/.azureml/envs/azureml_40b348c4d7381beefb01312cdebdaa0b/lib/python3.6/site-packages/azureml/_run_impl/artifacts_client.py", line 53, in upload_file
    assert(len(artifact_keys) == 1)
AssertionError

End of LogType:stdout

Container: container_e25_1527512542584_0005_05_000001 on 10.0.0.15_30050_1527656164327
LogAggregationType: AGGREGATED
======================================================================================
18/05/30 04:56:13 INFO compress.CodecPool: Got brand-new decompressor [.deflate]
LogType:stdout
Log Upload Time:Wed May 30 04:56:04 +0000 2018
LogLength:10712
Log Contents:
****************
Python version: 3.6.2 |Anaconda, Inc.| (default, Oct  5 2017, 07:59:26) 
[GCC 7.2.0]
Spark version: 2.1.0.2.6.0.2-76
****************
First 10 rows of Iris dataset:
+------------+-----------+------------+-----------+-----------+
|sepal-length|sepal-width|petal-length|petal-width|      class|
+------------+-----------+------------+-----------+-----------+
|         5.1|        3.5|         1.4|        0.2|Iris-setosa|
|         4.9|        3.0|         1.4|        0.2|Iris-setosa|
|         4.7|        3.2|         1.3|        0.2|Iris-setosa|
|         4.6|        3.1|         1.5|        0.2|Iris-setosa|
|         5.0|        3.6|         1.4|        0.2|Iris-setosa|
|         5.4|        3.9|         1.7|        0.4|Iris-setosa|
|         4.6|        3.4|         1.4|        0.3|Iris-setosa|
|         5.0|        3.4|         1.5|        0.2|Iris-setosa|
|         4.4|        2.9|         1.4|        0.2|Iris-setosa|
|         4.9|        3.1|         1.5|        0.1|Iris-setosa|
+------------+-----------+------------+-----------+-----------+
only showing top 10 rows

Reading for machine learning
+-----------------+-----+
|         features|label|
+-----------------+-----+
|[5.1,3.5,1.4,0.2]|  0.0|
|[4.9,3.0,1.4,0.2]|  0.0|
|[4.7,3.2,1.3,0.2]|  0.0|
|[4.6,3.1,1.5,0.2]|  0.0|
|[5.0,3.6,1.4,0.2]|  0.0|
|[5.4,3.9,1.7,0.4]|  0.0|
|[4.6,3.4,1.4,0.3]|  0.0|
|[5.0,3.4,1.5,0.2]|  0.0|
|[4.4,2.9,1.4,0.2]|  0.0|
|[4.9,3.1,1.5,0.1]|  0.0|
+-----------------+-----+
only showing top 10 rows

Prediction
+-----------------+-----+--------------------+--------------------+----------+
|         features|label|       rawPrediction|         probability|prediction|
+-----------------+-----+--------------------+--------------------+----------+
|[4.4,2.9,1.4,0.2]|  0.0|[5.24300520246844...|[0.95902055854705...|       0.0|
|[4.6,3.4,1.4,0.3]|  0.0|[5.91319441570480...|[0.98680363462619...|       0.0|
|[4.8,3.0,1.4,0.1]|  0.0|[5.18570311678603...|[0.94911251606072...|       0.0|
|[4.9,2.5,4.5,1.7]|  2.0|[-1.9257390578827...|[0.02661532972423...|       1.0|
|[4.9,3.1,1.5,0.1]|  0.0|[5.19749848551911...|[0.95284647738691...|       0.0|
|[4.9,3.1,1.5,0.1]|  0.0|[5.19749848551911...|[0.95284647738691...|       0.0|
|[5.0,3.0,1.6,0.2]|  0.0|[4.57639485529910...|[0.91082630990182...|       0.0|
|[5.0,3.5,1.3,0.3]|  0.0|[5.75286281813047...|[0.98280616285528...|       0.0|
|[5.1,2.5,3.0,1.1]|  1.0|[0.35461892449569...|[0.16999974261143...|       1.0|
|[5.1,3.5,1.4,0.2]|  0.0|[5.73828168401375...|[0.98056201579139...|       0.0|
+-----------------+-----+--------------------+--------------------+----------+
only showing top 10 rows


#####################################
Regularization rate is 0.01
Accuracy is 0.9512195121951219
#####################################

The experiment completed successfully. Starting post-processing steps.
Traceback (most recent call last):
  File "context_manager_injector.py", line 72, in execute_with_context
    with open(complete_file_path, "a") as stream:
FileNotFoundError: [Errno 2] No such file or directory: '/mnt/resource/hadoop/yarn/local/usercache/ninghai/appcache/application_1527512542584_0005/container_e25_1527512542584_0005_05_000001/azureml-setup/complete'

Traceback (most recent call last):
  File "context_manager_injector.py", line 72, in execute_with_context
    with open(complete_file_path, "a") as stream:
FileNotFoundError: [Errno 2] No such file or directory: '/mnt/resource/hadoop/yarn/local/usercache/ninghai/appcache/application_1527512542584_0005/container_e25_1527512542584_0005_05_000001/azureml-setup/complete'

During handling of the above exception, another exception occurred:

Traceback (most recent call last):
  File "/mnt/resource/hadoop/yarn/local/usercache/ninghai/appcache/application_1527512542584_0005/container_e25_1527512542584_0005_05_000001/azureml_40b348c4d7381beefb01312cdebdaa0b.zip/home/ninghai/.azureml/envs/azureml_40b348c4d7381beefb01312cdebdaa0b/lib/python3.6/contextlib.py", line 365, in __exit__
    if cb(*exc_details):
  File "/mnt/resource/hadoop/yarn/local/usercache/ninghai/appcache/application_1527512542584_0005/container_e25_1527512542584_0005_05_000001/azureml_40b348c4d7381beefb01312cdebdaa0b.zip/home/ninghai/.azureml/envs/azureml_40b348c4d7381beefb01312cdebdaa0b/lib/python3.6/contextlib.py", line 284, in _exit_wrapper
    return cm_exit(cm, *exc_details)
  File "/mnt/resource/hadoop/yarn/local/usercache/ninghai/appcache/application_1527512542584_0005/container_e25_1527512542584_0005_05_000001/azureml_40b348c4d7381beefb01312cdebdaa0b.zip/home/ninghai/.azureml/envs/azureml_40b348c4d7381beefb01312cdebdaa0b/lib/python3.6/site-packages/azureml/history/utils/context_managers.py", line 141, in __exit__
    self.blacklist + [self.user_log_path])
  File "/mnt/resource/hadoop/yarn/local/usercache/ninghai/appcache/application_1527512542584_0005/container_e25_1527512542584_0005_05_000001/azureml_40b348c4d7381beefb01312cdebdaa0b.zip/home/ninghai/.azureml/envs/azureml_40b348c4d7381beefb01312cdebdaa0b/lib/python3.6/site-packages/azureml/history/utils/context_managers.py", line 87, in track
    fs.track(run_tracker, track_folders, blacklist)
  File "/mnt/resource/hadoop/yarn/local/usercache/ninghai/appcache/application_1527512542584_0005/container_e25_1527512542584_0005_05_000001/azureml_40b348c4d7381beefb01312cdebdaa0b.zip/home/ninghai/.azureml/envs/azureml_40b348c4d7381beefb01312cdebdaa0b/lib/python3.6/site-packages/azureml/history/utils/filesystem.py", line 130, in track
    self._upload_hdi_outputs(run_tracker)
  File "/mnt/resource/hadoop/yarn/local/usercache/ninghai/appcache/application_1527512542584_0005/container_e25_1527512542584_0005_05_000001/azureml_40b348c4d7381beefb01312cdebdaa0b.zip/home/ninghai/.azureml/envs/azureml_40b348c4d7381beefb01312cdebdaa0b/lib/python3.6/site-packages/azureml/history/utils/filesystem.py", line 154, in _upload_hdi_outputs
    container_sas = get_container_sas(wasburl)
  File "/mnt/resource/hadoop/yarn/local/usercache/ninghai/appcache/application_1527512542584_0005/container_e25_1527512542584_0005_05_000001/azureml_40b348c4d7381beefb01312cdebdaa0b.zip/home/ninghai/.azureml/envs/azureml_40b348c4d7381beefb01312cdebdaa0b/lib/python3.6/site-packages/azureml/history/utils/_hdi_wasb_utils.py", line 32, in get_container_sas
    from azure.storage.models import AccountPermissions
ModuleNotFoundError: No module named 'azure.storage.models'

During handling of the above exception, another exception occurred:

Traceback (most recent call last):
  File "context_manager_injector.py", line 111, in <module>
    execute_with_context(cm_objects, options.invocation)
  File "context_manager_injector.py", line 73, in execute_with_context
    print("Prehistory!", file=stream)
  File "/mnt/resource/hadoop/yarn/local/usercache/ninghai/appcache/application_1527512542584_0005/container_e25_1527512542584_0005_05_000001/azureml_40b348c4d7381beefb01312cdebdaa0b.zip/home/ninghai/.azureml/envs/azureml_40b348c4d7381beefb01312cdebdaa0b/lib/python3.6/contextlib.py", line 380, in __exit__
    raise exc_details[1]
  File "/mnt/resource/hadoop/yarn/local/usercache/ninghai/appcache/application_1527512542584_0005/container_e25_1527512542584_0005_05_000001/azureml_40b348c4d7381beefb01312cdebdaa0b.zip/home/ninghai/.azureml/envs/azureml_40b348c4d7381beefb01312cdebdaa0b/lib/python3.6/contextlib.py", line 365, in __exit__
    if cb(*exc_details):
  File "/mnt/resource/hadoop/yarn/local/usercache/ninghai/appcache/application_1527512542584_0005/container_e25_1527512542584_0005_05_000001/azureml_40b348c4d7381beefb01312cdebdaa0b.zip/home/ninghai/.azureml/envs/azureml_40b348c4d7381beefb01312cdebdaa0b/lib/python3.6/contextlib.py", line 284, in _exit_wrapper
    return cm_exit(cm, *exc_details)
  File "context_manager_injector.py", line 30, in __exit__
    self.context_manager.__exit__(*exc_details)
  File "/mnt/resource/hadoop/yarn/local/usercache/ninghai/appcache/application_1527512542584_0005/container_e25_1527512542584_0005_05_000001/context_managers.py", line 49, in __exit__
    self.history_context.__exit__(*args)
  File "/mnt/resource/hadoop/yarn/local/usercache/ninghai/appcache/application_1527512542584_0005/container_e25_1527512542584_0005_05_000001/azureml_40b348c4d7381beefb01312cdebdaa0b.zip/home/ninghai/.azureml/envs/azureml_40b348c4d7381beefb01312cdebdaa0b/lib/python3.6/site-packages/azureml/history/utils/context_managers.py", line 50, in __exit__
    self._exit_stack.__exit__(*args)
  File "/mnt/resource/hadoop/yarn/local/usercache/ninghai/appcache/application_1527512542584_0005/container_e25_1527512542584_0005_05_000001/azureml_40b348c4d7381beefb01312cdebdaa0b.zip/home/ninghai/.azureml/envs/azureml_40b348c4d7381beefb01312cdebdaa0b/lib/python3.6/contextlib.py", line 380, in __exit__
    raise exc_details[1]
  File "/mnt/resource/hadoop/yarn/local/usercache/ninghai/appcache/application_1527512542584_0005/container_e25_1527512542584_0005_05_000001/azureml_40b348c4d7381beefb01312cdebdaa0b.zip/home/ninghai/.azureml/envs/azureml_40b348c4d7381beefb01312cdebdaa0b/lib/python3.6/contextlib.py", line 365, in __exit__
    if cb(*exc_details):
  File "/mnt/resource/hadoop/yarn/local/usercache/ninghai/appcache/application_1527512542584_0005/container_e25_1527512542584_0005_05_000001/azureml_40b348c4d7381beefb01312cdebdaa0b.zip/home/ninghai/.azureml/envs/azureml_40b348c4d7381beefb01312cdebdaa0b/lib/python3.6/contextlib.py", line 284, in _exit_wrapper
    return cm_exit(cm, *exc_details)
  File "/mnt/resource/hadoop/yarn/local/usercache/ninghai/appcache/application_1527512542584_0005/container_e25_1527512542584_0005_05_000001/azureml_40b348c4d7381beefb01312cdebdaa0b.zip/home/ninghai/.azureml/envs/azureml_40b348c4d7381beefb01312cdebdaa0b/lib/python3.6/site-packages/azureml/history/utils/context_managers.py", line 157, in __exit__
    self.run_tracker.upload_file(self.driver_log_name, self.user_log_path)
  File "/mnt/resource/hadoop/yarn/local/usercache/ninghai/appcache/application_1527512542584_0005/container_e25_1527512542584_0005_05_000001/azureml_40b348c4d7381beefb01312cdebdaa0b.zip/home/ninghai/.azureml/envs/azureml_40b348c4d7381beefb01312cdebdaa0b/lib/python3.6/site-packages/azureml/core/run.py", line 461, in upload_file
    return self._client.upload_file(name, path_or_stream)
  File "/mnt/resource/hadoop/yarn/local/usercache/ninghai/appcache/application_1527512542584_0005/container_e25_1527512542584_0005_05_000001/azureml_40b348c4d7381beefb01312cdebdaa0b.zip/home/ninghai/.azureml/envs/azureml_40b348c4d7381beefb01312cdebdaa0b/lib/python3.6/site-packages/azureml/_run_impl/artifacts_client.py", line 53, in upload_file
    assert(len(artifact_keys) == 1)
AssertionError

End of LogType:stdout


Specified ALL for -am option. Printed logs for all am containers.

Execution Summary
=================
RunId: e2e-05_1527655772643

{'Regularization Rate': [0.01, 0.01, 0.01, 0.01, 0.01], 'Accuracy': [1, 0.9444444444444444, 0.9487179487179487, 0.9655172413793104, 0.9512195121951219]}


##### 07.sklearn.hd.py (2018-05-30-00:56:23) ###########
Azure ML Core SDK Version: 0.1.0.981169
Found config.json in: /data/git/ViennaTest/results/daily/2018-05-30-00-30-01-EDT/scripts/aml_config/config.json
Workspace details:
aml-notebooks haieastus2euapws eastus2euap
/tmp/e2e-test/07 already exists, remove it.
/tmp/e2e-test/07
e2e-07
copy train-sklearn-one-model.py to the project folder.
create or load BatchAI compute cpucluster...


##### 08.tf.hd.py (2018-05-30-00:56:26) ################
Azure ML Core SDK Version: 0.1.0.981169
Found config.json in: /data/git/ViennaTest/results/daily/2018-05-30-00-30-01-EDT/scripts/aml_config/config.json
Workspace details:
aml-notebooks haieastus2euapws eastus2euap
/tmp/e2e-test/08 already exists, remove it.
/tmp/e2e-test/08
e2e-08
copy mnist_tf.py to the project folder.
create or load BatchAI compute gpucluster...


##### 10.o16n.py () #################


###################################
########### END AT 2018-05-30-00:56:30
###################################
