/data/git/hai/e2e_test
*** git branch status before ***
  candidate
  daily
* master
On branch master
Your branch is up-to-date with 'origin/master'.
nothing to commit, working directory clean
*** candidate ***
No local changes to save
git checkout candidate
Your branch is up-to-date with 'origin/candidate'.
Already up-to-date.
*** git branch status after ***
* candidate
  daily
  master
On branch candidate
Your branch is up-to-date with 'origin/candidate'.
Changes not staged for commit:
  (use "git add <file>..." to update what will be committed)
  (use "git checkout -- <file>..." to discard changes in working directory)

	modified:   aml_config/config.json

no changes added to commit (use "git add" and/or "git commit -a")
###################################
START AT: 2018-06-08-09:02:32
###################################


##### 01.interactive.e2e.py (2018-06-08-09:02:32) ######
Azure ML Core SDK Version: 0.1.0.1005480
Found config.json in: /data/git/hai/e2e_test/aml_config/config.json
Workspace details:
aml-notebooks haieastus2ws3 eastus2
start sequential parameter sweep...
try alpha value of 0.00
try alpha value of 0.05
try alpha value of 0.10
try alpha value of 0.15
try alpha value of 0.20
try alpha value of 0.25
try alpha value of 0.30
try alpha value of 0.35
try alpha value of 0.40
try alpha value of 0.45
try alpha value of 0.50
try alpha value of 0.55
try alpha value of 0.60
try alpha value of 0.65
try alpha value of 0.70
try alpha value of 0.75
try alpha value of 0.80
try alpha value of 0.85
try alpha value of 0.90
try alpha value of 0.95
Find the best run.
Best run is: 44683913-b91c-4037-b22c-d5721283ef2d
Metrics: {'alpha': 0.4, 'mse': 3295.741064355809, 'columns': ['age', 'gender', 'bmi', 'bp', 's1', 's2', 's3', 's4', 's5', 's6']}
Run history url:
https://mlworkspace.azureml-test.net/home/%2Fsubscriptions%2Ffac34303-435d-4486-8c3f-7094d82a0b60%2FresourceGroups%2Faml-notebooks%2Fproviders%2FMicrosoft.MachineLearningServices%2Fworkspaces%2Fhaieastus2ws3/projects/e2e-01/run-history/run-details/44683913-b91c-4037-b22c-d5721283ef2d
plot mse_over_alpha.png
upload mse_over_alpha.png.
deploying to ACI...
Registering model best_model.pkl
Creating image
Image creation operation finished for image rrs01a:68, operation "Succeeded"
Creating service


##### 02.local.py (2018-06-08-09:05:08) ################
Azure ML Core SDK Version: 0.1.0.1005480
Found config.json in: /data/git/hai/e2e_test/aml_config/config.json
Workspace details:
aml-notebooks haieastus2ws3 eastus2
/tmp/e2e-test/02 already exists, remove it.
/tmp/e2e-test/02
e2e-02
copy train-sklearn.py to the project folder.
load run config

##################################################
submitting train-sklearn.py for a local run...
##################################################

https://mlworkspace.azureml-test.net/home/%2Fsubscriptions%2Ffac34303-435d-4486-8c3f-7094d82a0b60%2FresourceGroups%2Faml-notebooks%2Fproviders%2FMicrosoft.MachineLearningServices%2Fworkspaces%2Fhaieastus2ws3/projects/e2e-02/run-history/run-details/e2e-02_1528463111
RunId: e2e-02_1528463111

Streaming azureml-logs/80_driver_log.txt
========================================

alpha is 0.00, and mse is 3424.32
alpha is 0.05, and mse is 3408.92
alpha is 0.10, and mse is 3372.65
alpha is 0.15, and mse is 3345.15
alpha is 0.20, and mse is 3325.29
alpha is 0.25, and mse is 3311.56
alpha is 0.30, and mse is 3302.67
alpha is 0.35, and mse is 3297.66
alpha is 0.40, and mse is 3295.74
alpha is 0.45, and mse is 3296.32
alpha is 0.50, and mse is 3298.91
alpha is 0.55, and mse is 3303.14
alpha is 0.60, and mse is 3308.70
alpha is 0.65, and mse is 3315.36
alpha is 0.70, and mse is 3322.90
alpha is 0.75, and mse is 3331.17
alpha is 0.80, and mse is 3340.02
alpha is 0.85, and mse is 3349.36
alpha is 0.90, and mse is 3359.09
alpha is 0.95, and mse is 3369.13
The experiment completed successfully. Starting post-processing steps.

Execution Summary
=================
RunId: e2e-02_1528463111


##################################################
Submitting train-sklearn.py for a local conda run...
##################################################

https://mlworkspace.azureml-test.net/home/%2Fsubscriptions%2Ffac34303-435d-4486-8c3f-7094d82a0b60%2FresourceGroups%2Faml-notebooks%2Fproviders%2FMicrosoft.MachineLearningServices%2Fworkspaces%2Fhaieastus2ws3/projects/e2e-02/run-history/run-details/e2e-02_1528463135
RunId: e2e-02_1528463135

Streaming azureml-logs/60_control_log.txt
=========================================

Uploading experiment status to history service.
Adding run profile attachment azureml-logs/60_control_log.txt
Running: ['/home/ninghai/.azureml/envs/azureml_2a9900e538c4d66a9c044566e96aa6f1/bin/python', 'azureml-setup/run_script.py', '/home/ninghai/.azureml/envs/azureml_2a9900e538c4d66a9c044566e96aa6f1/bin/python', 'azureml-setup/context_manager_injector.py', '-i', 'OutputCollection:context_managers.RunHistory', 'train-sklearn.py']
Logging experiment running status in history service.
Uploading experiment status to history service.
Adding run profile attachment azureml-logs/80_driver_log.txt

Streaming azureml-logs/80_driver_log.txt
========================================

alpha is 0.00, and mse is 3424.32
alpha is 0.05, and mse is 3408.92
alpha is 0.10, and mse is 3372.65
alpha is 0.15, and mse is 3345.15
alpha is 0.20, and mse is 3325.29
alpha is 0.25, and mse is 3311.56
alpha is 0.30, and mse is 3302.67
alpha is 0.35, and mse is 3297.66
alpha is 0.40, and mse is 3295.74
alpha is 0.45, and mse is 3296.32
alpha is 0.50, and mse is 3298.91
alpha is 0.55, and mse is 3303.14
alpha is 0.60, and mse is 3308.70
alpha is 0.65, and mse is 3315.36
alpha is 0.70, and mse is 3322.90
alpha is 0.75, and mse is 3331.17
alpha is 0.80, and mse is 3340.02
alpha is 0.85, and mse is 3349.36
alpha is 0.90, and mse is 3359.09
alpha is 0.95, and mse is 3369.13
The experiment completed successfully. Starting post-processing steps.

Execution Summary
=================
RunId: e2e-02_1528463135

When alpha is 0.40, we have min MSE 3295.74.


##### 03.aci.py (2018-06-08-09:05:54) ##################
Azure ML Core SDK Version: 0.1.0.1005480
Found config.json in: /data/git/hai/e2e_test/aml_config/config.json
Workspace details:
aml-notebooks haieastus2ws3 eastus2
/tmp/e2e-test/03 already exists, remove it.
/tmp/e2e-test/03
e2e-03
copy train-sklearn.py to the project folder.

##################################################
ACI run...
##################################################

Create a run config object for ACI
base image is continuumio/miniconda3:4.4.10
submitting run...
https://mlworkspace.azureml-test.net/home/%2Fsubscriptions%2Ffac34303-435d-4486-8c3f-7094d82a0b60%2FresourceGroups%2Faml-notebooks%2Fproviders%2FMicrosoft.MachineLearningServices%2Fworkspaces%2Fhaieastus2ws3/projects/e2e-03/run-history/run-details/e2e-03_1528463157174
RunId: e2e-03_1528463157174

Streaming azureml-logs/20_ice_log.txt
=====================================


Streaming azureml-logs/60_control_log.txt
=========================================

Uploading experiment status to history service.
Adding run profile attachment azureml-logs/80_driver_log.txt

Streaming azureml-logs/80_driver_log.txt
========================================

alpha is 0.00, and mse is 3424.32
alpha is 0.05, and mse is 3408.92
alpha is 0.10, and mse is 3372.65
alpha is 0.15, and mse is 3345.15
alpha is 0.20, and mse is 3325.29
alpha is 0.25, and mse is 3311.56
alpha is 0.30, and mse is 3302.67
alpha is 0.35, and mse is 3297.66
alpha is 0.40, and mse is 3295.74
alpha is 0.45, and mse is 3296.32
alpha is 0.50, and mse is 3298.91
alpha is 0.55, and mse is 3303.14
alpha is 0.60, and mse is 3308.70
alpha is 0.65, and mse is 3315.36
alpha is 0.70, and mse is 3322.90
alpha is 0.75, and mse is 3331.17
alpha is 0.80, and mse is 3340.02
alpha is 0.85, and mse is 3349.36
alpha is 0.90, and mse is 3359.09
alpha is 0.95, and mse is 3369.13
The experiment completed successfully. Starting post-processing steps.

Execution Summary
=================
RunId: e2e-03_1528463157174

When alpha is 0.40, we have min MSE 3295.74.


##### 04.dsvm (2018-06-08-09:11:57) ####################
Azure ML Core SDK Version: 0.1.0.1005480
Found config.json in: /data/git/hai/e2e_test/aml_config/config.json
Workspace details:
aml-notebooks haieastus2ws3 eastus2
/tmp/e2e-test/04 already exists, remove it.
/tmp/e2e-test/04
e2e-04
copy train-sklearn.py to the project folder.

##################################################
Bare VM run
##################################################

Load the cpu-dsvm config from aml_config directory...
submit run...
https://mlworkspace.azureml-test.net/home/%2Fsubscriptions%2Ffac34303-435d-4486-8c3f-7094d82a0b60%2FresourceGroups%2Faml-notebooks%2Fproviders%2FMicrosoft.MachineLearningServices%2Fworkspaces%2Fhaieastus2ws3/projects/e2e-04/run-history/run-details/e2e-04_1528463520715
RunId: e2e-04_1528463520715

Streaming azureml-logs/80_driver_log.txt
========================================

Traceback (most recent call last):
  File "/anaconda/envs/myenv/lib/python3.6/site-packages/azureml/restclient/workspace_client.py", line 72, in get_cluster_url
    return get_history_service_url(auth, self.get_workspace_uri_path())
  File "/anaconda/envs/myenv/lib/python3.6/site-packages/azureml/base_sdk_common/service_discovery.py", line 33, in get_history_service_url
    return CachedServiceDiscovery(auth).get_service_url(account_scope, 'history', AppSettings().get_flight())
  File "/anaconda/envs/myenv/lib/python3.6/site-packages/azureml/base_sdk_common/service_discovery.py", line 57, in get_service_url
    return self.get_flight(account_scope, service_name, flight)[service_name]
  File "/anaconda/envs/myenv/lib/python3.6/site-packages/azureml/base_sdk_common/service_discovery.py", line 131, in get_flight
    flight)
  File "/anaconda/envs/myenv/lib/python3.6/site-packages/azureml/base_sdk_common/service_discovery.py", line 60, in get_flight
    discovery_url = self.get_discovery_url(account_scope)
  File "/anaconda/envs/myenv/lib/python3.6/site-packages/azureml/base_sdk_common/service_discovery.py", line 77, in get_discovery_url
    resource = self._get_team_resource(account_scope)
  File "/anaconda/envs/myenv/lib/python3.6/site-packages/azureml/base_sdk_common/service_discovery.py", line 91, in _get_team_resource
    status.raise_for_status()
  File "/anaconda/envs/myenv/lib/python3.6/site-packages/requests/models.py", line 935, in raise_for_status
    raise HTTPError(http_error_msg, response=self)
requests.exceptions.HTTPError: 401 Client Error: Unauthorized for url: https://management.azure.com/subscriptions/fac34303-435d-4486-8c3f-7094d82a0b60/resourceGroups/aml-notebooks/providers/Microsoft.MachineLearningServices/workspaces/haieastus2ws3?api-version=2018-03-01-preview

During handling of the above exception, another exception occurred:

Traceback (most recent call last):
  File "azureml-setup/context_manager_injector.py", line 111, in <module>
    execute_with_context(cm_objects, options.invocation)
  File "azureml-setup/context_manager_injector.py", line 59, in execute_with_context
    stack.enter_context(wrapper)
  File "/anaconda/envs/myenv/lib/python3.6/contextlib.py", line 330, in enter_context
    result = _cm_type.__enter__(cm)
  File "azureml-setup/context_manager_injector.py", line 26, in __enter__
    self.context_manager.__enter__()
  File "/tmp/azureml_runs/e2e-04_1528463520715/azureml-setup/context_managers.py", line 43, in __enter__
    [os.environ.get("AZUREML_DRIVERLOG_PATH"), os.environ.get("AZUREML_CONTROLLOG_PATH")])
  File "/anaconda/envs/myenv/lib/python3.6/site-packages/azureml/history/_tracking.py", line 52, in get_history_context
    run = Run.get_submitted_run()
  File "/anaconda/envs/myenv/lib/python3.6/site-packages/azureml/core/run.py", line 251, in get_submitted_run
    tf_logs="logs")
  File "/anaconda/envs/myenv/lib/python3.6/site-packages/azureml/core/run.py", line 256, in get_run
    return Run(*args, **kwargs)
  File "/anaconda/envs/myenv/lib/python3.6/site-packages/azureml/core/run.py", line 47, in __init__
    self._client = HistoryClient(self._run_history_object, self._run_id)
  File "/anaconda/envs/myenv/lib/python3.6/site-packages/azureml/_run_impl/run_client.py", line 24, in __init__
    run_history_object.name, _host=_cluster_url)
  File "/anaconda/envs/myenv/lib/python3.6/site-packages/azureml/restclient/run_history_client.py", line 55, in create
    history_name, logger)
  File "/anaconda/envs/myenv/lib/python3.6/site-packages/azureml/restclient/project_client.py", line 39, in __init__
    logger)
  File "/anaconda/envs/myenv/lib/python3.6/site-packages/azureml/restclient/workspace_client.py", line 38, in __init__
    host = host if host else self.get_cluster_url(auth)
  File "/anaconda/envs/myenv/lib/python3.6/site-packages/azureml/restclient/workspace_client.py", line 79, in get_cluster_url
    raise ProjectSystemException(str(response_exception.response))
azureml.exceptions.azureml_exception.ProjectSystemException: <Response [401]>

Execution Summary
=================
RunId: e2e-04_1528463520715


##################################################
DSVM Docker run...
##################################################

Load cpu-dsvm run config and make it to use Docker.
Base Docker image is: continuumio/miniconda3:4.4.10
submitting run...
https://mlworkspace.azureml-test.net/home/%2Fsubscriptions%2Ffac34303-435d-4486-8c3f-7094d82a0b60%2FresourceGroups%2Faml-notebooks%2Fproviders%2FMicrosoft.MachineLearningServices%2Fworkspaces%2Fhaieastus2ws3/projects/e2e-04/run-history/run-details/e2e-04_1528463528335
RunId: e2e-04_1528463528335

Streaming azureml-logs/80_driver_log.txt
========================================

alpha is 0.00, and mse is 3424.32
alpha is 0.05, and mse is 3408.92
alpha is 0.10, and mse is 3372.65
alpha is 0.15, and mse is 3345.15
alpha is 0.20, and mse is 3325.29
alpha is 0.25, and mse is 3311.56
alpha is 0.30, and mse is 3302.67
alpha is 0.35, and mse is 3297.66
alpha is 0.40, and mse is 3295.74
alpha is 0.45, and mse is 3296.32
alpha is 0.50, and mse is 3298.91
alpha is 0.55, and mse is 3303.14
alpha is 0.60, and mse is 3308.70
alpha is 0.65, and mse is 3315.36
alpha is 0.70, and mse is 3322.90
alpha is 0.75, and mse is 3331.17
alpha is 0.80, and mse is 3340.02
alpha is 0.85, and mse is 3349.36
alpha is 0.90, and mse is 3359.09
alpha is 0.95, and mse is 3369.13
The experiment completed successfully. Starting post-processing steps.

Execution Summary
=================
RunId: e2e-04_1528463528335

load cpu-dsvm run config and make it use a custom Docker image.
base image: ninghai/azureml:0.3

##################################################
submitting train-sklearn.py for a Custom Docker run on VM...
##################################################

https://mlworkspace.azureml-test.net/home/%2Fsubscriptions%2Ffac34303-435d-4486-8c3f-7094d82a0b60%2FresourceGroups%2Faml-notebooks%2Fproviders%2FMicrosoft.MachineLearningServices%2Fworkspaces%2Fhaieastus2ws3/projects/e2e-04/run-history/run-details/e2e-04_1528463556711
RunId: e2e-04_1528463556711

Streaming azureml-logs/80_driver_log.txt
========================================

alpha is 0.00, and mse is 3424.32
alpha is 0.05, and mse is 3408.92
alpha is 0.10, and mse is 3372.65
alpha is 0.15, and mse is 3345.15
alpha is 0.20, and mse is 3325.29
alpha is 0.25, and mse is 3311.56
alpha is 0.30, and mse is 3302.67
alpha is 0.35, and mse is 3297.66
alpha is 0.40, and mse is 3295.74
alpha is 0.45, and mse is 3296.32
alpha is 0.50, and mse is 3298.91
alpha is 0.55, and mse is 3303.14
alpha is 0.60, and mse is 3308.70
alpha is 0.65, and mse is 3315.36
alpha is 0.70, and mse is 3322.90
alpha is 0.75, and mse is 3331.17
alpha is 0.80, and mse is 3340.02
alpha is 0.85, and mse is 3349.36
alpha is 0.90, and mse is 3359.09
alpha is 0.95, and mse is 3369.13
The experiment completed successfully. Starting post-processing steps.

Execution Summary
=================
RunId: e2e-04_1528463556711

When alpha is 0.40, we have min MSE 3295.74.


##### 05.spark (2018-06-08-09:13:15) ###################
Azure ML Core SDK Version: 0.1.0.1005480
Found config.json in: /data/git/hai/e2e_test/aml_config/config.json
Workspace details:
aml-notebooks haieastus2ws3 eastus2
/tmp/e2e-test/05 already exists, remove it.
/tmp/e2e-test/05
e2e-05
copy train-spark.py and iris.csv to the project folder.
create an ACI run config.
base image is microsoft/mmlspark:0.12

##################################################
submitting train-spark.py for a Spark run on ACI...
##################################################

https://mlworkspace.azureml-test.net/home/%2Fsubscriptions%2Ffac34303-435d-4486-8c3f-7094d82a0b60%2FresourceGroups%2Faml-notebooks%2Fproviders%2FMicrosoft.MachineLearningServices%2Fworkspaces%2Fhaieastus2ws3/projects/e2e-05/run-history/run-details/e2e-05_1528463598787
RunId: e2e-05_1528463598787

Streaming azureml-logs/20_ice_log.txt
=====================================


Streaming azureml-logs/60_control_log.txt
=========================================

Uploading experiment status to history service.
Adding run profile attachment azureml-logs/80_driver_log.txt

Streaming azureml-logs/80_driver_log.txt
========================================

Using Spark's default log4j profile: org/apache/spark/log4j-defaults.properties
Setting default log level to "WARN".
To adjust logging level use sc.setLogLevel(newLevel). For SparkR, use setLogLevel(newLevel).
18/06/08 13:22:15 WARN NativeCodeLoader: Unable to load native-hadoop library for your platform... using builtin-java classes where applicable
****************
Python version: 3.6.2 |Anaconda, Inc.| (default, Oct  5 2017, 07:59:26) 
[GCC 7.2.0]
Spark version: 2.2.1
****************
First 10 rows of Iris dataset:
+------------+-----------+------------+-----------+-----------+
|sepal-length|sepal-width|petal-length|petal-width|      class|
+------------+-----------+------------+-----------+-----------+
|         5.1|        3.5|         1.4|        0.2|Iris-setosa|
|         4.9|        3.0|         1.4|        0.2|Iris-setosa|
|         4.7|        3.2|         1.3|        0.2|Iris-setosa|
|         4.6|        3.1|         1.5|        0.2|Iris-setosa|
|         5.0|        3.6|         1.4|        0.2|Iris-setosa|
|         5.4|        3.9|         1.7|        0.4|Iris-setosa|
|         4.6|        3.4|         1.4|        0.3|Iris-setosa|
|         5.0|        3.4|         1.5|        0.2|Iris-setosa|
|         4.4|        2.9|         1.4|        0.2|Iris-setosa|
|         4.9|        3.1|         1.5|        0.1|Iris-setosa|
+------------+-----------+------------+-----------+-----------+
only showing top 10 rows

Load featurized dataset for machine learning...
+-----------------+-----+
|         features|label|
+-----------------+-----+
|[5.1,3.5,1.4,0.2]|  0.0|
|[4.9,3.0,1.4,0.2]|  0.0|
|[4.7,3.2,1.3,0.2]|  0.0|
|[4.6,3.1,1.5,0.2]|  0.0|
|[5.0,3.6,1.4,0.2]|  0.0|
|[5.4,3.9,1.7,0.4]|  0.0|
|[4.6,3.4,1.4,0.3]|  0.0|
|[5.0,3.4,1.5,0.2]|  0.0|
|[4.4,2.9,1.4,0.2]|  0.0|
|[4.9,3.1,1.5,0.1]|  0.0|
+-----------------+-----+
only showing top 10 rows

18/06/08 13:22:35 WARN BLAS: Failed to load implementation from: com.github.fommil.netlib.NativeSystemBLAS
18/06/08 13:22:35 WARN BLAS: Failed to load implementation from: com.github.fommil.netlib.NativeRefBLAS
Prediction
+-----------------+-----+--------------------+--------------------+----------+
|         features|label|       rawPrediction|         probability|prediction|
+-----------------+-----+--------------------+--------------------+----------+
|[4.6,3.1,1.5,0.2]|  0.0|[5.26555813260586...|[0.97171539939626...|       0.0|
|[4.7,3.2,1.3,0.2]|  0.0|[5.53231877114506...|[0.97907589645866...|       0.0|
|[4.7,3.2,1.6,0.2]|  0.0|[5.25949310597878...|[0.97372620506346...|       0.0|
|[4.9,2.4,3.3,1.0]|  1.0|[0.27498695471967...|[0.15519528370790...|       1.0|
|[4.9,3.1,1.5,0.1]|  0.0|[5.10504706291132...|[0.95634962691737...|       0.0|
|[4.9,3.1,1.5,0.1]|  0.0|[5.10504706291132...|[0.95634962691737...|       0.0|
|[5.0,2.0,3.5,1.0]|  1.0|[-0.8410465797094...|[0.03242702818908...|       1.0|
|[5.0,3.4,1.5,0.2]|  0.0|[5.40126025576994...|[0.97834894641115...|       0.0|
|[5.1,2.5,3.0,1.1]|  1.0|[0.31748670285828...|[0.16730662801990...|       1.0|
|[5.1,3.4,1.5,0.2]|  0.0|[5.28233179364897...|[0.97402459486138...|       0.0|
+-----------------+-----+--------------------+--------------------+----------+
only showing top 10 rows


#####################################
Regularization rate is 0.01
Accuracy is 0.9318181818181818
#####################################

The experiment completed successfully. Starting post-processing steps.

Execution Summary
=================
RunId: e2e-05_1528463598787

attach a VM target:
Load the cpu-dsvm config and make it run Spark:
base image is: microsoft/mmlspark:0.12

##################################################
submitting train-spark.py for a Spark run on Docker in VM...
##################################################

https://mlworkspace.azureml-test.net/home/%2Fsubscriptions%2Ffac34303-435d-4486-8c3f-7094d82a0b60%2FresourceGroups%2Faml-notebooks%2Fproviders%2FMicrosoft.MachineLearningServices%2Fworkspaces%2Fhaieastus2ws3/projects/e2e-05/run-history/run-details/e2e-05_1528464307844
RunId: e2e-05_1528464307844

Streaming azureml-logs/60_control_log.txt
=========================================

Uploading experiment status to history service.
Adding run profile attachment azureml-logs/60_control_log.txt
Logging experiment running status in history service.
Running: ['sudo', 'docker', 'run', '--name', 'e2e-05_1528464307844', '--rm', '-v', '/tmp/azureml_runs/e2e-05_1528464307844:/azureml-run', '-e', 'PYSPARK_PYTHON=/azureml-envs/azureml_40b348c4d7381beefb01312cdebdaa0b/bin/python', '-e', 'AZUREML_DOCKERFILE_PATH=azureml-setup/Dockerfile', '-e', 'AZUREML_CONDA_ENVIRONMENT_EXISTENCE_INDICATOR=$HOME/.azureml/locks/azureml_40b348c4d7381beefb01312cdebdaa0b', '-e', 'AZUREML_CONDA_ENVIRONMENT_PATH=/azureml-envs/azureml_40b348c4d7381beefb01312cdebdaa0b', '-e', 'AZUREML_CONDA_LOCK_PATH=$HOME/.azureml/locks/azureml_conda_lock', '-e', 'EXAMPLE_ENV_VAR=EXAMPLE_VALUE', '-e', 'AZUREML_CONTEXT_MANAGER_OUTPUTCOLLECTION=null', '-e', 'AZUREML_RUN_TOKEN_EXPIRY=1529069108', '-e', 'AZUREML_RUN_TOKEN=eyJhbGciOiJSUzI1NiIsImtpZCI6IjMwQTk2ODc3NzgyNDgwMEFFQTc3RTFGMzZBMzM0NTU4OUI0N0VDREIiLCJ0eXAiOiJKV1QifQ.eyJydW5pZCI6ImUyZS0wNV8xNTI4NDY0MzA3ODQ0Iiwicm9sZSI6IkNvbnRyaWJ1dG9yIiwic2NvcGUiOiIvc3Vic2NyaXB0aW9ucy9mYWMzNDMwMy00MzVkLTQ0ODYtOGMzZi03MDk0ZDgyYTBiNjAvcmVzb3VyY2VHcm91cHMvYW1sLW5vdGVib29rcy9wcm92aWRlcnMvTWljcm9zb2Z0Lk1hY2hpbmVMZWFybmluZ1NlcnZpY2VzL3dvcmtzcGFjZXMvaGFpZWFzdHVzMndzMyIsImFjY291bnRpZCI6IjViM2RmZjkxLWEwM2ItNDcyZC1iZjVmLTdhNTU3Mjk5ZmEwZSIsIndvcmtzcGFjZUlkIjoiNWIzZGZmOTEtYTAzYi00NzJkLWJmNWYtN2E1NTcyOTlmYTBlIiwicHJvamVjdGlkIjoiYTFkZWViNjMtOThlYS00N2ZhLTkxMTQtODc3YTBiMDc3OTMxIiwiZGlzY292ZXJ5IjoiaHR0cHM6Ly9lYXN0dXMyLmV4cGVyaW1lbnRzLmF6dXJlbWwubmV0L2Rpc2NvdmVyeSIsInRpZCI6IjcyZjk4OGJmLTg2ZjEtNDFhZi05MWFiLTJkN2NkMDExZGI0NyIsIm9pZCI6ImZiN2QyYmJmLTJjNTQtNDZkNy04Nzc1LTdlMzE4NjQ0ZGQ2YiIsImV4cCI6MTUyOTA2OTEwOCwiaXNzIjoiYXp1cmVtbCIsImF1ZCI6ImF6dXJlbWwifQ.V5rEpA_m2Lay83QMlmuU607Ftry1Ag4il2FuHBSg3EtB-fJOnSZ4nOCWZsstd8uleSnMDhwWm7H75M3Jdv1NEXA5c6bgE-2ajohQ250-0Vl4XX1doMMCxqb47VEFpwB_eoy7oyYPKmId8T7olnFX9md-coKPGdB1edfQ_T1B6kkaWPjzSTemPSQrRUpLlbzVUMSy5jYBaId36utNQghag0IETHoFzq3nsDfMVdpSQGxnz8DRlMENv33mS-hHoQ5Un5MjmBAVgTM2IOOMi3OKQd1Kq_EjEkzVhAv8Pyj6nmYF5-zZxc0gJk-oXc8BDinNggn1h52mOpk4l9v2AwoVcA', '-e', 'PYTHONUNBUFFERED=True', '-e', 'AZUREML_ARM_PROJECT_NAME=e2e-05', '-e', 'AZUREML_ARM_WORKSPACE_NAME=haieastus2ws3', '-e', 'AZUREML_ARM_SUBSCRIPTION=fac34303-435d-4486-8c3f-7094d82a0b60', '-e', 'AZUREML_ARM_RESOURCEGROUP=aml-notebooks', '-e', 'AZUREML_ARM_SCOPE=/subscriptions/fac34303-435d-4486-8c3f-7094d82a0b60/resourceGroups/aml-notebooks/providers/Microsoft.MachineLearningServices/workspaces/haieastus2ws3/projects/e2e-05', '-e', 'AZUREML_DISCOVERY_SERVICE_ENDPOINT=https://eastus2.experiments.azureml.net/discovery', '-e', 'AZUREML_SERVICE_ENDPOINT=https://eastus2.experiments.azureml.net', '-e', 'AZUREML_RUN_CONFIGURATION=azureml-setup/mutated_run_configuration.yml', '-e', 'AZUREML_INSTRUMENTATION_KEY=c684677d-b3a0-4709-a00e-78e5b31cfafa', '-e', 'AZUREML_DRIVERLOG_PATH=azureml-logs/driver_log.txt', '-e', 'AZUREML_CONTROLLOG_PATH=azureml-logs/control_log.txt', '-e', 'AZUREML_LOGDIRECTORY_PATH=azureml-logs/', '-e', 'AZUREML_COMPLETEFILE_PATH=azureml-setup/complete', '-e', 'AZUREML_PIDFILE_PATH=azureml-setup/pid.txt', '-e', 'AZUREML_RUN_ID=e2e-05_1528464307844', 'azureml/azureml_2ed57bef1da71375bd881703708d5260', '/bin/bash', '-c', '"/azureml-envs/azureml_40b348c4d7381beefb01312cdebdaa0b/bin/python" "azureml-setup/run_script.py" "$SPARK_HOME/bin/spark-submit" "--repositories" "https://mmlspark.azureedge.net/maven,https://azuremldownloads.blob.core.windows.net/repo5qh91kdjs6" "--packages" "com.microsoft.ml.spark:mmlspark_2.11:0.12,com.microsoft:dprep_2.11:0.18.0,com.microsoft.sqlserver:mssql-jdbc:6.2.1.jre8" "--driver-java-options" "-Dlog4j.configuration=file:./azureml-setup/log4j.properties" "--conf" "spark.eventLog.enabled=true" "--conf" "spark.eventLog.dir=./azureml-logs" "azureml-setup/context_manager_injector.py" "-i" "OutputCollection:context_managers.RunHistory" "train-spark.py"']
Uploading experiment status to history service.
Adding run profile attachment azureml-logs/80_driver_log.txt

Streaming azureml-logs/80_driver_log.txt
========================================

https://mmlspark.azureedge.net/maven added as a remote repository with the name: repo-1
https://azuremldownloads.blob.core.windows.net/repo5qh91kdjs6 added as a remote repository with the name: repo-2
Ivy Default Cache set to: /root/.ivy2/cache
The jars for the packages stored in: /root/.ivy2/jars
:: loading settings :: url = jar:file:/home/mmlspark/lib/spark/jars/ivy-2.4.0.jar!/org/apache/ivy/core/settings/ivysettings.xml
com.microsoft.ml.spark#mmlspark_2.11 added as a dependency
com.microsoft#dprep_2.11 added as a dependency
com.microsoft.sqlserver#mssql-jdbc added as a dependency
:: resolving dependencies :: org.apache.spark#spark-submit-parent;1.0
	confs: [default]
	found com.microsoft.ml.spark#mmlspark_2.11;0.12 in repo-1
	found io.spray#spray-json_2.11;1.3.2 in central
	found com.microsoft.cntk#cntk;2.4 in central
	found org.openpnp#opencv;3.2.0-1 in central
	found com.microsoft.ml.lightgbm#lightgbmlib;2.0.120 in central
	found com.microsoft#dprep_2.11;0.18.0 in repo-2
	found com.microsoft.programSynthesis#tText;4.1.0-preview2018010901 in repo-2
	found com.microsoft.programSynthesis#dsl;4.1.0-preview2018010901 in repo-2
	found com.microsoft.programSynthesis#sText;4.1.0-preview2018010901 in repo-2
	found com.microsoft.sqlserver#mssql-jdbc;6.2.1.jre8 in central
:: resolution report :: resolve 386ms :: artifacts dl 16ms
	:: modules in use:
	com.microsoft#dprep_2.11;0.18.0 from repo-2 in [default]
	com.microsoft.cntk#cntk;2.4 from central in [default]
	com.microsoft.ml.lightgbm#lightgbmlib;2.0.120 from central in [default]
	com.microsoft.ml.spark#mmlspark_2.11;0.12 from repo-1 in [default]
	com.microsoft.programSynthesis#dsl;4.1.0-preview2018010901 from repo-2 in [default]
	com.microsoft.programSynthesis#sText;4.1.0-preview2018010901 from repo-2 in [default]
	com.microsoft.programSynthesis#tText;4.1.0-preview2018010901 from repo-2 in [default]
	com.microsoft.sqlserver#mssql-jdbc;6.2.1.jre8 from central in [default]
	io.spray#spray-json_2.11;1.3.2 from central in [default]
	org.openpnp#opencv;3.2.0-1 from central in [default]
	---------------------------------------------------------------------
	|                  |            modules            ||   artifacts   |
	|       conf       | number| search|dwnlded|evicted|| number|dwnlded|
	---------------------------------------------------------------------
	|      default     |   10  |   0   |   0   |   0   ||   10  |   0   |
	---------------------------------------------------------------------
:: retrieving :: org.apache.spark#spark-submit-parent
	confs: [default]
	0 artifacts copied, 10 already retrieved (0kB/12ms)
****************
Python version: 3.6.2 |Anaconda, Inc.| (default, Oct  5 2017, 07:59:26) 
[GCC 7.2.0]
Spark version: 2.2.1
****************
First 10 rows of Iris dataset:
+------------+-----------+------------+-----------+-----------+
|sepal-length|sepal-width|petal-length|petal-width|      class|
+------------+-----------+------------+-----------+-----------+
|         5.1|        3.5|         1.4|        0.2|Iris-setosa|
|         4.9|        3.0|         1.4|        0.2|Iris-setosa|
|         4.7|        3.2|         1.3|        0.2|Iris-setosa|
|         4.6|        3.1|         1.5|        0.2|Iris-setosa|
|         5.0|        3.6|         1.4|        0.2|Iris-setosa|
|         5.4|        3.9|         1.7|        0.4|Iris-setosa|
|         4.6|        3.4|         1.4|        0.3|Iris-setosa|
|         5.0|        3.4|         1.5|        0.2|Iris-setosa|
|         4.4|        2.9|         1.4|        0.2|Iris-setosa|
|         4.9|        3.1|         1.5|        0.1|Iris-setosa|
+------------+-----------+------------+-----------+-----------+
only showing top 10 rows

Load featurized dataset for machine learning...
+-----------------+-----+
|         features|label|
+-----------------+-----+
|[5.1,3.5,1.4,0.2]|  0.0|
|[4.9,3.0,1.4,0.2]|  0.0|
|[4.7,3.2,1.3,0.2]|  0.0|
|[4.6,3.1,1.5,0.2]|  0.0|
|[5.0,3.6,1.4,0.2]|  0.0|
|[5.4,3.9,1.7,0.4]|  0.0|
|[4.6,3.4,1.4,0.3]|  0.0|
|[5.0,3.4,1.5,0.2]|  0.0|
|[4.4,2.9,1.4,0.2]|  0.0|
|[4.9,3.1,1.5,0.1]|  0.0|
+-----------------+-----+
only showing top 10 rows

Prediction
+-----------------+-----+--------------------+--------------------+----------+
|         features|label|       rawPrediction|         probability|prediction|
+-----------------+-----+--------------------+--------------------+----------+
|[4.4,2.9,1.4,0.2]|  0.0|[5.19819115294827...|[0.94299038021926...|       0.0|
|[4.4,3.2,1.3,0.2]|  0.0|[6.05209665264015...|[0.98189330856641...|       0.0|
|[4.5,2.3,1.3,0.3]|  0.0|[3.43323149281751...|[0.58859220652218...|       0.0|
|[4.6,3.1,1.5,0.2]|  0.0|[5.38358338142083...|[0.95925217361517...|       0.0|
|[4.6,3.6,1.0,0.2]|  0.0|[7.09940090951028...|[0.99540898683259...|       0.0|
|[4.8,3.1,1.6,0.2]|  0.0|[5.05823361581939...|[0.94094194624635...|       0.0|
|[4.9,2.5,4.5,1.7]|  2.0|[-2.1649671134499...|[0.01738578668428...|       1.0|
|[5.0,2.0,3.5,1.0]|  1.0|[-1.2704427354803...|[0.01669088782166...|       1.0|
|[5.0,3.0,1.6,0.2]|  0.0|[4.56530536176186...|[0.88881828200915...|       0.0|
|[5.0,3.2,1.2,0.2]|  0.0|[5.42721739015943...|[0.95737169205156...|       0.0|
+-----------------+-----+--------------------+--------------------+----------+
only showing top 10 rows


#####################################
Regularization rate is 0.01
Accuracy is 0.9473684210526315
#####################################

The experiment completed successfully. Starting post-processing steps.

Execution Summary
=================
RunId: e2e-05_1528464307844

attach HDI
Load HDI run config.

##################################################
submitting train-spark.py for a HDI run...
##################################################

https://mlworkspace.azureml-test.net/home/%2Fsubscriptions%2Ffac34303-435d-4486-8c3f-7094d82a0b60%2FresourceGroups%2Faml-notebooks%2Fproviders%2FMicrosoft.MachineLearningServices%2Fworkspaces%2Fhaieastus2ws3/projects/e2e-05/run-history/run-details/e2e-05_1528464353163
RunId: e2e-05_1528464353163

Streaming azureml-logs/60_control_log.txt
=========================================

Uploading experiment status to history service.
Adding run profile attachment azureml-logs/60_control_log.txt
  adding: iris.csv (deflated 82%)
  adding: azureml-logs/ (stored 0%)
  adding: azureml-logs/control_log.txt (deflated 12%)
  adding: train-spark.py (deflated 62%)
  adding: .amlignore (deflated 25%)
  adding: azureml-setup/ (stored 0%)
  adding: azureml-setup/interrupt_sender.py (deflated 57%)
  adding: azureml-setup/killable_subprocess.pyc (deflated 55%)
  adding: azureml-setup/conda_manager.pyc (deflated 50%)
  adding: azureml-setup/log4j.properties (deflated 56%)
  adding: azureml-setup/log_history_status.pyc (deflated 62%)
  adding: azureml-setup/spark_cache.py (deflated 20%)
  adding: azureml-setup/context_managers.py (deflated 64%)
  adding: azureml-setup/run_script.py (deflated 67%)
  adding: azureml-setup/conda_lock.pyc (deflated 52%)
  adding: azureml-setup/conda_manager.py (deflated 69%)
  adding: azureml-setup/context_manager_injector.py (deflated 59%)
  adding: azureml-setup/interrupt_sender.pyc (deflated 48%)
  adding: azureml-setup/mutated_run_configuration.yml (deflated 46%)
  adding: azureml-setup/conda_lock.py (deflated 54%)
  adding: azureml-setup/hdi_utilities.py (deflated 49%)
  adding: azureml-setup/project_fetcher.pyc (deflated 51%)
  adding: azureml-setup/hdi_utilities.pyc (deflated 47%)
  adding: azureml-setup/execution_timer.py (deflated 68%)
  adding: azureml-setup/execution_timer.pyc (deflated 63%)
  adding: azureml-setup/project_fetcher.py (deflated 62%)
  adding: azureml-setup/upload_artifacts.pyc (deflated 44%)
  adding: azureml-setup/hdi_control_script.py (deflated 64%)
  adding: azureml-setup/mutated_conda_dependencies.yml (deflated 29%)
  adding: azureml-setup/pid.txt (stored 0%)
  adding: azureml-setup/log_history_status.py (deflated 67%)
  adding: azureml-setup/killable_subprocess.py (deflated 68%)
  adding: azureml-setup/99brokenproxy (deflated 26%)
  adding: azureml-setup/prepare_environment.py (deflated 36%)
  adding: azureml-setup/upload_artifacts.py (deflated 60%)
  adding: azureml-setup/hdi_context_manager.py (deflated 56%)
  adding: aml_config/ (stored 0%)
  adding: aml_config/cpu-dsvm.runconfig (deflated 55%)
  adding: aml_config/myhdi.compute (deflated 12%)
  adding: aml_config/local.runconfig (deflated 56%)
  adding: aml_config/cpu-dsvm.compute (deflated 13%)
  adding: aml_config/myhdi.runconfig (deflated 55%)
  adding: aml_config/conda_dependencies.yml (deflated 49%)
  adding: aml_config/project.json (deflated 19%)
  adding: aml_config/docker.runconfig (deflated 56%)
  adding: assets/ (stored 0%)
Logging experiment running status in history service.
Running: ['/home/ninghai/.azureml/envs/azureml_40b348c4d7381beefb01312cdebdaa0b/bin/python', 'azureml-setup/run_script.py', '/usr/hdp/current/spark2-client/bin/spark-submit', '--repositories', 'https://mmlspark.azureedge.net/maven,https://azuremldownloads.blob.core.windows.net/repo5qh91kdjs6', '--packages', 'com.microsoft.ml.spark:mmlspark_2.11:0.12,com.microsoft:dprep_2.11:0.18.0,com.microsoft.sqlserver:mssql-jdbc:6.2.1.jre8', '--driver-java-options', '-Dlog4j.configuration=file:./code.zip/azureml-setup/log4j.properties', '--conf', 'spark.yarn.appMasterEnv.PYSPARK_PYTHON=./azureml_40b348c4d7381beefb01312cdebdaa0b.zip/home/ninghai/.azureml/envs/azureml_40b348c4d7381beefb01312cdebdaa0b/bin/python', '--conf', 'spark.yarn.appMasterEnv.AZUREML_RUN_ID=e2e-05_1528464353163', '--conf', 'spark.executorEnv.AZUREML_RUN_ID=e2e-05_1528464353163', '--conf', 'spark.yarn.appMasterEnv.AZUREML_PIDFILE_PATH=azureml-setup/pid.txt', '--conf', 'spark.executorEnv.AZUREML_PIDFILE_PATH=azureml-setup/pid.txt', '--conf', 'spark.yarn.appMasterEnv.AZUREML_COMPLETEFILE_PATH=azureml-setup/complete', '--conf', 'spark.executorEnv.AZUREML_COMPLETEFILE_PATH=azureml-setup/complete', '--conf', 'spark.yarn.appMasterEnv.AZUREML_LOGDIRECTORY_PATH=azureml-logs/', '--conf', 'spark.executorEnv.AZUREML_LOGDIRECTORY_PATH=azureml-logs/', '--conf', 'spark.yarn.appMasterEnv.AZUREML_CONTROLLOG_PATH=azureml-logs/control_log.txt', '--conf', 'spark.executorEnv.AZUREML_CONTROLLOG_PATH=azureml-logs/control_log.txt', '--conf', 'spark.yarn.appMasterEnv.AZUREML_DRIVERLOG_PATH=azureml-logs/driver_log.txt', '--conf', 'spark.executorEnv.AZUREML_DRIVERLOG_PATH=azureml-logs/driver_log.txt', '--conf', 'spark.yarn.appMasterEnv.AZUREML_INSTRUMENTATION_KEY=c684677d-b3a0-4709-a00e-78e5b31cfafa', '--conf', 'spark.executorEnv.AZUREML_INSTRUMENTATION_KEY=c684677d-b3a0-4709-a00e-78e5b31cfafa', '--conf', 'spark.yarn.appMasterEnv.AZUREML_RUN_CONFIGURATION=azureml-setup/mutated_run_configuration.yml', '--conf', 'spark.executorEnv.AZUREML_RUN_CONFIGURATION=azureml-setup/mutated_run_configuration.yml', '--conf', 'spark.yarn.appMasterEnv.AZUREML_SERVICE_ENDPOINT=https://eastus2.experiments.azureml.net', '--conf', 'spark.executorEnv.AZUREML_SERVICE_ENDPOINT=https://eastus2.experiments.azureml.net', '--conf', 'spark.yarn.appMasterEnv.AZUREML_DISCOVERY_SERVICE_ENDPOINT=https://eastus2.experiments.azureml.net/discovery', '--conf', 'spark.executorEnv.AZUREML_DISCOVERY_SERVICE_ENDPOINT=https://eastus2.experiments.azureml.net/discovery', '--conf', 'spark.yarn.appMasterEnv.AZUREML_ARM_SCOPE=/subscriptions/fac34303-435d-4486-8c3f-7094d82a0b60/resourceGroups/aml-notebooks/providers/Microsoft.MachineLearningServices/workspaces/haieastus2ws3/projects/e2e-05', '--conf', 'spark.executorEnv.AZUREML_ARM_SCOPE=/subscriptions/fac34303-435d-4486-8c3f-7094d82a0b60/resourceGroups/aml-notebooks/providers/Microsoft.MachineLearningServices/workspaces/haieastus2ws3/projects/e2e-05', '--conf', 'spark.yarn.appMasterEnv.AZUREML_ARM_RESOURCEGROUP=aml-notebooks', '--conf', 'spark.executorEnv.AZUREML_ARM_RESOURCEGROUP=aml-notebooks', '--conf', 'spark.yarn.appMasterEnv.AZUREML_ARM_SUBSCRIPTION=fac34303-435d-4486-8c3f-7094d82a0b60', '--conf', 'spark.executorEnv.AZUREML_ARM_SUBSCRIPTION=fac34303-435d-4486-8c3f-7094d82a0b60', '--conf', 'spark.yarn.appMasterEnv.AZUREML_ARM_ACCOUNT_NAME=', '--conf', 'spark.executorEnv.AZUREML_ARM_ACCOUNT_NAME=', '--conf', 'spark.yarn.appMasterEnv.AZUREML_ARM_WORKSPACE_NAME=haieastus2ws3', '--conf', 'spark.executorEnv.AZUREML_ARM_WORKSPACE_NAME=haieastus2ws3', '--conf', 'spark.yarn.appMasterEnv.AZUREML_ARM_PROJECT_NAME=e2e-05', '--conf', 'spark.executorEnv.AZUREML_ARM_PROJECT_NAME=e2e-05', '--conf', 'spark.yarn.appMasterEnv.PYTHONUNBUFFERED=True', '--conf', 'spark.executorEnv.PYTHONUNBUFFERED=True', '--conf', 'spark.yarn.appMasterEnv.AZUREML_RUN_TOKEN=eyJhbGciOiJSUzI1NiIsImtpZCI6IjMwQTk2ODc3NzgyNDgwMEFFQTc3RTFGMzZBMzM0NTU4OUI0N0VDREIiLCJ0eXAiOiJKV1QifQ.eyJydW5pZCI6ImUyZS0wNV8xNTI4NDY0MzUzMTYzIiwicm9sZSI6IkNvbnRyaWJ1dG9yIiwic2NvcGUiOiIvc3Vic2NyaXB0aW9ucy9mYWMzNDMwMy00MzVkLTQ0ODYtOGMzZi03MDk0ZDgyYTBiNjAvcmVzb3VyY2VHcm91cHMvYW1sLW5vdGVib29rcy9wcm92aWRlcnMvTWljcm9zb2Z0Lk1hY2hpbmVMZWFybmluZ1NlcnZpY2VzL3dvcmtzcGFjZXMvaGFpZWFzdHVzMndzMyIsImFjY291bnRpZCI6IjViM2RmZjkxLWEwM2ItNDcyZC1iZjVmLTdhNTU3Mjk5ZmEwZSIsIndvcmtzcGFjZUlkIjoiNWIzZGZmOTEtYTAzYi00NzJkLWJmNWYtN2E1NTcyOTlmYTBlIiwicHJvamVjdGlkIjoiYTFkZWViNjMtOThlYS00N2ZhLTkxMTQtODc3YTBiMDc3OTMxIiwiZGlzY292ZXJ5IjoiaHR0cHM6Ly9lYXN0dXMyLmV4cGVyaW1lbnRzLmF6dXJlbWwubmV0L2Rpc2NvdmVyeSIsInRpZCI6IjcyZjk4OGJmLTg2ZjEtNDFhZi05MWFiLTJkN2NkMDExZGI0NyIsIm9pZCI6ImZiN2QyYmJmLTJjNTQtNDZkNy04Nzc1LTdlMzE4NjQ0ZGQ2YiIsImV4cCI6MTUyOTA2OTE1MywiaXNzIjoiYXp1cmVtbCIsImF1ZCI6ImF6dXJlbWwifQ.N2fo1Tq1zZQmeBrCa_IRbBDeYFctm6-3_XWuRh9lRJM6KZEGiqr-YDopbXp-HCaviBQzk3_mSk48r5RLeBbERFR-9dXEcx3QPcd-rBMs1gqRGbOiIRAI01lrQlfu5q_jts54bqgA4vcWJD8XUBR-ltRGtTYM9YiXgzrFAIv6M-bhMu_1kDb9JzW0ibPJ3kopyAPcrIQjjYOJ1qC_pybLABOsDHF_1R8WINUyw_Dmor5IwdjVH6NmRKZWjTVErVsr3PMpOMYvo9Ux1idGCzbGbUWkzqq1XXp5mCyCxSbwV6VqHB_zZ4oydL0FByx0faqWSL3nw_GebtYzODwJ7hXPqw', '--conf', 'spark.executorEnv.AZUREML_RUN_TOKEN=eyJhbGciOiJSUzI1NiIsImtpZCI6IjMwQTk2ODc3NzgyNDgwMEFFQTc3RTFGMzZBMzM0NTU4OUI0N0VDREIiLCJ0eXAiOiJKV1QifQ.eyJydW5pZCI6ImUyZS0wNV8xNTI4NDY0MzUzMTYzIiwicm9sZSI6IkNvbnRyaWJ1dG9yIiwic2NvcGUiOiIvc3Vic2NyaXB0aW9ucy9mYWMzNDMwMy00MzVkLTQ0ODYtOGMzZi03MDk0ZDgyYTBiNjAvcmVzb3VyY2VHcm91cHMvYW1sLW5vdGVib29rcy9wcm92aWRlcnMvTWljcm9zb2Z0Lk1hY2hpbmVMZWFybmluZ1NlcnZpY2VzL3dvcmtzcGFjZXMvaGFpZWFzdHVzMndzMyIsImFjY291bnRpZCI6IjViM2RmZjkxLWEwM2ItNDcyZC1iZjVmLTdhNTU3Mjk5ZmEwZSIsIndvcmtzcGFjZUlkIjoiNWIzZGZmOTEtYTAzYi00NzJkLWJmNWYtN2E1NTcyOTlmYTBlIiwicHJvamVjdGlkIjoiYTFkZWViNjMtOThlYS00N2ZhLTkxMTQtODc3YTBiMDc3OTMxIiwiZGlzY292ZXJ5IjoiaHR0cHM6Ly9lYXN0dXMyLmV4cGVyaW1lbnRzLmF6dXJlbWwubmV0L2Rpc2NvdmVyeSIsInRpZCI6IjcyZjk4OGJmLTg2ZjEtNDFhZi05MWFiLTJkN2NkMDExZGI0NyIsIm9pZCI6ImZiN2QyYmJmLTJjNTQtNDZkNy04Nzc1LTdlMzE4NjQ0ZGQ2YiIsImV4cCI6MTUyOTA2OTE1MywiaXNzIjoiYXp1cmVtbCIsImF1ZCI6ImF6dXJlbWwifQ.N2fo1Tq1zZQmeBrCa_IRbBDeYFctm6-3_XWuRh9lRJM6KZEGiqr-YDopbXp-HCaviBQzk3_mSk48r5RLeBbERFR-9dXEcx3QPcd-rBMs1gqRGbOiIRAI01lrQlfu5q_jts54bqgA4vcWJD8XUBR-ltRGtTYM9YiXgzrFAIv6M-bhMu_1kDb9JzW0ibPJ3kopyAPcrIQjjYOJ1qC_pybLABOsDHF_1R8WINUyw_Dmor5IwdjVH6NmRKZWjTVErVsr3PMpOMYvo9Ux1idGCzbGbUWkzqq1XXp5mCyCxSbwV6VqHB_zZ4oydL0FByx0faqWSL3nw_GebtYzODwJ7hXPqw', '--conf', 'spark.yarn.appMasterEnv.AZUREML_RUN_TOKEN_EXPIRY=1529069153', '--conf', 'spark.executorEnv.AZUREML_RUN_TOKEN_EXPIRY=1529069153', '--conf', 'spark.yarn.appMasterEnv.AZUREML_CONTEXT_MANAGER_HDISETUP=null', '--conf', 'spark.executorEnv.AZUREML_CONTEXT_MANAGER_HDISETUP=null', '--conf', 'spark.yarn.appMasterEnv.AZUREML_CONTEXT_MANAGER_OUTPUTCOLLECTION=null', '--conf', 'spark.executorEnv.AZUREML_CONTEXT_MANAGER_OUTPUTCOLLECTION=null', '--conf', 'spark.yarn.appMasterEnv.EXAMPLE_ENV_VAR=EXAMPLE_VALUE', '--conf', 'spark.executorEnv.EXAMPLE_ENV_VAR=EXAMPLE_VALUE', '--conf', 'spark.yarn.appMasterEnv.AZUREML_CONDA_LOCK_PATH=/home/ninghai/.azureml/locks/azureml_conda_lock', '--conf', 'spark.executorEnv.AZUREML_CONDA_LOCK_PATH=/home/ninghai/.azureml/locks/azureml_conda_lock', '--conf', 'spark.yarn.appMasterEnv.AZUREML_CONDA_ENVIRONMENT_PATH=/home/ninghai/.azureml/envs/azureml_40b348c4d7381beefb01312cdebdaa0b', '--conf', 'spark.executorEnv.AZUREML_CONDA_ENVIRONMENT_PATH=/home/ninghai/.azureml/envs/azureml_40b348c4d7381beefb01312cdebdaa0b', '--conf', 'spark.yarn.appMasterEnv.AZUREML_CONDA_ENVIRONMENT_EXISTENCE_INDICATOR=/home/ninghai/.azureml/locks/azureml_40b348c4d7381beefb01312cdebdaa0b', '--conf', 'spark.executorEnv.AZUREML_CONDA_ENVIRONMENT_EXISTENCE_INDICATOR=/home/ninghai/.azureml/locks/azureml_40b348c4d7381beefb01312cdebdaa0b', '--conf', 'spark.yarn.appMasterEnv.AZUREML_TARGET_TYPE=cluster', '--conf', 'spark.executorEnv.AZUREML_TARGET_TYPE=cluster', '--master', 'yarn', '--deploy-mode', 'cluster', '--archives', '/home/ninghai/.azureml/envs/azureml_40b348c4d7381beefb01312cdebdaa0b.zip,code.zip', '--files', './azureml-setup/context_manager_injector.py,./azureml-setup/context_managers.py,./azureml-setup/hdi_context_manager.py', 'azureml-setup/context_manager_injector.py', '-i', 'HdiSetup:hdi_context_manager.HdiSetup', '-i', 'OutputCollection:context_managers.RunHistory', 'train-spark.py']
Uploading experiment status to history service.
Adding run profile attachment azureml-logs/80_driver_log.txt

Streaming azureml-logs/80_driver_log.txt
========================================

Ivy Default Cache set to: /home/ninghai/.ivy2/cache
The jars for the packages stored in: /home/ninghai/.ivy2/jars
https://mmlspark.azureedge.net/maven added as a remote repository with the name: repo-1
https://azuremldownloads.blob.core.windows.net/repo5qh91kdjs6 added as a remote repository with the name: repo-2
:: loading settings :: url = jar:file:/usr/hdp/2.6.0.2-76/spark2/jars/ivy-2.4.0.jar!/org/apache/ivy/core/settings/ivysettings.xml
com.microsoft.ml.spark#mmlspark_2.11 added as a dependency
com.microsoft#dprep_2.11 added as a dependency
com.microsoft.sqlserver#mssql-jdbc added as a dependency
:: resolving dependencies :: org.apache.spark#spark-submit-parent;1.0
	confs: [default]
	found com.microsoft.ml.spark#mmlspark_2.11;0.12 in repo-1
	found io.spray#spray-json_2.11;1.3.2 in central
	found com.microsoft.cntk#cntk;2.4 in central
	found org.openpnp#opencv;3.2.0-1 in central
	found com.microsoft.ml.lightgbm#lightgbmlib;2.0.120 in central
	found com.microsoft#dprep_2.11;0.18.0 in repo-2
	found com.microsoft.programSynthesis#tText;4.1.0-preview2018010901 in repo-2
	found com.microsoft.programSynthesis#dsl;4.1.0-preview2018010901 in repo-2
	found com.microsoft.programSynthesis#sText;4.1.0-preview2018010901 in repo-2
	found com.microsoft.sqlserver#mssql-jdbc;6.2.1.jre8 in central
:: resolution report :: resolve 548ms :: artifacts dl 12ms
	:: modules in use:
	com.microsoft#dprep_2.11;0.18.0 from repo-2 in [default]
	com.microsoft.cntk#cntk;2.4 from central in [default]
	com.microsoft.ml.lightgbm#lightgbmlib;2.0.120 from central in [default]
	com.microsoft.ml.spark#mmlspark_2.11;0.12 from repo-1 in [default]
	com.microsoft.programSynthesis#dsl;4.1.0-preview2018010901 from repo-2 in [default]
	com.microsoft.programSynthesis#sText;4.1.0-preview2018010901 from repo-2 in [default]
	com.microsoft.programSynthesis#tText;4.1.0-preview2018010901 from repo-2 in [default]
	com.microsoft.sqlserver#mssql-jdbc;6.2.1.jre8 from central in [default]
	io.spray#spray-json_2.11;1.3.2 from central in [default]
	org.openpnp#opencv;3.2.0-1 from central in [default]
	---------------------------------------------------------------------
	|                  |            modules            ||   artifacts   |
	|       conf       | number| search|dwnlded|evicted|| number|dwnlded|
	---------------------------------------------------------------------
	|      default     |   10  |   0   |   0   |   0   ||   10  |   0   |
	---------------------------------------------------------------------
:: retrieving :: org.apache.spark#spark-submit-parent
	confs: [default]
	0 artifacts copied, 10 already retrieved (0kB/11ms)
18/06/08 13:26:12 WARN NativeCodeLoader: Unable to load native-hadoop library for your platform... using builtin-java classes where applicable
18/06/08 13:26:13 INFO MetricsConfig: loaded properties from hadoop-metrics2-azure-file-system.properties
18/06/08 13:26:13 INFO WasbAzureIaasSink: Init starting.
18/06/08 13:26:13 INFO AzureIaasSink: Init starting. Initializing MdsLogger.
18/06/08 13:26:13 INFO AzureIaasSink: Init completed.
18/06/08 13:26:13 INFO WasbAzureIaasSink: Init completed.
18/06/08 13:26:13 INFO MetricsSinkAdapter: Sink azurefs2 started
18/06/08 13:26:13 INFO MetricsSystemImpl: Scheduled snapshot period at 60 second(s).
18/06/08 13:26:13 INFO MetricsSystemImpl: azure-file-system metrics system started
18/06/08 13:26:14 INFO RequestHedgingRMFailoverProxyProvider: Looking for the active RM in [rm1, rm2]...
18/06/08 13:26:14 INFO RequestHedgingRMFailoverProxyProvider: Found active RM [rm1]
18/06/08 13:26:14 INFO Client: Requesting a new application from cluster with 4 NodeManagers
18/06/08 13:26:14 INFO Client: Verifying our application has not requested more than the maximum memory capability of the cluster (51200 MB per container)
18/06/08 13:26:14 INFO Client: Will allocate AM container, with 1408 MB memory including 384 MB overhead
18/06/08 13:26:14 INFO Client: Setting up container launch context for our AM
18/06/08 13:26:14 INFO Client: Setting up the launch environment for our AM container
18/06/08 13:26:14 INFO Client: Preparing resources for our AM container
18/06/08 13:26:15 INFO Client: Uploading resource file:/home/ninghai/.ivy2/jars/com.microsoft.ml.spark_mmlspark_2.11-0.12.jar -> wasb://sparkhai@sparkstores2.blob.core.windows.net/user/ninghai/.sparkStaging/application_1527512542584_0124/com.microsoft.ml.spark_mmlspark_2.11-0.12.jar
18/06/08 13:26:16 INFO Client: Uploading resource file:/home/ninghai/.ivy2/jars/com.microsoft_dprep_2.11-0.18.0.jar -> wasb://sparkhai@sparkstores2.blob.core.windows.net/user/ninghai/.sparkStaging/application_1527512542584_0124/com.microsoft_dprep_2.11-0.18.0.jar
18/06/08 13:26:16 INFO Client: Uploading resource file:/home/ninghai/.ivy2/jars/com.microsoft.sqlserver_mssql-jdbc-6.2.1.jre8.jar -> wasb://sparkhai@sparkstores2.blob.core.windows.net/user/ninghai/.sparkStaging/application_1527512542584_0124/com.microsoft.sqlserver_mssql-jdbc-6.2.1.jre8.jar
18/06/08 13:26:16 INFO Client: Uploading resource file:/home/ninghai/.ivy2/jars/io.spray_spray-json_2.11-1.3.2.jar -> wasb://sparkhai@sparkstores2.blob.core.windows.net/user/ninghai/.sparkStaging/application_1527512542584_0124/io.spray_spray-json_2.11-1.3.2.jar
18/06/08 13:26:17 INFO Client: Uploading resource file:/home/ninghai/.ivy2/jars/com.microsoft.cntk_cntk-2.4.jar -> wasb://sparkhai@sparkstores2.blob.core.windows.net/user/ninghai/.sparkStaging/application_1527512542584_0124/com.microsoft.cntk_cntk-2.4.jar
18/06/08 13:26:20 INFO Client: Uploading resource file:/home/ninghai/.ivy2/jars/org.openpnp_opencv-3.2.0-1.jar -> wasb://sparkhai@sparkstores2.blob.core.windows.net/user/ninghai/.sparkStaging/application_1527512542584_0124/org.openpnp_opencv-3.2.0-1.jar
18/06/08 13:26:20 INFO Client: Uploading resource file:/home/ninghai/.ivy2/jars/com.microsoft.ml.lightgbm_lightgbmlib-2.0.120.jar -> wasb://sparkhai@sparkstores2.blob.core.windows.net/user/ninghai/.sparkStaging/application_1527512542584_0124/com.microsoft.ml.lightgbm_lightgbmlib-2.0.120.jar
18/06/08 13:26:20 INFO Client: Uploading resource file:/home/ninghai/.ivy2/jars/com.microsoft.programSynthesis_tText-4.1.0-preview2018010901.jar -> wasb://sparkhai@sparkstores2.blob.core.windows.net/user/ninghai/.sparkStaging/application_1527512542584_0124/com.microsoft.programSynthesis_tText-4.1.0-preview2018010901.jar
18/06/08 13:26:21 INFO Client: Uploading resource file:/home/ninghai/.ivy2/jars/com.microsoft.programSynthesis_sText-4.1.0-preview2018010901.jar -> wasb://sparkhai@sparkstores2.blob.core.windows.net/user/ninghai/.sparkStaging/application_1527512542584_0124/com.microsoft.programSynthesis_sText-4.1.0-preview2018010901.jar
18/06/08 13:26:21 INFO Client: Uploading resource file:/home/ninghai/.ivy2/jars/com.microsoft.programSynthesis_dsl-4.1.0-preview2018010901.jar -> wasb://sparkhai@sparkstores2.blob.core.windows.net/user/ninghai/.sparkStaging/application_1527512542584_0124/com.microsoft.programSynthesis_dsl-4.1.0-preview2018010901.jar
18/06/08 13:26:21 INFO Client: Uploading resource file:/tmp/azureml_runs/e2e-05_1528464353163/azureml-setup/context_manager_injector.py -> wasb://sparkhai@sparkstores2.blob.core.windows.net/user/ninghai/.sparkStaging/application_1527512542584_0124/context_manager_injector.py
18/06/08 13:26:21 INFO Client: Uploading resource file:/tmp/azureml_runs/e2e-05_1528464353163/azureml-setup/context_managers.py -> wasb://sparkhai@sparkstores2.blob.core.windows.net/user/ninghai/.sparkStaging/application_1527512542584_0124/context_managers.py
18/06/08 13:26:21 INFO Client: Uploading resource file:/tmp/azureml_runs/e2e-05_1528464353163/azureml-setup/hdi_context_manager.py -> wasb://sparkhai@sparkstores2.blob.core.windows.net/user/ninghai/.sparkStaging/application_1527512542584_0124/hdi_context_manager.py
18/06/08 13:26:21 INFO Client: Uploading resource file:/home/ninghai/.azureml/envs/azureml_40b348c4d7381beefb01312cdebdaa0b.zip -> wasb://sparkhai@sparkstores2.blob.core.windows.net/user/ninghai/.sparkStaging/application_1527512542584_0124/azureml_40b348c4d7381beefb01312cdebdaa0b.zip
18/06/08 13:26:26 INFO Client: Uploading resource file:/tmp/azureml_runs/e2e-05_1528464353163/code.zip -> wasb://sparkhai@sparkstores2.blob.core.windows.net/user/ninghai/.sparkStaging/application_1527512542584_0124/code.zip
18/06/08 13:26:26 WARN Client: Same name resource file:/tmp/azureml_runs/e2e-05_1528464353163/azureml-setup/context_manager_injector.py added multiple times to distributed cache
18/06/08 13:26:26 INFO Client: Uploading resource file:/usr/hdp/current/spark2-client/python/lib/pyspark.zip -> wasb://sparkhai@sparkstores2.blob.core.windows.net/user/ninghai/.sparkStaging/application_1527512542584_0124/pyspark.zip
18/06/08 13:26:26 INFO Client: Uploading resource file:/usr/hdp/current/spark2-client/python/lib/py4j-0.10.4-src.zip -> wasb://sparkhai@sparkstores2.blob.core.windows.net/user/ninghai/.sparkStaging/application_1527512542584_0124/py4j-0.10.4-src.zip
18/06/08 13:26:26 WARN Client: Same path resource file:/home/ninghai/.ivy2/jars/com.microsoft.ml.spark_mmlspark_2.11-0.12.jar added multiple times to distributed cache.
18/06/08 13:26:26 WARN Client: Same path resource file:/home/ninghai/.ivy2/jars/com.microsoft_dprep_2.11-0.18.0.jar added multiple times to distributed cache.
18/06/08 13:26:26 WARN Client: Same path resource file:/home/ninghai/.ivy2/jars/com.microsoft.sqlserver_mssql-jdbc-6.2.1.jre8.jar added multiple times to distributed cache.
18/06/08 13:26:26 WARN Client: Same path resource file:/home/ninghai/.ivy2/jars/io.spray_spray-json_2.11-1.3.2.jar added multiple times to distributed cache.
18/06/08 13:26:26 WARN Client: Same path resource file:/home/ninghai/.ivy2/jars/com.microsoft.cntk_cntk-2.4.jar added multiple times to distributed cache.
18/06/08 13:26:26 WARN Client: Same path resource file:/home/ninghai/.ivy2/jars/org.openpnp_opencv-3.2.0-1.jar added multiple times to distributed cache.
18/06/08 13:26:26 WARN Client: Same path resource file:/home/ninghai/.ivy2/jars/com.microsoft.ml.lightgbm_lightgbmlib-2.0.120.jar added multiple times to distributed cache.
18/06/08 13:26:26 WARN Client: Same path resource file:/home/ninghai/.ivy2/jars/com.microsoft.programSynthesis_tText-4.1.0-preview2018010901.jar added multiple times to distributed cache.
18/06/08 13:26:26 WARN Client: Same path resource file:/home/ninghai/.ivy2/jars/com.microsoft.programSynthesis_sText-4.1.0-preview2018010901.jar added multiple times to distributed cache.
18/06/08 13:26:26 WARN Client: Same path resource file:/home/ninghai/.ivy2/jars/com.microsoft.programSynthesis_dsl-4.1.0-preview2018010901.jar added multiple times to distributed cache.
18/06/08 13:26:26 INFO Client: Uploading resource file:/tmp/spark-c184b685-b7f6-4f15-89f4-163d6572345c/__spark_conf__330403833051610087.zip -> wasb://sparkhai@sparkstores2.blob.core.windows.net/user/ninghai/.sparkStaging/application_1527512542584_0124/__spark_conf__.zip
18/06/08 13:26:26 INFO SecurityManager: Changing view acls to: ninghai
18/06/08 13:26:26 INFO SecurityManager: Changing modify acls to: ninghai
18/06/08 13:26:26 INFO SecurityManager: Changing view acls groups to: 
18/06/08 13:26:26 INFO SecurityManager: Changing modify acls groups to: 
18/06/08 13:26:26 INFO SecurityManager: SecurityManager: authentication disabled; ui acls disabled; users  with view permissions: Set(ninghai); groups with view permissions: Set(); users  with modify permissions: Set(ninghai); groups with modify permissions: Set()
18/06/08 13:26:26 INFO Client: Submitting application application_1527512542584_0124 to ResourceManager
18/06/08 13:26:27 INFO YarnClientImpl: Submitted application application_1527512542584_0124
18/06/08 13:26:28 INFO Client: Application report for application_1527512542584_0124 (state: ACCEPTED)
18/06/08 13:26:28 INFO Client: 
	 client token: N/A
	 diagnostics: AM container is launched, waiting for AM container to Register with RM
	 ApplicationMaster host: N/A
	 ApplicationMaster RPC port: -1
	 queue: default
	 start time: 1528464386939
	 final status: UNDEFINED
	 tracking URL: http://hn0-sparkh.01gbvfzxeqquvorlqntixlipbb.jx.internal.cloudapp.net:8088/proxy/application_1527512542584_0124/
	 user: ninghai
18/06/08 13:26:29 INFO Client: Application report for application_1527512542584_0124 (state: ACCEPTED)
18/06/08 13:26:30 INFO Client: Application report for application_1527512542584_0124 (state: ACCEPTED)
18/06/08 13:26:31 INFO Client: Application report for application_1527512542584_0124 (state: ACCEPTED)
18/06/08 13:26:32 INFO Client: Application report for application_1527512542584_0124 (state: ACCEPTED)
18/06/08 13:26:33 INFO Client: Application report for application_1527512542584_0124 (state: ACCEPTED)
18/06/08 13:26:34 INFO Client: Application report for application_1527512542584_0124 (state: ACCEPTED)
18/06/08 13:26:35 INFO Client: Application report for application_1527512542584_0124 (state: ACCEPTED)
18/06/08 13:26:36 INFO Client: Application report for application_1527512542584_0124 (state: ACCEPTED)
18/06/08 13:26:37 INFO Client: Application report for application_1527512542584_0124 (state: ACCEPTED)
18/06/08 13:26:38 INFO Client: Application report for application_1527512542584_0124 (state: ACCEPTED)
18/06/08 13:26:39 INFO Client: Application report for application_1527512542584_0124 (state: ACCEPTED)
18/06/08 13:26:40 INFO Client: Application report for application_1527512542584_0124 (state: ACCEPTED)
18/06/08 13:26:41 INFO Client: Application report for application_1527512542584_0124 (state: ACCEPTED)
18/06/08 13:26:42 INFO Client: Application report for application_1527512542584_0124 (state: ACCEPTED)
18/06/08 13:26:43 INFO Client: Application report for application_1527512542584_0124 (state: ACCEPTED)
18/06/08 13:26:44 INFO Client: Application report for application_1527512542584_0124 (state: ACCEPTED)
18/06/08 13:26:45 INFO Client: Application report for application_1527512542584_0124 (state: ACCEPTED)
18/06/08 13:26:46 INFO Client: Application report for application_1527512542584_0124 (state: ACCEPTED)
18/06/08 13:26:47 INFO Client: Application report for application_1527512542584_0124 (state: ACCEPTED)
18/06/08 13:26:48 INFO Client: Application report for application_1527512542584_0124 (state: ACCEPTED)
18/06/08 13:26:49 INFO Client: Application report for application_1527512542584_0124 (state: ACCEPTED)
18/06/08 13:26:50 INFO Client: Application report for application_1527512542584_0124 (state: ACCEPTED)
18/06/08 13:26:51 INFO Client: Application report for application_1527512542584_0124 (state: ACCEPTED)
18/06/08 13:26:52 INFO Client: Application report for application_1527512542584_0124 (state: ACCEPTED)
18/06/08 13:26:53 INFO Client: Application report for application_1527512542584_0124 (state: ACCEPTED)
18/06/08 13:26:54 INFO Client: Application report for application_1527512542584_0124 (state: ACCEPTED)
18/06/08 13:26:55 INFO Client: Application report for application_1527512542584_0124 (state: ACCEPTED)
18/06/08 13:26:56 INFO Client: Application report for application_1527512542584_0124 (state: ACCEPTED)
18/06/08 13:26:57 INFO Client: Application report for application_1527512542584_0124 (state: ACCEPTED)
18/06/08 13:26:58 INFO Client: Application report for application_1527512542584_0124 (state: ACCEPTED)
18/06/08 13:26:59 INFO Client: Application report for application_1527512542584_0124 (state: ACCEPTED)
18/06/08 13:27:00 INFO Client: Application report for application_1527512542584_0124 (state: ACCEPTED)
18/06/08 13:27:01 INFO Client: Application report for application_1527512542584_0124 (state: ACCEPTED)
18/06/08 13:27:02 INFO Client: Application report for application_1527512542584_0124 (state: ACCEPTED)
18/06/08 13:27:03 INFO Client: Application report for application_1527512542584_0124 (state: ACCEPTED)
18/06/08 13:27:04 INFO Client: Application report for application_1527512542584_0124 (state: ACCEPTED)
18/06/08 13:27:05 INFO Client: Application report for application_1527512542584_0124 (state: ACCEPTED)
18/06/08 13:27:06 INFO Client: Application report for application_1527512542584_0124 (state: ACCEPTED)
18/06/08 13:27:07 INFO Client: Application report for application_1527512542584_0124 (state: ACCEPTED)
18/06/08 13:27:08 INFO Client: Application report for application_1527512542584_0124 (state: ACCEPTED)
18/06/08 13:27:09 INFO Client: Application report for application_1527512542584_0124 (state: ACCEPTED)
18/06/08 13:27:10 INFO Client: Application report for application_1527512542584_0124 (state: ACCEPTED)
18/06/08 13:27:11 INFO Client: Application report for application_1527512542584_0124 (state: ACCEPTED)
18/06/08 13:27:12 INFO Client: Application report for application_1527512542584_0124 (state: ACCEPTED)
18/06/08 13:27:13 INFO Client: Application report for application_1527512542584_0124 (state: ACCEPTED)
18/06/08 13:27:14 INFO Client: Application report for application_1527512542584_0124 (state: ACCEPTED)
18/06/08 13:27:15 INFO Client: Application report for application_1527512542584_0124 (state: ACCEPTED)
18/06/08 13:27:16 INFO Client: Application report for application_1527512542584_0124 (state: ACCEPTED)
18/06/08 13:27:17 INFO Client: Application report for application_1527512542584_0124 (state: ACCEPTED)
18/06/08 13:27:18 INFO Client: Application report for application_1527512542584_0124 (state: ACCEPTED)
18/06/08 13:27:19 INFO Client: Application report for application_1527512542584_0124 (state: ACCEPTED)
18/06/08 13:27:20 INFO Client: Application report for application_1527512542584_0124 (state: ACCEPTED)
18/06/08 13:27:21 INFO Client: Application report for application_1527512542584_0124 (state: ACCEPTED)
18/06/08 13:27:22 INFO Client: Application report for application_1527512542584_0124 (state: ACCEPTED)
18/06/08 13:27:23 INFO Client: Application report for application_1527512542584_0124 (state: RUNNING)
18/06/08 13:27:23 INFO Client: 
	 client token: N/A
	 diagnostics: N/A
	 ApplicationMaster host: 10.0.0.14
	 ApplicationMaster RPC port: 0
	 queue: default
	 start time: 1528464386939
	 final status: UNDEFINED
	 tracking URL: http://hn0-sparkh.01gbvfzxeqquvorlqntixlipbb.jx.internal.cloudapp.net:8088/proxy/application_1527512542584_0124/
	 user: ninghai
18/06/08 13:27:24 INFO Client: Application report for application_1527512542584_0124 (state: RUNNING)
18/06/08 13:27:25 INFO Client: Application report for application_1527512542584_0124 (state: RUNNING)
18/06/08 13:27:26 INFO Client: Application report for application_1527512542584_0124 (state: RUNNING)
18/06/08 13:27:27 INFO Client: Application report for application_1527512542584_0124 (state: RUNNING)
18/06/08 13:27:28 INFO Client: Application report for application_1527512542584_0124 (state: RUNNING)
18/06/08 13:27:29 INFO Client: Application report for application_1527512542584_0124 (state: RUNNING)
18/06/08 13:27:30 INFO Client: Application report for application_1527512542584_0124 (state: RUNNING)
18/06/08 13:27:31 INFO Client: Application report for application_1527512542584_0124 (state: RUNNING)
18/06/08 13:27:32 INFO Client: Application report for application_1527512542584_0124 (state: RUNNING)
18/06/08 13:27:33 INFO Client: Application report for application_1527512542584_0124 (state: RUNNING)
18/06/08 13:27:34 INFO Client: Application report for application_1527512542584_0124 (state: RUNNING)
18/06/08 13:27:35 INFO Client: Application report for application_1527512542584_0124 (state: RUNNING)
18/06/08 13:27:36 INFO Client: Application report for application_1527512542584_0124 (state: RUNNING)
18/06/08 13:27:37 INFO Client: Application report for application_1527512542584_0124 (state: RUNNING)
18/06/08 13:27:38 INFO Client: Application report for application_1527512542584_0124 (state: RUNNING)
18/06/08 13:27:39 INFO Client: Application report for application_1527512542584_0124 (state: RUNNING)
18/06/08 13:27:40 INFO Client: Application report for application_1527512542584_0124 (state: RUNNING)
18/06/08 13:27:41 INFO Client: Application report for application_1527512542584_0124 (state: RUNNING)
18/06/08 13:27:42 INFO Client: Application report for application_1527512542584_0124 (state: RUNNING)
18/06/08 13:27:43 INFO Client: Application report for application_1527512542584_0124 (state: RUNNING)
18/06/08 13:27:44 INFO Client: Application report for application_1527512542584_0124 (state: RUNNING)
18/06/08 13:27:45 INFO Client: Application report for application_1527512542584_0124 (state: RUNNING)
18/06/08 13:27:46 INFO Client: Application report for application_1527512542584_0124 (state: RUNNING)
18/06/08 13:27:47 INFO Client: Application report for application_1527512542584_0124 (state: RUNNING)
18/06/08 13:27:48 INFO Client: Application report for application_1527512542584_0124 (state: RUNNING)
18/06/08 13:27:49 INFO Client: Application report for application_1527512542584_0124 (state: RUNNING)
18/06/08 13:27:50 INFO Client: Application report for application_1527512542584_0124 (state: RUNNING)
18/06/08 13:27:51 INFO Client: Application report for application_1527512542584_0124 (state: RUNNING)
18/06/08 13:27:52 INFO Client: Application report for application_1527512542584_0124 (state: RUNNING)
18/06/08 13:27:53 INFO Client: Application report for application_1527512542584_0124 (state: RUNNING)
18/06/08 13:27:54 INFO Client: Application report for application_1527512542584_0124 (state: RUNNING)
18/06/08 13:27:55 INFO Client: Application report for application_1527512542584_0124 (state: RUNNING)
18/06/08 13:27:56 INFO Client: Application report for application_1527512542584_0124 (state: RUNNING)
18/06/08 13:27:57 INFO Client: Application report for application_1527512542584_0124 (state: RUNNING)
18/06/08 13:27:58 INFO Client: Application report for application_1527512542584_0124 (state: RUNNING)
18/06/08 13:27:59 INFO Client: Application report for application_1527512542584_0124 (state: RUNNING)
18/06/08 13:28:00 INFO Client: Application report for application_1527512542584_0124 (state: RUNNING)
18/06/08 13:28:01 INFO Client: Application report for application_1527512542584_0124 (state: RUNNING)
18/06/08 13:28:02 INFO Client: Application report for application_1527512542584_0124 (state: RUNNING)
18/06/08 13:28:03 INFO Client: Application report for application_1527512542584_0124 (state: RUNNING)
18/06/08 13:28:04 INFO Client: Application report for application_1527512542584_0124 (state: RUNNING)
18/06/08 13:28:05 INFO Client: Application report for application_1527512542584_0124 (state: RUNNING)
18/06/08 13:28:06 INFO Client: Application report for application_1527512542584_0124 (state: RUNNING)
18/06/08 13:28:07 INFO Client: Application report for application_1527512542584_0124 (state: RUNNING)
18/06/08 13:28:08 INFO Client: Application report for application_1527512542584_0124 (state: RUNNING)
18/06/08 13:28:09 INFO Client: Application report for application_1527512542584_0124 (state: RUNNING)
18/06/08 13:28:10 INFO Client: Application report for application_1527512542584_0124 (state: RUNNING)
18/06/08 13:28:11 INFO Client: Application report for application_1527512542584_0124 (state: RUNNING)
18/06/08 13:28:12 INFO Client: Application report for application_1527512542584_0124 (state: RUNNING)
18/06/08 13:28:13 INFO Client: Application report for application_1527512542584_0124 (state: RUNNING)
18/06/08 13:28:14 INFO Client: Application report for application_1527512542584_0124 (state: RUNNING)
18/06/08 13:28:15 INFO Client: Application report for application_1527512542584_0124 (state: RUNNING)
18/06/08 13:28:16 INFO Client: Application report for application_1527512542584_0124 (state: RUNNING)
18/06/08 13:28:17 INFO Client: Application report for application_1527512542584_0124 (state: RUNNING)
18/06/08 13:28:18 INFO Client: Application report for application_1527512542584_0124 (state: RUNNING)
18/06/08 13:28:19 INFO Client: Application report for application_1527512542584_0124 (state: RUNNING)
18/06/08 13:28:20 INFO Client: Application report for application_1527512542584_0124 (state: RUNNING)
18/06/08 13:28:21 INFO Client: Application report for application_1527512542584_0124 (state: RUNNING)
18/06/08 13:28:22 INFO Client: Application report for application_1527512542584_0124 (state: RUNNING)
18/06/08 13:28:23 INFO Client: Application report for application_1527512542584_0124 (state: RUNNING)
18/06/08 13:28:24 INFO Client: Application report for application_1527512542584_0124 (state: RUNNING)
18/06/08 13:28:25 INFO Client: Application report for application_1527512542584_0124 (state: RUNNING)
18/06/08 13:28:26 INFO Client: Application report for application_1527512542584_0124 (state: RUNNING)
18/06/08 13:28:27 INFO Client: Application report for application_1527512542584_0124 (state: RUNNING)
18/06/08 13:28:28 INFO Client: Application report for application_1527512542584_0124 (state: RUNNING)
18/06/08 13:28:29 INFO Client: Application report for application_1527512542584_0124 (state: RUNNING)
18/06/08 13:28:30 INFO Client: Application report for application_1527512542584_0124 (state: RUNNING)
18/06/08 13:28:31 INFO Client: Application report for application_1527512542584_0124 (state: RUNNING)
18/06/08 13:28:32 INFO Client: Application report for application_1527512542584_0124 (state: RUNNING)
18/06/08 13:28:33 INFO Client: Application report for application_1527512542584_0124 (state: RUNNING)
18/06/08 13:28:34 INFO Client: Application report for application_1527512542584_0124 (state: RUNNING)
18/06/08 13:28:35 INFO Client: Application report for application_1527512542584_0124 (state: RUNNING)
18/06/08 13:28:36 INFO Client: Application report for application_1527512542584_0124 (state: RUNNING)
18/06/08 13:28:37 INFO Client: Application report for application_1527512542584_0124 (state: RUNNING)
18/06/08 13:28:38 INFO Client: Application report for application_1527512542584_0124 (state: RUNNING)
18/06/08 13:28:39 INFO Client: Application report for application_1527512542584_0124 (state: ACCEPTED)
18/06/08 13:28:39 INFO Client: 
	 client token: N/A
	 diagnostics: AM container is launched, waiting for AM container to Register with RM
	 ApplicationMaster host: N/A
	 ApplicationMaster RPC port: -1
	 queue: default
	 start time: 1528464386939
	 final status: UNDEFINED
	 tracking URL: http://hn0-sparkh.01gbvfzxeqquvorlqntixlipbb.jx.internal.cloudapp.net:8088/proxy/application_1527512542584_0124/
	 user: ninghai
18/06/08 13:28:40 INFO Client: Application report for application_1527512542584_0124 (state: ACCEPTED)
18/06/08 13:28:41 INFO Client: Application report for application_1527512542584_0124 (state: ACCEPTED)
18/06/08 13:28:42 INFO Client: Application report for application_1527512542584_0124 (state: ACCEPTED)
18/06/08 13:28:43 INFO Client: Application report for application_1527512542584_0124 (state: ACCEPTED)
18/06/08 13:28:44 INFO Client: Application report for application_1527512542584_0124 (state: ACCEPTED)
18/06/08 13:28:45 INFO Client: Application report for application_1527512542584_0124 (state: ACCEPTED)
18/06/08 13:28:46 INFO Client: Application report for application_1527512542584_0124 (state: ACCEPTED)
18/06/08 13:28:47 INFO Client: Application report for application_1527512542584_0124 (state: RUNNING)
18/06/08 13:28:47 INFO Client: 
	 client token: N/A
	 diagnostics: N/A
	 ApplicationMaster host: 10.0.0.14
	 ApplicationMaster RPC port: 0
	 queue: default
	 start time: 1528464386939
	 final status: UNDEFINED
	 tracking URL: http://hn0-sparkh.01gbvfzxeqquvorlqntixlipbb.jx.internal.cloudapp.net:8088/proxy/application_1527512542584_0124/
	 user: ninghai
18/06/08 13:28:48 INFO Client: Application report for application_1527512542584_0124 (state: RUNNING)
18/06/08 13:28:49 INFO Client: Application report for application_1527512542584_0124 (state: RUNNING)
18/06/08 13:28:50 INFO Client: Application report for application_1527512542584_0124 (state: RUNNING)
18/06/08 13:28:51 INFO Client: Application report for application_1527512542584_0124 (state: RUNNING)
18/06/08 13:28:52 INFO Client: Application report for application_1527512542584_0124 (state: RUNNING)
18/06/08 13:28:53 INFO Client: Application report for application_1527512542584_0124 (state: RUNNING)
18/06/08 13:28:54 INFO Client: Application report for application_1527512542584_0124 (state: RUNNING)
18/06/08 13:28:55 INFO Client: Application report for application_1527512542584_0124 (state: RUNNING)
18/06/08 13:28:56 INFO Client: Application report for application_1527512542584_0124 (state: RUNNING)
18/06/08 13:28:57 INFO Client: Application report for application_1527512542584_0124 (state: RUNNING)
18/06/08 13:28:58 INFO Client: Application report for application_1527512542584_0124 (state: RUNNING)
18/06/08 13:28:59 INFO Client: Application report for application_1527512542584_0124 (state: RUNNING)
18/06/08 13:29:00 INFO Client: Application report for application_1527512542584_0124 (state: RUNNING)
18/06/08 13:29:01 INFO Client: Application report for application_1527512542584_0124 (state: RUNNING)
18/06/08 13:29:02 INFO Client: Application report for application_1527512542584_0124 (state: RUNNING)
18/06/08 13:29:03 INFO Client: Application report for application_1527512542584_0124 (state: RUNNING)
18/06/08 13:29:04 INFO Client: Application report for application_1527512542584_0124 (state: RUNNING)
18/06/08 13:29:05 INFO Client: Application report for application_1527512542584_0124 (state: RUNNING)
18/06/08 13:29:06 INFO Client: Application report for application_1527512542584_0124 (state: RUNNING)
18/06/08 13:29:07 INFO Client: Application report for application_1527512542584_0124 (state: RUNNING)
18/06/08 13:29:08 INFO Client: Application report for application_1527512542584_0124 (state: RUNNING)
18/06/08 13:29:09 INFO Client: Application report for application_1527512542584_0124 (state: RUNNING)
18/06/08 13:29:10 INFO Client: Application report for application_1527512542584_0124 (state: RUNNING)
18/06/08 13:29:11 INFO Client: Application report for application_1527512542584_0124 (state: RUNNING)
18/06/08 13:29:12 INFO Client: Application report for application_1527512542584_0124 (state: RUNNING)
18/06/08 13:29:13 INFO Client: Application report for application_1527512542584_0124 (state: RUNNING)
18/06/08 13:29:14 INFO Client: Application report for application_1527512542584_0124 (state: RUNNING)
18/06/08 13:29:15 INFO Client: Application report for application_1527512542584_0124 (state: RUNNING)
18/06/08 13:29:16 INFO Client: Application report for application_1527512542584_0124 (state: RUNNING)
18/06/08 13:29:17 INFO Client: Application report for application_1527512542584_0124 (state: RUNNING)
18/06/08 13:29:18 INFO Client: Application report for application_1527512542584_0124 (state: RUNNING)
18/06/08 13:29:19 INFO Client: Application report for application_1527512542584_0124 (state: RUNNING)
18/06/08 13:29:20 INFO Client: Application report for application_1527512542584_0124 (state: RUNNING)
18/06/08 13:29:21 INFO Client: Application report for application_1527512542584_0124 (state: RUNNING)
18/06/08 13:29:22 INFO Client: Application report for application_1527512542584_0124 (state: RUNNING)
18/06/08 13:29:23 INFO Client: Application report for application_1527512542584_0124 (state: RUNNING)
18/06/08 13:29:24 INFO Client: Application report for application_1527512542584_0124 (state: RUNNING)
18/06/08 13:29:25 INFO Client: Application report for application_1527512542584_0124 (state: RUNNING)
18/06/08 13:29:26 INFO Client: Application report for application_1527512542584_0124 (state: RUNNING)
18/06/08 13:29:27 INFO Client: Application report for application_1527512542584_0124 (state: RUNNING)
18/06/08 13:29:28 INFO Client: Application report for application_1527512542584_0124 (state: RUNNING)
18/06/08 13:29:29 INFO Client: Application report for application_1527512542584_0124 (state: RUNNING)
18/06/08 13:29:30 INFO Client: Application report for application_1527512542584_0124 (state: RUNNING)
18/06/08 13:29:31 INFO Client: Application report for application_1527512542584_0124 (state: RUNNING)
18/06/08 13:29:32 INFO Client: Application report for application_1527512542584_0124 (state: RUNNING)
18/06/08 13:29:33 INFO Client: Application report for application_1527512542584_0124 (state: RUNNING)
18/06/08 13:29:34 INFO Client: Application report for application_1527512542584_0124 (state: RUNNING)
18/06/08 13:29:35 INFO Client: Application report for application_1527512542584_0124 (state: RUNNING)
18/06/08 13:29:36 INFO Client: Application report for application_1527512542584_0124 (state: ACCEPTED)
18/06/08 13:29:36 INFO Client: 
	 client token: N/A
	 diagnostics: AM container is launched, waiting for AM container to Register with RM
	 ApplicationMaster host: N/A
	 ApplicationMaster RPC port: -1
	 queue: default
	 start time: 1528464386939
	 final status: UNDEFINED
	 tracking URL: http://hn0-sparkh.01gbvfzxeqquvorlqntixlipbb.jx.internal.cloudapp.net:8088/proxy/application_1527512542584_0124/
	 user: ninghai
18/06/08 13:29:37 INFO Client: Application report for application_1527512542584_0124 (state: ACCEPTED)
18/06/08 13:29:38 INFO Client: Application report for application_1527512542584_0124 (state: ACCEPTED)
18/06/08 13:29:39 INFO Client: Application report for application_1527512542584_0124 (state: ACCEPTED)
18/06/08 13:29:40 INFO Client: Application report for application_1527512542584_0124 (state: ACCEPTED)
18/06/08 13:29:41 INFO Client: Application report for application_1527512542584_0124 (state: ACCEPTED)
18/06/08 13:29:42 INFO Client: Application report for application_1527512542584_0124 (state: ACCEPTED)
18/06/08 13:29:43 INFO Client: Application report for application_1527512542584_0124 (state: ACCEPTED)
18/06/08 13:29:44 INFO Client: Application report for application_1527512542584_0124 (state: ACCEPTED)
18/06/08 13:29:45 INFO Client: Application report for application_1527512542584_0124 (state: RUNNING)
18/06/08 13:29:45 INFO Client: 
	 client token: N/A
	 diagnostics: N/A
	 ApplicationMaster host: 10.0.0.13
	 ApplicationMaster RPC port: 0
	 queue: default
	 start time: 1528464386939
	 final status: UNDEFINED
	 tracking URL: http://hn0-sparkh.01gbvfzxeqquvorlqntixlipbb.jx.internal.cloudapp.net:8088/proxy/application_1527512542584_0124/
	 user: ninghai
18/06/08 13:29:46 INFO Client: Application report for application_1527512542584_0124 (state: RUNNING)
18/06/08 13:29:47 INFO Client: Application report for application_1527512542584_0124 (state: RUNNING)
18/06/08 13:29:48 INFO Client: Application report for application_1527512542584_0124 (state: RUNNING)
18/06/08 13:29:49 INFO Client: Application report for application_1527512542584_0124 (state: RUNNING)
18/06/08 13:29:50 INFO Client: Application report for application_1527512542584_0124 (state: RUNNING)
18/06/08 13:29:51 INFO Client: Application report for application_1527512542584_0124 (state: RUNNING)
18/06/08 13:29:52 INFO Client: Application report for application_1527512542584_0124 (state: RUNNING)
18/06/08 13:29:53 INFO Client: Application report for application_1527512542584_0124 (state: RUNNING)
18/06/08 13:29:54 INFO Client: Application report for application_1527512542584_0124 (state: RUNNING)
18/06/08 13:29:55 INFO Client: Application report for application_1527512542584_0124 (state: RUNNING)
18/06/08 13:29:56 INFO Client: Application report for application_1527512542584_0124 (state: RUNNING)
18/06/08 13:29:57 INFO Client: Application report for application_1527512542584_0124 (state: RUNNING)
18/06/08 13:29:58 INFO Client: Application report for application_1527512542584_0124 (state: RUNNING)
18/06/08 13:29:59 INFO Client: Application report for application_1527512542584_0124 (state: RUNNING)
18/06/08 13:30:00 INFO Client: Application report for application_1527512542584_0124 (state: RUNNING)
18/06/08 13:30:01 INFO Client: Application report for application_1527512542584_0124 (state: RUNNING)
18/06/08 13:30:02 INFO Client: Application report for application_1527512542584_0124 (state: RUNNING)
18/06/08 13:30:03 INFO Client: Application report for application_1527512542584_0124 (state: RUNNING)
18/06/08 13:30:04 INFO Client: Application report for application_1527512542584_0124 (state: RUNNING)
18/06/08 13:30:05 INFO Client: Application report for application_1527512542584_0124 (state: RUNNING)
18/06/08 13:30:06 INFO Client: Application report for application_1527512542584_0124 (state: RUNNING)
18/06/08 13:30:07 INFO Client: Application report for application_1527512542584_0124 (state: RUNNING)
18/06/08 13:30:08 INFO Client: Application report for application_1527512542584_0124 (state: RUNNING)
18/06/08 13:30:09 INFO Client: Application report for application_1527512542584_0124 (state: RUNNING)
18/06/08 13:30:10 INFO Client: Application report for application_1527512542584_0124 (state: RUNNING)
18/06/08 13:30:11 INFO Client: Application report for application_1527512542584_0124 (state: RUNNING)
18/06/08 13:30:12 INFO Client: Application report for application_1527512542584_0124 (state: RUNNING)
18/06/08 13:30:13 INFO Client: Application report for application_1527512542584_0124 (state: RUNNING)
18/06/08 13:30:14 INFO Client: Application report for application_1527512542584_0124 (state: RUNNING)
18/06/08 13:30:15 INFO Client: Application report for application_1527512542584_0124 (state: RUNNING)
18/06/08 13:30:16 INFO Client: Application report for application_1527512542584_0124 (state: RUNNING)
18/06/08 13:30:17 INFO Client: Application report for application_1527512542584_0124 (state: RUNNING)
18/06/08 13:30:18 INFO Client: Application report for application_1527512542584_0124 (state: RUNNING)
18/06/08 13:30:19 INFO Client: Application report for application_1527512542584_0124 (state: RUNNING)
18/06/08 13:30:20 INFO Client: Application report for application_1527512542584_0124 (state: RUNNING)
18/06/08 13:30:21 INFO Client: Application report for application_1527512542584_0124 (state: RUNNING)
18/06/08 13:30:22 INFO Client: Application report for application_1527512542584_0124 (state: RUNNING)
18/06/08 13:30:23 INFO Client: Application report for application_1527512542584_0124 (state: RUNNING)
18/06/08 13:30:24 INFO Client: Application report for application_1527512542584_0124 (state: RUNNING)
18/06/08 13:30:25 INFO Client: Application report for application_1527512542584_0124 (state: RUNNING)
18/06/08 13:30:26 INFO Client: Application report for application_1527512542584_0124 (state: RUNNING)
18/06/08 13:30:27 INFO Client: Application report for application_1527512542584_0124 (state: RUNNING)
18/06/08 13:30:28 INFO Client: Application report for application_1527512542584_0124 (state: RUNNING)
18/06/08 13:30:29 INFO Client: Application report for application_1527512542584_0124 (state: RUNNING)
18/06/08 13:30:30 INFO Client: Application report for application_1527512542584_0124 (state: RUNNING)
18/06/08 13:30:31 INFO Client: Application report for application_1527512542584_0124 (state: RUNNING)
18/06/08 13:30:32 INFO Client: Application report for application_1527512542584_0124 (state: RUNNING)
18/06/08 13:30:33 INFO Client: Application report for application_1527512542584_0124 (state: RUNNING)
18/06/08 13:30:34 INFO Client: Application report for application_1527512542584_0124 (state: RUNNING)
18/06/08 13:30:35 INFO Client: Application report for application_1527512542584_0124 (state: ACCEPTED)
18/06/08 13:30:35 INFO Client: 
	 client token: N/A
	 diagnostics: AM container is launched, waiting for AM container to Register with RM
	 ApplicationMaster host: N/A
	 ApplicationMaster RPC port: -1
	 queue: default
	 start time: 1528464386939
	 final status: UNDEFINED
	 tracking URL: http://hn0-sparkh.01gbvfzxeqquvorlqntixlipbb.jx.internal.cloudapp.net:8088/proxy/application_1527512542584_0124/
	 user: ninghai
18/06/08 13:30:36 INFO Client: Application report for application_1527512542584_0124 (state: ACCEPTED)
18/06/08 13:30:37 INFO Client: Application report for application_1527512542584_0124 (state: ACCEPTED)
18/06/08 13:30:38 INFO Client: Application report for application_1527512542584_0124 (state: ACCEPTED)
18/06/08 13:30:39 INFO Client: Application report for application_1527512542584_0124 (state: ACCEPTED)
18/06/08 13:30:40 INFO Client: Application report for application_1527512542584_0124 (state: ACCEPTED)
18/06/08 13:30:41 INFO Client: Application report for application_1527512542584_0124 (state: ACCEPTED)
18/06/08 13:30:42 INFO Client: Application report for application_1527512542584_0124 (state: ACCEPTED)
18/06/08 13:30:43 INFO Client: Application report for application_1527512542584_0124 (state: ACCEPTED)
18/06/08 13:30:44 INFO Client: Application report for application_1527512542584_0124 (state: RUNNING)
18/06/08 13:30:44 INFO Client: 
	 client token: N/A
	 diagnostics: N/A
	 ApplicationMaster host: 10.0.0.15
	 ApplicationMaster RPC port: 0
	 queue: default
	 start time: 1528464386939
	 final status: UNDEFINED
	 tracking URL: http://hn0-sparkh.01gbvfzxeqquvorlqntixlipbb.jx.internal.cloudapp.net:8088/proxy/application_1527512542584_0124/
	 user: ninghai
18/06/08 13:30:45 INFO Client: Application report for application_1527512542584_0124 (state: RUNNING)
18/06/08 13:30:46 INFO Client: Application report for application_1527512542584_0124 (state: RUNNING)
18/06/08 13:30:47 INFO Client: Application report for application_1527512542584_0124 (state: RUNNING)
18/06/08 13:30:48 INFO Client: Application report for application_1527512542584_0124 (state: RUNNING)
18/06/08 13:30:49 INFO Client: Application report for application_1527512542584_0124 (state: RUNNING)
18/06/08 13:30:50 INFO Client: Application report for application_1527512542584_0124 (state: RUNNING)
18/06/08 13:30:51 INFO Client: Application report for application_1527512542584_0124 (state: RUNNING)
18/06/08 13:30:52 INFO Client: Application report for application_1527512542584_0124 (state: RUNNING)
18/06/08 13:30:53 INFO Client: Application report for application_1527512542584_0124 (state: RUNNING)
18/06/08 13:30:54 INFO Client: Application report for application_1527512542584_0124 (state: RUNNING)
18/06/08 13:30:55 INFO Client: Application report for application_1527512542584_0124 (state: RUNNING)
18/06/08 13:30:56 INFO Client: Application report for application_1527512542584_0124 (state: RUNNING)
18/06/08 13:30:57 INFO Client: Application report for application_1527512542584_0124 (state: RUNNING)
18/06/08 13:30:58 INFO Client: Application report for application_1527512542584_0124 (state: RUNNING)
18/06/08 13:30:59 INFO Client: Application report for application_1527512542584_0124 (state: RUNNING)
18/06/08 13:31:00 INFO Client: Application report for application_1527512542584_0124 (state: RUNNING)
18/06/08 13:31:01 INFO Client: Application report for application_1527512542584_0124 (state: RUNNING)
18/06/08 13:31:02 INFO Client: Application report for application_1527512542584_0124 (state: RUNNING)
18/06/08 13:31:03 INFO Client: Application report for application_1527512542584_0124 (state: RUNNING)
18/06/08 13:31:04 INFO Client: Application report for application_1527512542584_0124 (state: RUNNING)
18/06/08 13:31:05 INFO Client: Application report for application_1527512542584_0124 (state: RUNNING)
18/06/08 13:31:06 INFO Client: Application report for application_1527512542584_0124 (state: RUNNING)
18/06/08 13:31:07 INFO Client: Application report for application_1527512542584_0124 (state: RUNNING)
18/06/08 13:31:08 INFO Client: Application report for application_1527512542584_0124 (state: RUNNING)
18/06/08 13:31:09 INFO Client: Application report for application_1527512542584_0124 (state: RUNNING)
18/06/08 13:31:10 INFO Client: Application report for application_1527512542584_0124 (state: RUNNING)
18/06/08 13:31:11 INFO Client: Application report for application_1527512542584_0124 (state: RUNNING)
18/06/08 13:31:12 INFO Client: Application report for application_1527512542584_0124 (state: RUNNING)
18/06/08 13:31:13 INFO Client: Application report for application_1527512542584_0124 (state: RUNNING)
18/06/08 13:31:14 INFO Client: Application report for application_1527512542584_0124 (state: RUNNING)
18/06/08 13:31:15 INFO Client: Application report for application_1527512542584_0124 (state: RUNNING)
18/06/08 13:31:16 INFO Client: Application report for application_1527512542584_0124 (state: RUNNING)
18/06/08 13:31:17 INFO Client: Application report for application_1527512542584_0124 (state: RUNNING)
18/06/08 13:31:18 INFO Client: Application report for application_1527512542584_0124 (state: RUNNING)
18/06/08 13:31:19 INFO Client: Application report for application_1527512542584_0124 (state: RUNNING)
18/06/08 13:31:20 INFO Client: Application report for application_1527512542584_0124 (state: RUNNING)
18/06/08 13:31:21 INFO Client: Application report for application_1527512542584_0124 (state: RUNNING)
18/06/08 13:31:22 INFO Client: Application report for application_1527512542584_0124 (state: RUNNING)
18/06/08 13:31:23 INFO Client: Application report for application_1527512542584_0124 (state: RUNNING)
18/06/08 13:31:24 INFO Client: Application report for application_1527512542584_0124 (state: RUNNING)
18/06/08 13:31:25 INFO Client: Application report for application_1527512542584_0124 (state: RUNNING)
18/06/08 13:31:26 INFO Client: Application report for application_1527512542584_0124 (state: RUNNING)
18/06/08 13:31:27 INFO Client: Application report for application_1527512542584_0124 (state: RUNNING)
18/06/08 13:31:28 INFO Client: Application report for application_1527512542584_0124 (state: RUNNING)
18/06/08 13:31:29 INFO Client: Application report for application_1527512542584_0124 (state: RUNNING)
18/06/08 13:31:30 INFO Client: Application report for application_1527512542584_0124 (state: RUNNING)
18/06/08 13:31:31 INFO Client: Application report for application_1527512542584_0124 (state: RUNNING)
18/06/08 13:31:32 INFO Client: Application report for application_1527512542584_0124 (state: RUNNING)
18/06/08 13:31:33 INFO Client: Application report for application_1527512542584_0124 (state: RUNNING)
18/06/08 13:31:34 INFO Client: Application report for application_1527512542584_0124 (state: RUNNING)
18/06/08 13:31:35 INFO Client: Application report for application_1527512542584_0124 (state: RUNNING)
18/06/08 13:31:36 INFO Client: Application report for application_1527512542584_0124 (state: RUNNING)
18/06/08 13:31:37 INFO Client: Application report for application_1527512542584_0124 (state: RUNNING)
18/06/08 13:31:38 INFO Client: Application report for application_1527512542584_0124 (state: RUNNING)
18/06/08 13:31:39 INFO Client: Application report for application_1527512542584_0124 (state: RUNNING)
18/06/08 13:31:40 INFO Client: Application report for application_1527512542584_0124 (state: ACCEPTED)
18/06/08 13:31:40 INFO Client: 
	 client token: N/A
	 diagnostics: AM container is launched, waiting for AM container to Register with RM
	 ApplicationMaster host: N/A
	 ApplicationMaster RPC port: -1
	 queue: default
	 start time: 1528464386939
	 final status: UNDEFINED
	 tracking URL: http://hn0-sparkh.01gbvfzxeqquvorlqntixlipbb.jx.internal.cloudapp.net:8088/proxy/application_1527512542584_0124/
	 user: ninghai
18/06/08 13:31:41 INFO Client: Application report for application_1527512542584_0124 (state: ACCEPTED)
18/06/08 13:31:42 INFO Client: Application report for application_1527512542584_0124 (state: ACCEPTED)
18/06/08 13:31:43 INFO Client: Application report for application_1527512542584_0124 (state: ACCEPTED)
18/06/08 13:31:44 INFO Client: Application report for application_1527512542584_0124 (state: ACCEPTED)
18/06/08 13:31:45 INFO Client: Application report for application_1527512542584_0124 (state: ACCEPTED)
18/06/08 13:31:46 INFO Client: Application report for application_1527512542584_0124 (state: ACCEPTED)
18/06/08 13:31:47 INFO Client: Application report for application_1527512542584_0124 (state: ACCEPTED)
18/06/08 13:31:48 INFO Client: Application report for application_1527512542584_0124 (state: RUNNING)
18/06/08 13:31:48 INFO Client: 
	 client token: N/A
	 diagnostics: N/A
	 ApplicationMaster host: 10.0.0.12
	 ApplicationMaster RPC port: 0
	 queue: default
	 start time: 1528464386939
	 final status: UNDEFINED
	 tracking URL: http://hn0-sparkh.01gbvfzxeqquvorlqntixlipbb.jx.internal.cloudapp.net:8088/proxy/application_1527512542584_0124/
	 user: ninghai
18/06/08 13:31:49 INFO Client: Application report for application_1527512542584_0124 (state: RUNNING)
18/06/08 13:31:50 INFO Client: Application report for application_1527512542584_0124 (state: RUNNING)
18/06/08 13:31:51 INFO Client: Application report for application_1527512542584_0124 (state: RUNNING)
18/06/08 13:31:52 INFO Client: Application report for application_1527512542584_0124 (state: RUNNING)
18/06/08 13:31:53 INFO Client: Application report for application_1527512542584_0124 (state: RUNNING)
18/06/08 13:31:54 INFO Client: Application report for application_1527512542584_0124 (state: RUNNING)
18/06/08 13:31:55 INFO Client: Application report for application_1527512542584_0124 (state: RUNNING)
18/06/08 13:31:56 INFO Client: Application report for application_1527512542584_0124 (state: RUNNING)
18/06/08 13:31:57 INFO Client: Application report for application_1527512542584_0124 (state: RUNNING)
18/06/08 13:31:58 INFO Client: Application report for application_1527512542584_0124 (state: RUNNING)
18/06/08 13:31:59 INFO Client: Application report for application_1527512542584_0124 (state: RUNNING)
18/06/08 13:32:00 INFO Client: Application report for application_1527512542584_0124 (state: RUNNING)
18/06/08 13:32:01 INFO Client: Application report for application_1527512542584_0124 (state: RUNNING)
18/06/08 13:32:02 INFO Client: Application report for application_1527512542584_0124 (state: RUNNING)
18/06/08 13:32:03 INFO Client: Application report for application_1527512542584_0124 (state: RUNNING)
18/06/08 13:32:04 INFO Client: Application report for application_1527512542584_0124 (state: RUNNING)
18/06/08 13:32:05 INFO Client: Application report for application_1527512542584_0124 (state: RUNNING)
18/06/08 13:32:06 INFO Client: Application report for application_1527512542584_0124 (state: RUNNING)
18/06/08 13:32:07 INFO Client: Application report for application_1527512542584_0124 (state: RUNNING)
18/06/08 13:32:08 INFO Client: Application report for application_1527512542584_0124 (state: RUNNING)
18/06/08 13:32:09 INFO Client: Application report for application_1527512542584_0124 (state: RUNNING)
18/06/08 13:32:10 INFO Client: Application report for application_1527512542584_0124 (state: RUNNING)
18/06/08 13:32:11 INFO Client: Application report for application_1527512542584_0124 (state: RUNNING)
18/06/08 13:32:12 INFO Client: Application report for application_1527512542584_0124 (state: RUNNING)
18/06/08 13:32:13 INFO Client: Application report for application_1527512542584_0124 (state: RUNNING)
18/06/08 13:32:14 INFO Client: Application report for application_1527512542584_0124 (state: RUNNING)
18/06/08 13:32:15 INFO Client: Application report for application_1527512542584_0124 (state: RUNNING)
18/06/08 13:32:16 INFO Client: Application report for application_1527512542584_0124 (state: RUNNING)
18/06/08 13:32:17 INFO Client: Application report for application_1527512542584_0124 (state: RUNNING)
18/06/08 13:32:18 INFO Client: Application report for application_1527512542584_0124 (state: RUNNING)
18/06/08 13:32:19 INFO Client: Application report for application_1527512542584_0124 (state: RUNNING)
18/06/08 13:32:20 INFO Client: Application report for application_1527512542584_0124 (state: RUNNING)
18/06/08 13:32:21 INFO Client: Application report for application_1527512542584_0124 (state: RUNNING)
18/06/08 13:32:22 INFO Client: Application report for application_1527512542584_0124 (state: RUNNING)
18/06/08 13:32:23 INFO Client: Application report for application_1527512542584_0124 (state: RUNNING)
18/06/08 13:32:24 INFO Client: Application report for application_1527512542584_0124 (state: RUNNING)
18/06/08 13:32:25 INFO Client: Application report for application_1527512542584_0124 (state: RUNNING)
18/06/08 13:32:26 INFO Client: Application report for application_1527512542584_0124 (state: RUNNING)
18/06/08 13:32:27 INFO Client: Application report for application_1527512542584_0124 (state: RUNNING)
18/06/08 13:32:28 INFO Client: Application report for application_1527512542584_0124 (state: RUNNING)
18/06/08 13:32:29 INFO Client: Application report for application_1527512542584_0124 (state: RUNNING)
18/06/08 13:32:30 INFO Client: Application report for application_1527512542584_0124 (state: RUNNING)
18/06/08 13:32:31 INFO Client: Application report for application_1527512542584_0124 (state: RUNNING)
18/06/08 13:32:32 INFO Client: Application report for application_1527512542584_0124 (state: RUNNING)
18/06/08 13:32:33 INFO Client: Application report for application_1527512542584_0124 (state: RUNNING)
18/06/08 13:32:34 INFO Client: Application report for application_1527512542584_0124 (state: FINISHED)
18/06/08 13:32:34 INFO Client: 
	 client token: N/A
	 diagnostics: User application exited with status 1
	 ApplicationMaster host: 10.0.0.12
	 ApplicationMaster RPC port: 0
	 queue: default
	 start time: 1528464386939
	 final status: FAILED
	 tracking URL: http://hn0-sparkh.01gbvfzxeqquvorlqntixlipbb.jx.internal.cloudapp.net:8088/proxy/application_1527512542584_0124/
	 user: ninghai
Exception in thread "main" org.apache.spark.SparkException: Application application_1527512542584_0124 finished with failed status
	at org.apache.spark.deploy.yarn.Client.run(Client.scala:1241)
	at org.apache.spark.deploy.yarn.Client$.main(Client.scala:1287)
	at org.apache.spark.deploy.yarn.Client.main(Client.scala)
	at sun.reflect.NativeMethodAccessorImpl.invoke0(Native Method)
	at sun.reflect.NativeMethodAccessorImpl.invoke(NativeMethodAccessorImpl.java:62)
	at sun.reflect.DelegatingMethodAccessorImpl.invoke(DelegatingMethodAccessorImpl.java:43)
	at java.lang.reflect.Method.invoke(Method.java:498)
	at org.apache.spark.deploy.SparkSubmit$.org$apache$spark$deploy$SparkSubmit$$runMain(SparkSubmit.scala:745)
	at org.apache.spark.deploy.SparkSubmit$.doRunMain$1(SparkSubmit.scala:187)
	at org.apache.spark.deploy.SparkSubmit$.submit(SparkSubmit.scala:212)
	at org.apache.spark.deploy.SparkSubmit$.main(SparkSubmit.scala:126)
	at org.apache.spark.deploy.SparkSubmit.main(SparkSubmit.scala)
18/06/08 13:32:34 INFO ShutdownHookManager: Shutdown hook called
18/06/08 13:32:34 INFO ShutdownHookManager: Deleting directory /tmp/spark-c184b685-b7f6-4f15-89f4-163d6572345c
18/06/08 13:32:34 INFO MetricsSystemImpl: Stopping azure-file-system metrics system...
18/06/08 13:32:34 INFO MetricsSinkAdapter: azurefs2 thread interrupted.
18/06/08 13:32:34 INFO MetricsSystemImpl: azure-file-system metrics system stopped.
18/06/08 13:32:34 INFO MetricsSystemImpl: azure-file-system metrics system shutdown complete.
18/06/08 13:32:36 INFO client.AHSProxy: Connecting to Application History server at headnodehost/10.0.0.21:10200
18/06/08 13:32:36 INFO client.RequestHedgingRMFailoverProxyProvider: Looking for the active RM in [rm1, rm2]...
18/06/08 13:32:36 INFO client.RequestHedgingRMFailoverProxyProvider: Found active RM [rm1]
18/06/08 13:32:37 INFO zlib.ZlibFactory: Successfully loaded & initialized native-zlib library
18/06/08 13:32:38 INFO compress.CodecPool: Got brand-new decompressor [.deflate]
Container: container_e25_1527512542584_0124_01_000001 on 10.0.0.14_30050_1528464755534
LogAggregationType: AGGREGATED
======================================================================================
18/06/08 13:32:38 INFO compress.CodecPool: Got brand-new decompressor [.deflate]
LogType:stderr
Log Upload Time:Fri Jun 08 13:32:35 +0000 2018
LogLength:695
Log Contents:
SLF4J: Class path contains multiple SLF4J bindings.
SLF4J: Found binding in [jar:file:/usr/hdp/2.6.0.2-76/spark2/jars/slf4j-log4j12-1.7.16.jar!/org/slf4j/impl/StaticLoggerBinder.class]
SLF4J: Found binding in [jar:file:/usr/hdp/2.6.0.2-76/hadoop/lib/slf4j-log4j12-1.7.10.jar!/org/slf4j/impl/StaticLoggerBinder.class]
SLF4J: See http://www.slf4j.org/codes.html#multiple_bindings for an explanation.
SLF4J: Actual binding is of type [org.slf4j.impl.Log4jLoggerFactory]
18/06/08 13:28:37 ERROR ApplicationMaster: User application exited with status 1
18/06/08 13:28:38 ERROR LiveListenerBus: SparkListenerBus has already stopped! Dropping event SparkListenerExecutorMetricsUpdate(5,WrappedArray())

End of LogType:stderr

Container: container_e25_1527512542584_0124_02_000001 on 10.0.0.14_30050_1528464755534
LogAggregationType: AGGREGATED
======================================================================================
18/06/08 13:32:38 INFO compress.CodecPool: Got brand-new decompressor [.deflate]
LogType:stderr
Log Upload Time:Fri Jun 08 13:32:35 +0000 2018
LogLength:548
Log Contents:
SLF4J: Class path contains multiple SLF4J bindings.
SLF4J: Found binding in [jar:file:/usr/hdp/2.6.0.2-76/spark2/jars/slf4j-log4j12-1.7.16.jar!/org/slf4j/impl/StaticLoggerBinder.class]
SLF4J: Found binding in [jar:file:/usr/hdp/2.6.0.2-76/hadoop/lib/slf4j-log4j12-1.7.10.jar!/org/slf4j/impl/StaticLoggerBinder.class]
SLF4J: See http://www.slf4j.org/codes.html#multiple_bindings for an explanation.
SLF4J: Actual binding is of type [org.slf4j.impl.Log4jLoggerFactory]
18/06/08 13:29:34 ERROR ApplicationMaster: User application exited with status 1

End of LogType:stderr

Container: container_e25_1527512542584_0124_03_000001 on 10.0.0.13_30050_1528464755427
LogAggregationType: AGGREGATED
======================================================================================
18/06/08 13:32:39 INFO compress.CodecPool: Got brand-new decompressor [.deflate]
LogType:stderr
Log Upload Time:Fri Jun 08 13:32:35 +0000 2018
LogLength:548
Log Contents:
SLF4J: Class path contains multiple SLF4J bindings.
SLF4J: Found binding in [jar:file:/usr/hdp/2.6.0.2-76/spark2/jars/slf4j-log4j12-1.7.16.jar!/org/slf4j/impl/StaticLoggerBinder.class]
SLF4J: Found binding in [jar:file:/usr/hdp/2.6.0.2-76/hadoop/lib/slf4j-log4j12-1.7.10.jar!/org/slf4j/impl/StaticLoggerBinder.class]
SLF4J: See http://www.slf4j.org/codes.html#multiple_bindings for an explanation.
SLF4J: Actual binding is of type [org.slf4j.impl.Log4jLoggerFactory]
18/06/08 13:30:34 ERROR ApplicationMaster: User application exited with status 1

End of LogType:stderr

Container: container_e25_1527512542584_0124_04_000001 on 10.0.0.15_30050_1528464755117
LogAggregationType: AGGREGATED
======================================================================================
18/06/08 13:32:39 INFO compress.CodecPool: Got brand-new decompressor [.deflate]
LogType:stderr
Log Upload Time:Fri Jun 08 13:32:35 +0000 2018
LogLength:548
Log Contents:
SLF4J: Class path contains multiple SLF4J bindings.
SLF4J: Found binding in [jar:file:/usr/hdp/2.6.0.2-76/spark2/jars/slf4j-log4j12-1.7.16.jar!/org/slf4j/impl/StaticLoggerBinder.class]
SLF4J: Found binding in [jar:file:/usr/hdp/2.6.0.2-76/hadoop/lib/slf4j-log4j12-1.7.10.jar!/org/slf4j/impl/StaticLoggerBinder.class]
SLF4J: See http://www.slf4j.org/codes.html#multiple_bindings for an explanation.
SLF4J: Actual binding is of type [org.slf4j.impl.Log4jLoggerFactory]
18/06/08 13:31:39 ERROR ApplicationMaster: User application exited with status 1

End of LogType:stderr

Container: container_e25_1527512542584_0124_05_000001 on 10.0.0.12_30050_1528464755995
LogAggregationType: AGGREGATED
======================================================================================
18/06/08 13:32:40 INFO compress.CodecPool: Got brand-new decompressor [.deflate]
LogType:stderr
Log Upload Time:Fri Jun 08 13:32:36 +0000 2018
LogLength:548
Log Contents:
SLF4J: Class path contains multiple SLF4J bindings.
SLF4J: Found binding in [jar:file:/usr/hdp/2.6.0.2-76/spark2/jars/slf4j-log4j12-1.7.16.jar!/org/slf4j/impl/StaticLoggerBinder.class]
SLF4J: Found binding in [jar:file:/usr/hdp/2.6.0.2-76/hadoop/lib/slf4j-log4j12-1.7.10.jar!/org/slf4j/impl/StaticLoggerBinder.class]
SLF4J: See http://www.slf4j.org/codes.html#multiple_bindings for an explanation.
SLF4J: Actual binding is of type [org.slf4j.impl.Log4jLoggerFactory]
18/06/08 13:32:33 ERROR ApplicationMaster: User application exited with status 1

End of LogType:stderr


Specified ALL for -am option. Printed logs for all am containers.
18/06/08 13:32:42 INFO client.AHSProxy: Connecting to Application History server at headnodehost/10.0.0.21:10200
18/06/08 13:32:42 INFO client.RequestHedgingRMFailoverProxyProvider: Looking for the active RM in [rm1, rm2]...
18/06/08 13:32:42 INFO client.RequestHedgingRMFailoverProxyProvider: Found active RM [rm1]
18/06/08 13:32:43 INFO zlib.ZlibFactory: Successfully loaded & initialized native-zlib library
18/06/08 13:32:43 INFO compress.CodecPool: Got brand-new decompressor [.deflate]
Container: container_e25_1527512542584_0124_01_000001 on 10.0.0.14_30050_1528464755534
LogAggregationType: AGGREGATED
======================================================================================
18/06/08 13:32:43 INFO compress.CodecPool: Got brand-new decompressor [.deflate]
LogType:stdout
Log Upload Time:Fri Jun 08 13:32:35 +0000 2018
LogLength:8726
Log Contents:
****************
Python version: 3.6.2 |Anaconda, Inc.| (default, Oct  5 2017, 07:59:26) 
[GCC 7.2.0]
Spark version: 2.1.0.2.6.0.2-76
****************
First 10 rows of Iris dataset:
+------------+-----------+------------+-----------+-----------+
|sepal-length|sepal-width|petal-length|petal-width|      class|
+------------+-----------+------------+-----------+-----------+
|         5.1|        3.5|         1.4|        0.2|Iris-setosa|
|         4.9|        3.0|         1.4|        0.2|Iris-setosa|
|         4.7|        3.2|         1.3|        0.2|Iris-setosa|
|         4.6|        3.1|         1.5|        0.2|Iris-setosa|
|         5.0|        3.6|         1.4|        0.2|Iris-setosa|
|         5.4|        3.9|         1.7|        0.4|Iris-setosa|
|         4.6|        3.4|         1.4|        0.3|Iris-setosa|
|         5.0|        3.4|         1.5|        0.2|Iris-setosa|
|         4.4|        2.9|         1.4|        0.2|Iris-setosa|
|         4.9|        3.1|         1.5|        0.1|Iris-setosa|
+------------+-----------+------------+-----------+-----------+
only showing top 10 rows

Load featurized dataset for machine learning...
+-----------------+-----+
|         features|label|
+-----------------+-----+
|[5.1,3.5,1.4,0.2]|  0.0|
|[4.9,3.0,1.4,0.2]|  0.0|
|[4.7,3.2,1.3,0.2]|  0.0|
|[4.6,3.1,1.5,0.2]|  0.0|
|[5.0,3.6,1.4,0.2]|  0.0|
|[5.4,3.9,1.7,0.4]|  0.0|
|[4.6,3.4,1.4,0.3]|  0.0|
|[5.0,3.4,1.5,0.2]|  0.0|
|[4.4,2.9,1.4,0.2]|  0.0|
|[4.9,3.1,1.5,0.1]|  0.0|
+-----------------+-----+
only showing top 10 rows

Prediction
+-----------------+-----+--------------------+--------------------+----------+
|         features|label|       rawPrediction|         probability|prediction|
+-----------------+-----+--------------------+--------------------+----------+
|[4.8,3.0,1.4,0.3]|  0.0|[4.93302009707444...|[0.93737782806150...|       0.0|
|[4.8,3.4,1.6,0.2]|  0.0|[5.90070023845364...|[0.98174942458972...|       0.0|
|[4.9,2.5,4.5,1.7]|  2.0|[-2.0025928497868...|[0.02384454611185...|       2.0|
|[4.9,3.1,1.5,0.1]|  0.0|[5.35764312294564...|[0.95226420925839...|       0.0|
|[4.9,3.1,1.5,0.1]|  0.0|[5.35764312294564...|[0.95226420925839...|       0.0|
|[5.0,2.0,3.5,1.0]|  1.0|[-0.9953734765068...|[0.03899681470276...|       1.0|
|[5.0,2.3,3.3,1.0]|  1.0|[-0.1041333920103...|[0.11076240191206...|       1.0|
|[5.0,3.0,1.6,0.2]|  0.0|[4.70398685705601...|[0.90756536879183...|       0.0|
|[5.0,3.3,1.4,0.2]|  0.0|[5.59522694155259...|[0.96749706610979...|       0.0|
|[5.0,3.4,1.5,0.2]|  0.0|[5.74151234481306...|[0.97467973002340...|       0.0|
+-----------------+-----+--------------------+--------------------+----------+
only showing top 10 rows


#####################################
Regularization rate is 0.01
Accuracy is 0.98
#####################################

The experiment completed successfully. Starting post-processing steps.
Traceback (most recent call last):
  File "context_manager_injector.py", line 72, in execute_with_context
    with open(complete_file_path, "a") as stream:
FileNotFoundError: [Errno 2] No such file or directory: '/mnt/resource/hadoop/yarn/local/usercache/ninghai/appcache/application_1527512542584_0124/container_e25_1527512542584_0124_01_000001/azureml-setup/complete'

Traceback (most recent call last):
  File "context_manager_injector.py", line 72, in execute_with_context
    with open(complete_file_path, "a") as stream:
FileNotFoundError: [Errno 2] No such file or directory: '/mnt/resource/hadoop/yarn/local/usercache/ninghai/appcache/application_1527512542584_0124/container_e25_1527512542584_0124_01_000001/azureml-setup/complete'

During handling of the above exception, another exception occurred:

Traceback (most recent call last):
  File "context_manager_injector.py", line 111, in <module>
    execute_with_context(cm_objects, options.invocation)
  File "context_manager_injector.py", line 73, in execute_with_context
    print("Prehistory!", file=stream)
  File "/mnt/resource/hadoop/yarn/local/usercache/ninghai/appcache/application_1527512542584_0124/container_e25_1527512542584_0124_01_000001/azureml_40b348c4d7381beefb01312cdebdaa0b.zip/home/ninghai/.azureml/envs/azureml_40b348c4d7381beefb01312cdebdaa0b/lib/python3.6/contextlib.py", line 380, in __exit__
    raise exc_details[1]
  File "/mnt/resource/hadoop/yarn/local/usercache/ninghai/appcache/application_1527512542584_0124/container_e25_1527512542584_0124_01_000001/azureml_40b348c4d7381beefb01312cdebdaa0b.zip/home/ninghai/.azureml/envs/azureml_40b348c4d7381beefb01312cdebdaa0b/lib/python3.6/contextlib.py", line 365, in __exit__
    if cb(*exc_details):
  File "/mnt/resource/hadoop/yarn/local/usercache/ninghai/appcache/application_1527512542584_0124/container_e25_1527512542584_0124_01_000001/azureml_40b348c4d7381beefb01312cdebdaa0b.zip/home/ninghai/.azureml/envs/azureml_40b348c4d7381beefb01312cdebdaa0b/lib/python3.6/contextlib.py", line 284, in _exit_wrapper
    return cm_exit(cm, *exc_details)
  File "context_manager_injector.py", line 30, in __exit__
    self.context_manager.__exit__(*exc_details)
  File "/mnt/resource/hadoop/yarn/local/usercache/ninghai/appcache/application_1527512542584_0124/container_e25_1527512542584_0124_01_000001/context_managers.py", line 49, in __exit__
    self.history_context.__exit__(*args)
  File "/mnt/resource/hadoop/yarn/local/usercache/ninghai/appcache/application_1527512542584_0124/container_e25_1527512542584_0124_01_000001/azureml_40b348c4d7381beefb01312cdebdaa0b.zip/home/ninghai/.azureml/envs/azureml_40b348c4d7381beefb01312cdebdaa0b/lib/python3.6/site-packages/azureml/history/utils/context_managers.py", line 50, in __exit__
    self._exit_stack.__exit__(*args)
  File "/mnt/resource/hadoop/yarn/local/usercache/ninghai/appcache/application_1527512542584_0124/container_e25_1527512542584_0124_01_000001/azureml_40b348c4d7381beefb01312cdebdaa0b.zip/home/ninghai/.azureml/envs/azureml_40b348c4d7381beefb01312cdebdaa0b/lib/python3.6/contextlib.py", line 380, in __exit__
    raise exc_details[1]
  File "/mnt/resource/hadoop/yarn/local/usercache/ninghai/appcache/application_1527512542584_0124/container_e25_1527512542584_0124_01_000001/azureml_40b348c4d7381beefb01312cdebdaa0b.zip/home/ninghai/.azureml/envs/azureml_40b348c4d7381beefb01312cdebdaa0b/lib/python3.6/contextlib.py", line 365, in __exit__
    if cb(*exc_details):
  File "/mnt/resource/hadoop/yarn/local/usercache/ninghai/appcache/application_1527512542584_0124/container_e25_1527512542584_0124_01_000001/azureml_40b348c4d7381beefb01312cdebdaa0b.zip/home/ninghai/.azureml/envs/azureml_40b348c4d7381beefb01312cdebdaa0b/lib/python3.6/contextlib.py", line 284, in _exit_wrapper
    return cm_exit(cm, *exc_details)
  File "/mnt/resource/hadoop/yarn/local/usercache/ninghai/appcache/application_1527512542584_0124/container_e25_1527512542584_0124_01_000001/azureml_40b348c4d7381beefb01312cdebdaa0b.zip/home/ninghai/.azureml/envs/azureml_40b348c4d7381beefb01312cdebdaa0b/lib/python3.6/site-packages/azureml/history/utils/context_managers.py", line 141, in __exit__
    self.blacklist + [self.user_log_path])
  File "/mnt/resource/hadoop/yarn/local/usercache/ninghai/appcache/application_1527512542584_0124/container_e25_1527512542584_0124_01_000001/azureml_40b348c4d7381beefb01312cdebdaa0b.zip/home/ninghai/.azureml/envs/azureml_40b348c4d7381beefb01312cdebdaa0b/lib/python3.6/site-packages/azureml/history/utils/context_managers.py", line 87, in track
    fs.track(run_tracker, track_folders, blacklist)
  File "/mnt/resource/hadoop/yarn/local/usercache/ninghai/appcache/application_1527512542584_0124/container_e25_1527512542584_0124_01_000001/azureml_40b348c4d7381beefb01312cdebdaa0b.zip/home/ninghai/.azureml/envs/azureml_40b348c4d7381beefb01312cdebdaa0b/lib/python3.6/site-packages/azureml/history/utils/filesystem.py", line 130, in track
    self._upload_hdi_outputs(run_tracker)
  File "/mnt/resource/hadoop/yarn/local/usercache/ninghai/appcache/application_1527512542584_0124/container_e25_1527512542584_0124_01_000001/azureml_40b348c4d7381beefb01312cdebdaa0b.zip/home/ninghai/.azureml/envs/azureml_40b348c4d7381beefb01312cdebdaa0b/lib/python3.6/site-packages/azureml/history/utils/filesystem.py", line 154, in _upload_hdi_outputs
    container_sas = get_container_sas(wasburl)
  File "/mnt/resource/hadoop/yarn/local/usercache/ninghai/appcache/application_1527512542584_0124/container_e25_1527512542584_0124_01_000001/azureml_40b348c4d7381beefb01312cdebdaa0b.zip/home/ninghai/.azureml/envs/azureml_40b348c4d7381beefb01312cdebdaa0b/lib/python3.6/site-packages/azureml/history/utils/_hdi_wasb_utils.py", line 32, in get_container_sas
    from azure.storage.models import AccountPermissions
ModuleNotFoundError: No module named 'azure.storage.models'

End of LogType:stdout

Container: container_e25_1527512542584_0124_02_000001 on 10.0.0.14_30050_1528464755534
LogAggregationType: AGGREGATED
======================================================================================
18/06/08 13:32:44 INFO compress.CodecPool: Got brand-new decompressor [.deflate]
LogType:stdout
Log Upload Time:Fri Jun 08 13:32:35 +0000 2018
LogLength:10717
Log Contents:
****************
Python version: 3.6.2 |Anaconda, Inc.| (default, Oct  5 2017, 07:59:26) 
[GCC 7.2.0]
Spark version: 2.1.0.2.6.0.2-76
****************
First 10 rows of Iris dataset:
+------------+-----------+------------+-----------+-----------+
|sepal-length|sepal-width|petal-length|petal-width|      class|
+------------+-----------+------------+-----------+-----------+
|         5.1|        3.5|         1.4|        0.2|Iris-setosa|
|         4.9|        3.0|         1.4|        0.2|Iris-setosa|
|         4.7|        3.2|         1.3|        0.2|Iris-setosa|
|         4.6|        3.1|         1.5|        0.2|Iris-setosa|
|         5.0|        3.6|         1.4|        0.2|Iris-setosa|
|         5.4|        3.9|         1.7|        0.4|Iris-setosa|
|         4.6|        3.4|         1.4|        0.3|Iris-setosa|
|         5.0|        3.4|         1.5|        0.2|Iris-setosa|
|         4.4|        2.9|         1.4|        0.2|Iris-setosa|
|         4.9|        3.1|         1.5|        0.1|Iris-setosa|
+------------+-----------+------------+-----------+-----------+
only showing top 10 rows

Load featurized dataset for machine learning...
+-----------------+-----+
|         features|label|
+-----------------+-----+
|[5.1,3.5,1.4,0.2]|  0.0|
|[4.9,3.0,1.4,0.2]|  0.0|
|[4.7,3.2,1.3,0.2]|  0.0|
|[4.6,3.1,1.5,0.2]|  0.0|
|[5.0,3.6,1.4,0.2]|  0.0|
|[5.4,3.9,1.7,0.4]|  0.0|
|[4.6,3.4,1.4,0.3]|  0.0|
|[5.0,3.4,1.5,0.2]|  0.0|
|[4.4,2.9,1.4,0.2]|  0.0|
|[4.9,3.1,1.5,0.1]|  0.0|
+-----------------+-----+
only showing top 10 rows

Prediction
+-----------------+-----+--------------------+--------------------+----------+
|         features|label|       rawPrediction|         probability|prediction|
+-----------------+-----+--------------------+--------------------+----------+
|[4.4,2.9,1.4,0.2]|  0.0|[5.49274334913461...|[0.96274076081687...|       0.0|
|[4.4,3.0,1.3,0.2]|  0.0|[5.81599701362985...|[0.97530731446370...|       0.0|
|[4.7,3.2,1.6,0.2]|  0.0|[5.60272854111146...|[0.97049713511038...|       0.0|
|[4.8,3.0,1.4,0.1]|  0.0|[5.40923970307451...|[0.94668455922481...|       0.0|
|[4.8,3.4,1.9,0.2]|  0.0|[5.63986176104939...|[0.97595840478293...|       0.0|
|[4.9,3.0,1.4,0.2]|  0.0|[5.09315812992417...|[0.93116869168317...|       0.0|
|[4.9,3.1,1.5,0.1]|  0.0|[5.41362321621184...|[0.94920218104475...|       0.0|
|[5.0,2.0,3.5,1.0]|  1.0|[-0.8568063548475...|[0.03155460095551...|       1.0|
|[5.0,3.4,1.6,0.4]|  0.0|[5.29820257244334...|[0.96846933295919...|       0.0|
|[5.1,2.5,3.0,1.1]|  1.0|[0.44338039447832...|[0.17199242194177...|       1.0|
+-----------------+-----+--------------------+--------------------+----------+
only showing top 10 rows


#####################################
Regularization rate is 0.01
Accuracy is 0.94
#####################################

The experiment completed successfully. Starting post-processing steps.
Traceback (most recent call last):
  File "context_manager_injector.py", line 72, in execute_with_context
    with open(complete_file_path, "a") as stream:
FileNotFoundError: [Errno 2] No such file or directory: '/mnt/resource/hadoop/yarn/local/usercache/ninghai/appcache/application_1527512542584_0124/container_e25_1527512542584_0124_02_000001/azureml-setup/complete'

Traceback (most recent call last):
  File "context_manager_injector.py", line 72, in execute_with_context
    with open(complete_file_path, "a") as stream:
FileNotFoundError: [Errno 2] No such file or directory: '/mnt/resource/hadoop/yarn/local/usercache/ninghai/appcache/application_1527512542584_0124/container_e25_1527512542584_0124_02_000001/azureml-setup/complete'

During handling of the above exception, another exception occurred:

Traceback (most recent call last):
  File "/mnt/resource/hadoop/yarn/local/usercache/ninghai/appcache/application_1527512542584_0124/container_e25_1527512542584_0124_02_000001/azureml_40b348c4d7381beefb01312cdebdaa0b.zip/home/ninghai/.azureml/envs/azureml_40b348c4d7381beefb01312cdebdaa0b/lib/python3.6/contextlib.py", line 365, in __exit__
    if cb(*exc_details):
  File "/mnt/resource/hadoop/yarn/local/usercache/ninghai/appcache/application_1527512542584_0124/container_e25_1527512542584_0124_02_000001/azureml_40b348c4d7381beefb01312cdebdaa0b.zip/home/ninghai/.azureml/envs/azureml_40b348c4d7381beefb01312cdebdaa0b/lib/python3.6/contextlib.py", line 284, in _exit_wrapper
    return cm_exit(cm, *exc_details)
  File "/mnt/resource/hadoop/yarn/local/usercache/ninghai/appcache/application_1527512542584_0124/container_e25_1527512542584_0124_02_000001/azureml_40b348c4d7381beefb01312cdebdaa0b.zip/home/ninghai/.azureml/envs/azureml_40b348c4d7381beefb01312cdebdaa0b/lib/python3.6/site-packages/azureml/history/utils/context_managers.py", line 141, in __exit__
    self.blacklist + [self.user_log_path])
  File "/mnt/resource/hadoop/yarn/local/usercache/ninghai/appcache/application_1527512542584_0124/container_e25_1527512542584_0124_02_000001/azureml_40b348c4d7381beefb01312cdebdaa0b.zip/home/ninghai/.azureml/envs/azureml_40b348c4d7381beefb01312cdebdaa0b/lib/python3.6/site-packages/azureml/history/utils/context_managers.py", line 87, in track
    fs.track(run_tracker, track_folders, blacklist)
  File "/mnt/resource/hadoop/yarn/local/usercache/ninghai/appcache/application_1527512542584_0124/container_e25_1527512542584_0124_02_000001/azureml_40b348c4d7381beefb01312cdebdaa0b.zip/home/ninghai/.azureml/envs/azureml_40b348c4d7381beefb01312cdebdaa0b/lib/python3.6/site-packages/azureml/history/utils/filesystem.py", line 130, in track
    self._upload_hdi_outputs(run_tracker)
  File "/mnt/resource/hadoop/yarn/local/usercache/ninghai/appcache/application_1527512542584_0124/container_e25_1527512542584_0124_02_000001/azureml_40b348c4d7381beefb01312cdebdaa0b.zip/home/ninghai/.azureml/envs/azureml_40b348c4d7381beefb01312cdebdaa0b/lib/python3.6/site-packages/azureml/history/utils/filesystem.py", line 154, in _upload_hdi_outputs
    container_sas = get_container_sas(wasburl)
  File "/mnt/resource/hadoop/yarn/local/usercache/ninghai/appcache/application_1527512542584_0124/container_e25_1527512542584_0124_02_000001/azureml_40b348c4d7381beefb01312cdebdaa0b.zip/home/ninghai/.azureml/envs/azureml_40b348c4d7381beefb01312cdebdaa0b/lib/python3.6/site-packages/azureml/history/utils/_hdi_wasb_utils.py", line 32, in get_container_sas
    from azure.storage.models import AccountPermissions
ModuleNotFoundError: No module named 'azure.storage.models'

During handling of the above exception, another exception occurred:

Traceback (most recent call last):
  File "context_manager_injector.py", line 111, in <module>
    execute_with_context(cm_objects, options.invocation)
  File "context_manager_injector.py", line 73, in execute_with_context
    print("Prehistory!", file=stream)
  File "/mnt/resource/hadoop/yarn/local/usercache/ninghai/appcache/application_1527512542584_0124/container_e25_1527512542584_0124_02_000001/azureml_40b348c4d7381beefb01312cdebdaa0b.zip/home/ninghai/.azureml/envs/azureml_40b348c4d7381beefb01312cdebdaa0b/lib/python3.6/contextlib.py", line 380, in __exit__
    raise exc_details[1]
  File "/mnt/resource/hadoop/yarn/local/usercache/ninghai/appcache/application_1527512542584_0124/container_e25_1527512542584_0124_02_000001/azureml_40b348c4d7381beefb01312cdebdaa0b.zip/home/ninghai/.azureml/envs/azureml_40b348c4d7381beefb01312cdebdaa0b/lib/python3.6/contextlib.py", line 365, in __exit__
    if cb(*exc_details):
  File "/mnt/resource/hadoop/yarn/local/usercache/ninghai/appcache/application_1527512542584_0124/container_e25_1527512542584_0124_02_000001/azureml_40b348c4d7381beefb01312cdebdaa0b.zip/home/ninghai/.azureml/envs/azureml_40b348c4d7381beefb01312cdebdaa0b/lib/python3.6/contextlib.py", line 284, in _exit_wrapper
    return cm_exit(cm, *exc_details)
  File "context_manager_injector.py", line 30, in __exit__
    self.context_manager.__exit__(*exc_details)
  File "/mnt/resource/hadoop/yarn/local/usercache/ninghai/appcache/application_1527512542584_0124/container_e25_1527512542584_0124_02_000001/context_managers.py", line 49, in __exit__
    self.history_context.__exit__(*args)
  File "/mnt/resource/hadoop/yarn/local/usercache/ninghai/appcache/application_1527512542584_0124/container_e25_1527512542584_0124_02_000001/azureml_40b348c4d7381beefb01312cdebdaa0b.zip/home/ninghai/.azureml/envs/azureml_40b348c4d7381beefb01312cdebdaa0b/lib/python3.6/site-packages/azureml/history/utils/context_managers.py", line 50, in __exit__
    self._exit_stack.__exit__(*args)
  File "/mnt/resource/hadoop/yarn/local/usercache/ninghai/appcache/application_1527512542584_0124/container_e25_1527512542584_0124_02_000001/azureml_40b348c4d7381beefb01312cdebdaa0b.zip/home/ninghai/.azureml/envs/azureml_40b348c4d7381beefb01312cdebdaa0b/lib/python3.6/contextlib.py", line 380, in __exit__
    raise exc_details[1]
  File "/mnt/resource/hadoop/yarn/local/usercache/ninghai/appcache/application_1527512542584_0124/container_e25_1527512542584_0124_02_000001/azureml_40b348c4d7381beefb01312cdebdaa0b.zip/home/ninghai/.azureml/envs/azureml_40b348c4d7381beefb01312cdebdaa0b/lib/python3.6/contextlib.py", line 365, in __exit__
    if cb(*exc_details):
  File "/mnt/resource/hadoop/yarn/local/usercache/ninghai/appcache/application_1527512542584_0124/container_e25_1527512542584_0124_02_000001/azureml_40b348c4d7381beefb01312cdebdaa0b.zip/home/ninghai/.azureml/envs/azureml_40b348c4d7381beefb01312cdebdaa0b/lib/python3.6/contextlib.py", line 284, in _exit_wrapper
    return cm_exit(cm, *exc_details)
  File "/mnt/resource/hadoop/yarn/local/usercache/ninghai/appcache/application_1527512542584_0124/container_e25_1527512542584_0124_02_000001/azureml_40b348c4d7381beefb01312cdebdaa0b.zip/home/ninghai/.azureml/envs/azureml_40b348c4d7381beefb01312cdebdaa0b/lib/python3.6/site-packages/azureml/history/utils/context_managers.py", line 157, in __exit__
    self.run_tracker.upload_file(self.driver_log_name, self.user_log_path)
  File "/mnt/resource/hadoop/yarn/local/usercache/ninghai/appcache/application_1527512542584_0124/container_e25_1527512542584_0124_02_000001/azureml_40b348c4d7381beefb01312cdebdaa0b.zip/home/ninghai/.azureml/envs/azureml_40b348c4d7381beefb01312cdebdaa0b/lib/python3.6/site-packages/azureml/core/run.py", line 461, in upload_file
    return self._client.upload_file(name, path_or_stream)
  File "/mnt/resource/hadoop/yarn/local/usercache/ninghai/appcache/application_1527512542584_0124/container_e25_1527512542584_0124_02_000001/azureml_40b348c4d7381beefb01312cdebdaa0b.zip/home/ninghai/.azureml/envs/azureml_40b348c4d7381beefb01312cdebdaa0b/lib/python3.6/site-packages/azureml/_run_impl/artifacts_client.py", line 53, in upload_file
    assert(len(artifact_keys) == 1)
AssertionError

End of LogType:stdout

Container: container_e25_1527512542584_0124_03_000001 on 10.0.0.13_30050_1528464755427
LogAggregationType: AGGREGATED
======================================================================================
18/06/08 13:32:44 INFO compress.CodecPool: Got brand-new decompressor [.deflate]
LogType:stdout
Log Upload Time:Fri Jun 08 13:32:35 +0000 2018
LogLength:10731
Log Contents:
****************
Python version: 3.6.2 |Anaconda, Inc.| (default, Oct  5 2017, 07:59:26) 
[GCC 7.2.0]
Spark version: 2.1.0.2.6.0.2-76
****************
First 10 rows of Iris dataset:
+------------+-----------+------------+-----------+-----------+
|sepal-length|sepal-width|petal-length|petal-width|      class|
+------------+-----------+------------+-----------+-----------+
|         5.1|        3.5|         1.4|        0.2|Iris-setosa|
|         4.9|        3.0|         1.4|        0.2|Iris-setosa|
|         4.7|        3.2|         1.3|        0.2|Iris-setosa|
|         4.6|        3.1|         1.5|        0.2|Iris-setosa|
|         5.0|        3.6|         1.4|        0.2|Iris-setosa|
|         5.4|        3.9|         1.7|        0.4|Iris-setosa|
|         4.6|        3.4|         1.4|        0.3|Iris-setosa|
|         5.0|        3.4|         1.5|        0.2|Iris-setosa|
|         4.4|        2.9|         1.4|        0.2|Iris-setosa|
|         4.9|        3.1|         1.5|        0.1|Iris-setosa|
+------------+-----------+------------+-----------+-----------+
only showing top 10 rows

Load featurized dataset for machine learning...
+-----------------+-----+
|         features|label|
+-----------------+-----+
|[5.1,3.5,1.4,0.2]|  0.0|
|[4.9,3.0,1.4,0.2]|  0.0|
|[4.7,3.2,1.3,0.2]|  0.0|
|[4.6,3.1,1.5,0.2]|  0.0|
|[5.0,3.6,1.4,0.2]|  0.0|
|[5.4,3.9,1.7,0.4]|  0.0|
|[4.6,3.4,1.4,0.3]|  0.0|
|[5.0,3.4,1.5,0.2]|  0.0|
|[4.4,2.9,1.4,0.2]|  0.0|
|[4.9,3.1,1.5,0.1]|  0.0|
+-----------------+-----+
only showing top 10 rows

Prediction
+-----------------+-----+--------------------+--------------------+----------+
|         features|label|       rawPrediction|         probability|prediction|
+-----------------+-----+--------------------+--------------------+----------+
|[4.6,3.2,1.4,0.2]|  0.0|[5.89375725089370...|[0.98051972078253...|       0.0|
|[4.6,3.4,1.4,0.3]|  0.0|[6.16731923608479...|[0.98840977694323...|       0.0|
|[4.9,2.4,3.3,1.0]|  1.0|[0.23795585867045...|[0.16844094000114...|       1.0|
|[4.9,3.1,1.5,0.1]|  0.0|[5.41207797214287...|[0.95668263755151...|       0.0|
|[5.0,3.5,1.3,0.3]|  0.0|[6.02560259466806...|[0.98378575955306...|       0.0|
|[5.0,3.5,1.6,0.6]|  0.0|[5.13547733853656...|[0.97124539811152...|       0.0|
|[5.0,3.6,1.4,0.2]|  0.0|[6.37662806468284...|[0.98886683197396...|       0.0|
|[5.1,3.5,1.4,0.2]|  0.0|[6.01940262448714...|[0.98159006959516...|       0.0|
|[5.1,3.7,1.5,0.4]|  0.0|[5.99625619096773...|[0.98672256876322...|       0.0|
|[5.2,3.4,1.4,0.2]|  0.0|[5.66217718429144...|[0.96970285210557...|       0.0|
+-----------------+-----+--------------------+--------------------+----------+
only showing top 10 rows


#####################################
Regularization rate is 0.01
Accuracy is 0.9523809523809523
#####################################

The experiment completed successfully. Starting post-processing steps.
Traceback (most recent call last):
  File "context_manager_injector.py", line 72, in execute_with_context
    with open(complete_file_path, "a") as stream:
FileNotFoundError: [Errno 2] No such file or directory: '/mnt/resource/hadoop/yarn/local/usercache/ninghai/appcache/application_1527512542584_0124/container_e25_1527512542584_0124_03_000001/azureml-setup/complete'

Traceback (most recent call last):
  File "context_manager_injector.py", line 72, in execute_with_context
    with open(complete_file_path, "a") as stream:
FileNotFoundError: [Errno 2] No such file or directory: '/mnt/resource/hadoop/yarn/local/usercache/ninghai/appcache/application_1527512542584_0124/container_e25_1527512542584_0124_03_000001/azureml-setup/complete'

During handling of the above exception, another exception occurred:

Traceback (most recent call last):
  File "/mnt/resource/hadoop/yarn/local/usercache/ninghai/appcache/application_1527512542584_0124/container_e25_1527512542584_0124_03_000001/azureml_40b348c4d7381beefb01312cdebdaa0b.zip/home/ninghai/.azureml/envs/azureml_40b348c4d7381beefb01312cdebdaa0b/lib/python3.6/contextlib.py", line 365, in __exit__
    if cb(*exc_details):
  File "/mnt/resource/hadoop/yarn/local/usercache/ninghai/appcache/application_1527512542584_0124/container_e25_1527512542584_0124_03_000001/azureml_40b348c4d7381beefb01312cdebdaa0b.zip/home/ninghai/.azureml/envs/azureml_40b348c4d7381beefb01312cdebdaa0b/lib/python3.6/contextlib.py", line 284, in _exit_wrapper
    return cm_exit(cm, *exc_details)
  File "/mnt/resource/hadoop/yarn/local/usercache/ninghai/appcache/application_1527512542584_0124/container_e25_1527512542584_0124_03_000001/azureml_40b348c4d7381beefb01312cdebdaa0b.zip/home/ninghai/.azureml/envs/azureml_40b348c4d7381beefb01312cdebdaa0b/lib/python3.6/site-packages/azureml/history/utils/context_managers.py", line 141, in __exit__
    self.blacklist + [self.user_log_path])
  File "/mnt/resource/hadoop/yarn/local/usercache/ninghai/appcache/application_1527512542584_0124/container_e25_1527512542584_0124_03_000001/azureml_40b348c4d7381beefb01312cdebdaa0b.zip/home/ninghai/.azureml/envs/azureml_40b348c4d7381beefb01312cdebdaa0b/lib/python3.6/site-packages/azureml/history/utils/context_managers.py", line 87, in track
    fs.track(run_tracker, track_folders, blacklist)
  File "/mnt/resource/hadoop/yarn/local/usercache/ninghai/appcache/application_1527512542584_0124/container_e25_1527512542584_0124_03_000001/azureml_40b348c4d7381beefb01312cdebdaa0b.zip/home/ninghai/.azureml/envs/azureml_40b348c4d7381beefb01312cdebdaa0b/lib/python3.6/site-packages/azureml/history/utils/filesystem.py", line 130, in track
    self._upload_hdi_outputs(run_tracker)
  File "/mnt/resource/hadoop/yarn/local/usercache/ninghai/appcache/application_1527512542584_0124/container_e25_1527512542584_0124_03_000001/azureml_40b348c4d7381beefb01312cdebdaa0b.zip/home/ninghai/.azureml/envs/azureml_40b348c4d7381beefb01312cdebdaa0b/lib/python3.6/site-packages/azureml/history/utils/filesystem.py", line 154, in _upload_hdi_outputs
    container_sas = get_container_sas(wasburl)
  File "/mnt/resource/hadoop/yarn/local/usercache/ninghai/appcache/application_1527512542584_0124/container_e25_1527512542584_0124_03_000001/azureml_40b348c4d7381beefb01312cdebdaa0b.zip/home/ninghai/.azureml/envs/azureml_40b348c4d7381beefb01312cdebdaa0b/lib/python3.6/site-packages/azureml/history/utils/_hdi_wasb_utils.py", line 32, in get_container_sas
    from azure.storage.models import AccountPermissions
ModuleNotFoundError: No module named 'azure.storage.models'

During handling of the above exception, another exception occurred:

Traceback (most recent call last):
  File "context_manager_injector.py", line 111, in <module>
    execute_with_context(cm_objects, options.invocation)
  File "context_manager_injector.py", line 73, in execute_with_context
    print("Prehistory!", file=stream)
  File "/mnt/resource/hadoop/yarn/local/usercache/ninghai/appcache/application_1527512542584_0124/container_e25_1527512542584_0124_03_000001/azureml_40b348c4d7381beefb01312cdebdaa0b.zip/home/ninghai/.azureml/envs/azureml_40b348c4d7381beefb01312cdebdaa0b/lib/python3.6/contextlib.py", line 380, in __exit__
    raise exc_details[1]
  File "/mnt/resource/hadoop/yarn/local/usercache/ninghai/appcache/application_1527512542584_0124/container_e25_1527512542584_0124_03_000001/azureml_40b348c4d7381beefb01312cdebdaa0b.zip/home/ninghai/.azureml/envs/azureml_40b348c4d7381beefb01312cdebdaa0b/lib/python3.6/contextlib.py", line 365, in __exit__
    if cb(*exc_details):
  File "/mnt/resource/hadoop/yarn/local/usercache/ninghai/appcache/application_1527512542584_0124/container_e25_1527512542584_0124_03_000001/azureml_40b348c4d7381beefb01312cdebdaa0b.zip/home/ninghai/.azureml/envs/azureml_40b348c4d7381beefb01312cdebdaa0b/lib/python3.6/contextlib.py", line 284, in _exit_wrapper
    return cm_exit(cm, *exc_details)
  File "context_manager_injector.py", line 30, in __exit__
    self.context_manager.__exit__(*exc_details)
  File "/mnt/resource/hadoop/yarn/local/usercache/ninghai/appcache/application_1527512542584_0124/container_e25_1527512542584_0124_03_000001/context_managers.py", line 49, in __exit__
    self.history_context.__exit__(*args)
  File "/mnt/resource/hadoop/yarn/local/usercache/ninghai/appcache/application_1527512542584_0124/container_e25_1527512542584_0124_03_000001/azureml_40b348c4d7381beefb01312cdebdaa0b.zip/home/ninghai/.azureml/envs/azureml_40b348c4d7381beefb01312cdebdaa0b/lib/python3.6/site-packages/azureml/history/utils/context_managers.py", line 50, in __exit__
    self._exit_stack.__exit__(*args)
  File "/mnt/resource/hadoop/yarn/local/usercache/ninghai/appcache/application_1527512542584_0124/container_e25_1527512542584_0124_03_000001/azureml_40b348c4d7381beefb01312cdebdaa0b.zip/home/ninghai/.azureml/envs/azureml_40b348c4d7381beefb01312cdebdaa0b/lib/python3.6/contextlib.py", line 380, in __exit__
    raise exc_details[1]
  File "/mnt/resource/hadoop/yarn/local/usercache/ninghai/appcache/application_1527512542584_0124/container_e25_1527512542584_0124_03_000001/azureml_40b348c4d7381beefb01312cdebdaa0b.zip/home/ninghai/.azureml/envs/azureml_40b348c4d7381beefb01312cdebdaa0b/lib/python3.6/contextlib.py", line 365, in __exit__
    if cb(*exc_details):
  File "/mnt/resource/hadoop/yarn/local/usercache/ninghai/appcache/application_1527512542584_0124/container_e25_1527512542584_0124_03_000001/azureml_40b348c4d7381beefb01312cdebdaa0b.zip/home/ninghai/.azureml/envs/azureml_40b348c4d7381beefb01312cdebdaa0b/lib/python3.6/contextlib.py", line 284, in _exit_wrapper
    return cm_exit(cm, *exc_details)
  File "/mnt/resource/hadoop/yarn/local/usercache/ninghai/appcache/application_1527512542584_0124/container_e25_1527512542584_0124_03_000001/azureml_40b348c4d7381beefb01312cdebdaa0b.zip/home/ninghai/.azureml/envs/azureml_40b348c4d7381beefb01312cdebdaa0b/lib/python3.6/site-packages/azureml/history/utils/context_managers.py", line 157, in __exit__
    self.run_tracker.upload_file(self.driver_log_name, self.user_log_path)
  File "/mnt/resource/hadoop/yarn/local/usercache/ninghai/appcache/application_1527512542584_0124/container_e25_1527512542584_0124_03_000001/azureml_40b348c4d7381beefb01312cdebdaa0b.zip/home/ninghai/.azureml/envs/azureml_40b348c4d7381beefb01312cdebdaa0b/lib/python3.6/site-packages/azureml/core/run.py", line 461, in upload_file
    return self._client.upload_file(name, path_or_stream)
  File "/mnt/resource/hadoop/yarn/local/usercache/ninghai/appcache/application_1527512542584_0124/container_e25_1527512542584_0124_03_000001/azureml_40b348c4d7381beefb01312cdebdaa0b.zip/home/ninghai/.azureml/envs/azureml_40b348c4d7381beefb01312cdebdaa0b/lib/python3.6/site-packages/azureml/_run_impl/artifacts_client.py", line 53, in upload_file
    assert(len(artifact_keys) == 1)
AssertionError

End of LogType:stdout

Container: container_e25_1527512542584_0124_04_000001 on 10.0.0.15_30050_1528464755117
LogAggregationType: AGGREGATED
======================================================================================
18/06/08 13:32:45 INFO compress.CodecPool: Got brand-new decompressor [.deflate]
LogType:stdout
Log Upload Time:Fri Jun 08 13:32:35 +0000 2018
LogLength:10731
Log Contents:
****************
Python version: 3.6.2 |Anaconda, Inc.| (default, Oct  5 2017, 07:59:26) 
[GCC 7.2.0]
Spark version: 2.1.0.2.6.0.2-76
****************
First 10 rows of Iris dataset:
+------------+-----------+------------+-----------+-----------+
|sepal-length|sepal-width|petal-length|petal-width|      class|
+------------+-----------+------------+-----------+-----------+
|         5.1|        3.5|         1.4|        0.2|Iris-setosa|
|         4.9|        3.0|         1.4|        0.2|Iris-setosa|
|         4.7|        3.2|         1.3|        0.2|Iris-setosa|
|         4.6|        3.1|         1.5|        0.2|Iris-setosa|
|         5.0|        3.6|         1.4|        0.2|Iris-setosa|
|         5.4|        3.9|         1.7|        0.4|Iris-setosa|
|         4.6|        3.4|         1.4|        0.3|Iris-setosa|
|         5.0|        3.4|         1.5|        0.2|Iris-setosa|
|         4.4|        2.9|         1.4|        0.2|Iris-setosa|
|         4.9|        3.1|         1.5|        0.1|Iris-setosa|
+------------+-----------+------------+-----------+-----------+
only showing top 10 rows

Load featurized dataset for machine learning...
+-----------------+-----+
|         features|label|
+-----------------+-----+
|[5.1,3.5,1.4,0.2]|  0.0|
|[4.9,3.0,1.4,0.2]|  0.0|
|[4.7,3.2,1.3,0.2]|  0.0|
|[4.6,3.1,1.5,0.2]|  0.0|
|[5.0,3.6,1.4,0.2]|  0.0|
|[5.4,3.9,1.7,0.4]|  0.0|
|[4.6,3.4,1.4,0.3]|  0.0|
|[5.0,3.4,1.5,0.2]|  0.0|
|[4.4,2.9,1.4,0.2]|  0.0|
|[4.9,3.1,1.5,0.1]|  0.0|
+-----------------+-----+
only showing top 10 rows

Prediction
+-----------------+-----+--------------------+--------------------+----------+
|         features|label|       rawPrediction|         probability|prediction|
+-----------------+-----+--------------------+--------------------+----------+
|[4.4,2.9,1.4,0.2]|  0.0|[5.50661913860094...|[0.96623624246220...|       0.0|
|[4.4,3.2,1.3,0.2]|  0.0|[6.28622848286468...|[0.98748466535623...|       0.0|
|[4.6,3.4,1.4,0.3]|  0.0|[6.18851886815875...|[0.98807589488354...|       0.0|
|[4.7,3.2,1.6,0.2]|  0.0|[5.64171846170893...|[0.97344780524361...|       0.0|
|[4.9,2.4,3.3,1.0]|  1.0|[0.23506999133496...|[0.14165597571858...|       1.0|
|[4.9,2.5,4.5,1.7]|  2.0|[-2.1842832635732...|[0.01816011678940...|       1.0|
|[5.0,3.3,1.4,0.2]|  0.0|[5.69133029374057...|[0.97236721091175...|       0.0|
|[5.0,3.4,1.5,0.2]|  0.0|[5.82712805465721...|[0.97786267427709...|       0.0|
|[5.0,3.5,1.6,0.6]|  0.0|[5.08775047462423...|[0.96893405602396...|       0.0|
|[5.1,3.4,1.5,0.2]|  0.0|[5.70534539631708...|[0.97380465544643...|       0.0|
+-----------------+-----+--------------------+--------------------+----------+
only showing top 10 rows


#####################################
Regularization rate is 0.01
Accuracy is 0.9574468085106383
#####################################

The experiment completed successfully. Starting post-processing steps.
Traceback (most recent call last):
  File "context_manager_injector.py", line 72, in execute_with_context
    with open(complete_file_path, "a") as stream:
FileNotFoundError: [Errno 2] No such file or directory: '/mnt/resource/hadoop/yarn/local/usercache/ninghai/appcache/application_1527512542584_0124/container_e25_1527512542584_0124_04_000001/azureml-setup/complete'

Traceback (most recent call last):
  File "context_manager_injector.py", line 72, in execute_with_context
    with open(complete_file_path, "a") as stream:
FileNotFoundError: [Errno 2] No such file or directory: '/mnt/resource/hadoop/yarn/local/usercache/ninghai/appcache/application_1527512542584_0124/container_e25_1527512542584_0124_04_000001/azureml-setup/complete'

During handling of the above exception, another exception occurred:

Traceback (most recent call last):
  File "/mnt/resource/hadoop/yarn/local/usercache/ninghai/appcache/application_1527512542584_0124/container_e25_1527512542584_0124_04_000001/azureml_40b348c4d7381beefb01312cdebdaa0b.zip/home/ninghai/.azureml/envs/azureml_40b348c4d7381beefb01312cdebdaa0b/lib/python3.6/contextlib.py", line 365, in __exit__
    if cb(*exc_details):
  File "/mnt/resource/hadoop/yarn/local/usercache/ninghai/appcache/application_1527512542584_0124/container_e25_1527512542584_0124_04_000001/azureml_40b348c4d7381beefb01312cdebdaa0b.zip/home/ninghai/.azureml/envs/azureml_40b348c4d7381beefb01312cdebdaa0b/lib/python3.6/contextlib.py", line 284, in _exit_wrapper
    return cm_exit(cm, *exc_details)
  File "/mnt/resource/hadoop/yarn/local/usercache/ninghai/appcache/application_1527512542584_0124/container_e25_1527512542584_0124_04_000001/azureml_40b348c4d7381beefb01312cdebdaa0b.zip/home/ninghai/.azureml/envs/azureml_40b348c4d7381beefb01312cdebdaa0b/lib/python3.6/site-packages/azureml/history/utils/context_managers.py", line 141, in __exit__
    self.blacklist + [self.user_log_path])
  File "/mnt/resource/hadoop/yarn/local/usercache/ninghai/appcache/application_1527512542584_0124/container_e25_1527512542584_0124_04_000001/azureml_40b348c4d7381beefb01312cdebdaa0b.zip/home/ninghai/.azureml/envs/azureml_40b348c4d7381beefb01312cdebdaa0b/lib/python3.6/site-packages/azureml/history/utils/context_managers.py", line 87, in track
    fs.track(run_tracker, track_folders, blacklist)
  File "/mnt/resource/hadoop/yarn/local/usercache/ninghai/appcache/application_1527512542584_0124/container_e25_1527512542584_0124_04_000001/azureml_40b348c4d7381beefb01312cdebdaa0b.zip/home/ninghai/.azureml/envs/azureml_40b348c4d7381beefb01312cdebdaa0b/lib/python3.6/site-packages/azureml/history/utils/filesystem.py", line 130, in track
    self._upload_hdi_outputs(run_tracker)
  File "/mnt/resource/hadoop/yarn/local/usercache/ninghai/appcache/application_1527512542584_0124/container_e25_1527512542584_0124_04_000001/azureml_40b348c4d7381beefb01312cdebdaa0b.zip/home/ninghai/.azureml/envs/azureml_40b348c4d7381beefb01312cdebdaa0b/lib/python3.6/site-packages/azureml/history/utils/filesystem.py", line 154, in _upload_hdi_outputs
    container_sas = get_container_sas(wasburl)
  File "/mnt/resource/hadoop/yarn/local/usercache/ninghai/appcache/application_1527512542584_0124/container_e25_1527512542584_0124_04_000001/azureml_40b348c4d7381beefb01312cdebdaa0b.zip/home/ninghai/.azureml/envs/azureml_40b348c4d7381beefb01312cdebdaa0b/lib/python3.6/site-packages/azureml/history/utils/_hdi_wasb_utils.py", line 32, in get_container_sas
    from azure.storage.models import AccountPermissions
ModuleNotFoundError: No module named 'azure.storage.models'

During handling of the above exception, another exception occurred:

Traceback (most recent call last):
  File "context_manager_injector.py", line 111, in <module>
    execute_with_context(cm_objects, options.invocation)
  File "context_manager_injector.py", line 73, in execute_with_context
    print("Prehistory!", file=stream)
  File "/mnt/resource/hadoop/yarn/local/usercache/ninghai/appcache/application_1527512542584_0124/container_e25_1527512542584_0124_04_000001/azureml_40b348c4d7381beefb01312cdebdaa0b.zip/home/ninghai/.azureml/envs/azureml_40b348c4d7381beefb01312cdebdaa0b/lib/python3.6/contextlib.py", line 380, in __exit__
    raise exc_details[1]
  File "/mnt/resource/hadoop/yarn/local/usercache/ninghai/appcache/application_1527512542584_0124/container_e25_1527512542584_0124_04_000001/azureml_40b348c4d7381beefb01312cdebdaa0b.zip/home/ninghai/.azureml/envs/azureml_40b348c4d7381beefb01312cdebdaa0b/lib/python3.6/contextlib.py", line 365, in __exit__
    if cb(*exc_details):
  File "/mnt/resource/hadoop/yarn/local/usercache/ninghai/appcache/application_1527512542584_0124/container_e25_1527512542584_0124_04_000001/azureml_40b348c4d7381beefb01312cdebdaa0b.zip/home/ninghai/.azureml/envs/azureml_40b348c4d7381beefb01312cdebdaa0b/lib/python3.6/contextlib.py", line 284, in _exit_wrapper
    return cm_exit(cm, *exc_details)
  File "context_manager_injector.py", line 30, in __exit__
    self.context_manager.__exit__(*exc_details)
  File "/mnt/resource/hadoop/yarn/local/usercache/ninghai/appcache/application_1527512542584_0124/container_e25_1527512542584_0124_04_000001/context_managers.py", line 49, in __exit__
    self.history_context.__exit__(*args)
  File "/mnt/resource/hadoop/yarn/local/usercache/ninghai/appcache/application_1527512542584_0124/container_e25_1527512542584_0124_04_000001/azureml_40b348c4d7381beefb01312cdebdaa0b.zip/home/ninghai/.azureml/envs/azureml_40b348c4d7381beefb01312cdebdaa0b/lib/python3.6/site-packages/azureml/history/utils/context_managers.py", line 50, in __exit__
    self._exit_stack.__exit__(*args)
  File "/mnt/resource/hadoop/yarn/local/usercache/ninghai/appcache/application_1527512542584_0124/container_e25_1527512542584_0124_04_000001/azureml_40b348c4d7381beefb01312cdebdaa0b.zip/home/ninghai/.azureml/envs/azureml_40b348c4d7381beefb01312cdebdaa0b/lib/python3.6/contextlib.py", line 380, in __exit__
    raise exc_details[1]
  File "/mnt/resource/hadoop/yarn/local/usercache/ninghai/appcache/application_1527512542584_0124/container_e25_1527512542584_0124_04_000001/azureml_40b348c4d7381beefb01312cdebdaa0b.zip/home/ninghai/.azureml/envs/azureml_40b348c4d7381beefb01312cdebdaa0b/lib/python3.6/contextlib.py", line 365, in __exit__
    if cb(*exc_details):
  File "/mnt/resource/hadoop/yarn/local/usercache/ninghai/appcache/application_1527512542584_0124/container_e25_1527512542584_0124_04_000001/azureml_40b348c4d7381beefb01312cdebdaa0b.zip/home/ninghai/.azureml/envs/azureml_40b348c4d7381beefb01312cdebdaa0b/lib/python3.6/contextlib.py", line 284, in _exit_wrapper
    return cm_exit(cm, *exc_details)
  File "/mnt/resource/hadoop/yarn/local/usercache/ninghai/appcache/application_1527512542584_0124/container_e25_1527512542584_0124_04_000001/azureml_40b348c4d7381beefb01312cdebdaa0b.zip/home/ninghai/.azureml/envs/azureml_40b348c4d7381beefb01312cdebdaa0b/lib/python3.6/site-packages/azureml/history/utils/context_managers.py", line 157, in __exit__
    self.run_tracker.upload_file(self.driver_log_name, self.user_log_path)
  File "/mnt/resource/hadoop/yarn/local/usercache/ninghai/appcache/application_1527512542584_0124/container_e25_1527512542584_0124_04_000001/azureml_40b348c4d7381beefb01312cdebdaa0b.zip/home/ninghai/.azureml/envs/azureml_40b348c4d7381beefb01312cdebdaa0b/lib/python3.6/site-packages/azureml/core/run.py", line 461, in upload_file
    return self._client.upload_file(name, path_or_stream)
  File "/mnt/resource/hadoop/yarn/local/usercache/ninghai/appcache/application_1527512542584_0124/container_e25_1527512542584_0124_04_000001/azureml_40b348c4d7381beefb01312cdebdaa0b.zip/home/ninghai/.azureml/envs/azureml_40b348c4d7381beefb01312cdebdaa0b/lib/python3.6/site-packages/azureml/_run_impl/artifacts_client.py", line 53, in upload_file
    assert(len(artifact_keys) == 1)
AssertionError

End of LogType:stdout

Container: container_e25_1527512542584_0124_05_000001 on 10.0.0.12_30050_1528464755995
LogAggregationType: AGGREGATED
======================================================================================
18/06/08 13:32:45 INFO compress.CodecPool: Got brand-new decompressor [.deflate]
LogType:stdout
Log Upload Time:Fri Jun 08 13:32:36 +0000 2018
LogLength:10716
Log Contents:
****************
Python version: 3.6.2 |Anaconda, Inc.| (default, Oct  5 2017, 07:59:26) 
[GCC 7.2.0]
Spark version: 2.1.0.2.6.0.2-76
****************
First 10 rows of Iris dataset:
+------------+-----------+------------+-----------+-----------+
|sepal-length|sepal-width|petal-length|petal-width|      class|
+------------+-----------+------------+-----------+-----------+
|         5.1|        3.5|         1.4|        0.2|Iris-setosa|
|         4.9|        3.0|         1.4|        0.2|Iris-setosa|
|         4.7|        3.2|         1.3|        0.2|Iris-setosa|
|         4.6|        3.1|         1.5|        0.2|Iris-setosa|
|         5.0|        3.6|         1.4|        0.2|Iris-setosa|
|         5.4|        3.9|         1.7|        0.4|Iris-setosa|
|         4.6|        3.4|         1.4|        0.3|Iris-setosa|
|         5.0|        3.4|         1.5|        0.2|Iris-setosa|
|         4.4|        2.9|         1.4|        0.2|Iris-setosa|
|         4.9|        3.1|         1.5|        0.1|Iris-setosa|
+------------+-----------+------------+-----------+-----------+
only showing top 10 rows

Load featurized dataset for machine learning...
+-----------------+-----+
|         features|label|
+-----------------+-----+
|[5.1,3.5,1.4,0.2]|  0.0|
|[4.9,3.0,1.4,0.2]|  0.0|
|[4.7,3.2,1.3,0.2]|  0.0|
|[4.6,3.1,1.5,0.2]|  0.0|
|[5.0,3.6,1.4,0.2]|  0.0|
|[5.4,3.9,1.7,0.4]|  0.0|
|[4.6,3.4,1.4,0.3]|  0.0|
|[5.0,3.4,1.5,0.2]|  0.0|
|[4.4,2.9,1.4,0.2]|  0.0|
|[4.9,3.1,1.5,0.1]|  0.0|
+-----------------+-----+
only showing top 10 rows

Prediction
+-----------------+-----+--------------------+--------------------+----------+
|         features|label|       rawPrediction|         probability|prediction|
+-----------------+-----+--------------------+--------------------+----------+
|[4.5,2.3,1.3,0.3]|  0.0|[3.17860943100734...|[0.54712040300891...|       0.0|
|[4.6,3.1,1.5,0.2]|  0.0|[5.34617914284198...|[0.95720501764946...|       0.0|
|[4.6,3.4,1.4,0.3]|  0.0|[6.08405763124769...|[0.98607882889557...|       0.0|
|[4.7,3.2,1.3,0.2]|  0.0|[5.69875760397387...|[0.96972287547130...|       0.0|
|[4.9,3.0,1.4,0.2]|  0.0|[4.82722300560482...|[0.90516376728156...|       0.0|
|[4.9,3.1,1.5,0.1]|  0.0|[5.21801698542110...|[0.93547647048980...|       0.0|
|[4.9,3.1,1.5,0.1]|  0.0|[5.21801698542110...|[0.93547647048980...|       0.0|
|[5.0,3.4,1.5,0.2]|  0.0|[5.75749438645669...|[0.97283641219810...|       0.0|
|[5.1,3.4,1.5,0.2]|  0.0|[5.64869710956875...|[0.96775138020490...|       0.0|
|[5.1,3.5,1.4,0.2]|  0.0|[6.02046903710642...|[0.97948312042379...|       0.0|
+-----------------+-----+--------------------+--------------------+----------+
only showing top 10 rows


#####################################
Regularization rate is 0.01
Accuracy is 1.0
#####################################

The experiment completed successfully. Starting post-processing steps.
Traceback (most recent call last):
  File "context_manager_injector.py", line 72, in execute_with_context
    with open(complete_file_path, "a") as stream:
FileNotFoundError: [Errno 2] No such file or directory: '/mnt/resource/hadoop/yarn/local/usercache/ninghai/appcache/application_1527512542584_0124/container_e25_1527512542584_0124_05_000001/azureml-setup/complete'

Traceback (most recent call last):
  File "context_manager_injector.py", line 72, in execute_with_context
    with open(complete_file_path, "a") as stream:
FileNotFoundError: [Errno 2] No such file or directory: '/mnt/resource/hadoop/yarn/local/usercache/ninghai/appcache/application_1527512542584_0124/container_e25_1527512542584_0124_05_000001/azureml-setup/complete'

During handling of the above exception, another exception occurred:

Traceback (most recent call last):
  File "/mnt/resource/hadoop/yarn/local/usercache/ninghai/appcache/application_1527512542584_0124/container_e25_1527512542584_0124_05_000001/azureml_40b348c4d7381beefb01312cdebdaa0b.zip/home/ninghai/.azureml/envs/azureml_40b348c4d7381beefb01312cdebdaa0b/lib/python3.6/contextlib.py", line 365, in __exit__
    if cb(*exc_details):
  File "/mnt/resource/hadoop/yarn/local/usercache/ninghai/appcache/application_1527512542584_0124/container_e25_1527512542584_0124_05_000001/azureml_40b348c4d7381beefb01312cdebdaa0b.zip/home/ninghai/.azureml/envs/azureml_40b348c4d7381beefb01312cdebdaa0b/lib/python3.6/contextlib.py", line 284, in _exit_wrapper
    return cm_exit(cm, *exc_details)
  File "/mnt/resource/hadoop/yarn/local/usercache/ninghai/appcache/application_1527512542584_0124/container_e25_1527512542584_0124_05_000001/azureml_40b348c4d7381beefb01312cdebdaa0b.zip/home/ninghai/.azureml/envs/azureml_40b348c4d7381beefb01312cdebdaa0b/lib/python3.6/site-packages/azureml/history/utils/context_managers.py", line 141, in __exit__
    self.blacklist + [self.user_log_path])
  File "/mnt/resource/hadoop/yarn/local/usercache/ninghai/appcache/application_1527512542584_0124/container_e25_1527512542584_0124_05_000001/azureml_40b348c4d7381beefb01312cdebdaa0b.zip/home/ninghai/.azureml/envs/azureml_40b348c4d7381beefb01312cdebdaa0b/lib/python3.6/site-packages/azureml/history/utils/context_managers.py", line 87, in track
    fs.track(run_tracker, track_folders, blacklist)
  File "/mnt/resource/hadoop/yarn/local/usercache/ninghai/appcache/application_1527512542584_0124/container_e25_1527512542584_0124_05_000001/azureml_40b348c4d7381beefb01312cdebdaa0b.zip/home/ninghai/.azureml/envs/azureml_40b348c4d7381beefb01312cdebdaa0b/lib/python3.6/site-packages/azureml/history/utils/filesystem.py", line 130, in track
    self._upload_hdi_outputs(run_tracker)
  File "/mnt/resource/hadoop/yarn/local/usercache/ninghai/appcache/application_1527512542584_0124/container_e25_1527512542584_0124_05_000001/azureml_40b348c4d7381beefb01312cdebdaa0b.zip/home/ninghai/.azureml/envs/azureml_40b348c4d7381beefb01312cdebdaa0b/lib/python3.6/site-packages/azureml/history/utils/filesystem.py", line 154, in _upload_hdi_outputs
    container_sas = get_container_sas(wasburl)
  File "/mnt/resource/hadoop/yarn/local/usercache/ninghai/appcache/application_1527512542584_0124/container_e25_1527512542584_0124_05_000001/azureml_40b348c4d7381beefb01312cdebdaa0b.zip/home/ninghai/.azureml/envs/azureml_40b348c4d7381beefb01312cdebdaa0b/lib/python3.6/site-packages/azureml/history/utils/_hdi_wasb_utils.py", line 32, in get_container_sas
    from azure.storage.models import AccountPermissions
ModuleNotFoundError: No module named 'azure.storage.models'

During handling of the above exception, another exception occurred:

Traceback (most recent call last):
  File "context_manager_injector.py", line 111, in <module>
    execute_with_context(cm_objects, options.invocation)
  File "context_manager_injector.py", line 73, in execute_with_context
    print("Prehistory!", file=stream)
  File "/mnt/resource/hadoop/yarn/local/usercache/ninghai/appcache/application_1527512542584_0124/container_e25_1527512542584_0124_05_000001/azureml_40b348c4d7381beefb01312cdebdaa0b.zip/home/ninghai/.azureml/envs/azureml_40b348c4d7381beefb01312cdebdaa0b/lib/python3.6/contextlib.py", line 380, in __exit__
    raise exc_details[1]
  File "/mnt/resource/hadoop/yarn/local/usercache/ninghai/appcache/application_1527512542584_0124/container_e25_1527512542584_0124_05_000001/azureml_40b348c4d7381beefb01312cdebdaa0b.zip/home/ninghai/.azureml/envs/azureml_40b348c4d7381beefb01312cdebdaa0b/lib/python3.6/contextlib.py", line 365, in __exit__
    if cb(*exc_details):
  File "/mnt/resource/hadoop/yarn/local/usercache/ninghai/appcache/application_1527512542584_0124/container_e25_1527512542584_0124_05_000001/azureml_40b348c4d7381beefb01312cdebdaa0b.zip/home/ninghai/.azureml/envs/azureml_40b348c4d7381beefb01312cdebdaa0b/lib/python3.6/contextlib.py", line 284, in _exit_wrapper
    return cm_exit(cm, *exc_details)
  File "context_manager_injector.py", line 30, in __exit__
    self.context_manager.__exit__(*exc_details)
  File "/mnt/resource/hadoop/yarn/local/usercache/ninghai/appcache/application_1527512542584_0124/container_e25_1527512542584_0124_05_000001/context_managers.py", line 49, in __exit__
    self.history_context.__exit__(*args)
  File "/mnt/resource/hadoop/yarn/local/usercache/ninghai/appcache/application_1527512542584_0124/container_e25_1527512542584_0124_05_000001/azureml_40b348c4d7381beefb01312cdebdaa0b.zip/home/ninghai/.azureml/envs/azureml_40b348c4d7381beefb01312cdebdaa0b/lib/python3.6/site-packages/azureml/history/utils/context_managers.py", line 50, in __exit__
    self._exit_stack.__exit__(*args)
  File "/mnt/resource/hadoop/yarn/local/usercache/ninghai/appcache/application_1527512542584_0124/container_e25_1527512542584_0124_05_000001/azureml_40b348c4d7381beefb01312cdebdaa0b.zip/home/ninghai/.azureml/envs/azureml_40b348c4d7381beefb01312cdebdaa0b/lib/python3.6/contextlib.py", line 380, in __exit__
    raise exc_details[1]
  File "/mnt/resource/hadoop/yarn/local/usercache/ninghai/appcache/application_1527512542584_0124/container_e25_1527512542584_0124_05_000001/azureml_40b348c4d7381beefb01312cdebdaa0b.zip/home/ninghai/.azureml/envs/azureml_40b348c4d7381beefb01312cdebdaa0b/lib/python3.6/contextlib.py", line 365, in __exit__
    if cb(*exc_details):
  File "/mnt/resource/hadoop/yarn/local/usercache/ninghai/appcache/application_1527512542584_0124/container_e25_1527512542584_0124_05_000001/azureml_40b348c4d7381beefb01312cdebdaa0b.zip/home/ninghai/.azureml/envs/azureml_40b348c4d7381beefb01312cdebdaa0b/lib/python3.6/contextlib.py", line 284, in _exit_wrapper
    return cm_exit(cm, *exc_details)
  File "/mnt/resource/hadoop/yarn/local/usercache/ninghai/appcache/application_1527512542584_0124/container_e25_1527512542584_0124_05_000001/azureml_40b348c4d7381beefb01312cdebdaa0b.zip/home/ninghai/.azureml/envs/azureml_40b348c4d7381beefb01312cdebdaa0b/lib/python3.6/site-packages/azureml/history/utils/context_managers.py", line 157, in __exit__
    self.run_tracker.upload_file(self.driver_log_name, self.user_log_path)
  File "/mnt/resource/hadoop/yarn/local/usercache/ninghai/appcache/application_1527512542584_0124/container_e25_1527512542584_0124_05_000001/azureml_40b348c4d7381beefb01312cdebdaa0b.zip/home/ninghai/.azureml/envs/azureml_40b348c4d7381beefb01312cdebdaa0b/lib/python3.6/site-packages/azureml/core/run.py", line 461, in upload_file
    return self._client.upload_file(name, path_or_stream)
  File "/mnt/resource/hadoop/yarn/local/usercache/ninghai/appcache/application_1527512542584_0124/container_e25_1527512542584_0124_05_000001/azureml_40b348c4d7381beefb01312cdebdaa0b.zip/home/ninghai/.azureml/envs/azureml_40b348c4d7381beefb01312cdebdaa0b/lib/python3.6/site-packages/azureml/_run_impl/artifacts_client.py", line 53, in upload_file
    assert(len(artifact_keys) == 1)
AssertionError

End of LogType:stdout


Specified ALL for -am option. Printed logs for all am containers.

Execution Summary
=================
RunId: e2e-05_1528464353163

{'Regularization Rate': [0.01, 0.01, 0.01, 0.01, 0.01], 'Accuracy': [0.98, 0.94, 0.9523809523809523, 0.9574468085106383, 1]}


##### 07.sklearn.hd.py (2018-06-08-09:32:58) ###########
Azure ML Core SDK Version: 0.1.0.1005480
Found config.json in: /data/git/hai/e2e_test/aml_config/config.json
Workspace details:
aml-notebooks haieastus2ws3 eastus2
/tmp/e2e-test/07 already exists, remove it.
/tmp/e2e-test/07
e2e-07
copy train-sklearn-one-model.py to the project folder.
create or load BatchAI compute cpucluster...
gpucluster BatchAI
cpucluster BatchAI
found compute target. just use it.
create generic estimator.

##################################################
Batch AI run...
##################################################

https://mlworkspace.azureml-test.net/home/%2Fsubscriptions%2Ffac34303-435d-4486-8c3f-7094d82a0b60%2FresourceGroups%2Faml-notebooks%2Fproviders%2FMicrosoft.MachineLearningServices%2Fworkspaces%2Fhaieastus2ws3/projects/e2e-07/run-history/run-details/e2e-07_1528464786867
RunId: e2e-07_1528464786867

Streaming azureml-logs/20_ice_log.txt
=====================================


Streaming azureml-logs/80_driver_log.txt
========================================

alpha value is: 0.1
Ridget model fitted.
Mean Squared Error is: 3372.6496278100326
The experiment completed successfully. Starting post-processing steps.

Execution Summary
=================
RunId: e2e-07_1528464786867

configure hyperdrive.

##################################################
Hyperdrive run on Batch AI...
##################################################

https://mlworkspace.azureml-test.net/home/%2Fsubscriptions%2Ffac34303-435d-4486-8c3f-7094d82a0b60%2FresourceGroups%2Faml-notebooks%2Fproviders%2FMicrosoft.MachineLearningServices%2Fworkspaces%2Fhaieastus2ws3/projects/e2e-07/run-history/run-details/e2e-07_1528464834456


##### 08.tf.hd.py (2018-06-08-09:34:01) ################
Azure ML Core SDK Version: 0.1.0.1005480
Found config.json in: /data/git/hai/e2e_test/aml_config/config.json
Workspace details:
aml-notebooks haieastus2ws3 eastus2
/tmp/e2e-test/08 already exists, remove it.
/tmp/e2e-test/08
e2e-08
copy mnist_tf.py to the project folder.
create or load BatchAI compute gpucluster...
gpucluster BatchAI
found compute target. just use it.
create TensorFlow estimator.

##################################################
submitting mnist_tf.py for a Batch AI run...
##################################################

https://mlworkspace.azureml-test.net/home/%2Fsubscriptions%2Ffac34303-435d-4486-8c3f-7094d82a0b60%2FresourceGroups%2Faml-notebooks%2Fproviders%2FMicrosoft.MachineLearningServices%2Fworkspaces%2Fhaieastus2ws3/projects/e2e-08/run-history/run-details/e2e-08_1528464843762
RunId: e2e-08_1528464843762

Streaming azureml-logs/20_ice_log.txt
=====================================


Streaming azureml-logs/80_driver_log.txt
========================================

Using Spark's default log4j profile: org/apache/spark/log4j-defaults.properties
Setting default log level to "WARN".
To adjust logging level use sc.setLogLevel(newLevel). For SparkR, use setLogLevel(newLevel).
18/06/08 13:38:39 WARN NativeCodeLoader: Unable to load native-hadoop library for your platform... using builtin-java classes where applicable
/azureml-envs/azureml_a0f0a6059c823b2e567e8366d6dcecc5/lib/python3.6/importlib/_bootstrap.py:205: RuntimeWarning: compiletime version 3.5 of module 'tensorflow.python.framework.fast_tensor_util' does not match runtime version 3.6
  return f(*args, **kwds)
data path: /tmp
fetching MNIST data...
MNIST dataset downloaded.
MNIST dataset loaded in memory.
X:  (70000, 784)
y:  (70000,)
labels:  [0. 1. 2. 3. 4. 5. 6. 7. 8. 9.]
training a tensorflow model...
(55000, 784) (55000,)
batch_size: 50
n_batches: 1100
first layer neurons: 300
second layer neurons: 100
2018-06-08 13:38:45.125303: I tensorflow/core/platform/cpu_feature_guard.cc:137] Your CPU supports instructions that this TensorFlow binary was not compiled to use: SSE4.1 SSE4.2 AVX AVX2 FMA
2018-06-08 13:38:45.342401: I tensorflow/core/common_runtime/gpu/gpu_device.cc:1030] Found device 0 with properties: 
name: Tesla K80 major: 3 minor: 7 memoryClockRate(GHz): 0.8235
pciBusID: 4e99:00:00.0
totalMemory: 11.17GiB freeMemory: 11.09GiB
2018-06-08 13:38:45.342454: I tensorflow/core/common_runtime/gpu/gpu_device.cc:1120] Creating TensorFlow device (/device:GPU:0) -> (device: 0, name: Tesla K80, pci bus id: 4e99:00:00.0, compute capability: 3.7)
0 Train accuracy: 0.8946364 , Val accuracy; 0.89706665
1 Train accuracy: 0.91843635 , Val accuracy; 0.91713333
2 Train accuracy: 0.9290182 , Val accuracy; 0.9263333
3 Train accuracy: 0.9362909 , Val accuracy; 0.9338667
4 Train accuracy: 0.94298184 , Val accuracy; 0.9386
5 Train accuracy: 0.9461273 , Val accuracy; 0.9443333
6 Train accuracy: 0.9524 , Val accuracy; 0.94813335
7 Train accuracy: 0.95625454 , Val accuracy; 0.952
8 Train accuracy: 0.95976365 , Val accuracy; 0.9544
9 Train accuracy: 0.96223634 , Val accuracy; 0.957
10 Train accuracy: 0.9644727 , Val accuracy; 0.9572
11 Train accuracy: 0.96721816 , Val accuracy; 0.9605333
12 Train accuracy: 0.96894544 , Val accuracy; 0.96173334
13 Train accuracy: 0.9711091 , Val accuracy; 0.96393335
14 Train accuracy: 0.9724727 , Val accuracy; 0.96486664
15 Train accuracy: 0.9734909 , Val accuracy; 0.9637333
16 Train accuracy: 0.97547275 , Val accuracy; 0.9652
17 Train accuracy: 0.9770182 , Val accuracy; 0.967
18 Train accuracy: 0.9773273 , Val accuracy; 0.96646667
19 Train accuracy: 0.97885454 , Val accuracy; 0.96826667
20 Train accuracy: 0.9802 , Val accuracy; 0.9695333
21 Train accuracy: 0.9811818 , Val accuracy; 0.96973336
22 Train accuracy: 0.98243636 , Val accuracy; 0.9709333
23 Train accuracy: 0.9832364 , Val accuracy; 0.9716
24 Train accuracy: 0.9840364 , Val accuracy; 0.9726
Overall accuracy: 0.9726
Confusion matrix:
[[1415    0    2    2    1    4    6    2    4    5]
 [   0 1659    8    1    2    0    3    1    1    1]
 [   6    4 1454    5    3    0    4   13    6    2]
 [   1    1   12 1497    0   20    0    8    6    3]
 [   2    2    2    0 1400    0    2    5    3   18]
 [   6    1    2   11    4 1335    9    3    7    9]
 [  11    1    1    2    6    3 1472    0    4    0]
 [   4    3    6    6    4    0    1 1539    1   10]
 [   8    9    6   18    5   10    5    1 1409   12]
 [   6    2    0    8   12    4    0   13    6 1409]]
The experiment completed successfully. Starting post-processing steps.

Execution Summary
=================
RunId: e2e-08_1528464843762

configure hyperdrive.

##################################################
submitting mnist_tf.py for a hyperdrive run on Batch AI...
##################################################

https://mlworkspace.azureml-test.net/home/%2Fsubscriptions%2Ffac34303-435d-4486-8c3f-7094d82a0b60%2FresourceGroups%2Faml-notebooks%2Fproviders%2FMicrosoft.MachineLearningServices%2Fworkspaces%2Fhaieastus2ws3/projects/e2e-08/run-history/run-details/e2e-08_1528465219430


##### 10.o16n.py (2018-06-08-09:40:21) #################
Azure ML Core SDK Version: 0.1.0.1005480
Found config.json in: /data/git/hai/e2e_test/aml_config/config.json
Workspace details:
aml-notebooks haieastus2ws3 eastus2
Registering model mymodel
Name: mymodel 	Version: 88 	Description: Ridge regression model to predict diabetes ['diabetes', 'regression']
Name: mymodel 	Version: 87 	Description: Ridge regression model to predict diabetes ['diabetes', 'regression']
Name: mymodel 	Version: 86 	Description: Ridge regression model to predict diabetes ['diabetes', 'regression']
Name: mymodel 	Version: 85 	Description: Ridge regression model to predict diabetes ['diabetes', 'regression']
Name: mymodel 	Version: 84 	Description: Ridge regression model to predict diabetes ['diabetes', 'regression']
Ridge regression model to predict diabetes
Creating image
Running....................................................
SucceededImage creation operation finished for image myimage:61, operation "Succeeded"
myimage(v.61 [Succeeded]) stored at haieastuacrgghjerik.azurecr.io/myimage:61 with build log https://eastus2ice.blob.core.windows.net/logs/haieastuacrgghjerik15284652278566398.txt?sr=b&se=2018-07-08T13%3A44%3A57Z&sv=2017-04-17&sp=r&sig=F1OXYGMmYykZ0cvJMbcbirSiyx4UeOTFsR6KyZTPG0o%3D
myimage(v.60 [Succeeded]) stored at haieastuacrgghjerik.azurecr.io/myimage:60 with build log https://eastus2ice.blob.core.windows.net/logs/haieastuacrgghjerik15284612779047436.txt?sr=b&se=2018-07-08T12%3A35%3A58Z&sv=2017-04-17&sp=r&sig=SRVN1HYAjESUZcqmtiOh5Atlf5FlHENDtQxmsRhtoN0%3D
myimage(v.59 [Succeeded]) stored at haieastuacrgghjerik.azurecr.io/myimage:59 with build log https://eastus2ice.blob.core.windows.net/logs/haieastuacrgghjerik15284505006434408.txt?se=2018-07-08T09%3A36%3A23Z&sr=b&sp=r&sv=2017-04-17&sig=lSLm0BkxRHnXDMlQldwLcBUC2kl72H0fG467ZDWo5Us%3D
myimage(v.58 [Succeeded]) stored at haieastuacrgghjerik.azurecr.io/myimage:58 with build log https://eastus2ice.blob.core.windows.net/logs/haieastuacrgghjerik15284469238063562.txt?se=2018-07-08T08%3A36%3A43Z&sr=b&sp=r&sv=2017-04-17&sig=1MlsoR0UGbVVTnwSWYJdt06wl70Vwby1WdauFYrcxhk%3D
myimage(v.57 [Succeeded]) stored at haieastuacrgghjerik.azurecr.io/myimage:57 with build log https://eastus2ice.blob.core.windows.net/logs/haieastuacrgghjerik15284363428685244.txt?sr=b&se=2018-07-08T05%3A40%3A38Z&sv=2017-04-17&sp=r&sig=8fgNuSMVhmiPZpXxsasIqLILT6FqwW1YOAoiCOptsS8%3D
Creating service
Already up-to-date.


###################################
########### END AT 2018-06-08-09:45:07
###################################
