+++ echo '###################################'
###################################
++++ date +%F-%T
+++ echo 'START AT: 2018-05-27-23:41:05'
START AT: 2018-05-27-23:41:05
+++ echo '###################################'
###################################
+++ source activate daily
++++ _CONDA_ROOT=/home/ninghai/miniconda3
++++ . /home/ninghai/miniconda3/etc/profile.d/conda.sh
+++++ _CONDA_EXE=/home/ninghai/miniconda3/bin/conda
+++++ _CONDA_ROOT=/home/ninghai/miniconda3
+++++ _conda_set_vars
+++++ '[' -n x ']'
+++++ _CONDA_SHELL_FLAVOR=bash
+++++ '[' -z x ']'
+++++ '[' -z '' ']'
+++++ PS1=
+++++ '[' -z x ']'
++++ _conda_activate daily
++++ '[' -n '' ']'
++++ local ask_conda
+++++ PS1=
+++++ /home/ninghai/miniconda3/bin/conda shell.posix activate daily
++++ ask_conda='PS1='\''(daily) '\''
\export CONDA_PROMPT_MODIFIER='\''(daily) '\''
\export CONDA_SHLVL='\''1'\''
\export PATH='\''/home/ninghai/miniconda3/envs/daily/bin:/home/ninghai/bin:/home/ninghai/.local/bin:/home/ninghai/miniconda3/bin:/usr/local/cuda/bin:/usr/local/sbin:/usr/local/bin:/usr/sbin:/usr/bin:/sbin:/bin:/usr/games:/usr/local/games:/snap/bin:/home/ninghai/bin'\'''
++++ eval 'PS1='\''(daily) '\''
\export CONDA_PROMPT_MODIFIER='\''(daily) '\''
\export CONDA_SHLVL='\''1'\''
\export PATH='\''/home/ninghai/miniconda3/envs/daily/bin:/home/ninghai/bin:/home/ninghai/.local/bin:/home/ninghai/miniconda3/bin:/usr/local/cuda/bin:/usr/local/sbin:/usr/local/bin:/usr/sbin:/usr/bin:/sbin:/bin:/usr/games:/usr/local/games:/snap/bin:/home/ninghai/bin'\'''
+++++ PS1='(daily) '
+++++ export 'CONDA_PROMPT_MODIFIER=(daily) '
+++++ CONDA_PROMPT_MODIFIER='(daily) '
+++++ export CONDA_SHLVL=1
+++++ CONDA_SHLVL=1
+++++ export PATH=/home/ninghai/miniconda3/envs/daily/bin:/home/ninghai/bin:/home/ninghai/.local/bin:/home/ninghai/miniconda3/bin:/usr/local/cuda/bin:/usr/local/sbin:/usr/local/bin:/usr/sbin:/usr/bin:/sbin:/bin:/usr/games:/usr/local/games:/snap/bin:/home/ninghai/bin
+++++ PATH=/home/ninghai/miniconda3/envs/daily/bin:/home/ninghai/bin:/home/ninghai/.local/bin:/home/ninghai/miniconda3/bin:/usr/local/cuda/bin:/usr/local/sbin:/usr/local/bin:/usr/sbin:/usr/bin:/sbin:/bin:/usr/games:/usr/local/games:/snap/bin:/home/ninghai/bin
++++ _conda_hashr
++++ case "$_CONDA_SHELL_FLAVOR" in
++++ hash -r
+++ echo ''

+++ echo ''

+++ echo '##### 01.interactive.e2e.py ######'
##### 01.interactive.e2e.py ######
+++ python ./01.interactive.e2e.py
  0%|          | 0/20 [00:00<?, ?it/s]  5%|▌         | 1/20 [00:01<00:33,  1.75s/it] 10%|█         | 2/20 [00:03<00:30,  1.68s/it] 15%|█▌        | 3/20 [00:05<00:28,  1.69s/it] 20%|██        | 4/20 [00:06<00:26,  1.66s/it] 25%|██▌       | 5/20 [00:08<00:24,  1.66s/it] 30%|███       | 6/20 [00:10<00:23,  1.67s/it] 35%|███▌      | 7/20 [00:16<00:31,  2.40s/it] 40%|████      | 8/20 [00:18<00:27,  2.30s/it] 45%|████▌     | 9/20 [00:25<00:30,  2.79s/it] 50%|█████     | 10/20 [00:26<00:26,  2.67s/it] 55%|█████▌    | 11/20 [00:33<00:27,  3.05s/it] 60%|██████    | 12/20 [00:35<00:23,  2.92s/it] 65%|██████▌   | 13/20 [00:36<00:19,  2.82s/it] 70%|███████   | 14/20 [00:38<00:16,  2.73s/it] 75%|███████▌  | 15/20 [00:39<00:13,  2.66s/it] 80%|████████  | 16/20 [00:41<00:10,  2.60s/it] 85%|████████▌ | 17/20 [00:43<00:07,  2.53s/it] 90%|█████████ | 18/20 [00:49<00:05,  2.76s/it] 95%|█████████▌| 19/20 [00:51<00:02,  2.71s/it]100%|██████████| 20/20 [00:53<00:00,  2.66s/it]
0it [00:00, ?it/s]1it [00:00,  2.86it/s]2it [00:00,  2.93it/s]3it [00:01,  2.94it/s]4it [00:01,  2.96it/s]5it [00:01,  2.97it/s]6it [00:02,  2.95it/s]7it [00:02,  2.94it/s]8it [00:02,  2.94it/s]9it [00:03,  2.93it/s]10it [00:03,  2.94it/s]11it [00:03,  2.95it/s]12it [00:04,  2.94it/s]13it [00:04,  2.94it/s]14it [00:04,  2.92it/s]15it [00:05,  2.92it/s]16it [00:05,  2.92it/s]17it [00:05,  2.91it/s]18it [00:06,  2.92it/s]19it [00:06,  2.92it/s]20it [00:06,  2.93it/s]
Client-Request-ID=196a03a5-6229-11e8-9288-000d3a71b7c3 Retry policy did not allow for a retry: Server-Timestamp=Mon, 28 May 2018 03:42:10 GMT, Server-Request-ID=fc46c0ef-901e-0116-6335-f6d3fa000000, HTTP status code=409, Exception=The specified container already exists.ErrorCode: ContainerAlreadyExists<?xml version="1.0" encoding="utf-8"?><Error><Code>ContainerAlreadyExists</Code><Message>The specified container already exists.RequestId:fc46c0ef-901e-0116-6335-f6d3fa000000Time:2018-05-28T03:42:10.3682258Z</Message></Error>.
Client-Request-ID=196a03a7-6229-11e8-9288-000d3a71b7c3 Retry policy did not allow for a retry: Server-Timestamp=Mon, 28 May 2018 03:42:10 GMT, Server-Request-ID=d49e2217-201e-0088-6535-f6ece8000000, HTTP status code=409, Exception=The specified container already exists.ErrorCode: ContainerAlreadyExists<?xml version="1.0" encoding="utf-8"?><Error><Code>ContainerAlreadyExists</Code><Message>The specified container already exists.RequestId:d49e2217-201e-0088-6535-f6ece8000000Time:2018-05-28T03:42:10.7916462Z</Message></Error>.
Client-Request-ID=196a03a9-6229-11e8-9288-000d3a71b7c3 Retry policy did not allow for a retry: Server-Timestamp=Mon, 28 May 2018 03:42:10 GMT, Server-Request-ID=f03a9530-601e-00ad-0835-f6745b000000, HTTP status code=409, Exception=The specified container already exists.ErrorCode: ContainerAlreadyExists<?xml version="1.0" encoding="utf-8"?><Error><Code>ContainerAlreadyExists</Code><Message>The specified container already exists.RequestId:f03a9530-601e-00ad-0835-f6745b000000Time:2018-05-28T03:42:10.9516383Z</Message></Error>.
Client-Request-ID=1a59597c-6229-11e8-9288-000d3a71b7c3 Retry policy did not allow for a retry: Server-Timestamp=Mon, 28 May 2018 03:42:11 GMT, Server-Request-ID=dcbc0122-801e-00a7-2735-f66dd2000000, HTTP status code=409, Exception=The specified container already exists.ErrorCode: ContainerAlreadyExists<?xml version="1.0" encoding="utf-8"?><Error><Code>ContainerAlreadyExists</Code><Message>The specified container already exists.RequestId:dcbc0122-801e-00a7-2735-f66dd2000000Time:2018-05-28T03:42:11.1108491Z</Message></Error>.
Client-Request-ID=1a59597e-6229-11e8-9288-000d3a71b7c3 Retry policy did not allow for a retry: Server-Timestamp=Mon, 28 May 2018 03:42:10 GMT, Server-Request-ID=c6c938ff-501e-0004-3135-f6a1b3000000, HTTP status code=409, Exception=The specified container already exists.ErrorCode: ContainerAlreadyExists<?xml version="1.0" encoding="utf-8"?><Error><Code>ContainerAlreadyExists</Code><Message>The specified container already exists.RequestId:c6c938ff-501e-0004-3135-f6a1b3000000Time:2018-05-28T03:42:11.2850429Z</Message></Error>.
Azure ML Core SDK Version: 0.1.0.972625
Found config.json in: /data/git/ViennaTest/results/2018-05-27-23-40-47-EDT/scripts/aml_config/config.json
Workspace details:
aml-notebooks haieastus2ws3 eastus2
Find the best run.
Best run is: 171ab089-a5d0-436d-8267-ea06241d966b
Metrics: {'alpha': 0.4, 'mse': 3295.741064355809, 'columns': ['age', 'gender', 'bmi', 'bp', 's1', 's2', 's3', 's4', 's5', 's6']}
Run history url:
https://mlworkspace.azureml-test.net/home/%2Fsubscriptions%2Ffac34303-435d-4486-8c3f-7094d82a0b60%2FresourceGroups%2Faml-notebooks%2Fproviders%2FMicrosoft.MachineLearningServices%2Fworkspaces%2Fhaieastus2ws3/projects/e2e-01/run-history/run-details/171ab089-a5d0-436d-8267-ea06241d966b
plot mse_over_alpha.png
upload mse_over_alpha.png.
deploying to ACI...
Registering model: best_model.pkl
Creating image
Traceback (most recent call last):
  File "/home/ninghai/miniconda3/envs/daily/lib/python3.6/site-packages/azureml/core/workspace.py", line 1014, in create_image
    resp.raise_for_status()
  File "/home/ninghai/miniconda3/envs/daily/lib/python3.6/site-packages/requests/models.py", line 935, in raise_for_status
    raise HTTPError(http_error_msg, response=self)
requests.exceptions.HTTPError: 404 Client Error: Not Found for url: https://eastus2.modelmanagement.azureml.net/api/subscriptions/fac34303-435d-4486-8c3f-7094d82a0b60/resourceGroups/aml-notebooks/providers/Microsoft.MachineLearningServices/workspaces/haieastus2ws3/images?api-version=2018-03-01-preview

During handling of the above exception, another exception occurred:

Traceback (most recent call last):
  File "./01.interactive.e2e.py", line 139, in <module>
    driver = 'score.py')
  File "/home/ninghai/miniconda3/envs/daily/lib/python3.6/site-packages/azureml/core/workspace.py", line 900, in deploy_webservice
    enable_gpu, tags, description)
  File "/home/ninghai/miniconda3/envs/daily/lib/python3.6/site-packages/azureml/core/workspace.py", line 1021, in create_image
    'Content: {}'.format(resp.status_code, resp.headers, resp.content))
azureml.exceptions.azureml_exception.WebserviceException: Received bad response from Model Management Service:
Response Code: 404
Headers: {'Date': 'Mon, 28 May 2018 03:42:14 GMT', 'Content-Type': 'application/json', 'Transfer-Encoding': 'chunked', 'Connection': 'keep-alive', 'api-supported-versions': '2018-03-01-preview', 'x-ms-client-request-id': 'f035b28945e94e19bece9ffd1d2e4949', 'x-ms-client-session-id': '', 'Strict-Transport-Security': 'max-age=15724800; includeSubDomains; preload', 'Content-Encoding': 'gzip'}
Content: b'{"code":"NotFound","statusCode":404,"message":"The specified resource was not found","details":[{"code":"NoSuchModelRegistered","message":"One ore more models are not registered in Account Subscription: fac34303-435d-4486-8c3f-7094d82a0b60, ResourceGroup: aml-notebooks, Account: haieastus2ws3."}]}'
+++ echo ''

+++ echo ''

+++ echo '##### 02.lcoal.py ################'
##### 02.lcoal.py ################
+++ python ./02.local.py
Azure ML Core SDK Version: 0.1.0.972625
Found config.json in: /data/git/ViennaTest/results/2018-05-27-23-40-47-EDT/scripts/aml_config/config.json
Workspace details:
aml-notebooks haieastus2ws3 eastus2
/tmp/e2e-test/02 already exists, remove it.
/tmp/e2e-test/02
e2e-02
copy train-sklearn.py to the project folder.
load run config

##################################################
submitting train-sklearn.py for a local run...
##################################################

https://mlworkspace.azureml-test.net/home/%2Fsubscriptions%2Ffac34303-435d-4486-8c3f-7094d82a0b60%2FresourceGroups%2Faml-notebooks%2Fproviders%2FMicrosoft.MachineLearningServices%2Fworkspaces%2Fhaieastus2ws3/projects/e2e-02/run-history/run-details/e2e-02_1527478933
RunId: e2e-02_1527478933

Streaming azureml-logs/60_control_log.txt
=========================================

Uploading experiment status to history service.
Adding run profile attachment azureml-logs/60_control_log.txt
Running: ['python', 'azureml-setup/run_script.py', 'python', 'azureml-setup/context_manager_injector.py', '-i', 'OutputCollection:context_managers.RunHistory', 'train-sklearn.py']
Logging experiment running status in history service.
Uploading experiment status to history service.
Adding run profile attachment azureml-logs/80_driver_log.txt

Streaming azureml-logs/80_driver_log.txt
========================================

alpha is 0.00, and mse is 3424.32
alpha is 0.05, and mse is 3408.92
alpha is 0.10, and mse is 3372.65
alpha is 0.15, and mse is 3345.15
alpha is 0.20, and mse is 3325.29
Traceback (most recent call last):
  File "/home/ninghai/miniconda3/envs/daily/lib/python3.6/site-packages/urllib3/connectionpool.py", line 380, in _make_request
    httplib_response = conn.getresponse(buffering=True)
TypeError: getresponse() got an unexpected keyword argument 'buffering'

During handling of the above exception, another exception occurred:

Traceback (most recent call last):
  File "/home/ninghai/miniconda3/envs/daily/lib/python3.6/site-packages/azureml/core/experiment_run.py", line 69, in wait_for_completion
    self._stream_run_output(file_handle=sys.stdout, wait_post_processing=wait_post_processing)
  File "/home/ninghai/miniconda3/envs/daily/lib/python3.6/site-packages/azureml/core/experiment_run.py", line 201, in _stream_run_output
    self._current_status = self.get_status()
  File "/home/ninghai/miniconda3/envs/daily/lib/python3.6/site-packages/azureml/core/experiment_run.py", line 136, in get_status
    return self._get_run_status_with_retry(3)
  File "/home/ninghai/miniconda3/envs/daily/lib/python3.6/site-packages/azureml/core/experiment_run.py", line 158, in _get_run_status_with_retry
    return _commands.run_status(self._project_object, self._run_config_object, self._run_id)
  File "/home/ninghai/miniconda3/envs/daily/lib/python3.6/site-packages/azureml/execution/_commands.py", line 558, in run_status
    return _get_status_from_history(project_object, run_id, project_context)
  File "/home/ninghai/miniconda3/envs/daily/lib/python3.6/site-packages/azureml/execution/_commands.py", line 811, in _get_status_from_history
    response = session.get(runstatus_uri, headers=headers)
  File "/home/ninghai/miniconda3/envs/daily/lib/python3.6/site-packages/requests/sessions.py", line 521, in get
    return self.request('GET', url, **kwargs)
  File "/home/ninghai/miniconda3/envs/daily/lib/python3.6/site-packages/requests/sessions.py", line 508, in request
    resp = self.send(prep, **send_kwargs)
  File "/home/ninghai/miniconda3/envs/daily/lib/python3.6/site-packages/requests/sessions.py", line 618, in send
    r = adapter.send(request, **kwargs)
  File "/home/ninghai/miniconda3/envs/daily/lib/python3.6/site-packages/requests/adapters.py", line 440, in send
    timeout=timeout
  File "/home/ninghai/miniconda3/envs/daily/lib/python3.6/site-packages/urllib3/connectionpool.py", line 601, in urlopen
    chunked=chunked)
  File "/home/ninghai/miniconda3/envs/daily/lib/python3.6/site-packages/urllib3/connectionpool.py", line 383, in _make_request
    httplib_response = conn.getresponse()
  File "/home/ninghai/miniconda3/envs/daily/lib/python3.6/http/client.py", line 1331, in getresponse
    response.begin()
  File "/home/ninghai/miniconda3/envs/daily/lib/python3.6/http/client.py", line 297, in begin
    version, status, reason = self._read_status()
  File "/home/ninghai/miniconda3/envs/daily/lib/python3.6/http/client.py", line 258, in _read_status
    line = str(self.fp.readline(_MAXLINE + 1), "iso-8859-1")
  File "/home/ninghai/miniconda3/envs/daily/lib/python3.6/socket.py", line 586, in readinto
    return self._sock.recv_into(b)
  File "/home/ninghai/miniconda3/envs/daily/lib/python3.6/site-packages/urllib3/contrib/pyopenssl.py", line 280, in recv_into
    return self.connection.recv_into(*args, **kwargs)
  File "/home/ninghai/miniconda3/envs/daily/lib/python3.6/site-packages/OpenSSL/SSL.py", line 1813, in recv_into
    result = _lib.SSL_read(self._ssl, buf, nbytes)
KeyboardInterrupt

During handling of the above exception, another exception occurred:

Traceback (most recent call last):
  File "./02.local.py", line 56, in <module>
    run.wait_for_completion(show_output = True)
  File "/home/ninghai/miniconda3/envs/daily/lib/python3.6/site-packages/azureml/core/experiment_run.py", line 79, in wait_for_completion
    raise ExperimentExecutionException(error_message)
azureml.exceptions.azureml_exception.ExperimentExecutionException: The output streaming for the run interrupted.
But the run is still executing on the compute target. 
To cancel the run, execute: az ml run cancel -r e2e-02_1527478933 -t local -p /tmp/e2e-test/02
+++ echo ''

+++ echo ''

+++ echo '##### 03.aci.py ##################'
##### 03.aci.py ##################
+++ python ./03.aci.py
Traceback (most recent call last):
  File "./03.aci.py", line 1, in <module>
    import azureml.core
  File "/home/ninghai/miniconda3/envs/daily/lib/python3.6/site-packages/azureml/core/__init__.py", line 5, in <module>
    from azureml.core.workspace import Workspace
  File "/home/ninghai/miniconda3/envs/daily/lib/python3.6/site-packages/azureml/core/workspace.py", line 24, in <module>
    from azureml.core import project
  File "/home/ninghai/miniconda3/envs/daily/lib/python3.6/site-packages/azureml/core/project.py", line 14, in <module>
    from azureml.core.run_history import RunHistory
  File "/home/ninghai/miniconda3/envs/daily/lib/python3.6/site-packages/azureml/core/run_history.py", line 9, in <module>
    from azureml.core.run import Run
  File "/home/ninghai/miniconda3/envs/daily/lib/python3.6/site-packages/azureml/core/run.py", line 13, in <module>
    from azureml.assets.persistence import persistence
  File "/home/ninghai/miniconda3/envs/daily/lib/python3.6/site-packages/azureml/assets/persistence/__init__.py", line 33, in <module>
    from azureml.assets.persistence import sklearn_persistence
  File "/home/ninghai/miniconda3/envs/daily/lib/python3.6/site-packages/azureml/assets/persistence/sklearn_persistence.py", line 6, in <module>
    import sklearn
  File "/home/ninghai/miniconda3/envs/daily/lib/python3.6/site-packages/sklearn/__init__.py", line 134, in <module>
    from .base import clone
  File "/home/ninghai/miniconda3/envs/daily/lib/python3.6/site-packages/sklearn/base.py", line 13, in <module>
    from .utils.fixes import signature
  File "/home/ninghai/miniconda3/envs/daily/lib/python3.6/site-packages/sklearn/utils/__init__.py", line 11, in <module>
    from .validation import (as_float_array,
  File "<frozen importlib._bootstrap>", line 971, in _find_and_load
  File "<frozen importlib._bootstrap>", line 955, in _find_and_load_unlocked
  File "<frozen importlib._bootstrap>", line 665, in _load_unlocked
  File "<frozen importlib._bootstrap_external>", line 674, in exec_module
  File "<frozen importlib._bootstrap_external>", line 764, in get_code
  File "<frozen importlib._bootstrap_external>", line 833, in get_data
KeyboardInterrupt
+++ echo ''

+++ echo ''

+++ echo '##### 04.dsvm ####################'
##### 04.dsvm ####################
+++ python ./04.dsvm.py
Traceback (most recent call last):
  File "./04.dsvm.py", line 1, in <module>
    import azureml.core
  File "/home/ninghai/miniconda3/envs/daily/lib/python3.6/site-packages/azureml/core/__init__.py", line 5, in <module>
    from azureml.core.workspace import Workspace
  File "/home/ninghai/miniconda3/envs/daily/lib/python3.6/site-packages/azureml/core/workspace.py", line 11, in <module>
    import requests
  File "/home/ninghai/miniconda3/envs/daily/lib/python3.6/site-packages/requests/__init__.py", line 43, in <module>
    import urllib3
  File "/home/ninghai/miniconda3/envs/daily/lib/python3.6/site-packages/urllib3/__init__.py", line 8, in <module>
    from .connectionpool import (
  File "/home/ninghai/miniconda3/envs/daily/lib/python3.6/site-packages/urllib3/connectionpool.py", line 7, in <module>
    from socket import error as SocketError, timeout as SocketTimeout
  File "/home/ninghai/miniconda3/envs/daily/lib/python3.6/socket.py", line 49, in <module>
    import _socket
KeyboardInterrupt
+++ echo ''

+++ echo ''

+++ echo '##### 05.spark ###################'
##### 05.spark ###################
+++ python ./05.spark.py
Traceback (most recent call last):
  File "./05.spark.py", line 1, in <module>
    import azureml.core
  File "/home/ninghai/miniconda3/envs/daily/lib/python3.6/site-packages/azureml/core/__init__.py", line 5, in <module>
    from azureml.core.workspace import Workspace
  File "/home/ninghai/miniconda3/envs/daily/lib/python3.6/site-packages/azureml/core/workspace.py", line 11, in <module>
    import requests
  File "/home/ninghai/miniconda3/envs/daily/lib/python3.6/site-packages/requests/__init__.py", line 43, in <module>
    import urllib3
  File "/home/ninghai/miniconda3/envs/daily/lib/python3.6/site-packages/urllib3/__init__.py", line 8, in <module>
    from .connectionpool import (
  File "/home/ninghai/miniconda3/envs/daily/lib/python3.6/site-packages/urllib3/connectionpool.py", line 29, in <module>
    from .connection import (
  File "/home/ninghai/miniconda3/envs/daily/lib/python3.6/site-packages/urllib3/connection.py", line 39, in <module>
    from .util.ssl_ import (
  File "/home/ninghai/miniconda3/envs/daily/lib/python3.6/site-packages/urllib3/util/__init__.py", line 3, in <module>
    from .connection import is_connection_dropped
  File "/home/ninghai/miniconda3/envs/daily/lib/python3.6/site-packages/urllib3/util/connection.py", line 3, in <module>
    from .wait import wait_for_read
  File "/home/ninghai/miniconda3/envs/daily/lib/python3.6/site-packages/urllib3/util/wait.py", line 1, in <module>
    from .selectors import (
  File "/home/ninghai/miniconda3/envs/daily/lib/python3.6/site-packages/urllib3/util/selectors.py", line 390, in <module>
    class EpollSelector(BaseSelector):
KeyboardInterrupt
+++ echo ''

+++ echo ''

+++ echo '##### 07.sklearn.hd.py ###########'
##### 07.sklearn.hd.py ###########
+++ python ./07.sklearn.hd.py
Traceback (most recent call last):
  File "./07.sklearn.hd.py", line 1, in <module>
    import azureml.core
  File "/home/ninghai/miniconda3/envs/daily/lib/python3.6/site-packages/azureml/core/__init__.py", line 5, in <module>
    from azureml.core.workspace import Workspace
  File "/home/ninghai/miniconda3/envs/daily/lib/python3.6/site-packages/azureml/core/workspace.py", line 11, in <module>
    import requests
  File "/home/ninghai/miniconda3/envs/daily/lib/python3.6/site-packages/requests/__init__.py", line 84, in <module>
    from urllib3.contrib import pyopenssl
  File "/home/ninghai/miniconda3/envs/daily/lib/python3.6/site-packages/urllib3/contrib/pyopenssl.py", line 48, in <module>
    from cryptography.hazmat.backends.openssl import backend as openssl_backend
  File "/home/ninghai/miniconda3/envs/daily/lib/python3.6/site-packages/cryptography/hazmat/backends/openssl/__init__.py", line 7, in <module>
    from cryptography.hazmat.backends.openssl.backend import backend
  File "/home/ninghai/miniconda3/envs/daily/lib/python3.6/site-packages/cryptography/hazmat/backends/openssl/backend.py", line 24, in <module>
    from cryptography.hazmat.backends.openssl.ciphers import _CipherContext
  File "/home/ninghai/miniconda3/envs/daily/lib/python3.6/site-packages/cryptography/hazmat/backends/openssl/ciphers.py", line 9, in <module>
    from cryptography.hazmat.primitives import ciphers
  File "<frozen importlib._bootstrap>", line 971, in _find_and_load
  File "<frozen importlib._bootstrap>", line 951, in _find_and_load_unlocked
  File "<frozen importlib._bootstrap>", line 894, in _find_spec
  File "<frozen importlib._bootstrap_external>", line 1157, in find_spec
  File "<frozen importlib._bootstrap_external>", line 1129, in _get_spec
  File "<frozen importlib._bootstrap_external>", line 1260, in find_spec
  File "<frozen importlib._bootstrap_external>", line 96, in _path_isfile
  File "<frozen importlib._bootstrap_external>", line 88, in _path_is_mode_type
  File "<frozen importlib._bootstrap_external>", line 82, in _path_stat
KeyboardInterrupt
+++ echo ''

+++ echo ''

+++ echo '##### 08.tf.hd.py ################'
##### 08.tf.hd.py ################
+++ python ./08.tf.hd.py
Traceback (most recent call last):
  File "<frozen importlib._bootstrap>", line 888, in _find_spec
AttributeError: '_SixMetaPathImporter' object has no attribute 'find_spec'

During handling of the above exception, another exception occurred:

Traceback (most recent call last):
  File "./08.tf.hd.py", line 1, in <module>
    import azureml.core
  File "/home/ninghai/miniconda3/envs/daily/lib/python3.6/site-packages/azureml/core/__init__.py", line 5, in <module>
    from azureml.core.workspace import Workspace
  File "/home/ninghai/miniconda3/envs/daily/lib/python3.6/site-packages/azureml/core/workspace.py", line 11, in <module>
    import requests
  File "/home/ninghai/miniconda3/envs/daily/lib/python3.6/site-packages/requests/__init__.py", line 43, in <module>
    import urllib3
  File "/home/ninghai/miniconda3/envs/daily/lib/python3.6/site-packages/urllib3/__init__.py", line 8, in <module>
    from .connectionpool import (
  File "/home/ninghai/miniconda3/envs/daily/lib/python3.6/site-packages/urllib3/connectionpool.py", line 11, in <module>
    from .exceptions import (
  File "/home/ninghai/miniconda3/envs/daily/lib/python3.6/site-packages/urllib3/exceptions.py", line 2, in <module>
    from .packages.six.moves.http_client import (
  File "<frozen importlib._bootstrap>", line 971, in _find_and_load
  File "<frozen importlib._bootstrap>", line 951, in _find_and_load_unlocked
  File "<frozen importlib._bootstrap>", line 890, in _find_spec
  File "<frozen importlib._bootstrap>", line 867, in _find_spec_legacy
  File "<frozen importlib._bootstrap>", line 449, in spec_from_loader
  File "/home/ninghai/miniconda3/envs/daily/lib/python3.6/site-packages/urllib3/packages/six.py", line 216, in is_package
    return hasattr(self.__get_module(fullname), "__path__")
  File "/home/ninghai/miniconda3/envs/daily/lib/python3.6/site-packages/urllib3/packages/six.py", line 118, in __getattr__
    _module = self._resolve()
  File "/home/ninghai/miniconda3/envs/daily/lib/python3.6/site-packages/urllib3/packages/six.py", line 115, in _resolve
    return _import_module(self.mod)
  File "/home/ninghai/miniconda3/envs/daily/lib/python3.6/site-packages/urllib3/packages/six.py", line 82, in _import_module
    __import__(name)
  File "/home/ninghai/miniconda3/envs/daily/lib/python3.6/http/client.py", line 71, in <module>
    import email.parser
  File "/home/ninghai/miniconda3/envs/daily/lib/python3.6/email/parser.py", line 12, in <module>
    from email.feedparser import FeedParser, BytesFeedParser
  File "<frozen importlib._bootstrap>", line 971, in _find_and_load
  File "<frozen importlib._bootstrap>", line 955, in _find_and_load_unlocked
  File "<frozen importlib._bootstrap>", line 658, in _load_unlocked
  File "<frozen importlib._bootstrap>", line 577, in module_from_spec
  File "<frozen importlib._bootstrap>", line 556, in _init_module_attrs
  File "<frozen importlib._bootstrap>", line 409, in cached
  File "<frozen importlib._bootstrap_external>", line 364, in _get_cached
  File "<frozen importlib._bootstrap_external>", line 294, in cache_from_source
KeyboardInterrupt
+++ echo ''

+++ echo ''

+++ echo '##### 10.o16n.py #################'
##### 10.o16n.py #################
+++ python ./10.o16n.py
Traceback (most recent call last):
  File "./10.o16n.py", line 1, in <module>
    from sklearn.datasets import load_diabetes
  File "/home/ninghai/miniconda3/envs/daily/lib/python3.6/site-packages/sklearn/__init__.py", line 134, in <module>
    from .base import clone
  File "/home/ninghai/miniconda3/envs/daily/lib/python3.6/site-packages/sklearn/base.py", line 10, in <module>
    import numpy as np
  File "/home/ninghai/miniconda3/envs/daily/lib/python3.6/site-packages/numpy/__init__.py", line 158, in <module>
    from . import add_newdocs
  File "/home/ninghai/miniconda3/envs/daily/lib/python3.6/site-packages/numpy/add_newdocs.py", line 13, in <module>
    from numpy.lib import add_newdoc
  File "/home/ninghai/miniconda3/envs/daily/lib/python3.6/site-packages/numpy/lib/__init__.py", line 8, in <module>
    from .type_check import *
  File "/home/ninghai/miniconda3/envs/daily/lib/python3.6/site-packages/numpy/lib/type_check.py", line 11, in <module>
    import numpy.core.numeric as _nx
  File "/home/ninghai/miniconda3/envs/daily/lib/python3.6/site-packages/numpy/core/__init__.py", line 74, in <module>
    from numpy.testing import _numpy_tester
  File "/home/ninghai/miniconda3/envs/daily/lib/python3.6/site-packages/numpy/testing/__init__.py", line 12, in <module>
    from . import decorators as dec
  File "/home/ninghai/miniconda3/envs/daily/lib/python3.6/site-packages/numpy/testing/decorators.py", line 6, in <module>
    from .nose_tools.decorators import *
  File "/home/ninghai/miniconda3/envs/daily/lib/python3.6/site-packages/numpy/testing/nose_tools/decorators.py", line 20, in <module>
    from .utils import SkipTest, assert_warns
  File "/home/ninghai/miniconda3/envs/daily/lib/python3.6/site-packages/numpy/testing/nose_tools/utils.py", line 15, in <module>
    from tempfile import mkdtemp, mkstemp
  File "/home/ninghai/miniconda3/envs/daily/lib/python3.6/tempfile.py", line 45, in <module>
    from random import Random as _Random
  File "/home/ninghai/miniconda3/envs/daily/lib/python3.6/random.py", line 46, in <module>
    from hashlib import sha512 as _sha512
  File "/home/ninghai/miniconda3/envs/daily/lib/python3.6/hashlib.py", line 159, in <module>
    import _hashlib
KeyboardInterrupt
+++ echo ''

+++ echo ''

++++ date +%F-%T
+++ echo '########### END AT 2018-05-27-23:42:25'
########### END AT 2018-05-27-23:42:25
