/data/git/hai/e2e_test
*** git branch status before ***
  candidate
  daily
* master
On branch master
Your branch is up-to-date with 'origin/master'.
nothing to commit, working directory clean
*** preview ***
HEAD is now at 8a6b80c clean up o16n
git checkout master
Your branch is up-to-date with 'origin/master'.
Already up-to-date.
*** git branch status after ***
  candidate
  daily
* master
On branch master
Your branch is up-to-date with 'origin/master'.
nothing to commit, working directory clean
###################################
START AT: 2018-06-13-08:02:33
###################################


##### 01.interactive.e2e.py (2018-06-13-08:02:33) ######
Azure ML Core SDK Version: 0.1.0.1027341
Found config.json in: /data/git/hai/e2e_test/aml_config/config.json
Workspace details:
aml-notebooks haieastus2ws3 eastus2
start sequential parameter sweep...
try alpha value of 0.00
try alpha value of 0.05
try alpha value of 0.10
try alpha value of 0.15
try alpha value of 0.20
try alpha value of 0.25
try alpha value of 0.30
try alpha value of 0.35
try alpha value of 0.40
try alpha value of 0.45
try alpha value of 0.50
try alpha value of 0.55
try alpha value of 0.60
try alpha value of 0.65
try alpha value of 0.70
try alpha value of 0.75
try alpha value of 0.80
try alpha value of 0.85
try alpha value of 0.90
try alpha value of 0.95
Find the best run.
Best run is: f6345f8b-f18b-4b2f-8a8a-56c3a4e4cd8f
Metrics: {'alpha': 0.4, 'mse': 3295.741064355809, 'columns': ['age', 'gender', 'bmi', 'bp', 's1', 's2', 's3', 's4', 's5', 's6']}
Run history url:
https://mlworkspace.azureml-test.net/home/%2Fsubscriptions%2Ffac34303-435d-4486-8c3f-7094d82a0b60%2FresourceGroups%2Faml-notebooks%2Fproviders%2FMicrosoft.MachineLearningServices%2Fworkspaces%2Fhaieastus2ws3/projects/e2e-01/run-history/run-details/f6345f8b-f18b-4b2f-8a8a-56c3a4e4cd8f
plot mse_over_alpha.png
upload mse_over_alpha.png.
deploying to ACI...
Registering model best_model.pkl
Creating image
Image creation operation finished for image rrs01-preview:16, operation "Succeeded"
Creating service


##### 02.local.py (2018-06-13-08:06:03) ################
Azure ML Core SDK Version: 0.1.0.1027341
Found config.json in: /data/git/hai/e2e_test/aml_config/config.json
Workspace details:
aml-notebooks haieastus2ws3 eastus2
/tmp/e2e-test/02 already exists, remove it.
/tmp/e2e-test/02
e2e-02
copy train-sklearn.py to the project folder.
load run config

##################################################
submitting train-sklearn.py for a local run...
##################################################

https://mlworkspace.azureml-test.net/home/%2Fsubscriptions%2Ffac34303-435d-4486-8c3f-7094d82a0b60%2FresourceGroups%2Faml-notebooks%2Fproviders%2FMicrosoft.MachineLearningServices%2Fworkspaces%2Fhaieastus2ws3/projects/e2e-02/run-history/run-details/e2e-02_1528891566
RunId: e2e-02_1528891566

Streaming azureml-logs/80_driver_log.txt
========================================

Accept header absent and forced to application/json
Accept header absent and forced to application/json
Accept header absent and forced to application/json
Accept header absent and forced to application/json
Accept header absent and forced to application/json
Accept header absent and forced to application/json
alpha is 0.00, and mse is 3424.32
Accept header absent and forced to application/json
Accept header absent and forced to application/json
alpha is 0.05, and mse is 3408.92
Accept header absent and forced to application/json
Accept header absent and forced to application/json
alpha is 0.10, and mse is 3372.65
Accept header absent and forced to application/json
Accept header absent and forced to application/json
alpha is 0.15, and mse is 3345.15
Accept header absent and forced to application/json
Accept header absent and forced to application/json
alpha is 0.20, and mse is 3325.29
Accept header absent and forced to application/json
Accept header absent and forced to application/json
alpha is 0.25, and mse is 3311.56
Accept header absent and forced to application/json
Accept header absent and forced to application/json
alpha is 0.30, and mse is 3302.67
Accept header absent and forced to application/json
Accept header absent and forced to application/json
alpha is 0.35, and mse is 3297.66
Accept header absent and forced to application/json
Accept header absent and forced to application/json
alpha is 0.40, and mse is 3295.74
Accept header absent and forced to application/json
Accept header absent and forced to application/json
alpha is 0.45, and mse is 3296.32
Accept header absent and forced to application/json
Accept header absent and forced to application/json
alpha is 0.50, and mse is 3298.91
Accept header absent and forced to application/json
Accept header absent and forced to application/json
alpha is 0.55, and mse is 3303.14
Accept header absent and forced to application/json
Accept header absent and forced to application/json
alpha is 0.60, and mse is 3308.70
Accept header absent and forced to application/json
Accept header absent and forced to application/json
alpha is 0.65, and mse is 3315.36
Accept header absent and forced to application/json
Accept header absent and forced to application/json
alpha is 0.70, and mse is 3322.90
Accept header absent and forced to application/json
Accept header absent and forced to application/json
alpha is 0.75, and mse is 3331.17
Accept header absent and forced to application/json
Accept header absent and forced to application/json
alpha is 0.80, and mse is 3340.02
Accept header absent and forced to application/json
Accept header absent and forced to application/json
alpha is 0.85, and mse is 3349.36
Accept header absent and forced to application/json
Accept header absent and forced to application/json
alpha is 0.90, and mse is 3359.09
Accept header absent and forced to application/json
Accept header absent and forced to application/json
alpha is 0.95, and mse is 3369.13
The experiment completed successfully. Starting post-processing steps.
Accept header absent and forced to application/json
Accept header absent and forced to application/json
Accept header absent and forced to application/json
Accept header absent and forced to application/json
Accept header absent and forced to application/json
Accept header absent and forced to application/json
Accept header absent and forced to application/json
Accept header absent and forced to application/json
Accept header absent and forced to application/json
Accept header absent and forced to application/json
Accept header absent and forced to application/json
Accept header absent and forced to application/json
Accept header absent and forced to application/json
Accept header absent and forced to application/json
Accept header absent and forced to application/json
Accept header absent and forced to application/json
Accept header absent and forced to application/json
Accept header absent and forced to application/json
Accept header absent and forced to application/json
Accept header absent and forced to application/json
Accept header absent and forced to application/json
Accept header absent and forced to application/json

Execution Summary
=================
RunId: e2e-02_1528891566


##################################################
Submitting train-sklearn.py for a local conda run...
##################################################

https://mlworkspace.azureml-test.net/home/%2Fsubscriptions%2Ffac34303-435d-4486-8c3f-7094d82a0b60%2FresourceGroups%2Faml-notebooks%2Fproviders%2FMicrosoft.MachineLearningServices%2Fworkspaces%2Fhaieastus2ws3/projects/e2e-02/run-history/run-details/e2e-02_1528891591
RunId: e2e-02_1528891591

Execution Summary
=================
RunId: e2e-02_1528891591



##### 03.aci.py (2018-06-13-08:06:33) ##################
Azure ML Core SDK Version: 0.1.0.1027341
Found config.json in: /data/git/hai/e2e_test/aml_config/config.json
Workspace details:
aml-notebooks haieastus2ws3 eastus2
/tmp/e2e-test/03 already exists, remove it.
/tmp/e2e-test/03
e2e-03
copy train-sklearn.py to the project folder.

##################################################
ACI run...
##################################################

Create a run config object for ACI
base image is continuumio/miniconda3:4.4.10
submitting run...
https://mlworkspace.azureml-test.net/home/%2Fsubscriptions%2Ffac34303-435d-4486-8c3f-7094d82a0b60%2FresourceGroups%2Faml-notebooks%2Fproviders%2FMicrosoft.MachineLearningServices%2Fworkspaces%2Fhaieastus2ws3/projects/e2e-03/run-history/run-details/e2e-03_1528891596278
RunId: e2e-03_1528891596278

Streaming azureml-logs/20_ice_log.txt
=====================================


Streaming azureml-logs/60_control_log.txt
=========================================

Uploading experiment status to history service.
Adding run profile attachment azureml-logs/80_driver_log.txt

Streaming azureml-logs/80_driver_log.txt
========================================

alpha is 0.00, and mse is 3424.32
alpha is 0.05, and mse is 3408.92
alpha is 0.10, and mse is 3372.65
alpha is 0.15, and mse is 3345.15
alpha is 0.20, and mse is 3325.29
alpha is 0.25, and mse is 3311.56
alpha is 0.30, and mse is 3302.67
alpha is 0.35, and mse is 3297.66
alpha is 0.40, and mse is 3295.74
alpha is 0.45, and mse is 3296.32
alpha is 0.50, and mse is 3298.91
alpha is 0.55, and mse is 3303.14
alpha is 0.60, and mse is 3308.70
alpha is 0.65, and mse is 3315.36
alpha is 0.70, and mse is 3322.90
alpha is 0.75, and mse is 3331.17
alpha is 0.80, and mse is 3340.02
alpha is 0.85, and mse is 3349.36
alpha is 0.90, and mse is 3359.09
alpha is 0.95, and mse is 3369.13
The experiment completed successfully. Starting post-processing steps.

Execution Summary
=================
RunId: e2e-03_1528891596278

When alpha is 0.40, we have min MSE 3295.74.


##### 04.dsvm (2018-06-13-08:12:31) ####################
Azure ML Core SDK Version: 0.1.0.1027341
Found config.json in: /data/git/hai/e2e_test/aml_config/config.json
Workspace details:
aml-notebooks haieastus2ws3 eastus2
/tmp/e2e-test/04 already exists, remove it.
/tmp/e2e-test/04
e2e-04
copy train-sklearn.py to the project folder.

##################################################
Bare VM run
##################################################

Load the cpu-dsvm config from aml_config directory...
submit run...
https://mlworkspace.azureml-test.net/home/%2Fsubscriptions%2Ffac34303-435d-4486-8c3f-7094d82a0b60%2FresourceGroups%2Faml-notebooks%2Fproviders%2FMicrosoft.MachineLearningServices%2Fworkspaces%2Fhaieastus2ws3/projects/e2e-04/run-history/run-details/e2e-04_1528891954974
RunId: e2e-04_1528891954974

Streaming azureml-logs/60_control_log.txt
=========================================

Uploading experiment status to history service.
Adding run profile attachment azureml-logs/60_control_log.txt
Running: ['/anaconda/envs/myenv/bin/python', 'azureml-setup/run_script.py', '/anaconda/envs/myenv/bin/python', 'azureml-setup/context_manager_injector.py', '-i', 'OutputCollection:context_managers.RunHistory', 'train-sklearn.py']
Logging experiment running status in history service.
Uploading experiment status to history service.
Adding run profile attachment azureml-logs/80_driver_log.txt

Streaming azureml-logs/80_driver_log.txt
========================================

alpha is 0.00, and mse is 3424.32
alpha is 0.05, and mse is 3408.92
alpha is 0.10, and mse is 3372.65
alpha is 0.15, and mse is 3345.15
alpha is 0.20, and mse is 3325.29
alpha is 0.25, and mse is 3311.56
alpha is 0.30, and mse is 3302.67
alpha is 0.35, and mse is 3297.66
alpha is 0.40, and mse is 3295.74
alpha is 0.45, and mse is 3296.32
alpha is 0.50, and mse is 3298.91
alpha is 0.55, and mse is 3303.14
alpha is 0.60, and mse is 3308.70
alpha is 0.65, and mse is 3315.36
alpha is 0.70, and mse is 3322.90
alpha is 0.75, and mse is 3331.17
alpha is 0.80, and mse is 3340.02
alpha is 0.85, and mse is 3349.36
alpha is 0.90, and mse is 3359.09
alpha is 0.95, and mse is 3369.13
The experiment completed successfully. Starting post-processing steps.

Execution Summary
=================
RunId: e2e-04_1528891954974


##################################################
DSVM Docker run...
##################################################

Load cpu-dsvm run config and make it to use Docker.
Base Docker image is: continuumio/miniconda3:4.4.10
submitting run...
https://mlworkspace.azureml-test.net/home/%2Fsubscriptions%2Ffac34303-435d-4486-8c3f-7094d82a0b60%2FresourceGroups%2Faml-notebooks%2Fproviders%2FMicrosoft.MachineLearningServices%2Fworkspaces%2Fhaieastus2ws3/projects/e2e-04/run-history/run-details/e2e-04_1528891976478
RunId: e2e-04_1528891976478

Streaming azureml-logs/80_driver_log.txt
========================================

alpha is 0.00, and mse is 3424.32
alpha is 0.05, and mse is 3408.92
alpha is 0.10, and mse is 3372.65
alpha is 0.15, and mse is 3345.15
alpha is 0.20, and mse is 3325.29
alpha is 0.25, and mse is 3311.56
alpha is 0.30, and mse is 3302.67
alpha is 0.35, and mse is 3297.66
alpha is 0.40, and mse is 3295.74
alpha is 0.45, and mse is 3296.32
alpha is 0.50, and mse is 3298.91
alpha is 0.55, and mse is 3303.14
alpha is 0.60, and mse is 3308.70
alpha is 0.65, and mse is 3315.36
alpha is 0.70, and mse is 3322.90
alpha is 0.75, and mse is 3331.17
alpha is 0.80, and mse is 3340.02
alpha is 0.85, and mse is 3349.36
alpha is 0.90, and mse is 3359.09
alpha is 0.95, and mse is 3369.13
The experiment completed successfully. Starting post-processing steps.

Execution Summary
=================
RunId: e2e-04_1528891976478

load cpu-dsvm run config and make it use a custom Docker image.
base image: ninghai/azureml:0.3

##################################################
submitting train-sklearn.py for a Custom Docker run on VM...
##################################################

https://mlworkspace.azureml-test.net/home/%2Fsubscriptions%2Ffac34303-435d-4486-8c3f-7094d82a0b60%2FresourceGroups%2Faml-notebooks%2Fproviders%2FMicrosoft.MachineLearningServices%2Fworkspaces%2Fhaieastus2ws3/projects/e2e-04/run-history/run-details/e2e-04_1528891998484
RunId: e2e-04_1528891998484

Streaming azureml-logs/60_control_log.txt
=========================================

Uploading experiment status to history service.
Adding run profile attachment azureml-logs/60_control_log.txt
Logging experiment running status in history service.
Running: ['sudo', 'docker', 'run', '--name', 'e2e-04_1528891998484', '--rm', '-v', '/tmp/azureml_runs/e2e-04_1528891998484:/azureml-run', '-e', 'AZUREML_DOCKERFILE_PATH=azureml-setup/Dockerfile', '-e', 'AZUREML_CONDA_ENVIRONMENT_EXISTENCE_INDICATOR=$HOME/.azureml/locks/azureml_527bb86fe3e626452ec693e8613fd2bf', '-e', 'AZUREML_CONDA_ENVIRONMENT_PATH=/azureml-envs/azureml_527bb86fe3e626452ec693e8613fd2bf', '-e', 'AZUREML_CONDA_LOCK_PATH=$HOME/.azureml/locks/azureml_conda_lock', '-e', 'EXAMPLE_ENV_VAR=EXAMPLE_VALUE', '-e', 'AZUREML_CONTEXT_MANAGER_OUTPUTCOLLECTION=null', '-e', 'AZUREML_RUN_TOKEN_EXPIRY=1529496798', '-e', 'AZUREML_RUN_TOKEN=eyJhbGciOiJSUzI1NiIsImtpZCI6IjMwQTk2ODc3NzgyNDgwMEFFQTc3RTFGMzZBMzM0NTU4OUI0N0VDREIiLCJ0eXAiOiJKV1QifQ.eyJydW5pZCI6ImUyZS0wNF8xNTI4ODkxOTk4NDg0Iiwicm9sZSI6IkNvbnRyaWJ1dG9yIiwic2NvcGUiOiIvc3Vic2NyaXB0aW9ucy9mYWMzNDMwMy00MzVkLTQ0ODYtOGMzZi03MDk0ZDgyYTBiNjAvcmVzb3VyY2VHcm91cHMvYW1sLW5vdGVib29rcy9wcm92aWRlcnMvTWljcm9zb2Z0Lk1hY2hpbmVMZWFybmluZ1NlcnZpY2VzL3dvcmtzcGFjZXMvaGFpZWFzdHVzMndzMyIsImFjY291bnRpZCI6IjViM2RmZjkxLWEwM2ItNDcyZC1iZjVmLTdhNTU3Mjk5ZmEwZSIsIndvcmtzcGFjZUlkIjoiNWIzZGZmOTEtYTAzYi00NzJkLWJmNWYtN2E1NTcyOTlmYTBlIiwicHJvamVjdGlkIjoiOGMxOTI2ZTktOWUwYy00MzFmLTg4MTMtOTE0ZmY4NWYzMGYxIiwiZGlzY292ZXJ5IjoiaHR0cHM6Ly9lYXN0dXMyLmV4cGVyaW1lbnRzLmF6dXJlbWwubmV0L2Rpc2NvdmVyeSIsInRpZCI6IjcyZjk4OGJmLTg2ZjEtNDFhZi05MWFiLTJkN2NkMDExZGI0NyIsIm9pZCI6ImZiN2QyYmJmLTJjNTQtNDZkNy04Nzc1LTdlMzE4NjQ0ZGQ2YiIsImV4cCI6MTUyOTQ5Njc5OCwiaXNzIjoiYXp1cmVtbCIsImF1ZCI6ImF6dXJlbWwifQ.LWQoN35X_gCeqX7DCrXN20WkCO1r_ncMltSDDGKkEHrQVVm9Q65148i3st6Bk3doGeyHI2hbY87H3gnZwTeZ0aMluOv_Lgow4wL_eKXBNljzuSlvpqOeUZtxyIdcdfaq0GLRF_EW5Z4szpShPrRnMLUyA-lhKKn66TZey3iOnQur7HoQWDU4Q1FBZHgvNX1qJqbTvd1I_u2v7KN-2jjCIxjs4FfKotwWcUQox5uICcu-kp5-giN402O2DS9LcJyykwMwz6-XKSaw1kWO8rEnqSV9iMIHBoAqMv1AgdHnZMuxpHbU4Hh9j6fdPfn_1tRq9RdY_S6d97UK3wbgVyxICg', '-e', 'PYTHONUNBUFFERED=True', '-e', 'AZUREML_ARM_PROJECT_NAME=e2e-04', '-e', 'AZUREML_ARM_WORKSPACE_NAME=haieastus2ws3', '-e', 'AZUREML_ARM_SUBSCRIPTION=fac34303-435d-4486-8c3f-7094d82a0b60', '-e', 'AZUREML_ARM_RESOURCEGROUP=aml-notebooks', '-e', 'AZUREML_ARM_SCOPE=/subscriptions/fac34303-435d-4486-8c3f-7094d82a0b60/resourceGroups/aml-notebooks/providers/Microsoft.MachineLearningServices/workspaces/haieastus2ws3/projects/e2e-04', '-e', 'AZUREML_DISCOVERY_SERVICE_ENDPOINT=https://eastus2.experiments.azureml.net/discovery', '-e', 'AZUREML_SERVICE_ENDPOINT=https://eastus2.experiments.azureml.net', '-e', 'AZUREML_RUN_CONFIGURATION=azureml-setup/mutated_run_configuration.yml', '-e', 'AZUREML_INSTRUMENTATION_KEY=c684677d-b3a0-4709-a00e-78e5b31cfafa', '-e', 'AZUREML_DRIVERLOG_PATH=azureml-logs/driver_log.txt', '-e', 'AZUREML_CONTROLLOG_PATH=azureml-logs/control_log.txt', '-e', 'AZUREML_LOGDIRECTORY_PATH=azureml-logs/', '-e', 'AZUREML_COMPLETEFILE_PATH=azureml-setup/complete', '-e', 'AZUREML_PIDFILE_PATH=azureml-setup/pid.txt', '-e', 'AZUREML_RUN_ID=e2e-04_1528891998484', 'azureml/azureml_5707273e4d4f8da6a3c3c494ed4d7d30', '/bin/bash', '-c', '"python" "azureml-setup/run_script.py" "python" "azureml-setup/context_manager_injector.py" "-i" "OutputCollection:context_managers.RunHistory" "train-sklearn.py"']
Uploading experiment status to history service.
Adding run profile attachment azureml-logs/80_driver_log.txt

Streaming azureml-logs/80_driver_log.txt
========================================

alpha is 0.00, and mse is 3424.32
alpha is 0.05, and mse is 3408.92
alpha is 0.10, and mse is 3372.65
alpha is 0.15, and mse is 3345.15
alpha is 0.20, and mse is 3325.29
alpha is 0.25, and mse is 3311.56
alpha is 0.30, and mse is 3302.67
alpha is 0.35, and mse is 3297.66
alpha is 0.40, and mse is 3295.74
alpha is 0.45, and mse is 3296.32
alpha is 0.50, and mse is 3298.91
alpha is 0.55, and mse is 3303.14
alpha is 0.60, and mse is 3308.70
alpha is 0.65, and mse is 3315.36
alpha is 0.70, and mse is 3322.90
alpha is 0.75, and mse is 3331.17
alpha is 0.80, and mse is 3340.02
alpha is 0.85, and mse is 3349.36
alpha is 0.90, and mse is 3359.09
alpha is 0.95, and mse is 3369.13
The experiment completed successfully. Starting post-processing steps.

Execution Summary
=================
RunId: e2e-04_1528891998484

When alpha is 0.40, we have min MSE 3295.74.


##### 05.spark (2018-06-13-08:13:49) ###################
Azure ML Core SDK Version: 0.1.0.1027341
Found config.json in: /data/git/hai/e2e_test/aml_config/config.json
Workspace details:
aml-notebooks haieastus2ws3 eastus2
/tmp/e2e-test/05 already exists, remove it.
/tmp/e2e-test/05
e2e-05
copy train-spark.py and iris.csv to the project folder.
create an ACI run config.
base image is microsoft/mmlspark:0.12

##################################################
submitting train-spark.py for a Spark run on ACI...
##################################################

https://mlworkspace.azureml-test.net/home/%2Fsubscriptions%2Ffac34303-435d-4486-8c3f-7094d82a0b60%2FresourceGroups%2Faml-notebooks%2Fproviders%2FMicrosoft.MachineLearningServices%2Fworkspaces%2Fhaieastus2ws3/projects/e2e-05/run-history/run-details/e2e-05_1528892032528
RunId: e2e-05_1528892032528

Streaming azureml-logs/20_ice_log.txt
=====================================


Streaming azureml-logs/60_control_log.txt
=========================================

Uploading experiment status to history service.
Adding run profile attachment azureml-logs/80_driver_log.txt

Streaming azureml-logs/80_driver_log.txt
========================================

Using Spark's default log4j profile: org/apache/spark/log4j-defaults.properties
Setting default log level to "WARN".
To adjust logging level use sc.setLogLevel(newLevel). For SparkR, use setLogLevel(newLevel).
18/06/13 12:19:07 WARN NativeCodeLoader: Unable to load native-hadoop library for your platform... using builtin-java classes where applicable
****************
Python version: 3.6.2 |Anaconda, Inc.| (default, Oct  5 2017, 07:59:26) 
[GCC 7.2.0]
Spark version: 2.2.1
****************
First 10 rows of Iris dataset:
+------------+-----------+------------+-----------+-----------+
|sepal-length|sepal-width|petal-length|petal-width|      class|
+------------+-----------+------------+-----------+-----------+
|         5.1|        3.5|         1.4|        0.2|Iris-setosa|
|         4.9|        3.0|         1.4|        0.2|Iris-setosa|
|         4.7|        3.2|         1.3|        0.2|Iris-setosa|
|         4.6|        3.1|         1.5|        0.2|Iris-setosa|
|         5.0|        3.6|         1.4|        0.2|Iris-setosa|
|         5.4|        3.9|         1.7|        0.4|Iris-setosa|
|         4.6|        3.4|         1.4|        0.3|Iris-setosa|
|         5.0|        3.4|         1.5|        0.2|Iris-setosa|
|         4.4|        2.9|         1.4|        0.2|Iris-setosa|
|         4.9|        3.1|         1.5|        0.1|Iris-setosa|
+------------+-----------+------------+-----------+-----------+
only showing top 10 rows

Load featurized dataset for machine learning...
+-----------------+-----+
|         features|label|
+-----------------+-----+
|[5.1,3.5,1.4,0.2]|  0.0|
|[4.9,3.0,1.4,0.2]|  0.0|
|[4.7,3.2,1.3,0.2]|  0.0|
|[4.6,3.1,1.5,0.2]|  0.0|
|[5.0,3.6,1.4,0.2]|  0.0|
|[5.4,3.9,1.7,0.4]|  0.0|
|[4.6,3.4,1.4,0.3]|  0.0|
|[5.0,3.4,1.5,0.2]|  0.0|
|[4.4,2.9,1.4,0.2]|  0.0|
|[4.9,3.1,1.5,0.1]|  0.0|
+-----------------+-----+
only showing top 10 rows

18/06/13 12:19:25 WARN BLAS: Failed to load implementation from: com.github.fommil.netlib.NativeSystemBLAS
18/06/13 12:19:25 WARN BLAS: Failed to load implementation from: com.github.fommil.netlib.NativeRefBLAS
Prediction
+-----------------+-----+--------------------+--------------------+----------+
|         features|label|       rawPrediction|         probability|prediction|
+-----------------+-----+--------------------+--------------------+----------+
|[4.4,3.0,1.3,0.2]|  0.0|[5.41672526683411...|[0.96428826324149...|       0.0|
|[4.5,2.3,1.3,0.3]|  0.0|[3.28216461293123...|[0.60363355684281...|       0.0|
|[4.6,3.4,1.4,0.3]|  0.0|[5.94957292565874...|[0.98567362903690...|       0.0|
|[4.7,3.2,1.3,0.2]|  0.0|[5.59763649866063...|[0.96967255873766...|       0.0|
|[4.7,3.2,1.6,0.2]|  0.0|[5.32299774094049...|[0.96269604899335...|       0.0|
|[4.8,3.4,1.9,0.2]|  0.0|[5.45687573637010...|[0.97304684015225...|       0.0|
|[4.9,3.1,1.5,0.1]|  0.0|[5.11841831018644...|[0.93487214136809...|       0.0|
|[5.0,2.0,3.5,1.0]|  1.0|[-1.4328231820186...|[0.01988995848733...|       1.0|
|[5.0,3.2,1.2,0.2]|  0.0|[5.34777446924916...|[0.95096144871766...|       0.0|
|[5.0,3.3,1.4,0.2]|  0.0|[5.42584172100808...|[0.96054167852827...|       0.0|
+-----------------+-----+--------------------+--------------------+----------+
only showing top 10 rows


#####################################
Regularization rate is 0.01
Accuracy is 1.0
#####################################

The experiment completed successfully. Starting post-processing steps.

Execution Summary
=================
RunId: e2e-05_1528892032528

attach a VM target:
Load the cpu-dsvm config and make it run Spark:
base image is: microsoft/mmlspark:0.12

##################################################
submitting train-spark.py for a Spark run on Docker in VM...
##################################################

https://mlworkspace.azureml-test.net/home/%2Fsubscriptions%2Ffac34303-435d-4486-8c3f-7094d82a0b60%2FresourceGroups%2Faml-notebooks%2Fproviders%2FMicrosoft.MachineLearningServices%2Fworkspaces%2Fhaieastus2ws3/projects/e2e-05/run-history/run-details/e2e-05_1528892514842
RunId: e2e-05_1528892514842

Streaming azureml-logs/80_driver_log.txt
========================================

https://mmlspark.azureedge.net/maven added as a remote repository with the name: repo-1
https://azuremldownloads.blob.core.windows.net/repo5qh91kdjs6 added as a remote repository with the name: repo-2
Ivy Default Cache set to: /root/.ivy2/cache
The jars for the packages stored in: /root/.ivy2/jars
:: loading settings :: url = jar:file:/home/mmlspark/lib/spark/jars/ivy-2.4.0.jar!/org/apache/ivy/core/settings/ivysettings.xml
com.microsoft.ml.spark#mmlspark_2.11 added as a dependency
com.microsoft#dprep_2.11 added as a dependency
com.microsoft.sqlserver#mssql-jdbc added as a dependency
:: resolving dependencies :: org.apache.spark#spark-submit-parent;1.0
	confs: [default]
	found com.microsoft.ml.spark#mmlspark_2.11;0.12 in repo-1
	found io.spray#spray-json_2.11;1.3.2 in central
	found com.microsoft.cntk#cntk;2.4 in central
	found org.openpnp#opencv;3.2.0-1 in central
	found com.microsoft.ml.lightgbm#lightgbmlib;2.0.120 in central
	found com.microsoft#dprep_2.11;0.18.0 in repo-2
	found com.microsoft.programSynthesis#tText;4.1.0-preview2018010901 in repo-2
	found com.microsoft.programSynthesis#dsl;4.1.0-preview2018010901 in repo-2
	found com.microsoft.programSynthesis#sText;4.1.0-preview2018010901 in repo-2
	found com.microsoft.sqlserver#mssql-jdbc;6.2.1.jre8 in central
:: resolution report :: resolve 626ms :: artifacts dl 28ms
	:: modules in use:
	com.microsoft#dprep_2.11;0.18.0 from repo-2 in [default]
	com.microsoft.cntk#cntk;2.4 from central in [default]
	com.microsoft.ml.lightgbm#lightgbmlib;2.0.120 from central in [default]
	com.microsoft.ml.spark#mmlspark_2.11;0.12 from repo-1 in [default]
	com.microsoft.programSynthesis#dsl;4.1.0-preview2018010901 from repo-2 in [default]
	com.microsoft.programSynthesis#sText;4.1.0-preview2018010901 from repo-2 in [default]
	com.microsoft.programSynthesis#tText;4.1.0-preview2018010901 from repo-2 in [default]
	com.microsoft.sqlserver#mssql-jdbc;6.2.1.jre8 from central in [default]
	io.spray#spray-json_2.11;1.3.2 from central in [default]
	org.openpnp#opencv;3.2.0-1 from central in [default]
	---------------------------------------------------------------------
	|                  |            modules            ||   artifacts   |
	|       conf       | number| search|dwnlded|evicted|| number|dwnlded|
	---------------------------------------------------------------------
	|      default     |   10  |   0   |   0   |   0   ||   10  |   0   |
	---------------------------------------------------------------------
:: retrieving :: org.apache.spark#spark-submit-parent
	confs: [default]
	0 artifacts copied, 10 already retrieved (0kB/20ms)
****************
Python version: 3.6.2 |Anaconda, Inc.| (default, Oct  5 2017, 07:59:26) 
[GCC 7.2.0]
Spark version: 2.2.1
****************
First 10 rows of Iris dataset:
+------------+-----------+------------+-----------+-----------+
|sepal-length|sepal-width|petal-length|petal-width|      class|
+------------+-----------+------------+-----------+-----------+
|         5.1|        3.5|         1.4|        0.2|Iris-setosa|
|         4.9|        3.0|         1.4|        0.2|Iris-setosa|
|         4.7|        3.2|         1.3|        0.2|Iris-setosa|
|         4.6|        3.1|         1.5|        0.2|Iris-setosa|
|         5.0|        3.6|         1.4|        0.2|Iris-setosa|
|         5.4|        3.9|         1.7|        0.4|Iris-setosa|
|         4.6|        3.4|         1.4|        0.3|Iris-setosa|
|         5.0|        3.4|         1.5|        0.2|Iris-setosa|
|         4.4|        2.9|         1.4|        0.2|Iris-setosa|
|         4.9|        3.1|         1.5|        0.1|Iris-setosa|
+------------+-----------+------------+-----------+-----------+
only showing top 10 rows

Load featurized dataset for machine learning...
+-----------------+-----+
|         features|label|
+-----------------+-----+
|[5.1,3.5,1.4,0.2]|  0.0|
|[4.9,3.0,1.4,0.2]|  0.0|
|[4.7,3.2,1.3,0.2]|  0.0|
|[4.6,3.1,1.5,0.2]|  0.0|
|[5.0,3.6,1.4,0.2]|  0.0|
|[5.4,3.9,1.7,0.4]|  0.0|
|[4.6,3.4,1.4,0.3]|  0.0|
|[5.0,3.4,1.5,0.2]|  0.0|
|[4.4,2.9,1.4,0.2]|  0.0|
|[4.9,3.1,1.5,0.1]|  0.0|
+-----------------+-----+
only showing top 10 rows

Prediction
+-----------------+-----+--------------------+--------------------+----------+
|         features|label|       rawPrediction|         probability|prediction|
+-----------------+-----+--------------------+--------------------+----------+
|[4.5,2.3,1.3,0.3]|  0.0|[3.19407502193631...|[0.52407093226260...|       0.0|
|[4.6,3.1,1.5,0.2]|  0.0|[5.25191335645443...|[0.96161506232837...|       0.0|
|[4.7,3.2,1.6,0.2]|  0.0|[5.31557350211765...|[0.96742462519539...|       0.0|
|[4.9,2.5,4.5,1.7]|  2.0|[-2.1954037552658...|[0.01779786039249...|       1.0|
|[4.9,3.1,1.5,0.1]|  0.0|[5.08501029077579...|[0.94258576497803...|       0.0|
|[5.0,2.0,3.5,1.0]|  1.0|[-1.4481877626724...|[0.01290943992607...|       1.0|
|[5.4,3.0,4.5,1.5]|  1.0|[-1.0628597572856...|[0.08236917988375...|       1.0|
|[5.5,2.6,4.4,1.2]|  1.0|[-1.5901508747813...|[0.02550419906036...|       1.0|
|[5.6,2.5,3.9,1.1]|  1.0|[-1.3607187167090...|[0.02355636384353...|       1.0|
|[5.6,3.0,4.5,1.5]|  1.0|[-1.3041461527609...|[0.05903676044938...|       1.0|
+-----------------+-----+--------------------+--------------------+----------+
only showing top 10 rows


#####################################
Regularization rate is 0.01
Accuracy is 0.90625
#####################################

The experiment completed successfully. Starting post-processing steps.

Execution Summary
=================
RunId: e2e-05_1528892514842

attach HDI
Load HDI run config.

##################################################
submitting train-spark.py for a HDI run...
##################################################

https://mlworkspace.azureml-test.net/home/%2Fsubscriptions%2Ffac34303-435d-4486-8c3f-7094d82a0b60%2FresourceGroups%2Faml-notebooks%2Fproviders%2FMicrosoft.MachineLearningServices%2Fworkspaces%2Fhaieastus2ws3/projects/e2e-05/run-history/run-details/e2e-05_1528892549389
RunId: e2e-05_1528892549389

Streaming azureml-logs/60_control_log.txt
=========================================

Uploading experiment status to history service.
Adding run profile attachment azureml-logs/60_control_log.txt
  adding: iris.csv (deflated 82%)
  adding: azureml-logs/ (stored 0%)
  adding: azureml-logs/control_log.txt (deflated 25%)
  adding: train-spark.py (deflated 62%)
  adding: .amlignore (deflated 25%)
  adding: azureml-setup/ (stored 0%)
  adding: azureml-setup/interrupt_sender.py (deflated 57%)
  adding: azureml-setup/killable_subprocess.pyc (deflated 55%)
  adding: azureml-setup/conda_manager.pyc (deflated 50%)
  adding: azureml-setup/log4j.properties (deflated 56%)
  adding: azureml-setup/log_history_status.pyc (deflated 62%)
  adding: azureml-setup/spark_cache.py (deflated 20%)
  adding: azureml-setup/context_managers.py (deflated 64%)
  adding: azureml-setup/run_script.py (deflated 67%)
  adding: azureml-setup/conda_lock.pyc (deflated 52%)
  adding: azureml-setup/conda_manager.py (deflated 69%)
  adding: azureml-setup/context_manager_injector.py (deflated 59%)
  adding: azureml-setup/interrupt_sender.pyc (deflated 48%)
  adding: azureml-setup/mutated_run_configuration.yml (deflated 46%)
  adding: azureml-setup/conda_lock.py (deflated 54%)
  adding: azureml-setup/hdi_utilities.py (deflated 49%)
  adding: azureml-setup/project_fetcher.pyc (deflated 51%)
  adding: azureml-setup/hdi_utilities.pyc (deflated 47%)
  adding: azureml-setup/execution_timer.py (deflated 68%)
  adding: azureml-setup/execution_timer.pyc (deflated 63%)
  adding: azureml-setup/project_fetcher.py (deflated 62%)
  adding: azureml-setup/upload_artifacts.pyc (deflated 44%)
  adding: azureml-setup/hdi_control_script.py (deflated 64%)
  adding: azureml-setup/mutated_conda_dependencies.yml (deflated 28%)
  adding: azureml-setup/pid.txt (stored 0%)
  adding: azureml-setup/log_history_status.py (deflated 67%)
  adding: azureml-setup/killable_subprocess.py (deflated 68%)
  adding: azureml-setup/99brokenproxy (deflated 26%)
  adding: azureml-setup/prepare_environment.py (deflated 36%)
  adding: azureml-setup/upload_artifacts.py (deflated 60%)
  adding: azureml-setup/hdi_context_manager.py (deflated 56%)
  adding: aml_config/ (stored 0%)
  adding: aml_config/cpu-dsvm.runconfig (deflated 55%)
  adding: aml_config/myhdi.compute (deflated 12%)
  adding: aml_config/local.runconfig (deflated 56%)
  adding: aml_config/cpu-dsvm.compute (deflated 14%)
  adding: aml_config/myhdi.runconfig (deflated 55%)
  adding: aml_config/conda_dependencies.yml (deflated 49%)
  adding: aml_config/project.json (deflated 19%)
  adding: aml_config/docker.runconfig (deflated 56%)
  adding: assets/ (stored 0%)

Streaming azureml-logs/80_driver_log.txt
========================================

Ivy Default Cache set to: /home/ninghai/.ivy2/cache
The jars for the packages stored in: /home/ninghai/.ivy2/jars
https://mmlspark.azureedge.net/maven added as a remote repository with the name: repo-1
https://azuremldownloads.blob.core.windows.net/repo5qh91kdjs6 added as a remote repository with the name: repo-2
:: loading settings :: url = jar:file:/usr/hdp/2.6.0.2-76/spark2/jars/ivy-2.4.0.jar!/org/apache/ivy/core/settings/ivysettings.xml
com.microsoft.ml.spark#mmlspark_2.11 added as a dependency
com.microsoft#dprep_2.11 added as a dependency
com.microsoft.sqlserver#mssql-jdbc added as a dependency
:: resolving dependencies :: org.apache.spark#spark-submit-parent;1.0
	confs: [default]
	found com.microsoft.ml.spark#mmlspark_2.11;0.12 in repo-1
	found io.spray#spray-json_2.11;1.3.2 in central
	found com.microsoft.cntk#cntk;2.4 in central
	found org.openpnp#opencv;3.2.0-1 in central
	found com.microsoft.ml.lightgbm#lightgbmlib;2.0.120 in central
	found com.microsoft#dprep_2.11;0.18.0 in repo-2
	found com.microsoft.programSynthesis#tText;4.1.0-preview2018010901 in repo-2
	found com.microsoft.programSynthesis#dsl;4.1.0-preview2018010901 in repo-2
	found com.microsoft.programSynthesis#sText;4.1.0-preview2018010901 in repo-2
	found com.microsoft.sqlserver#mssql-jdbc;6.2.1.jre8 in central
:: resolution report :: resolve 526ms :: artifacts dl 13ms
	:: modules in use:
	com.microsoft#dprep_2.11;0.18.0 from repo-2 in [default]
	com.microsoft.cntk#cntk;2.4 from central in [default]
	com.microsoft.ml.lightgbm#lightgbmlib;2.0.120 from central in [default]
	com.microsoft.ml.spark#mmlspark_2.11;0.12 from repo-1 in [default]
	com.microsoft.programSynthesis#dsl;4.1.0-preview2018010901 from repo-2 in [default]
	com.microsoft.programSynthesis#sText;4.1.0-preview2018010901 from repo-2 in [default]
	com.microsoft.programSynthesis#tText;4.1.0-preview2018010901 from repo-2 in [default]
	com.microsoft.sqlserver#mssql-jdbc;6.2.1.jre8 from central in [default]
	io.spray#spray-json_2.11;1.3.2 from central in [default]
	org.openpnp#opencv;3.2.0-1 from central in [default]
	---------------------------------------------------------------------
	|                  |            modules            ||   artifacts   |
	|       conf       | number| search|dwnlded|evicted|| number|dwnlded|
	---------------------------------------------------------------------
	|      default     |   10  |   0   |   0   |   0   ||   10  |   0   |
	---------------------------------------------------------------------
:: retrieving :: org.apache.spark#spark-submit-parent
	confs: [default]
	0 artifacts copied, 10 already retrieved (0kB/12ms)
18/06/13 12:22:47 WARN NativeCodeLoader: Unable to load native-hadoop library for your platform... using builtin-java classes where applicable
18/06/13 12:22:48 INFO MetricsConfig: loaded properties from hadoop-metrics2-azure-file-system.properties
18/06/13 12:22:48 INFO WasbAzureIaasSink: Init starting.
18/06/13 12:22:48 INFO AzureIaasSink: Init starting. Initializing MdsLogger.
18/06/13 12:22:48 INFO AzureIaasSink: Init completed.
18/06/13 12:22:48 INFO WasbAzureIaasSink: Init completed.
18/06/13 12:22:48 INFO MetricsSinkAdapter: Sink azurefs2 started
18/06/13 12:22:48 INFO MetricsSystemImpl: Scheduled snapshot period at 60 second(s).
18/06/13 12:22:48 INFO MetricsSystemImpl: azure-file-system metrics system started
18/06/13 12:22:48 INFO RequestHedgingRMFailoverProxyProvider: Looking for the active RM in [rm1, rm2]...
18/06/13 12:22:48 INFO RequestHedgingRMFailoverProxyProvider: Found active RM [rm1]
18/06/13 12:22:48 INFO Client: Requesting a new application from cluster with 4 NodeManagers
18/06/13 12:22:48 INFO Client: Verifying our application has not requested more than the maximum memory capability of the cluster (51200 MB per container)
18/06/13 12:22:48 INFO Client: Will allocate AM container, with 1408 MB memory including 384 MB overhead
18/06/13 12:22:48 INFO Client: Setting up container launch context for our AM
18/06/13 12:22:48 INFO Client: Setting up the launch environment for our AM container
18/06/13 12:22:48 INFO Client: Preparing resources for our AM container
18/06/13 12:22:50 INFO Client: Uploading resource file:/home/ninghai/.ivy2/jars/com.microsoft.ml.spark_mmlspark_2.11-0.12.jar -> wasb://sparkhai@sparkstores2.blob.core.windows.net/user/ninghai/.sparkStaging/application_1527512542584_0209/com.microsoft.ml.spark_mmlspark_2.11-0.12.jar
18/06/13 12:22:50 INFO Client: Uploading resource file:/home/ninghai/.ivy2/jars/com.microsoft_dprep_2.11-0.18.0.jar -> wasb://sparkhai@sparkstores2.blob.core.windows.net/user/ninghai/.sparkStaging/application_1527512542584_0209/com.microsoft_dprep_2.11-0.18.0.jar
18/06/13 12:22:50 INFO Client: Uploading resource file:/home/ninghai/.ivy2/jars/com.microsoft.sqlserver_mssql-jdbc-6.2.1.jre8.jar -> wasb://sparkhai@sparkstores2.blob.core.windows.net/user/ninghai/.sparkStaging/application_1527512542584_0209/com.microsoft.sqlserver_mssql-jdbc-6.2.1.jre8.jar
18/06/13 12:22:51 INFO Client: Uploading resource file:/home/ninghai/.ivy2/jars/io.spray_spray-json_2.11-1.3.2.jar -> wasb://sparkhai@sparkstores2.blob.core.windows.net/user/ninghai/.sparkStaging/application_1527512542584_0209/io.spray_spray-json_2.11-1.3.2.jar
18/06/13 12:22:51 INFO Client: Uploading resource file:/home/ninghai/.ivy2/jars/com.microsoft.cntk_cntk-2.4.jar -> wasb://sparkhai@sparkstores2.blob.core.windows.net/user/ninghai/.sparkStaging/application_1527512542584_0209/com.microsoft.cntk_cntk-2.4.jar
18/06/13 12:22:52 INFO Client: Uploading resource file:/home/ninghai/.ivy2/jars/org.openpnp_opencv-3.2.0-1.jar -> wasb://sparkhai@sparkstores2.blob.core.windows.net/user/ninghai/.sparkStaging/application_1527512542584_0209/org.openpnp_opencv-3.2.0-1.jar
18/06/13 12:22:53 INFO Client: Uploading resource file:/home/ninghai/.ivy2/jars/com.microsoft.ml.lightgbm_lightgbmlib-2.0.120.jar -> wasb://sparkhai@sparkstores2.blob.core.windows.net/user/ninghai/.sparkStaging/application_1527512542584_0209/com.microsoft.ml.lightgbm_lightgbmlib-2.0.120.jar
18/06/13 12:22:53 INFO Client: Uploading resource file:/home/ninghai/.ivy2/jars/com.microsoft.programSynthesis_tText-4.1.0-preview2018010901.jar -> wasb://sparkhai@sparkstores2.blob.core.windows.net/user/ninghai/.sparkStaging/application_1527512542584_0209/com.microsoft.programSynthesis_tText-4.1.0-preview2018010901.jar
18/06/13 12:22:53 INFO Client: Uploading resource file:/home/ninghai/.ivy2/jars/com.microsoft.programSynthesis_sText-4.1.0-preview2018010901.jar -> wasb://sparkhai@sparkstores2.blob.core.windows.net/user/ninghai/.sparkStaging/application_1527512542584_0209/com.microsoft.programSynthesis_sText-4.1.0-preview2018010901.jar
18/06/13 12:22:53 INFO Client: Uploading resource file:/home/ninghai/.ivy2/jars/com.microsoft.programSynthesis_dsl-4.1.0-preview2018010901.jar -> wasb://sparkhai@sparkstores2.blob.core.windows.net/user/ninghai/.sparkStaging/application_1527512542584_0209/com.microsoft.programSynthesis_dsl-4.1.0-preview2018010901.jar
18/06/13 12:22:53 INFO Client: Uploading resource file:/tmp/azureml_runs/e2e-05_1528892549389/azureml-setup/context_manager_injector.py -> wasb://sparkhai@sparkstores2.blob.core.windows.net/user/ninghai/.sparkStaging/application_1527512542584_0209/context_manager_injector.py
18/06/13 12:22:53 INFO Client: Uploading resource file:/tmp/azureml_runs/e2e-05_1528892549389/azureml-setup/context_managers.py -> wasb://sparkhai@sparkstores2.blob.core.windows.net/user/ninghai/.sparkStaging/application_1527512542584_0209/context_managers.py
18/06/13 12:22:54 INFO Client: Uploading resource file:/tmp/azureml_runs/e2e-05_1528892549389/azureml-setup/hdi_context_manager.py -> wasb://sparkhai@sparkstores2.blob.core.windows.net/user/ninghai/.sparkStaging/application_1527512542584_0209/hdi_context_manager.py
18/06/13 12:22:54 INFO Client: Uploading resource file:/home/ninghai/.azureml/envs/azureml_6a453c57a1dbcf50c0b45c4aa1aba8f9.zip -> wasb://sparkhai@sparkstores2.blob.core.windows.net/user/ninghai/.sparkStaging/application_1527512542584_0209/azureml_6a453c57a1dbcf50c0b45c4aa1aba8f9.zip
18/06/13 12:22:55 INFO Client: Uploading resource file:/tmp/azureml_runs/e2e-05_1528892549389/code.zip -> wasb://sparkhai@sparkstores2.blob.core.windows.net/user/ninghai/.sparkStaging/application_1527512542584_0209/code.zip
18/06/13 12:22:56 WARN Client: Same name resource file:/tmp/azureml_runs/e2e-05_1528892549389/azureml-setup/context_manager_injector.py added multiple times to distributed cache
18/06/13 12:22:56 INFO Client: Uploading resource file:/usr/hdp/current/spark2-client/python/lib/pyspark.zip -> wasb://sparkhai@sparkstores2.blob.core.windows.net/user/ninghai/.sparkStaging/application_1527512542584_0209/pyspark.zip
18/06/13 12:22:56 INFO Client: Uploading resource file:/usr/hdp/current/spark2-client/python/lib/py4j-0.10.4-src.zip -> wasb://sparkhai@sparkstores2.blob.core.windows.net/user/ninghai/.sparkStaging/application_1527512542584_0209/py4j-0.10.4-src.zip
18/06/13 12:22:56 WARN Client: Same path resource file:/home/ninghai/.ivy2/jars/com.microsoft.ml.spark_mmlspark_2.11-0.12.jar added multiple times to distributed cache.
18/06/13 12:22:56 WARN Client: Same path resource file:/home/ninghai/.ivy2/jars/com.microsoft_dprep_2.11-0.18.0.jar added multiple times to distributed cache.
18/06/13 12:22:56 WARN Client: Same path resource file:/home/ninghai/.ivy2/jars/com.microsoft.sqlserver_mssql-jdbc-6.2.1.jre8.jar added multiple times to distributed cache.
18/06/13 12:22:56 WARN Client: Same path resource file:/home/ninghai/.ivy2/jars/io.spray_spray-json_2.11-1.3.2.jar added multiple times to distributed cache.
18/06/13 12:22:56 WARN Client: Same path resource file:/home/ninghai/.ivy2/jars/com.microsoft.cntk_cntk-2.4.jar added multiple times to distributed cache.
18/06/13 12:22:56 WARN Client: Same path resource file:/home/ninghai/.ivy2/jars/org.openpnp_opencv-3.2.0-1.jar added multiple times to distributed cache.
18/06/13 12:22:56 WARN Client: Same path resource file:/home/ninghai/.ivy2/jars/com.microsoft.ml.lightgbm_lightgbmlib-2.0.120.jar added multiple times to distributed cache.
18/06/13 12:22:56 WARN Client: Same path resource file:/home/ninghai/.ivy2/jars/com.microsoft.programSynthesis_tText-4.1.0-preview2018010901.jar added multiple times to distributed cache.
18/06/13 12:22:56 WARN Client: Same path resource file:/home/ninghai/.ivy2/jars/com.microsoft.programSynthesis_sText-4.1.0-preview2018010901.jar added multiple times to distributed cache.
18/06/13 12:22:56 WARN Client: Same path resource file:/home/ninghai/.ivy2/jars/com.microsoft.programSynthesis_dsl-4.1.0-preview2018010901.jar added multiple times to distributed cache.
18/06/13 12:22:56 INFO Client: Uploading resource file:/tmp/spark-96ffb451-deba-47b8-bcf3-48e240994a5f/__spark_conf__5651509719571092153.zip -> wasb://sparkhai@sparkstores2.blob.core.windows.net/user/ninghai/.sparkStaging/application_1527512542584_0209/__spark_conf__.zip
18/06/13 12:22:56 INFO SecurityManager: Changing view acls to: ninghai
18/06/13 12:22:56 INFO SecurityManager: Changing modify acls to: ninghai
18/06/13 12:22:56 INFO SecurityManager: Changing view acls groups to: 
18/06/13 12:22:56 INFO SecurityManager: Changing modify acls groups to: 
18/06/13 12:22:56 INFO SecurityManager: SecurityManager: authentication disabled; ui acls disabled; users  with view permissions: Set(ninghai); groups with view permissions: Set(); users  with modify permissions: Set(ninghai); groups with modify permissions: Set()
18/06/13 12:22:56 INFO Client: Submitting application application_1527512542584_0209 to ResourceManager
18/06/13 12:22:56 INFO YarnClientImpl: Submitted application application_1527512542584_0209
18/06/13 12:22:57 INFO Client: Application report for application_1527512542584_0209 (state: ACCEPTED)
18/06/13 12:22:57 INFO Client: 
	 client token: N/A
	 diagnostics: AM container is launched, waiting for AM container to Register with RM
	 ApplicationMaster host: N/A
	 ApplicationMaster RPC port: -1
	 queue: default
	 start time: 1528892576746
	 final status: UNDEFINED
	 tracking URL: http://hn0-sparkh.01gbvfzxeqquvorlqntixlipbb.jx.internal.cloudapp.net:8088/proxy/application_1527512542584_0209/
	 user: ninghai
18/06/13 12:22:58 INFO Client: Application report for application_1527512542584_0209 (state: ACCEPTED)
18/06/13 12:22:59 INFO Client: Application report for application_1527512542584_0209 (state: ACCEPTED)
18/06/13 12:23:00 INFO Client: Application report for application_1527512542584_0209 (state: ACCEPTED)
18/06/13 12:23:01 INFO Client: Application report for application_1527512542584_0209 (state: ACCEPTED)
18/06/13 12:23:03 INFO Client: Application report for application_1527512542584_0209 (state: ACCEPTED)
18/06/13 12:23:04 INFO Client: Application report for application_1527512542584_0209 (state: ACCEPTED)
18/06/13 12:23:05 INFO Client: Application report for application_1527512542584_0209 (state: ACCEPTED)
18/06/13 12:23:06 INFO Client: Application report for application_1527512542584_0209 (state: ACCEPTED)
18/06/13 12:23:07 INFO Client: Application report for application_1527512542584_0209 (state: ACCEPTED)
18/06/13 12:23:08 INFO Client: Application report for application_1527512542584_0209 (state: ACCEPTED)
18/06/13 12:23:09 INFO Client: Application report for application_1527512542584_0209 (state: ACCEPTED)
18/06/13 12:23:10 INFO Client: Application report for application_1527512542584_0209 (state: ACCEPTED)
18/06/13 12:23:11 INFO Client: Application report for application_1527512542584_0209 (state: ACCEPTED)
18/06/13 12:23:12 INFO Client: Application report for application_1527512542584_0209 (state: ACCEPTED)
18/06/13 12:23:13 INFO Client: Application report for application_1527512542584_0209 (state: ACCEPTED)
18/06/13 12:23:14 INFO Client: Application report for application_1527512542584_0209 (state: ACCEPTED)
18/06/13 12:23:15 INFO Client: Application report for application_1527512542584_0209 (state: ACCEPTED)
18/06/13 12:23:16 INFO Client: Application report for application_1527512542584_0209 (state: ACCEPTED)
18/06/13 12:23:17 INFO Client: Application report for application_1527512542584_0209 (state: ACCEPTED)
18/06/13 12:23:18 INFO Client: Application report for application_1527512542584_0209 (state: ACCEPTED)
18/06/13 12:23:19 INFO Client: Application report for application_1527512542584_0209 (state: ACCEPTED)
18/06/13 12:23:20 INFO Client: Application report for application_1527512542584_0209 (state: ACCEPTED)
18/06/13 12:23:21 INFO Client: Application report for application_1527512542584_0209 (state: ACCEPTED)
18/06/13 12:23:22 INFO Client: Application report for application_1527512542584_0209 (state: ACCEPTED)
18/06/13 12:23:23 INFO Client: Application report for application_1527512542584_0209 (state: ACCEPTED)
18/06/13 12:23:24 INFO Client: Application report for application_1527512542584_0209 (state: ACCEPTED)
18/06/13 12:23:25 INFO Client: Application report for application_1527512542584_0209 (state: ACCEPTED)
18/06/13 12:23:26 INFO Client: Application report for application_1527512542584_0209 (state: ACCEPTED)
18/06/13 12:23:27 INFO Client: Application report for application_1527512542584_0209 (state: ACCEPTED)
18/06/13 12:23:28 INFO Client: Application report for application_1527512542584_0209 (state: ACCEPTED)
18/06/13 12:23:29 INFO Client: Application report for application_1527512542584_0209 (state: ACCEPTED)
18/06/13 12:23:30 INFO Client: Application report for application_1527512542584_0209 (state: ACCEPTED)
18/06/13 12:23:31 INFO Client: Application report for application_1527512542584_0209 (state: ACCEPTED)
18/06/13 12:23:32 INFO Client: Application report for application_1527512542584_0209 (state: ACCEPTED)
18/06/13 12:23:33 INFO Client: Application report for application_1527512542584_0209 (state: ACCEPTED)
18/06/13 12:23:34 INFO Client: Application report for application_1527512542584_0209 (state: ACCEPTED)
18/06/13 12:23:35 INFO Client: Application report for application_1527512542584_0209 (state: ACCEPTED)
18/06/13 12:23:36 INFO Client: Application report for application_1527512542584_0209 (state: ACCEPTED)
18/06/13 12:23:37 INFO Client: Application report for application_1527512542584_0209 (state: RUNNING)
18/06/13 12:23:37 INFO Client: 
	 client token: N/A
	 diagnostics: N/A
	 ApplicationMaster host: 10.0.0.14
	 ApplicationMaster RPC port: 0
	 queue: default
	 start time: 1528892576746
	 final status: UNDEFINED
	 tracking URL: http://hn0-sparkh.01gbvfzxeqquvorlqntixlipbb.jx.internal.cloudapp.net:8088/proxy/application_1527512542584_0209/
	 user: ninghai
18/06/13 12:23:38 INFO Client: Application report for application_1527512542584_0209 (state: RUNNING)
18/06/13 12:23:39 INFO Client: Application report for application_1527512542584_0209 (state: RUNNING)
18/06/13 12:23:40 INFO Client: Application report for application_1527512542584_0209 (state: RUNNING)
18/06/13 12:23:41 INFO Client: Application report for application_1527512542584_0209 (state: RUNNING)
18/06/13 12:23:42 INFO Client: Application report for application_1527512542584_0209 (state: RUNNING)
18/06/13 12:23:43 INFO Client: Application report for application_1527512542584_0209 (state: RUNNING)
18/06/13 12:23:44 INFO Client: Application report for application_1527512542584_0209 (state: RUNNING)
18/06/13 12:23:45 INFO Client: Application report for application_1527512542584_0209 (state: RUNNING)
18/06/13 12:23:46 INFO Client: Application report for application_1527512542584_0209 (state: RUNNING)
18/06/13 12:23:47 INFO Client: Application report for application_1527512542584_0209 (state: RUNNING)
18/06/13 12:23:48 INFO Client: Application report for application_1527512542584_0209 (state: RUNNING)
18/06/13 12:23:49 INFO Client: Application report for application_1527512542584_0209 (state: RUNNING)
18/06/13 12:23:50 INFO Client: Application report for application_1527512542584_0209 (state: RUNNING)
18/06/13 12:23:51 INFO Client: Application report for application_1527512542584_0209 (state: RUNNING)
18/06/13 12:23:52 INFO Client: Application report for application_1527512542584_0209 (state: RUNNING)
18/06/13 12:23:53 INFO Client: Application report for application_1527512542584_0209 (state: RUNNING)
18/06/13 12:23:54 INFO Client: Application report for application_1527512542584_0209 (state: RUNNING)
18/06/13 12:23:55 INFO Client: Application report for application_1527512542584_0209 (state: RUNNING)
18/06/13 12:23:56 INFO Client: Application report for application_1527512542584_0209 (state: RUNNING)
18/06/13 12:23:57 INFO Client: Application report for application_1527512542584_0209 (state: RUNNING)
18/06/13 12:23:58 INFO Client: Application report for application_1527512542584_0209 (state: RUNNING)
18/06/13 12:23:59 INFO Client: Application report for application_1527512542584_0209 (state: RUNNING)
18/06/13 12:24:00 INFO Client: Application report for application_1527512542584_0209 (state: RUNNING)
18/06/13 12:24:01 INFO Client: Application report for application_1527512542584_0209 (state: RUNNING)
18/06/13 12:24:02 INFO Client: Application report for application_1527512542584_0209 (state: RUNNING)
18/06/13 12:24:03 INFO Client: Application report for application_1527512542584_0209 (state: RUNNING)
18/06/13 12:24:04 INFO Client: Application report for application_1527512542584_0209 (state: RUNNING)
18/06/13 12:24:05 INFO Client: Application report for application_1527512542584_0209 (state: RUNNING)
18/06/13 12:24:06 INFO Client: Application report for application_1527512542584_0209 (state: RUNNING)
18/06/13 12:24:07 INFO Client: Application report for application_1527512542584_0209 (state: RUNNING)
18/06/13 12:24:08 INFO Client: Application report for application_1527512542584_0209 (state: RUNNING)
18/06/13 12:24:09 INFO Client: Application report for application_1527512542584_0209 (state: RUNNING)
18/06/13 12:24:10 INFO Client: Application report for application_1527512542584_0209 (state: RUNNING)
18/06/13 12:24:11 INFO Client: Application report for application_1527512542584_0209 (state: RUNNING)
18/06/13 12:24:12 INFO Client: Application report for application_1527512542584_0209 (state: RUNNING)
18/06/13 12:24:13 INFO Client: Application report for application_1527512542584_0209 (state: RUNNING)
18/06/13 12:24:14 INFO Client: Application report for application_1527512542584_0209 (state: RUNNING)
18/06/13 12:24:15 INFO Client: Application report for application_1527512542584_0209 (state: RUNNING)
18/06/13 12:24:16 INFO Client: Application report for application_1527512542584_0209 (state: RUNNING)
18/06/13 12:24:17 INFO Client: Application report for application_1527512542584_0209 (state: RUNNING)
18/06/13 12:24:18 INFO Client: Application report for application_1527512542584_0209 (state: RUNNING)
18/06/13 12:24:19 INFO Client: Application report for application_1527512542584_0209 (state: RUNNING)
18/06/13 12:24:20 INFO Client: Application report for application_1527512542584_0209 (state: RUNNING)
18/06/13 12:24:21 INFO Client: Application report for application_1527512542584_0209 (state: RUNNING)
18/06/13 12:24:22 INFO Client: Application report for application_1527512542584_0209 (state: RUNNING)
18/06/13 12:24:23 INFO Client: Application report for application_1527512542584_0209 (state: RUNNING)
18/06/13 12:24:24 INFO Client: Application report for application_1527512542584_0209 (state: RUNNING)
18/06/13 12:24:25 INFO Client: Application report for application_1527512542584_0209 (state: RUNNING)
18/06/13 12:24:26 INFO Client: Application report for application_1527512542584_0209 (state: RUNNING)
18/06/13 12:24:27 INFO Client: Application report for application_1527512542584_0209 (state: RUNNING)
18/06/13 12:24:28 INFO Client: Application report for application_1527512542584_0209 (state: RUNNING)
18/06/13 12:24:29 INFO Client: Application report for application_1527512542584_0209 (state: RUNNING)
18/06/13 12:24:30 INFO Client: Application report for application_1527512542584_0209 (state: RUNNING)
18/06/13 12:24:31 INFO Client: Application report for application_1527512542584_0209 (state: RUNNING)
18/06/13 12:24:32 INFO Client: Application report for application_1527512542584_0209 (state: RUNNING)
18/06/13 12:24:33 INFO Client: Application report for application_1527512542584_0209 (state: RUNNING)
18/06/13 12:24:34 INFO Client: Application report for application_1527512542584_0209 (state: RUNNING)
18/06/13 12:24:35 INFO Client: Application report for application_1527512542584_0209 (state: RUNNING)
18/06/13 12:24:36 INFO Client: Application report for application_1527512542584_0209 (state: RUNNING)
18/06/13 12:24:37 INFO Client: Application report for application_1527512542584_0209 (state: RUNNING)
18/06/13 12:24:38 INFO Client: Application report for application_1527512542584_0209 (state: RUNNING)
18/06/13 12:24:39 INFO Client: Application report for application_1527512542584_0209 (state: RUNNING)
18/06/13 12:24:40 INFO Client: Application report for application_1527512542584_0209 (state: RUNNING)
18/06/13 12:24:41 INFO Client: Application report for application_1527512542584_0209 (state: RUNNING)
18/06/13 12:24:42 INFO Client: Application report for application_1527512542584_0209 (state: RUNNING)
18/06/13 12:24:43 INFO Client: Application report for application_1527512542584_0209 (state: RUNNING)
18/06/13 12:24:44 INFO Client: Application report for application_1527512542584_0209 (state: RUNNING)
18/06/13 12:24:45 INFO Client: Application report for application_1527512542584_0209 (state: RUNNING)
18/06/13 12:24:46 INFO Client: Application report for application_1527512542584_0209 (state: ACCEPTED)
18/06/13 12:24:46 INFO Client: 
	 client token: N/A
	 diagnostics: AM container is launched, waiting for AM container to Register with RM
	 ApplicationMaster host: N/A
	 ApplicationMaster RPC port: -1
	 queue: default
	 start time: 1528892576746
	 final status: UNDEFINED
	 tracking URL: http://hn0-sparkh.01gbvfzxeqquvorlqntixlipbb.jx.internal.cloudapp.net:8088/proxy/application_1527512542584_0209/
	 user: ninghai
18/06/13 12:24:47 INFO Client: Application report for application_1527512542584_0209 (state: ACCEPTED)
18/06/13 12:24:48 INFO Client: Application report for application_1527512542584_0209 (state: ACCEPTED)
18/06/13 12:24:49 INFO Client: Application report for application_1527512542584_0209 (state: ACCEPTED)
18/06/13 12:24:50 INFO Client: Application report for application_1527512542584_0209 (state: ACCEPTED)
18/06/13 12:24:51 INFO Client: Application report for application_1527512542584_0209 (state: ACCEPTED)
18/06/13 12:24:52 INFO Client: Application report for application_1527512542584_0209 (state: ACCEPTED)
18/06/13 12:24:53 INFO Client: Application report for application_1527512542584_0209 (state: ACCEPTED)
18/06/13 12:24:54 INFO Client: Application report for application_1527512542584_0209 (state: ACCEPTED)
18/06/13 12:24:55 INFO Client: Application report for application_1527512542584_0209 (state: RUNNING)
18/06/13 12:24:55 INFO Client: 
	 client token: N/A
	 diagnostics: N/A
	 ApplicationMaster host: 10.0.0.15
	 ApplicationMaster RPC port: 0
	 queue: default
	 start time: 1528892576746
	 final status: UNDEFINED
	 tracking URL: http://hn0-sparkh.01gbvfzxeqquvorlqntixlipbb.jx.internal.cloudapp.net:8088/proxy/application_1527512542584_0209/
	 user: ninghai
18/06/13 12:24:56 INFO Client: Application report for application_1527512542584_0209 (state: RUNNING)
18/06/13 12:24:57 INFO Client: Application report for application_1527512542584_0209 (state: RUNNING)
18/06/13 12:24:58 INFO Client: Application report for application_1527512542584_0209 (state: RUNNING)
18/06/13 12:24:59 INFO Client: Application report for application_1527512542584_0209 (state: RUNNING)
18/06/13 12:25:00 INFO Client: Application report for application_1527512542584_0209 (state: RUNNING)
18/06/13 12:25:01 INFO Client: Application report for application_1527512542584_0209 (state: RUNNING)
18/06/13 12:25:02 INFO Client: Application report for application_1527512542584_0209 (state: RUNNING)
18/06/13 12:25:03 INFO Client: Application report for application_1527512542584_0209 (state: RUNNING)
18/06/13 12:25:04 INFO Client: Application report for application_1527512542584_0209 (state: RUNNING)
18/06/13 12:25:05 INFO Client: Application report for application_1527512542584_0209 (state: RUNNING)
18/06/13 12:25:06 INFO Client: Application report for application_1527512542584_0209 (state: RUNNING)
18/06/13 12:25:07 INFO Client: Application report for application_1527512542584_0209 (state: RUNNING)
18/06/13 12:25:08 INFO Client: Application report for application_1527512542584_0209 (state: RUNNING)
18/06/13 12:25:09 INFO Client: Application report for application_1527512542584_0209 (state: RUNNING)
18/06/13 12:25:10 INFO Client: Application report for application_1527512542584_0209 (state: RUNNING)
18/06/13 12:25:11 INFO Client: Application report for application_1527512542584_0209 (state: RUNNING)
18/06/13 12:25:12 INFO Client: Application report for application_1527512542584_0209 (state: RUNNING)
18/06/13 12:25:13 INFO Client: Application report for application_1527512542584_0209 (state: RUNNING)
18/06/13 12:25:14 INFO Client: Application report for application_1527512542584_0209 (state: RUNNING)
18/06/13 12:25:15 INFO Client: Application report for application_1527512542584_0209 (state: RUNNING)
18/06/13 12:25:16 INFO Client: Application report for application_1527512542584_0209 (state: RUNNING)
18/06/13 12:25:17 INFO Client: Application report for application_1527512542584_0209 (state: RUNNING)
18/06/13 12:25:18 INFO Client: Application report for application_1527512542584_0209 (state: RUNNING)
18/06/13 12:25:19 INFO Client: Application report for application_1527512542584_0209 (state: RUNNING)
18/06/13 12:25:20 INFO Client: Application report for application_1527512542584_0209 (state: RUNNING)
18/06/13 12:25:21 INFO Client: Application report for application_1527512542584_0209 (state: RUNNING)
18/06/13 12:25:22 INFO Client: Application report for application_1527512542584_0209 (state: RUNNING)
18/06/13 12:25:23 INFO Client: Application report for application_1527512542584_0209 (state: RUNNING)
18/06/13 12:25:24 INFO Client: Application report for application_1527512542584_0209 (state: RUNNING)
18/06/13 12:25:25 INFO Client: Application report for application_1527512542584_0209 (state: RUNNING)
18/06/13 12:25:26 INFO Client: Application report for application_1527512542584_0209 (state: RUNNING)
18/06/13 12:25:27 INFO Client: Application report for application_1527512542584_0209 (state: RUNNING)
18/06/13 12:25:28 INFO Client: Application report for application_1527512542584_0209 (state: RUNNING)
18/06/13 12:25:29 INFO Client: Application report for application_1527512542584_0209 (state: RUNNING)
18/06/13 12:25:30 INFO Client: Application report for application_1527512542584_0209 (state: RUNNING)
18/06/13 12:25:31 INFO Client: Application report for application_1527512542584_0209 (state: RUNNING)
18/06/13 12:25:32 INFO Client: Application report for application_1527512542584_0209 (state: RUNNING)
18/06/13 12:25:33 INFO Client: Application report for application_1527512542584_0209 (state: RUNNING)
18/06/13 12:25:34 INFO Client: Application report for application_1527512542584_0209 (state: RUNNING)
18/06/13 12:25:35 INFO Client: Application report for application_1527512542584_0209 (state: RUNNING)
18/06/13 12:25:36 INFO Client: Application report for application_1527512542584_0209 (state: RUNNING)
18/06/13 12:25:37 INFO Client: Application report for application_1527512542584_0209 (state: RUNNING)
18/06/13 12:25:38 INFO Client: Application report for application_1527512542584_0209 (state: RUNNING)
18/06/13 12:25:39 INFO Client: Application report for application_1527512542584_0209 (state: RUNNING)
18/06/13 12:25:40 INFO Client: Application report for application_1527512542584_0209 (state: RUNNING)
18/06/13 12:25:41 INFO Client: Application report for application_1527512542584_0209 (state: RUNNING)
18/06/13 12:25:42 INFO Client: Application report for application_1527512542584_0209 (state: RUNNING)
18/06/13 12:25:43 INFO Client: Application report for application_1527512542584_0209 (state: RUNNING)
18/06/13 12:25:44 INFO Client: Application report for application_1527512542584_0209 (state: RUNNING)
18/06/13 12:25:45 INFO Client: Application report for application_1527512542584_0209 (state: RUNNING)
18/06/13 12:25:46 INFO Client: Application report for application_1527512542584_0209 (state: RUNNING)
18/06/13 12:25:47 INFO Client: Application report for application_1527512542584_0209 (state: RUNNING)
18/06/13 12:25:48 INFO Client: Application report for application_1527512542584_0209 (state: RUNNING)
18/06/13 12:25:49 INFO Client: Application report for application_1527512542584_0209 (state: RUNNING)
18/06/13 12:25:50 INFO Client: Application report for application_1527512542584_0209 (state: RUNNING)
18/06/13 12:25:51 INFO Client: Application report for application_1527512542584_0209 (state: RUNNING)
18/06/13 12:25:52 INFO Client: Application report for application_1527512542584_0209 (state: RUNNING)
18/06/13 12:25:53 INFO Client: Application report for application_1527512542584_0209 (state: RUNNING)
18/06/13 12:25:54 INFO Client: Application report for application_1527512542584_0209 (state: ACCEPTED)
18/06/13 12:25:54 INFO Client: 
	 client token: N/A
	 diagnostics: AM container is launched, waiting for AM container to Register with RM
	 ApplicationMaster host: N/A
	 ApplicationMaster RPC port: -1
	 queue: default
	 start time: 1528892576746
	 final status: UNDEFINED
	 tracking URL: http://hn0-sparkh.01gbvfzxeqquvorlqntixlipbb.jx.internal.cloudapp.net:8088/proxy/application_1527512542584_0209/
	 user: ninghai
18/06/13 12:25:55 INFO Client: Application report for application_1527512542584_0209 (state: ACCEPTED)
18/06/13 12:25:56 INFO Client: Application report for application_1527512542584_0209 (state: ACCEPTED)
18/06/13 12:25:57 INFO Client: Application report for application_1527512542584_0209 (state: ACCEPTED)
18/06/13 12:25:58 INFO Client: Application report for application_1527512542584_0209 (state: ACCEPTED)
18/06/13 12:25:59 INFO Client: Application report for application_1527512542584_0209 (state: ACCEPTED)
18/06/13 12:26:00 INFO Client: Application report for application_1527512542584_0209 (state: ACCEPTED)
18/06/13 12:26:01 INFO Client: Application report for application_1527512542584_0209 (state: ACCEPTED)
18/06/13 12:26:02 INFO Client: Application report for application_1527512542584_0209 (state: RUNNING)
18/06/13 12:26:02 INFO Client: 
	 client token: N/A
	 diagnostics: N/A
	 ApplicationMaster host: 10.0.0.15
	 ApplicationMaster RPC port: 0
	 queue: default
	 start time: 1528892576746
	 final status: UNDEFINED
	 tracking URL: http://hn0-sparkh.01gbvfzxeqquvorlqntixlipbb.jx.internal.cloudapp.net:8088/proxy/application_1527512542584_0209/
	 user: ninghai
18/06/13 12:26:03 INFO Client: Application report for application_1527512542584_0209 (state: RUNNING)
18/06/13 12:26:04 INFO Client: Application report for application_1527512542584_0209 (state: RUNNING)
18/06/13 12:26:05 INFO Client: Application report for application_1527512542584_0209 (state: RUNNING)
18/06/13 12:26:06 INFO Client: Application report for application_1527512542584_0209 (state: RUNNING)
18/06/13 12:26:07 INFO Client: Application report for application_1527512542584_0209 (state: RUNNING)
18/06/13 12:26:08 INFO Client: Application report for application_1527512542584_0209 (state: RUNNING)
18/06/13 12:26:09 INFO Client: Application report for application_1527512542584_0209 (state: RUNNING)
18/06/13 12:26:10 INFO Client: Application report for application_1527512542584_0209 (state: RUNNING)
18/06/13 12:26:11 INFO Client: Application report for application_1527512542584_0209 (state: RUNNING)
18/06/13 12:26:12 INFO Client: Application report for application_1527512542584_0209 (state: RUNNING)
18/06/13 12:26:13 INFO Client: Application report for application_1527512542584_0209 (state: RUNNING)
18/06/13 12:26:14 INFO Client: Application report for application_1527512542584_0209 (state: RUNNING)
18/06/13 12:26:15 INFO Client: Application report for application_1527512542584_0209 (state: RUNNING)
18/06/13 12:26:16 INFO Client: Application report for application_1527512542584_0209 (state: RUNNING)
18/06/13 12:26:17 INFO Client: Application report for application_1527512542584_0209 (state: RUNNING)
18/06/13 12:26:18 INFO Client: Application report for application_1527512542584_0209 (state: RUNNING)
18/06/13 12:26:19 INFO Client: Application report for application_1527512542584_0209 (state: RUNNING)
18/06/13 12:26:20 INFO Client: Application report for application_1527512542584_0209 (state: RUNNING)
18/06/13 12:26:21 INFO Client: Application report for application_1527512542584_0209 (state: RUNNING)
18/06/13 12:26:22 INFO Client: Application report for application_1527512542584_0209 (state: RUNNING)
18/06/13 12:26:23 INFO Client: Application report for application_1527512542584_0209 (state: RUNNING)
18/06/13 12:26:24 INFO Client: Application report for application_1527512542584_0209 (state: RUNNING)
18/06/13 12:26:25 INFO Client: Application report for application_1527512542584_0209 (state: RUNNING)
18/06/13 12:26:26 INFO Client: Application report for application_1527512542584_0209 (state: RUNNING)
18/06/13 12:26:27 INFO Client: Application report for application_1527512542584_0209 (state: RUNNING)
18/06/13 12:26:28 INFO Client: Application report for application_1527512542584_0209 (state: RUNNING)
18/06/13 12:26:29 INFO Client: Application report for application_1527512542584_0209 (state: RUNNING)
18/06/13 12:26:30 INFO Client: Application report for application_1527512542584_0209 (state: RUNNING)
18/06/13 12:26:31 INFO Client: Application report for application_1527512542584_0209 (state: RUNNING)
18/06/13 12:26:32 INFO Client: Application report for application_1527512542584_0209 (state: RUNNING)
18/06/13 12:26:33 INFO Client: Application report for application_1527512542584_0209 (state: RUNNING)
18/06/13 12:26:34 INFO Client: Application report for application_1527512542584_0209 (state: RUNNING)
18/06/13 12:26:35 INFO Client: Application report for application_1527512542584_0209 (state: RUNNING)
18/06/13 12:26:36 INFO Client: Application report for application_1527512542584_0209 (state: RUNNING)
18/06/13 12:26:37 INFO Client: Application report for application_1527512542584_0209 (state: RUNNING)
18/06/13 12:26:38 INFO Client: Application report for application_1527512542584_0209 (state: RUNNING)
18/06/13 12:26:39 INFO Client: Application report for application_1527512542584_0209 (state: RUNNING)
18/06/13 12:26:40 INFO Client: Application report for application_1527512542584_0209 (state: RUNNING)
18/06/13 12:26:41 INFO Client: Application report for application_1527512542584_0209 (state: RUNNING)
18/06/13 12:26:42 INFO Client: Application report for application_1527512542584_0209 (state: RUNNING)
18/06/13 12:26:43 INFO Client: Application report for application_1527512542584_0209 (state: RUNNING)
18/06/13 12:26:44 INFO Client: Application report for application_1527512542584_0209 (state: RUNNING)
18/06/13 12:26:45 INFO Client: Application report for application_1527512542584_0209 (state: RUNNING)
18/06/13 12:26:46 INFO Client: Application report for application_1527512542584_0209 (state: RUNNING)
18/06/13 12:26:47 INFO Client: Application report for application_1527512542584_0209 (state: RUNNING)
18/06/13 12:26:48 INFO Client: Application report for application_1527512542584_0209 (state: RUNNING)
18/06/13 12:26:49 INFO Client: Application report for application_1527512542584_0209 (state: RUNNING)
18/06/13 12:26:50 INFO Client: Application report for application_1527512542584_0209 (state: RUNNING)
18/06/13 12:26:51 INFO Client: Application report for application_1527512542584_0209 (state: RUNNING)
18/06/13 12:26:52 INFO Client: Application report for application_1527512542584_0209 (state: RUNNING)
18/06/13 12:26:53 INFO Client: Application report for application_1527512542584_0209 (state: RUNNING)
18/06/13 12:26:54 INFO Client: Application report for application_1527512542584_0209 (state: RUNNING)
18/06/13 12:26:55 INFO Client: Application report for application_1527512542584_0209 (state: ACCEPTED)
18/06/13 12:26:55 INFO Client: 
	 client token: N/A
	 diagnostics: AM container is launched, waiting for AM container to Register with RM
	 ApplicationMaster host: N/A
	 ApplicationMaster RPC port: -1
	 queue: default
	 start time: 1528892576746
	 final status: UNDEFINED
	 tracking URL: http://hn0-sparkh.01gbvfzxeqquvorlqntixlipbb.jx.internal.cloudapp.net:8088/proxy/application_1527512542584_0209/
	 user: ninghai
18/06/13 12:26:56 INFO Client: Application report for application_1527512542584_0209 (state: ACCEPTED)
18/06/13 12:26:57 INFO Client: Application report for application_1527512542584_0209 (state: ACCEPTED)
18/06/13 12:26:58 INFO Client: Application report for application_1527512542584_0209 (state: ACCEPTED)
18/06/13 12:26:59 INFO Client: Application report for application_1527512542584_0209 (state: ACCEPTED)
18/06/13 12:27:00 INFO Client: Application report for application_1527512542584_0209 (state: ACCEPTED)
18/06/13 12:27:01 INFO Client: Application report for application_1527512542584_0209 (state: ACCEPTED)
18/06/13 12:27:02 INFO Client: Application report for application_1527512542584_0209 (state: ACCEPTED)
18/06/13 12:27:03 INFO Client: Application report for application_1527512542584_0209 (state: RUNNING)
18/06/13 12:27:03 INFO Client: 
	 client token: N/A
	 diagnostics: N/A
	 ApplicationMaster host: 10.0.0.12
	 ApplicationMaster RPC port: 0
	 queue: default
	 start time: 1528892576746
	 final status: UNDEFINED
	 tracking URL: http://hn0-sparkh.01gbvfzxeqquvorlqntixlipbb.jx.internal.cloudapp.net:8088/proxy/application_1527512542584_0209/
	 user: ninghai
18/06/13 12:27:04 INFO Client: Application report for application_1527512542584_0209 (state: RUNNING)
18/06/13 12:27:05 INFO Client: Application report for application_1527512542584_0209 (state: RUNNING)
18/06/13 12:27:06 INFO Client: Application report for application_1527512542584_0209 (state: RUNNING)
18/06/13 12:27:07 INFO Client: Application report for application_1527512542584_0209 (state: RUNNING)
18/06/13 12:27:08 INFO Client: Application report for application_1527512542584_0209 (state: RUNNING)
18/06/13 12:27:09 INFO Client: Application report for application_1527512542584_0209 (state: RUNNING)
18/06/13 12:27:10 INFO Client: Application report for application_1527512542584_0209 (state: RUNNING)
18/06/13 12:27:11 INFO Client: Application report for application_1527512542584_0209 (state: RUNNING)
18/06/13 12:27:12 INFO Client: Application report for application_1527512542584_0209 (state: RUNNING)
18/06/13 12:27:13 INFO Client: Application report for application_1527512542584_0209 (state: RUNNING)
18/06/13 12:27:14 INFO Client: Application report for application_1527512542584_0209 (state: RUNNING)
18/06/13 12:27:15 INFO Client: Application report for application_1527512542584_0209 (state: RUNNING)
18/06/13 12:27:16 INFO Client: Application report for application_1527512542584_0209 (state: RUNNING)
18/06/13 12:27:17 INFO Client: Application report for application_1527512542584_0209 (state: RUNNING)
18/06/13 12:27:18 INFO Client: Application report for application_1527512542584_0209 (state: RUNNING)
18/06/13 12:27:19 INFO Client: Application report for application_1527512542584_0209 (state: RUNNING)
18/06/13 12:27:20 INFO Client: Application report for application_1527512542584_0209 (state: RUNNING)
18/06/13 12:27:21 INFO Client: Application report for application_1527512542584_0209 (state: RUNNING)
18/06/13 12:27:22 INFO Client: Application report for application_1527512542584_0209 (state: RUNNING)
18/06/13 12:27:23 INFO Client: Application report for application_1527512542584_0209 (state: RUNNING)
18/06/13 12:27:24 INFO Client: Application report for application_1527512542584_0209 (state: RUNNING)
18/06/13 12:27:25 INFO Client: Application report for application_1527512542584_0209 (state: RUNNING)
18/06/13 12:27:26 INFO Client: Application report for application_1527512542584_0209 (state: RUNNING)
18/06/13 12:27:27 INFO Client: Application report for application_1527512542584_0209 (state: RUNNING)
18/06/13 12:27:28 INFO Client: Application report for application_1527512542584_0209 (state: RUNNING)
18/06/13 12:27:29 INFO Client: Application report for application_1527512542584_0209 (state: RUNNING)
18/06/13 12:27:30 INFO Client: Application report for application_1527512542584_0209 (state: RUNNING)
18/06/13 12:27:31 INFO Client: Application report for application_1527512542584_0209 (state: RUNNING)
18/06/13 12:27:32 INFO Client: Application report for application_1527512542584_0209 (state: RUNNING)
18/06/13 12:27:33 INFO Client: Application report for application_1527512542584_0209 (state: RUNNING)
18/06/13 12:27:34 INFO Client: Application report for application_1527512542584_0209 (state: RUNNING)
18/06/13 12:27:35 INFO Client: Application report for application_1527512542584_0209 (state: RUNNING)
18/06/13 12:27:36 INFO Client: Application report for application_1527512542584_0209 (state: RUNNING)
18/06/13 12:27:37 INFO Client: Application report for application_1527512542584_0209 (state: RUNNING)
18/06/13 12:27:38 INFO Client: Application report for application_1527512542584_0209 (state: RUNNING)
18/06/13 12:27:39 INFO Client: Application report for application_1527512542584_0209 (state: RUNNING)
18/06/13 12:27:40 INFO Client: Application report for application_1527512542584_0209 (state: RUNNING)
18/06/13 12:27:41 INFO Client: Application report for application_1527512542584_0209 (state: RUNNING)
18/06/13 12:27:42 INFO Client: Application report for application_1527512542584_0209 (state: RUNNING)
18/06/13 12:27:43 INFO Client: Application report for application_1527512542584_0209 (state: RUNNING)
18/06/13 12:27:44 INFO Client: Application report for application_1527512542584_0209 (state: RUNNING)
18/06/13 12:27:45 INFO Client: Application report for application_1527512542584_0209 (state: RUNNING)
18/06/13 12:27:46 INFO Client: Application report for application_1527512542584_0209 (state: RUNNING)
18/06/13 12:27:47 INFO Client: Application report for application_1527512542584_0209 (state: RUNNING)
18/06/13 12:27:48 INFO Client: Application report for application_1527512542584_0209 (state: RUNNING)
18/06/13 12:27:49 INFO Client: Application report for application_1527512542584_0209 (state: ACCEPTED)
18/06/13 12:27:49 INFO Client: 
	 client token: N/A
	 diagnostics: [Wed Jun 13 12:27:49 +0000 2018] Application is Activated, waiting for resources to be assigned for AM.  Details : AM Partition = <DEFAULT_PARTITION> ; Partition Resource = <memory:204800, vCores:60> ; Queue's Absolute capacity = 50.0 % ; Queue's Absolute used capacity = 0.0 % ; Queue's Absolute max capacity = 100.0 % ; 
	 ApplicationMaster host: N/A
	 ApplicationMaster RPC port: -1
	 queue: default
	 start time: 1528892576746
	 final status: UNDEFINED
	 tracking URL: http://hn0-sparkh.01gbvfzxeqquvorlqntixlipbb.jx.internal.cloudapp.net:8088/proxy/application_1527512542584_0209/
	 user: ninghai
18/06/13 12:27:50 INFO Client: Application report for application_1527512542584_0209 (state: ACCEPTED)
18/06/13 12:27:51 INFO Client: Application report for application_1527512542584_0209 (state: ACCEPTED)
18/06/13 12:27:52 INFO Client: Application report for application_1527512542584_0209 (state: ACCEPTED)
18/06/13 12:27:53 INFO Client: Application report for application_1527512542584_0209 (state: ACCEPTED)
18/06/13 12:27:54 INFO Client: Application report for application_1527512542584_0209 (state: ACCEPTED)
18/06/13 12:27:55 INFO Client: Application report for application_1527512542584_0209 (state: ACCEPTED)
18/06/13 12:27:56 INFO Client: Application report for application_1527512542584_0209 (state: ACCEPTED)
18/06/13 12:27:57 INFO Client: Application report for application_1527512542584_0209 (state: ACCEPTED)
18/06/13 12:27:58 INFO Client: Application report for application_1527512542584_0209 (state: RUNNING)
18/06/13 12:27:58 INFO Client: 
	 client token: N/A
	 diagnostics: N/A
	 ApplicationMaster host: 10.0.0.15
	 ApplicationMaster RPC port: 0
	 queue: default
	 start time: 1528892576746
	 final status: UNDEFINED
	 tracking URL: http://hn0-sparkh.01gbvfzxeqquvorlqntixlipbb.jx.internal.cloudapp.net:8088/proxy/application_1527512542584_0209/
	 user: ninghai
18/06/13 12:27:59 INFO Client: Application report for application_1527512542584_0209 (state: RUNNING)
18/06/13 12:28:00 INFO Client: Application report for application_1527512542584_0209 (state: RUNNING)
18/06/13 12:28:01 INFO Client: Application report for application_1527512542584_0209 (state: RUNNING)
18/06/13 12:28:02 INFO Client: Application report for application_1527512542584_0209 (state: RUNNING)
18/06/13 12:28:03 INFO Client: Application report for application_1527512542584_0209 (state: RUNNING)
18/06/13 12:28:04 INFO Client: Application report for application_1527512542584_0209 (state: RUNNING)
18/06/13 12:28:05 INFO Client: Application report for application_1527512542584_0209 (state: RUNNING)
18/06/13 12:28:06 INFO Client: Application report for application_1527512542584_0209 (state: RUNNING)
18/06/13 12:28:07 INFO Client: Application report for application_1527512542584_0209 (state: RUNNING)
18/06/13 12:28:08 INFO Client: Application report for application_1527512542584_0209 (state: RUNNING)
18/06/13 12:28:09 INFO Client: Application report for application_1527512542584_0209 (state: RUNNING)
18/06/13 12:28:10 INFO Client: Application report for application_1527512542584_0209 (state: RUNNING)
18/06/13 12:28:11 INFO Client: Application report for application_1527512542584_0209 (state: RUNNING)
18/06/13 12:28:12 INFO Client: Application report for application_1527512542584_0209 (state: RUNNING)
18/06/13 12:28:13 INFO Client: Application report for application_1527512542584_0209 (state: RUNNING)
18/06/13 12:28:14 INFO Client: Application report for application_1527512542584_0209 (state: RUNNING)
18/06/13 12:28:15 INFO Client: Application report for application_1527512542584_0209 (state: RUNNING)
18/06/13 12:28:16 INFO Client: Application report for application_1527512542584_0209 (state: RUNNING)
18/06/13 12:28:17 INFO Client: Application report for application_1527512542584_0209 (state: RUNNING)
18/06/13 12:28:18 INFO Client: Application report for application_1527512542584_0209 (state: RUNNING)
18/06/13 12:28:19 INFO Client: Application report for application_1527512542584_0209 (state: RUNNING)
18/06/13 12:28:20 INFO Client: Application report for application_1527512542584_0209 (state: RUNNING)
18/06/13 12:28:21 INFO Client: Application report for application_1527512542584_0209 (state: RUNNING)
18/06/13 12:28:22 INFO Client: Application report for application_1527512542584_0209 (state: RUNNING)
18/06/13 12:28:23 INFO Client: Application report for application_1527512542584_0209 (state: RUNNING)
18/06/13 12:28:24 INFO Client: Application report for application_1527512542584_0209 (state: RUNNING)
18/06/13 12:28:25 INFO Client: Application report for application_1527512542584_0209 (state: RUNNING)
18/06/13 12:28:26 INFO Client: Application report for application_1527512542584_0209 (state: RUNNING)
18/06/13 12:28:27 INFO Client: Application report for application_1527512542584_0209 (state: RUNNING)
18/06/13 12:28:28 INFO Client: Application report for application_1527512542584_0209 (state: RUNNING)
18/06/13 12:28:29 INFO Client: Application report for application_1527512542584_0209 (state: RUNNING)
18/06/13 12:28:30 INFO Client: Application report for application_1527512542584_0209 (state: RUNNING)
18/06/13 12:28:31 INFO Client: Application report for application_1527512542584_0209 (state: RUNNING)
18/06/13 12:28:32 INFO Client: Application report for application_1527512542584_0209 (state: RUNNING)
18/06/13 12:28:33 INFO Client: Application report for application_1527512542584_0209 (state: RUNNING)
18/06/13 12:28:34 INFO Client: Application report for application_1527512542584_0209 (state: RUNNING)
18/06/13 12:28:35 INFO Client: Application report for application_1527512542584_0209 (state: RUNNING)
18/06/13 12:28:36 INFO Client: Application report for application_1527512542584_0209 (state: RUNNING)
18/06/13 12:28:37 INFO Client: Application report for application_1527512542584_0209 (state: RUNNING)
18/06/13 12:28:38 INFO Client: Application report for application_1527512542584_0209 (state: RUNNING)
18/06/13 12:28:39 INFO Client: Application report for application_1527512542584_0209 (state: RUNNING)
18/06/13 12:28:40 INFO Client: Application report for application_1527512542584_0209 (state: RUNNING)
18/06/13 12:28:41 INFO Client: Application report for application_1527512542584_0209 (state: FINISHED)
18/06/13 12:28:41 INFO Client: 
	 client token: N/A
	 diagnostics: User application exited with status 1
	 ApplicationMaster host: 10.0.0.15
	 ApplicationMaster RPC port: 0
	 queue: default
	 start time: 1528892576746
	 final status: FAILED
	 tracking URL: http://hn0-sparkh.01gbvfzxeqquvorlqntixlipbb.jx.internal.cloudapp.net:8088/proxy/application_1527512542584_0209/
	 user: ninghai
Exception in thread "main" org.apache.spark.SparkException: Application application_1527512542584_0209 finished with failed status
	at org.apache.spark.deploy.yarn.Client.run(Client.scala:1241)
	at org.apache.spark.deploy.yarn.Client$.main(Client.scala:1287)
	at org.apache.spark.deploy.yarn.Client.main(Client.scala)
	at sun.reflect.NativeMethodAccessorImpl.invoke0(Native Method)
	at sun.reflect.NativeMethodAccessorImpl.invoke(NativeMethodAccessorImpl.java:62)
	at sun.reflect.DelegatingMethodAccessorImpl.invoke(DelegatingMethodAccessorImpl.java:43)
	at java.lang.reflect.Method.invoke(Method.java:498)
	at org.apache.spark.deploy.SparkSubmit$.org$apache$spark$deploy$SparkSubmit$$runMain(SparkSubmit.scala:745)
	at org.apache.spark.deploy.SparkSubmit$.doRunMain$1(SparkSubmit.scala:187)
	at org.apache.spark.deploy.SparkSubmit$.submit(SparkSubmit.scala:212)
	at org.apache.spark.deploy.SparkSubmit$.main(SparkSubmit.scala:126)
	at org.apache.spark.deploy.SparkSubmit.main(SparkSubmit.scala)
18/06/13 12:28:41 INFO ShutdownHookManager: Shutdown hook called
18/06/13 12:28:41 INFO ShutdownHookManager: Deleting directory /tmp/spark-96ffb451-deba-47b8-bcf3-48e240994a5f
18/06/13 12:28:41 INFO MetricsSystemImpl: Stopping azure-file-system metrics system...
18/06/13 12:28:41 INFO MetricsSinkAdapter: azurefs2 thread interrupted.
18/06/13 12:28:41 INFO MetricsSystemImpl: azure-file-system metrics system stopped.
18/06/13 12:28:41 INFO MetricsSystemImpl: azure-file-system metrics system shutdown complete.
18/06/13 12:28:43 INFO client.AHSProxy: Connecting to Application History server at headnodehost/10.0.0.21:10200
18/06/13 12:28:43 INFO client.RequestHedgingRMFailoverProxyProvider: Looking for the active RM in [rm1, rm2]...
18/06/13 12:28:43 INFO client.RequestHedgingRMFailoverProxyProvider: Found active RM [rm1]
18/06/13 12:28:44 INFO zlib.ZlibFactory: Successfully loaded & initialized native-zlib library
18/06/13 12:28:44 INFO compress.CodecPool: Got brand-new decompressor [.deflate]
Container: container_e25_1527512542584_0209_01_000001 on 10.0.0.14_30050_1528892922249
LogAggregationType: AGGREGATED
======================================================================================
18/06/13 12:28:44 INFO compress.CodecPool: Got brand-new decompressor [.deflate]
LogType:stderr
Log Upload Time:Wed Jun 13 12:28:42 +0000 2018
LogLength:548
Log Contents:
SLF4J: Class path contains multiple SLF4J bindings.
SLF4J: Found binding in [jar:file:/usr/hdp/2.6.0.2-76/spark2/jars/slf4j-log4j12-1.7.16.jar!/org/slf4j/impl/StaticLoggerBinder.class]
SLF4J: Found binding in [jar:file:/usr/hdp/2.6.0.2-76/hadoop/lib/slf4j-log4j12-1.7.10.jar!/org/slf4j/impl/StaticLoggerBinder.class]
SLF4J: See http://www.slf4j.org/codes.html#multiple_bindings for an explanation.
SLF4J: Actual binding is of type [org.slf4j.impl.Log4jLoggerFactory]
18/06/13 12:24:44 ERROR ApplicationMaster: User application exited with status 1

End of LogType:stderr

Container: container_e25_1527512542584_0209_02_000001 on 10.0.0.15_30050_1528892922975
LogAggregationType: AGGREGATED
======================================================================================
18/06/13 12:28:45 INFO compress.CodecPool: Got brand-new decompressor [.deflate]
LogType:stderr
Log Upload Time:Wed Jun 13 12:28:43 +0000 2018
LogLength:548
Log Contents:
SLF4J: Class path contains multiple SLF4J bindings.
SLF4J: Found binding in [jar:file:/usr/hdp/2.6.0.2-76/spark2/jars/slf4j-log4j12-1.7.16.jar!/org/slf4j/impl/StaticLoggerBinder.class]
SLF4J: Found binding in [jar:file:/usr/hdp/2.6.0.2-76/hadoop/lib/slf4j-log4j12-1.7.10.jar!/org/slf4j/impl/StaticLoggerBinder.class]
SLF4J: See http://www.slf4j.org/codes.html#multiple_bindings for an explanation.
SLF4J: Actual binding is of type [org.slf4j.impl.Log4jLoggerFactory]
18/06/13 12:25:52 ERROR ApplicationMaster: User application exited with status 1

End of LogType:stderr

Container: container_e25_1527512542584_0209_03_000001 on 10.0.0.15_30050_1528892922975
LogAggregationType: AGGREGATED
======================================================================================
18/06/13 12:28:45 INFO compress.CodecPool: Got brand-new decompressor [.deflate]
LogType:stderr
Log Upload Time:Wed Jun 13 12:28:43 +0000 2018
LogLength:548
Log Contents:
SLF4J: Class path contains multiple SLF4J bindings.
SLF4J: Found binding in [jar:file:/usr/hdp/2.6.0.2-76/spark2/jars/slf4j-log4j12-1.7.16.jar!/org/slf4j/impl/StaticLoggerBinder.class]
SLF4J: Found binding in [jar:file:/usr/hdp/2.6.0.2-76/hadoop/lib/slf4j-log4j12-1.7.10.jar!/org/slf4j/impl/StaticLoggerBinder.class]
SLF4J: See http://www.slf4j.org/codes.html#multiple_bindings for an explanation.
SLF4J: Actual binding is of type [org.slf4j.impl.Log4jLoggerFactory]
18/06/13 12:26:53 ERROR ApplicationMaster: User application exited with status 1

End of LogType:stderr

Container: container_e25_1527512542584_0209_04_000001 on 10.0.0.12_30050_1528892922215
LogAggregationType: AGGREGATED
======================================================================================
18/06/13 12:28:46 INFO compress.CodecPool: Got brand-new decompressor [.deflate]
LogType:stderr
Log Upload Time:Wed Jun 13 12:28:42 +0000 2018
LogLength:548
Log Contents:
SLF4J: Class path contains multiple SLF4J bindings.
SLF4J: Found binding in [jar:file:/usr/hdp/2.6.0.2-76/spark2/jars/slf4j-log4j12-1.7.16.jar!/org/slf4j/impl/StaticLoggerBinder.class]
SLF4J: Found binding in [jar:file:/usr/hdp/2.6.0.2-76/hadoop/lib/slf4j-log4j12-1.7.10.jar!/org/slf4j/impl/StaticLoggerBinder.class]
SLF4J: See http://www.slf4j.org/codes.html#multiple_bindings for an explanation.
SLF4J: Actual binding is of type [org.slf4j.impl.Log4jLoggerFactory]
18/06/13 12:27:48 ERROR ApplicationMaster: User application exited with status 1

End of LogType:stderr

Container: container_e25_1527512542584_0209_05_000001 on 10.0.0.15_30050_1528892922975
LogAggregationType: AGGREGATED
======================================================================================
18/06/13 12:28:46 INFO compress.CodecPool: Got brand-new decompressor [.deflate]
LogType:stderr
Log Upload Time:Wed Jun 13 12:28:43 +0000 2018
LogLength:548
Log Contents:
SLF4J: Class path contains multiple SLF4J bindings.
SLF4J: Found binding in [jar:file:/usr/hdp/2.6.0.2-76/spark2/jars/slf4j-log4j12-1.7.16.jar!/org/slf4j/impl/StaticLoggerBinder.class]
SLF4J: Found binding in [jar:file:/usr/hdp/2.6.0.2-76/hadoop/lib/slf4j-log4j12-1.7.10.jar!/org/slf4j/impl/StaticLoggerBinder.class]
SLF4J: See http://www.slf4j.org/codes.html#multiple_bindings for an explanation.
SLF4J: Actual binding is of type [org.slf4j.impl.Log4jLoggerFactory]
18/06/13 12:28:40 ERROR ApplicationMaster: User application exited with status 1

End of LogType:stderr


Specified ALL for -am option. Printed logs for all am containers.
18/06/13 12:28:48 INFO client.AHSProxy: Connecting to Application History server at headnodehost/10.0.0.21:10200
18/06/13 12:28:48 INFO client.RequestHedgingRMFailoverProxyProvider: Looking for the active RM in [rm1, rm2]...
18/06/13 12:28:48 INFO client.RequestHedgingRMFailoverProxyProvider: Found active RM [rm1]
18/06/13 12:28:49 INFO zlib.ZlibFactory: Successfully loaded & initialized native-zlib library
18/06/13 12:28:49 INFO compress.CodecPool: Got brand-new decompressor [.deflate]
Container: container_e25_1527512542584_0209_01_000001 on 10.0.0.14_30050_1528892922249
LogAggregationType: AGGREGATED
======================================================================================
18/06/13 12:28:50 INFO compress.CodecPool: Got brand-new decompressor [.deflate]
LogType:stdout
Log Upload Time:Wed Jun 13 12:28:42 +0000 2018
LogLength:8756
Log Contents:
****************
Python version: 3.6.2 |Anaconda, Inc.| (default, Oct  5 2017, 07:59:26) 
[GCC 7.2.0]
Spark version: 2.1.0.2.6.0.2-76
****************
First 10 rows of Iris dataset:
+------------+-----------+------------+-----------+-----------+
|sepal-length|sepal-width|petal-length|petal-width|      class|
+------------+-----------+------------+-----------+-----------+
|         5.1|        3.5|         1.4|        0.2|Iris-setosa|
|         4.9|        3.0|         1.4|        0.2|Iris-setosa|
|         4.7|        3.2|         1.3|        0.2|Iris-setosa|
|         4.6|        3.1|         1.5|        0.2|Iris-setosa|
|         5.0|        3.6|         1.4|        0.2|Iris-setosa|
|         5.4|        3.9|         1.7|        0.4|Iris-setosa|
|         4.6|        3.4|         1.4|        0.3|Iris-setosa|
|         5.0|        3.4|         1.5|        0.2|Iris-setosa|
|         4.4|        2.9|         1.4|        0.2|Iris-setosa|
|         4.9|        3.1|         1.5|        0.1|Iris-setosa|
+------------+-----------+------------+-----------+-----------+
only showing top 10 rows

Load featurized dataset for machine learning...
+-----------------+-----+
|         features|label|
+-----------------+-----+
|[5.1,3.5,1.4,0.2]|  0.0|
|[4.9,3.0,1.4,0.2]|  0.0|
|[4.7,3.2,1.3,0.2]|  0.0|
|[4.6,3.1,1.5,0.2]|  0.0|
|[5.0,3.6,1.4,0.2]|  0.0|
|[5.4,3.9,1.7,0.4]|  0.0|
|[4.6,3.4,1.4,0.3]|  0.0|
|[5.0,3.4,1.5,0.2]|  0.0|
|[4.4,2.9,1.4,0.2]|  0.0|
|[4.9,3.1,1.5,0.1]|  0.0|
+-----------------+-----+
only showing top 10 rows

Prediction
+-----------------+-----+--------------------+--------------------+----------+
|         features|label|       rawPrediction|         probability|prediction|
+-----------------+-----+--------------------+--------------------+----------+
|[4.5,2.3,1.3,0.3]|  0.0|[3.50653371221011...|[0.65370817288047...|       0.0|
|[4.6,3.4,1.4,0.3]|  0.0|[6.30258541855139...|[0.98516997485432...|       0.0|
|[4.7,3.2,1.3,0.2]|  0.0|[5.93239793135884...|[0.97086537971163...|       0.0|
|[4.8,3.1,1.6,0.2]|  0.0|[5.25219602928591...|[0.93954616472453...|       0.0|
|[4.8,3.4,1.6,0.2]|  0.0|[6.07299187046837...|[0.97777837983118...|       0.0|
|[4.9,3.1,1.5,0.1]|  0.0|[5.42920576954834...|[0.93976735795830...|       0.0|
|[5.0,2.0,3.5,1.0]|  1.0|[-1.4053322122686...|[0.02246418133305...|       1.0|
|[5.0,3.4,1.5,0.2]|  0.0|[5.93553114667283...|[0.97111010415523...|       0.0|
|[5.0,3.5,1.3,0.3]|  0.0|[6.20472746284560...|[0.98062442636930...|       0.0|
|[5.0,3.5,1.6,0.6]|  0.0|[5.32270447360173...|[0.96732782477143...|       0.0|
+-----------------+-----+--------------------+--------------------+----------+
only showing top 10 rows


#####################################
Regularization rate is 0.01
Accuracy is 1.0
#####################################

The experiment completed successfully. Starting post-processing steps.
Traceback (most recent call last):
  File "context_manager_injector.py", line 72, in execute_with_context
    with open(complete_file_path, "a") as stream:
FileNotFoundError: [Errno 2] No such file or directory: '/mnt/resource/hadoop/yarn/local/usercache/ninghai/appcache/application_1527512542584_0209/container_e25_1527512542584_0209_01_000001/azureml-setup/complete'

Traceback (most recent call last):
  File "context_manager_injector.py", line 72, in execute_with_context
    with open(complete_file_path, "a") as stream:
FileNotFoundError: [Errno 2] No such file or directory: '/mnt/resource/hadoop/yarn/local/usercache/ninghai/appcache/application_1527512542584_0209/container_e25_1527512542584_0209_01_000001/azureml-setup/complete'

During handling of the above exception, another exception occurred:

Traceback (most recent call last):
  File "context_manager_injector.py", line 111, in <module>
    execute_with_context(cm_objects, options.invocation)
  File "context_manager_injector.py", line 73, in execute_with_context
    print("Prehistory!", file=stream)
  File "/mnt/resource/hadoop/yarn/local/usercache/ninghai/appcache/application_1527512542584_0209/container_e25_1527512542584_0209_01_000001/azureml_6a453c57a1dbcf50c0b45c4aa1aba8f9.zip/home/ninghai/.azureml/envs/azureml_6a453c57a1dbcf50c0b45c4aa1aba8f9/lib/python3.6/contextlib.py", line 380, in __exit__
    raise exc_details[1]
  File "/mnt/resource/hadoop/yarn/local/usercache/ninghai/appcache/application_1527512542584_0209/container_e25_1527512542584_0209_01_000001/azureml_6a453c57a1dbcf50c0b45c4aa1aba8f9.zip/home/ninghai/.azureml/envs/azureml_6a453c57a1dbcf50c0b45c4aa1aba8f9/lib/python3.6/contextlib.py", line 365, in __exit__
    if cb(*exc_details):
  File "/mnt/resource/hadoop/yarn/local/usercache/ninghai/appcache/application_1527512542584_0209/container_e25_1527512542584_0209_01_000001/azureml_6a453c57a1dbcf50c0b45c4aa1aba8f9.zip/home/ninghai/.azureml/envs/azureml_6a453c57a1dbcf50c0b45c4aa1aba8f9/lib/python3.6/contextlib.py", line 284, in _exit_wrapper
    return cm_exit(cm, *exc_details)
  File "context_manager_injector.py", line 30, in __exit__
    self.context_manager.__exit__(*exc_details)
  File "/mnt/resource/hadoop/yarn/local/usercache/ninghai/appcache/application_1527512542584_0209/container_e25_1527512542584_0209_01_000001/context_managers.py", line 49, in __exit__
    self.history_context.__exit__(*args)
  File "/mnt/resource/hadoop/yarn/local/usercache/ninghai/appcache/application_1527512542584_0209/container_e25_1527512542584_0209_01_000001/azureml_6a453c57a1dbcf50c0b45c4aa1aba8f9.zip/home/ninghai/.azureml/envs/azureml_6a453c57a1dbcf50c0b45c4aa1aba8f9/lib/python3.6/site-packages/azureml/history/utils/context_managers.py", line 52, in __exit__
    self._exit_stack.__exit__(*args)
  File "/mnt/resource/hadoop/yarn/local/usercache/ninghai/appcache/application_1527512542584_0209/container_e25_1527512542584_0209_01_000001/azureml_6a453c57a1dbcf50c0b45c4aa1aba8f9.zip/home/ninghai/.azureml/envs/azureml_6a453c57a1dbcf50c0b45c4aa1aba8f9/lib/python3.6/contextlib.py", line 380, in __exit__
    raise exc_details[1]
  File "/mnt/resource/hadoop/yarn/local/usercache/ninghai/appcache/application_1527512542584_0209/container_e25_1527512542584_0209_01_000001/azureml_6a453c57a1dbcf50c0b45c4aa1aba8f9.zip/home/ninghai/.azureml/envs/azureml_6a453c57a1dbcf50c0b45c4aa1aba8f9/lib/python3.6/contextlib.py", line 365, in __exit__
    if cb(*exc_details):
  File "/mnt/resource/hadoop/yarn/local/usercache/ninghai/appcache/application_1527512542584_0209/container_e25_1527512542584_0209_01_000001/azureml_6a453c57a1dbcf50c0b45c4aa1aba8f9.zip/home/ninghai/.azureml/envs/azureml_6a453c57a1dbcf50c0b45c4aa1aba8f9/lib/python3.6/contextlib.py", line 284, in _exit_wrapper
    return cm_exit(cm, *exc_details)
  File "/mnt/resource/hadoop/yarn/local/usercache/ninghai/appcache/application_1527512542584_0209/container_e25_1527512542584_0209_01_000001/azureml_6a453c57a1dbcf50c0b45c4aa1aba8f9.zip/home/ninghai/.azureml/envs/azureml_6a453c57a1dbcf50c0b45c4aa1aba8f9/lib/python3.6/site-packages/azureml/history/utils/context_managers.py", line 140, in __exit__
    self.py_wd.track(self.run_tracker, self.trackfolders, self.blacklist)
  File "/mnt/resource/hadoop/yarn/local/usercache/ninghai/appcache/application_1527512542584_0209/container_e25_1527512542584_0209_01_000001/azureml_6a453c57a1dbcf50c0b45c4aa1aba8f9.zip/home/ninghai/.azureml/envs/azureml_6a453c57a1dbcf50c0b45c4aa1aba8f9/lib/python3.6/site-packages/azureml/history/utils/context_managers.py", line 89, in track
    fs.track(run_tracker, track_folders, blacklist)
  File "/mnt/resource/hadoop/yarn/local/usercache/ninghai/appcache/application_1527512542584_0209/container_e25_1527512542584_0209_01_000001/azureml_6a453c57a1dbcf50c0b45c4aa1aba8f9.zip/home/ninghai/.azureml/envs/azureml_6a453c57a1dbcf50c0b45c4aa1aba8f9/lib/python3.6/site-packages/azureml/history/utils/filesystem.py", line 130, in track
    self._upload_hdi_outputs(run_tracker)
  File "/mnt/resource/hadoop/yarn/local/usercache/ninghai/appcache/application_1527512542584_0209/container_e25_1527512542584_0209_01_000001/azureml_6a453c57a1dbcf50c0b45c4aa1aba8f9.zip/home/ninghai/.azureml/envs/azureml_6a453c57a1dbcf50c0b45c4aa1aba8f9/lib/python3.6/site-packages/azureml/history/utils/filesystem.py", line 154, in _upload_hdi_outputs
    container_sas = get_container_sas(wasburl)
  File "/mnt/resource/hadoop/yarn/local/usercache/ninghai/appcache/application_1527512542584_0209/container_e25_1527512542584_0209_01_000001/azureml_6a453c57a1dbcf50c0b45c4aa1aba8f9.zip/home/ninghai/.azureml/envs/azureml_6a453c57a1dbcf50c0b45c4aa1aba8f9/lib/python3.6/site-packages/azureml/history/utils/_hdi_wasb_utils.py", line 32, in get_container_sas
    from azure.storage.models import AccountPermissions
ModuleNotFoundError: No module named 'azure.storage.models'

End of LogType:stdout

Container: container_e25_1527512542584_0209_02_000001 on 10.0.0.15_30050_1528892922975
LogAggregationType: AGGREGATED
======================================================================================
18/06/13 12:28:50 INFO compress.CodecPool: Got brand-new decompressor [.deflate]
LogType:stdout
Log Upload Time:Wed Jun 13 12:28:43 +0000 2018
LogLength:10762
Log Contents:
****************
Python version: 3.6.2 |Anaconda, Inc.| (default, Oct  5 2017, 07:59:26) 
[GCC 7.2.0]
Spark version: 2.1.0.2.6.0.2-76
****************
First 10 rows of Iris dataset:
+------------+-----------+------------+-----------+-----------+
|sepal-length|sepal-width|petal-length|petal-width|      class|
+------------+-----------+------------+-----------+-----------+
|         5.1|        3.5|         1.4|        0.2|Iris-setosa|
|         4.9|        3.0|         1.4|        0.2|Iris-setosa|
|         4.7|        3.2|         1.3|        0.2|Iris-setosa|
|         4.6|        3.1|         1.5|        0.2|Iris-setosa|
|         5.0|        3.6|         1.4|        0.2|Iris-setosa|
|         5.4|        3.9|         1.7|        0.4|Iris-setosa|
|         4.6|        3.4|         1.4|        0.3|Iris-setosa|
|         5.0|        3.4|         1.5|        0.2|Iris-setosa|
|         4.4|        2.9|         1.4|        0.2|Iris-setosa|
|         4.9|        3.1|         1.5|        0.1|Iris-setosa|
+------------+-----------+------------+-----------+-----------+
only showing top 10 rows

Load featurized dataset for machine learning...
+-----------------+-----+
|         features|label|
+-----------------+-----+
|[5.1,3.5,1.4,0.2]|  0.0|
|[4.9,3.0,1.4,0.2]|  0.0|
|[4.7,3.2,1.3,0.2]|  0.0|
|[4.6,3.1,1.5,0.2]|  0.0|
|[5.0,3.6,1.4,0.2]|  0.0|
|[5.4,3.9,1.7,0.4]|  0.0|
|[4.6,3.4,1.4,0.3]|  0.0|
|[5.0,3.4,1.5,0.2]|  0.0|
|[4.4,2.9,1.4,0.2]|  0.0|
|[4.9,3.1,1.5,0.1]|  0.0|
+-----------------+-----+
only showing top 10 rows

Prediction
+-----------------+-----+--------------------+--------------------+----------+
|         features|label|       rawPrediction|         probability|prediction|
+-----------------+-----+--------------------+--------------------+----------+
|[4.4,3.0,1.3,0.2]|  0.0|[5.81981894010128...|[0.97109418596157...|       0.0|
|[4.4,3.2,1.3,0.2]|  0.0|[6.28367667197249...|[0.98367521653705...|       0.0|
|[4.6,3.4,1.4,0.3]|  0.0|[6.21979145202123...|[0.98523014173966...|       0.0|
|[4.6,3.6,1.0,0.2]|  0.0|[7.27483436269060...|[0.99496228552965...|       0.0|
|[4.8,3.0,1.4,0.3]|  0.0|[5.06319808983180...|[0.93991649488346...|       0.0|
|[4.9,2.5,4.5,1.7]|  2.0|[-2.0514766470546...|[0.02164402096226...|       1.0|
|[4.9,3.0,1.4,0.2]|  0.0|[5.15018415217615...|[0.93760445886457...|       0.0|
|[4.9,3.1,1.5,0.1]|  0.0|[5.48609798787203...|[0.95268490489836...|       0.0|
|[5.0,3.4,1.6,0.4]|  0.0|[5.36573055994416...|[0.96563686143903...|       0.0|
|[5.0,3.6,1.4,0.2]|  0.0|[6.42731839856624...|[0.98689605430916...|       0.0|
+-----------------+-----+--------------------+--------------------+----------+
only showing top 10 rows


#####################################
Regularization rate is 0.01
Accuracy is 0.9411764705882353
#####################################

The experiment completed successfully. Starting post-processing steps.
Traceback (most recent call last):
  File "context_manager_injector.py", line 72, in execute_with_context
    with open(complete_file_path, "a") as stream:
FileNotFoundError: [Errno 2] No such file or directory: '/mnt/resource/hadoop/yarn/local/usercache/ninghai/appcache/application_1527512542584_0209/container_e25_1527512542584_0209_02_000001/azureml-setup/complete'

Traceback (most recent call last):
  File "context_manager_injector.py", line 72, in execute_with_context
    with open(complete_file_path, "a") as stream:
FileNotFoundError: [Errno 2] No such file or directory: '/mnt/resource/hadoop/yarn/local/usercache/ninghai/appcache/application_1527512542584_0209/container_e25_1527512542584_0209_02_000001/azureml-setup/complete'

During handling of the above exception, another exception occurred:

Traceback (most recent call last):
  File "/mnt/resource/hadoop/yarn/local/usercache/ninghai/appcache/application_1527512542584_0209/container_e25_1527512542584_0209_02_000001/azureml_6a453c57a1dbcf50c0b45c4aa1aba8f9.zip/home/ninghai/.azureml/envs/azureml_6a453c57a1dbcf50c0b45c4aa1aba8f9/lib/python3.6/contextlib.py", line 365, in __exit__
    if cb(*exc_details):
  File "/mnt/resource/hadoop/yarn/local/usercache/ninghai/appcache/application_1527512542584_0209/container_e25_1527512542584_0209_02_000001/azureml_6a453c57a1dbcf50c0b45c4aa1aba8f9.zip/home/ninghai/.azureml/envs/azureml_6a453c57a1dbcf50c0b45c4aa1aba8f9/lib/python3.6/contextlib.py", line 284, in _exit_wrapper
    return cm_exit(cm, *exc_details)
  File "/mnt/resource/hadoop/yarn/local/usercache/ninghai/appcache/application_1527512542584_0209/container_e25_1527512542584_0209_02_000001/azureml_6a453c57a1dbcf50c0b45c4aa1aba8f9.zip/home/ninghai/.azureml/envs/azureml_6a453c57a1dbcf50c0b45c4aa1aba8f9/lib/python3.6/site-packages/azureml/history/utils/context_managers.py", line 140, in __exit__
    self.py_wd.track(self.run_tracker, self.trackfolders, self.blacklist)
  File "/mnt/resource/hadoop/yarn/local/usercache/ninghai/appcache/application_1527512542584_0209/container_e25_1527512542584_0209_02_000001/azureml_6a453c57a1dbcf50c0b45c4aa1aba8f9.zip/home/ninghai/.azureml/envs/azureml_6a453c57a1dbcf50c0b45c4aa1aba8f9/lib/python3.6/site-packages/azureml/history/utils/context_managers.py", line 89, in track
    fs.track(run_tracker, track_folders, blacklist)
  File "/mnt/resource/hadoop/yarn/local/usercache/ninghai/appcache/application_1527512542584_0209/container_e25_1527512542584_0209_02_000001/azureml_6a453c57a1dbcf50c0b45c4aa1aba8f9.zip/home/ninghai/.azureml/envs/azureml_6a453c57a1dbcf50c0b45c4aa1aba8f9/lib/python3.6/site-packages/azureml/history/utils/filesystem.py", line 130, in track
    self._upload_hdi_outputs(run_tracker)
  File "/mnt/resource/hadoop/yarn/local/usercache/ninghai/appcache/application_1527512542584_0209/container_e25_1527512542584_0209_02_000001/azureml_6a453c57a1dbcf50c0b45c4aa1aba8f9.zip/home/ninghai/.azureml/envs/azureml_6a453c57a1dbcf50c0b45c4aa1aba8f9/lib/python3.6/site-packages/azureml/history/utils/filesystem.py", line 154, in _upload_hdi_outputs
    container_sas = get_container_sas(wasburl)
  File "/mnt/resource/hadoop/yarn/local/usercache/ninghai/appcache/application_1527512542584_0209/container_e25_1527512542584_0209_02_000001/azureml_6a453c57a1dbcf50c0b45c4aa1aba8f9.zip/home/ninghai/.azureml/envs/azureml_6a453c57a1dbcf50c0b45c4aa1aba8f9/lib/python3.6/site-packages/azureml/history/utils/_hdi_wasb_utils.py", line 32, in get_container_sas
    from azure.storage.models import AccountPermissions
ModuleNotFoundError: No module named 'azure.storage.models'

During handling of the above exception, another exception occurred:

Traceback (most recent call last):
  File "context_manager_injector.py", line 111, in <module>
    execute_with_context(cm_objects, options.invocation)
  File "context_manager_injector.py", line 73, in execute_with_context
    print("Prehistory!", file=stream)
  File "/mnt/resource/hadoop/yarn/local/usercache/ninghai/appcache/application_1527512542584_0209/container_e25_1527512542584_0209_02_000001/azureml_6a453c57a1dbcf50c0b45c4aa1aba8f9.zip/home/ninghai/.azureml/envs/azureml_6a453c57a1dbcf50c0b45c4aa1aba8f9/lib/python3.6/contextlib.py", line 380, in __exit__
    raise exc_details[1]
  File "/mnt/resource/hadoop/yarn/local/usercache/ninghai/appcache/application_1527512542584_0209/container_e25_1527512542584_0209_02_000001/azureml_6a453c57a1dbcf50c0b45c4aa1aba8f9.zip/home/ninghai/.azureml/envs/azureml_6a453c57a1dbcf50c0b45c4aa1aba8f9/lib/python3.6/contextlib.py", line 365, in __exit__
    if cb(*exc_details):
  File "/mnt/resource/hadoop/yarn/local/usercache/ninghai/appcache/application_1527512542584_0209/container_e25_1527512542584_0209_02_000001/azureml_6a453c57a1dbcf50c0b45c4aa1aba8f9.zip/home/ninghai/.azureml/envs/azureml_6a453c57a1dbcf50c0b45c4aa1aba8f9/lib/python3.6/contextlib.py", line 284, in _exit_wrapper
    return cm_exit(cm, *exc_details)
  File "context_manager_injector.py", line 30, in __exit__
    self.context_manager.__exit__(*exc_details)
  File "/mnt/resource/hadoop/yarn/local/usercache/ninghai/appcache/application_1527512542584_0209/container_e25_1527512542584_0209_02_000001/context_managers.py", line 49, in __exit__
    self.history_context.__exit__(*args)
  File "/mnt/resource/hadoop/yarn/local/usercache/ninghai/appcache/application_1527512542584_0209/container_e25_1527512542584_0209_02_000001/azureml_6a453c57a1dbcf50c0b45c4aa1aba8f9.zip/home/ninghai/.azureml/envs/azureml_6a453c57a1dbcf50c0b45c4aa1aba8f9/lib/python3.6/site-packages/azureml/history/utils/context_managers.py", line 52, in __exit__
    self._exit_stack.__exit__(*args)
  File "/mnt/resource/hadoop/yarn/local/usercache/ninghai/appcache/application_1527512542584_0209/container_e25_1527512542584_0209_02_000001/azureml_6a453c57a1dbcf50c0b45c4aa1aba8f9.zip/home/ninghai/.azureml/envs/azureml_6a453c57a1dbcf50c0b45c4aa1aba8f9/lib/python3.6/contextlib.py", line 380, in __exit__
    raise exc_details[1]
  File "/mnt/resource/hadoop/yarn/local/usercache/ninghai/appcache/application_1527512542584_0209/container_e25_1527512542584_0209_02_000001/azureml_6a453c57a1dbcf50c0b45c4aa1aba8f9.zip/home/ninghai/.azureml/envs/azureml_6a453c57a1dbcf50c0b45c4aa1aba8f9/lib/python3.6/contextlib.py", line 365, in __exit__
    if cb(*exc_details):
  File "/mnt/resource/hadoop/yarn/local/usercache/ninghai/appcache/application_1527512542584_0209/container_e25_1527512542584_0209_02_000001/azureml_6a453c57a1dbcf50c0b45c4aa1aba8f9.zip/home/ninghai/.azureml/envs/azureml_6a453c57a1dbcf50c0b45c4aa1aba8f9/lib/python3.6/contextlib.py", line 284, in _exit_wrapper
    return cm_exit(cm, *exc_details)
  File "/mnt/resource/hadoop/yarn/local/usercache/ninghai/appcache/application_1527512542584_0209/container_e25_1527512542584_0209_02_000001/azureml_6a453c57a1dbcf50c0b45c4aa1aba8f9.zip/home/ninghai/.azureml/envs/azureml_6a453c57a1dbcf50c0b45c4aa1aba8f9/lib/python3.6/site-packages/azureml/history/utils/context_managers.py", line 156, in __exit__
    self.run_tracker.upload_file(self.driver_log_name, self.user_log_path)
  File "/mnt/resource/hadoop/yarn/local/usercache/ninghai/appcache/application_1527512542584_0209/container_e25_1527512542584_0209_02_000001/azureml_6a453c57a1dbcf50c0b45c4aa1aba8f9.zip/home/ninghai/.azureml/envs/azureml_6a453c57a1dbcf50c0b45c4aa1aba8f9/lib/python3.6/site-packages/azureml/core/run.py", line 474, in upload_file
    return self._client.upload_file(name, path_or_stream)
  File "/mnt/resource/hadoop/yarn/local/usercache/ninghai/appcache/application_1527512542584_0209/container_e25_1527512542584_0209_02_000001/azureml_6a453c57a1dbcf50c0b45c4aa1aba8f9.zip/home/ninghai/.azureml/envs/azureml_6a453c57a1dbcf50c0b45c4aa1aba8f9/lib/python3.6/site-packages/azureml/_run_impl/artifacts_client.py", line 57, in upload_file
    assert(len(artifact_keys) == 1)
AssertionError

End of LogType:stdout

Container: container_e25_1527512542584_0209_03_000001 on 10.0.0.15_30050_1528892922975
LogAggregationType: AGGREGATED
======================================================================================
18/06/13 12:28:51 INFO compress.CodecPool: Got brand-new decompressor [.deflate]
LogType:stdout
Log Upload Time:Wed Jun 13 12:28:43 +0000 2018
LogLength:10762
Log Contents:
****************
Python version: 3.6.2 |Anaconda, Inc.| (default, Oct  5 2017, 07:59:26) 
[GCC 7.2.0]
Spark version: 2.1.0.2.6.0.2-76
****************
First 10 rows of Iris dataset:
+------------+-----------+------------+-----------+-----------+
|sepal-length|sepal-width|petal-length|petal-width|      class|
+------------+-----------+------------+-----------+-----------+
|         5.1|        3.5|         1.4|        0.2|Iris-setosa|
|         4.9|        3.0|         1.4|        0.2|Iris-setosa|
|         4.7|        3.2|         1.3|        0.2|Iris-setosa|
|         4.6|        3.1|         1.5|        0.2|Iris-setosa|
|         5.0|        3.6|         1.4|        0.2|Iris-setosa|
|         5.4|        3.9|         1.7|        0.4|Iris-setosa|
|         4.6|        3.4|         1.4|        0.3|Iris-setosa|
|         5.0|        3.4|         1.5|        0.2|Iris-setosa|
|         4.4|        2.9|         1.4|        0.2|Iris-setosa|
|         4.9|        3.1|         1.5|        0.1|Iris-setosa|
+------------+-----------+------------+-----------+-----------+
only showing top 10 rows

Load featurized dataset for machine learning...
+-----------------+-----+
|         features|label|
+-----------------+-----+
|[5.1,3.5,1.4,0.2]|  0.0|
|[4.9,3.0,1.4,0.2]|  0.0|
|[4.7,3.2,1.3,0.2]|  0.0|
|[4.6,3.1,1.5,0.2]|  0.0|
|[5.0,3.6,1.4,0.2]|  0.0|
|[5.4,3.9,1.7,0.4]|  0.0|
|[4.6,3.4,1.4,0.3]|  0.0|
|[5.0,3.4,1.5,0.2]|  0.0|
|[4.4,2.9,1.4,0.2]|  0.0|
|[4.9,3.1,1.5,0.1]|  0.0|
+-----------------+-----+
only showing top 10 rows

Prediction
+-----------------+-----+--------------------+--------------------+----------+
|         features|label|       rawPrediction|         probability|prediction|
+-----------------+-----+--------------------+--------------------+----------+
|[4.7,3.2,1.6,0.2]|  0.0|[5.50911863431311...|[0.96837196701442...|       0.0|
|[4.8,3.0,1.4,0.3]|  0.0|[4.93600941175494...|[0.93370273236669...|       0.0|
|[4.8,3.1,1.6,0.2]|  0.0|[5.17512132014120...|[0.94914635697807...|       0.0|
|[4.8,3.4,1.6,0.2]|  0.0|[5.82252826426863...|[0.97901112392642...|       0.0|
|[4.8,3.4,1.9,0.2]|  0.0|[5.54529556431685...|[0.97415455004677...|       0.0|
|[4.9,2.4,3.3,1.0]|  1.0|[0.31027366882795...|[0.17195959054105...|       1.0|
|[4.9,3.1,1.5,0.1]|  0.0|[5.35746861430734...|[0.94913401151456...|       0.0|
|[5.0,2.3,3.3,1.0]|  1.0|[-0.0237236453439...|[0.11234855993735...|       1.0|
|[5.0,3.0,1.6,0.2]|  0.0|[4.72292900650654...|[0.90395841180348...|       0.0|
|[5.0,3.2,1.2,0.2]|  0.0|[5.52417723586052...|[0.95838416904996...|       0.0|
+-----------------+-----+--------------------+--------------------+----------+
only showing top 10 rows


#####################################
Regularization rate is 0.01
Accuracy is 0.9761904761904762
#####################################

The experiment completed successfully. Starting post-processing steps.
Traceback (most recent call last):
  File "context_manager_injector.py", line 72, in execute_with_context
    with open(complete_file_path, "a") as stream:
FileNotFoundError: [Errno 2] No such file or directory: '/mnt/resource/hadoop/yarn/local/usercache/ninghai/appcache/application_1527512542584_0209/container_e25_1527512542584_0209_03_000001/azureml-setup/complete'

Traceback (most recent call last):
  File "context_manager_injector.py", line 72, in execute_with_context
    with open(complete_file_path, "a") as stream:
FileNotFoundError: [Errno 2] No such file or directory: '/mnt/resource/hadoop/yarn/local/usercache/ninghai/appcache/application_1527512542584_0209/container_e25_1527512542584_0209_03_000001/azureml-setup/complete'

During handling of the above exception, another exception occurred:

Traceback (most recent call last):
  File "/mnt/resource/hadoop/yarn/local/usercache/ninghai/appcache/application_1527512542584_0209/container_e25_1527512542584_0209_03_000001/azureml_6a453c57a1dbcf50c0b45c4aa1aba8f9.zip/home/ninghai/.azureml/envs/azureml_6a453c57a1dbcf50c0b45c4aa1aba8f9/lib/python3.6/contextlib.py", line 365, in __exit__
    if cb(*exc_details):
  File "/mnt/resource/hadoop/yarn/local/usercache/ninghai/appcache/application_1527512542584_0209/container_e25_1527512542584_0209_03_000001/azureml_6a453c57a1dbcf50c0b45c4aa1aba8f9.zip/home/ninghai/.azureml/envs/azureml_6a453c57a1dbcf50c0b45c4aa1aba8f9/lib/python3.6/contextlib.py", line 284, in _exit_wrapper
    return cm_exit(cm, *exc_details)
  File "/mnt/resource/hadoop/yarn/local/usercache/ninghai/appcache/application_1527512542584_0209/container_e25_1527512542584_0209_03_000001/azureml_6a453c57a1dbcf50c0b45c4aa1aba8f9.zip/home/ninghai/.azureml/envs/azureml_6a453c57a1dbcf50c0b45c4aa1aba8f9/lib/python3.6/site-packages/azureml/history/utils/context_managers.py", line 140, in __exit__
    self.py_wd.track(self.run_tracker, self.trackfolders, self.blacklist)
  File "/mnt/resource/hadoop/yarn/local/usercache/ninghai/appcache/application_1527512542584_0209/container_e25_1527512542584_0209_03_000001/azureml_6a453c57a1dbcf50c0b45c4aa1aba8f9.zip/home/ninghai/.azureml/envs/azureml_6a453c57a1dbcf50c0b45c4aa1aba8f9/lib/python3.6/site-packages/azureml/history/utils/context_managers.py", line 89, in track
    fs.track(run_tracker, track_folders, blacklist)
  File "/mnt/resource/hadoop/yarn/local/usercache/ninghai/appcache/application_1527512542584_0209/container_e25_1527512542584_0209_03_000001/azureml_6a453c57a1dbcf50c0b45c4aa1aba8f9.zip/home/ninghai/.azureml/envs/azureml_6a453c57a1dbcf50c0b45c4aa1aba8f9/lib/python3.6/site-packages/azureml/history/utils/filesystem.py", line 130, in track
    self._upload_hdi_outputs(run_tracker)
  File "/mnt/resource/hadoop/yarn/local/usercache/ninghai/appcache/application_1527512542584_0209/container_e25_1527512542584_0209_03_000001/azureml_6a453c57a1dbcf50c0b45c4aa1aba8f9.zip/home/ninghai/.azureml/envs/azureml_6a453c57a1dbcf50c0b45c4aa1aba8f9/lib/python3.6/site-packages/azureml/history/utils/filesystem.py", line 154, in _upload_hdi_outputs
    container_sas = get_container_sas(wasburl)
  File "/mnt/resource/hadoop/yarn/local/usercache/ninghai/appcache/application_1527512542584_0209/container_e25_1527512542584_0209_03_000001/azureml_6a453c57a1dbcf50c0b45c4aa1aba8f9.zip/home/ninghai/.azureml/envs/azureml_6a453c57a1dbcf50c0b45c4aa1aba8f9/lib/python3.6/site-packages/azureml/history/utils/_hdi_wasb_utils.py", line 32, in get_container_sas
    from azure.storage.models import AccountPermissions
ModuleNotFoundError: No module named 'azure.storage.models'

During handling of the above exception, another exception occurred:

Traceback (most recent call last):
  File "context_manager_injector.py", line 111, in <module>
    execute_with_context(cm_objects, options.invocation)
  File "context_manager_injector.py", line 73, in execute_with_context
    print("Prehistory!", file=stream)
  File "/mnt/resource/hadoop/yarn/local/usercache/ninghai/appcache/application_1527512542584_0209/container_e25_1527512542584_0209_03_000001/azureml_6a453c57a1dbcf50c0b45c4aa1aba8f9.zip/home/ninghai/.azureml/envs/azureml_6a453c57a1dbcf50c0b45c4aa1aba8f9/lib/python3.6/contextlib.py", line 380, in __exit__
    raise exc_details[1]
  File "/mnt/resource/hadoop/yarn/local/usercache/ninghai/appcache/application_1527512542584_0209/container_e25_1527512542584_0209_03_000001/azureml_6a453c57a1dbcf50c0b45c4aa1aba8f9.zip/home/ninghai/.azureml/envs/azureml_6a453c57a1dbcf50c0b45c4aa1aba8f9/lib/python3.6/contextlib.py", line 365, in __exit__
    if cb(*exc_details):
  File "/mnt/resource/hadoop/yarn/local/usercache/ninghai/appcache/application_1527512542584_0209/container_e25_1527512542584_0209_03_000001/azureml_6a453c57a1dbcf50c0b45c4aa1aba8f9.zip/home/ninghai/.azureml/envs/azureml_6a453c57a1dbcf50c0b45c4aa1aba8f9/lib/python3.6/contextlib.py", line 284, in _exit_wrapper
    return cm_exit(cm, *exc_details)
  File "context_manager_injector.py", line 30, in __exit__
    self.context_manager.__exit__(*exc_details)
  File "/mnt/resource/hadoop/yarn/local/usercache/ninghai/appcache/application_1527512542584_0209/container_e25_1527512542584_0209_03_000001/context_managers.py", line 49, in __exit__
    self.history_context.__exit__(*args)
  File "/mnt/resource/hadoop/yarn/local/usercache/ninghai/appcache/application_1527512542584_0209/container_e25_1527512542584_0209_03_000001/azureml_6a453c57a1dbcf50c0b45c4aa1aba8f9.zip/home/ninghai/.azureml/envs/azureml_6a453c57a1dbcf50c0b45c4aa1aba8f9/lib/python3.6/site-packages/azureml/history/utils/context_managers.py", line 52, in __exit__
    self._exit_stack.__exit__(*args)
  File "/mnt/resource/hadoop/yarn/local/usercache/ninghai/appcache/application_1527512542584_0209/container_e25_1527512542584_0209_03_000001/azureml_6a453c57a1dbcf50c0b45c4aa1aba8f9.zip/home/ninghai/.azureml/envs/azureml_6a453c57a1dbcf50c0b45c4aa1aba8f9/lib/python3.6/contextlib.py", line 380, in __exit__
    raise exc_details[1]
  File "/mnt/resource/hadoop/yarn/local/usercache/ninghai/appcache/application_1527512542584_0209/container_e25_1527512542584_0209_03_000001/azureml_6a453c57a1dbcf50c0b45c4aa1aba8f9.zip/home/ninghai/.azureml/envs/azureml_6a453c57a1dbcf50c0b45c4aa1aba8f9/lib/python3.6/contextlib.py", line 365, in __exit__
    if cb(*exc_details):
  File "/mnt/resource/hadoop/yarn/local/usercache/ninghai/appcache/application_1527512542584_0209/container_e25_1527512542584_0209_03_000001/azureml_6a453c57a1dbcf50c0b45c4aa1aba8f9.zip/home/ninghai/.azureml/envs/azureml_6a453c57a1dbcf50c0b45c4aa1aba8f9/lib/python3.6/contextlib.py", line 284, in _exit_wrapper
    return cm_exit(cm, *exc_details)
  File "/mnt/resource/hadoop/yarn/local/usercache/ninghai/appcache/application_1527512542584_0209/container_e25_1527512542584_0209_03_000001/azureml_6a453c57a1dbcf50c0b45c4aa1aba8f9.zip/home/ninghai/.azureml/envs/azureml_6a453c57a1dbcf50c0b45c4aa1aba8f9/lib/python3.6/site-packages/azureml/history/utils/context_managers.py", line 156, in __exit__
    self.run_tracker.upload_file(self.driver_log_name, self.user_log_path)
  File "/mnt/resource/hadoop/yarn/local/usercache/ninghai/appcache/application_1527512542584_0209/container_e25_1527512542584_0209_03_000001/azureml_6a453c57a1dbcf50c0b45c4aa1aba8f9.zip/home/ninghai/.azureml/envs/azureml_6a453c57a1dbcf50c0b45c4aa1aba8f9/lib/python3.6/site-packages/azureml/core/run.py", line 474, in upload_file
    return self._client.upload_file(name, path_or_stream)
  File "/mnt/resource/hadoop/yarn/local/usercache/ninghai/appcache/application_1527512542584_0209/container_e25_1527512542584_0209_03_000001/azureml_6a453c57a1dbcf50c0b45c4aa1aba8f9.zip/home/ninghai/.azureml/envs/azureml_6a453c57a1dbcf50c0b45c4aa1aba8f9/lib/python3.6/site-packages/azureml/_run_impl/artifacts_client.py", line 57, in upload_file
    assert(len(artifact_keys) == 1)
AssertionError

End of LogType:stdout

Container: container_e25_1527512542584_0209_04_000001 on 10.0.0.12_30050_1528892922215
LogAggregationType: AGGREGATED
======================================================================================
18/06/13 12:28:51 INFO compress.CodecPool: Got brand-new decompressor [.deflate]
LogType:stdout
Log Upload Time:Wed Jun 13 12:28:42 +0000 2018
LogLength:10762
Log Contents:
****************
Python version: 3.6.2 |Anaconda, Inc.| (default, Oct  5 2017, 07:59:26) 
[GCC 7.2.0]
Spark version: 2.1.0.2.6.0.2-76
****************
First 10 rows of Iris dataset:
+------------+-----------+------------+-----------+-----------+
|sepal-length|sepal-width|petal-length|petal-width|      class|
+------------+-----------+------------+-----------+-----------+
|         5.1|        3.5|         1.4|        0.2|Iris-setosa|
|         4.9|        3.0|         1.4|        0.2|Iris-setosa|
|         4.7|        3.2|         1.3|        0.2|Iris-setosa|
|         4.6|        3.1|         1.5|        0.2|Iris-setosa|
|         5.0|        3.6|         1.4|        0.2|Iris-setosa|
|         5.4|        3.9|         1.7|        0.4|Iris-setosa|
|         4.6|        3.4|         1.4|        0.3|Iris-setosa|
|         5.0|        3.4|         1.5|        0.2|Iris-setosa|
|         4.4|        2.9|         1.4|        0.2|Iris-setosa|
|         4.9|        3.1|         1.5|        0.1|Iris-setosa|
+------------+-----------+------------+-----------+-----------+
only showing top 10 rows

Load featurized dataset for machine learning...
+-----------------+-----+
|         features|label|
+-----------------+-----+
|[5.1,3.5,1.4,0.2]|  0.0|
|[4.9,3.0,1.4,0.2]|  0.0|
|[4.7,3.2,1.3,0.2]|  0.0|
|[4.6,3.1,1.5,0.2]|  0.0|
|[5.0,3.6,1.4,0.2]|  0.0|
|[5.4,3.9,1.7,0.4]|  0.0|
|[4.6,3.4,1.4,0.3]|  0.0|
|[5.0,3.4,1.5,0.2]|  0.0|
|[4.4,2.9,1.4,0.2]|  0.0|
|[4.9,3.1,1.5,0.1]|  0.0|
+-----------------+-----+
only showing top 10 rows

Prediction
+-----------------+-----+--------------------+--------------------+----------+
|         features|label|       rawPrediction|         probability|prediction|
+-----------------+-----+--------------------+--------------------+----------+
|[4.6,3.2,1.4,0.2]|  0.0|[5.93080107169899...|[0.98191211296118...|       0.0|
|[4.7,3.2,1.6,0.2]|  0.0|[5.61662288331260...|[0.97444888311810...|       0.0|
|[4.8,3.4,1.6,0.2]|  0.0|[5.97790715580452...|[0.98401344543435...|       0.0|
|[4.8,3.4,1.9,0.2]|  0.0|[5.69122926578358...|[0.97929090556231...|       0.0|
|[5.0,3.5,1.6,0.6]|  0.0|[5.16856261170925...|[0.97333231374880...|       0.0|
|[5.0,3.6,1.4,0.2]|  0.0|[6.40725042660465...|[0.99001888802498...|       0.0|
|[5.1,2.5,3.0,1.1]|  1.0|[0.27920691585577...|[0.15137825492231...|       1.0|
|[5.1,3.8,1.5,0.3]|  0.0|[6.47162608047727...|[0.99233868206846...|       0.0|
|[5.2,3.5,1.5,0.2]|  0.0|[5.82340000608732...|[0.97867920555959...|       0.0|
|[5.4,3.0,4.5,1.5]|  1.0|[-1.1178989383212...|[0.06779072455952...|       1.0|
+-----------------+-----+--------------------+--------------------+----------+
only showing top 10 rows


#####################################
Regularization rate is 0.01
Accuracy is 0.9615384615384616
#####################################

The experiment completed successfully. Starting post-processing steps.
Traceback (most recent call last):
  File "context_manager_injector.py", line 72, in execute_with_context
    with open(complete_file_path, "a") as stream:
FileNotFoundError: [Errno 2] No such file or directory: '/mnt/resource/hadoop/yarn/local/usercache/ninghai/appcache/application_1527512542584_0209/container_e25_1527512542584_0209_04_000001/azureml-setup/complete'

Traceback (most recent call last):
  File "context_manager_injector.py", line 72, in execute_with_context
    with open(complete_file_path, "a") as stream:
FileNotFoundError: [Errno 2] No such file or directory: '/mnt/resource/hadoop/yarn/local/usercache/ninghai/appcache/application_1527512542584_0209/container_e25_1527512542584_0209_04_000001/azureml-setup/complete'

During handling of the above exception, another exception occurred:

Traceback (most recent call last):
  File "/mnt/resource/hadoop/yarn/local/usercache/ninghai/appcache/application_1527512542584_0209/container_e25_1527512542584_0209_04_000001/azureml_6a453c57a1dbcf50c0b45c4aa1aba8f9.zip/home/ninghai/.azureml/envs/azureml_6a453c57a1dbcf50c0b45c4aa1aba8f9/lib/python3.6/contextlib.py", line 365, in __exit__
    if cb(*exc_details):
  File "/mnt/resource/hadoop/yarn/local/usercache/ninghai/appcache/application_1527512542584_0209/container_e25_1527512542584_0209_04_000001/azureml_6a453c57a1dbcf50c0b45c4aa1aba8f9.zip/home/ninghai/.azureml/envs/azureml_6a453c57a1dbcf50c0b45c4aa1aba8f9/lib/python3.6/contextlib.py", line 284, in _exit_wrapper
    return cm_exit(cm, *exc_details)
  File "/mnt/resource/hadoop/yarn/local/usercache/ninghai/appcache/application_1527512542584_0209/container_e25_1527512542584_0209_04_000001/azureml_6a453c57a1dbcf50c0b45c4aa1aba8f9.zip/home/ninghai/.azureml/envs/azureml_6a453c57a1dbcf50c0b45c4aa1aba8f9/lib/python3.6/site-packages/azureml/history/utils/context_managers.py", line 140, in __exit__
    self.py_wd.track(self.run_tracker, self.trackfolders, self.blacklist)
  File "/mnt/resource/hadoop/yarn/local/usercache/ninghai/appcache/application_1527512542584_0209/container_e25_1527512542584_0209_04_000001/azureml_6a453c57a1dbcf50c0b45c4aa1aba8f9.zip/home/ninghai/.azureml/envs/azureml_6a453c57a1dbcf50c0b45c4aa1aba8f9/lib/python3.6/site-packages/azureml/history/utils/context_managers.py", line 89, in track
    fs.track(run_tracker, track_folders, blacklist)
  File "/mnt/resource/hadoop/yarn/local/usercache/ninghai/appcache/application_1527512542584_0209/container_e25_1527512542584_0209_04_000001/azureml_6a453c57a1dbcf50c0b45c4aa1aba8f9.zip/home/ninghai/.azureml/envs/azureml_6a453c57a1dbcf50c0b45c4aa1aba8f9/lib/python3.6/site-packages/azureml/history/utils/filesystem.py", line 130, in track
    self._upload_hdi_outputs(run_tracker)
  File "/mnt/resource/hadoop/yarn/local/usercache/ninghai/appcache/application_1527512542584_0209/container_e25_1527512542584_0209_04_000001/azureml_6a453c57a1dbcf50c0b45c4aa1aba8f9.zip/home/ninghai/.azureml/envs/azureml_6a453c57a1dbcf50c0b45c4aa1aba8f9/lib/python3.6/site-packages/azureml/history/utils/filesystem.py", line 154, in _upload_hdi_outputs
    container_sas = get_container_sas(wasburl)
  File "/mnt/resource/hadoop/yarn/local/usercache/ninghai/appcache/application_1527512542584_0209/container_e25_1527512542584_0209_04_000001/azureml_6a453c57a1dbcf50c0b45c4aa1aba8f9.zip/home/ninghai/.azureml/envs/azureml_6a453c57a1dbcf50c0b45c4aa1aba8f9/lib/python3.6/site-packages/azureml/history/utils/_hdi_wasb_utils.py", line 32, in get_container_sas
    from azure.storage.models import AccountPermissions
ModuleNotFoundError: No module named 'azure.storage.models'

During handling of the above exception, another exception occurred:

Traceback (most recent call last):
  File "context_manager_injector.py", line 111, in <module>
    execute_with_context(cm_objects, options.invocation)
  File "context_manager_injector.py", line 73, in execute_with_context
    print("Prehistory!", file=stream)
  File "/mnt/resource/hadoop/yarn/local/usercache/ninghai/appcache/application_1527512542584_0209/container_e25_1527512542584_0209_04_000001/azureml_6a453c57a1dbcf50c0b45c4aa1aba8f9.zip/home/ninghai/.azureml/envs/azureml_6a453c57a1dbcf50c0b45c4aa1aba8f9/lib/python3.6/contextlib.py", line 380, in __exit__
    raise exc_details[1]
  File "/mnt/resource/hadoop/yarn/local/usercache/ninghai/appcache/application_1527512542584_0209/container_e25_1527512542584_0209_04_000001/azureml_6a453c57a1dbcf50c0b45c4aa1aba8f9.zip/home/ninghai/.azureml/envs/azureml_6a453c57a1dbcf50c0b45c4aa1aba8f9/lib/python3.6/contextlib.py", line 365, in __exit__
    if cb(*exc_details):
  File "/mnt/resource/hadoop/yarn/local/usercache/ninghai/appcache/application_1527512542584_0209/container_e25_1527512542584_0209_04_000001/azureml_6a453c57a1dbcf50c0b45c4aa1aba8f9.zip/home/ninghai/.azureml/envs/azureml_6a453c57a1dbcf50c0b45c4aa1aba8f9/lib/python3.6/contextlib.py", line 284, in _exit_wrapper
    return cm_exit(cm, *exc_details)
  File "context_manager_injector.py", line 30, in __exit__
    self.context_manager.__exit__(*exc_details)
  File "/mnt/resource/hadoop/yarn/local/usercache/ninghai/appcache/application_1527512542584_0209/container_e25_1527512542584_0209_04_000001/context_managers.py", line 49, in __exit__
    self.history_context.__exit__(*args)
  File "/mnt/resource/hadoop/yarn/local/usercache/ninghai/appcache/application_1527512542584_0209/container_e25_1527512542584_0209_04_000001/azureml_6a453c57a1dbcf50c0b45c4aa1aba8f9.zip/home/ninghai/.azureml/envs/azureml_6a453c57a1dbcf50c0b45c4aa1aba8f9/lib/python3.6/site-packages/azureml/history/utils/context_managers.py", line 52, in __exit__
    self._exit_stack.__exit__(*args)
  File "/mnt/resource/hadoop/yarn/local/usercache/ninghai/appcache/application_1527512542584_0209/container_e25_1527512542584_0209_04_000001/azureml_6a453c57a1dbcf50c0b45c4aa1aba8f9.zip/home/ninghai/.azureml/envs/azureml_6a453c57a1dbcf50c0b45c4aa1aba8f9/lib/python3.6/contextlib.py", line 380, in __exit__
    raise exc_details[1]
  File "/mnt/resource/hadoop/yarn/local/usercache/ninghai/appcache/application_1527512542584_0209/container_e25_1527512542584_0209_04_000001/azureml_6a453c57a1dbcf50c0b45c4aa1aba8f9.zip/home/ninghai/.azureml/envs/azureml_6a453c57a1dbcf50c0b45c4aa1aba8f9/lib/python3.6/contextlib.py", line 365, in __exit__
    if cb(*exc_details):
  File "/mnt/resource/hadoop/yarn/local/usercache/ninghai/appcache/application_1527512542584_0209/container_e25_1527512542584_0209_04_000001/azureml_6a453c57a1dbcf50c0b45c4aa1aba8f9.zip/home/ninghai/.azureml/envs/azureml_6a453c57a1dbcf50c0b45c4aa1aba8f9/lib/python3.6/contextlib.py", line 284, in _exit_wrapper
    return cm_exit(cm, *exc_details)
  File "/mnt/resource/hadoop/yarn/local/usercache/ninghai/appcache/application_1527512542584_0209/container_e25_1527512542584_0209_04_000001/azureml_6a453c57a1dbcf50c0b45c4aa1aba8f9.zip/home/ninghai/.azureml/envs/azureml_6a453c57a1dbcf50c0b45c4aa1aba8f9/lib/python3.6/site-packages/azureml/history/utils/context_managers.py", line 156, in __exit__
    self.run_tracker.upload_file(self.driver_log_name, self.user_log_path)
  File "/mnt/resource/hadoop/yarn/local/usercache/ninghai/appcache/application_1527512542584_0209/container_e25_1527512542584_0209_04_000001/azureml_6a453c57a1dbcf50c0b45c4aa1aba8f9.zip/home/ninghai/.azureml/envs/azureml_6a453c57a1dbcf50c0b45c4aa1aba8f9/lib/python3.6/site-packages/azureml/core/run.py", line 474, in upload_file
    return self._client.upload_file(name, path_or_stream)
  File "/mnt/resource/hadoop/yarn/local/usercache/ninghai/appcache/application_1527512542584_0209/container_e25_1527512542584_0209_04_000001/azureml_6a453c57a1dbcf50c0b45c4aa1aba8f9.zip/home/ninghai/.azureml/envs/azureml_6a453c57a1dbcf50c0b45c4aa1aba8f9/lib/python3.6/site-packages/azureml/_run_impl/artifacts_client.py", line 57, in upload_file
    assert(len(artifact_keys) == 1)
AssertionError

End of LogType:stdout

Container: container_e25_1527512542584_0209_05_000001 on 10.0.0.15_30050_1528892922975
LogAggregationType: AGGREGATED
======================================================================================
18/06/13 12:28:52 INFO compress.CodecPool: Got brand-new decompressor [.deflate]
LogType:stdout
Log Upload Time:Wed Jun 13 12:28:43 +0000 2018
LogLength:10762
Log Contents:
****************
Python version: 3.6.2 |Anaconda, Inc.| (default, Oct  5 2017, 07:59:26) 
[GCC 7.2.0]
Spark version: 2.1.0.2.6.0.2-76
****************
First 10 rows of Iris dataset:
+------------+-----------+------------+-----------+-----------+
|sepal-length|sepal-width|petal-length|petal-width|      class|
+------------+-----------+------------+-----------+-----------+
|         5.1|        3.5|         1.4|        0.2|Iris-setosa|
|         4.9|        3.0|         1.4|        0.2|Iris-setosa|
|         4.7|        3.2|         1.3|        0.2|Iris-setosa|
|         4.6|        3.1|         1.5|        0.2|Iris-setosa|
|         5.0|        3.6|         1.4|        0.2|Iris-setosa|
|         5.4|        3.9|         1.7|        0.4|Iris-setosa|
|         4.6|        3.4|         1.4|        0.3|Iris-setosa|
|         5.0|        3.4|         1.5|        0.2|Iris-setosa|
|         4.4|        2.9|         1.4|        0.2|Iris-setosa|
|         4.9|        3.1|         1.5|        0.1|Iris-setosa|
+------------+-----------+------------+-----------+-----------+
only showing top 10 rows

Load featurized dataset for machine learning...
+-----------------+-----+
|         features|label|
+-----------------+-----+
|[5.1,3.5,1.4,0.2]|  0.0|
|[4.9,3.0,1.4,0.2]|  0.0|
|[4.7,3.2,1.3,0.2]|  0.0|
|[4.6,3.1,1.5,0.2]|  0.0|
|[5.0,3.6,1.4,0.2]|  0.0|
|[5.4,3.9,1.7,0.4]|  0.0|
|[4.6,3.4,1.4,0.3]|  0.0|
|[5.0,3.4,1.5,0.2]|  0.0|
|[4.4,2.9,1.4,0.2]|  0.0|
|[4.9,3.1,1.5,0.1]|  0.0|
+-----------------+-----+
only showing top 10 rows

Prediction
+-----------------+-----+--------------------+--------------------+----------+
|         features|label|       rawPrediction|         probability|prediction|
+-----------------+-----+--------------------+--------------------+----------+
|[4.4,3.2,1.3,0.2]|  0.0|[6.30512148810654...|[0.98710256916147...|       0.0|
|[4.6,3.1,1.5,0.2]|  0.0|[5.60829127939973...|[0.96967158726104...|       0.0|
|[4.8,3.0,1.4,0.1]|  0.0|[5.41555754311878...|[0.95206774739909...|       0.0|
|[4.8,3.4,1.9,0.2]|  0.0|[5.66250704645471...|[0.97425154035871...|       0.0|
|[4.9,3.0,1.4,0.2]|  0.0|[5.08353782140618...|[0.93659783641638...|       0.0|
|[4.9,3.1,1.5,0.1]|  0.0|[5.42406899286954...|[0.95323502136122...|       0.0|
|[5.0,2.0,3.5,1.0]|  1.0|[-1.1566675679818...|[0.02947996520563...|       1.0|
|[5.0,2.3,3.3,1.0]|  1.0|[-0.2420562912575...|[0.08583032702845...|       1.0|
|[5.0,3.3,1.4,0.2]|  0.0|[5.66833042755381...|[0.96865424994695...|       0.0|
|[5.0,3.4,1.6,0.4]|  0.0|[5.29960485580349...|[0.96539073875552...|       0.0|
+-----------------+-----+--------------------+--------------------+----------+
only showing top 10 rows


#####################################
Regularization rate is 0.01
Accuracy is 0.9591836734693877
#####################################

The experiment completed successfully. Starting post-processing steps.
Traceback (most recent call last):
  File "context_manager_injector.py", line 72, in execute_with_context
    with open(complete_file_path, "a") as stream:
FileNotFoundError: [Errno 2] No such file or directory: '/mnt/resource/hadoop/yarn/local/usercache/ninghai/appcache/application_1527512542584_0209/container_e25_1527512542584_0209_05_000001/azureml-setup/complete'

Traceback (most recent call last):
  File "context_manager_injector.py", line 72, in execute_with_context
    with open(complete_file_path, "a") as stream:
FileNotFoundError: [Errno 2] No such file or directory: '/mnt/resource/hadoop/yarn/local/usercache/ninghai/appcache/application_1527512542584_0209/container_e25_1527512542584_0209_05_000001/azureml-setup/complete'

During handling of the above exception, another exception occurred:

Traceback (most recent call last):
  File "/mnt/resource/hadoop/yarn/local/usercache/ninghai/appcache/application_1527512542584_0209/container_e25_1527512542584_0209_05_000001/azureml_6a453c57a1dbcf50c0b45c4aa1aba8f9.zip/home/ninghai/.azureml/envs/azureml_6a453c57a1dbcf50c0b45c4aa1aba8f9/lib/python3.6/contextlib.py", line 365, in __exit__
    if cb(*exc_details):
  File "/mnt/resource/hadoop/yarn/local/usercache/ninghai/appcache/application_1527512542584_0209/container_e25_1527512542584_0209_05_000001/azureml_6a453c57a1dbcf50c0b45c4aa1aba8f9.zip/home/ninghai/.azureml/envs/azureml_6a453c57a1dbcf50c0b45c4aa1aba8f9/lib/python3.6/contextlib.py", line 284, in _exit_wrapper
    return cm_exit(cm, *exc_details)
  File "/mnt/resource/hadoop/yarn/local/usercache/ninghai/appcache/application_1527512542584_0209/container_e25_1527512542584_0209_05_000001/azureml_6a453c57a1dbcf50c0b45c4aa1aba8f9.zip/home/ninghai/.azureml/envs/azureml_6a453c57a1dbcf50c0b45c4aa1aba8f9/lib/python3.6/site-packages/azureml/history/utils/context_managers.py", line 140, in __exit__
    self.py_wd.track(self.run_tracker, self.trackfolders, self.blacklist)
  File "/mnt/resource/hadoop/yarn/local/usercache/ninghai/appcache/application_1527512542584_0209/container_e25_1527512542584_0209_05_000001/azureml_6a453c57a1dbcf50c0b45c4aa1aba8f9.zip/home/ninghai/.azureml/envs/azureml_6a453c57a1dbcf50c0b45c4aa1aba8f9/lib/python3.6/site-packages/azureml/history/utils/context_managers.py", line 89, in track
    fs.track(run_tracker, track_folders, blacklist)
  File "/mnt/resource/hadoop/yarn/local/usercache/ninghai/appcache/application_1527512542584_0209/container_e25_1527512542584_0209_05_000001/azureml_6a453c57a1dbcf50c0b45c4aa1aba8f9.zip/home/ninghai/.azureml/envs/azureml_6a453c57a1dbcf50c0b45c4aa1aba8f9/lib/python3.6/site-packages/azureml/history/utils/filesystem.py", line 130, in track
    self._upload_hdi_outputs(run_tracker)
  File "/mnt/resource/hadoop/yarn/local/usercache/ninghai/appcache/application_1527512542584_0209/container_e25_1527512542584_0209_05_000001/azureml_6a453c57a1dbcf50c0b45c4aa1aba8f9.zip/home/ninghai/.azureml/envs/azureml_6a453c57a1dbcf50c0b45c4aa1aba8f9/lib/python3.6/site-packages/azureml/history/utils/filesystem.py", line 154, in _upload_hdi_outputs
    container_sas = get_container_sas(wasburl)
  File "/mnt/resource/hadoop/yarn/local/usercache/ninghai/appcache/application_1527512542584_0209/container_e25_1527512542584_0209_05_000001/azureml_6a453c57a1dbcf50c0b45c4aa1aba8f9.zip/home/ninghai/.azureml/envs/azureml_6a453c57a1dbcf50c0b45c4aa1aba8f9/lib/python3.6/site-packages/azureml/history/utils/_hdi_wasb_utils.py", line 32, in get_container_sas
    from azure.storage.models import AccountPermissions
ModuleNotFoundError: No module named 'azure.storage.models'

During handling of the above exception, another exception occurred:

Traceback (most recent call last):
  File "context_manager_injector.py", line 111, in <module>
    execute_with_context(cm_objects, options.invocation)
  File "context_manager_injector.py", line 73, in execute_with_context
    print("Prehistory!", file=stream)
  File "/mnt/resource/hadoop/yarn/local/usercache/ninghai/appcache/application_1527512542584_0209/container_e25_1527512542584_0209_05_000001/azureml_6a453c57a1dbcf50c0b45c4aa1aba8f9.zip/home/ninghai/.azureml/envs/azureml_6a453c57a1dbcf50c0b45c4aa1aba8f9/lib/python3.6/contextlib.py", line 380, in __exit__
    raise exc_details[1]
  File "/mnt/resource/hadoop/yarn/local/usercache/ninghai/appcache/application_1527512542584_0209/container_e25_1527512542584_0209_05_000001/azureml_6a453c57a1dbcf50c0b45c4aa1aba8f9.zip/home/ninghai/.azureml/envs/azureml_6a453c57a1dbcf50c0b45c4aa1aba8f9/lib/python3.6/contextlib.py", line 365, in __exit__
    if cb(*exc_details):
  File "/mnt/resource/hadoop/yarn/local/usercache/ninghai/appcache/application_1527512542584_0209/container_e25_1527512542584_0209_05_000001/azureml_6a453c57a1dbcf50c0b45c4aa1aba8f9.zip/home/ninghai/.azureml/envs/azureml_6a453c57a1dbcf50c0b45c4aa1aba8f9/lib/python3.6/contextlib.py", line 284, in _exit_wrapper
    return cm_exit(cm, *exc_details)
  File "context_manager_injector.py", line 30, in __exit__
    self.context_manager.__exit__(*exc_details)
  File "/mnt/resource/hadoop/yarn/local/usercache/ninghai/appcache/application_1527512542584_0209/container_e25_1527512542584_0209_05_000001/context_managers.py", line 49, in __exit__
    self.history_context.__exit__(*args)
  File "/mnt/resource/hadoop/yarn/local/usercache/ninghai/appcache/application_1527512542584_0209/container_e25_1527512542584_0209_05_000001/azureml_6a453c57a1dbcf50c0b45c4aa1aba8f9.zip/home/ninghai/.azureml/envs/azureml_6a453c57a1dbcf50c0b45c4aa1aba8f9/lib/python3.6/site-packages/azureml/history/utils/context_managers.py", line 52, in __exit__
    self._exit_stack.__exit__(*args)
  File "/mnt/resource/hadoop/yarn/local/usercache/ninghai/appcache/application_1527512542584_0209/container_e25_1527512542584_0209_05_000001/azureml_6a453c57a1dbcf50c0b45c4aa1aba8f9.zip/home/ninghai/.azureml/envs/azureml_6a453c57a1dbcf50c0b45c4aa1aba8f9/lib/python3.6/contextlib.py", line 380, in __exit__
    raise exc_details[1]
  File "/mnt/resource/hadoop/yarn/local/usercache/ninghai/appcache/application_1527512542584_0209/container_e25_1527512542584_0209_05_000001/azureml_6a453c57a1dbcf50c0b45c4aa1aba8f9.zip/home/ninghai/.azureml/envs/azureml_6a453c57a1dbcf50c0b45c4aa1aba8f9/lib/python3.6/contextlib.py", line 365, in __exit__
    if cb(*exc_details):
  File "/mnt/resource/hadoop/yarn/local/usercache/ninghai/appcache/application_1527512542584_0209/container_e25_1527512542584_0209_05_000001/azureml_6a453c57a1dbcf50c0b45c4aa1aba8f9.zip/home/ninghai/.azureml/envs/azureml_6a453c57a1dbcf50c0b45c4aa1aba8f9/lib/python3.6/contextlib.py", line 284, in _exit_wrapper
    return cm_exit(cm, *exc_details)
  File "/mnt/resource/hadoop/yarn/local/usercache/ninghai/appcache/application_1527512542584_0209/container_e25_1527512542584_0209_05_000001/azureml_6a453c57a1dbcf50c0b45c4aa1aba8f9.zip/home/ninghai/.azureml/envs/azureml_6a453c57a1dbcf50c0b45c4aa1aba8f9/lib/python3.6/site-packages/azureml/history/utils/context_managers.py", line 156, in __exit__
    self.run_tracker.upload_file(self.driver_log_name, self.user_log_path)
  File "/mnt/resource/hadoop/yarn/local/usercache/ninghai/appcache/application_1527512542584_0209/container_e25_1527512542584_0209_05_000001/azureml_6a453c57a1dbcf50c0b45c4aa1aba8f9.zip/home/ninghai/.azureml/envs/azureml_6a453c57a1dbcf50c0b45c4aa1aba8f9/lib/python3.6/site-packages/azureml/core/run.py", line 474, in upload_file
    return self._client.upload_file(name, path_or_stream)
  File "/mnt/resource/hadoop/yarn/local/usercache/ninghai/appcache/application_1527512542584_0209/container_e25_1527512542584_0209_05_000001/azureml_6a453c57a1dbcf50c0b45c4aa1aba8f9.zip/home/ninghai/.azureml/envs/azureml_6a453c57a1dbcf50c0b45c4aa1aba8f9/lib/python3.6/site-packages/azureml/_run_impl/artifacts_client.py", line 57, in upload_file
    assert(len(artifact_keys) == 1)
AssertionError

End of LogType:stdout


Specified ALL for -am option. Printed logs for all am containers.

Execution Summary
=================
RunId: e2e-05_1528892549389

{'Regularization Rate': [0.01, 0.01, 0.01, 0.01, 0.01], 'Accuracy': [1, 0.9411764705882353, 0.9761904761904762, 0.9615384615384616, 0.9591836734693877]}


##### 07.sklearn.hd.py (2018-06-13-08:29:09) ###########
Azure ML Core SDK Version: 0.1.0.1027341
Found config.json in: /data/git/hai/e2e_test/aml_config/config.json
Workspace details:
aml-notebooks haieastus2ws3 eastus2
/tmp/e2e-test/07 already exists, remove it.
/tmp/e2e-test/07
e2e-07
copy train-sklearn-one-model.py to the project folder.
create or load BatchAI compute cpucluster...
gpucluster BatchAI
cpucluster BatchAI
found compute target. just use it.
create generic estimator.

##################################################
Batch AI run...
##################################################

https://mlworkspace.azureml-test.net/home/%2Fsubscriptions%2Ffac34303-435d-4486-8c3f-7094d82a0b60%2FresourceGroups%2Faml-notebooks%2Fproviders%2FMicrosoft.MachineLearningServices%2Fworkspaces%2Fhaieastus2ws3/projects/e2e-07/run-history/run-details/e2e-07_1528892952499
RunId: e2e-07_1528892952499

Streaming azureml-logs/20_ice_log.txt
=====================================


Streaming azureml-logs/80_driver_log.txt
========================================

alpha value is: 0.1
Ridget model fitted.
Mean Squared Error is: 3372.6496278100326
The experiment completed successfully. Starting post-processing steps.

Execution Summary
=================
RunId: e2e-07_1528892952499

configure hyperdrive.

##################################################
Hyperdrive run on Batch AI...
##################################################

https://mlworkspace.azureml-test.net/home/%2Fsubscriptions%2Ffac34303-435d-4486-8c3f-7094d82a0b60%2FresourceGroups%2Faml-notebooks%2Fproviders%2FMicrosoft.MachineLearningServices%2Fworkspaces%2Fhaieastus2ws3/projects/e2e-07/run-history/run-details/e2e-07_1528892992886


##### 08.tf.hd.py (2018-06-13-08:29:56) ################
Azure ML Core SDK Version: 0.1.0.1027341
Found config.json in: /data/git/hai/e2e_test/aml_config/config.json
Workspace details:
aml-notebooks haieastus2ws3 eastus2
/tmp/e2e-test/08 already exists, remove it.
/tmp/e2e-test/08
e2e-08
copy mnist_tf.py to the project folder.
create or load BatchAI compute gpucluster...
gpucluster BatchAI
found compute target. just use it.
create TensorFlow estimator.

##################################################
submitting mnist_tf.py for a Batch AI run...
##################################################

https://mlworkspace.azureml-test.net/home/%2Fsubscriptions%2Ffac34303-435d-4486-8c3f-7094d82a0b60%2FresourceGroups%2Faml-notebooks%2Fproviders%2FMicrosoft.MachineLearningServices%2Fworkspaces%2Fhaieastus2ws3/projects/e2e-08/run-history/run-details/e2e-08_1528892999037
RunId: e2e-08_1528892999037

Streaming azureml-logs/20_ice_log.txt
=====================================


Streaming azureml-logs/60_control_log.txt
=========================================

Uploading experiment status to history service.
Adding run profile attachment azureml-logs/80_driver_log.txt

Streaming azureml-logs/80_driver_log.txt
========================================

Using Spark's default log4j profile: org/apache/spark/log4j-defaults.properties
Setting default log level to "WARN".
To adjust logging level use sc.setLogLevel(newLevel). For SparkR, use setLogLevel(newLevel).
18/06/13 12:30:23 WARN NativeCodeLoader: Unable to load native-hadoop library for your platform... using builtin-java classes where applicable
/azureml-envs/azureml_7a360e01fb3f8bf77a09082a58fa4865/lib/python3.6/importlib/_bootstrap.py:205: RuntimeWarning: compiletime version 3.5 of module 'tensorflow.python.framework.fast_tensor_util' does not match runtime version 3.6
  return f(*args, **kwds)
data path: /tmp
fetching MNIST data...
MNIST dataset downloaded.
MNIST dataset loaded in memory.
X:  (70000, 784)
y:  (70000,)
labels:  [0. 1. 2. 3. 4. 5. 6. 7. 8. 9.]
training a tensorflow model...
(55000, 784) (55000,)
batch_size: 50
n_batches: 1100
first layer neurons: 300
second layer neurons: 100
2018-06-13 12:30:28.867433: I tensorflow/core/platform/cpu_feature_guard.cc:137] Your CPU supports instructions that this TensorFlow binary was not compiled to use: SSE4.1 SSE4.2 AVX AVX2 FMA
2018-06-13 12:30:29.072983: I tensorflow/core/common_runtime/gpu/gpu_device.cc:1030] Found device 0 with properties: 
name: Tesla K80 major: 3 minor: 7 memoryClockRate(GHz): 0.8235
pciBusID: cf71:00:00.0
totalMemory: 11.92GiB freeMemory: 11.84GiB
2018-06-13 12:30:29.073031: I tensorflow/core/common_runtime/gpu/gpu_device.cc:1120] Creating TensorFlow device (/device:GPU:0) -> (device: 0, name: Tesla K80, pci bus id: cf71:00:00.0, compute capability: 3.7)
0 Train accuracy: 0.89452726 , Val accuracy; 0.89533335
1 Train accuracy: 0.9144545 , Val accuracy; 0.9126667
2 Train accuracy: 0.9270909 , Val accuracy; 0.92506665
3 Train accuracy: 0.9359818 , Val accuracy; 0.9324667
4 Train accuracy: 0.9409818 , Val accuracy; 0.93653333
5 Train accuracy: 0.94601816 , Val accuracy; 0.9421333
6 Train accuracy: 0.95223635 , Val accuracy; 0.9468667
7 Train accuracy: 0.9548182 , Val accuracy; 0.9500667
8 Train accuracy: 0.9585818 , Val accuracy; 0.9533333
9 Train accuracy: 0.9613636 , Val accuracy; 0.9558667
10 Train accuracy: 0.9632909 , Val accuracy; 0.95813334
11 Train accuracy: 0.96665454 , Val accuracy; 0.95926666
12 Train accuracy: 0.9689818 , Val accuracy; 0.9614
13 Train accuracy: 0.9710909 , Val accuracy; 0.9626
14 Train accuracy: 0.9729273 , Val accuracy; 0.96386665
15 Train accuracy: 0.97345454 , Val accuracy; 0.9644667
16 Train accuracy: 0.97490907 , Val accuracy; 0.96526664
17 Train accuracy: 0.97714543 , Val accuracy; 0.96673334
18 Train accuracy: 0.9776 , Val accuracy; 0.9668667
19 Train accuracy: 0.9788909 , Val accuracy; 0.96893334
20 Train accuracy: 0.98025453 , Val accuracy; 0.9688
21 Train accuracy: 0.9814909 , Val accuracy; 0.9698667
22 Train accuracy: 0.9820727 , Val accuracy; 0.97066665
23 Train accuracy: 0.9824727 , Val accuracy; 0.97
24 Train accuracy: 0.9836909 , Val accuracy; 0.97113335
Overall accuracy: 0.9711333333333333
Confusion matrix:
[[1408    0    3    2    1    5    7    3    6    6]
 [   0 1655   10    1    2    0    3    1    2    2]
 [   6    6 1457    4    3    0    3    8    9    1]
 [   1    0   11 1499    0   17    1    6   10    3]
 [   2    2    3    0 1403    0    4    4    2   14]
 [   5    3    2   17    9 1322   10    1   11    7]
 [   9    1    1    1    6    5 1469    0    8    0]
 [   2    2   10    4    6    1    2 1534    2   11]
 [   4   12    4   10    7   10    4    1 1426    5]
 [   6    2    1   10   19    4    0   13   11 1394]]
The experiment completed successfully. Starting post-processing steps.

Execution Summary
=================
RunId: e2e-08_1528892999037

configure hyperdrive.

##################################################
submitting mnist_tf.py for a hyperdrive run on Batch AI...
##################################################

https://mlworkspace.azureml-test.net/home/%2Fsubscriptions%2Ffac34303-435d-4486-8c3f-7094d82a0b60%2FresourceGroups%2Faml-notebooks%2Fproviders%2FMicrosoft.MachineLearningServices%2Fworkspaces%2Fhaieastus2ws3/projects/e2e-08/run-history/run-details/e2e-08_1528893111733


##### 10.o16n.py (2018-06-13-08:31:53) #################
Azure ML Core SDK Version: 0.1.0.1027341
Found config.json in: /data/git/hai/e2e_test/aml_config/config.json
Workspace details:
aml-notebooks haieastus2ws3 eastus2
Registering model best_model.pkl
Name: best_model.pkl 	Version: 224 	Description: Ridge regression model to predict diabetes ['diabetes', 'regression']
Name: best_model.pkl 	Version: 222 	Description: Ridge regression model to predict diabetes ['diabetes', 'regression']
Name: best_model.pkl 	Version: 220 	Description: Ridge regression model to predict diabetes ['diabetes', 'regression']
Name: best_model.pkl 	Version: 218 	Description: Ridge regression model to predict diabetes ['diabetes', 'regression']
Name: best_model.pkl 	Version: 216 	Description: Ridge regression model to predict diabetes ['diabetes', 'regression']
Name: best_model.pkl 	Version: 214 	Description: Ridge regression model to predict diabetes ['diabetes', 'regression']
Name: best_model.pkl 	Version: 212 	Description: Ridge regression model to predict diabetes ['diabetes', 'regression']
Name: best_model.pkl 	Version: 210 	Description: Ridge regression model to predict diabetes ['diabetes', 'regression']
Name: best_model.pkl 	Version: 208 	Description: Ridge regression model to predict diabetes ['diabetes', 'regression']
Name: best_model.pkl 	Version: 206 	Description: Ridge regression model to predict diabetes ['diabetes', 'regression']
Name: best_model.pkl 	Version: 204 	Description: Ridge regression model to predict diabetes ['diabetes', 'regression']
Name: best_model.pkl 	Version: 202 	Description: Ridge regression model to predict diabetes ['diabetes', 'regression']
Name: best_model.pkl 	Version: 200 	Description: Ridge regression model to predict diabetes ['diabetes', 'regression']
Name: best_model.pkl 	Version: 198 	Description: Ridge regression model to predict diabetes ['diabetes', 'regression']
Name: best_model.pkl 	Version: 196 	Description: Ridge regression model to predict diabetes ['diabetes', 'regression']
Name: best_model.pkl 	Version: 194 	Description: Ridge regression model to predict diabetes ['diabetes', 'regression']
Name: best_model.pkl 	Version: 192 	Description: Ridge regression model to predict diabetes ['diabetes', 'regression']
Name: best_model.pkl 	Version: 189 	Description: Ridge regression model to predict diabetes ['diabetes', 'regression']
Ridge regression model to predict diabetes
Creating image
Running.........................
SucceededImage creation operation finished for image myimage:121, operation "Succeeded"
myimage(v.121 [Succeeded]) stored at haieastuacrgghjerik.azurecr.io/myimage:121 with build log https://eastus2ice.blob.core.windows.net/logs/haieastuacrgghjerik15288931217075172.txt?sp=r&sv=2017-04-17&sr=b&sig=p8ZGkU%2BBy9knLirLqkxQ2/ZeFXz5OSMCljezkZhgpk8%3D&se=2018-07-13T12%3A34%3A05Z
myimage(v.104 [Failed]) stored at haieastuacrgghjerik.azurecr.io/myimage:104 with build log None
Creating service
Running......................................................................
SucceededACI service creation operation finished, operation "Succeeded"
{"result": [5215.19813157987, 3726.9954859385766]}
rrs02-preview http://23.101.140.167:5001/score
rrs01-preview http://104.41.138.121:5001/score
delete service.
delete image
delete model
HEAD is now at 8a6b80c clean up o16n
Your branch is up-to-date with 'origin/master'.
Already up-to-date.


###################################
########### END AT 2018-06-13-08:40:27
###################################
