+++ echo '###################################'
###################################
++++ date +%F-%T
+++ echo 'START AT: 2018-05-27-23:42:56'
START AT: 2018-05-27-23:42:56
+++ echo '###################################'
###################################
+++ source activate daily
++++ _CONDA_ROOT=/home/ninghai/miniconda3
++++ . /home/ninghai/miniconda3/etc/profile.d/conda.sh
+++++ _CONDA_EXE=/home/ninghai/miniconda3/bin/conda
+++++ _CONDA_ROOT=/home/ninghai/miniconda3
+++++ _conda_set_vars
+++++ '[' -n x ']'
+++++ _CONDA_SHELL_FLAVOR=bash
+++++ '[' -z x ']'
+++++ '[' -z '' ']'
+++++ PS1=
+++++ '[' -z x ']'
++++ _conda_activate daily
++++ '[' -n '' ']'
++++ local ask_conda
+++++ PS1=
+++++ /home/ninghai/miniconda3/bin/conda shell.posix activate daily
++++ ask_conda='PS1='\''(daily) '\''
\export CONDA_PROMPT_MODIFIER='\''(daily) '\''
\export CONDA_SHLVL='\''1'\''
\export PATH='\''/home/ninghai/miniconda3/envs/daily/bin:/home/ninghai/bin:/home/ninghai/.local/bin:/home/ninghai/miniconda3/bin:/usr/local/cuda/bin:/usr/local/sbin:/usr/local/bin:/usr/sbin:/usr/bin:/sbin:/bin:/usr/games:/usr/local/games:/snap/bin:/home/ninghai/bin'\'''
++++ eval 'PS1='\''(daily) '\''
\export CONDA_PROMPT_MODIFIER='\''(daily) '\''
\export CONDA_SHLVL='\''1'\''
\export PATH='\''/home/ninghai/miniconda3/envs/daily/bin:/home/ninghai/bin:/home/ninghai/.local/bin:/home/ninghai/miniconda3/bin:/usr/local/cuda/bin:/usr/local/sbin:/usr/local/bin:/usr/sbin:/usr/bin:/sbin:/bin:/usr/games:/usr/local/games:/snap/bin:/home/ninghai/bin'\'''
+++++ PS1='(daily) '
+++++ export 'CONDA_PROMPT_MODIFIER=(daily) '
+++++ CONDA_PROMPT_MODIFIER='(daily) '
+++++ export CONDA_SHLVL=1
+++++ CONDA_SHLVL=1
+++++ export PATH=/home/ninghai/miniconda3/envs/daily/bin:/home/ninghai/bin:/home/ninghai/.local/bin:/home/ninghai/miniconda3/bin:/usr/local/cuda/bin:/usr/local/sbin:/usr/local/bin:/usr/sbin:/usr/bin:/sbin:/bin:/usr/games:/usr/local/games:/snap/bin:/home/ninghai/bin
+++++ PATH=/home/ninghai/miniconda3/envs/daily/bin:/home/ninghai/bin:/home/ninghai/.local/bin:/home/ninghai/miniconda3/bin:/usr/local/cuda/bin:/usr/local/sbin:/usr/local/bin:/usr/sbin:/usr/bin:/sbin:/bin:/usr/games:/usr/local/games:/snap/bin:/home/ninghai/bin
++++ _conda_hashr
++++ case "$_CONDA_SHELL_FLAVOR" in
++++ hash -r
+++ echo ''

+++ echo ''

+++ echo '##### 01.interactive.e2e.py ######'
##### 01.interactive.e2e.py ######
+++ python ./01.interactive.e2e.py
  0%|          | 0/20 [00:00<?, ?it/s]  5%|▌         | 1/20 [00:01<00:29,  1.53s/it] 10%|█         | 2/20 [00:03<00:28,  1.58s/it] 15%|█▌        | 3/20 [00:04<00:27,  1.59s/it] 20%|██        | 4/20 [00:06<00:25,  1.58s/it] 25%|██▌       | 5/20 [00:07<00:23,  1.59s/it] 30%|███       | 6/20 [00:14<00:34,  2.45s/it] 35%|███▌      | 7/20 [00:16<00:30,  2.32s/it] 40%|████      | 8/20 [00:17<00:26,  2.23s/it] 45%|████▌     | 9/20 [00:19<00:23,  2.18s/it] 50%|█████     | 10/20 [00:21<00:21,  2.12s/it] 55%|█████▌    | 11/20 [00:22<00:18,  2.08s/it] 60%|██████    | 12/20 [00:24<00:16,  2.03s/it] 65%|██████▌   | 13/20 [00:26<00:14,  2.00s/it]Azure ML Core SDK Version: 0.1.0.972625
Found config.json in: /data/git/ViennaTest/results/2018-05-27-23-42-38-EDT/scripts/aml_config/config.json
Workspace details:
aml-notebooks haieastus2ws3 eastus2
Traceback (most recent call last):
  File "./01.interactive.e2e.py", line 72, in <module>
    run.upload_file(name = "outputs/" + model_file_name, path_or_stream = model_file_name)
  File "/home/ninghai/miniconda3/envs/daily/lib/python3.6/site-packages/azureml/core/run.py", line 510, in upload_file
    return self._client.upload_file(name, path_or_stream)
  File "/home/ninghai/miniconda3/envs/daily/lib/python3.6/site-packages/azureml/_run_impl/artifacts_client.py", line 77, in upload_file
    content_settings=content_settings)
  File "/home/ninghai/miniconda3/envs/daily/lib/python3.6/site-packages/azure/storage/blob/blockblobservice.py", line 555, in create_blob_from_stream
    initialization_vector=iv
  File "/home/ninghai/miniconda3/envs/daily/lib/python3.6/site-packages/azure/storage/blob/_upload_chunking.py", line 92, in _upload_blob_chunks
    range_ids = [f.result() for f in futures]
  File "/home/ninghai/miniconda3/envs/daily/lib/python3.6/site-packages/azure/storage/blob/_upload_chunking.py", line 92, in <listcomp>
    range_ids = [f.result() for f in futures]
  File "/home/ninghai/miniconda3/envs/daily/lib/python3.6/concurrent/futures/_base.py", line 427, in result
    self._condition.wait(timeout)
  File "/home/ninghai/miniconda3/envs/daily/lib/python3.6/threading.py", line 295, in wait
    waiter.acquire()
KeyboardInterrupt
+++ echo ''

+++ echo ''

+++ echo '##### 02.lcoal.py ################'
##### 02.lcoal.py ################
+++ python ./02.local.py
Traceback (most recent call last):
  File "./02.local.py", line 1, in <module>
    import azureml.core
  File "/home/ninghai/miniconda3/envs/daily/lib/python3.6/site-packages/azureml/core/__init__.py", line 5, in <module>
    from azureml.core.workspace import Workspace
  File "/home/ninghai/miniconda3/envs/daily/lib/python3.6/site-packages/azureml/core/workspace.py", line 11, in <module>
    import requests
  File "/home/ninghai/miniconda3/envs/daily/lib/python3.6/site-packages/requests/__init__.py", line 97, in <module>
    from . import utils
  File "/home/ninghai/miniconda3/envs/daily/lib/python3.6/site-packages/requests/utils.py", line 26, in <module>
    from ._internal_utils import to_native_string
  File "/home/ninghai/miniconda3/envs/daily/lib/python3.6/site-packages/requests/_internal_utils.py", line 11, in <module>
    from .compat import is_py2, builtin_str, str
  File "/home/ninghai/miniconda3/envs/daily/lib/python3.6/site-packages/requests/compat.py", line 59, in <module>
    from http import cookiejar as cookielib
  File "/home/ninghai/miniconda3/envs/daily/lib/python3.6/http/cookiejar.py", line 663, in <module>
    ESCAPED_CHAR_RE = re.compile(r"%([0-9a-fA-F][0-9a-fA-F])")
  File "/home/ninghai/miniconda3/envs/daily/lib/python3.6/re.py", line 233, in compile
    return _compile(pattern, flags)
  File "/home/ninghai/miniconda3/envs/daily/lib/python3.6/re.py", line 301, in _compile
    p = sre_compile.compile(pattern, flags)
  File "/home/ninghai/miniconda3/envs/daily/lib/python3.6/sre_compile.py", line 562, in compile
    p = sre_parse.parse(p, flags)
  File "/home/ninghai/miniconda3/envs/daily/lib/python3.6/sre_parse.py", line 855, in parse
    p = _parse_sub(source, pattern, flags & SRE_FLAG_VERBOSE, 0)
  File "/home/ninghai/miniconda3/envs/daily/lib/python3.6/sre_parse.py", line 416, in _parse_sub
    not nested and not items))
  File "/home/ninghai/miniconda3/envs/daily/lib/python3.6/sre_parse.py", line 765, in _parse
    p = _parse_sub(source, state, sub_verbose, nested + 1)
  File "/home/ninghai/miniconda3/envs/daily/lib/python3.6/sre_parse.py", line 416, in _parse_sub
    not nested and not items))
  File "/home/ninghai/miniconda3/envs/daily/lib/python3.6/sre_parse.py", line 546, in _parse
    if code1[0] != LITERAL or code2[0] != LITERAL:
KeyboardInterrupt
+++ echo ''

+++ echo ''

+++ echo '##### 03.aci.py ##################'
##### 03.aci.py ##################
+++ python ./03.aci.py
Traceback (most recent call last):
  File "<frozen importlib._bootstrap>", line 888, in _find_spec
AttributeError: '_SixMetaPathImporter' object has no attribute 'find_spec'

During handling of the above exception, another exception occurred:

Traceback (most recent call last):
  File "./03.aci.py", line 1, in <module>
    import azureml.core
  File "/home/ninghai/miniconda3/envs/daily/lib/python3.6/site-packages/azureml/core/__init__.py", line 5, in <module>
    from azureml.core.workspace import Workspace
  File "/home/ninghai/miniconda3/envs/daily/lib/python3.6/site-packages/azureml/core/workspace.py", line 11, in <module>
    import requests
  File "/home/ninghai/miniconda3/envs/daily/lib/python3.6/site-packages/requests/__init__.py", line 43, in <module>
    import urllib3
  File "/home/ninghai/miniconda3/envs/daily/lib/python3.6/site-packages/urllib3/__init__.py", line 8, in <module>
    from .connectionpool import (
  File "/home/ninghai/miniconda3/envs/daily/lib/python3.6/site-packages/urllib3/connectionpool.py", line 11, in <module>
    from .exceptions import (
  File "/home/ninghai/miniconda3/envs/daily/lib/python3.6/site-packages/urllib3/exceptions.py", line 2, in <module>
    from .packages.six.moves.http_client import (
  File "<frozen importlib._bootstrap>", line 971, in _find_and_load
  File "<frozen importlib._bootstrap>", line 951, in _find_and_load_unlocked
  File "<frozen importlib._bootstrap>", line 890, in _find_spec
  File "<frozen importlib._bootstrap>", line 867, in _find_spec_legacy
  File "<frozen importlib._bootstrap>", line 449, in spec_from_loader
  File "/home/ninghai/miniconda3/envs/daily/lib/python3.6/site-packages/urllib3/packages/six.py", line 216, in is_package
    return hasattr(self.__get_module(fullname), "__path__")
  File "/home/ninghai/miniconda3/envs/daily/lib/python3.6/site-packages/urllib3/packages/six.py", line 118, in __getattr__
    _module = self._resolve()
  File "/home/ninghai/miniconda3/envs/daily/lib/python3.6/site-packages/urllib3/packages/six.py", line 115, in _resolve
    return _import_module(self.mod)
  File "/home/ninghai/miniconda3/envs/daily/lib/python3.6/site-packages/urllib3/packages/six.py", line 82, in _import_module
    __import__(name)
  File "/home/ninghai/miniconda3/envs/daily/lib/python3.6/http/client.py", line 71, in <module>
    import email.parser
  File "/home/ninghai/miniconda3/envs/daily/lib/python3.6/email/parser.py", line 12, in <module>
    from email.feedparser import FeedParser, BytesFeedParser
  File "/home/ninghai/miniconda3/envs/daily/lib/python3.6/email/feedparser.py", line 27, in <module>
    from email._policybase import compat32
  File "/home/ninghai/miniconda3/envs/daily/lib/python3.6/email/_policybase.py", line 7, in <module>
    from email import header
  File "<frozen importlib._bootstrap>", line 971, in _find_and_load
  File "<frozen importlib._bootstrap>", line 955, in _find_and_load_unlocked
  File "<frozen importlib._bootstrap>", line 665, in _load_unlocked
  File "<frozen importlib._bootstrap_external>", line 674, in exec_module
  File "<frozen importlib._bootstrap_external>", line 758, in get_code
  File "<frozen importlib._bootstrap_external>", line 842, in path_stats
  File "<frozen importlib._bootstrap_external>", line 82, in _path_stat
KeyboardInterrupt
+++ echo ''

+++ echo ''

+++ echo '##### 04.dsvm ####################'
##### 04.dsvm ####################
+++ python ./04.dsvm.py
Traceback (most recent call last):
  File "./04.dsvm.py", line 1, in <module>
    import azureml.core
  File "/home/ninghai/miniconda3/envs/daily/lib/python3.6/site-packages/azureml/core/__init__.py", line 5, in <module>
    from azureml.core.workspace import Workspace
  File "/home/ninghai/miniconda3/envs/daily/lib/python3.6/site-packages/azureml/core/workspace.py", line 11, in <module>
    import requests
  File "/home/ninghai/miniconda3/envs/daily/lib/python3.6/site-packages/requests/__init__.py", line 44, in <module>
    import chardet
  File "/home/ninghai/miniconda3/envs/daily/lib/python3.6/site-packages/chardet/__init__.py", line 20, in <module>
    from .universaldetector import UniversalDetector
  File "/home/ninghai/miniconda3/envs/daily/lib/python3.6/site-packages/chardet/universaldetector.py", line 48, in <module>
    from .sbcsgroupprober import SBCSGroupProber
  File "/home/ninghai/miniconda3/envs/daily/lib/python3.6/site-packages/chardet/sbcsgroupprober.py", line 37, in <module>
    from .langthaimodel import TIS620ThaiModel
  File "<frozen importlib._bootstrap>", line 971, in _find_and_load
  File "<frozen importlib._bootstrap>", line 955, in _find_and_load_unlocked
  File "<frozen importlib._bootstrap>", line 665, in _load_unlocked
  File "<frozen importlib._bootstrap_external>", line 674, in exec_module
  File "<frozen importlib._bootstrap_external>", line 779, in get_code
  File "<frozen importlib._bootstrap_external>", line 487, in _compile_bytecode
KeyboardInterrupt
+++ echo ''

+++ echo ''

+++ echo '##### 05.spark ###################'
##### 05.spark ###################
+++ python ./05.spark.py
Traceback (most recent call last):
  File "./05.spark.py", line 1, in <module>
    import azureml.core
  File "/home/ninghai/miniconda3/envs/daily/lib/python3.6/site-packages/azureml/core/__init__.py", line 5, in <module>
    from azureml.core.workspace import Workspace
  File "/home/ninghai/miniconda3/envs/daily/lib/python3.6/site-packages/azureml/core/workspace.py", line 11, in <module>
    import requests
  File "/home/ninghai/miniconda3/envs/daily/lib/python3.6/site-packages/requests/__init__.py", line 43, in <module>
    import urllib3
  File "/home/ninghai/miniconda3/envs/daily/lib/python3.6/site-packages/urllib3/__init__.py", line 8, in <module>
    from .connectionpool import (
  File "/home/ninghai/miniconda3/envs/daily/lib/python3.6/site-packages/urllib3/connectionpool.py", line 11, in <module>
    from .exceptions import (
  File "/home/ninghai/miniconda3/envs/daily/lib/python3.6/site-packages/urllib3/exceptions.py", line 2, in <module>
    from .packages.six.moves.http_client import (
  File "/home/ninghai/miniconda3/envs/daily/lib/python3.6/site-packages/urllib3/packages/__init__.py", line 3, in <module>
    from . import ssl_match_hostname
  File "/home/ninghai/miniconda3/envs/daily/lib/python3.6/site-packages/urllib3/packages/ssl_match_hostname/__init__.py", line 9, in <module>
    from ssl import CertificateError, match_hostname
  File "/home/ninghai/miniconda3/envs/daily/lib/python3.6/ssl.py", line 93, in <module>
    import ipaddress
  File "<frozen importlib._bootstrap>", line 971, in _find_and_load
  File "<frozen importlib._bootstrap>", line 955, in _find_and_load_unlocked
  File "<frozen importlib._bootstrap>", line 665, in _load_unlocked
  File "<frozen importlib._bootstrap_external>", line 674, in exec_module
  File "<frozen importlib._bootstrap_external>", line 771, in get_code
  File "<frozen importlib._bootstrap_external>", line 482, in _validate_bytecode_header
KeyboardInterrupt
+++ echo ''

+++ echo ''

+++ echo '##### 07.sklearn.hd.py ###########'
##### 07.sklearn.hd.py ###########
+++ python ./07.sklearn.hd.py
Traceback (most recent call last):
  File "./07.sklearn.hd.py", line 1, in <module>
    import azureml.core
  File "/home/ninghai/miniconda3/envs/daily/lib/python3.6/site-packages/azureml/core/__init__.py", line 5, in <module>
    from azureml.core.workspace import Workspace
  File "/home/ninghai/miniconda3/envs/daily/lib/python3.6/site-packages/azureml/core/workspace.py", line 11, in <module>
    import requests
  File "/home/ninghai/miniconda3/envs/daily/lib/python3.6/site-packages/requests/__init__.py", line 84, in <module>
    from urllib3.contrib import pyopenssl
  File "/home/ninghai/miniconda3/envs/daily/lib/python3.6/site-packages/urllib3/contrib/pyopenssl.py", line 48, in <module>
    from cryptography.hazmat.backends.openssl import backend as openssl_backend
  File "/home/ninghai/miniconda3/envs/daily/lib/python3.6/site-packages/cryptography/hazmat/backends/openssl/__init__.py", line 7, in <module>
    from cryptography.hazmat.backends.openssl.backend import backend
  File "/home/ninghai/miniconda3/envs/daily/lib/python3.6/site-packages/cryptography/hazmat/backends/openssl/backend.py", line 26, in <module>
    from cryptography.hazmat.backends.openssl.decode_asn1 import _Integers
  File "<frozen importlib._bootstrap>", line 971, in _find_and_load
  File "<frozen importlib._bootstrap>", line 955, in _find_and_load_unlocked
  File "<frozen importlib._bootstrap>", line 665, in _load_unlocked
  File "<frozen importlib._bootstrap_external>", line 674, in exec_module
  File "<frozen importlib._bootstrap_external>", line 764, in get_code
  File "<frozen importlib._bootstrap_external>", line 832, in get_data
KeyboardInterrupt
+++ echo ''

+++ echo ''

+++ echo '##### 08.tf.hd.py ################'
##### 08.tf.hd.py ################
+++ python ./08.tf.hd.py
Traceback (most recent call last):
  File "./08.tf.hd.py", line 1, in <module>
    import azureml.core
  File "/home/ninghai/miniconda3/envs/daily/lib/python3.6/site-packages/azureml/core/__init__.py", line 5, in <module>
    from azureml.core.workspace import Workspace
  File "/home/ninghai/miniconda3/envs/daily/lib/python3.6/site-packages/azureml/core/workspace.py", line 11, in <module>
    import requests
  File "/home/ninghai/miniconda3/envs/daily/lib/python3.6/site-packages/requests/__init__.py", line 43, in <module>
    import urllib3
  File "/home/ninghai/miniconda3/envs/daily/lib/python3.6/site-packages/urllib3/__init__.py", line 8, in <module>
    from .connectionpool import (
  File "/home/ninghai/miniconda3/envs/daily/lib/python3.6/site-packages/urllib3/connectionpool.py", line 29, in <module>
    from .connection import (
  File "/home/ninghai/miniconda3/envs/daily/lib/python3.6/site-packages/urllib3/connection.py", line 39, in <module>
    from .util.ssl_ import (
  File "/home/ninghai/miniconda3/envs/daily/lib/python3.6/site-packages/urllib3/util/__init__.py", line 3, in <module>
    from .connection import is_connection_dropped
  File "/home/ninghai/miniconda3/envs/daily/lib/python3.6/site-packages/urllib3/util/connection.py", line 3, in <module>
    from .wait import wait_for_read
  File "/home/ninghai/miniconda3/envs/daily/lib/python3.6/site-packages/urllib3/util/wait.py", line 1, in <module>
    from .selectors import (
  File "/home/ninghai/miniconda3/envs/daily/lib/python3.6/site-packages/urllib3/util/selectors.py", line 127, in <module>
    SelectorKey = namedtuple('SelectorKey', ['fileobj', 'fd', 'events', 'data'])
  File "/home/ninghai/miniconda3/envs/daily/lib/python3.6/collections/__init__.py", line 429, in namedtuple
    exec(class_definition, namespace)
  File "<string>", line 1, in <module>
KeyboardInterrupt
+++ echo ''

+++ echo ''

+++ echo '##### 10.o16n.py #################'
##### 10.o16n.py #################
+++ python ./10.o16n.py
Traceback (most recent call last):
  File "./10.o16n.py", line 1, in <module>
    from sklearn.datasets import load_diabetes
  File "/home/ninghai/miniconda3/envs/daily/lib/python3.6/site-packages/sklearn/__init__.py", line 134, in <module>
    from .base import clone
  File "/home/ninghai/miniconda3/envs/daily/lib/python3.6/site-packages/sklearn/base.py", line 10, in <module>
    import numpy as np
  File "/home/ninghai/miniconda3/envs/daily/lib/python3.6/site-packages/numpy/__init__.py", line 158, in <module>
    from . import add_newdocs
  File "/home/ninghai/miniconda3/envs/daily/lib/python3.6/site-packages/numpy/add_newdocs.py", line 13, in <module>
    from numpy.lib import add_newdoc
  File "/home/ninghai/miniconda3/envs/daily/lib/python3.6/site-packages/numpy/lib/__init__.py", line 8, in <module>
    from .type_check import *
  File "/home/ninghai/miniconda3/envs/daily/lib/python3.6/site-packages/numpy/lib/type_check.py", line 11, in <module>
    import numpy.core.numeric as _nx
  File "/home/ninghai/miniconda3/envs/daily/lib/python3.6/site-packages/numpy/core/__init__.py", line 74, in <module>
    from numpy.testing import _numpy_tester
  File "/home/ninghai/miniconda3/envs/daily/lib/python3.6/site-packages/numpy/testing/__init__.py", line 10, in <module>
    from unittest import TestCase
  File "/home/ninghai/miniconda3/envs/daily/lib/python3.6/unittest/__init__.py", line 64, in <module>
    from .main import TestProgram, main
  File "/home/ninghai/miniconda3/envs/daily/lib/python3.6/unittest/main.py", line 4, in <module>
    import argparse
  File "<frozen importlib._bootstrap>", line 971, in _find_and_load
  File "<frozen importlib._bootstrap>", line 955, in _find_and_load_unlocked
  File "<frozen importlib._bootstrap>", line 665, in _load_unlocked
  File "<frozen importlib._bootstrap_external>", line 674, in exec_module
  File "<frozen importlib._bootstrap_external>", line 779, in get_code
  File "<frozen importlib._bootstrap_external>", line 487, in _compile_bytecode
KeyboardInterrupt
+++ echo ''

+++ echo ''

++++ date +%F-%T
+++ echo '########### END AT 2018-05-27-23:43:27'
########### END AT 2018-05-27-23:43:27
