Traceback (most recent call last):
  File "/home/ninghai/miniconda3/envs/rc/lib/python3.6/site-packages/urllib3/connectionpool.py", line 380, in _make_request
    httplib_response = conn.getresponse(buffering=True)
TypeError: getresponse() got an unexpected keyword argument 'buffering'

During handling of the above exception, another exception occurred:

Traceback (most recent call last):
  File "/home/ninghai/miniconda3/envs/rc/lib/python3.6/site-packages/urllib3/contrib/pyopenssl.py", line 280, in recv_into
    return self.connection.recv_into(*args, **kwargs)
  File "/home/ninghai/miniconda3/envs/rc/lib/python3.6/site-packages/OpenSSL/SSL.py", line 1814, in recv_into
    self._raise_ssl_error(self._ssl, result)
  File "/home/ninghai/miniconda3/envs/rc/lib/python3.6/site-packages/OpenSSL/SSL.py", line 1614, in _raise_ssl_error
    raise WantReadError()
OpenSSL.SSL.WantReadError

During handling of the above exception, another exception occurred:

Traceback (most recent call last):
  File "./01.interactive.e2e.py", line 57, in <module>
    with root_run.child_run("alpha" + str(alpha)) as run:
  File "/home/ninghai/miniconda3/envs/rc/lib/python3.6/site-packages/azureml/core/run.py", line 413, in child_run
    child._client.start()
  File "/home/ninghai/miniconda3/envs/rc/lib/python3.6/site-packages/azureml/_run_impl/scope_client.py", line 49, in start
    self._client.post_event_run_start(self.get_run_id())
  File "/home/ninghai/miniconda3/envs/rc/lib/python3.6/site-packages/azureml/restclient/run_history_client.py", line 68, in post_event_run_start
    return self.post_event(run_id, event)
  File "/home/ninghai/miniconda3/envs/rc/lib/python3.6/site-packages/azureml/restclient/run_history_client.py", line 64, in post_event
    event_message=event)
  File "/home/ninghai/miniconda3/envs/rc/lib/python3.6/site-packages/azureml/restclient/project_client.py", line 58, in _execute_with_project_arguments
    **kwargs_copy)
  File "/home/ninghai/miniconda3/envs/rc/lib/python3.6/site-packages/azureml/restclient/clientbase.py", line 101, in _execute_with_base_arguments
    return func(*args, **kwargs)
  File "/home/ninghai/miniconda3/envs/rc/lib/python3.6/site-packages/azureml/restclient/operations/events_operations.py", line 182, in post
    request, header_parameters, body_content, stream=False, **operation_config)
  File "/home/ninghai/miniconda3/envs/rc/lib/python3.6/site-packages/msrest/service_client.py", line 257, in send
    **kwargs)
  File "/home/ninghai/miniconda3/envs/rc/lib/python3.6/site-packages/requests/sessions.py", line 508, in request
    resp = self.send(prep, **send_kwargs)
  File "/home/ninghai/miniconda3/envs/rc/lib/python3.6/site-packages/requests/sessions.py", line 618, in send
    r = adapter.send(request, **kwargs)
  File "/home/ninghai/miniconda3/envs/rc/lib/python3.6/site-packages/requests/adapters.py", line 440, in send
    timeout=timeout
  File "/home/ninghai/miniconda3/envs/rc/lib/python3.6/site-packages/urllib3/connectionpool.py", line 601, in urlopen
    chunked=chunked)
  File "/home/ninghai/miniconda3/envs/rc/lib/python3.6/site-packages/urllib3/connectionpool.py", line 383, in _make_request
    httplib_response = conn.getresponse()
  File "/home/ninghai/miniconda3/envs/rc/lib/python3.6/http/client.py", line 1331, in getresponse
    response.begin()
  File "/home/ninghai/miniconda3/envs/rc/lib/python3.6/http/client.py", line 297, in begin
    version, status, reason = self._read_status()
  File "/home/ninghai/miniconda3/envs/rc/lib/python3.6/http/client.py", line 258, in _read_status
    line = str(self.fp.readline(_MAXLINE + 1), "iso-8859-1")
  File "/home/ninghai/miniconda3/envs/rc/lib/python3.6/socket.py", line 586, in readinto
    return self._sock.recv_into(b)
  File "/home/ninghai/miniconda3/envs/rc/lib/python3.6/site-packages/urllib3/contrib/pyopenssl.py", line 292, in recv_into
    rd = util.wait_for_read(self.socket, self.socket.gettimeout())
  File "/home/ninghai/miniconda3/envs/rc/lib/python3.6/site-packages/urllib3/util/wait.py", line 33, in wait_for_read
    return _wait_for_io_events(socks, EVENT_READ, timeout)
  File "/home/ninghai/miniconda3/envs/rc/lib/python3.6/site-packages/urllib3/util/wait.py", line 26, in _wait_for_io_events
    selector.select(timeout) if key[1] & events]
  File "/home/ninghai/miniconda3/envs/rc/lib/python3.6/site-packages/urllib3/util/selectors.py", line 438, in select
    maxevents=max_events)
  File "/home/ninghai/miniconda3/envs/rc/lib/python3.6/site-packages/urllib3/util/selectors.py", line 64, in _syscall_wrapper
    return func(*args, **kwargs)
KeyboardInterrupt
Traceback (most recent call last):
  File "./02.local.py", line 1, in <module>
    import azureml.core
  File "/home/ninghai/miniconda3/envs/rc/lib/python3.6/site-packages/azureml/core/__init__.py", line 5, in <module>
    from azureml.core.workspace import Workspace
  File "/home/ninghai/miniconda3/envs/rc/lib/python3.6/site-packages/azureml/core/workspace.py", line 23, in <module>
    from azureml.core import project
  File "/home/ninghai/miniconda3/envs/rc/lib/python3.6/site-packages/azureml/core/project.py", line 14, in <module>
    from azureml.core.run_history import RunHistory
  File "/home/ninghai/miniconda3/envs/rc/lib/python3.6/site-packages/azureml/core/run_history.py", line 9, in <module>
    from azureml.core.run import Run
  File "/home/ninghai/miniconda3/envs/rc/lib/python3.6/site-packages/azureml/core/run.py", line 12, in <module>
    from azureml.assets.persistence import persistence
  File "/home/ninghai/miniconda3/envs/rc/lib/python3.6/site-packages/azureml/assets/persistence/__init__.py", line 11, in <module>
    import jsonpickle.ext.numpy as jsonpickle_numpy
  File "/home/ninghai/miniconda3/envs/rc/lib/python3.6/site-packages/jsonpickle/ext/numpy.py", line 9, in <module>
    import numpy as np
  File "/home/ninghai/miniconda3/envs/rc/lib/python3.6/site-packages/numpy/__init__.py", line 180, in <module>
    from . import fft
  File "/home/ninghai/miniconda3/envs/rc/lib/python3.6/site-packages/numpy/fft/__init__.py", line 14, in <module>
    import mkl_fft._numpy_fft as _nfft
  File "/home/ninghai/miniconda3/envs/rc/lib/python3.6/site-packages/mkl_fft/__init__.py", line 27, in <module>
    from ._pydfti import (fft, ifft, fft2, ifft2, fftn, ifftn, rfft, irfft,
  File "__init__.pxd", line 163, in init mkl_fft._pydfti
  File "<frozen importlib._bootstrap>", line 194, in _lock_unlock_module
KeyboardInterrupt
Traceback (most recent call last):
  File "./03.aci.py", line 1, in <module>
    import azureml.core
  File "/home/ninghai/miniconda3/envs/rc/lib/python3.6/site-packages/azureml/core/__init__.py", line 5, in <module>
    from azureml.core.workspace import Workspace
  File "/home/ninghai/miniconda3/envs/rc/lib/python3.6/site-packages/azureml/core/workspace.py", line 4, in <module>
    from random import choice
  File "/home/ninghai/miniconda3/envs/rc/lib/python3.6/random.py", line 46, in <module>
    from hashlib import sha512 as _sha512
  File "<frozen importlib._bootstrap>", line 971, in _find_and_load
  File "<frozen importlib._bootstrap>", line 955, in _find_and_load_unlocked
  File "<frozen importlib._bootstrap>", line 658, in _load_unlocked
  File "<frozen importlib._bootstrap>", line 577, in module_from_spec
  File "<frozen importlib._bootstrap>", line 556, in _init_module_attrs
  File "<frozen importlib._bootstrap>", line 409, in cached
  File "<frozen importlib._bootstrap_external>", line 362, in _get_cached
KeyboardInterrupt
Traceback (most recent call last):
  File "./04.dsvm.py", line 1, in <module>
    import azureml.core
  File "/home/ninghai/miniconda3/envs/rc/lib/python3.6/site-packages/azureml/core/__init__.py", line 5, in <module>
    from azureml.core.workspace import Workspace
  File "/home/ninghai/miniconda3/envs/rc/lib/python3.6/site-packages/azureml/core/workspace.py", line 11, in <module>
    import requests
  File "/home/ninghai/miniconda3/envs/rc/lib/python3.6/site-packages/requests/__init__.py", line 43, in <module>
    import urllib3
  File "/home/ninghai/miniconda3/envs/rc/lib/python3.6/site-packages/urllib3/__init__.py", line 8, in <module>
    from .connectionpool import (
  File "/home/ninghai/miniconda3/envs/rc/lib/python3.6/site-packages/urllib3/connectionpool.py", line 29, in <module>
    from .connection import (
  File "/home/ninghai/miniconda3/envs/rc/lib/python3.6/site-packages/urllib3/connection.py", line 50, in <module>
    from ._collections import HTTPHeaderDict
  File "<frozen importlib._bootstrap>", line 971, in _find_and_load
  File "<frozen importlib._bootstrap>", line 955, in _find_and_load_unlocked
  File "<frozen importlib._bootstrap>", line 665, in _load_unlocked
  File "<frozen importlib._bootstrap_external>", line 674, in exec_module
  File "<frozen importlib._bootstrap_external>", line 779, in get_code
  File "<frozen importlib._bootstrap_external>", line 487, in _compile_bytecode
KeyboardInterrupt
Traceback (most recent call last):
  File "<frozen importlib._bootstrap>", line 888, in _find_spec
AttributeError: '_SixMetaPathImporter' object has no attribute 'find_spec'

During handling of the above exception, another exception occurred:

Traceback (most recent call last):
  File "./05.spark.py", line 1, in <module>
    import azureml.core
  File "/home/ninghai/miniconda3/envs/rc/lib/python3.6/site-packages/azureml/core/__init__.py", line 5, in <module>
    from azureml.core.workspace import Workspace
  File "/home/ninghai/miniconda3/envs/rc/lib/python3.6/site-packages/azureml/core/workspace.py", line 11, in <module>
    import requests
  File "/home/ninghai/miniconda3/envs/rc/lib/python3.6/site-packages/requests/__init__.py", line 43, in <module>
    import urllib3
  File "/home/ninghai/miniconda3/envs/rc/lib/python3.6/site-packages/urllib3/__init__.py", line 8, in <module>
    from .connectionpool import (
  File "/home/ninghai/miniconda3/envs/rc/lib/python3.6/site-packages/urllib3/connectionpool.py", line 11, in <module>
    from .exceptions import (
  File "/home/ninghai/miniconda3/envs/rc/lib/python3.6/site-packages/urllib3/exceptions.py", line 2, in <module>
    from .packages.six.moves.http_client import (
  File "<frozen importlib._bootstrap>", line 971, in _find_and_load
  File "<frozen importlib._bootstrap>", line 951, in _find_and_load_unlocked
  File "<frozen importlib._bootstrap>", line 890, in _find_spec
  File "<frozen importlib._bootstrap>", line 867, in _find_spec_legacy
  File "<frozen importlib._bootstrap>", line 449, in spec_from_loader
  File "/home/ninghai/miniconda3/envs/rc/lib/python3.6/site-packages/urllib3/packages/six.py", line 216, in is_package
    return hasattr(self.__get_module(fullname), "__path__")
  File "/home/ninghai/miniconda3/envs/rc/lib/python3.6/site-packages/urllib3/packages/six.py", line 118, in __getattr__
    _module = self._resolve()
  File "/home/ninghai/miniconda3/envs/rc/lib/python3.6/site-packages/urllib3/packages/six.py", line 115, in _resolve
    return _import_module(self.mod)
  File "/home/ninghai/miniconda3/envs/rc/lib/python3.6/site-packages/urllib3/packages/six.py", line 82, in _import_module
    __import__(name)
  File "/home/ninghai/miniconda3/envs/rc/lib/python3.6/http/client.py", line 1422, in <module>
    class UnknownProtocol(HTTPException):
KeyboardInterrupt
Traceback (most recent call last):
  File "./07.sklearn.hd.py", line 1, in <module>
    import azureml.core
  File "/home/ninghai/miniconda3/envs/rc/lib/python3.6/site-packages/azureml/core/__init__.py", line 5, in <module>
    from azureml.core.workspace import Workspace
  File "/home/ninghai/miniconda3/envs/rc/lib/python3.6/site-packages/azureml/core/workspace.py", line 11, in <module>
    import requests
  File "/home/ninghai/miniconda3/envs/rc/lib/python3.6/site-packages/requests/__init__.py", line 43, in <module>
    import urllib3
  File "/home/ninghai/miniconda3/envs/rc/lib/python3.6/site-packages/urllib3/__init__.py", line 8, in <module>
    from .connectionpool import (
  File "/home/ninghai/miniconda3/envs/rc/lib/python3.6/site-packages/urllib3/connectionpool.py", line 11, in <module>
    from .exceptions import (
  File "/home/ninghai/miniconda3/envs/rc/lib/python3.6/site-packages/urllib3/exceptions.py", line 156, in <module>
    class SecurityWarning(HTTPWarning):
KeyboardInterrupt
Traceback (most recent call last):
  File "./08.tf.hd.py", line 1, in <module>
    import azureml.core
  File "/home/ninghai/miniconda3/envs/rc/lib/python3.6/site-packages/azureml/core/__init__.py", line 5, in <module>
    from azureml.core.workspace import Workspace
  File "/home/ninghai/miniconda3/envs/rc/lib/python3.6/site-packages/azureml/core/workspace.py", line 11, in <module>
    import requests
  File "/home/ninghai/miniconda3/envs/rc/lib/python3.6/site-packages/requests/__init__.py", line 43, in <module>
    import urllib3
  File "/home/ninghai/miniconda3/envs/rc/lib/python3.6/site-packages/urllib3/__init__.py", line 8, in <module>
    from .connectionpool import (
  File "/home/ninghai/miniconda3/envs/rc/lib/python3.6/site-packages/urllib3/connectionpool.py", line 29, in <module>
    from .connection import (
  File "/home/ninghai/miniconda3/envs/rc/lib/python3.6/site-packages/urllib3/connection.py", line 39, in <module>
    from .util.ssl_ import (
  File "/home/ninghai/miniconda3/envs/rc/lib/python3.6/site-packages/urllib3/util/__init__.py", line 16, in <module>
    from .timeout import (
  File "<frozen importlib._bootstrap>", line 971, in _find_and_load
  File "<frozen importlib._bootstrap>", line 955, in _find_and_load_unlocked
  File "<frozen importlib._bootstrap>", line 665, in _load_unlocked
  File "<frozen importlib._bootstrap_external>", line 674, in exec_module
  File "<frozen importlib._bootstrap_external>", line 771, in get_code
  File "<frozen importlib._bootstrap_external>", line 470, in _validate_bytecode_header
  File "<frozen importlib._bootstrap_external>", line 54, in _r_long
KeyboardInterrupt
date: extra operand ‘%F-%T’
Try 'date --help' for more information.
Traceback (most recent call last):
  File "./10.o16n.py", line 1, in <module>
    from sklearn.datasets import load_diabetes
  File "/home/ninghai/miniconda3/envs/rc/lib/python3.6/site-packages/sklearn/__init__.py", line 134, in <module>
    from .base import clone
  File "/home/ninghai/miniconda3/envs/rc/lib/python3.6/site-packages/sklearn/base.py", line 10, in <module>
    import numpy as np
  File "/home/ninghai/miniconda3/envs/rc/lib/python3.6/site-packages/numpy/__init__.py", line 158, in <module>
    from . import add_newdocs
  File "/home/ninghai/miniconda3/envs/rc/lib/python3.6/site-packages/numpy/add_newdocs.py", line 13, in <module>
    from numpy.lib import add_newdoc
  File "/home/ninghai/miniconda3/envs/rc/lib/python3.6/site-packages/numpy/lib/__init__.py", line 8, in <module>
    from .type_check import *
  File "/home/ninghai/miniconda3/envs/rc/lib/python3.6/site-packages/numpy/lib/type_check.py", line 11, in <module>
    import numpy.core.numeric as _nx
  File "/home/ninghai/miniconda3/envs/rc/lib/python3.6/site-packages/numpy/core/__init__.py", line 74, in <module>
    from numpy.testing import _numpy_tester
  File "/home/ninghai/miniconda3/envs/rc/lib/python3.6/site-packages/numpy/testing/__init__.py", line 12, in <module>
    from . import decorators as dec
  File "/home/ninghai/miniconda3/envs/rc/lib/python3.6/site-packages/numpy/testing/decorators.py", line 6, in <module>
    from .nose_tools.decorators import *
  File "/home/ninghai/miniconda3/envs/rc/lib/python3.6/site-packages/numpy/testing/nose_tools/decorators.py", line 20, in <module>
    from .utils import SkipTest, assert_warns
  File "/home/ninghai/miniconda3/envs/rc/lib/python3.6/site-packages/numpy/testing/nose_tools/utils.py", line 13, in <module>
    import shutil
  File "/home/ninghai/miniconda3/envs/rc/lib/python3.6/shutil.py", line 29, in <module>
    import lzma
  File "/home/ninghai/miniconda3/envs/rc/lib/python3.6/lzma.py", line 27, in <module>
    from _lzma import *
KeyboardInterrupt
