/data/git/hai/e2e_test
*** git branch status before ***
  candidate
  daily
* master
On branch master
Your branch is up-to-date with 'origin/master'.
nothing to commit, working directory clean
*** candidate ***
No local changes to save
git checkout candidate
Your branch is up-to-date with 'origin/candidate'.
Already up-to-date.
*** git branch status after ***
* candidate
  daily
  master
On branch candidate
Your branch is up-to-date with 'origin/candidate'.
Changes not staged for commit:
  (use "git add <file>..." to update what will be committed)
  (use "git checkout -- <file>..." to discard changes in working directory)

	modified:   aml_config/config.json

no changes added to commit (use "git add" and/or "git commit -a")
###################################
START AT: 2018-06-05-13:02:32
###################################


##### 01.interactive.e2e.py (2018-06-05-13:02:32) ######
Azure ML Core SDK Version: 0.1.0.1005480
Found config.json in: /data/git/hai/e2e_test/aml_config/config.json
Workspace details:
aml-notebooks haieastus2ws3 eastus2
start sequential parameter sweep...
try alpha value of 0.00
try alpha value of 0.05
try alpha value of 0.10
try alpha value of 0.15
try alpha value of 0.20
try alpha value of 0.25
try alpha value of 0.30
try alpha value of 0.35
try alpha value of 0.40
try alpha value of 0.45
try alpha value of 0.50
try alpha value of 0.55
try alpha value of 0.60
try alpha value of 0.65
try alpha value of 0.70
try alpha value of 0.75
try alpha value of 0.80
try alpha value of 0.85
try alpha value of 0.90
try alpha value of 0.95
Find the best run.
Best run is: 1d0a6e77-4049-4bdf-bb43-88a2868c76b0
Metrics: {'alpha': 0.4, 'mse': 3295.741064355809, 'columns': ['age', 'gender', 'bmi', 'bp', 's1', 's2', 's3', 's4', 's5', 's6']}
Run history url:
https://mlworkspace.azureml-test.net/home/%2Fsubscriptions%2Ffac34303-435d-4486-8c3f-7094d82a0b60%2FresourceGroups%2Faml-notebooks%2Fproviders%2FMicrosoft.MachineLearningServices%2Fworkspaces%2Fhaieastus2ws3/projects/e2e-01/run-history/run-details/1d0a6e77-4049-4bdf-bb43-88a2868c76b0
plot mse_over_alpha.png
upload mse_over_alpha.png.
deploying to ACI...
Registering model best_model.pkl
Creating image
Image creation operation finished for image rrs01a:31, operation "Succeeded"
Creating service


##### 02.local.py (2018-06-05-13:04:48) ################
Azure ML Core SDK Version: 0.1.0.1005480
Found config.json in: /data/git/hai/e2e_test/aml_config/config.json
Workspace details:
aml-notebooks haieastus2ws3 eastus2
/tmp/e2e-test/02 already exists, remove it.
/tmp/e2e-test/02
e2e-02
copy train-sklearn.py to the project folder.
load run config

##################################################
submitting train-sklearn.py for a local run...
##################################################

https://mlworkspace.azureml-test.net/home/%2Fsubscriptions%2Ffac34303-435d-4486-8c3f-7094d82a0b60%2FresourceGroups%2Faml-notebooks%2Fproviders%2FMicrosoft.MachineLearningServices%2Fworkspaces%2Fhaieastus2ws3/projects/e2e-02/run-history/run-details/e2e-02_1528218291
RunId: e2e-02_1528218291

Streaming azureml-logs/80_driver_log.txt
========================================

alpha is 0.00, and mse is 3424.32
alpha is 0.05, and mse is 3408.92
alpha is 0.10, and mse is 3372.65
alpha is 0.15, and mse is 3345.15
alpha is 0.20, and mse is 3325.29
alpha is 0.25, and mse is 3311.56
alpha is 0.30, and mse is 3302.67
alpha is 0.35, and mse is 3297.66
alpha is 0.40, and mse is 3295.74
Traceback (most recent call last):
  File "/home/ninghai/miniconda3/envs/candidate/lib/python3.6/site-packages/requests/adapters.py", line 440, in send
    timeout=timeout
  File "/home/ninghai/miniconda3/envs/candidate/lib/python3.6/site-packages/urllib3/connectionpool.py", line 732, in urlopen
    body_pos=body_pos, **response_kw)
  File "/home/ninghai/miniconda3/envs/candidate/lib/python3.6/site-packages/urllib3/connectionpool.py", line 732, in urlopen
    body_pos=body_pos, **response_kw)
  File "/home/ninghai/miniconda3/envs/candidate/lib/python3.6/site-packages/urllib3/connectionpool.py", line 732, in urlopen
    body_pos=body_pos, **response_kw)
  File "/home/ninghai/miniconda3/envs/candidate/lib/python3.6/site-packages/urllib3/connectionpool.py", line 712, in urlopen
    retries = retries.increment(method, url, response=response, _pool=self)
  File "/home/ninghai/miniconda3/envs/candidate/lib/python3.6/site-packages/urllib3/util/retry.py", line 388, in increment
    raise MaxRetryError(_pool, url, error or ResponseError(cause))
urllib3.exceptions.MaxRetryError: HTTPSConnectionPool(host='eastus2.experiments.azureml.net', port=443): Max retries exceeded with url: /history/v1.0/subscriptions/fac34303-435d-4486-8c3f-7094d82a0b60/resourceGroups/aml-notebooks/providers/Microsoft.MachineLearningServices/workspaces/haieastus2ws3/projects/e2e-02/runs/e2e-02_1528218291/runmetrics (Caused by ResponseError('too many 500 error responses',))

During handling of the above exception, another exception occurred:

Traceback (most recent call last):
  File "/home/ninghai/miniconda3/envs/candidate/lib/python3.6/site-packages/msrest/service_client.py", line 257, in send
    **kwargs)
  File "/home/ninghai/miniconda3/envs/candidate/lib/python3.6/site-packages/requests/sessions.py", line 508, in request
    resp = self.send(prep, **send_kwargs)
  File "/home/ninghai/miniconda3/envs/candidate/lib/python3.6/site-packages/requests/sessions.py", line 618, in send
    r = adapter.send(request, **kwargs)
  File "/home/ninghai/miniconda3/envs/candidate/lib/python3.6/site-packages/requests/adapters.py", line 499, in send
    raise RetryError(e, request=request)
requests.exceptions.RetryError: HTTPSConnectionPool(host='eastus2.experiments.azureml.net', port=443): Max retries exceeded with url: /history/v1.0/subscriptions/fac34303-435d-4486-8c3f-7094d82a0b60/resourceGroups/aml-notebooks/providers/Microsoft.MachineLearningServices/workspaces/haieastus2ws3/projects/e2e-02/runs/e2e-02_1528218291/runmetrics (Caused by ResponseError('too many 500 error responses',))

During handling of the above exception, another exception occurred:

Traceback (most recent call last):
  File "azureml-setup/context_manager_injector.py", line 64, in execute_with_context
    runpy.run_path(sys.argv[0], globals(), run_name="__main__")
  File "/home/ninghai/miniconda3/envs/candidate/lib/python3.6/runpy.py", line 263, in run_path
    pkg_name=pkg_name, script_name=fname)
  File "/home/ninghai/miniconda3/envs/candidate/lib/python3.6/runpy.py", line 96, in _run_module_code
    mod_name, mod_spec, pkg_name, script_name)
  File "/home/ninghai/miniconda3/envs/candidate/lib/python3.6/runpy.py", line 85, in _run_code
    exec(code, run_globals)
  File "train-sklearn.py", line 32, in <module>
    run.log('mse', mse)
  File "/home/ninghai/miniconda3/envs/candidate/lib/python3.6/site-packages/azureml/core/run.py", line 452, in log
    self._client.log(name, value, description)
  File "/home/ninghai/miniconda3/envs/candidate/lib/python3.6/site-packages/azureml/_run_impl/metrics_client.py", line 27, in log
    self.log_scalar(name, value, description)
  File "/home/ninghai/miniconda3/envs/candidate/lib/python3.6/site-packages/azureml/_run_impl/metrics_client.py", line 115, in log_scalar
    metric_type="azureml.old.scalar")
  File "/home/ninghai/miniconda3/envs/candidate/lib/python3.6/site-packages/azureml/_run_impl/metrics_client.py", line 67, in _log
    return self._client.post_runmetrics(self.get_run_id(), run_metric_dto)
  File "/home/ninghai/miniconda3/envs/candidate/lib/python3.6/site-packages/azureml/restclient/run_history_client.py", line 213, in post_runmetrics
    run_metric_dto=run_metric_dto)
  File "/home/ninghai/miniconda3/envs/candidate/lib/python3.6/site-packages/azureml/restclient/project_client.py", line 58, in _execute_with_project_arguments
    **kwargs_copy)
  File "/home/ninghai/miniconda3/envs/candidate/lib/python3.6/site-packages/azureml/restclient/clientbase.py", line 101, in _execute_with_base_arguments
    return func(*args, **kwargs)
  File "/home/ninghai/miniconda3/envs/candidate/lib/python3.6/site-packages/azureml/restclient/operations/runmetric_operations.py", line 179, in post
    request, header_parameters, body_content, stream=False, **operation_config)
  File "/home/ninghai/miniconda3/envs/candidate/lib/python3.6/site-packages/msrest/service_client.py", line 290, in send
    raise_with_traceback(ClientRequestError, msg, err)
  File "/home/ninghai/miniconda3/envs/candidate/lib/python3.6/site-packages/msrest/exceptions.py", line 45, in raise_with_traceback
    raise error.with_traceback(exc_traceback)
  File "/home/ninghai/miniconda3/envs/candidate/lib/python3.6/site-packages/msrest/service_client.py", line 257, in send
    **kwargs)
  File "/home/ninghai/miniconda3/envs/candidate/lib/python3.6/site-packages/requests/sessions.py", line 508, in request
    resp = self.send(prep, **send_kwargs)
  File "/home/ninghai/miniconda3/envs/candidate/lib/python3.6/site-packages/requests/sessions.py", line 618, in send
    r = adapter.send(request, **kwargs)
  File "/home/ninghai/miniconda3/envs/candidate/lib/python3.6/site-packages/requests/adapters.py", line 499, in send
    raise RetryError(e, request=request)
msrest.exceptions.ClientRequestError: Error occurred in request., RetryError: HTTPSConnectionPool(host='eastus2.experiments.azureml.net', port=443): Max retries exceeded with url: /history/v1.0/subscriptions/fac34303-435d-4486-8c3f-7094d82a0b60/resourceGroups/aml-notebooks/providers/Microsoft.MachineLearningServices/workspaces/haieastus2ws3/projects/e2e-02/runs/e2e-02_1528218291/runmetrics (Caused by ResponseError('too many 500 error responses',))

Traceback (most recent call last):
  File "/home/ninghai/miniconda3/envs/candidate/lib/python3.6/site-packages/requests/adapters.py", line 440, in send
    timeout=timeout
  File "/home/ninghai/miniconda3/envs/candidate/lib/python3.6/site-packages/urllib3/connectionpool.py", line 732, in urlopen
    body_pos=body_pos, **response_kw)
  File "/home/ninghai/miniconda3/envs/candidate/lib/python3.6/site-packages/urllib3/connectionpool.py", line 732, in urlopen
    body_pos=body_pos, **response_kw)
  File "/home/ninghai/miniconda3/envs/candidate/lib/python3.6/site-packages/urllib3/connectionpool.py", line 732, in urlopen
    body_pos=body_pos, **response_kw)
  File "/home/ninghai/miniconda3/envs/candidate/lib/python3.6/site-packages/urllib3/connectionpool.py", line 712, in urlopen
    retries = retries.increment(method, url, response=response, _pool=self)
  File "/home/ninghai/miniconda3/envs/candidate/lib/python3.6/site-packages/urllib3/util/retry.py", line 388, in increment
    raise MaxRetryError(_pool, url, error or ResponseError(cause))
urllib3.exceptions.MaxRetryError: HTTPSConnectionPool(host='eastus2.experiments.azureml.net', port=443): Max retries exceeded with url: /history/v1.0/subscriptions/fac34303-435d-4486-8c3f-7094d82a0b60/resourceGroups/aml-notebooks/providers/Microsoft.MachineLearningServices/workspaces/haieastus2ws3/projects/e2e-02/runs/e2e-02_1528218291/runmetrics (Caused by ResponseError('too many 500 error responses',))

During handling of the above exception, another exception occurred:

Traceback (most recent call last):
  File "/home/ninghai/miniconda3/envs/candidate/lib/python3.6/site-packages/msrest/service_client.py", line 257, in send
    **kwargs)
  File "/home/ninghai/miniconda3/envs/candidate/lib/python3.6/site-packages/requests/sessions.py", line 508, in request
    resp = self.send(prep, **send_kwargs)
  File "/home/ninghai/miniconda3/envs/candidate/lib/python3.6/site-packages/requests/sessions.py", line 618, in send
    r = adapter.send(request, **kwargs)
  File "/home/ninghai/miniconda3/envs/candidate/lib/python3.6/site-packages/requests/adapters.py", line 499, in send
    raise RetryError(e, request=request)
requests.exceptions.RetryError: HTTPSConnectionPool(host='eastus2.experiments.azureml.net', port=443): Max retries exceeded with url: /history/v1.0/subscriptions/fac34303-435d-4486-8c3f-7094d82a0b60/resourceGroups/aml-notebooks/providers/Microsoft.MachineLearningServices/workspaces/haieastus2ws3/projects/e2e-02/runs/e2e-02_1528218291/runmetrics (Caused by ResponseError('too many 500 error responses',))

During handling of the above exception, another exception occurred:

Traceback (most recent call last):
  File "azureml-setup/context_manager_injector.py", line 111, in <module>
    execute_with_context(cm_objects, options.invocation)
  File "azureml-setup/context_manager_injector.py", line 64, in execute_with_context
    runpy.run_path(sys.argv[0], globals(), run_name="__main__")
  File "/home/ninghai/miniconda3/envs/candidate/lib/python3.6/runpy.py", line 263, in run_path
    pkg_name=pkg_name, script_name=fname)
  File "/home/ninghai/miniconda3/envs/candidate/lib/python3.6/runpy.py", line 96, in _run_module_code
    mod_name, mod_spec, pkg_name, script_name)
  File "/home/ninghai/miniconda3/envs/candidate/lib/python3.6/runpy.py", line 85, in _run_code
    exec(code, run_globals)
  File "train-sklearn.py", line 32, in <module>
    run.log('mse', mse)
  File "/home/ninghai/miniconda3/envs/candidate/lib/python3.6/site-packages/azureml/core/run.py", line 452, in log
    self._client.log(name, value, description)
  File "/home/ninghai/miniconda3/envs/candidate/lib/python3.6/site-packages/azureml/_run_impl/metrics_client.py", line 27, in log
    self.log_scalar(name, value, description)
  File "/home/ninghai/miniconda3/envs/candidate/lib/python3.6/site-packages/azureml/_run_impl/metrics_client.py", line 115, in log_scalar
    metric_type="azureml.old.scalar")
  File "/home/ninghai/miniconda3/envs/candidate/lib/python3.6/site-packages/azureml/_run_impl/metrics_client.py", line 67, in _log
    return self._client.post_runmetrics(self.get_run_id(), run_metric_dto)
  File "/home/ninghai/miniconda3/envs/candidate/lib/python3.6/site-packages/azureml/restclient/run_history_client.py", line 213, in post_runmetrics
    run_metric_dto=run_metric_dto)
  File "/home/ninghai/miniconda3/envs/candidate/lib/python3.6/site-packages/azureml/restclient/project_client.py", line 58, in _execute_with_project_arguments
    **kwargs_copy)
  File "/home/ninghai/miniconda3/envs/candidate/lib/python3.6/site-packages/azureml/restclient/clientbase.py", line 101, in _execute_with_base_arguments
    return func(*args, **kwargs)
  File "/home/ninghai/miniconda3/envs/candidate/lib/python3.6/site-packages/azureml/restclient/operations/runmetric_operations.py", line 179, in post
    request, header_parameters, body_content, stream=False, **operation_config)
  File "/home/ninghai/miniconda3/envs/candidate/lib/python3.6/site-packages/msrest/service_client.py", line 290, in send
    raise_with_traceback(ClientRequestError, msg, err)
  File "/home/ninghai/miniconda3/envs/candidate/lib/python3.6/site-packages/msrest/exceptions.py", line 45, in raise_with_traceback
    raise error.with_traceback(exc_traceback)
  File "/home/ninghai/miniconda3/envs/candidate/lib/python3.6/site-packages/msrest/service_client.py", line 257, in send
    **kwargs)
  File "/home/ninghai/miniconda3/envs/candidate/lib/python3.6/site-packages/requests/sessions.py", line 508, in request
    resp = self.send(prep, **send_kwargs)
  File "/home/ninghai/miniconda3/envs/candidate/lib/python3.6/site-packages/requests/sessions.py", line 618, in send
    r = adapter.send(request, **kwargs)
  File "/home/ninghai/miniconda3/envs/candidate/lib/python3.6/site-packages/requests/adapters.py", line 499, in send
    raise RetryError(e, request=request)
msrest.exceptions.ClientRequestError: Error occurred in request., RetryError: HTTPSConnectionPool(host='eastus2.experiments.azureml.net', port=443): Max retries exceeded with url: /history/v1.0/subscriptions/fac34303-435d-4486-8c3f-7094d82a0b60/resourceGroups/aml-notebooks/providers/Microsoft.MachineLearningServices/workspaces/haieastus2ws3/projects/e2e-02/runs/e2e-02_1528218291/runmetrics (Caused by ResponseError('too many 500 error responses',))

Execution Summary
=================
RunId: e2e-02_1528218291


##################################################
Submitting train-sklearn.py for a local conda run...
##################################################

https://mlworkspace.azureml-test.net/home/%2Fsubscriptions%2Ffac34303-435d-4486-8c3f-7094d82a0b60%2FresourceGroups%2Faml-notebooks%2Fproviders%2FMicrosoft.MachineLearningServices%2Fworkspaces%2Fhaieastus2ws3/projects/e2e-02/run-history/run-details/e2e-02_1528218329
RunId: e2e-02_1528218329

Streaming azureml-logs/60_control_log.txt
=========================================

Uploading experiment status to history service.
Adding run profile attachment azureml-logs/60_control_log.txt
Running: ['/home/ninghai/.azureml/envs/azureml_2a9900e538c4d66a9c044566e96aa6f1/bin/python', 'azureml-setup/run_script.py', '/home/ninghai/.azureml/envs/azureml_2a9900e538c4d66a9c044566e96aa6f1/bin/python', 'azureml-setup/context_manager_injector.py', '-i', 'OutputCollection:context_managers.RunHistory', 'train-sklearn.py']
Logging experiment running status in history service.
Uploading experiment status to history service.
Adding run profile attachment azureml-logs/80_driver_log.txt

Streaming azureml-logs/80_driver_log.txt
========================================

alpha is 0.00, and mse is 3424.32
alpha is 0.05, and mse is 3408.92
alpha is 0.10, and mse is 3372.65
alpha is 0.15, and mse is 3345.15
alpha is 0.20, and mse is 3325.29
alpha is 0.25, and mse is 3311.56
alpha is 0.30, and mse is 3302.67
alpha is 0.35, and mse is 3297.66
alpha is 0.40, and mse is 3295.74
alpha is 0.45, and mse is 3296.32
alpha is 0.50, and mse is 3298.91
alpha is 0.55, and mse is 3303.14
alpha is 0.60, and mse is 3308.70
alpha is 0.65, and mse is 3315.36
alpha is 0.70, and mse is 3322.90
alpha is 0.75, and mse is 3331.17
alpha is 0.80, and mse is 3340.02
alpha is 0.85, and mse is 3349.36
alpha is 0.90, and mse is 3359.09
alpha is 0.95, and mse is 3369.13
The experiment completed successfully. Starting post-processing steps.

Execution Summary
=================
RunId: e2e-02_1528218329

When alpha is 0.40, we have min MSE 3295.74.


##### 03.aci.py (2018-06-05-13:05:48) ##################
Azure ML Core SDK Version: 0.1.0.1005480
Found config.json in: /data/git/hai/e2e_test/aml_config/config.json
Workspace details:
aml-notebooks haieastus2ws3 eastus2
/tmp/e2e-test/03 already exists, remove it.
/tmp/e2e-test/03
e2e-03
copy train-sklearn.py to the project folder.

##################################################
ACI run...
##################################################

Create a run config object for ACI
base image is continuumio/miniconda3:4.4.10
submitting run...


##### 04.dsvm (2018-06-05-13:05:58) ####################
Azure ML Core SDK Version: 0.1.0.1005480
Found config.json in: /data/git/hai/e2e_test/aml_config/config.json
Workspace details:
aml-notebooks haieastus2ws3 eastus2
/tmp/e2e-test/04 already exists, remove it.
/tmp/e2e-test/04
e2e-04
copy train-sklearn.py to the project folder.

##################################################
Bare VM run
##################################################

Load the cpu-dsvm config from aml_config directory...
submit run...
https://mlworkspace.azureml-test.net/home/%2Fsubscriptions%2Ffac34303-435d-4486-8c3f-7094d82a0b60%2FresourceGroups%2Faml-notebooks%2Fproviders%2FMicrosoft.MachineLearningServices%2Fworkspaces%2Fhaieastus2ws3/projects/e2e-04/run-history/run-details/e2e-04_1528218361476
RunId: e2e-04_1528218361476

Streaming azureml-logs/80_driver_log.txt
========================================

alpha is 0.00, and mse is 3424.32
alpha is 0.05, and mse is 3408.92
alpha is 0.10, and mse is 3372.65
alpha is 0.15, and mse is 3345.15
alpha is 0.20, and mse is 3325.29
alpha is 0.25, and mse is 3311.56
alpha is 0.30, and mse is 3302.67
alpha is 0.35, and mse is 3297.66
alpha is 0.40, and mse is 3295.74
alpha is 0.45, and mse is 3296.32
alpha is 0.50, and mse is 3298.91
alpha is 0.55, and mse is 3303.14
alpha is 0.60, and mse is 3308.70
alpha is 0.65, and mse is 3315.36
alpha is 0.70, and mse is 3322.90
alpha is 0.75, and mse is 3331.17
alpha is 0.80, and mse is 3340.02
alpha is 0.85, and mse is 3349.36
alpha is 0.90, and mse is 3359.09
alpha is 0.95, and mse is 3369.13
The experiment completed successfully. Starting post-processing steps.

Execution Summary
=================
RunId: e2e-04_1528218361476


##################################################
DSVM Docker run...
##################################################

Load cpu-dsvm run config and make it to use Docker.
Base Docker image is: continuumio/miniconda3:4.4.10
submitting run...
https://mlworkspace.azureml-test.net/home/%2Fsubscriptions%2Ffac34303-435d-4486-8c3f-7094d82a0b60%2FresourceGroups%2Faml-notebooks%2Fproviders%2FMicrosoft.MachineLearningServices%2Fworkspaces%2Fhaieastus2ws3/projects/e2e-04/run-history/run-details/e2e-04_1528218387159
RunId: e2e-04_1528218387159

Streaming azureml-logs/80_driver_log.txt
========================================

alpha is 0.00, and mse is 3424.32
alpha is 0.05, and mse is 3408.92
alpha is 0.10, and mse is 3372.65
alpha is 0.15, and mse is 3345.15
alpha is 0.20, and mse is 3325.29
alpha is 0.25, and mse is 3311.56
alpha is 0.30, and mse is 3302.67
alpha is 0.35, and mse is 3297.66
alpha is 0.40, and mse is 3295.74
alpha is 0.45, and mse is 3296.32
alpha is 0.50, and mse is 3298.91
alpha is 0.55, and mse is 3303.14
alpha is 0.60, and mse is 3308.70
alpha is 0.65, and mse is 3315.36
alpha is 0.70, and mse is 3322.90
alpha is 0.75, and mse is 3331.17
alpha is 0.80, and mse is 3340.02
alpha is 0.85, and mse is 3349.36
alpha is 0.90, and mse is 3359.09
alpha is 0.95, and mse is 3369.13
The experiment completed successfully. Starting post-processing steps.

Execution Summary
=================
RunId: e2e-04_1528218387159

load cpu-dsvm run config and make it use a custom Docker image.
base image: ninghai/azureml:0.3

##################################################
submitting train-sklearn.py for a Custom Docker run on VM...
##################################################

https://mlworkspace.azureml-test.net/home/%2Fsubscriptions%2Ffac34303-435d-4486-8c3f-7094d82a0b60%2FresourceGroups%2Faml-notebooks%2Fproviders%2FMicrosoft.MachineLearningServices%2Fworkspaces%2Fhaieastus2ws3/projects/e2e-04/run-history/run-details/e2e-04_1528218424721
RunId: e2e-04_1528218424721

Streaming azureml-logs/60_control_log.txt
=========================================

Uploading experiment status to history service.
Adding run profile attachment azureml-logs/60_control_log.txt
Logging experiment running status in history service.
Running: ['sudo', 'docker', 'run', '--name', 'e2e-04_1528218424721', '--rm', '-v', '/tmp/azureml_runs/e2e-04_1528218424721:/azureml-run', '-e', 'AZUREML_DOCKERFILE_PATH=azureml-setup/Dockerfile', '-e', 'AZUREML_CONDA_ENVIRONMENT_EXISTENCE_INDICATOR=$HOME/.azureml/locks/azureml_2a9900e538c4d66a9c044566e96aa6f1', '-e', 'AZUREML_CONDA_ENVIRONMENT_PATH=/azureml-envs/azureml_2a9900e538c4d66a9c044566e96aa6f1', '-e', 'AZUREML_CONDA_LOCK_PATH=$HOME/.azureml/locks/azureml_conda_lock', '-e', 'EXAMPLE_ENV_VAR=EXAMPLE_VALUE', '-e', 'AZUREML_CONTEXT_MANAGER_OUTPUTCOLLECTION=null', '-e', 'AZUREML_RUN_TOKEN_EXPIRY=1528823224', '-e', 'AZUREML_RUN_TOKEN=eyJhbGciOiJSUzI1NiIsImtpZCI6IjMwQTk2ODc3NzgyNDgwMEFFQTc3RTFGMzZBMzM0NTU4OUI0N0VDREIiLCJ0eXAiOiJKV1QifQ.eyJydW5pZCI6ImUyZS0wNF8xNTI4MjE4NDI0NzIxIiwicm9sZSI6IkNvbnRyaWJ1dG9yIiwic2NvcGUiOiIvc3Vic2NyaXB0aW9ucy9mYWMzNDMwMy00MzVkLTQ0ODYtOGMzZi03MDk0ZDgyYTBiNjAvcmVzb3VyY2VHcm91cHMvYW1sLW5vdGVib29rcy9wcm92aWRlcnMvTWljcm9zb2Z0Lk1hY2hpbmVMZWFybmluZ1NlcnZpY2VzL3dvcmtzcGFjZXMvaGFpZWFzdHVzMndzMyIsImFjY291bnRpZCI6IjViM2RmZjkxLWEwM2ItNDcyZC1iZjVmLTdhNTU3Mjk5ZmEwZSIsIndvcmtzcGFjZUlkIjoiNWIzZGZmOTEtYTAzYi00NzJkLWJmNWYtN2E1NTcyOTlmYTBlIiwicHJvamVjdGlkIjoiOGMxOTI2ZTktOWUwYy00MzFmLTg4MTMtOTE0ZmY4NWYzMGYxIiwiZGlzY292ZXJ5IjoiaHR0cHM6Ly9lYXN0dXMyLmV4cGVyaW1lbnRzLmF6dXJlbWwubmV0L2Rpc2NvdmVyeSIsInRpZCI6IjcyZjk4OGJmLTg2ZjEtNDFhZi05MWFiLTJkN2NkMDExZGI0NyIsIm9pZCI6ImZiN2QyYmJmLTJjNTQtNDZkNy04Nzc1LTdlMzE4NjQ0ZGQ2YiIsImV4cCI6MTUyODgyMzIyNCwiaXNzIjoiYXp1cmVtbCIsImF1ZCI6ImF6dXJlbWwifQ.A0AWipi2nmVrlL9BGPh5gX1XDJJoFLSM8MPr17rIcsN8Fp8p0zKo1CwlDyyTbGP1h3_v4folMEMVgzOCzf1yirzV7p1Y5DxuZwDB5QCe1JIV456lhn8j3oyJo_yZbVKHKQqN3VgFMDJcYgvL3594fYo5uA-fiO3_EriTMYyjCqHjF0fUBBurhNeqcHHqBPsU8MK3w93RrXjkig2zBAMPDRNUnUC7FAbRvOOmf0nIfbZaBkYDrqOugDT2OpXszkVzCqq2ZiLSyS8cOVpHG4Nw2W-05gSt5OQtLN3gCISH4eQeSUMJquS2AzI3cqrZt8uUGhsBn67MjYFnTIfeKFsiYQ', '-e', 'PYTHONUNBUFFERED=True', '-e', 'AZUREML_ARM_PROJECT_NAME=e2e-04', '-e', 'AZUREML_ARM_WORKSPACE_NAME=haieastus2ws3', '-e', 'AZUREML_ARM_SUBSCRIPTION=fac34303-435d-4486-8c3f-7094d82a0b60', '-e', 'AZUREML_ARM_RESOURCEGROUP=aml-notebooks', '-e', 'AZUREML_ARM_SCOPE=/subscriptions/fac34303-435d-4486-8c3f-7094d82a0b60/resourceGroups/aml-notebooks/providers/Microsoft.MachineLearningServices/workspaces/haieastus2ws3/projects/e2e-04', '-e', 'AZUREML_DISCOVERY_SERVICE_ENDPOINT=https://eastus2.experiments.azureml.net/discovery', '-e', 'AZUREML_SERVICE_ENDPOINT=https://eastus2.experiments.azureml.net', '-e', 'AZUREML_RUN_CONFIGURATION=azureml-setup/mutated_run_configuration.yml', '-e', 'AZUREML_INSTRUMENTATION_KEY=c684677d-b3a0-4709-a00e-78e5b31cfafa', '-e', 'AZUREML_DRIVERLOG_PATH=azureml-logs/driver_log.txt', '-e', 'AZUREML_CONTROLLOG_PATH=azureml-logs/control_log.txt', '-e', 'AZUREML_LOGDIRECTORY_PATH=azureml-logs/', '-e', 'AZUREML_COMPLETEFILE_PATH=azureml-setup/complete', '-e', 'AZUREML_PIDFILE_PATH=azureml-setup/pid.txt', '-e', 'AZUREML_RUN_ID=e2e-04_1528218424721', 'azureml/azureml_5707273e4d4f8da6a3c3c494ed4d7d30', '/bin/bash', '-c', '"python" "azureml-setup/run_script.py" "python" "azureml-setup/context_manager_injector.py" "-i" "OutputCollection:context_managers.RunHistory" "train-sklearn.py"']
Uploading experiment status to history service.
Adding run profile attachment azureml-logs/80_driver_log.txt

Streaming azureml-logs/80_driver_log.txt
========================================

alpha is 0.00, and mse is 3424.32
alpha is 0.05, and mse is 3408.92
alpha is 0.10, and mse is 3372.65
alpha is 0.15, and mse is 3345.15
alpha is 0.20, and mse is 3325.29
alpha is 0.25, and mse is 3311.56
alpha is 0.30, and mse is 3302.67
alpha is 0.35, and mse is 3297.66
alpha is 0.40, and mse is 3295.74
alpha is 0.45, and mse is 3296.32
alpha is 0.50, and mse is 3298.91
alpha is 0.55, and mse is 3303.14
alpha is 0.60, and mse is 3308.70
alpha is 0.65, and mse is 3315.36
alpha is 0.70, and mse is 3322.90
alpha is 0.75, and mse is 3331.17
alpha is 0.80, and mse is 3340.02
alpha is 0.85, and mse is 3349.36
alpha is 0.90, and mse is 3359.09
alpha is 0.95, and mse is 3369.13
The experiment completed successfully. Starting post-processing steps.

Execution Summary
=================
RunId: e2e-04_1528218424721

When alpha is 0.40, we have min MSE 3295.74.


##### 05.spark (2018-06-05-13:07:39) ###################
Azure ML Core SDK Version: 0.1.0.1005480
Found config.json in: /data/git/hai/e2e_test/aml_config/config.json
Workspace details:
aml-notebooks haieastus2ws3 eastus2
/tmp/e2e-test/05 already exists, remove it.
/tmp/e2e-test/05
e2e-05
copy train-spark.py and iris.csv to the project folder.
create an ACI run config.
base image is microsoft/mmlspark:0.12

##################################################
submitting train-spark.py for a Spark run on ACI...
##################################################

https://mlworkspace.azureml-test.net/home/%2Fsubscriptions%2Ffac34303-435d-4486-8c3f-7094d82a0b60%2FresourceGroups%2Faml-notebooks%2Fproviders%2FMicrosoft.MachineLearningServices%2Fworkspaces%2Fhaieastus2ws3/projects/e2e-05/run-history/run-details/e2e-05_1528218461917
RunId: e2e-05_1528218461917

Streaming azureml-logs/20_ice_log.txt
=====================================


Execution Summary
=================
RunId: e2e-05_1528218461917

attach a VM target:
Load the cpu-dsvm config and make it run Spark:
base image is: microsoft/mmlspark:0.12

##################################################
submitting train-spark.py for a Spark run on Docker in VM...
##################################################

https://mlworkspace.azureml-test.net/home/%2Fsubscriptions%2Ffac34303-435d-4486-8c3f-7094d82a0b60%2FresourceGroups%2Faml-notebooks%2Fproviders%2FMicrosoft.MachineLearningServices%2Fworkspaces%2Fhaieastus2ws3/projects/e2e-05/run-history/run-details/e2e-05_1528218553643
RunId: e2e-05_1528218553643

Streaming azureml-logs/60_control_log.txt
=========================================

Uploading experiment status to history service.
Adding run profile attachment azureml-logs/60_control_log.txt
Logging experiment running status in history service.
Running: ['sudo', 'docker', 'run', '--name', 'e2e-05_1528218553643', '--rm', '-v', '/tmp/azureml_runs/e2e-05_1528218553643:/azureml-run', '-e', 'PYSPARK_PYTHON=/azureml-envs/azureml_40b348c4d7381beefb01312cdebdaa0b/bin/python', '-e', 'AZUREML_DOCKERFILE_PATH=azureml-setup/Dockerfile', '-e', 'AZUREML_CONDA_ENVIRONMENT_EXISTENCE_INDICATOR=$HOME/.azureml/locks/azureml_40b348c4d7381beefb01312cdebdaa0b', '-e', 'AZUREML_CONDA_ENVIRONMENT_PATH=/azureml-envs/azureml_40b348c4d7381beefb01312cdebdaa0b', '-e', 'AZUREML_CONDA_LOCK_PATH=$HOME/.azureml/locks/azureml_conda_lock', '-e', 'EXAMPLE_ENV_VAR=EXAMPLE_VALUE', '-e', 'AZUREML_CONTEXT_MANAGER_OUTPUTCOLLECTION=null', '-e', 'AZUREML_RUN_TOKEN_EXPIRY=1528823353', '-e', 'AZUREML_RUN_TOKEN=eyJhbGciOiJSUzI1NiIsImtpZCI6IjMwQTk2ODc3NzgyNDgwMEFFQTc3RTFGMzZBMzM0NTU4OUI0N0VDREIiLCJ0eXAiOiJKV1QifQ.eyJydW5pZCI6ImUyZS0wNV8xNTI4MjE4NTUzNjQzIiwicm9sZSI6IkNvbnRyaWJ1dG9yIiwic2NvcGUiOiIvc3Vic2NyaXB0aW9ucy9mYWMzNDMwMy00MzVkLTQ0ODYtOGMzZi03MDk0ZDgyYTBiNjAvcmVzb3VyY2VHcm91cHMvYW1sLW5vdGVib29rcy9wcm92aWRlcnMvTWljcm9zb2Z0Lk1hY2hpbmVMZWFybmluZ1NlcnZpY2VzL3dvcmtzcGFjZXMvaGFpZWFzdHVzMndzMyIsImFjY291bnRpZCI6IjViM2RmZjkxLWEwM2ItNDcyZC1iZjVmLTdhNTU3Mjk5ZmEwZSIsIndvcmtzcGFjZUlkIjoiNWIzZGZmOTEtYTAzYi00NzJkLWJmNWYtN2E1NTcyOTlmYTBlIiwicHJvamVjdGlkIjoiYTFkZWViNjMtOThlYS00N2ZhLTkxMTQtODc3YTBiMDc3OTMxIiwiZGlzY292ZXJ5IjoiaHR0cHM6Ly9lYXN0dXMyLmV4cGVyaW1lbnRzLmF6dXJlbWwubmV0L2Rpc2NvdmVyeSIsInRpZCI6IjcyZjk4OGJmLTg2ZjEtNDFhZi05MWFiLTJkN2NkMDExZGI0NyIsIm9pZCI6ImZiN2QyYmJmLTJjNTQtNDZkNy04Nzc1LTdlMzE4NjQ0ZGQ2YiIsImV4cCI6MTUyODgyMzM1MywiaXNzIjoiYXp1cmVtbCIsImF1ZCI6ImF6dXJlbWwifQ.c3dqf20de62nvlvjmrERyvVYsU3fOmiCSLkLk1aEXeJTSE43UfBqYIjYSEbCkZSCTwbjZ76YQqpYJQlQjY8NWlhVXe0ZT-2Kcqh6ezLti2XyNXglkwqCyJEABQn2WSnPQ4tc5ncozsJCagyzqrTmKkgmfn-_l8goa4wBbch2R3OTToklht3ptnwc2MfD8OroP6Gkc47MM26mm65dqQDTo-vj3uBFncHPDMNiFIlKzajGQJ957gIUu6YYOf8Hpu6qmTtQVOrsRNCCQ5Kl4IJ7tEcL6Nbbe7WS0REorQmPNKz9FC1I_xKL3clmah_QAimAsuc1iwuSm8BpVvHhs8Berw', '-e', 'PYTHONUNBUFFERED=True', '-e', 'AZUREML_ARM_PROJECT_NAME=e2e-05', '-e', 'AZUREML_ARM_WORKSPACE_NAME=haieastus2ws3', '-e', 'AZUREML_ARM_SUBSCRIPTION=fac34303-435d-4486-8c3f-7094d82a0b60', '-e', 'AZUREML_ARM_RESOURCEGROUP=aml-notebooks', '-e', 'AZUREML_ARM_SCOPE=/subscriptions/fac34303-435d-4486-8c3f-7094d82a0b60/resourceGroups/aml-notebooks/providers/Microsoft.MachineLearningServices/workspaces/haieastus2ws3/projects/e2e-05', '-e', 'AZUREML_DISCOVERY_SERVICE_ENDPOINT=https://eastus2.experiments.azureml.net/discovery', '-e', 'AZUREML_SERVICE_ENDPOINT=https://eastus2.experiments.azureml.net', '-e', 'AZUREML_RUN_CONFIGURATION=azureml-setup/mutated_run_configuration.yml', '-e', 'AZUREML_INSTRUMENTATION_KEY=c684677d-b3a0-4709-a00e-78e5b31cfafa', '-e', 'AZUREML_DRIVERLOG_PATH=azureml-logs/driver_log.txt', '-e', 'AZUREML_CONTROLLOG_PATH=azureml-logs/control_log.txt', '-e', 'AZUREML_LOGDIRECTORY_PATH=azureml-logs/', '-e', 'AZUREML_COMPLETEFILE_PATH=azureml-setup/complete', '-e', 'AZUREML_PIDFILE_PATH=azureml-setup/pid.txt', '-e', 'AZUREML_RUN_ID=e2e-05_1528218553643', 'azureml/azureml_2ed57bef1da71375bd881703708d5260', '/bin/bash', '-c', '"/azureml-envs/azureml_40b348c4d7381beefb01312cdebdaa0b/bin/python" "azureml-setup/run_script.py" "$SPARK_HOME/bin/spark-submit" "--repositories" "https://mmlspark.azureedge.net/maven,https://azuremldownloads.blob.core.windows.net/repo5qh91kdjs6" "--packages" "com.microsoft.ml.spark:mmlspark_2.11:0.12,com.microsoft:dprep_2.11:0.18.0,com.microsoft.sqlserver:mssql-jdbc:6.2.1.jre8" "--driver-java-options" "-Dlog4j.configuration=file:./azureml-setup/log4j.properties" "--conf" "spark.eventLog.enabled=true" "--conf" "spark.eventLog.dir=./azureml-logs" "azureml-setup/context_manager_injector.py" "-i" "OutputCollection:context_managers.RunHistory" "train-spark.py"']
Uploading experiment status to history service.
Adding run profile attachment azureml-logs/80_driver_log.txt

Streaming azureml-logs/80_driver_log.txt
========================================

https://mmlspark.azureedge.net/maven added as a remote repository with the name: repo-1
https://azuremldownloads.blob.core.windows.net/repo5qh91kdjs6 added as a remote repository with the name: repo-2
Ivy Default Cache set to: /root/.ivy2/cache
The jars for the packages stored in: /root/.ivy2/jars
:: loading settings :: url = jar:file:/home/mmlspark/lib/spark/jars/ivy-2.4.0.jar!/org/apache/ivy/core/settings/ivysettings.xml
com.microsoft.ml.spark#mmlspark_2.11 added as a dependency
com.microsoft#dprep_2.11 added as a dependency
com.microsoft.sqlserver#mssql-jdbc added as a dependency
:: resolving dependencies :: org.apache.spark#spark-submit-parent;1.0
	confs: [default]
	found com.microsoft.ml.spark#mmlspark_2.11;0.12 in repo-1
	found io.spray#spray-json_2.11;1.3.2 in central
	found com.microsoft.cntk#cntk;2.4 in central
	found org.openpnp#opencv;3.2.0-1 in central
	found com.microsoft.ml.lightgbm#lightgbmlib;2.0.120 in central
	found com.microsoft#dprep_2.11;0.18.0 in repo-2
	found com.microsoft.programSynthesis#tText;4.1.0-preview2018010901 in repo-2
	found com.microsoft.programSynthesis#dsl;4.1.0-preview2018010901 in repo-2
	found com.microsoft.programSynthesis#sText;4.1.0-preview2018010901 in repo-2
	found com.microsoft.sqlserver#mssql-jdbc;6.2.1.jre8 in central
:: resolution report :: resolve 380ms :: artifacts dl 17ms
	:: modules in use:
	com.microsoft#dprep_2.11;0.18.0 from repo-2 in [default]
	com.microsoft.cntk#cntk;2.4 from central in [default]
	com.microsoft.ml.lightgbm#lightgbmlib;2.0.120 from central in [default]
	com.microsoft.ml.spark#mmlspark_2.11;0.12 from repo-1 in [default]
	com.microsoft.programSynthesis#dsl;4.1.0-preview2018010901 from repo-2 in [default]
	com.microsoft.programSynthesis#sText;4.1.0-preview2018010901 from repo-2 in [default]
	com.microsoft.programSynthesis#tText;4.1.0-preview2018010901 from repo-2 in [default]
	com.microsoft.sqlserver#mssql-jdbc;6.2.1.jre8 from central in [default]
	io.spray#spray-json_2.11;1.3.2 from central in [default]
	org.openpnp#opencv;3.2.0-1 from central in [default]
	---------------------------------------------------------------------
	|                  |            modules            ||   artifacts   |
	|       conf       | number| search|dwnlded|evicted|| number|dwnlded|
	---------------------------------------------------------------------
	|      default     |   10  |   0   |   0   |   0   ||   10  |   0   |
	---------------------------------------------------------------------
:: retrieving :: org.apache.spark#spark-submit-parent
	confs: [default]
	0 artifacts copied, 10 already retrieved (0kB/11ms)
****************
Python version: 3.6.2 |Anaconda, Inc.| (default, Oct  5 2017, 07:59:26) 
[GCC 7.2.0]
Spark version: 2.2.1
****************
First 10 rows of Iris dataset:
+------------+-----------+------------+-----------+-----------+
|sepal-length|sepal-width|petal-length|petal-width|      class|
+------------+-----------+------------+-----------+-----------+
|         5.1|        3.5|         1.4|        0.2|Iris-setosa|
|         4.9|        3.0|         1.4|        0.2|Iris-setosa|
|         4.7|        3.2|         1.3|        0.2|Iris-setosa|
|         4.6|        3.1|         1.5|        0.2|Iris-setosa|
|         5.0|        3.6|         1.4|        0.2|Iris-setosa|
|         5.4|        3.9|         1.7|        0.4|Iris-setosa|
|         4.6|        3.4|         1.4|        0.3|Iris-setosa|
|         5.0|        3.4|         1.5|        0.2|Iris-setosa|
|         4.4|        2.9|         1.4|        0.2|Iris-setosa|
|         4.9|        3.1|         1.5|        0.1|Iris-setosa|
+------------+-----------+------------+-----------+-----------+
only showing top 10 rows

Load featurized dataset for machine learning...
+-----------------+-----+
|         features|label|
+-----------------+-----+
|[5.1,3.5,1.4,0.2]|  0.0|
|[4.9,3.0,1.4,0.2]|  0.0|
|[4.7,3.2,1.3,0.2]|  0.0|
|[4.6,3.1,1.5,0.2]|  0.0|
|[5.0,3.6,1.4,0.2]|  0.0|
|[5.4,3.9,1.7,0.4]|  0.0|
|[4.6,3.4,1.4,0.3]|  0.0|
|[5.0,3.4,1.5,0.2]|  0.0|
|[4.4,2.9,1.4,0.2]|  0.0|
|[4.9,3.1,1.5,0.1]|  0.0|
+-----------------+-----+
only showing top 10 rows

Prediction
+-----------------+-----+--------------------+--------------------+----------+
|         features|label|       rawPrediction|         probability|prediction|
+-----------------+-----+--------------------+--------------------+----------+
|[4.4,2.9,1.4,0.2]|  0.0|[5.34481969254056...|[0.95921117979534...|       0.0|
|[4.6,3.2,1.4,0.2]|  0.0|[5.82625214495579...|[0.97757249079642...|       0.0|
|[4.8,3.0,1.4,0.1]|  0.0|[5.31020120259818...|[0.94749764592936...|       0.0|
|[5.0,2.0,3.5,1.0]|  1.0|[-1.0859253918041...|[0.03287925739675...|       1.0|
|[5.0,2.3,3.3,1.0]|  1.0|[-0.1809463751564...|[0.09567298139692...|       1.0|
|[5.0,3.0,1.6,0.2]|  0.0|[4.68552861333245...|[0.90649973545194...|       0.0|
|[5.1,3.5,1.4,0.2]|  0.0|[5.95108479816837...|[0.97947032116402...|       0.0|
|[5.2,3.5,1.5,0.2]|  0.0|[5.73931151605213...|[0.97370889427028...|       0.0|
|[5.2,4.1,1.5,0.1]|  0.0|[7.37876884485268...|[0.99654041549689...|       0.0|
|[5.4,3.4,1.5,0.4]|  0.0|[4.85960438255599...|[0.93751680812642...|       0.0|
+-----------------+-----+--------------------+--------------------+----------+
only showing top 10 rows


#####################################
Regularization rate is 0.01
Accuracy is 0.9411764705882353
#####################################

The experiment completed successfully. Starting post-processing steps.

Execution Summary
=================
RunId: e2e-05_1528218553643

attach HDI
Load HDI run config.

##################################################
submitting train-spark.py for a HDI run...
##################################################

https://mlworkspace.azureml-test.net/home/%2Fsubscriptions%2Ffac34303-435d-4486-8c3f-7094d82a0b60%2FresourceGroups%2Faml-notebooks%2Fproviders%2FMicrosoft.MachineLearningServices%2Fworkspaces%2Fhaieastus2ws3/projects/e2e-05/run-history/run-details/e2e-05_1528218598208
RunId: e2e-05_1528218598208

Streaming azureml-logs/60_control_log.txt
=========================================

Uploading experiment status to history service.
Adding run profile attachment azureml-logs/60_control_log.txt
  adding: iris.csv (deflated 82%)
  adding: azureml-logs/ (stored 0%)
  adding: azureml-logs/control_log.txt (deflated 12%)
  adding: train-spark.py (deflated 62%)
  adding: .amlignore (deflated 25%)
  adding: azureml-setup/ (stored 0%)
  adding: azureml-setup/interrupt_sender.py (deflated 57%)
  adding: azureml-setup/killable_subprocess.pyc (deflated 55%)
  adding: azureml-setup/conda_manager.pyc (deflated 50%)
  adding: azureml-setup/log4j.properties (deflated 56%)
  adding: azureml-setup/log_history_status.pyc (deflated 62%)
  adding: azureml-setup/spark_cache.py (deflated 20%)
  adding: azureml-setup/context_managers.py (deflated 64%)
  adding: azureml-setup/run_script.py (deflated 67%)
  adding: azureml-setup/conda_lock.pyc (deflated 52%)
  adding: azureml-setup/conda_manager.py (deflated 69%)
  adding: azureml-setup/context_manager_injector.py (deflated 59%)
  adding: azureml-setup/interrupt_sender.pyc (deflated 48%)
  adding: azureml-setup/mutated_run_configuration.yml (deflated 46%)
  adding: azureml-setup/conda_lock.py (deflated 54%)
  adding: azureml-setup/hdi_utilities.py (deflated 49%)
  adding: azureml-setup/project_fetcher.pyc (deflated 51%)
  adding: azureml-setup/hdi_utilities.pyc (deflated 47%)
  adding: azureml-setup/execution_timer.py (deflated 68%)
  adding: azureml-setup/execution_timer.pyc (deflated 63%)
  adding: azureml-setup/project_fetcher.py (deflated 62%)
  adding: azureml-setup/upload_artifacts.pyc (deflated 44%)
  adding: azureml-setup/hdi_control_script.py (deflated 64%)
  adding: azureml-setup/mutated_conda_dependencies.yml (deflated 29%)
  adding: azureml-setup/pid.txt (stored 0%)
  adding: azureml-setup/log_history_status.py (deflated 67%)
  adding: azureml-setup/killable_subprocess.py (deflated 68%)
  adding: azureml-setup/99brokenproxy (deflated 26%)
  adding: azureml-setup/prepare_environment.py (deflated 36%)
  adding: azureml-setup/upload_artifacts.py (deflated 60%)
  adding: azureml-setup/hdi_context_manager.py (deflated 56%)
  adding: aml_config/ (stored 0%)
  adding: aml_config/cpu-dsvm.runconfig (deflated 55%)
  adding: aml_config/myhdi.compute (deflated 11%)
  adding: aml_config/local.runconfig (deflated 56%)
  adding: aml_config/cpu-dsvm.compute (deflated 14%)
  adding: aml_config/myhdi.runconfig (deflated 55%)
  adding: aml_config/conda_dependencies.yml (deflated 49%)
  adding: aml_config/project.json (deflated 19%)
  adding: aml_config/docker.runconfig (deflated 56%)
  adding: assets/ (stored 0%)

Streaming azureml-logs/80_driver_log.txt
========================================

Ivy Default Cache set to: /home/ninghai/.ivy2/cache
The jars for the packages stored in: /home/ninghai/.ivy2/jars
https://mmlspark.azureedge.net/maven added as a remote repository with the name: repo-1
https://azuremldownloads.blob.core.windows.net/repo5qh91kdjs6 added as a remote repository with the name: repo-2
:: loading settings :: url = jar:file:/usr/hdp/2.6.0.2-76/spark2/jars/ivy-2.4.0.jar!/org/apache/ivy/core/settings/ivysettings.xml
com.microsoft.ml.spark#mmlspark_2.11 added as a dependency
com.microsoft#dprep_2.11 added as a dependency
com.microsoft.sqlserver#mssql-jdbc added as a dependency
:: resolving dependencies :: org.apache.spark#spark-submit-parent;1.0
	confs: [default]
	found com.microsoft.ml.spark#mmlspark_2.11;0.12 in repo-1
	found io.spray#spray-json_2.11;1.3.2 in central
	found com.microsoft.cntk#cntk;2.4 in central
	found org.openpnp#opencv;3.2.0-1 in central
	found com.microsoft.ml.lightgbm#lightgbmlib;2.0.120 in central
	found com.microsoft#dprep_2.11;0.18.0 in repo-2
	found com.microsoft.programSynthesis#tText;4.1.0-preview2018010901 in repo-2
	found com.microsoft.programSynthesis#dsl;4.1.0-preview2018010901 in repo-2
	found com.microsoft.programSynthesis#sText;4.1.0-preview2018010901 in repo-2
	found com.microsoft.sqlserver#mssql-jdbc;6.2.1.jre8 in central
:: resolution report :: resolve 558ms :: artifacts dl 28ms
	:: modules in use:
	com.microsoft#dprep_2.11;0.18.0 from repo-2 in [default]
	com.microsoft.cntk#cntk;2.4 from central in [default]
	com.microsoft.ml.lightgbm#lightgbmlib;2.0.120 from central in [default]
	com.microsoft.ml.spark#mmlspark_2.11;0.12 from repo-1 in [default]
	com.microsoft.programSynthesis#dsl;4.1.0-preview2018010901 from repo-2 in [default]
	com.microsoft.programSynthesis#sText;4.1.0-preview2018010901 from repo-2 in [default]
	com.microsoft.programSynthesis#tText;4.1.0-preview2018010901 from repo-2 in [default]
	com.microsoft.sqlserver#mssql-jdbc;6.2.1.jre8 from central in [default]
	io.spray#spray-json_2.11;1.3.2 from central in [default]
	org.openpnp#opencv;3.2.0-1 from central in [default]
	---------------------------------------------------------------------
	|                  |            modules            ||   artifacts   |
	|       conf       | number| search|dwnlded|evicted|| number|dwnlded|
	---------------------------------------------------------------------
	|      default     |   10  |   0   |   0   |   0   ||   10  |   0   |
	---------------------------------------------------------------------
:: retrieving :: org.apache.spark#spark-submit-parent
	confs: [default]
	0 artifacts copied, 10 already retrieved (0kB/17ms)
18/06/05 17:10:23 WARN NativeCodeLoader: Unable to load native-hadoop library for your platform... using builtin-java classes where applicable
18/06/05 17:10:24 INFO MetricsConfig: loaded properties from hadoop-metrics2-azure-file-system.properties
18/06/05 17:10:24 INFO WasbAzureIaasSink: Init starting.
18/06/05 17:10:24 INFO AzureIaasSink: Init starting. Initializing MdsLogger.
18/06/05 17:10:24 INFO AzureIaasSink: Init completed.
18/06/05 17:10:24 INFO WasbAzureIaasSink: Init completed.
18/06/05 17:10:24 INFO MetricsSinkAdapter: Sink azurefs2 started
18/06/05 17:10:24 INFO MetricsSystemImpl: Scheduled snapshot period at 60 second(s).
18/06/05 17:10:24 INFO MetricsSystemImpl: azure-file-system metrics system started
18/06/05 17:10:25 INFO RequestHedgingRMFailoverProxyProvider: Looking for the active RM in [rm1, rm2]...
18/06/05 17:10:25 INFO RequestHedgingRMFailoverProxyProvider: Found active RM [rm1]
18/06/05 17:10:25 INFO Client: Requesting a new application from cluster with 4 NodeManagers
18/06/05 17:10:25 INFO Client: Verifying our application has not requested more than the maximum memory capability of the cluster (51200 MB per container)
18/06/05 17:10:25 INFO Client: Will allocate AM container, with 1408 MB memory including 384 MB overhead
18/06/05 17:10:25 INFO Client: Setting up container launch context for our AM
18/06/05 17:10:25 INFO Client: Setting up the launch environment for our AM container
18/06/05 17:10:25 INFO Client: Preparing resources for our AM container
18/06/05 17:10:27 INFO Client: Uploading resource file:/home/ninghai/.ivy2/jars/com.microsoft.ml.spark_mmlspark_2.11-0.12.jar -> wasb://sparkhai@sparkstores2.blob.core.windows.net/user/ninghai/.sparkStaging/application_1527512542584_0088/com.microsoft.ml.spark_mmlspark_2.11-0.12.jar
18/06/05 17:10:27 INFO Client: Uploading resource file:/home/ninghai/.ivy2/jars/com.microsoft_dprep_2.11-0.18.0.jar -> wasb://sparkhai@sparkstores2.blob.core.windows.net/user/ninghai/.sparkStaging/application_1527512542584_0088/com.microsoft_dprep_2.11-0.18.0.jar
18/06/05 17:10:27 INFO Client: Uploading resource file:/home/ninghai/.ivy2/jars/com.microsoft.sqlserver_mssql-jdbc-6.2.1.jre8.jar -> wasb://sparkhai@sparkstores2.blob.core.windows.net/user/ninghai/.sparkStaging/application_1527512542584_0088/com.microsoft.sqlserver_mssql-jdbc-6.2.1.jre8.jar
18/06/05 17:10:28 INFO Client: Uploading resource file:/home/ninghai/.ivy2/jars/io.spray_spray-json_2.11-1.3.2.jar -> wasb://sparkhai@sparkstores2.blob.core.windows.net/user/ninghai/.sparkStaging/application_1527512542584_0088/io.spray_spray-json_2.11-1.3.2.jar
18/06/05 17:10:28 INFO Client: Uploading resource file:/home/ninghai/.ivy2/jars/com.microsoft.cntk_cntk-2.4.jar -> wasb://sparkhai@sparkstores2.blob.core.windows.net/user/ninghai/.sparkStaging/application_1527512542584_0088/com.microsoft.cntk_cntk-2.4.jar
18/06/05 17:10:35 INFO Client: Uploading resource file:/home/ninghai/.ivy2/jars/org.openpnp_opencv-3.2.0-1.jar -> wasb://sparkhai@sparkstores2.blob.core.windows.net/user/ninghai/.sparkStaging/application_1527512542584_0088/org.openpnp_opencv-3.2.0-1.jar
18/06/05 17:10:37 INFO Client: Uploading resource file:/home/ninghai/.ivy2/jars/com.microsoft.ml.lightgbm_lightgbmlib-2.0.120.jar -> wasb://sparkhai@sparkstores2.blob.core.windows.net/user/ninghai/.sparkStaging/application_1527512542584_0088/com.microsoft.ml.lightgbm_lightgbmlib-2.0.120.jar
18/06/05 17:10:37 INFO Client: Uploading resource file:/home/ninghai/.ivy2/jars/com.microsoft.programSynthesis_tText-4.1.0-preview2018010901.jar -> wasb://sparkhai@sparkstores2.blob.core.windows.net/user/ninghai/.sparkStaging/application_1527512542584_0088/com.microsoft.programSynthesis_tText-4.1.0-preview2018010901.jar
18/06/05 17:10:38 INFO Client: Uploading resource file:/home/ninghai/.ivy2/jars/com.microsoft.programSynthesis_sText-4.1.0-preview2018010901.jar -> wasb://sparkhai@sparkstores2.blob.core.windows.net/user/ninghai/.sparkStaging/application_1527512542584_0088/com.microsoft.programSynthesis_sText-4.1.0-preview2018010901.jar
18/06/05 17:10:38 INFO Client: Uploading resource file:/home/ninghai/.ivy2/jars/com.microsoft.programSynthesis_dsl-4.1.0-preview2018010901.jar -> wasb://sparkhai@sparkstores2.blob.core.windows.net/user/ninghai/.sparkStaging/application_1527512542584_0088/com.microsoft.programSynthesis_dsl-4.1.0-preview2018010901.jar
18/06/05 17:10:38 INFO Client: Uploading resource file:/tmp/azureml_runs/e2e-05_1528218598208/azureml-setup/context_manager_injector.py -> wasb://sparkhai@sparkstores2.blob.core.windows.net/user/ninghai/.sparkStaging/application_1527512542584_0088/context_manager_injector.py
18/06/05 17:10:39 INFO Client: Uploading resource file:/tmp/azureml_runs/e2e-05_1528218598208/azureml-setup/context_managers.py -> wasb://sparkhai@sparkstores2.blob.core.windows.net/user/ninghai/.sparkStaging/application_1527512542584_0088/context_managers.py
18/06/05 17:10:39 INFO Client: Uploading resource file:/tmp/azureml_runs/e2e-05_1528218598208/azureml-setup/hdi_context_manager.py -> wasb://sparkhai@sparkstores2.blob.core.windows.net/user/ninghai/.sparkStaging/application_1527512542584_0088/hdi_context_manager.py
18/06/05 17:10:39 INFO Client: Uploading resource file:/home/ninghai/.azureml/envs/azureml_40b348c4d7381beefb01312cdebdaa0b.zip -> wasb://sparkhai@sparkstores2.blob.core.windows.net/user/ninghai/.sparkStaging/application_1527512542584_0088/azureml_40b348c4d7381beefb01312cdebdaa0b.zip
18/06/05 17:10:47 INFO Client: Uploading resource file:/tmp/azureml_runs/e2e-05_1528218598208/code.zip -> wasb://sparkhai@sparkstores2.blob.core.windows.net/user/ninghai/.sparkStaging/application_1527512542584_0088/code.zip
18/06/05 17:10:47 WARN Client: Same name resource file:/tmp/azureml_runs/e2e-05_1528218598208/azureml-setup/context_manager_injector.py added multiple times to distributed cache
18/06/05 17:10:47 INFO Client: Uploading resource file:/usr/hdp/current/spark2-client/python/lib/pyspark.zip -> wasb://sparkhai@sparkstores2.blob.core.windows.net/user/ninghai/.sparkStaging/application_1527512542584_0088/pyspark.zip
18/06/05 17:10:47 INFO Client: Uploading resource file:/usr/hdp/current/spark2-client/python/lib/py4j-0.10.4-src.zip -> wasb://sparkhai@sparkstores2.blob.core.windows.net/user/ninghai/.sparkStaging/application_1527512542584_0088/py4j-0.10.4-src.zip
18/06/05 17:10:48 WARN Client: Same path resource file:/home/ninghai/.ivy2/jars/com.microsoft.ml.spark_mmlspark_2.11-0.12.jar added multiple times to distributed cache.
18/06/05 17:10:48 WARN Client: Same path resource file:/home/ninghai/.ivy2/jars/com.microsoft_dprep_2.11-0.18.0.jar added multiple times to distributed cache.
18/06/05 17:10:48 WARN Client: Same path resource file:/home/ninghai/.ivy2/jars/com.microsoft.sqlserver_mssql-jdbc-6.2.1.jre8.jar added multiple times to distributed cache.
18/06/05 17:10:48 WARN Client: Same path resource file:/home/ninghai/.ivy2/jars/io.spray_spray-json_2.11-1.3.2.jar added multiple times to distributed cache.
18/06/05 17:10:48 WARN Client: Same path resource file:/home/ninghai/.ivy2/jars/com.microsoft.cntk_cntk-2.4.jar added multiple times to distributed cache.
18/06/05 17:10:48 WARN Client: Same path resource file:/home/ninghai/.ivy2/jars/org.openpnp_opencv-3.2.0-1.jar added multiple times to distributed cache.
18/06/05 17:10:48 WARN Client: Same path resource file:/home/ninghai/.ivy2/jars/com.microsoft.ml.lightgbm_lightgbmlib-2.0.120.jar added multiple times to distributed cache.
18/06/05 17:10:48 WARN Client: Same path resource file:/home/ninghai/.ivy2/jars/com.microsoft.programSynthesis_tText-4.1.0-preview2018010901.jar added multiple times to distributed cache.
18/06/05 17:10:48 WARN Client: Same path resource file:/home/ninghai/.ivy2/jars/com.microsoft.programSynthesis_sText-4.1.0-preview2018010901.jar added multiple times to distributed cache.
18/06/05 17:10:48 WARN Client: Same path resource file:/home/ninghai/.ivy2/jars/com.microsoft.programSynthesis_dsl-4.1.0-preview2018010901.jar added multiple times to distributed cache.
18/06/05 17:10:48 INFO Client: Uploading resource file:/tmp/spark-bc1ab336-4771-43e6-94a3-9e282dd34b94/__spark_conf__6549562976152631578.zip -> wasb://sparkhai@sparkstores2.blob.core.windows.net/user/ninghai/.sparkStaging/application_1527512542584_0088/__spark_conf__.zip
18/06/05 17:10:48 INFO SecurityManager: Changing view acls to: ninghai
18/06/05 17:10:48 INFO SecurityManager: Changing modify acls to: ninghai
18/06/05 17:10:48 INFO SecurityManager: Changing view acls groups to: 
18/06/05 17:10:48 INFO SecurityManager: Changing modify acls groups to: 
18/06/05 17:10:48 INFO SecurityManager: SecurityManager: authentication disabled; ui acls disabled; users  with view permissions: Set(ninghai); groups with view permissions: Set(); users  with modify permissions: Set(ninghai); groups with modify permissions: Set()
18/06/05 17:10:48 INFO Client: Submitting application application_1527512542584_0088 to ResourceManager
18/06/05 17:10:48 INFO YarnClientImpl: Submitted application application_1527512542584_0088
18/06/05 17:10:49 INFO Client: Application report for application_1527512542584_0088 (state: ACCEPTED)
18/06/05 17:10:49 INFO Client: 
	 client token: N/A
	 diagnostics: AM container is launched, waiting for AM container to Register with RM
	 ApplicationMaster host: N/A
	 ApplicationMaster RPC port: -1
	 queue: default
	 start time: 1528218648318
	 final status: UNDEFINED
	 tracking URL: http://hn0-sparkh.01gbvfzxeqquvorlqntixlipbb.jx.internal.cloudapp.net:8088/proxy/application_1527512542584_0088/
	 user: ninghai
18/06/05 17:10:50 INFO Client: Application report for application_1527512542584_0088 (state: ACCEPTED)
18/06/05 17:10:51 INFO Client: Application report for application_1527512542584_0088 (state: ACCEPTED)
18/06/05 17:10:52 INFO Client: Application report for application_1527512542584_0088 (state: ACCEPTED)
18/06/05 17:10:53 INFO Client: Application report for application_1527512542584_0088 (state: ACCEPTED)
18/06/05 17:10:54 INFO Client: Application report for application_1527512542584_0088 (state: ACCEPTED)
18/06/05 17:10:55 INFO Client: Application report for application_1527512542584_0088 (state: ACCEPTED)
18/06/05 17:10:56 INFO Client: Application report for application_1527512542584_0088 (state: ACCEPTED)
18/06/05 17:10:57 INFO Client: Application report for application_1527512542584_0088 (state: ACCEPTED)
18/06/05 17:10:58 INFO Client: Application report for application_1527512542584_0088 (state: ACCEPTED)
18/06/05 17:10:59 INFO Client: Application report for application_1527512542584_0088 (state: ACCEPTED)
18/06/05 17:11:00 INFO Client: Application report for application_1527512542584_0088 (state: ACCEPTED)
18/06/05 17:11:01 INFO Client: Application report for application_1527512542584_0088 (state: ACCEPTED)
18/06/05 17:11:02 INFO Client: Application report for application_1527512542584_0088 (state: ACCEPTED)
18/06/05 17:11:03 INFO Client: Application report for application_1527512542584_0088 (state: ACCEPTED)
18/06/05 17:11:04 INFO Client: Application report for application_1527512542584_0088 (state: ACCEPTED)
18/06/05 17:11:05 INFO Client: Application report for application_1527512542584_0088 (state: ACCEPTED)
18/06/05 17:11:06 INFO Client: Application report for application_1527512542584_0088 (state: ACCEPTED)
18/06/05 17:11:07 INFO Client: Application report for application_1527512542584_0088 (state: ACCEPTED)
18/06/05 17:11:08 INFO Client: Application report for application_1527512542584_0088 (state: ACCEPTED)
18/06/05 17:11:09 INFO Client: Application report for application_1527512542584_0088 (state: ACCEPTED)
18/06/05 17:11:10 INFO Client: Application report for application_1527512542584_0088 (state: ACCEPTED)
18/06/05 17:11:11 INFO Client: Application report for application_1527512542584_0088 (state: ACCEPTED)
18/06/05 17:11:12 INFO Client: Application report for application_1527512542584_0088 (state: ACCEPTED)
18/06/05 17:11:13 INFO Client: Application report for application_1527512542584_0088 (state: ACCEPTED)
18/06/05 17:11:14 INFO Client: Application report for application_1527512542584_0088 (state: ACCEPTED)
18/06/05 17:11:15 INFO Client: Application report for application_1527512542584_0088 (state: ACCEPTED)
18/06/05 17:11:16 INFO Client: Application report for application_1527512542584_0088 (state: ACCEPTED)
18/06/05 17:11:17 INFO Client: Application report for application_1527512542584_0088 (state: ACCEPTED)
18/06/05 17:11:18 INFO Client: Application report for application_1527512542584_0088 (state: ACCEPTED)
18/06/05 17:11:19 INFO Client: Application report for application_1527512542584_0088 (state: ACCEPTED)
18/06/05 17:11:20 INFO Client: Application report for application_1527512542584_0088 (state: ACCEPTED)
18/06/05 17:11:21 INFO Client: Application report for application_1527512542584_0088 (state: ACCEPTED)
18/06/05 17:11:22 INFO Client: Application report for application_1527512542584_0088 (state: ACCEPTED)
18/06/05 17:11:23 INFO Client: Application report for application_1527512542584_0088 (state: ACCEPTED)
18/06/05 17:11:24 INFO Client: Application report for application_1527512542584_0088 (state: ACCEPTED)
18/06/05 17:11:25 INFO Client: Application report for application_1527512542584_0088 (state: ACCEPTED)
18/06/05 17:11:26 INFO Client: Application report for application_1527512542584_0088 (state: ACCEPTED)
18/06/05 17:11:27 INFO Client: Application report for application_1527512542584_0088 (state: ACCEPTED)
18/06/05 17:11:28 INFO Client: Application report for application_1527512542584_0088 (state: ACCEPTED)
18/06/05 17:11:29 INFO Client: Application report for application_1527512542584_0088 (state: ACCEPTED)
18/06/05 17:11:30 INFO Client: Application report for application_1527512542584_0088 (state: ACCEPTED)
18/06/05 17:11:31 INFO Client: Application report for application_1527512542584_0088 (state: ACCEPTED)
18/06/05 17:11:32 INFO Client: Application report for application_1527512542584_0088 (state: ACCEPTED)
18/06/05 17:11:33 INFO Client: Application report for application_1527512542584_0088 (state: ACCEPTED)
18/06/05 17:11:34 INFO Client: Application report for application_1527512542584_0088 (state: ACCEPTED)
18/06/05 17:11:35 INFO Client: Application report for application_1527512542584_0088 (state: ACCEPTED)
18/06/05 17:11:36 INFO Client: Application report for application_1527512542584_0088 (state: ACCEPTED)
18/06/05 17:11:37 INFO Client: Application report for application_1527512542584_0088 (state: ACCEPTED)
18/06/05 17:11:38 INFO Client: Application report for application_1527512542584_0088 (state: ACCEPTED)
18/06/05 17:11:39 INFO Client: Application report for application_1527512542584_0088 (state: ACCEPTED)
18/06/05 17:11:40 INFO Client: Application report for application_1527512542584_0088 (state: ACCEPTED)
18/06/05 17:11:41 INFO Client: Application report for application_1527512542584_0088 (state: ACCEPTED)
18/06/05 17:11:42 INFO Client: Application report for application_1527512542584_0088 (state: ACCEPTED)
18/06/05 17:11:43 INFO Client: Application report for application_1527512542584_0088 (state: ACCEPTED)
18/06/05 17:11:44 INFO Client: Application report for application_1527512542584_0088 (state: ACCEPTED)
18/06/05 17:11:45 INFO Client: Application report for application_1527512542584_0088 (state: RUNNING)
18/06/05 17:11:45 INFO Client: 
	 client token: N/A
	 diagnostics: N/A
	 ApplicationMaster host: 10.0.0.13
	 ApplicationMaster RPC port: 0
	 queue: default
	 start time: 1528218648318
	 final status: UNDEFINED
	 tracking URL: http://hn0-sparkh.01gbvfzxeqquvorlqntixlipbb.jx.internal.cloudapp.net:8088/proxy/application_1527512542584_0088/
	 user: ninghai
18/06/05 17:11:46 INFO Client: Application report for application_1527512542584_0088 (state: RUNNING)
18/06/05 17:11:47 INFO Client: Application report for application_1527512542584_0088 (state: RUNNING)
18/06/05 17:11:48 INFO Client: Application report for application_1527512542584_0088 (state: RUNNING)
18/06/05 17:11:49 INFO Client: Application report for application_1527512542584_0088 (state: RUNNING)
18/06/05 17:11:50 INFO Client: Application report for application_1527512542584_0088 (state: RUNNING)
18/06/05 17:11:51 INFO Client: Application report for application_1527512542584_0088 (state: RUNNING)
18/06/05 17:11:52 INFO Client: Application report for application_1527512542584_0088 (state: RUNNING)
18/06/05 17:11:53 INFO Client: Application report for application_1527512542584_0088 (state: RUNNING)
18/06/05 17:11:54 INFO Client: Application report for application_1527512542584_0088 (state: RUNNING)
18/06/05 17:11:55 INFO Client: Application report for application_1527512542584_0088 (state: RUNNING)
18/06/05 17:11:56 INFO Client: Application report for application_1527512542584_0088 (state: RUNNING)
18/06/05 17:11:57 INFO Client: Application report for application_1527512542584_0088 (state: RUNNING)
18/06/05 17:11:58 INFO Client: Application report for application_1527512542584_0088 (state: RUNNING)
18/06/05 17:11:59 INFO Client: Application report for application_1527512542584_0088 (state: RUNNING)
18/06/05 17:12:00 INFO Client: Application report for application_1527512542584_0088 (state: RUNNING)
18/06/05 17:12:01 INFO Client: Application report for application_1527512542584_0088 (state: RUNNING)
18/06/05 17:12:02 INFO Client: Application report for application_1527512542584_0088 (state: RUNNING)
18/06/05 17:12:03 INFO Client: Application report for application_1527512542584_0088 (state: RUNNING)
18/06/05 17:12:04 INFO Client: Application report for application_1527512542584_0088 (state: RUNNING)
18/06/05 17:12:05 INFO Client: Application report for application_1527512542584_0088 (state: RUNNING)
18/06/05 17:12:06 INFO Client: Application report for application_1527512542584_0088 (state: RUNNING)
18/06/05 17:12:07 INFO Client: Application report for application_1527512542584_0088 (state: RUNNING)
18/06/05 17:12:08 INFO Client: Application report for application_1527512542584_0088 (state: RUNNING)
18/06/05 17:12:09 INFO Client: Application report for application_1527512542584_0088 (state: RUNNING)
18/06/05 17:12:10 INFO Client: Application report for application_1527512542584_0088 (state: RUNNING)
18/06/05 17:12:11 INFO Client: Application report for application_1527512542584_0088 (state: RUNNING)
18/06/05 17:12:12 INFO Client: Application report for application_1527512542584_0088 (state: RUNNING)
18/06/05 17:12:13 INFO Client: Application report for application_1527512542584_0088 (state: RUNNING)
18/06/05 17:12:14 INFO Client: Application report for application_1527512542584_0088 (state: RUNNING)
18/06/05 17:12:15 INFO Client: Application report for application_1527512542584_0088 (state: RUNNING)
18/06/05 17:12:16 INFO Client: Application report for application_1527512542584_0088 (state: RUNNING)
18/06/05 17:12:17 INFO Client: Application report for application_1527512542584_0088 (state: RUNNING)
18/06/05 17:12:18 INFO Client: Application report for application_1527512542584_0088 (state: RUNNING)
18/06/05 17:12:19 INFO Client: Application report for application_1527512542584_0088 (state: RUNNING)
18/06/05 17:12:20 INFO Client: Application report for application_1527512542584_0088 (state: RUNNING)
18/06/05 17:12:21 INFO Client: Application report for application_1527512542584_0088 (state: RUNNING)
18/06/05 17:12:22 INFO Client: Application report for application_1527512542584_0088 (state: RUNNING)
18/06/05 17:12:23 INFO Client: Application report for application_1527512542584_0088 (state: RUNNING)
18/06/05 17:12:24 INFO Client: Application report for application_1527512542584_0088 (state: RUNNING)
18/06/05 17:12:25 INFO Client: Application report for application_1527512542584_0088 (state: RUNNING)
18/06/05 17:12:26 INFO Client: Application report for application_1527512542584_0088 (state: RUNNING)
18/06/05 17:12:27 INFO Client: Application report for application_1527512542584_0088 (state: RUNNING)
18/06/05 17:12:28 INFO Client: Application report for application_1527512542584_0088 (state: RUNNING)
18/06/05 17:12:29 INFO Client: Application report for application_1527512542584_0088 (state: RUNNING)
18/06/05 17:12:30 INFO Client: Application report for application_1527512542584_0088 (state: RUNNING)
18/06/05 17:12:31 INFO Client: Application report for application_1527512542584_0088 (state: RUNNING)
18/06/05 17:12:32 INFO Client: Application report for application_1527512542584_0088 (state: RUNNING)
18/06/05 17:12:33 INFO Client: Application report for application_1527512542584_0088 (state: RUNNING)
18/06/05 17:12:34 INFO Client: Application report for application_1527512542584_0088 (state: RUNNING)
18/06/05 17:12:35 INFO Client: Application report for application_1527512542584_0088 (state: RUNNING)
18/06/05 17:12:36 INFO Client: Application report for application_1527512542584_0088 (state: RUNNING)
18/06/05 17:12:37 INFO Client: Application report for application_1527512542584_0088 (state: RUNNING)
18/06/05 17:12:38 INFO Client: Application report for application_1527512542584_0088 (state: RUNNING)
18/06/05 17:12:39 INFO Client: Application report for application_1527512542584_0088 (state: RUNNING)
18/06/05 17:12:40 INFO Client: Application report for application_1527512542584_0088 (state: RUNNING)
18/06/05 17:12:41 INFO Client: Application report for application_1527512542584_0088 (state: RUNNING)
18/06/05 17:12:42 INFO Client: Application report for application_1527512542584_0088 (state: RUNNING)
18/06/05 17:12:43 INFO Client: Application report for application_1527512542584_0088 (state: RUNNING)
18/06/05 17:12:44 INFO Client: Application report for application_1527512542584_0088 (state: RUNNING)
18/06/05 17:12:45 INFO Client: Application report for application_1527512542584_0088 (state: RUNNING)
18/06/05 17:12:46 INFO Client: Application report for application_1527512542584_0088 (state: RUNNING)
18/06/05 17:12:47 INFO Client: Application report for application_1527512542584_0088 (state: RUNNING)
18/06/05 17:12:48 INFO Client: Application report for application_1527512542584_0088 (state: RUNNING)
18/06/05 17:12:49 INFO Client: Application report for application_1527512542584_0088 (state: RUNNING)
18/06/05 17:12:50 INFO Client: Application report for application_1527512542584_0088 (state: RUNNING)
18/06/05 17:12:51 INFO Client: Application report for application_1527512542584_0088 (state: RUNNING)
18/06/05 17:12:52 INFO Client: Application report for application_1527512542584_0088 (state: RUNNING)
18/06/05 17:12:53 INFO Client: Application report for application_1527512542584_0088 (state: RUNNING)
18/06/05 17:12:54 INFO Client: Application report for application_1527512542584_0088 (state: RUNNING)
18/06/05 17:12:55 INFO Client: Application report for application_1527512542584_0088 (state: RUNNING)
18/06/05 17:12:56 INFO Client: Application report for application_1527512542584_0088 (state: RUNNING)
18/06/05 17:12:57 INFO Client: Application report for application_1527512542584_0088 (state: ACCEPTED)
18/06/05 17:12:57 INFO Client: 
	 client token: N/A
	 diagnostics: AM container is launched, waiting for AM container to Register with RM
	 ApplicationMaster host: N/A
	 ApplicationMaster RPC port: -1
	 queue: default
	 start time: 1528218648318
	 final status: UNDEFINED
	 tracking URL: http://hn0-sparkh.01gbvfzxeqquvorlqntixlipbb.jx.internal.cloudapp.net:8088/proxy/application_1527512542584_0088/
	 user: ninghai
18/06/05 17:12:58 INFO Client: Application report for application_1527512542584_0088 (state: ACCEPTED)
18/06/05 17:12:59 INFO Client: Application report for application_1527512542584_0088 (state: ACCEPTED)
18/06/05 17:13:00 INFO Client: Application report for application_1527512542584_0088 (state: ACCEPTED)
18/06/05 17:13:01 INFO Client: Application report for application_1527512542584_0088 (state: ACCEPTED)
18/06/05 17:13:02 INFO Client: Application report for application_1527512542584_0088 (state: ACCEPTED)
18/06/05 17:13:03 INFO Client: Application report for application_1527512542584_0088 (state: ACCEPTED)
18/06/05 17:13:04 INFO Client: Application report for application_1527512542584_0088 (state: ACCEPTED)
18/06/05 17:13:05 INFO Client: Application report for application_1527512542584_0088 (state: ACCEPTED)
18/06/05 17:13:06 INFO Client: Application report for application_1527512542584_0088 (state: ACCEPTED)
18/06/05 17:13:07 INFO Client: Application report for application_1527512542584_0088 (state: RUNNING)
18/06/05 17:13:07 INFO Client: 
	 client token: N/A
	 diagnostics: N/A
	 ApplicationMaster host: 10.0.0.12
	 ApplicationMaster RPC port: 0
	 queue: default
	 start time: 1528218648318
	 final status: UNDEFINED
	 tracking URL: http://hn0-sparkh.01gbvfzxeqquvorlqntixlipbb.jx.internal.cloudapp.net:8088/proxy/application_1527512542584_0088/
	 user: ninghai
18/06/05 17:13:08 INFO Client: Application report for application_1527512542584_0088 (state: RUNNING)
18/06/05 17:13:09 INFO Client: Application report for application_1527512542584_0088 (state: RUNNING)
18/06/05 17:13:10 INFO Client: Application report for application_1527512542584_0088 (state: RUNNING)
18/06/05 17:13:11 INFO Client: Application report for application_1527512542584_0088 (state: RUNNING)
18/06/05 17:13:12 INFO Client: Application report for application_1527512542584_0088 (state: RUNNING)
18/06/05 17:13:13 INFO Client: Application report for application_1527512542584_0088 (state: RUNNING)
18/06/05 17:13:14 INFO Client: Application report for application_1527512542584_0088 (state: RUNNING)
18/06/05 17:13:15 INFO Client: Application report for application_1527512542584_0088 (state: RUNNING)
18/06/05 17:13:16 INFO Client: Application report for application_1527512542584_0088 (state: RUNNING)
18/06/05 17:13:17 INFO Client: Application report for application_1527512542584_0088 (state: RUNNING)
18/06/05 17:13:18 INFO Client: Application report for application_1527512542584_0088 (state: RUNNING)
18/06/05 17:13:19 INFO Client: Application report for application_1527512542584_0088 (state: RUNNING)
18/06/05 17:13:20 INFO Client: Application report for application_1527512542584_0088 (state: RUNNING)
18/06/05 17:13:21 INFO Client: Application report for application_1527512542584_0088 (state: RUNNING)
18/06/05 17:13:22 INFO Client: Application report for application_1527512542584_0088 (state: RUNNING)
18/06/05 17:13:23 INFO Client: Application report for application_1527512542584_0088 (state: RUNNING)
18/06/05 17:13:24 INFO Client: Application report for application_1527512542584_0088 (state: RUNNING)
18/06/05 17:13:25 INFO Client: Application report for application_1527512542584_0088 (state: RUNNING)
18/06/05 17:13:26 INFO Client: Application report for application_1527512542584_0088 (state: RUNNING)
18/06/05 17:13:27 INFO Client: Application report for application_1527512542584_0088 (state: RUNNING)
18/06/05 17:13:28 INFO Client: Application report for application_1527512542584_0088 (state: RUNNING)
18/06/05 17:13:29 INFO Client: Application report for application_1527512542584_0088 (state: RUNNING)
18/06/05 17:13:30 INFO Client: Application report for application_1527512542584_0088 (state: RUNNING)
18/06/05 17:13:31 INFO Client: Application report for application_1527512542584_0088 (state: RUNNING)
18/06/05 17:13:32 INFO Client: Application report for application_1527512542584_0088 (state: RUNNING)
18/06/05 17:13:33 INFO Client: Application report for application_1527512542584_0088 (state: RUNNING)
18/06/05 17:13:34 INFO Client: Application report for application_1527512542584_0088 (state: RUNNING)
18/06/05 17:13:35 INFO Client: Application report for application_1527512542584_0088 (state: RUNNING)
18/06/05 17:13:36 INFO Client: Application report for application_1527512542584_0088 (state: RUNNING)
18/06/05 17:13:37 INFO Client: Application report for application_1527512542584_0088 (state: RUNNING)
18/06/05 17:13:38 INFO Client: Application report for application_1527512542584_0088 (state: RUNNING)
18/06/05 17:13:39 INFO Client: Application report for application_1527512542584_0088 (state: RUNNING)
18/06/05 17:13:40 INFO Client: Application report for application_1527512542584_0088 (state: RUNNING)
18/06/05 17:13:41 INFO Client: Application report for application_1527512542584_0088 (state: RUNNING)
18/06/05 17:13:42 INFO Client: Application report for application_1527512542584_0088 (state: RUNNING)
18/06/05 17:13:43 INFO Client: Application report for application_1527512542584_0088 (state: RUNNING)
18/06/05 17:13:44 INFO Client: Application report for application_1527512542584_0088 (state: RUNNING)
18/06/05 17:13:45 INFO Client: Application report for application_1527512542584_0088 (state: RUNNING)
18/06/05 17:13:46 INFO Client: Application report for application_1527512542584_0088 (state: RUNNING)
18/06/05 17:13:47 INFO Client: Application report for application_1527512542584_0088 (state: RUNNING)
18/06/05 17:13:48 INFO Client: Application report for application_1527512542584_0088 (state: RUNNING)
18/06/05 17:13:49 INFO Client: Application report for application_1527512542584_0088 (state: RUNNING)
18/06/05 17:13:50 INFO Client: Application report for application_1527512542584_0088 (state: RUNNING)
18/06/05 17:13:51 INFO Client: Application report for application_1527512542584_0088 (state: RUNNING)
18/06/05 17:13:52 INFO Client: Application report for application_1527512542584_0088 (state: RUNNING)
18/06/05 17:13:53 INFO Client: Application report for application_1527512542584_0088 (state: RUNNING)
18/06/05 17:13:54 INFO Client: Application report for application_1527512542584_0088 (state: RUNNING)
18/06/05 17:13:55 INFO Client: Application report for application_1527512542584_0088 (state: RUNNING)
18/06/05 17:13:56 INFO Client: Application report for application_1527512542584_0088 (state: RUNNING)
18/06/05 17:13:57 INFO Client: Application report for application_1527512542584_0088 (state: RUNNING)
18/06/05 17:13:58 INFO Client: Application report for application_1527512542584_0088 (state: RUNNING)
18/06/05 17:13:59 INFO Client: Application report for application_1527512542584_0088 (state: RUNNING)
18/06/05 17:14:00 INFO Client: Application report for application_1527512542584_0088 (state: RUNNING)
18/06/05 17:14:01 INFO Client: Application report for application_1527512542584_0088 (state: RUNNING)
18/06/05 17:14:02 INFO Client: Application report for application_1527512542584_0088 (state: RUNNING)
18/06/05 17:14:03 INFO Client: Application report for application_1527512542584_0088 (state: RUNNING)
18/06/05 17:14:04 INFO Client: Application report for application_1527512542584_0088 (state: RUNNING)
18/06/05 17:14:05 INFO Client: Application report for application_1527512542584_0088 (state: RUNNING)
18/06/05 17:14:06 INFO Client: Application report for application_1527512542584_0088 (state: RUNNING)
18/06/05 17:14:07 INFO Client: Application report for application_1527512542584_0088 (state: RUNNING)
18/06/05 17:14:08 INFO Client: Application report for application_1527512542584_0088 (state: ACCEPTED)
18/06/05 17:14:08 INFO Client: 
	 client token: N/A
	 diagnostics: AM container is launched, waiting for AM container to Register with RM
	 ApplicationMaster host: N/A
	 ApplicationMaster RPC port: -1
	 queue: default
	 start time: 1528218648318
	 final status: UNDEFINED
	 tracking URL: http://hn0-sparkh.01gbvfzxeqquvorlqntixlipbb.jx.internal.cloudapp.net:8088/proxy/application_1527512542584_0088/
	 user: ninghai
18/06/05 17:14:09 INFO Client: Application report for application_1527512542584_0088 (state: ACCEPTED)
18/06/05 17:14:10 INFO Client: Application report for application_1527512542584_0088 (state: ACCEPTED)
18/06/05 17:14:11 INFO Client: Application report for application_1527512542584_0088 (state: ACCEPTED)
18/06/05 17:14:12 INFO Client: Application report for application_1527512542584_0088 (state: ACCEPTED)
18/06/05 17:14:13 INFO Client: Application report for application_1527512542584_0088 (state: ACCEPTED)
18/06/05 17:14:14 INFO Client: Application report for application_1527512542584_0088 (state: ACCEPTED)
18/06/05 17:14:15 INFO Client: Application report for application_1527512542584_0088 (state: ACCEPTED)
18/06/05 17:14:16 INFO Client: Application report for application_1527512542584_0088 (state: ACCEPTED)
18/06/05 17:14:17 INFO Client: Application report for application_1527512542584_0088 (state: RUNNING)
18/06/05 17:14:17 INFO Client: 
	 client token: N/A
	 diagnostics: N/A
	 ApplicationMaster host: 10.0.0.15
	 ApplicationMaster RPC port: 0
	 queue: default
	 start time: 1528218648318
	 final status: UNDEFINED
	 tracking URL: http://hn0-sparkh.01gbvfzxeqquvorlqntixlipbb.jx.internal.cloudapp.net:8088/proxy/application_1527512542584_0088/
	 user: ninghai
18/06/05 17:14:18 INFO Client: Application report for application_1527512542584_0088 (state: RUNNING)
18/06/05 17:14:19 INFO Client: Application report for application_1527512542584_0088 (state: RUNNING)
18/06/05 17:14:20 INFO Client: Application report for application_1527512542584_0088 (state: RUNNING)
18/06/05 17:14:21 INFO Client: Application report for application_1527512542584_0088 (state: RUNNING)
18/06/05 17:14:22 INFO Client: Application report for application_1527512542584_0088 (state: RUNNING)
18/06/05 17:14:23 INFO Client: Application report for application_1527512542584_0088 (state: RUNNING)
18/06/05 17:14:24 INFO Client: Application report for application_1527512542584_0088 (state: RUNNING)
18/06/05 17:14:25 INFO Client: Application report for application_1527512542584_0088 (state: RUNNING)
18/06/05 17:14:26 INFO Client: Application report for application_1527512542584_0088 (state: RUNNING)
18/06/05 17:14:27 INFO Client: Application report for application_1527512542584_0088 (state: RUNNING)
18/06/05 17:14:28 INFO Client: Application report for application_1527512542584_0088 (state: RUNNING)
18/06/05 17:14:29 INFO Client: Application report for application_1527512542584_0088 (state: RUNNING)
18/06/05 17:14:30 INFO Client: Application report for application_1527512542584_0088 (state: RUNNING)
18/06/05 17:14:31 INFO Client: Application report for application_1527512542584_0088 (state: RUNNING)
18/06/05 17:14:32 INFO Client: Application report for application_1527512542584_0088 (state: RUNNING)
18/06/05 17:14:33 INFO Client: Application report for application_1527512542584_0088 (state: RUNNING)
18/06/05 17:14:34 INFO Client: Application report for application_1527512542584_0088 (state: RUNNING)
18/06/05 17:14:35 INFO Client: Application report for application_1527512542584_0088 (state: RUNNING)
18/06/05 17:14:36 INFO Client: Application report for application_1527512542584_0088 (state: RUNNING)
18/06/05 17:14:37 INFO Client: Application report for application_1527512542584_0088 (state: RUNNING)
18/06/05 17:14:38 INFO Client: Application report for application_1527512542584_0088 (state: RUNNING)
18/06/05 17:14:39 INFO Client: Application report for application_1527512542584_0088 (state: RUNNING)
18/06/05 17:14:40 INFO Client: Application report for application_1527512542584_0088 (state: RUNNING)
18/06/05 17:14:41 INFO Client: Application report for application_1527512542584_0088 (state: RUNNING)
18/06/05 17:14:42 INFO Client: Application report for application_1527512542584_0088 (state: RUNNING)
18/06/05 17:14:43 INFO Client: Application report for application_1527512542584_0088 (state: RUNNING)
18/06/05 17:14:44 INFO Client: Application report for application_1527512542584_0088 (state: RUNNING)
18/06/05 17:14:45 INFO Client: Application report for application_1527512542584_0088 (state: RUNNING)
18/06/05 17:14:46 INFO Client: Application report for application_1527512542584_0088 (state: RUNNING)
18/06/05 17:14:47 INFO Client: Application report for application_1527512542584_0088 (state: RUNNING)
18/06/05 17:14:48 INFO Client: Application report for application_1527512542584_0088 (state: RUNNING)
18/06/05 17:14:49 INFO Client: Application report for application_1527512542584_0088 (state: RUNNING)
18/06/05 17:14:50 INFO Client: Application report for application_1527512542584_0088 (state: RUNNING)
18/06/05 17:14:51 INFO Client: Application report for application_1527512542584_0088 (state: RUNNING)
18/06/05 17:14:52 INFO Client: Application report for application_1527512542584_0088 (state: RUNNING)
18/06/05 17:14:53 INFO Client: Application report for application_1527512542584_0088 (state: RUNNING)
18/06/05 17:14:54 INFO Client: Application report for application_1527512542584_0088 (state: RUNNING)
18/06/05 17:14:55 INFO Client: Application report for application_1527512542584_0088 (state: RUNNING)
18/06/05 17:14:56 INFO Client: Application report for application_1527512542584_0088 (state: RUNNING)
18/06/05 17:14:57 INFO Client: Application report for application_1527512542584_0088 (state: RUNNING)
18/06/05 17:14:58 INFO Client: Application report for application_1527512542584_0088 (state: RUNNING)
18/06/05 17:14:59 INFO Client: Application report for application_1527512542584_0088 (state: RUNNING)
18/06/05 17:15:00 INFO Client: Application report for application_1527512542584_0088 (state: RUNNING)
18/06/05 17:15:01 INFO Client: Application report for application_1527512542584_0088 (state: RUNNING)
18/06/05 17:15:02 INFO Client: Application report for application_1527512542584_0088 (state: ACCEPTED)
18/06/05 17:15:02 INFO Client: 
	 client token: N/A
	 diagnostics: [Tue Jun 05 17:15:02 +0000 2018] Application is Activated, waiting for resources to be assigned for AM.  Details : AM Partition = <DEFAULT_PARTITION> ; Partition Resource = <memory:204800, vCores:60> ; Queue's Absolute capacity = 50.0 % ; Queue's Absolute used capacity = 0.0 % ; Queue's Absolute max capacity = 100.0 % ; 
	 ApplicationMaster host: N/A
	 ApplicationMaster RPC port: -1
	 queue: default
	 start time: 1528218648318
	 final status: UNDEFINED
	 tracking URL: http://hn0-sparkh.01gbvfzxeqquvorlqntixlipbb.jx.internal.cloudapp.net:8088/proxy/application_1527512542584_0088/
	 user: ninghai
18/06/05 17:15:03 INFO Client: Application report for application_1527512542584_0088 (state: ACCEPTED)
18/06/05 17:15:04 INFO Client: Application report for application_1527512542584_0088 (state: ACCEPTED)
18/06/05 17:15:05 INFO Client: Application report for application_1527512542584_0088 (state: ACCEPTED)
18/06/05 17:15:07 INFO Client: Application report for application_1527512542584_0088 (state: ACCEPTED)
18/06/05 17:15:08 INFO Client: Application report for application_1527512542584_0088 (state: ACCEPTED)
18/06/05 17:15:09 INFO Client: Application report for application_1527512542584_0088 (state: ACCEPTED)
18/06/05 17:15:10 INFO Client: Application report for application_1527512542584_0088 (state: ACCEPTED)
18/06/05 17:15:11 INFO Client: Application report for application_1527512542584_0088 (state: RUNNING)
18/06/05 17:15:11 INFO Client: 
	 client token: N/A
	 diagnostics: N/A
	 ApplicationMaster host: 10.0.0.12
	 ApplicationMaster RPC port: 0
	 queue: default
	 start time: 1528218648318
	 final status: UNDEFINED
	 tracking URL: http://hn0-sparkh.01gbvfzxeqquvorlqntixlipbb.jx.internal.cloudapp.net:8088/proxy/application_1527512542584_0088/
	 user: ninghai
18/06/05 17:15:12 INFO Client: Application report for application_1527512542584_0088 (state: RUNNING)
18/06/05 17:15:13 INFO Client: Application report for application_1527512542584_0088 (state: RUNNING)
18/06/05 17:15:14 INFO Client: Application report for application_1527512542584_0088 (state: RUNNING)
18/06/05 17:15:15 INFO Client: Application report for application_1527512542584_0088 (state: RUNNING)
18/06/05 17:15:16 INFO Client: Application report for application_1527512542584_0088 (state: RUNNING)
18/06/05 17:15:17 INFO Client: Application report for application_1527512542584_0088 (state: RUNNING)
18/06/05 17:15:18 INFO Client: Application report for application_1527512542584_0088 (state: RUNNING)
18/06/05 17:15:19 INFO Client: Application report for application_1527512542584_0088 (state: RUNNING)
18/06/05 17:15:20 INFO Client: Application report for application_1527512542584_0088 (state: RUNNING)
18/06/05 17:15:21 INFO Client: Application report for application_1527512542584_0088 (state: RUNNING)
18/06/05 17:15:22 INFO Client: Application report for application_1527512542584_0088 (state: RUNNING)
18/06/05 17:15:23 INFO Client: Application report for application_1527512542584_0088 (state: RUNNING)
18/06/05 17:15:24 INFO Client: Application report for application_1527512542584_0088 (state: RUNNING)
18/06/05 17:15:25 INFO Client: Application report for application_1527512542584_0088 (state: RUNNING)
18/06/05 17:15:26 INFO Client: Application report for application_1527512542584_0088 (state: RUNNING)
18/06/05 17:15:27 INFO Client: Application report for application_1527512542584_0088 (state: RUNNING)
18/06/05 17:15:28 INFO Client: Application report for application_1527512542584_0088 (state: RUNNING)
18/06/05 17:15:29 INFO Client: Application report for application_1527512542584_0088 (state: RUNNING)
18/06/05 17:15:30 INFO Client: Application report for application_1527512542584_0088 (state: RUNNING)
18/06/05 17:15:31 INFO Client: Application report for application_1527512542584_0088 (state: RUNNING)
18/06/05 17:15:32 INFO Client: Application report for application_1527512542584_0088 (state: RUNNING)
18/06/05 17:15:33 INFO Client: Application report for application_1527512542584_0088 (state: RUNNING)
18/06/05 17:15:34 INFO Client: Application report for application_1527512542584_0088 (state: RUNNING)
18/06/05 17:15:35 INFO Client: Application report for application_1527512542584_0088 (state: RUNNING)
18/06/05 17:15:36 INFO Client: Application report for application_1527512542584_0088 (state: RUNNING)
18/06/05 17:15:37 INFO Client: Application report for application_1527512542584_0088 (state: RUNNING)
18/06/05 17:15:38 INFO Client: Application report for application_1527512542584_0088 (state: RUNNING)
18/06/05 17:15:39 INFO Client: Application report for application_1527512542584_0088 (state: RUNNING)
18/06/05 17:15:40 INFO Client: Application report for application_1527512542584_0088 (state: RUNNING)
18/06/05 17:15:41 INFO Client: Application report for application_1527512542584_0088 (state: RUNNING)
18/06/05 17:15:42 INFO Client: Application report for application_1527512542584_0088 (state: RUNNING)
18/06/05 17:15:43 INFO Client: Application report for application_1527512542584_0088 (state: RUNNING)
18/06/05 17:15:44 INFO Client: Application report for application_1527512542584_0088 (state: RUNNING)
18/06/05 17:15:45 INFO Client: Application report for application_1527512542584_0088 (state: RUNNING)
18/06/05 17:15:46 INFO Client: Application report for application_1527512542584_0088 (state: RUNNING)
18/06/05 17:15:47 INFO Client: Application report for application_1527512542584_0088 (state: RUNNING)
18/06/05 17:15:48 INFO Client: Application report for application_1527512542584_0088 (state: RUNNING)
18/06/05 17:15:49 INFO Client: Application report for application_1527512542584_0088 (state: RUNNING)
18/06/05 17:15:50 INFO Client: Application report for application_1527512542584_0088 (state: RUNNING)
18/06/05 17:15:51 INFO Client: Application report for application_1527512542584_0088 (state: RUNNING)
18/06/05 17:15:52 INFO Client: Application report for application_1527512542584_0088 (state: RUNNING)
18/06/05 17:15:53 INFO Client: Application report for application_1527512542584_0088 (state: RUNNING)
18/06/05 17:15:54 INFO Client: Application report for application_1527512542584_0088 (state: RUNNING)
18/06/05 17:15:55 INFO Client: Application report for application_1527512542584_0088 (state: RUNNING)
18/06/05 17:15:56 INFO Client: Application report for application_1527512542584_0088 (state: RUNNING)
18/06/05 17:15:57 INFO Client: Application report for application_1527512542584_0088 (state: ACCEPTED)
18/06/05 17:15:57 INFO Client: 
	 client token: N/A
	 diagnostics: AM container is launched, waiting for AM container to Register with RM
	 ApplicationMaster host: N/A
	 ApplicationMaster RPC port: -1
	 queue: default
	 start time: 1528218648318
	 final status: UNDEFINED
	 tracking URL: http://hn0-sparkh.01gbvfzxeqquvorlqntixlipbb.jx.internal.cloudapp.net:8088/proxy/application_1527512542584_0088/
	 user: ninghai
18/06/05 17:15:58 INFO Client: Application report for application_1527512542584_0088 (state: ACCEPTED)
18/06/05 17:15:59 INFO Client: Application report for application_1527512542584_0088 (state: ACCEPTED)
18/06/05 17:16:00 INFO Client: Application report for application_1527512542584_0088 (state: ACCEPTED)
18/06/05 17:16:01 INFO Client: Application report for application_1527512542584_0088 (state: ACCEPTED)
18/06/05 17:16:02 INFO Client: Application report for application_1527512542584_0088 (state: ACCEPTED)
18/06/05 17:16:03 INFO Client: Application report for application_1527512542584_0088 (state: ACCEPTED)
18/06/05 17:16:04 INFO Client: Application report for application_1527512542584_0088 (state: ACCEPTED)
18/06/05 17:16:05 INFO Client: Application report for application_1527512542584_0088 (state: ACCEPTED)
18/06/05 17:16:06 INFO Client: Application report for application_1527512542584_0088 (state: RUNNING)
18/06/05 17:16:06 INFO Client: 
	 client token: N/A
	 diagnostics: N/A
	 ApplicationMaster host: 10.0.0.15
	 ApplicationMaster RPC port: 0
	 queue: default
	 start time: 1528218648318
	 final status: UNDEFINED
	 tracking URL: http://hn0-sparkh.01gbvfzxeqquvorlqntixlipbb.jx.internal.cloudapp.net:8088/proxy/application_1527512542584_0088/
	 user: ninghai
18/06/05 17:16:07 INFO Client: Application report for application_1527512542584_0088 (state: RUNNING)
18/06/05 17:16:08 INFO Client: Application report for application_1527512542584_0088 (state: RUNNING)
18/06/05 17:16:09 INFO Client: Application report for application_1527512542584_0088 (state: RUNNING)
18/06/05 17:16:10 INFO Client: Application report for application_1527512542584_0088 (state: RUNNING)
18/06/05 17:16:11 INFO Client: Application report for application_1527512542584_0088 (state: RUNNING)
18/06/05 17:16:12 INFO Client: Application report for application_1527512542584_0088 (state: RUNNING)
18/06/05 17:16:13 INFO Client: Application report for application_1527512542584_0088 (state: RUNNING)
18/06/05 17:16:14 INFO Client: Application report for application_1527512542584_0088 (state: RUNNING)
18/06/05 17:16:15 INFO Client: Application report for application_1527512542584_0088 (state: RUNNING)
18/06/05 17:16:16 INFO Client: Application report for application_1527512542584_0088 (state: RUNNING)
18/06/05 17:16:17 INFO Client: Application report for application_1527512542584_0088 (state: RUNNING)
18/06/05 17:16:18 INFO Client: Application report for application_1527512542584_0088 (state: RUNNING)
18/06/05 17:16:19 INFO Client: Application report for application_1527512542584_0088 (state: RUNNING)
18/06/05 17:16:20 INFO Client: Application report for application_1527512542584_0088 (state: RUNNING)
18/06/05 17:16:21 INFO Client: Application report for application_1527512542584_0088 (state: RUNNING)
18/06/05 17:16:22 INFO Client: Application report for application_1527512542584_0088 (state: RUNNING)
18/06/05 17:16:23 INFO Client: Application report for application_1527512542584_0088 (state: RUNNING)
18/06/05 17:16:24 INFO Client: Application report for application_1527512542584_0088 (state: RUNNING)
18/06/05 17:16:25 INFO Client: Application report for application_1527512542584_0088 (state: RUNNING)
18/06/05 17:16:26 INFO Client: Application report for application_1527512542584_0088 (state: RUNNING)
18/06/05 17:16:27 INFO Client: Application report for application_1527512542584_0088 (state: RUNNING)
18/06/05 17:16:28 INFO Client: Application report for application_1527512542584_0088 (state: RUNNING)
18/06/05 17:16:29 INFO Client: Application report for application_1527512542584_0088 (state: RUNNING)
18/06/05 17:16:30 INFO Client: Application report for application_1527512542584_0088 (state: RUNNING)
18/06/05 17:16:31 INFO Client: Application report for application_1527512542584_0088 (state: RUNNING)
18/06/05 17:16:32 INFO Client: Application report for application_1527512542584_0088 (state: RUNNING)
18/06/05 17:16:33 INFO Client: Application report for application_1527512542584_0088 (state: RUNNING)
18/06/05 17:16:34 INFO Client: Application report for application_1527512542584_0088 (state: RUNNING)
18/06/05 17:16:35 INFO Client: Application report for application_1527512542584_0088 (state: RUNNING)
18/06/05 17:16:36 INFO Client: Application report for application_1527512542584_0088 (state: RUNNING)
18/06/05 17:16:37 INFO Client: Application report for application_1527512542584_0088 (state: RUNNING)
18/06/05 17:16:38 INFO Client: Application report for application_1527512542584_0088 (state: RUNNING)
18/06/05 17:16:39 INFO Client: Application report for application_1527512542584_0088 (state: RUNNING)
18/06/05 17:16:40 INFO Client: Application report for application_1527512542584_0088 (state: RUNNING)
18/06/05 17:16:41 INFO Client: Application report for application_1527512542584_0088 (state: RUNNING)
18/06/05 17:16:42 INFO Client: Application report for application_1527512542584_0088 (state: RUNNING)
18/06/05 17:16:43 INFO Client: Application report for application_1527512542584_0088 (state: RUNNING)
18/06/05 17:16:44 INFO Client: Application report for application_1527512542584_0088 (state: RUNNING)
18/06/05 17:16:45 INFO Client: Application report for application_1527512542584_0088 (state: RUNNING)
18/06/05 17:16:46 INFO Client: Application report for application_1527512542584_0088 (state: RUNNING)
18/06/05 17:16:47 INFO Client: Application report for application_1527512542584_0088 (state: RUNNING)
18/06/05 17:16:48 INFO Client: Application report for application_1527512542584_0088 (state: RUNNING)
18/06/05 17:16:49 INFO Client: Application report for application_1527512542584_0088 (state: RUNNING)
18/06/05 17:16:50 INFO Client: Application report for application_1527512542584_0088 (state: RUNNING)
18/06/05 17:16:51 INFO Client: Application report for application_1527512542584_0088 (state: RUNNING)
18/06/05 17:16:52 INFO Client: Application report for application_1527512542584_0088 (state: FINISHED)
18/06/05 17:16:52 INFO Client: 
	 client token: N/A
	 diagnostics: User application exited with status 1
	 ApplicationMaster host: 10.0.0.15
	 ApplicationMaster RPC port: 0
	 queue: default
	 start time: 1528218648318
	 final status: FAILED
	 tracking URL: http://hn0-sparkh.01gbvfzxeqquvorlqntixlipbb.jx.internal.cloudapp.net:8088/proxy/application_1527512542584_0088/
	 user: ninghai
18/06/05 17:16:52 WARN AzureFileSystemThreadPoolExecutor: Disabling threads for Delete operation as thread count 0 is <= 1
18/06/05 17:16:52 WARN AzureFileSystemThreadPoolExecutor: Failed to Delete file FileMetadata[user/ninghai/.sparkStaging/application_1527512542584_0088/com.microsoft_dprep_2.11-0.18.0.jar, 757175, 1528218627000, ninghai:supergroup:rw-r--r--]
18/06/05 17:16:52 ERROR NativeAzureFileSystem: Failed to delete files / subfolders in blob user/ninghai/.sparkStaging/application_1527512542584_0088
Exception in thread "main" org.apache.spark.SparkException: Application application_1527512542584_0088 finished with failed status
	at org.apache.spark.deploy.yarn.Client.run(Client.scala:1241)
	at org.apache.spark.deploy.yarn.Client$.main(Client.scala:1287)
	at org.apache.spark.deploy.yarn.Client.main(Client.scala)
	at sun.reflect.NativeMethodAccessorImpl.invoke0(Native Method)
	at sun.reflect.NativeMethodAccessorImpl.invoke(NativeMethodAccessorImpl.java:62)
	at sun.reflect.DelegatingMethodAccessorImpl.invoke(DelegatingMethodAccessorImpl.java:43)
	at java.lang.reflect.Method.invoke(Method.java:498)
	at org.apache.spark.deploy.SparkSubmit$.org$apache$spark$deploy$SparkSubmit$$runMain(SparkSubmit.scala:745)
	at org.apache.spark.deploy.SparkSubmit$.doRunMain$1(SparkSubmit.scala:187)
	at org.apache.spark.deploy.SparkSubmit$.submit(SparkSubmit.scala:212)
	at org.apache.spark.deploy.SparkSubmit$.main(SparkSubmit.scala:126)
	at org.apache.spark.deploy.SparkSubmit.main(SparkSubmit.scala)
18/06/05 17:16:52 INFO ShutdownHookManager: Shutdown hook called
18/06/05 17:16:52 INFO ShutdownHookManager: Deleting directory /tmp/spark-bc1ab336-4771-43e6-94a3-9e282dd34b94
18/06/05 17:16:52 INFO MetricsSystemImpl: Stopping azure-file-system metrics system...
18/06/05 17:16:52 INFO MetricsSinkAdapter: azurefs2 thread interrupted.
18/06/05 17:16:52 INFO MetricsSystemImpl: azure-file-system metrics system stopped.
18/06/05 17:16:52 INFO MetricsSystemImpl: azure-file-system metrics system shutdown complete.
18/06/05 17:16:54 INFO client.AHSProxy: Connecting to Application History server at headnodehost/10.0.0.21:10200
18/06/05 17:16:54 INFO client.RequestHedgingRMFailoverProxyProvider: Looking for the active RM in [rm1, rm2]...
18/06/05 17:16:54 INFO client.RequestHedgingRMFailoverProxyProvider: Found active RM [rm1]
18/06/05 17:16:55 INFO zlib.ZlibFactory: Successfully loaded & initialized native-zlib library
18/06/05 17:16:55 INFO compress.CodecPool: Got brand-new decompressor [.deflate]
Container: container_e25_1527512542584_0088_01_000001 on 10.0.0.13_30050_1528219013801
LogAggregationType: AGGREGATED
======================================================================================
18/06/05 17:16:55 INFO compress.CodecPool: Got brand-new decompressor [.deflate]
LogType:stderr
Log Upload Time:Tue Jun 05 17:16:53 +0000 2018
LogLength:548
Log Contents:
SLF4J: Class path contains multiple SLF4J bindings.
SLF4J: Found binding in [jar:file:/usr/hdp/2.6.0.2-76/spark2/jars/slf4j-log4j12-1.7.16.jar!/org/slf4j/impl/StaticLoggerBinder.class]
SLF4J: Found binding in [jar:file:/usr/hdp/2.6.0.2-76/hadoop/lib/slf4j-log4j12-1.7.10.jar!/org/slf4j/impl/StaticLoggerBinder.class]
SLF4J: See http://www.slf4j.org/codes.html#multiple_bindings for an explanation.
SLF4J: Actual binding is of type [org.slf4j.impl.Log4jLoggerFactory]
18/06/05 17:12:56 ERROR ApplicationMaster: User application exited with status 1

End of LogType:stderr

Container: container_e25_1527512542584_0088_02_000001 on 10.0.0.12_30050_1528219013311
LogAggregationType: AGGREGATED
======================================================================================
18/06/05 17:16:56 INFO compress.CodecPool: Got brand-new decompressor [.deflate]
LogType:stderr
Log Upload Time:Tue Jun 05 17:16:53 +0000 2018
LogLength:548
Log Contents:
SLF4J: Class path contains multiple SLF4J bindings.
SLF4J: Found binding in [jar:file:/usr/hdp/2.6.0.2-76/spark2/jars/slf4j-log4j12-1.7.16.jar!/org/slf4j/impl/StaticLoggerBinder.class]
SLF4J: Found binding in [jar:file:/usr/hdp/2.6.0.2-76/hadoop/lib/slf4j-log4j12-1.7.10.jar!/org/slf4j/impl/StaticLoggerBinder.class]
SLF4J: See http://www.slf4j.org/codes.html#multiple_bindings for an explanation.
SLF4J: Actual binding is of type [org.slf4j.impl.Log4jLoggerFactory]
18/06/05 17:14:07 ERROR ApplicationMaster: User application exited with status 1

End of LogType:stderr

Container: container_e25_1527512542584_0088_03_000001 on 10.0.0.15_30050_1528219013949
LogAggregationType: AGGREGATED
======================================================================================
18/06/05 17:16:56 INFO compress.CodecPool: Got brand-new decompressor [.deflate]
LogType:stderr
Log Upload Time:Tue Jun 05 17:16:53 +0000 2018
LogLength:548
Log Contents:
SLF4J: Class path contains multiple SLF4J bindings.
SLF4J: Found binding in [jar:file:/usr/hdp/2.6.0.2-76/spark2/jars/slf4j-log4j12-1.7.16.jar!/org/slf4j/impl/StaticLoggerBinder.class]
SLF4J: Found binding in [jar:file:/usr/hdp/2.6.0.2-76/hadoop/lib/slf4j-log4j12-1.7.10.jar!/org/slf4j/impl/StaticLoggerBinder.class]
SLF4J: See http://www.slf4j.org/codes.html#multiple_bindings for an explanation.
SLF4J: Actual binding is of type [org.slf4j.impl.Log4jLoggerFactory]
18/06/05 17:15:01 ERROR ApplicationMaster: User application exited with status 1

End of LogType:stderr

Container: container_e25_1527512542584_0088_04_000001 on 10.0.0.12_30050_1528219013311
LogAggregationType: AGGREGATED
======================================================================================
18/06/05 17:16:57 INFO compress.CodecPool: Got brand-new decompressor [.deflate]
LogType:stderr
Log Upload Time:Tue Jun 05 17:16:53 +0000 2018
LogLength:548
Log Contents:
SLF4J: Class path contains multiple SLF4J bindings.
SLF4J: Found binding in [jar:file:/usr/hdp/2.6.0.2-76/spark2/jars/slf4j-log4j12-1.7.16.jar!/org/slf4j/impl/StaticLoggerBinder.class]
SLF4J: Found binding in [jar:file:/usr/hdp/2.6.0.2-76/hadoop/lib/slf4j-log4j12-1.7.10.jar!/org/slf4j/impl/StaticLoggerBinder.class]
SLF4J: See http://www.slf4j.org/codes.html#multiple_bindings for an explanation.
SLF4J: Actual binding is of type [org.slf4j.impl.Log4jLoggerFactory]
18/06/05 17:15:55 ERROR ApplicationMaster: User application exited with status 1

End of LogType:stderr

Container: container_e25_1527512542584_0088_05_000001 on 10.0.0.15_30050_1528219013949
LogAggregationType: AGGREGATED
======================================================================================
18/06/05 17:16:58 INFO compress.CodecPool: Got brand-new decompressor [.deflate]
LogType:stderr
Log Upload Time:Tue Jun 05 17:16:53 +0000 2018
LogLength:548
Log Contents:
SLF4J: Class path contains multiple SLF4J bindings.
SLF4J: Found binding in [jar:file:/usr/hdp/2.6.0.2-76/spark2/jars/slf4j-log4j12-1.7.16.jar!/org/slf4j/impl/StaticLoggerBinder.class]
SLF4J: Found binding in [jar:file:/usr/hdp/2.6.0.2-76/hadoop/lib/slf4j-log4j12-1.7.10.jar!/org/slf4j/impl/StaticLoggerBinder.class]
SLF4J: See http://www.slf4j.org/codes.html#multiple_bindings for an explanation.
SLF4J: Actual binding is of type [org.slf4j.impl.Log4jLoggerFactory]
18/06/05 17:16:51 ERROR ApplicationMaster: User application exited with status 1

End of LogType:stderr


Specified ALL for -am option. Printed logs for all am containers.
18/06/05 17:17:00 INFO client.AHSProxy: Connecting to Application History server at headnodehost/10.0.0.21:10200
18/06/05 17:17:00 INFO client.RequestHedgingRMFailoverProxyProvider: Looking for the active RM in [rm1, rm2]...
18/06/05 17:17:00 INFO client.RequestHedgingRMFailoverProxyProvider: Found active RM [rm1]
18/06/05 17:17:01 INFO zlib.ZlibFactory: Successfully loaded & initialized native-zlib library
18/06/05 17:17:01 INFO compress.CodecPool: Got brand-new decompressor [.deflate]
Container: container_e25_1527512542584_0088_01_000001 on 10.0.0.13_30050_1528219013801
LogAggregationType: AGGREGATED
======================================================================================
18/06/05 17:17:02 INFO compress.CodecPool: Got brand-new decompressor [.deflate]
LogType:stdout
Log Upload Time:Tue Jun 05 17:16:53 +0000 2018
LogLength:8740
Log Contents:
****************
Python version: 3.6.2 |Anaconda, Inc.| (default, Oct  5 2017, 07:59:26) 
[GCC 7.2.0]
Spark version: 2.1.0.2.6.0.2-76
****************
First 10 rows of Iris dataset:
+------------+-----------+------------+-----------+-----------+
|sepal-length|sepal-width|petal-length|petal-width|      class|
+------------+-----------+------------+-----------+-----------+
|         5.1|        3.5|         1.4|        0.2|Iris-setosa|
|         4.9|        3.0|         1.4|        0.2|Iris-setosa|
|         4.7|        3.2|         1.3|        0.2|Iris-setosa|
|         4.6|        3.1|         1.5|        0.2|Iris-setosa|
|         5.0|        3.6|         1.4|        0.2|Iris-setosa|
|         5.4|        3.9|         1.7|        0.4|Iris-setosa|
|         4.6|        3.4|         1.4|        0.3|Iris-setosa|
|         5.0|        3.4|         1.5|        0.2|Iris-setosa|
|         4.4|        2.9|         1.4|        0.2|Iris-setosa|
|         4.9|        3.1|         1.5|        0.1|Iris-setosa|
+------------+-----------+------------+-----------+-----------+
only showing top 10 rows

Load featurized dataset for machine learning...
+-----------------+-----+
|         features|label|
+-----------------+-----+
|[5.1,3.5,1.4,0.2]|  0.0|
|[4.9,3.0,1.4,0.2]|  0.0|
|[4.7,3.2,1.3,0.2]|  0.0|
|[4.6,3.1,1.5,0.2]|  0.0|
|[5.0,3.6,1.4,0.2]|  0.0|
|[5.4,3.9,1.7,0.4]|  0.0|
|[4.6,3.4,1.4,0.3]|  0.0|
|[5.0,3.4,1.5,0.2]|  0.0|
|[4.4,2.9,1.4,0.2]|  0.0|
|[4.9,3.1,1.5,0.1]|  0.0|
+-----------------+-----+
only showing top 10 rows

Prediction
+-----------------+-----+--------------------+--------------------+----------+
|         features|label|       rawPrediction|         probability|prediction|
+-----------------+-----+--------------------+--------------------+----------+
|[4.7,3.2,1.6,0.2]|  0.0|[5.81412838078554...|[0.97281302360031...|       0.0|
|[4.8,3.1,1.6,0.2]|  0.0|[5.47706064311584...|[0.95682632330496...|       0.0|
|[4.8,3.4,1.6,0.2]|  0.0|[6.13417524299953...|[0.98173604770860...|       0.0|
|[4.8,3.4,1.9,0.2]|  0.0|[5.8429640352267,...|[0.97684893695261...|       0.0|
|[4.9,2.4,3.3,1.0]|  1.0|[0.36630540394502...|[0.16220030872918...|       1.0|
|[4.9,2.5,4.5,1.7]|  2.0|[-2.1626050026618...|[0.01912653253742...|       1.0|
|[4.9,3.1,1.5,0.1]|  0.0|[5.68225919020928...|[0.95825233877757...|       0.0|
|[4.9,3.1,1.5,0.1]|  0.0|[5.68225919020928...|[0.95825233877757...|       0.0|
|[5.0,3.0,1.6,0.2]|  0.0|[5.02196336773768...|[0.91950195317285...|       0.0|
|[5.0,3.3,1.4,0.2]|  0.0|[5.87321877280326...|[0.97020019758444...|       0.0|
+-----------------+-----+--------------------+--------------------+----------+
only showing top 10 rows


#####################################
Regularization rate is 0.01
Accuracy is 0.9090909090909091
#####################################

The experiment completed successfully. Starting post-processing steps.
Traceback (most recent call last):
  File "context_manager_injector.py", line 72, in execute_with_context
    with open(complete_file_path, "a") as stream:
FileNotFoundError: [Errno 2] No such file or directory: '/mnt/resource/hadoop/yarn/local/usercache/ninghai/appcache/application_1527512542584_0088/container_e25_1527512542584_0088_01_000001/azureml-setup/complete'

Traceback (most recent call last):
  File "context_manager_injector.py", line 72, in execute_with_context
    with open(complete_file_path, "a") as stream:
FileNotFoundError: [Errno 2] No such file or directory: '/mnt/resource/hadoop/yarn/local/usercache/ninghai/appcache/application_1527512542584_0088/container_e25_1527512542584_0088_01_000001/azureml-setup/complete'

During handling of the above exception, another exception occurred:

Traceback (most recent call last):
  File "context_manager_injector.py", line 111, in <module>
    execute_with_context(cm_objects, options.invocation)
  File "context_manager_injector.py", line 73, in execute_with_context
    print("Prehistory!", file=stream)
  File "/mnt/resource/hadoop/yarn/local/usercache/ninghai/appcache/application_1527512542584_0088/container_e25_1527512542584_0088_01_000001/azureml_40b348c4d7381beefb01312cdebdaa0b.zip/home/ninghai/.azureml/envs/azureml_40b348c4d7381beefb01312cdebdaa0b/lib/python3.6/contextlib.py", line 380, in __exit__
    raise exc_details[1]
  File "/mnt/resource/hadoop/yarn/local/usercache/ninghai/appcache/application_1527512542584_0088/container_e25_1527512542584_0088_01_000001/azureml_40b348c4d7381beefb01312cdebdaa0b.zip/home/ninghai/.azureml/envs/azureml_40b348c4d7381beefb01312cdebdaa0b/lib/python3.6/contextlib.py", line 365, in __exit__
    if cb(*exc_details):
  File "/mnt/resource/hadoop/yarn/local/usercache/ninghai/appcache/application_1527512542584_0088/container_e25_1527512542584_0088_01_000001/azureml_40b348c4d7381beefb01312cdebdaa0b.zip/home/ninghai/.azureml/envs/azureml_40b348c4d7381beefb01312cdebdaa0b/lib/python3.6/contextlib.py", line 284, in _exit_wrapper
    return cm_exit(cm, *exc_details)
  File "context_manager_injector.py", line 30, in __exit__
    self.context_manager.__exit__(*exc_details)
  File "/mnt/resource/hadoop/yarn/local/usercache/ninghai/appcache/application_1527512542584_0088/container_e25_1527512542584_0088_01_000001/context_managers.py", line 49, in __exit__
    self.history_context.__exit__(*args)
  File "/mnt/resource/hadoop/yarn/local/usercache/ninghai/appcache/application_1527512542584_0088/container_e25_1527512542584_0088_01_000001/azureml_40b348c4d7381beefb01312cdebdaa0b.zip/home/ninghai/.azureml/envs/azureml_40b348c4d7381beefb01312cdebdaa0b/lib/python3.6/site-packages/azureml/history/utils/context_managers.py", line 50, in __exit__
    self._exit_stack.__exit__(*args)
  File "/mnt/resource/hadoop/yarn/local/usercache/ninghai/appcache/application_1527512542584_0088/container_e25_1527512542584_0088_01_000001/azureml_40b348c4d7381beefb01312cdebdaa0b.zip/home/ninghai/.azureml/envs/azureml_40b348c4d7381beefb01312cdebdaa0b/lib/python3.6/contextlib.py", line 380, in __exit__
    raise exc_details[1]
  File "/mnt/resource/hadoop/yarn/local/usercache/ninghai/appcache/application_1527512542584_0088/container_e25_1527512542584_0088_01_000001/azureml_40b348c4d7381beefb01312cdebdaa0b.zip/home/ninghai/.azureml/envs/azureml_40b348c4d7381beefb01312cdebdaa0b/lib/python3.6/contextlib.py", line 365, in __exit__
    if cb(*exc_details):
  File "/mnt/resource/hadoop/yarn/local/usercache/ninghai/appcache/application_1527512542584_0088/container_e25_1527512542584_0088_01_000001/azureml_40b348c4d7381beefb01312cdebdaa0b.zip/home/ninghai/.azureml/envs/azureml_40b348c4d7381beefb01312cdebdaa0b/lib/python3.6/contextlib.py", line 284, in _exit_wrapper
    return cm_exit(cm, *exc_details)
  File "/mnt/resource/hadoop/yarn/local/usercache/ninghai/appcache/application_1527512542584_0088/container_e25_1527512542584_0088_01_000001/azureml_40b348c4d7381beefb01312cdebdaa0b.zip/home/ninghai/.azureml/envs/azureml_40b348c4d7381beefb01312cdebdaa0b/lib/python3.6/site-packages/azureml/history/utils/context_managers.py", line 141, in __exit__
    self.blacklist + [self.user_log_path])
  File "/mnt/resource/hadoop/yarn/local/usercache/ninghai/appcache/application_1527512542584_0088/container_e25_1527512542584_0088_01_000001/azureml_40b348c4d7381beefb01312cdebdaa0b.zip/home/ninghai/.azureml/envs/azureml_40b348c4d7381beefb01312cdebdaa0b/lib/python3.6/site-packages/azureml/history/utils/context_managers.py", line 87, in track
    fs.track(run_tracker, track_folders, blacklist)
  File "/mnt/resource/hadoop/yarn/local/usercache/ninghai/appcache/application_1527512542584_0088/container_e25_1527512542584_0088_01_000001/azureml_40b348c4d7381beefb01312cdebdaa0b.zip/home/ninghai/.azureml/envs/azureml_40b348c4d7381beefb01312cdebdaa0b/lib/python3.6/site-packages/azureml/history/utils/filesystem.py", line 130, in track
    self._upload_hdi_outputs(run_tracker)
  File "/mnt/resource/hadoop/yarn/local/usercache/ninghai/appcache/application_1527512542584_0088/container_e25_1527512542584_0088_01_000001/azureml_40b348c4d7381beefb01312cdebdaa0b.zip/home/ninghai/.azureml/envs/azureml_40b348c4d7381beefb01312cdebdaa0b/lib/python3.6/site-packages/azureml/history/utils/filesystem.py", line 154, in _upload_hdi_outputs
    container_sas = get_container_sas(wasburl)
  File "/mnt/resource/hadoop/yarn/local/usercache/ninghai/appcache/application_1527512542584_0088/container_e25_1527512542584_0088_01_000001/azureml_40b348c4d7381beefb01312cdebdaa0b.zip/home/ninghai/.azureml/envs/azureml_40b348c4d7381beefb01312cdebdaa0b/lib/python3.6/site-packages/azureml/history/utils/_hdi_wasb_utils.py", line 32, in get_container_sas
    from azure.storage.models import AccountPermissions
ModuleNotFoundError: No module named 'azure.storage.models'

End of LogType:stdout

Container: container_e25_1527512542584_0088_02_000001 on 10.0.0.12_30050_1528219013311
LogAggregationType: AGGREGATED
======================================================================================
18/06/05 17:17:02 INFO compress.CodecPool: Got brand-new decompressor [.deflate]
LogType:stdout
Log Upload Time:Tue Jun 05 17:16:53 +0000 2018
LogLength:10731
Log Contents:
****************
Python version: 3.6.2 |Anaconda, Inc.| (default, Oct  5 2017, 07:59:26) 
[GCC 7.2.0]
Spark version: 2.1.0.2.6.0.2-76
****************
First 10 rows of Iris dataset:
+------------+-----------+------------+-----------+-----------+
|sepal-length|sepal-width|petal-length|petal-width|      class|
+------------+-----------+------------+-----------+-----------+
|         5.1|        3.5|         1.4|        0.2|Iris-setosa|
|         4.9|        3.0|         1.4|        0.2|Iris-setosa|
|         4.7|        3.2|         1.3|        0.2|Iris-setosa|
|         4.6|        3.1|         1.5|        0.2|Iris-setosa|
|         5.0|        3.6|         1.4|        0.2|Iris-setosa|
|         5.4|        3.9|         1.7|        0.4|Iris-setosa|
|         4.6|        3.4|         1.4|        0.3|Iris-setosa|
|         5.0|        3.4|         1.5|        0.2|Iris-setosa|
|         4.4|        2.9|         1.4|        0.2|Iris-setosa|
|         4.9|        3.1|         1.5|        0.1|Iris-setosa|
+------------+-----------+------------+-----------+-----------+
only showing top 10 rows

Load featurized dataset for machine learning...
+-----------------+-----+
|         features|label|
+-----------------+-----+
|[5.1,3.5,1.4,0.2]|  0.0|
|[4.9,3.0,1.4,0.2]|  0.0|
|[4.7,3.2,1.3,0.2]|  0.0|
|[4.6,3.1,1.5,0.2]|  0.0|
|[5.0,3.6,1.4,0.2]|  0.0|
|[5.4,3.9,1.7,0.4]|  0.0|
|[4.6,3.4,1.4,0.3]|  0.0|
|[5.0,3.4,1.5,0.2]|  0.0|
|[4.4,2.9,1.4,0.2]|  0.0|
|[4.9,3.1,1.5,0.1]|  0.0|
+-----------------+-----+
only showing top 10 rows

Prediction
+-----------------+-----+--------------------+--------------------+----------+
|         features|label|       rawPrediction|         probability|prediction|
+-----------------+-----+--------------------+--------------------+----------+
|[4.4,2.9,1.4,0.2]|  0.0|[5.42166643110698...|[0.96025070124537...|       0.0|
|[4.6,3.2,1.4,0.2]|  0.0|[5.93678675908149...|[0.97674476067307...|       0.0|
|[4.6,3.4,1.4,0.3]|  0.0|[6.21248344190483...|[0.98553784673512...|       0.0|
|[4.7,3.2,1.3,0.2]|  0.0|[5.92147287618731...|[0.97490229996539...|       0.0|
|[4.8,3.4,1.9,0.2]|  0.0|[5.72178198163247...|[0.97162442702122...|       0.0|
|[4.9,3.1,1.5,0.1]|  0.0|[5.47458853284801...|[0.95023425544299...|       0.0|
|[5.0,3.0,1.6,0.2]|  0.0|[4.80225212783604...|[0.90705188635741...|       0.0|
|[5.0,3.4,1.5,0.2]|  0.0|[5.88463977143327...|[0.97237491779910...|       0.0|
|[5.0,3.5,1.3,0.3]|  0.0|[6.10741079339509...|[0.98075527094231...|       0.0|
|[5.1,3.5,1.4,0.3]|  0.0|[5.89861135491177...|[0.97513485413488...|       0.0|
+-----------------+-----+--------------------+--------------------+----------+
only showing top 10 rows


#####################################
Regularization rate is 0.01
Accuracy is 0.9583333333333334
#####################################

The experiment completed successfully. Starting post-processing steps.
Traceback (most recent call last):
  File "context_manager_injector.py", line 72, in execute_with_context
    with open(complete_file_path, "a") as stream:
FileNotFoundError: [Errno 2] No such file or directory: '/mnt/resource/hadoop/yarn/local/usercache/ninghai/appcache/application_1527512542584_0088/container_e25_1527512542584_0088_02_000001/azureml-setup/complete'

Traceback (most recent call last):
  File "context_manager_injector.py", line 72, in execute_with_context
    with open(complete_file_path, "a") as stream:
FileNotFoundError: [Errno 2] No such file or directory: '/mnt/resource/hadoop/yarn/local/usercache/ninghai/appcache/application_1527512542584_0088/container_e25_1527512542584_0088_02_000001/azureml-setup/complete'

During handling of the above exception, another exception occurred:

Traceback (most recent call last):
  File "/mnt/resource/hadoop/yarn/local/usercache/ninghai/appcache/application_1527512542584_0088/container_e25_1527512542584_0088_02_000001/azureml_40b348c4d7381beefb01312cdebdaa0b.zip/home/ninghai/.azureml/envs/azureml_40b348c4d7381beefb01312cdebdaa0b/lib/python3.6/contextlib.py", line 365, in __exit__
    if cb(*exc_details):
  File "/mnt/resource/hadoop/yarn/local/usercache/ninghai/appcache/application_1527512542584_0088/container_e25_1527512542584_0088_02_000001/azureml_40b348c4d7381beefb01312cdebdaa0b.zip/home/ninghai/.azureml/envs/azureml_40b348c4d7381beefb01312cdebdaa0b/lib/python3.6/contextlib.py", line 284, in _exit_wrapper
    return cm_exit(cm, *exc_details)
  File "/mnt/resource/hadoop/yarn/local/usercache/ninghai/appcache/application_1527512542584_0088/container_e25_1527512542584_0088_02_000001/azureml_40b348c4d7381beefb01312cdebdaa0b.zip/home/ninghai/.azureml/envs/azureml_40b348c4d7381beefb01312cdebdaa0b/lib/python3.6/site-packages/azureml/history/utils/context_managers.py", line 141, in __exit__
    self.blacklist + [self.user_log_path])
  File "/mnt/resource/hadoop/yarn/local/usercache/ninghai/appcache/application_1527512542584_0088/container_e25_1527512542584_0088_02_000001/azureml_40b348c4d7381beefb01312cdebdaa0b.zip/home/ninghai/.azureml/envs/azureml_40b348c4d7381beefb01312cdebdaa0b/lib/python3.6/site-packages/azureml/history/utils/context_managers.py", line 87, in track
    fs.track(run_tracker, track_folders, blacklist)
  File "/mnt/resource/hadoop/yarn/local/usercache/ninghai/appcache/application_1527512542584_0088/container_e25_1527512542584_0088_02_000001/azureml_40b348c4d7381beefb01312cdebdaa0b.zip/home/ninghai/.azureml/envs/azureml_40b348c4d7381beefb01312cdebdaa0b/lib/python3.6/site-packages/azureml/history/utils/filesystem.py", line 130, in track
    self._upload_hdi_outputs(run_tracker)
  File "/mnt/resource/hadoop/yarn/local/usercache/ninghai/appcache/application_1527512542584_0088/container_e25_1527512542584_0088_02_000001/azureml_40b348c4d7381beefb01312cdebdaa0b.zip/home/ninghai/.azureml/envs/azureml_40b348c4d7381beefb01312cdebdaa0b/lib/python3.6/site-packages/azureml/history/utils/filesystem.py", line 154, in _upload_hdi_outputs
    container_sas = get_container_sas(wasburl)
  File "/mnt/resource/hadoop/yarn/local/usercache/ninghai/appcache/application_1527512542584_0088/container_e25_1527512542584_0088_02_000001/azureml_40b348c4d7381beefb01312cdebdaa0b.zip/home/ninghai/.azureml/envs/azureml_40b348c4d7381beefb01312cdebdaa0b/lib/python3.6/site-packages/azureml/history/utils/_hdi_wasb_utils.py", line 32, in get_container_sas
    from azure.storage.models import AccountPermissions
ModuleNotFoundError: No module named 'azure.storage.models'

During handling of the above exception, another exception occurred:

Traceback (most recent call last):
  File "context_manager_injector.py", line 111, in <module>
    execute_with_context(cm_objects, options.invocation)
  File "context_manager_injector.py", line 73, in execute_with_context
    print("Prehistory!", file=stream)
  File "/mnt/resource/hadoop/yarn/local/usercache/ninghai/appcache/application_1527512542584_0088/container_e25_1527512542584_0088_02_000001/azureml_40b348c4d7381beefb01312cdebdaa0b.zip/home/ninghai/.azureml/envs/azureml_40b348c4d7381beefb01312cdebdaa0b/lib/python3.6/contextlib.py", line 380, in __exit__
    raise exc_details[1]
  File "/mnt/resource/hadoop/yarn/local/usercache/ninghai/appcache/application_1527512542584_0088/container_e25_1527512542584_0088_02_000001/azureml_40b348c4d7381beefb01312cdebdaa0b.zip/home/ninghai/.azureml/envs/azureml_40b348c4d7381beefb01312cdebdaa0b/lib/python3.6/contextlib.py", line 365, in __exit__
    if cb(*exc_details):
  File "/mnt/resource/hadoop/yarn/local/usercache/ninghai/appcache/application_1527512542584_0088/container_e25_1527512542584_0088_02_000001/azureml_40b348c4d7381beefb01312cdebdaa0b.zip/home/ninghai/.azureml/envs/azureml_40b348c4d7381beefb01312cdebdaa0b/lib/python3.6/contextlib.py", line 284, in _exit_wrapper
    return cm_exit(cm, *exc_details)
  File "context_manager_injector.py", line 30, in __exit__
    self.context_manager.__exit__(*exc_details)
  File "/mnt/resource/hadoop/yarn/local/usercache/ninghai/appcache/application_1527512542584_0088/container_e25_1527512542584_0088_02_000001/context_managers.py", line 49, in __exit__
    self.history_context.__exit__(*args)
  File "/mnt/resource/hadoop/yarn/local/usercache/ninghai/appcache/application_1527512542584_0088/container_e25_1527512542584_0088_02_000001/azureml_40b348c4d7381beefb01312cdebdaa0b.zip/home/ninghai/.azureml/envs/azureml_40b348c4d7381beefb01312cdebdaa0b/lib/python3.6/site-packages/azureml/history/utils/context_managers.py", line 50, in __exit__
    self._exit_stack.__exit__(*args)
  File "/mnt/resource/hadoop/yarn/local/usercache/ninghai/appcache/application_1527512542584_0088/container_e25_1527512542584_0088_02_000001/azureml_40b348c4d7381beefb01312cdebdaa0b.zip/home/ninghai/.azureml/envs/azureml_40b348c4d7381beefb01312cdebdaa0b/lib/python3.6/contextlib.py", line 380, in __exit__
    raise exc_details[1]
  File "/mnt/resource/hadoop/yarn/local/usercache/ninghai/appcache/application_1527512542584_0088/container_e25_1527512542584_0088_02_000001/azureml_40b348c4d7381beefb01312cdebdaa0b.zip/home/ninghai/.azureml/envs/azureml_40b348c4d7381beefb01312cdebdaa0b/lib/python3.6/contextlib.py", line 365, in __exit__
    if cb(*exc_details):
  File "/mnt/resource/hadoop/yarn/local/usercache/ninghai/appcache/application_1527512542584_0088/container_e25_1527512542584_0088_02_000001/azureml_40b348c4d7381beefb01312cdebdaa0b.zip/home/ninghai/.azureml/envs/azureml_40b348c4d7381beefb01312cdebdaa0b/lib/python3.6/contextlib.py", line 284, in _exit_wrapper
    return cm_exit(cm, *exc_details)
  File "/mnt/resource/hadoop/yarn/local/usercache/ninghai/appcache/application_1527512542584_0088/container_e25_1527512542584_0088_02_000001/azureml_40b348c4d7381beefb01312cdebdaa0b.zip/home/ninghai/.azureml/envs/azureml_40b348c4d7381beefb01312cdebdaa0b/lib/python3.6/site-packages/azureml/history/utils/context_managers.py", line 157, in __exit__
    self.run_tracker.upload_file(self.driver_log_name, self.user_log_path)
  File "/mnt/resource/hadoop/yarn/local/usercache/ninghai/appcache/application_1527512542584_0088/container_e25_1527512542584_0088_02_000001/azureml_40b348c4d7381beefb01312cdebdaa0b.zip/home/ninghai/.azureml/envs/azureml_40b348c4d7381beefb01312cdebdaa0b/lib/python3.6/site-packages/azureml/core/run.py", line 461, in upload_file
    return self._client.upload_file(name, path_or_stream)
  File "/mnt/resource/hadoop/yarn/local/usercache/ninghai/appcache/application_1527512542584_0088/container_e25_1527512542584_0088_02_000001/azureml_40b348c4d7381beefb01312cdebdaa0b.zip/home/ninghai/.azureml/envs/azureml_40b348c4d7381beefb01312cdebdaa0b/lib/python3.6/site-packages/azureml/_run_impl/artifacts_client.py", line 53, in upload_file
    assert(len(artifact_keys) == 1)
AssertionError

End of LogType:stdout

Container: container_e25_1527512542584_0088_03_000001 on 10.0.0.15_30050_1528219013949
LogAggregationType: AGGREGATED
======================================================================================
18/06/05 17:17:03 INFO compress.CodecPool: Got brand-new decompressor [.deflate]
LogType:stdout
Log Upload Time:Tue Jun 05 17:16:53 +0000 2018
LogLength:10730
Log Contents:
****************
Python version: 3.6.2 |Anaconda, Inc.| (default, Oct  5 2017, 07:59:26) 
[GCC 7.2.0]
Spark version: 2.1.0.2.6.0.2-76
****************
First 10 rows of Iris dataset:
+------------+-----------+------------+-----------+-----------+
|sepal-length|sepal-width|petal-length|petal-width|      class|
+------------+-----------+------------+-----------+-----------+
|         5.1|        3.5|         1.4|        0.2|Iris-setosa|
|         4.9|        3.0|         1.4|        0.2|Iris-setosa|
|         4.7|        3.2|         1.3|        0.2|Iris-setosa|
|         4.6|        3.1|         1.5|        0.2|Iris-setosa|
|         5.0|        3.6|         1.4|        0.2|Iris-setosa|
|         5.4|        3.9|         1.7|        0.4|Iris-setosa|
|         4.6|        3.4|         1.4|        0.3|Iris-setosa|
|         5.0|        3.4|         1.5|        0.2|Iris-setosa|
|         4.4|        2.9|         1.4|        0.2|Iris-setosa|
|         4.9|        3.1|         1.5|        0.1|Iris-setosa|
+------------+-----------+------------+-----------+-----------+
only showing top 10 rows

Load featurized dataset for machine learning...
+-----------------+-----+
|         features|label|
+-----------------+-----+
|[5.1,3.5,1.4,0.2]|  0.0|
|[4.9,3.0,1.4,0.2]|  0.0|
|[4.7,3.2,1.3,0.2]|  0.0|
|[4.6,3.1,1.5,0.2]|  0.0|
|[5.0,3.6,1.4,0.2]|  0.0|
|[5.4,3.9,1.7,0.4]|  0.0|
|[4.6,3.4,1.4,0.3]|  0.0|
|[5.0,3.4,1.5,0.2]|  0.0|
|[4.4,2.9,1.4,0.2]|  0.0|
|[4.9,3.1,1.5,0.1]|  0.0|
+-----------------+-----+
only showing top 10 rows

Prediction
+-----------------+-----+--------------------+--------------------+----------+
|         features|label|       rawPrediction|         probability|prediction|
+-----------------+-----+--------------------+--------------------+----------+
|[4.4,3.0,1.3,0.2]|  0.0|[5.70897828004706...|[0.97121174165891...|       0.0|
|[4.4,3.2,1.3,0.2]|  0.0|[6.15067005242500...|[0.98473859123682...|       0.0|
|[4.6,3.4,1.4,0.3]|  0.0|[6.05352346986395...|[0.98593240011516...|       0.0|
|[4.6,3.6,1.0,0.2]|  0.0|[7.09904603349531...|[0.99524597740375...|       0.0|
|[4.8,3.0,1.4,0.1]|  0.0|[5.36286667826049...|[0.94456520922899...|       0.0|
|[4.8,3.0,1.4,0.3]|  0.0|[4.94060674351281...|[0.93023822708753...|       0.0|
|[4.8,3.1,1.6,0.2]|  0.0|[5.17623218513584...|[0.94662478477907...|       0.0|
|[4.8,3.4,1.6,0.2]|  0.0|[5.83876984370275...|[0.97912822568022...|       0.0|
|[5.0,3.3,1.4,0.2]|  0.0|[5.58474118785830...|[0.96521728881866...|       0.0|
|[5.0,3.5,1.3,0.3]|  0.0|[5.91347819883230...|[0.98073348719702...|       0.0|
+-----------------+-----+--------------------+--------------------+----------+
only showing top 10 rows


#####################################
Regularization rate is 0.01
Accuracy is 0.975609756097561
#####################################

The experiment completed successfully. Starting post-processing steps.
Traceback (most recent call last):
  File "context_manager_injector.py", line 72, in execute_with_context
    with open(complete_file_path, "a") as stream:
FileNotFoundError: [Errno 2] No such file or directory: '/mnt/resource/hadoop/yarn/local/usercache/ninghai/appcache/application_1527512542584_0088/container_e25_1527512542584_0088_03_000001/azureml-setup/complete'

Traceback (most recent call last):
  File "context_manager_injector.py", line 72, in execute_with_context
    with open(complete_file_path, "a") as stream:
FileNotFoundError: [Errno 2] No such file or directory: '/mnt/resource/hadoop/yarn/local/usercache/ninghai/appcache/application_1527512542584_0088/container_e25_1527512542584_0088_03_000001/azureml-setup/complete'

During handling of the above exception, another exception occurred:

Traceback (most recent call last):
  File "/mnt/resource/hadoop/yarn/local/usercache/ninghai/appcache/application_1527512542584_0088/container_e25_1527512542584_0088_03_000001/azureml_40b348c4d7381beefb01312cdebdaa0b.zip/home/ninghai/.azureml/envs/azureml_40b348c4d7381beefb01312cdebdaa0b/lib/python3.6/contextlib.py", line 365, in __exit__
    if cb(*exc_details):
  File "/mnt/resource/hadoop/yarn/local/usercache/ninghai/appcache/application_1527512542584_0088/container_e25_1527512542584_0088_03_000001/azureml_40b348c4d7381beefb01312cdebdaa0b.zip/home/ninghai/.azureml/envs/azureml_40b348c4d7381beefb01312cdebdaa0b/lib/python3.6/contextlib.py", line 284, in _exit_wrapper
    return cm_exit(cm, *exc_details)
  File "/mnt/resource/hadoop/yarn/local/usercache/ninghai/appcache/application_1527512542584_0088/container_e25_1527512542584_0088_03_000001/azureml_40b348c4d7381beefb01312cdebdaa0b.zip/home/ninghai/.azureml/envs/azureml_40b348c4d7381beefb01312cdebdaa0b/lib/python3.6/site-packages/azureml/history/utils/context_managers.py", line 141, in __exit__
    self.blacklist + [self.user_log_path])
  File "/mnt/resource/hadoop/yarn/local/usercache/ninghai/appcache/application_1527512542584_0088/container_e25_1527512542584_0088_03_000001/azureml_40b348c4d7381beefb01312cdebdaa0b.zip/home/ninghai/.azureml/envs/azureml_40b348c4d7381beefb01312cdebdaa0b/lib/python3.6/site-packages/azureml/history/utils/context_managers.py", line 87, in track
    fs.track(run_tracker, track_folders, blacklist)
  File "/mnt/resource/hadoop/yarn/local/usercache/ninghai/appcache/application_1527512542584_0088/container_e25_1527512542584_0088_03_000001/azureml_40b348c4d7381beefb01312cdebdaa0b.zip/home/ninghai/.azureml/envs/azureml_40b348c4d7381beefb01312cdebdaa0b/lib/python3.6/site-packages/azureml/history/utils/filesystem.py", line 130, in track
    self._upload_hdi_outputs(run_tracker)
  File "/mnt/resource/hadoop/yarn/local/usercache/ninghai/appcache/application_1527512542584_0088/container_e25_1527512542584_0088_03_000001/azureml_40b348c4d7381beefb01312cdebdaa0b.zip/home/ninghai/.azureml/envs/azureml_40b348c4d7381beefb01312cdebdaa0b/lib/python3.6/site-packages/azureml/history/utils/filesystem.py", line 154, in _upload_hdi_outputs
    container_sas = get_container_sas(wasburl)
  File "/mnt/resource/hadoop/yarn/local/usercache/ninghai/appcache/application_1527512542584_0088/container_e25_1527512542584_0088_03_000001/azureml_40b348c4d7381beefb01312cdebdaa0b.zip/home/ninghai/.azureml/envs/azureml_40b348c4d7381beefb01312cdebdaa0b/lib/python3.6/site-packages/azureml/history/utils/_hdi_wasb_utils.py", line 32, in get_container_sas
    from azure.storage.models import AccountPermissions
ModuleNotFoundError: No module named 'azure.storage.models'

During handling of the above exception, another exception occurred:

Traceback (most recent call last):
  File "context_manager_injector.py", line 111, in <module>
    execute_with_context(cm_objects, options.invocation)
  File "context_manager_injector.py", line 73, in execute_with_context
    print("Prehistory!", file=stream)
  File "/mnt/resource/hadoop/yarn/local/usercache/ninghai/appcache/application_1527512542584_0088/container_e25_1527512542584_0088_03_000001/azureml_40b348c4d7381beefb01312cdebdaa0b.zip/home/ninghai/.azureml/envs/azureml_40b348c4d7381beefb01312cdebdaa0b/lib/python3.6/contextlib.py", line 380, in __exit__
    raise exc_details[1]
  File "/mnt/resource/hadoop/yarn/local/usercache/ninghai/appcache/application_1527512542584_0088/container_e25_1527512542584_0088_03_000001/azureml_40b348c4d7381beefb01312cdebdaa0b.zip/home/ninghai/.azureml/envs/azureml_40b348c4d7381beefb01312cdebdaa0b/lib/python3.6/contextlib.py", line 365, in __exit__
    if cb(*exc_details):
  File "/mnt/resource/hadoop/yarn/local/usercache/ninghai/appcache/application_1527512542584_0088/container_e25_1527512542584_0088_03_000001/azureml_40b348c4d7381beefb01312cdebdaa0b.zip/home/ninghai/.azureml/envs/azureml_40b348c4d7381beefb01312cdebdaa0b/lib/python3.6/contextlib.py", line 284, in _exit_wrapper
    return cm_exit(cm, *exc_details)
  File "context_manager_injector.py", line 30, in __exit__
    self.context_manager.__exit__(*exc_details)
  File "/mnt/resource/hadoop/yarn/local/usercache/ninghai/appcache/application_1527512542584_0088/container_e25_1527512542584_0088_03_000001/context_managers.py", line 49, in __exit__
    self.history_context.__exit__(*args)
  File "/mnt/resource/hadoop/yarn/local/usercache/ninghai/appcache/application_1527512542584_0088/container_e25_1527512542584_0088_03_000001/azureml_40b348c4d7381beefb01312cdebdaa0b.zip/home/ninghai/.azureml/envs/azureml_40b348c4d7381beefb01312cdebdaa0b/lib/python3.6/site-packages/azureml/history/utils/context_managers.py", line 50, in __exit__
    self._exit_stack.__exit__(*args)
  File "/mnt/resource/hadoop/yarn/local/usercache/ninghai/appcache/application_1527512542584_0088/container_e25_1527512542584_0088_03_000001/azureml_40b348c4d7381beefb01312cdebdaa0b.zip/home/ninghai/.azureml/envs/azureml_40b348c4d7381beefb01312cdebdaa0b/lib/python3.6/contextlib.py", line 380, in __exit__
    raise exc_details[1]
  File "/mnt/resource/hadoop/yarn/local/usercache/ninghai/appcache/application_1527512542584_0088/container_e25_1527512542584_0088_03_000001/azureml_40b348c4d7381beefb01312cdebdaa0b.zip/home/ninghai/.azureml/envs/azureml_40b348c4d7381beefb01312cdebdaa0b/lib/python3.6/contextlib.py", line 365, in __exit__
    if cb(*exc_details):
  File "/mnt/resource/hadoop/yarn/local/usercache/ninghai/appcache/application_1527512542584_0088/container_e25_1527512542584_0088_03_000001/azureml_40b348c4d7381beefb01312cdebdaa0b.zip/home/ninghai/.azureml/envs/azureml_40b348c4d7381beefb01312cdebdaa0b/lib/python3.6/contextlib.py", line 284, in _exit_wrapper
    return cm_exit(cm, *exc_details)
  File "/mnt/resource/hadoop/yarn/local/usercache/ninghai/appcache/application_1527512542584_0088/container_e25_1527512542584_0088_03_000001/azureml_40b348c4d7381beefb01312cdebdaa0b.zip/home/ninghai/.azureml/envs/azureml_40b348c4d7381beefb01312cdebdaa0b/lib/python3.6/site-packages/azureml/history/utils/context_managers.py", line 157, in __exit__
    self.run_tracker.upload_file(self.driver_log_name, self.user_log_path)
  File "/mnt/resource/hadoop/yarn/local/usercache/ninghai/appcache/application_1527512542584_0088/container_e25_1527512542584_0088_03_000001/azureml_40b348c4d7381beefb01312cdebdaa0b.zip/home/ninghai/.azureml/envs/azureml_40b348c4d7381beefb01312cdebdaa0b/lib/python3.6/site-packages/azureml/core/run.py", line 461, in upload_file
    return self._client.upload_file(name, path_or_stream)
  File "/mnt/resource/hadoop/yarn/local/usercache/ninghai/appcache/application_1527512542584_0088/container_e25_1527512542584_0088_03_000001/azureml_40b348c4d7381beefb01312cdebdaa0b.zip/home/ninghai/.azureml/envs/azureml_40b348c4d7381beefb01312cdebdaa0b/lib/python3.6/site-packages/azureml/_run_impl/artifacts_client.py", line 53, in upload_file
    assert(len(artifact_keys) == 1)
AssertionError

End of LogType:stdout

Container: container_e25_1527512542584_0088_04_000001 on 10.0.0.12_30050_1528219013311
LogAggregationType: AGGREGATED
======================================================================================
18/06/05 17:17:03 INFO compress.CodecPool: Got brand-new decompressor [.deflate]
LogType:stdout
Log Upload Time:Tue Jun 05 17:16:53 +0000 2018
LogLength:10718
Log Contents:
****************
Python version: 3.6.2 |Anaconda, Inc.| (default, Oct  5 2017, 07:59:26) 
[GCC 7.2.0]
Spark version: 2.1.0.2.6.0.2-76
****************
First 10 rows of Iris dataset:
+------------+-----------+------------+-----------+-----------+
|sepal-length|sepal-width|petal-length|petal-width|      class|
+------------+-----------+------------+-----------+-----------+
|         5.1|        3.5|         1.4|        0.2|Iris-setosa|
|         4.9|        3.0|         1.4|        0.2|Iris-setosa|
|         4.7|        3.2|         1.3|        0.2|Iris-setosa|
|         4.6|        3.1|         1.5|        0.2|Iris-setosa|
|         5.0|        3.6|         1.4|        0.2|Iris-setosa|
|         5.4|        3.9|         1.7|        0.4|Iris-setosa|
|         4.6|        3.4|         1.4|        0.3|Iris-setosa|
|         5.0|        3.4|         1.5|        0.2|Iris-setosa|
|         4.4|        2.9|         1.4|        0.2|Iris-setosa|
|         4.9|        3.1|         1.5|        0.1|Iris-setosa|
+------------+-----------+------------+-----------+-----------+
only showing top 10 rows

Load featurized dataset for machine learning...
+-----------------+-----+
|         features|label|
+-----------------+-----+
|[5.1,3.5,1.4,0.2]|  0.0|
|[4.9,3.0,1.4,0.2]|  0.0|
|[4.7,3.2,1.3,0.2]|  0.0|
|[4.6,3.1,1.5,0.2]|  0.0|
|[5.0,3.6,1.4,0.2]|  0.0|
|[5.4,3.9,1.7,0.4]|  0.0|
|[4.6,3.4,1.4,0.3]|  0.0|
|[5.0,3.4,1.5,0.2]|  0.0|
|[4.4,2.9,1.4,0.2]|  0.0|
|[4.9,3.1,1.5,0.1]|  0.0|
+-----------------+-----+
only showing top 10 rows

Prediction
+-----------------+-----+--------------------+--------------------+----------+
|         features|label|       rawPrediction|         probability|prediction|
+-----------------+-----+--------------------+--------------------+----------+
|[4.4,3.2,1.3,0.2]|  0.0|[6.29791305399780...|[0.98596539243755...|       0.0|
|[4.6,3.4,1.4,0.3]|  0.0|[6.24599883608728...|[0.98715126927908...|       0.0|
|[4.6,3.6,1.0,0.2]|  0.0|[7.33314239399355...|[0.99569697177894...|       0.0|
|[4.7,3.2,1.3,0.2]|  0.0|[5.93973022799777...|[0.97608406202256...|       0.0|
|[4.7,3.2,1.6,0.2]|  0.0|[5.64865826185482...|[0.96903437854802...|       0.0|
|[4.8,3.0,1.4,0.1]|  0.0|[5.43941364247962...|[0.94781548078045...|       0.0|
|[4.9,3.0,1.4,0.2]|  0.0|[5.11244472635701...|[0.93176712536211...|       0.0|
|[4.9,3.1,1.5,0.1]|  0.0|[5.46873185956184...|[0.95035539972329...|       0.0|
|[5.0,2.3,3.3,1.0]|  1.0|[-0.2311578287715...|[0.08662631566622...|       1.0|
|[5.0,3.0,1.6,0.2]|  0.0|[4.79900247359504...|[0.90517281942531...|       0.0|
+-----------------+-----+--------------------+--------------------+----------+
only showing top 10 rows


#####################################
Regularization rate is 0.01
Accuracy is 0.925
#####################################

The experiment completed successfully. Starting post-processing steps.
Traceback (most recent call last):
  File "context_manager_injector.py", line 72, in execute_with_context
    with open(complete_file_path, "a") as stream:
FileNotFoundError: [Errno 2] No such file or directory: '/mnt/resource/hadoop/yarn/local/usercache/ninghai/appcache/application_1527512542584_0088/container_e25_1527512542584_0088_04_000001/azureml-setup/complete'

Traceback (most recent call last):
  File "context_manager_injector.py", line 72, in execute_with_context
    with open(complete_file_path, "a") as stream:
FileNotFoundError: [Errno 2] No such file or directory: '/mnt/resource/hadoop/yarn/local/usercache/ninghai/appcache/application_1527512542584_0088/container_e25_1527512542584_0088_04_000001/azureml-setup/complete'

During handling of the above exception, another exception occurred:

Traceback (most recent call last):
  File "/mnt/resource/hadoop/yarn/local/usercache/ninghai/appcache/application_1527512542584_0088/container_e25_1527512542584_0088_04_000001/azureml_40b348c4d7381beefb01312cdebdaa0b.zip/home/ninghai/.azureml/envs/azureml_40b348c4d7381beefb01312cdebdaa0b/lib/python3.6/contextlib.py", line 365, in __exit__
    if cb(*exc_details):
  File "/mnt/resource/hadoop/yarn/local/usercache/ninghai/appcache/application_1527512542584_0088/container_e25_1527512542584_0088_04_000001/azureml_40b348c4d7381beefb01312cdebdaa0b.zip/home/ninghai/.azureml/envs/azureml_40b348c4d7381beefb01312cdebdaa0b/lib/python3.6/contextlib.py", line 284, in _exit_wrapper
    return cm_exit(cm, *exc_details)
  File "/mnt/resource/hadoop/yarn/local/usercache/ninghai/appcache/application_1527512542584_0088/container_e25_1527512542584_0088_04_000001/azureml_40b348c4d7381beefb01312cdebdaa0b.zip/home/ninghai/.azureml/envs/azureml_40b348c4d7381beefb01312cdebdaa0b/lib/python3.6/site-packages/azureml/history/utils/context_managers.py", line 141, in __exit__
    self.blacklist + [self.user_log_path])
  File "/mnt/resource/hadoop/yarn/local/usercache/ninghai/appcache/application_1527512542584_0088/container_e25_1527512542584_0088_04_000001/azureml_40b348c4d7381beefb01312cdebdaa0b.zip/home/ninghai/.azureml/envs/azureml_40b348c4d7381beefb01312cdebdaa0b/lib/python3.6/site-packages/azureml/history/utils/context_managers.py", line 87, in track
    fs.track(run_tracker, track_folders, blacklist)
  File "/mnt/resource/hadoop/yarn/local/usercache/ninghai/appcache/application_1527512542584_0088/container_e25_1527512542584_0088_04_000001/azureml_40b348c4d7381beefb01312cdebdaa0b.zip/home/ninghai/.azureml/envs/azureml_40b348c4d7381beefb01312cdebdaa0b/lib/python3.6/site-packages/azureml/history/utils/filesystem.py", line 130, in track
    self._upload_hdi_outputs(run_tracker)
  File "/mnt/resource/hadoop/yarn/local/usercache/ninghai/appcache/application_1527512542584_0088/container_e25_1527512542584_0088_04_000001/azureml_40b348c4d7381beefb01312cdebdaa0b.zip/home/ninghai/.azureml/envs/azureml_40b348c4d7381beefb01312cdebdaa0b/lib/python3.6/site-packages/azureml/history/utils/filesystem.py", line 154, in _upload_hdi_outputs
    container_sas = get_container_sas(wasburl)
  File "/mnt/resource/hadoop/yarn/local/usercache/ninghai/appcache/application_1527512542584_0088/container_e25_1527512542584_0088_04_000001/azureml_40b348c4d7381beefb01312cdebdaa0b.zip/home/ninghai/.azureml/envs/azureml_40b348c4d7381beefb01312cdebdaa0b/lib/python3.6/site-packages/azureml/history/utils/_hdi_wasb_utils.py", line 32, in get_container_sas
    from azure.storage.models import AccountPermissions
ModuleNotFoundError: No module named 'azure.storage.models'

During handling of the above exception, another exception occurred:

Traceback (most recent call last):
  File "context_manager_injector.py", line 111, in <module>
    execute_with_context(cm_objects, options.invocation)
  File "context_manager_injector.py", line 73, in execute_with_context
    print("Prehistory!", file=stream)
  File "/mnt/resource/hadoop/yarn/local/usercache/ninghai/appcache/application_1527512542584_0088/container_e25_1527512542584_0088_04_000001/azureml_40b348c4d7381beefb01312cdebdaa0b.zip/home/ninghai/.azureml/envs/azureml_40b348c4d7381beefb01312cdebdaa0b/lib/python3.6/contextlib.py", line 380, in __exit__
    raise exc_details[1]
  File "/mnt/resource/hadoop/yarn/local/usercache/ninghai/appcache/application_1527512542584_0088/container_e25_1527512542584_0088_04_000001/azureml_40b348c4d7381beefb01312cdebdaa0b.zip/home/ninghai/.azureml/envs/azureml_40b348c4d7381beefb01312cdebdaa0b/lib/python3.6/contextlib.py", line 365, in __exit__
    if cb(*exc_details):
  File "/mnt/resource/hadoop/yarn/local/usercache/ninghai/appcache/application_1527512542584_0088/container_e25_1527512542584_0088_04_000001/azureml_40b348c4d7381beefb01312cdebdaa0b.zip/home/ninghai/.azureml/envs/azureml_40b348c4d7381beefb01312cdebdaa0b/lib/python3.6/contextlib.py", line 284, in _exit_wrapper
    return cm_exit(cm, *exc_details)
  File "context_manager_injector.py", line 30, in __exit__
    self.context_manager.__exit__(*exc_details)
  File "/mnt/resource/hadoop/yarn/local/usercache/ninghai/appcache/application_1527512542584_0088/container_e25_1527512542584_0088_04_000001/context_managers.py", line 49, in __exit__
    self.history_context.__exit__(*args)
  File "/mnt/resource/hadoop/yarn/local/usercache/ninghai/appcache/application_1527512542584_0088/container_e25_1527512542584_0088_04_000001/azureml_40b348c4d7381beefb01312cdebdaa0b.zip/home/ninghai/.azureml/envs/azureml_40b348c4d7381beefb01312cdebdaa0b/lib/python3.6/site-packages/azureml/history/utils/context_managers.py", line 50, in __exit__
    self._exit_stack.__exit__(*args)
  File "/mnt/resource/hadoop/yarn/local/usercache/ninghai/appcache/application_1527512542584_0088/container_e25_1527512542584_0088_04_000001/azureml_40b348c4d7381beefb01312cdebdaa0b.zip/home/ninghai/.azureml/envs/azureml_40b348c4d7381beefb01312cdebdaa0b/lib/python3.6/contextlib.py", line 380, in __exit__
    raise exc_details[1]
  File "/mnt/resource/hadoop/yarn/local/usercache/ninghai/appcache/application_1527512542584_0088/container_e25_1527512542584_0088_04_000001/azureml_40b348c4d7381beefb01312cdebdaa0b.zip/home/ninghai/.azureml/envs/azureml_40b348c4d7381beefb01312cdebdaa0b/lib/python3.6/contextlib.py", line 365, in __exit__
    if cb(*exc_details):
  File "/mnt/resource/hadoop/yarn/local/usercache/ninghai/appcache/application_1527512542584_0088/container_e25_1527512542584_0088_04_000001/azureml_40b348c4d7381beefb01312cdebdaa0b.zip/home/ninghai/.azureml/envs/azureml_40b348c4d7381beefb01312cdebdaa0b/lib/python3.6/contextlib.py", line 284, in _exit_wrapper
    return cm_exit(cm, *exc_details)
  File "/mnt/resource/hadoop/yarn/local/usercache/ninghai/appcache/application_1527512542584_0088/container_e25_1527512542584_0088_04_000001/azureml_40b348c4d7381beefb01312cdebdaa0b.zip/home/ninghai/.azureml/envs/azureml_40b348c4d7381beefb01312cdebdaa0b/lib/python3.6/site-packages/azureml/history/utils/context_managers.py", line 157, in __exit__
    self.run_tracker.upload_file(self.driver_log_name, self.user_log_path)
  File "/mnt/resource/hadoop/yarn/local/usercache/ninghai/appcache/application_1527512542584_0088/container_e25_1527512542584_0088_04_000001/azureml_40b348c4d7381beefb01312cdebdaa0b.zip/home/ninghai/.azureml/envs/azureml_40b348c4d7381beefb01312cdebdaa0b/lib/python3.6/site-packages/azureml/core/run.py", line 461, in upload_file
    return self._client.upload_file(name, path_or_stream)
  File "/mnt/resource/hadoop/yarn/local/usercache/ninghai/appcache/application_1527512542584_0088/container_e25_1527512542584_0088_04_000001/azureml_40b348c4d7381beefb01312cdebdaa0b.zip/home/ninghai/.azureml/envs/azureml_40b348c4d7381beefb01312cdebdaa0b/lib/python3.6/site-packages/azureml/_run_impl/artifacts_client.py", line 53, in upload_file
    assert(len(artifact_keys) == 1)
AssertionError

End of LogType:stdout

Container: container_e25_1527512542584_0088_05_000001 on 10.0.0.15_30050_1528219013949
LogAggregationType: AGGREGATED
======================================================================================
18/06/05 17:17:04 INFO compress.CodecPool: Got brand-new decompressor [.deflate]
LogType:stdout
Log Upload Time:Tue Jun 05 17:16:53 +0000 2018
LogLength:10731
Log Contents:
****************
Python version: 3.6.2 |Anaconda, Inc.| (default, Oct  5 2017, 07:59:26) 
[GCC 7.2.0]
Spark version: 2.1.0.2.6.0.2-76
****************
First 10 rows of Iris dataset:
+------------+-----------+------------+-----------+-----------+
|sepal-length|sepal-width|petal-length|petal-width|      class|
+------------+-----------+------------+-----------+-----------+
|         5.1|        3.5|         1.4|        0.2|Iris-setosa|
|         4.9|        3.0|         1.4|        0.2|Iris-setosa|
|         4.7|        3.2|         1.3|        0.2|Iris-setosa|
|         4.6|        3.1|         1.5|        0.2|Iris-setosa|
|         5.0|        3.6|         1.4|        0.2|Iris-setosa|
|         5.4|        3.9|         1.7|        0.4|Iris-setosa|
|         4.6|        3.4|         1.4|        0.3|Iris-setosa|
|         5.0|        3.4|         1.5|        0.2|Iris-setosa|
|         4.4|        2.9|         1.4|        0.2|Iris-setosa|
|         4.9|        3.1|         1.5|        0.1|Iris-setosa|
+------------+-----------+------------+-----------+-----------+
only showing top 10 rows

Load featurized dataset for machine learning...
+-----------------+-----+
|         features|label|
+-----------------+-----+
|[5.1,3.5,1.4,0.2]|  0.0|
|[4.9,3.0,1.4,0.2]|  0.0|
|[4.7,3.2,1.3,0.2]|  0.0|
|[4.6,3.1,1.5,0.2]|  0.0|
|[5.0,3.6,1.4,0.2]|  0.0|
|[5.4,3.9,1.7,0.4]|  0.0|
|[4.6,3.4,1.4,0.3]|  0.0|
|[5.0,3.4,1.5,0.2]|  0.0|
|[4.4,2.9,1.4,0.2]|  0.0|
|[4.9,3.1,1.5,0.1]|  0.0|
+-----------------+-----+
only showing top 10 rows

Prediction
+-----------------+-----+--------------------+--------------------+----------+
|         features|label|       rawPrediction|         probability|prediction|
+-----------------+-----+--------------------+--------------------+----------+
|[4.4,2.9,1.4,0.2]|  0.0|[5.65026981930662...|[0.95945869338983...|       0.0|
|[4.4,3.0,1.3,0.2]|  0.0|[5.99734978674504...|[0.97247835443599...|       0.0|
|[4.4,3.2,1.3,0.2]|  0.0|[6.49662276379960...|[0.98508996506543...|       0.0|
|[4.6,3.4,1.4,0.3]|  0.0|[6.43495582899195...|[0.98606865924608...|       0.0|
|[4.7,3.2,1.6,0.2]|  0.0|[5.83347722874096...|[0.96733302971210...|       0.0|
|[4.8,3.0,1.4,0.1]|  0.0|[5.62177254413449...|[0.94626354452128...|       0.0|
|[4.9,2.5,4.5,1.7]|  2.0|[-2.2313446559367...|[0.01728929170597...|       1.0|
|[4.9,3.1,1.5,0.1]|  0.0|[5.65036052097556...|[0.94852611238517...|       0.0|
|[4.9,3.1,1.5,0.1]|  0.0|[5.65036052097556...|[0.94852611238517...|       0.0|
|[5.0,2.3,3.3,1.0]|  1.0|[-0.1708963470263...|[0.08664586214037...|       1.0|
+-----------------+-----+--------------------+--------------------+----------+
only showing top 10 rows


#####################################
Regularization rate is 0.01
Accuracy is 0.9545454545454546
#####################################

The experiment completed successfully. Starting post-processing steps.
Traceback (most recent call last):
  File "context_manager_injector.py", line 72, in execute_with_context
    with open(complete_file_path, "a") as stream:
FileNotFoundError: [Errno 2] No such file or directory: '/mnt/resource/hadoop/yarn/local/usercache/ninghai/appcache/application_1527512542584_0088/container_e25_1527512542584_0088_05_000001/azureml-setup/complete'

Traceback (most recent call last):
  File "context_manager_injector.py", line 72, in execute_with_context
    with open(complete_file_path, "a") as stream:
FileNotFoundError: [Errno 2] No such file or directory: '/mnt/resource/hadoop/yarn/local/usercache/ninghai/appcache/application_1527512542584_0088/container_e25_1527512542584_0088_05_000001/azureml-setup/complete'

During handling of the above exception, another exception occurred:

Traceback (most recent call last):
  File "/mnt/resource/hadoop/yarn/local/usercache/ninghai/appcache/application_1527512542584_0088/container_e25_1527512542584_0088_05_000001/azureml_40b348c4d7381beefb01312cdebdaa0b.zip/home/ninghai/.azureml/envs/azureml_40b348c4d7381beefb01312cdebdaa0b/lib/python3.6/contextlib.py", line 365, in __exit__
    if cb(*exc_details):
  File "/mnt/resource/hadoop/yarn/local/usercache/ninghai/appcache/application_1527512542584_0088/container_e25_1527512542584_0088_05_000001/azureml_40b348c4d7381beefb01312cdebdaa0b.zip/home/ninghai/.azureml/envs/azureml_40b348c4d7381beefb01312cdebdaa0b/lib/python3.6/contextlib.py", line 284, in _exit_wrapper
    return cm_exit(cm, *exc_details)
  File "/mnt/resource/hadoop/yarn/local/usercache/ninghai/appcache/application_1527512542584_0088/container_e25_1527512542584_0088_05_000001/azureml_40b348c4d7381beefb01312cdebdaa0b.zip/home/ninghai/.azureml/envs/azureml_40b348c4d7381beefb01312cdebdaa0b/lib/python3.6/site-packages/azureml/history/utils/context_managers.py", line 141, in __exit__
    self.blacklist + [self.user_log_path])
  File "/mnt/resource/hadoop/yarn/local/usercache/ninghai/appcache/application_1527512542584_0088/container_e25_1527512542584_0088_05_000001/azureml_40b348c4d7381beefb01312cdebdaa0b.zip/home/ninghai/.azureml/envs/azureml_40b348c4d7381beefb01312cdebdaa0b/lib/python3.6/site-packages/azureml/history/utils/context_managers.py", line 87, in track
    fs.track(run_tracker, track_folders, blacklist)
  File "/mnt/resource/hadoop/yarn/local/usercache/ninghai/appcache/application_1527512542584_0088/container_e25_1527512542584_0088_05_000001/azureml_40b348c4d7381beefb01312cdebdaa0b.zip/home/ninghai/.azureml/envs/azureml_40b348c4d7381beefb01312cdebdaa0b/lib/python3.6/site-packages/azureml/history/utils/filesystem.py", line 130, in track
    self._upload_hdi_outputs(run_tracker)
  File "/mnt/resource/hadoop/yarn/local/usercache/ninghai/appcache/application_1527512542584_0088/container_e25_1527512542584_0088_05_000001/azureml_40b348c4d7381beefb01312cdebdaa0b.zip/home/ninghai/.azureml/envs/azureml_40b348c4d7381beefb01312cdebdaa0b/lib/python3.6/site-packages/azureml/history/utils/filesystem.py", line 154, in _upload_hdi_outputs
    container_sas = get_container_sas(wasburl)
  File "/mnt/resource/hadoop/yarn/local/usercache/ninghai/appcache/application_1527512542584_0088/container_e25_1527512542584_0088_05_000001/azureml_40b348c4d7381beefb01312cdebdaa0b.zip/home/ninghai/.azureml/envs/azureml_40b348c4d7381beefb01312cdebdaa0b/lib/python3.6/site-packages/azureml/history/utils/_hdi_wasb_utils.py", line 32, in get_container_sas
    from azure.storage.models import AccountPermissions
ModuleNotFoundError: No module named 'azure.storage.models'

During handling of the above exception, another exception occurred:

Traceback (most recent call last):
  File "context_manager_injector.py", line 111, in <module>
    execute_with_context(cm_objects, options.invocation)
  File "context_manager_injector.py", line 73, in execute_with_context
    print("Prehistory!", file=stream)
  File "/mnt/resource/hadoop/yarn/local/usercache/ninghai/appcache/application_1527512542584_0088/container_e25_1527512542584_0088_05_000001/azureml_40b348c4d7381beefb01312cdebdaa0b.zip/home/ninghai/.azureml/envs/azureml_40b348c4d7381beefb01312cdebdaa0b/lib/python3.6/contextlib.py", line 380, in __exit__
    raise exc_details[1]
  File "/mnt/resource/hadoop/yarn/local/usercache/ninghai/appcache/application_1527512542584_0088/container_e25_1527512542584_0088_05_000001/azureml_40b348c4d7381beefb01312cdebdaa0b.zip/home/ninghai/.azureml/envs/azureml_40b348c4d7381beefb01312cdebdaa0b/lib/python3.6/contextlib.py", line 365, in __exit__
    if cb(*exc_details):
  File "/mnt/resource/hadoop/yarn/local/usercache/ninghai/appcache/application_1527512542584_0088/container_e25_1527512542584_0088_05_000001/azureml_40b348c4d7381beefb01312cdebdaa0b.zip/home/ninghai/.azureml/envs/azureml_40b348c4d7381beefb01312cdebdaa0b/lib/python3.6/contextlib.py", line 284, in _exit_wrapper
    return cm_exit(cm, *exc_details)
  File "context_manager_injector.py", line 30, in __exit__
    self.context_manager.__exit__(*exc_details)
  File "/mnt/resource/hadoop/yarn/local/usercache/ninghai/appcache/application_1527512542584_0088/container_e25_1527512542584_0088_05_000001/context_managers.py", line 49, in __exit__
    self.history_context.__exit__(*args)
  File "/mnt/resource/hadoop/yarn/local/usercache/ninghai/appcache/application_1527512542584_0088/container_e25_1527512542584_0088_05_000001/azureml_40b348c4d7381beefb01312cdebdaa0b.zip/home/ninghai/.azureml/envs/azureml_40b348c4d7381beefb01312cdebdaa0b/lib/python3.6/site-packages/azureml/history/utils/context_managers.py", line 50, in __exit__
    self._exit_stack.__exit__(*args)
  File "/mnt/resource/hadoop/yarn/local/usercache/ninghai/appcache/application_1527512542584_0088/container_e25_1527512542584_0088_05_000001/azureml_40b348c4d7381beefb01312cdebdaa0b.zip/home/ninghai/.azureml/envs/azureml_40b348c4d7381beefb01312cdebdaa0b/lib/python3.6/contextlib.py", line 380, in __exit__
    raise exc_details[1]
  File "/mnt/resource/hadoop/yarn/local/usercache/ninghai/appcache/application_1527512542584_0088/container_e25_1527512542584_0088_05_000001/azureml_40b348c4d7381beefb01312cdebdaa0b.zip/home/ninghai/.azureml/envs/azureml_40b348c4d7381beefb01312cdebdaa0b/lib/python3.6/contextlib.py", line 365, in __exit__
    if cb(*exc_details):
  File "/mnt/resource/hadoop/yarn/local/usercache/ninghai/appcache/application_1527512542584_0088/container_e25_1527512542584_0088_05_000001/azureml_40b348c4d7381beefb01312cdebdaa0b.zip/home/ninghai/.azureml/envs/azureml_40b348c4d7381beefb01312cdebdaa0b/lib/python3.6/contextlib.py", line 284, in _exit_wrapper
    return cm_exit(cm, *exc_details)
  File "/mnt/resource/hadoop/yarn/local/usercache/ninghai/appcache/application_1527512542584_0088/container_e25_1527512542584_0088_05_000001/azureml_40b348c4d7381beefb01312cdebdaa0b.zip/home/ninghai/.azureml/envs/azureml_40b348c4d7381beefb01312cdebdaa0b/lib/python3.6/site-packages/azureml/history/utils/context_managers.py", line 157, in __exit__
    self.run_tracker.upload_file(self.driver_log_name, self.user_log_path)
  File "/mnt/resource/hadoop/yarn/local/usercache/ninghai/appcache/application_1527512542584_0088/container_e25_1527512542584_0088_05_000001/azureml_40b348c4d7381beefb01312cdebdaa0b.zip/home/ninghai/.azureml/envs/azureml_40b348c4d7381beefb01312cdebdaa0b/lib/python3.6/site-packages/azureml/core/run.py", line 461, in upload_file
    return self._client.upload_file(name, path_or_stream)
  File "/mnt/resource/hadoop/yarn/local/usercache/ninghai/appcache/application_1527512542584_0088/container_e25_1527512542584_0088_05_000001/azureml_40b348c4d7381beefb01312cdebdaa0b.zip/home/ninghai/.azureml/envs/azureml_40b348c4d7381beefb01312cdebdaa0b/lib/python3.6/site-packages/azureml/_run_impl/artifacts_client.py", line 53, in upload_file
    assert(len(artifact_keys) == 1)
AssertionError

End of LogType:stdout


Specified ALL for -am option. Printed logs for all am containers.

Execution Summary
=================
RunId: e2e-05_1528218598208

{'Regularization Rate': [0.01, 0.01, 0.01, 0.01, 0.01], 'Accuracy': [0.9090909090909091, 0.9583333333333334, 0.975609756097561, 0.925, 0.9545454545454546]}


##### 07.sklearn.hd.py (2018-06-05-13:17:24) ###########
Azure ML Core SDK Version: 0.1.0.1005480
Found config.json in: /data/git/hai/e2e_test/aml_config/config.json
Workspace details:
aml-notebooks haieastus2ws3 eastus2
/tmp/e2e-test/07 already exists, remove it.
/tmp/e2e-test/07
e2e-07
copy train-sklearn-one-model.py to the project folder.
create or load BatchAI compute cpucluster...
gpucluster BatchAI
cpucluster BatchAI
found compute target. just use it.
create generic estimator.

##################################################
Batch AI run...
##################################################

https://mlworkspace.azureml-test.net/home/%2Fsubscriptions%2Ffac34303-435d-4486-8c3f-7094d82a0b60%2FresourceGroups%2Faml-notebooks%2Fproviders%2FMicrosoft.MachineLearningServices%2Fworkspaces%2Fhaieastus2ws3/projects/e2e-07/run-history/run-details/e2e-07_1528219047521
RunId: e2e-07_1528219047521

Streaming azureml-logs/20_ice_log.txt
=====================================


Streaming azureml-logs/80_driver_log.txt
========================================

alpha value is: 0.1
Ridget model fitted.
Mean Squared Error is: 3372.6496278100326
The experiment completed successfully. Starting post-processing steps.

Execution Summary
=================
RunId: e2e-07_1528219047521

configure hyperdrive.

##################################################
Hyperdrive run on Batch AI...
##################################################

https://mlworkspace.azureml-test.net/home/%2Fsubscriptions%2Ffac34303-435d-4486-8c3f-7094d82a0b60%2FresourceGroups%2Faml-notebooks%2Fproviders%2FMicrosoft.MachineLearningServices%2Fworkspaces%2Fhaieastus2ws3/projects/e2e-07/run-history/run-details/e2e-07_1528219089626


##### 08.tf.hd.py (2018-06-05-13:18:14) ################
Azure ML Core SDK Version: 0.1.0.1005480
Found config.json in: /data/git/hai/e2e_test/aml_config/config.json
Workspace details:
aml-notebooks haieastus2ws3 eastus2
/tmp/e2e-test/08 already exists, remove it.
/tmp/e2e-test/08
e2e-08
copy mnist_tf.py to the project folder.
create or load BatchAI compute gpucluster...
gpucluster BatchAI
found compute target. just use it.
create TensorFlow estimator.

##################################################
submitting mnist_tf.py for a Batch AI run...
##################################################

https://mlworkspace.azureml-test.net/home/%2Fsubscriptions%2Ffac34303-435d-4486-8c3f-7094d82a0b60%2FresourceGroups%2Faml-notebooks%2Fproviders%2FMicrosoft.MachineLearningServices%2Fworkspaces%2Fhaieastus2ws3/projects/e2e-08/run-history/run-details/e2e-08_1528219098686
RunId: e2e-08_1528219098686

Streaming azureml-logs/20_ice_log.txt
=====================================


Streaming azureml-logs/80_driver_log.txt
========================================

Using Spark's default log4j profile: org/apache/spark/log4j-defaults.properties
Setting default log level to "WARN".
To adjust logging level use sc.setLogLevel(newLevel). For SparkR, use setLogLevel(newLevel).
18/06/05 17:18:42 WARN NativeCodeLoader: Unable to load native-hadoop library for your platform... using builtin-java classes where applicable
/azureml-envs/azureml_a0f0a6059c823b2e567e8366d6dcecc5/lib/python3.6/importlib/_bootstrap.py:205: RuntimeWarning: compiletime version 3.5 of module 'tensorflow.python.framework.fast_tensor_util' does not match runtime version 3.6
  return f(*args, **kwds)
data path: /tmp
fetching MNIST data...
MNIST dataset downloaded.
MNIST dataset loaded in memory.
X:  (70000, 784)
y:  (70000,)
labels:  [0. 1. 2. 3. 4. 5. 6. 7. 8. 9.]
training a tensorflow model...
(55000, 784) (55000,)
batch_size: 50
n_batches: 1100
first layer neurons: 300
second layer neurons: 100
2018-06-05 17:18:48.222176: I tensorflow/core/platform/cpu_feature_guard.cc:137] Your CPU supports instructions that this TensorFlow binary was not compiled to use: SSE4.1 SSE4.2 AVX AVX2 FMA
2018-06-05 17:18:48.453081: I tensorflow/core/common_runtime/gpu/gpu_device.cc:1030] Found device 0 with properties: 
name: Tesla K80 major: 3 minor: 7 memoryClockRate(GHz): 0.8235
pciBusID: 2e03:00:00.0
totalMemory: 11.17GiB freeMemory: 11.09GiB
2018-06-05 17:18:48.453131: I tensorflow/core/common_runtime/gpu/gpu_device.cc:1120] Creating TensorFlow device (/device:GPU:0) -> (device: 0, name: Tesla K80, pci bus id: 2e03:00:00.0, compute capability: 3.7)
0 Train accuracy: 0.8957091 , Val accuracy; 0.90033334
1 Train accuracy: 0.9171636 , Val accuracy; 0.9184
2 Train accuracy: 0.92734545 , Val accuracy; 0.9258
3 Train accuracy: 0.9366182 , Val accuracy; 0.9338
4 Train accuracy: 0.9406545 , Val accuracy; 0.9374667
5 Train accuracy: 0.94747275 , Val accuracy; 0.94386667
6 Train accuracy: 0.9518909 , Val accuracy; 0.94726664
7 Train accuracy: 0.9554545 , Val accuracy; 0.951
8 Train accuracy: 0.9590727 , Val accuracy; 0.95346665
9 Train accuracy: 0.9623455 , Val accuracy; 0.9562
10 Train accuracy: 0.96572727 , Val accuracy; 0.9590667
11 Train accuracy: 0.9681091 , Val accuracy; 0.95933336
12 Train accuracy: 0.96956366 , Val accuracy; 0.962
13 Train accuracy: 0.9715091 , Val accuracy; 0.96286666
14 Train accuracy: 0.97245455 , Val accuracy; 0.96386665
15 Train accuracy: 0.97418183 , Val accuracy; 0.96526664
16 Train accuracy: 0.9757818 , Val accuracy; 0.9669333
17 Train accuracy: 0.9773091 , Val accuracy; 0.9674
18 Train accuracy: 0.9786909 , Val accuracy; 0.9677333
19 Train accuracy: 0.9796364 , Val accuracy; 0.9686667
20 Train accuracy: 0.9813273 , Val accuracy; 0.9701333
21 Train accuracy: 0.9822 , Val accuracy; 0.9695333
22 Train accuracy: 0.98352724 , Val accuracy; 0.9705333
23 Train accuracy: 0.9836182 , Val accuracy; 0.97066665
24 Train accuracy: 0.98481816 , Val accuracy; 0.972
Overall accuracy: 0.972
Confusion matrix:
[[1408    0    3    0    1    6    9    3    6    5]
 [   1 1660    6    0    2    0    2    2    2    1]
 [   4    5 1457    4    1    0    5   11    8    2]
 [   2    2   20 1475    1   22    0    5   16    5]
 [   2    1    3    0 1396    0    3    4    4   21]
 [   8    4    4    7    2 1326   11    1   14   10]
 [   7    2    4    1    3    1 1477    1    4    0]
 [   0    3    6    4    5    1    2 1542    2    9]
 [   5   11    4   10    4    3    5    1 1434    6]
 [   4    2    2    6   15    3    0   15    8 1405]]
The experiment completed successfully. Starting post-processing steps.

Execution Summary
=================
RunId: e2e-08_1528219098686

configure hyperdrive.

##################################################
submitting mnist_tf.py for a hyperdrive run on Batch AI...
##################################################

https://mlworkspace.azureml-test.net/home/%2Fsubscriptions%2Ffac34303-435d-4486-8c3f-7094d82a0b60%2FresourceGroups%2Faml-notebooks%2Fproviders%2FMicrosoft.MachineLearningServices%2Fworkspaces%2Fhaieastus2ws3/projects/e2e-08/run-history/run-details/e2e-08_1528219219333


##### 10.o16n.py (2018-06-05-13:20:20) #################
Azure ML Core SDK Version: 0.1.0.1005480
Found config.json in: /data/git/hai/e2e_test/aml_config/config.json
Workspace details:
aml-notebooks haieastus2ws3 eastus2
Registering model mymodel
Name: mymodel 	Version: 54 	Description: Ridge regression model to predict diabetes ['diabetes', 'regression']
Name: mymodel 	Version: 53 	Description: Ridge regression model to predict diabetes ['diabetes', 'regression']
Name: mymodel 	Version: 52 	Description: Ridge regression model to predict diabetes ['diabetes', 'regression']
Name: mymodel 	Version: 51 	Description: Ridge regression model to predict diabetes ['diabetes', 'regression']
Name: mymodel 	Version: 50 	Description: Ridge regression model to predict diabetes ['diabetes', 'regression']
Name: mymodel 	Version: 49 	Description: Ridge regression model to predict diabetes ['diabetes', 'regression']
Name: mymodel 	Version: 48 	Description: Ridge regression model to predict diabetes ['diabetes', 'regression']
Name: mymodel 	Version: 47 	Description: Ridge regression model to predict diabetes ['diabetes', 'regression']
Name: mymodel 	Version: 46 	Description: Ridge regression model to predict diabetes ['diabetes', 'regression']
Name: mymodel 	Version: 45 	Description: Ridge regression model to predict diabetes ['diabetes', 'regression']
Name: mymodel 	Version: 44 	Description: Ridge regression model to predict diabetes ['diabetes', 'regression']
Name: mymodel 	Version: 43 	Description: Ridge regression model to predict diabetes ['diabetes', 'regression']
Name: mymodel 	Version: 42 	Description: Ridge regression model to predict diabetes ['diabetes', 'regression']
Name: mymodel 	Version: 41 	Description: Ridge regression model to predict diabetes ['diabetes', 'regression']
Name: mymodel 	Version: 40 	Description: Ridge regression model to predict diabetes ['diabetes', 'regression']
Name: mymodel 	Version: 39 	Description: Ridge regression model to predict diabetes ['diabetes', 'regression']
Name: mymodel 	Version: 38 	Description: Ridge regression model to predict diabetes ['diabetes', 'regression']
Name: mymodel 	Version: 37 	Description: Ridge regression model to predict diabetes ['diabetes', 'regression']
Name: mymodel 	Version: 36 	Description: Ridge regression model to predict diabetes ['diabetes', 'regression']
Name: mymodel 	Version: 35 	Description: Ridge regression model to predict diabetes ['diabetes', 'regression']
Name: mymodel 	Version: 34 	Description: Ridge regression model to predict diabetes ['diabetes', 'regression']
Name: mymodel 	Version: 33 	Description: Ridge regression model to predict diabetes ['diabetes', 'regression']
Name: mymodel 	Version: 32 	Description: Ridge regression model to predict diabetes ['diabetes', 'regression']
Name: mymodel 	Version: 31 	Description: Ridge regression model to predict diabetes ['diabetes', 'regression']
Name: mymodel 	Version: 30 	Description: Ridge regression model to predict diabetes ['diabetes', 'regression']
Name: mymodel 	Version: 29 	Description: Ridge regression model to predict diabetes ['diabetes', 'regression']
Name: mymodel 	Version: 28 	Description: Ridge regression model to predict diabetes ['diabetes', 'regression']
Name: mymodel 	Version: 27 	Description: Ridge regression model to predict diabetes ['diabetes', 'regression']
Name: mymodel 	Version: 26 	Description: Ridge regression model to predict diabetes ['diabetes', 'regression']
Ridge regression model to predict diabetes
Creating image
Running...................
SucceededImage creation operation finished for image myimage:27, operation "Succeeded"
myimage(v.27 [Succeeded]) stored at haieastuacrgghjerik.azurecr.io/myimage:27 with build log https://eastus2ice.blob.core.windows.net/logs/haieastuacrgghjerik15282192502423742.txt?sr=b&sig=FVjowPiJrajuVVAs0FQSTfrnliPEZeZQvm6ElpNBlsg%3D&sp=r&sv=2017-04-17&se=2018-07-05T17%3A22%3A05Z
myimage(v.26 [Failed]) stored at haieastuacrgghjerik.azurecr.io/myimage:26 with build log None
myimage(v.25 [Succeeded]) stored at haieastuacrgghjerik.azurecr.io/myimage:25 with build log https://eastus2ice.blob.core.windows.net/logs/haieastuacrgghjerik15282018096340042.txt?sv=2017-04-17&se=2018-07-05T12%3A32%3A22Z&sig=AsAYZZMlvrmAn8w%2ByBA3TifZHlWhxoG9mb6zFDakRE8%3D&sp=r&sr=b
myimage(v.24 [Failed]) stored at haieastuacrgghjerik.azurecr.io/myimage:24 with build log None
myimage(v.23 [Succeeded]) stored at haieastuacrgghjerik.azurecr.io/myimage:23 with build log https://eastus2ice.blob.core.windows.net/logs/haieastuacrgghjerik15281731961068630.txt?sv=2017-04-17&se=2018-07-05T04%3A34%3A57Z&sig=Y0riwnrnPBBm4h4QLj/k28NjKJ6WJiXI7TGDdtTmKMM%3D&sp=r&sr=b
myimage(v.22 [Failed]) stored at haieastuacrgghjerik.azurecr.io/myimage:22 with build log None
myimage(v.21 [Succeeded]) stored at haieastuacrgghjerik.azurecr.io/myimage:21 with build log https://eastus2ice.blob.core.windows.net/logs/haieastuacrgghjerik15281473593560272.txt?sig=s%2BVEkmo7ZHINrnxpUsHLMO02OjmRhsFLarkWMaBaPgw%3D&sv=2017-04-17&sp=r&sr=b&se=2018-07-04T21%3A24%3A21Z
Creating service
Already up-to-date.


###################################
########### END AT 2018-06-05-13:22:11
###################################
