Client-Request-ID=50c8e383-637e-11e8-9288-000d3a71b7c3 Retry policy did not allow for a retry: Server-Timestamp=Tue, 29 May 2018 20:24:41 GMT, Server-Request-ID=cb6fe153-e01e-0039-3b8b-f7deb5000000, HTTP status code=409, Exception=The specified container already exists.ErrorCode: ContainerAlreadyExists<?xml version="1.0" encoding="utf-8"?><Error><Code>ContainerAlreadyExists</Code><Message>The specified container already exists.RequestId:cb6fe153-e01e-0039-3b8b-f7deb5000000Time:2018-05-29T20:24:41.6248310Z</Message></Error>.
Client-Request-ID=5205cc10-637e-11e8-9288-000d3a71b7c3 Retry policy did not allow for a retry: Server-Timestamp=Tue, 29 May 2018 20:24:42 GMT, Server-Request-ID=99d33516-001e-000e-2f8b-f70c19000000, HTTP status code=409, Exception=The specified container already exists.ErrorCode: ContainerAlreadyExists<?xml version="1.0" encoding="utf-8"?><Error><Code>ContainerAlreadyExists</Code><Message>The specified container already exists.RequestId:99d33516-001e-000e-2f8b-f70c19000000Time:2018-05-29T20:24:42.9003472Z</Message></Error>.
Client-Request-ID=5205cc12-637e-11e8-9288-000d3a71b7c3 Retry policy did not allow for a retry: Server-Timestamp=Tue, 29 May 2018 20:24:42 GMT, Server-Request-ID=5e434a27-601e-0037-2b8b-f7f705000000, HTTP status code=409, Exception=The specified container already exists.ErrorCode: ContainerAlreadyExists<?xml version="1.0" encoding="utf-8"?><Error><Code>ContainerAlreadyExists</Code><Message>The specified container already exists.RequestId:5e434a27-601e-0037-2b8b-f7f705000000Time:2018-05-29T20:24:43.0569754Z</Message></Error>.
Client-Request-ID=5205cc14-637e-11e8-9288-000d3a71b7c3 Retry policy did not allow for a retry: Server-Timestamp=Tue, 29 May 2018 20:24:42 GMT, Server-Request-ID=d08806de-301e-0067-2c8b-f73555000000, HTTP status code=409, Exception=The specified container already exists.ErrorCode: ContainerAlreadyExists<?xml version="1.0" encoding="utf-8"?><Error><Code>ContainerAlreadyExists</Code><Message>The specified container already exists.RequestId:d08806de-301e-0067-2c8b-f73555000000Time:2018-05-29T20:24:43.2126014Z</Message></Error>.
Client-Request-ID=5205cc16-637e-11e8-9288-000d3a71b7c3 Retry policy did not allow for a retry: Server-Timestamp=Tue, 29 May 2018 20:24:43 GMT, Server-Request-ID=46b5f423-001e-0021-438b-f701d2000000, HTTP status code=409, Exception=The specified container already exists.ErrorCode: ContainerAlreadyExists<?xml version="1.0" encoding="utf-8"?><Error><Code>ContainerAlreadyExists</Code><Message>The specified container already exists.RequestId:46b5f423-001e-0021-438b-f701d2000000Time:2018-05-29T20:24:43.3683154Z</Message></Error>.
Traceback (most recent call last):
  File "/home/ninghai/miniconda3/envs/daily/lib/python3.6/site-packages/azureml/core/workspace.py", line 927, in deploy_webservice
    resp.raise_for_status()
  File "/home/ninghai/miniconda3/envs/daily/lib/python3.6/site-packages/requests/models.py", line 935, in raise_for_status
    raise HTTPError(http_error_msg, response=self)
requests.exceptions.HTTPError: 409 Client Error: Conflict for url: https://eastus2euap.modelmanagement.azureml.net/api/subscriptions/fac34303-435d-4486-8c3f-7094d82a0b60/resourceGroups/aml-notebooks/providers/Microsoft.MachineLearningServices/workspaces/haieastus2euapws/services?api-version=2018-03-01-preview

During handling of the above exception, another exception occurred:

Traceback (most recent call last):
  File "./01.interactive.e2e.py", line 142, in <module>
    driver = 'score.py')
  File "/home/ninghai/miniconda3/envs/daily/lib/python3.6/site-packages/azureml/core/workspace.py", line 934, in deploy_webservice
    'Content: {}'.format(resp.status_code, resp.headers, resp.content))
azureml.exceptions.azureml_exception.WebserviceException: Received bad response from Model Management Service:
Response Code: 409
Headers: {'Date': 'Tue, 29 May 2018 20:25:57 GMT', 'Content-Type': 'application/json', 'Transfer-Encoding': 'chunked', 'Connection': 'keep-alive', 'api-supported-versions': '2018-03-01-preview', 'x-ms-client-request-id': 'd8b4c3c26b8c4fb68f9fc18d9f2ad6eb', 'x-ms-client-session-id': '', 'Strict-Transport-Security': 'max-age=15724800; includeSubDomains; preload'}
Content: b'{"code":"Conflict","statusCode":409,"message":"Conflict","details":[{"code":"ServiceWithNameExists","message":"Workspace haieastus2euapws already contains a Service with name: rrs01"}]}'
Traceback (most recent call last):
  File "/home/ninghai/miniconda3/envs/daily/lib/python3.6/site-packages/urllib3/response.py", line 302, in _error_catcher
    yield
  File "/home/ninghai/miniconda3/envs/daily/lib/python3.6/site-packages/urllib3/response.py", line 380, in read
    data = self._fp.read()
  File "/home/ninghai/miniconda3/envs/daily/lib/python3.6/http/client.py", line 462, in read
    s = self._safe_read(self.length)
  File "/home/ninghai/miniconda3/envs/daily/lib/python3.6/http/client.py", line 614, in _safe_read
    raise IncompleteRead(b''.join(s), amt)
http.client.IncompleteRead: IncompleteRead(0 bytes read, 90 more expected)

During handling of the above exception, another exception occurred:

Traceback (most recent call last):
  File "./07.sklearn.hd.py", line 129, in <module>
    hr = search(hrc, "sklearn-hyperdrive")
  File "/home/ninghai/miniconda3/envs/daily/lib/python3.6/site-packages/azureml/train/hyperdrive/search.py", line 78, in search
    auth_header['Authorization'])
  File "/home/ninghai/miniconda3/envs/daily/lib/python3.6/site-packages/azureml/train/restclients/hyperdrive/apis/experiment_api.py", line 205, in create_experiment
    (data) = self.create_experiment_with_http_info(arm_scope, config, authorization, **kwargs)
  File "/home/ninghai/miniconda3/envs/daily/lib/python3.6/site-packages/azureml/train/restclients/hyperdrive/apis/experiment_api.py", line 295, in create_experiment_with_http_info
    _return_http_data_only=params.get('_return_http_data_only'))
  File "/home/ninghai/miniconda3/envs/daily/lib/python3.6/site-packages/azureml/train/restclients/hyperdrive/api_client.py", line 334, in call_api
    response_type, auth_settings, callback, _return_http_data_only)
  File "/home/ninghai/miniconda3/envs/daily/lib/python3.6/site-packages/azureml/train/restclients/hyperdrive/api_client.py", line 157, in __call_api
    post_params=post_params, body=body)
  File "/home/ninghai/miniconda3/envs/daily/lib/python3.6/site-packages/azureml/train/restclients/hyperdrive/api_client.py", line 370, in request
    body=body)
  File "/home/ninghai/miniconda3/envs/daily/lib/python3.6/site-packages/azureml/train/restclients/hyperdrive/rest.py", line 217, in POST
    body=body)
  File "/home/ninghai/miniconda3/envs/daily/lib/python3.6/site-packages/azureml/train/restclients/hyperdrive/rest.py", line 164, in request
    headers=headers)
  File "/home/ninghai/miniconda3/envs/daily/lib/python3.6/site-packages/urllib3/request.py", line 70, in request
    **urlopen_kw)
  File "/home/ninghai/miniconda3/envs/daily/lib/python3.6/site-packages/urllib3/request.py", line 148, in request_encode_body
    return self.urlopen(method, url, **extra_kw)
  File "/home/ninghai/miniconda3/envs/daily/lib/python3.6/site-packages/urllib3/poolmanager.py", line 321, in urlopen
    response = conn.urlopen(method, u.request_uri, **kw)
  File "/home/ninghai/miniconda3/envs/daily/lib/python3.6/site-packages/urllib3/connectionpool.py", line 639, in urlopen
    _stacktrace=sys.exc_info()[2])
  File "/home/ninghai/miniconda3/envs/daily/lib/python3.6/site-packages/urllib3/util/retry.py", line 357, in increment
    raise six.reraise(type(error), error, _stacktrace)
  File "/home/ninghai/miniconda3/envs/daily/lib/python3.6/site-packages/urllib3/packages/six.py", line 686, in reraise
    raise value
  File "/home/ninghai/miniconda3/envs/daily/lib/python3.6/site-packages/urllib3/connectionpool.py", line 617, in urlopen
    **response_kw)
  File "/home/ninghai/miniconda3/envs/daily/lib/python3.6/site-packages/urllib3/response.py", line 467, in from_httplib
    **response_kw)
  File "/home/ninghai/miniconda3/envs/daily/lib/python3.6/site-packages/urllib3/response.py", line 159, in __init__
    self._body = self.read(decode_content=decode_content)
  File "/home/ninghai/miniconda3/envs/daily/lib/python3.6/site-packages/urllib3/response.py", line 401, in read
    raise IncompleteRead(self._fp_bytes_read, self.length_remaining)
  File "/home/ninghai/miniconda3/envs/daily/lib/python3.6/contextlib.py", line 99, in __exit__
    self.gen.throw(type, value, traceback)
  File "/home/ninghai/miniconda3/envs/daily/lib/python3.6/site-packages/urllib3/response.py", line 320, in _error_catcher
    raise ProtocolError('Connection broken: %r' % e, e)
urllib3.exceptions.ProtocolError: ('Connection broken: IncompleteRead(0 bytes read, 90 more expected)', IncompleteRead(0 bytes read, 90 more expected))
Traceback (most recent call last):
  File "/home/ninghai/miniconda3/envs/daily/lib/python3.6/site-packages/urllib3/response.py", line 302, in _error_catcher
    yield
  File "/home/ninghai/miniconda3/envs/daily/lib/python3.6/site-packages/urllib3/response.py", line 380, in read
    data = self._fp.read()
  File "/home/ninghai/miniconda3/envs/daily/lib/python3.6/http/client.py", line 462, in read
    s = self._safe_read(self.length)
  File "/home/ninghai/miniconda3/envs/daily/lib/python3.6/http/client.py", line 614, in _safe_read
    raise IncompleteRead(b''.join(s), amt)
http.client.IncompleteRead: IncompleteRead(0 bytes read, 90 more expected)

During handling of the above exception, another exception occurred:

Traceback (most recent call last):
  File "./08.tf.hd.py", line 134, in <module>
    hr = search(hrc, "sklearn-hyperdrive")
  File "/home/ninghai/miniconda3/envs/daily/lib/python3.6/site-packages/azureml/train/hyperdrive/search.py", line 78, in search
    auth_header['Authorization'])
  File "/home/ninghai/miniconda3/envs/daily/lib/python3.6/site-packages/azureml/train/restclients/hyperdrive/apis/experiment_api.py", line 205, in create_experiment
    (data) = self.create_experiment_with_http_info(arm_scope, config, authorization, **kwargs)
  File "/home/ninghai/miniconda3/envs/daily/lib/python3.6/site-packages/azureml/train/restclients/hyperdrive/apis/experiment_api.py", line 295, in create_experiment_with_http_info
    _return_http_data_only=params.get('_return_http_data_only'))
  File "/home/ninghai/miniconda3/envs/daily/lib/python3.6/site-packages/azureml/train/restclients/hyperdrive/api_client.py", line 334, in call_api
    response_type, auth_settings, callback, _return_http_data_only)
  File "/home/ninghai/miniconda3/envs/daily/lib/python3.6/site-packages/azureml/train/restclients/hyperdrive/api_client.py", line 157, in __call_api
    post_params=post_params, body=body)
  File "/home/ninghai/miniconda3/envs/daily/lib/python3.6/site-packages/azureml/train/restclients/hyperdrive/api_client.py", line 370, in request
    body=body)
  File "/home/ninghai/miniconda3/envs/daily/lib/python3.6/site-packages/azureml/train/restclients/hyperdrive/rest.py", line 217, in POST
    body=body)
  File "/home/ninghai/miniconda3/envs/daily/lib/python3.6/site-packages/azureml/train/restclients/hyperdrive/rest.py", line 164, in request
    headers=headers)
  File "/home/ninghai/miniconda3/envs/daily/lib/python3.6/site-packages/urllib3/request.py", line 70, in request
    **urlopen_kw)
  File "/home/ninghai/miniconda3/envs/daily/lib/python3.6/site-packages/urllib3/request.py", line 148, in request_encode_body
    return self.urlopen(method, url, **extra_kw)
  File "/home/ninghai/miniconda3/envs/daily/lib/python3.6/site-packages/urllib3/poolmanager.py", line 321, in urlopen
    response = conn.urlopen(method, u.request_uri, **kw)
  File "/home/ninghai/miniconda3/envs/daily/lib/python3.6/site-packages/urllib3/connectionpool.py", line 639, in urlopen
    _stacktrace=sys.exc_info()[2])
  File "/home/ninghai/miniconda3/envs/daily/lib/python3.6/site-packages/urllib3/util/retry.py", line 357, in increment
    raise six.reraise(type(error), error, _stacktrace)
  File "/home/ninghai/miniconda3/envs/daily/lib/python3.6/site-packages/urllib3/packages/six.py", line 686, in reraise
    raise value
  File "/home/ninghai/miniconda3/envs/daily/lib/python3.6/site-packages/urllib3/connectionpool.py", line 617, in urlopen
    **response_kw)
  File "/home/ninghai/miniconda3/envs/daily/lib/python3.6/site-packages/urllib3/response.py", line 467, in from_httplib
    **response_kw)
  File "/home/ninghai/miniconda3/envs/daily/lib/python3.6/site-packages/urllib3/response.py", line 159, in __init__
    self._body = self.read(decode_content=decode_content)
  File "/home/ninghai/miniconda3/envs/daily/lib/python3.6/site-packages/urllib3/response.py", line 401, in read
    raise IncompleteRead(self._fp_bytes_read, self.length_remaining)
  File "/home/ninghai/miniconda3/envs/daily/lib/python3.6/contextlib.py", line 99, in __exit__
    self.gen.throw(type, value, traceback)
  File "/home/ninghai/miniconda3/envs/daily/lib/python3.6/site-packages/urllib3/response.py", line 320, in _error_catcher
    raise ProtocolError('Connection broken: %r' % e, e)
urllib3.exceptions.ProtocolError: ('Connection broken: IncompleteRead(0 bytes read, 90 more expected)', IncompleteRead(0 bytes read, 90 more expected))
Client-Request-ID=48a6fa18-6383-11e8-9288-000d3a71b7c3 Retry policy did not allow for a retry: Server-Timestamp=Tue, 29 May 2018 21:00:14 GMT, Server-Request-ID=1375dee6-a01e-0007-2490-f749ca000000, HTTP status code=409, Exception=The specified container already exists.ErrorCode: ContainerAlreadyExists<?xml version="1.0" encoding="utf-8"?><Error><Code>ContainerAlreadyExists</Code><Message>The specified container already exists.RequestId:1375dee6-a01e-0007-2490-f749ca000000Time:2018-05-29T21:00:14.6971885Z</Message></Error>.
Client-Request-ID=48a6fa1a-6383-11e8-9288-000d3a71b7c3 Retry policy did not allow for a retry: Server-Timestamp=Tue, 29 May 2018 21:00:15 GMT, Server-Request-ID=7ccf4b01-b01e-0034-6890-f71661000000, HTTP status code=409, Exception=The specified container already exists.ErrorCode: ContainerAlreadyExists<?xml version="1.0" encoding="utf-8"?><Error><Code>ContainerAlreadyExists</Code><Message>The specified container already exists.RequestId:7ccf4b01-b01e-0034-6890-f71661000000Time:2018-05-29T21:00:16.0875515Z</Message></Error>.
Client-Request-ID=4992e9b5-6383-11e8-9288-000d3a71b7c3 Retry policy did not allow for a retry: Server-Timestamp=Tue, 29 May 2018 21:00:16 GMT, Server-Request-ID=8d5a46c7-101e-0012-3390-f75e79000000, HTTP status code=409, Exception=The specified container already exists.ErrorCode: ContainerAlreadyExists<?xml version="1.0" encoding="utf-8"?><Error><Code>ContainerAlreadyExists</Code><Message>The specified container already exists.RequestId:8d5a46c7-101e-0012-3390-f75e79000000Time:2018-05-29T21:00:16.2377498Z</Message></Error>.
Client-Request-ID=4992e9b7-6383-11e8-9288-000d3a71b7c3 Retry policy did not allow for a retry: Server-Timestamp=Tue, 29 May 2018 21:00:16 GMT, Server-Request-ID=130f944c-501e-003c-1c90-f70c6e000000, HTTP status code=409, Exception=The specified container already exists.ErrorCode: ContainerAlreadyExists<?xml version="1.0" encoding="utf-8"?><Error><Code>ContainerAlreadyExists</Code><Message>The specified container already exists.RequestId:130f944c-501e-003c-1c90-f70c6e000000Time:2018-05-29T21:00:16.3825766Z</Message></Error>.
Client-Request-ID=4992e9b9-6383-11e8-9288-000d3a71b7c3 Retry policy did not allow for a retry: Server-Timestamp=Tue, 29 May 2018 21:00:16 GMT, Server-Request-ID=94e03112-901e-0041-2390-f77d4d000000, HTTP status code=409, Exception=The specified container already exists.ErrorCode: ContainerAlreadyExists<?xml version="1.0" encoding="utf-8"?><Error><Code>ContainerAlreadyExists</Code><Message>The specified container already exists.RequestId:94e03112-901e-0041-2390-f77d4d000000Time:2018-05-29T21:00:16.5485496Z</Message></Error>.
