###################################
START AT: 2018-05-27-23:56:38
###################################


##### 01.interactive.e2e.py ######
Client-Request-ID=3f63df1b-622b-11e8-9288-000d3a71b7c3 Retry policy did not allow for a retry: Server-Timestamp=Mon, 28 May 2018 03:57:31 GMT, Server-Request-ID=235e8cfe-901e-00b8-6938-f6b6c2000000, HTTP status code=409, Exception=The specified container already exists.ErrorCode: ContainerAlreadyExists<?xml version="1.0" encoding="utf-8"?><Error><Code>ContainerAlreadyExists</Code><Message>The specified container already exists.RequestId:235e8cfe-901e-00b8-6938-f6b6c2000000Time:2018-05-28T03:57:32.7843459Z</Message></Error>.
Client-Request-ID=3f63df1d-622b-11e8-9288-000d3a71b7c3 Retry policy did not allow for a retry: Server-Timestamp=Mon, 28 May 2018 03:57:32 GMT, Server-Request-ID=b343f5af-f01e-00c5-6638-f62a0a000000, HTTP status code=409, Exception=The specified container already exists.ErrorCode: ContainerAlreadyExists<?xml version="1.0" encoding="utf-8"?><Error><Code>ContainerAlreadyExists</Code><Message>The specified container already exists.RequestId:b343f5af-f01e-00c5-6638-f62a0a000000Time:2018-05-28T03:57:33.2959845Z</Message></Error>.
Client-Request-ID=3f63df1f-622b-11e8-9288-000d3a71b7c3 Retry policy did not allow for a retry: Server-Timestamp=Mon, 28 May 2018 03:57:32 GMT, Server-Request-ID=58a35e0b-b01e-0086-4138-f600e3000000, HTTP status code=409, Exception=The specified container already exists.ErrorCode: ContainerAlreadyExists<?xml version="1.0" encoding="utf-8"?><Error><Code>ContainerAlreadyExists</Code><Message>The specified container already exists.RequestId:58a35e0b-b01e-0086-4138-f600e3000000Time:2018-05-28T03:57:33.4557335Z</Message></Error>.
Client-Request-ID=3f63df21-622b-11e8-9288-000d3a71b7c3 Retry policy did not allow for a retry: Server-Timestamp=Mon, 28 May 2018 03:57:33 GMT, Server-Request-ID=ec3d8cc5-201e-000b-7938-f64c45000000, HTTP status code=409, Exception=The specified container already exists.ErrorCode: ContainerAlreadyExists<?xml version="1.0" encoding="utf-8"?><Error><Code>ContainerAlreadyExists</Code><Message>The specified container already exists.RequestId:ec3d8cc5-201e-000b-7938-f64c45000000Time:2018-05-28T03:57:33.6143070Z</Message></Error>.
Client-Request-ID=3f63df23-622b-11e8-9288-000d3a71b7c3 Retry policy did not allow for a retry: Server-Timestamp=Mon, 28 May 2018 03:57:32 GMT, Server-Request-ID=b229c573-101e-0008-5838-f64f42000000, HTTP status code=409, Exception=The specified container already exists.ErrorCode: ContainerAlreadyExists<?xml version="1.0" encoding="utf-8"?><Error><Code>ContainerAlreadyExists</Code><Message>The specified container already exists.RequestId:b229c573-101e-0008-5838-f64f42000000Time:2018-05-28T03:57:33.7742448Z</Message></Error>.
Azure ML Core SDK Version: 0.1.0.972625
Found config.json in: /data/git/ViennaTest/results/2018-05-27-23-56-20-EDT/scripts/aml_config/config.json
Workspace details:
aml-notebooks haieastus2ws3 eastus2
start sequential parameter sweep...

try alpha value of 0.0
try alpha value of 0.05
try alpha value of 0.1
try alpha value of 0.15000000000000002
try alpha value of 0.2
try alpha value of 0.25
try alpha value of 0.30000000000000004
try alpha value of 0.35000000000000003
try alpha value of 0.4
try alpha value of 0.45
try alpha value of 0.5
try alpha value of 0.55
try alpha value of 0.6000000000000001
try alpha value of 0.65
try alpha value of 0.7000000000000001
try alpha value of 0.75
try alpha value of 0.8
try alpha value of 0.8500000000000001
try alpha value of 0.9
try alpha value of 0.9500000000000001
Find the best run.
Best run is: 3fec5b6e-16e8-44f5-8567-446eaf63797e
Metrics: {'alpha': 0.4, 'mse': 3295.741064355809, 'columns': ['age', 'gender', 'bmi', 'bp', 's1', 's2', 's3', 's4', 's5', 's6']}
Run history url:
https://mlworkspace.azureml-test.net/home/%2Fsubscriptions%2Ffac34303-435d-4486-8c3f-7094d82a0b60%2FresourceGroups%2Faml-notebooks%2Fproviders%2FMicrosoft.MachineLearningServices%2Fworkspaces%2Fhaieastus2ws3/projects/e2e-01/run-history/run-details/3fec5b6e-16e8-44f5-8567-446eaf63797e
plot mse_over_alpha.png
upload mse_over_alpha.png.
deploying to ACI...
Registering model: best_model.pkl
Creating image
Traceback (most recent call last):
  File "/home/ninghai/miniconda3/envs/daily/lib/python3.6/site-packages/azureml/core/workspace.py", line 1014, in create_image
    resp.raise_for_status()
  File "/home/ninghai/miniconda3/envs/daily/lib/python3.6/site-packages/requests/models.py", line 935, in raise_for_status
    raise HTTPError(http_error_msg, response=self)
requests.exceptions.HTTPError: 404 Client Error: Not Found for url: https://eastus2.modelmanagement.azureml.net/api/subscriptions/fac34303-435d-4486-8c3f-7094d82a0b60/resourceGroups/aml-notebooks/providers/Microsoft.MachineLearningServices/workspaces/haieastus2ws3/images?api-version=2018-03-01-preview

During handling of the above exception, another exception occurred:

Traceback (most recent call last):
  File "./01.interactive.e2e.py", line 143, in <module>
    driver = 'score.py')
  File "/home/ninghai/miniconda3/envs/daily/lib/python3.6/site-packages/azureml/core/workspace.py", line 900, in deploy_webservice
    enable_gpu, tags, description)
  File "/home/ninghai/miniconda3/envs/daily/lib/python3.6/site-packages/azureml/core/workspace.py", line 1021, in create_image
    'Content: {}'.format(resp.status_code, resp.headers, resp.content))
azureml.exceptions.azureml_exception.WebserviceException: Received bad response from Model Management Service:
Response Code: 404
Headers: {'Date': 'Mon, 28 May 2018 03:57:34 GMT', 'Content-Type': 'application/json', 'Transfer-Encoding': 'chunked', 'Connection': 'keep-alive', 'api-supported-versions': '2018-03-01-preview', 'x-ms-client-request-id': '8b6bd05960cb4ea7af83526bae4c8c09', 'x-ms-client-session-id': '', 'Strict-Transport-Security': 'max-age=15724800; includeSubDomains; preload', 'Content-Encoding': 'gzip'}
Content: b'{"code":"NotFound","statusCode":404,"message":"The specified resource was not found","details":[{"code":"NoSuchModelRegistered","message":"One ore more models are not registered in Account Subscription: fac34303-435d-4486-8c3f-7094d82a0b60, ResourceGroup: aml-notebooks, Account: haieastus2ws3."}]}'


##### 02.lcoal.py ################
Azure ML Core SDK Version: 0.1.0.972625
Found config.json in: /data/git/ViennaTest/results/2018-05-27-23-56-20-EDT/scripts/aml_config/config.json
Workspace details:
aml-notebooks haieastus2ws3 eastus2
/tmp/e2e-test/02 already exists, remove it.
/tmp/e2e-test/02
e2e-02
copy train-sklearn.py to the project folder.
load run config

##################################################
submitting train-sklearn.py for a local run...
##################################################

https://mlworkspace.azureml-test.net/home/%2Fsubscriptions%2Ffac34303-435d-4486-8c3f-7094d82a0b60%2FresourceGroups%2Faml-notebooks%2Fproviders%2FMicrosoft.MachineLearningServices%2Fworkspaces%2Fhaieastus2ws3/projects/e2e-02/run-history/run-details/e2e-02_1527479856
RunId: e2e-02_1527479856

Streaming azureml-logs/60_control_log.txt
=========================================

Uploading experiment status to history service.
Adding run profile attachment azureml-logs/60_control_log.txt
Running: ['python', 'azureml-setup/run_script.py', 'python', 'azureml-setup/context_manager_injector.py', '-i', 'OutputCollection:context_managers.RunHistory', 'train-sklearn.py']
Logging experiment running status in history service.
Uploading experiment status to history service.
Adding run profile attachment azureml-logs/80_driver_log.txt

Streaming azureml-logs/80_driver_log.txt
========================================

alpha is 0.00, and mse is 3424.32
alpha is 0.05, and mse is 3408.92
alpha is 0.10, and mse is 3372.65
alpha is 0.15, and mse is 3345.15
alpha is 0.20, and mse is 3325.29
alpha is 0.25, and mse is 3311.56
alpha is 0.30, and mse is 3302.67
alpha is 0.35, and mse is 3297.66
alpha is 0.40, and mse is 3295.74
alpha is 0.45, and mse is 3296.32
alpha is 0.50, and mse is 3298.91
alpha is 0.55, and mse is 3303.14
alpha is 0.60, and mse is 3308.70
alpha is 0.65, and mse is 3315.36
alpha is 0.70, and mse is 3322.90
alpha is 0.75, and mse is 3331.17
alpha is 0.80, and mse is 3340.02
alpha is 0.85, and mse is 3349.36
alpha is 0.90, and mse is 3359.09
alpha is 0.95, and mse is 3369.13
The experiment completed successfully. Starting post-processing steps.

Execution Summary
=================
RunId: e2e-02_1527479856


##################################################
Submitting train-sklearn.py for a local conda run...
##################################################

https://mlworkspace.azureml-test.net/home/%2Fsubscriptions%2Ffac34303-435d-4486-8c3f-7094d82a0b60%2FresourceGroups%2Faml-notebooks%2Fproviders%2FMicrosoft.MachineLearningServices%2Fworkspaces%2Fhaieastus2ws3/projects/e2e-02/run-history/run-details/e2e-02_1527479871
RunId: e2e-02_1527479871

Streaming azureml-logs/60_control_log.txt
=========================================

Uploading experiment status to history service.
Adding run profile attachment azureml-logs/60_control_log.txt
Running: ['/home/ninghai/.azureml/envs/azureml_2a9900e538c4d66a9c044566e96aa6f1/bin/python', 'azureml-setup/run_script.py', '/home/ninghai/.azureml/envs/azureml_2a9900e538c4d66a9c044566e96aa6f1/bin/python', 'azureml-setup/context_manager_injector.py', '-i', 'OutputCollection:context_managers.RunHistory', 'train-sklearn.py']
Logging experiment running status in history service.
Uploading experiment status to history service.
Adding run profile attachment azureml-logs/80_driver_log.txt

Streaming azureml-logs/80_driver_log.txt
========================================

alpha is 0.00, and mse is 3424.32
alpha is 0.05, and mse is 3408.92
alpha is 0.10, and mse is 3372.65
alpha is 0.15, and mse is 3345.15
alpha is 0.20, and mse is 3325.29
alpha is 0.25, and mse is 3311.56
alpha is 0.30, and mse is 3302.67
alpha is 0.35, and mse is 3297.66
alpha is 0.40, and mse is 3295.74
alpha is 0.45, and mse is 3296.32
alpha is 0.50, and mse is 3298.91
alpha is 0.55, and mse is 3303.14
alpha is 0.60, and mse is 3308.70
alpha is 0.65, and mse is 3315.36
alpha is 0.70, and mse is 3322.90
alpha is 0.75, and mse is 3331.17
alpha is 0.80, and mse is 3340.02
alpha is 0.85, and mse is 3349.36
alpha is 0.90, and mse is 3359.09
alpha is 0.95, and mse is 3369.13
The experiment completed successfully. Starting post-processing steps.

Execution Summary
=================
RunId: e2e-02_1527479871

When alpha is 0.40, we have min MSE 3295.74.


##### 03.aci.py ##################
Azure ML Core SDK Version: 0.1.0.972625
Found config.json in: /data/git/ViennaTest/results/2018-05-27-23-56-20-EDT/scripts/aml_config/config.json
Workspace details:
aml-notebooks haieastus2ws3 eastus2
/tmp/e2e-test/03 already exists, remove it.
/tmp/e2e-test/03
e2e-03
copy train-sklearn.py to the project folder.

##################################################
ACI run...
##################################################

Create a run config object for ACI
base image is continuumio/miniconda3:4.4.10
submitting run...
https://mlworkspace.azureml-test.net/home/%2Fsubscriptions%2Ffac34303-435d-4486-8c3f-7094d82a0b60%2FresourceGroups%2Faml-notebooks%2Fproviders%2FMicrosoft.MachineLearningServices%2Fworkspaces%2Fhaieastus2ws3/projects/e2e-03/run-history/run-details/e2e-03_1527479888531
RunId: e2e-03_1527479888531

Streaming azureml-logs/20_ice_log.txt
=====================================


Streaming azureml-logs/80_driver_log.txt
========================================

alpha is 0.00, and mse is 3424.32
alpha is 0.05, and mse is 3408.92
alpha is 0.10, and mse is 3372.65
alpha is 0.15, and mse is 3345.15
alpha is 0.20, and mse is 3325.29
alpha is 0.25, and mse is 3311.56
alpha is 0.30, and mse is 3302.67
alpha is 0.35, and mse is 3297.66
alpha is 0.40, and mse is 3295.74
alpha is 0.45, and mse is 3296.32
alpha is 0.50, and mse is 3298.91
alpha is 0.55, and mse is 3303.14
alpha is 0.60, and mse is 3308.70
alpha is 0.65, and mse is 3315.36
alpha is 0.70, and mse is 3322.90
alpha is 0.75, and mse is 3331.17
alpha is 0.80, and mse is 3340.02
alpha is 0.85, and mse is 3349.36
alpha is 0.90, and mse is 3359.09
alpha is 0.95, and mse is 3369.13
The experiment completed successfully. Starting post-processing steps.

Execution Summary
=================
RunId: e2e-03_1527479888531

When alpha is 0.40, we have min MSE 3295.74.


##### 04.dsvm ####################
Azure ML Core SDK Version: 0.1.0.972625
Found config.json in: /data/git/ViennaTest/results/2018-05-27-23-56-20-EDT/scripts/aml_config/config.json
Workspace details:
aml-notebooks haieastus2ws3 eastus2
/tmp/e2e-test/04 already exists, remove it.
/tmp/e2e-test/04
e2e-04
copy train-sklearn.py to the project folder.

##################################################
Bare VM run
##################################################

Load the cpu-dsvm config from aml_config directory...
submit run...
https://mlworkspace.azureml-test.net/home/%2Fsubscriptions%2Ffac34303-435d-4486-8c3f-7094d82a0b60%2FresourceGroups%2Faml-notebooks%2Fproviders%2FMicrosoft.MachineLearningServices%2Fworkspaces%2Fhaieastus2ws3/projects/e2e-04/run-history/run-details/e2e-04_1527480258272
RunId: e2e-04_1527480258272

Streaming azureml-logs/60_control_log.txt
=========================================

Uploading experiment status to history service.
Adding run profile attachment azureml-logs/60_control_log.txt
Running: ['/anaconda/envs/myenv/bin/python', 'azureml-setup/run_script.py', '/anaconda/envs/myenv/bin/python', 'azureml-setup/context_manager_injector.py', '-i', 'OutputCollection:context_managers.RunHistory', 'train-sklearn.py']
Logging experiment running status in history service.
Uploading experiment status to history service.
Adding run profile attachment azureml-logs/80_driver_log.txt

Streaming azureml-logs/80_driver_log.txt
========================================

alpha is 0.00, and mse is 3424.32
alpha is 0.05, and mse is 3408.92
alpha is 0.10, and mse is 3372.65
alpha is 0.15, and mse is 3345.15
alpha is 0.20, and mse is 3325.29
alpha is 0.25, and mse is 3311.56
alpha is 0.30, and mse is 3302.67
alpha is 0.35, and mse is 3297.66
alpha is 0.40, and mse is 3295.74
alpha is 0.45, and mse is 3296.32
alpha is 0.50, and mse is 3298.91
alpha is 0.55, and mse is 3303.14
alpha is 0.60, and mse is 3308.70
alpha is 0.65, and mse is 3315.36
alpha is 0.70, and mse is 3322.90
alpha is 0.75, and mse is 3331.17
alpha is 0.80, and mse is 3340.02
alpha is 0.85, and mse is 3349.36
alpha is 0.90, and mse is 3359.09
alpha is 0.95, and mse is 3369.13
The experiment completed successfully. Starting post-processing steps.

Execution Summary
=================
RunId: e2e-04_1527480258272


##################################################
DSVM Docker run...
##################################################

Load cpu-dsvm run config and make it to use Docker.
Base Docker image is: continuumio/miniconda3:4.4.10
submitting run...
https://mlworkspace.azureml-test.net/home/%2Fsubscriptions%2Ffac34303-435d-4486-8c3f-7094d82a0b60%2FresourceGroups%2Faml-notebooks%2Fproviders%2FMicrosoft.MachineLearningServices%2Fworkspaces%2Fhaieastus2ws3/projects/e2e-04/run-history/run-details/e2e-04_1527480230432
RunId: e2e-04_1527480230432

Streaming azureml-logs/60_control_log.txt
=========================================

Uploading experiment status to history service.
Adding run profile attachment azureml-logs/60_control_log.txt
Logging experiment running status in history service.
Running: ['sudo', 'docker', 'run', '--name', 'e2e-04_1527480230432', '--rm', '-v', '/tmp/azureml_runs/e2e-04_1527480230432:/azureml-run', '-e', 'AZUREML_DOCKERFILE_PATH=azureml-setup/Dockerfile', '-e', 'AZUREML_CONDA_ENVIRONMENT_EXISTENCE_INDICATOR=$HOME/.azureml/locks/azureml_2a9900e538c4d66a9c044566e96aa6f1', '-e', 'AZUREML_CONDA_ENVIRONMENT_PATH=/azureml-envs/azureml_2a9900e538c4d66a9c044566e96aa6f1', '-e', 'AZUREML_CONDA_LOCK_PATH=$HOME/.azureml/locks/azureml_conda_lock', '-e', 'EXAMPLE_ENV_VAR=EXAMPLE_VALUE', '-e', 'AZUREML_CONTEXT_MANAGER_OUTPUTCOLLECTION=null', '-e', 'AZUREML_RUN_TOKEN_EXPIRY=1528085075', '-e', 'AZUREML_RUN_TOKEN=eyJhbGciOiJSUzI1NiIsImtpZCI6IjMwQTk2ODc3NzgyNDgwMEFFQTc3RTFGMzZBMzM0NTU4OUI0N0VDREIiLCJ0eXAiOiJKV1QifQ.eyJydW5pZCI6ImUyZS0wNF8xNTI3NDgwMjMwNDMyIiwicm9sZSI6IkNvbnRyaWJ1dG9yIiwic2NvcGUiOiIvc3Vic2NyaXB0aW9ucy9mYWMzNDMwMy00MzVkLTQ0ODYtOGMzZi03MDk0ZDgyYTBiNjAvcmVzb3VyY2VHcm91cHMvYW1sLW5vdGVib29rcy9wcm92aWRlcnMvTWljcm9zb2Z0Lk1hY2hpbmVMZWFybmluZ1NlcnZpY2VzL3dvcmtzcGFjZXMvaGFpZWFzdHVzMndzMyIsImFjY291bnRpZCI6IjViM2RmZjkxLWEwM2ItNDcyZC1iZjVmLTdhNTU3Mjk5ZmEwZSIsIndvcmtzcGFjZUlkIjoiNWIzZGZmOTEtYTAzYi00NzJkLWJmNWYtN2E1NTcyOTlmYTBlIiwicHJvamVjdGlkIjoiOGMxOTI2ZTktOWUwYy00MzFmLTg4MTMtOTE0ZmY4NWYzMGYxIiwiZGlzY292ZXJ5IjoiaHR0cHM6Ly9lYXN0dXMyLmV4cGVyaW1lbnRzLmF6dXJlbWwubmV0L2Rpc2NvdmVyeSIsInRpZCI6IjcyZjk4OGJmLTg2ZjEtNDFhZi05MWFiLTJkN2NkMDExZGI0NyIsIm9pZCI6ImZiN2QyYmJmLTJjNTQtNDZkNy04Nzc1LTdlMzE4NjQ0ZGQ2YiIsImV4cCI6MTUyODA4NTA3NSwiaXNzIjoiYXp1cmVtbCIsImF1ZCI6ImF6dXJlbWwifQ.i9Xohkv2aYBAaNrMWMy9o7simTtHxNDbyvDl8S3piLnW0tPdszWHEd3BhpVG3trN3oLYTmSIrxT9DNUjjcXaKmsGE-Ib5ywFJ03Or-yXn50Pf1PGPcUeRdZH5a3BOAX9_hIFzshPZM4Vdp8QTg1ii9J9gN849QgDMpC5UxKrg9dpG27Z1qmBlvAHNIXwxkT8ISmb8y5JvfEBILgl5O3xPpjPn70bBgtSnqN2kE8jZdMLD1KawCFQPILeHHa3Osz725ZP1Ua11bj1DBIynw9hOR8qLoGS65Fb72hBMbsoLRC_X-z400-0VYLdB1ayi86jvpoVgO175JwXWfa8NCtX_A', '-e', 'PYTHONUNBUFFERED=True', '-e', 'AZUREML_ARM_PROJECT_NAME=e2e-04', '-e', 'AZUREML_ARM_WORKSPACE_NAME=haieastus2ws3', '-e', 'AZUREML_ARM_SUBSCRIPTION=fac34303-435d-4486-8c3f-7094d82a0b60', '-e', 'AZUREML_ARM_RESOURCEGROUP=aml-notebooks', '-e', 'AZUREML_ARM_SCOPE=/subscriptions/fac34303-435d-4486-8c3f-7094d82a0b60/resourceGroups/aml-notebooks/providers/Microsoft.MachineLearningServices/workspaces/haieastus2ws3/projects/e2e-04', '-e', 'AZUREML_DISCOVERY_SERVICE_ENDPOINT=https://eastus2.experiments.azureml.net/discovery', '-e', 'AZUREML_SERVICE_ENDPOINT=https://eastus2.experiments.azureml.net', '-e', 'AZUREML_RUN_CONFIGURATION=azureml-setup/mutated_run_configuration.yml', '-e', 'AZUREML_INSTRUMENTATION_KEY=c684677d-b3a0-4709-a00e-78e5b31cfafa', '-e', 'AZUREML_DRIVERLOG_PATH=azureml-logs/driver_log.txt', '-e', 'AZUREML_CONTROLLOG_PATH=azureml-logs/control_log.txt', '-e', 'AZUREML_LOGDIRECTORY_PATH=azureml-logs/', '-e', 'AZUREML_COMPLETEFILE_PATH=azureml-setup/complete', '-e', 'AZUREML_PIDFILE_PATH=azureml-setup/pid.txt', '-e', 'AZUREML_RUN_ID=e2e-04_1527480230432', 'azureml/azureml_4bbfede4df844acbba1732fe0369fe2a', '/bin/bash', '-c', '"/azureml-envs/azureml_2a9900e538c4d66a9c044566e96aa6f1/bin/python" "azureml-setup/run_script.py" "/azureml-envs/azureml_2a9900e538c4d66a9c044566e96aa6f1/bin/python" "azureml-setup/context_manager_injector.py" "-i" "OutputCollection:context_managers.RunHistory" "train-sklearn.py"']
Uploading experiment status to history service.
Adding run profile attachment azureml-logs/80_driver_log.txt

Streaming azureml-logs/80_driver_log.txt
========================================

alpha is 0.00, and mse is 3424.32
alpha is 0.05, and mse is 3408.92
alpha is 0.10, and mse is 3372.65
alpha is 0.15, and mse is 3345.15
alpha is 0.20, and mse is 3325.29
alpha is 0.25, and mse is 3311.56
alpha is 0.30, and mse is 3302.67
alpha is 0.35, and mse is 3297.66
alpha is 0.40, and mse is 3295.74
alpha is 0.45, and mse is 3296.32
alpha is 0.50, and mse is 3298.91
alpha is 0.55, and mse is 3303.14
alpha is 0.60, and mse is 3308.70
alpha is 0.65, and mse is 3315.36
alpha is 0.70, and mse is 3322.90
alpha is 0.75, and mse is 3331.17
alpha is 0.80, and mse is 3340.02
alpha is 0.85, and mse is 3349.36
alpha is 0.90, and mse is 3359.09
alpha is 0.95, and mse is 3369.13
The experiment completed successfully. Starting post-processing steps.

Execution Summary
=================
RunId: e2e-04_1527480230432

load cpu-dsvm run config and make it use a custom Docker image.
base image: ninghai/azureml:0.3

##################################################
submitting train-sklearn.py for a Custom Docker run on VM...
##################################################

https://mlworkspace.azureml-test.net/home/%2Fsubscriptions%2Ffac34303-435d-4486-8c3f-7094d82a0b60%2FresourceGroups%2Faml-notebooks%2Fproviders%2FMicrosoft.MachineLearningServices%2Fworkspaces%2Fhaieastus2ws3/projects/e2e-04/run-history/run-details/e2e-04_1527480295883
RunId: e2e-04_1527480295883

Streaming azureml-logs/60_control_log.txt
=========================================

Uploading experiment status to history service.
Adding run profile attachment azureml-logs/60_control_log.txt
Logging experiment running status in history service.
Running: ['sudo', 'docker', 'run', '--name', 'e2e-04_1527480295883', '--rm', '-v', '/tmp/azureml_runs/e2e-04_1527480295883:/azureml-run', '-e', 'AZUREML_DOCKERFILE_PATH=azureml-setup/Dockerfile', '-e', 'AZUREML_CONDA_ENVIRONMENT_EXISTENCE_INDICATOR=$HOME/.azureml/locks/azureml_2a9900e538c4d66a9c044566e96aa6f1', '-e', 'AZUREML_CONDA_ENVIRONMENT_PATH=/azureml-envs/azureml_2a9900e538c4d66a9c044566e96aa6f1', '-e', 'AZUREML_CONDA_LOCK_PATH=$HOME/.azureml/locks/azureml_conda_lock', '-e', 'EXAMPLE_ENV_VAR=EXAMPLE_VALUE', '-e', 'AZUREML_CONTEXT_MANAGER_OUTPUTCOLLECTION=null', '-e', 'AZUREML_RUN_TOKEN_EXPIRY=1528085098', '-e', 'AZUREML_RUN_TOKEN=eyJhbGciOiJSUzI1NiIsImtpZCI6IjMwQTk2ODc3NzgyNDgwMEFFQTc3RTFGMzZBMzM0NTU4OUI0N0VDREIiLCJ0eXAiOiJKV1QifQ.eyJydW5pZCI6ImUyZS0wNF8xNTI3NDgwMjk1ODgzIiwicm9sZSI6IkNvbnRyaWJ1dG9yIiwic2NvcGUiOiIvc3Vic2NyaXB0aW9ucy9mYWMzNDMwMy00MzVkLTQ0ODYtOGMzZi03MDk0ZDgyYTBiNjAvcmVzb3VyY2VHcm91cHMvYW1sLW5vdGVib29rcy9wcm92aWRlcnMvTWljcm9zb2Z0Lk1hY2hpbmVMZWFybmluZ1NlcnZpY2VzL3dvcmtzcGFjZXMvaGFpZWFzdHVzMndzMyIsImFjY291bnRpZCI6IjViM2RmZjkxLWEwM2ItNDcyZC1iZjVmLTdhNTU3Mjk5ZmEwZSIsIndvcmtzcGFjZUlkIjoiNWIzZGZmOTEtYTAzYi00NzJkLWJmNWYtN2E1NTcyOTlmYTBlIiwicHJvamVjdGlkIjoiOGMxOTI2ZTktOWUwYy00MzFmLTg4MTMtOTE0ZmY4NWYzMGYxIiwiZGlzY292ZXJ5IjoiaHR0cHM6Ly9lYXN0dXMyLmV4cGVyaW1lbnRzLmF6dXJlbWwubmV0L2Rpc2NvdmVyeSIsInRpZCI6IjcyZjk4OGJmLTg2ZjEtNDFhZi05MWFiLTJkN2NkMDExZGI0NyIsIm9pZCI6ImZiN2QyYmJmLTJjNTQtNDZkNy04Nzc1LTdlMzE4NjQ0ZGQ2YiIsImV4cCI6MTUyODA4NTA5OCwiaXNzIjoiYXp1cmVtbCIsImF1ZCI6ImF6dXJlbWwifQ.Nwo3zuR1QrdAvqzylC00c5vXrzLqmlsUpRAF6SrckNQ7ZL2I2Vgnpz3lw6wD4TstLEQtu0OvtG9vkHtMDQF0EVg9OJpzluXBmWwbLJIQ3lHYebWm6dJWUDcmSgTx0cW5qukFTYQ1EcnV_dsqae9_ekYkwJCVSc-jnW8gfqnSLGbka7uH18NTQR27PU3pefzadjAuHX7ELx6yrk5SIp6Z7mT1m3w9rrD5NxpyBbWERxwLyeJpfWuZDlXs-mTW7faPcWTEammN6C59kjEJjkvcI_N2dXjxzoA-Ci01u-W3zv1RluVU4EVcrylb3AvD5QbvIVDo1Bkm9qD0V5AAF2Zxgw', '-e', 'PYTHONUNBUFFERED=True', '-e', 'AZUREML_ARM_PROJECT_NAME=e2e-04', '-e', 'AZUREML_ARM_WORKSPACE_NAME=haieastus2ws3', '-e', 'AZUREML_ARM_SUBSCRIPTION=fac34303-435d-4486-8c3f-7094d82a0b60', '-e', 'AZUREML_ARM_RESOURCEGROUP=aml-notebooks', '-e', 'AZUREML_ARM_SCOPE=/subscriptions/fac34303-435d-4486-8c3f-7094d82a0b60/resourceGroups/aml-notebooks/providers/Microsoft.MachineLearningServices/workspaces/haieastus2ws3/projects/e2e-04', '-e', 'AZUREML_DISCOVERY_SERVICE_ENDPOINT=https://eastus2.experiments.azureml.net/discovery', '-e', 'AZUREML_SERVICE_ENDPOINT=https://eastus2.experiments.azureml.net', '-e', 'AZUREML_RUN_CONFIGURATION=azureml-setup/mutated_run_configuration.yml', '-e', 'AZUREML_INSTRUMENTATION_KEY=c684677d-b3a0-4709-a00e-78e5b31cfafa', '-e', 'AZUREML_DRIVERLOG_PATH=azureml-logs/driver_log.txt', '-e', 'AZUREML_CONTROLLOG_PATH=azureml-logs/control_log.txt', '-e', 'AZUREML_LOGDIRECTORY_PATH=azureml-logs/', '-e', 'AZUREML_COMPLETEFILE_PATH=azureml-setup/complete', '-e', 'AZUREML_PIDFILE_PATH=azureml-setup/pid.txt', '-e', 'AZUREML_RUN_ID=e2e-04_1527480295883', 'azureml/azureml_5707273e4d4f8da6a3c3c494ed4d7d30', '/bin/bash', '-c', '"python" "azureml-setup/run_script.py" "python" "azureml-setup/context_manager_injector.py" "-i" "OutputCollection:context_managers.RunHistory" "train-sklearn.py"']
Uploading experiment status to history service.
Adding run profile attachment azureml-logs/80_driver_log.txt

Streaming azureml-logs/80_driver_log.txt
========================================

alpha is 0.00, and mse is 3424.32
alpha is 0.05, and mse is 3408.92
alpha is 0.10, and mse is 3372.65
alpha is 0.15, and mse is 3345.15
alpha is 0.20, and mse is 3325.29
alpha is 0.25, and mse is 3311.56
alpha is 0.30, and mse is 3302.67
alpha is 0.35, and mse is 3297.66
alpha is 0.40, and mse is 3295.74
alpha is 0.45, and mse is 3296.32
alpha is 0.50, and mse is 3298.91
alpha is 0.55, and mse is 3303.14
alpha is 0.60, and mse is 3308.70
alpha is 0.65, and mse is 3315.36
alpha is 0.70, and mse is 3322.90
alpha is 0.75, and mse is 3331.17
alpha is 0.80, and mse is 3340.02
alpha is 0.85, and mse is 3349.36
alpha is 0.90, and mse is 3359.09
alpha is 0.95, and mse is 3369.13
The experiment completed successfully. Starting post-processing steps.

Execution Summary
=================
RunId: e2e-04_1527480295883

When alpha is 0.40, we have min MSE 3295.74.


##### 05.spark ###################
Azure ML Core SDK Version: 0.1.0.972625
Found config.json in: /data/git/ViennaTest/results/2018-05-27-23-56-20-EDT/scripts/aml_config/config.json
Workspace details:
aml-notebooks haieastus2ws3 eastus2
/tmp/e2e-test/05 already exists, remove it.
/tmp/e2e-test/05
e2e-05
copy train-spark.py and iris.csv to the project folder.
create an ACI run config.
base image is microsoft/mmlspark:0.12

##################################################
submitting train-spark.py for a Spark run on ACI...
##################################################

https://mlworkspace.azureml-test.net/home/%2Fsubscriptions%2Ffac34303-435d-4486-8c3f-7094d82a0b60%2FresourceGroups%2Faml-notebooks%2Fproviders%2FMicrosoft.MachineLearningServices%2Fworkspaces%2Fhaieastus2ws3/projects/e2e-05/run-history/run-details/e2e-05_1527480274952
RunId: e2e-05_1527480274952

Streaming azureml-logs/20_ice_log.txt
=====================================


Streaming azureml-logs/60_control_log.txt
=========================================

Uploading experiment status to history service.
Adding run profile attachment azureml-logs/80_driver_log.txt

Streaming azureml-logs/80_driver_log.txt
========================================

Using Spark's default log4j profile: org/apache/spark/log4j-defaults.properties
Setting default log level to "WARN".
To adjust logging level use sc.setLogLevel(newLevel). For SparkR, use setLogLevel(newLevel).
18/05/28 04:13:11 WARN NativeCodeLoader: Unable to load native-hadoop library for your platform... using builtin-java classes where applicable
****************
Python version: 3.6.2 |Anaconda, Inc.| (default, Oct  5 2017, 07:59:26) 
[GCC 7.2.0]
Spark version: 2.2.1
****************
First 10 rows of Iris dataset:
+------------+-----------+------------+-----------+-----------+
|sepal-length|sepal-width|petal-length|petal-width|      class|
+------------+-----------+------------+-----------+-----------+
|         5.1|        3.5|         1.4|        0.2|Iris-setosa|
|         4.9|        3.0|         1.4|        0.2|Iris-setosa|
|         4.7|        3.2|         1.3|        0.2|Iris-setosa|
|         4.6|        3.1|         1.5|        0.2|Iris-setosa|
|         5.0|        3.6|         1.4|        0.2|Iris-setosa|
|         5.4|        3.9|         1.7|        0.4|Iris-setosa|
|         4.6|        3.4|         1.4|        0.3|Iris-setosa|
|         5.0|        3.4|         1.5|        0.2|Iris-setosa|
|         4.4|        2.9|         1.4|        0.2|Iris-setosa|
|         4.9|        3.1|         1.5|        0.1|Iris-setosa|
+------------+-----------+------------+-----------+-----------+
only showing top 10 rows

Reading for machine learning
+-----------------+-----+
|         features|label|
+-----------------+-----+
|[5.1,3.5,1.4,0.2]|  0.0|
|[4.9,3.0,1.4,0.2]|  0.0|
|[4.7,3.2,1.3,0.2]|  0.0|
|[4.6,3.1,1.5,0.2]|  0.0|
|[5.0,3.6,1.4,0.2]|  0.0|
|[5.4,3.9,1.7,0.4]|  0.0|
|[4.6,3.4,1.4,0.3]|  0.0|
|[5.0,3.4,1.5,0.2]|  0.0|
|[4.4,2.9,1.4,0.2]|  0.0|
|[4.9,3.1,1.5,0.1]|  0.0|
+-----------------+-----+
only showing top 10 rows

18/05/28 04:13:34 WARN BLAS: Failed to load implementation from: com.github.fommil.netlib.NativeSystemBLAS
18/05/28 04:13:34 WARN BLAS: Failed to load implementation from: com.github.fommil.netlib.NativeRefBLAS
Prediction
+-----------------+-----+--------------------+--------------------+----------+
|         features|label|       rawPrediction|         probability|prediction|
+-----------------+-----+--------------------+--------------------+----------+
|[4.4,3.0,1.3,0.2]|  0.0|[6.03490254502105...|[0.98025979909655...|       0.0|
|[4.6,3.4,1.4,0.3]|  0.0|[6.25862936154134...|[0.98874059168361...|       0.0|
|[4.7,3.2,1.6,0.2]|  0.0|[5.73180365405509...|[0.97450409291293...|       0.0|
|[4.9,2.4,3.3,1.0]|  1.0|[0.61695036758235...|[0.19736109742567...|       1.0|
|[4.9,2.5,4.5,1.7]|  2.0|[-1.7401807481544...|[0.03431935648535...|       1.0|
|[4.9,3.1,1.5,0.1]|  0.0|[5.54989536946861...|[0.95852834084785...|       0.0|
|[5.0,2.0,3.5,1.0]|  1.0|[-0.5130203442812...|[0.05015778222699...|       1.0|
|[5.0,2.3,3.3,1.0]|  1.0|[0.27710585178471...|[0.13018768910325...|       1.0|
|[5.0,3.4,1.6,0.4]|  0.0|[5.30751857735308...|[0.96730041973722...|       0.0|
|[5.1,2.5,3.0,1.1]|  1.0|[0.61939109678899...|[0.19879115637565...|       1.0|
+-----------------+-----+--------------------+--------------------+----------+
only showing top 10 rows


#####################################
Regularization rate is 0.01
Accuracy is 0.9534883720930233
#####################################

The experiment completed successfully. Starting post-processing steps.

Execution Summary
=================
RunId: e2e-05_1527480274952

attach a VM target:
Load the cpu-dsvm config and make it run Spark:
base image is: microsoft/mmlspark:0.12

##################################################
submitting train-spark.py for a Spark run on Docker in VM...
##################################################

https://mlworkspace.azureml-test.net/home/%2Fsubscriptions%2Ffac34303-435d-4486-8c3f-7094d82a0b60%2FresourceGroups%2Faml-notebooks%2Fproviders%2FMicrosoft.MachineLearningServices%2Fworkspaces%2Fhaieastus2ws3/projects/e2e-05/run-history/run-details/e2e-05_1527480928157
RunId: e2e-05_1527480928157

Streaming azureml-logs/60_control_log.txt
=========================================

Uploading experiment status to history service.
Adding run profile attachment azureml-logs/60_control_log.txt
Logging experiment running status in history service.
Running: ['sudo', 'docker', 'run', '--name', 'e2e-05_1527480928157', '--rm', '-v', '/tmp/azureml_runs/e2e-05_1527480928157:/azureml-run', '-e', 'PYSPARK_PYTHON=/azureml-envs/azureml_40b348c4d7381beefb01312cdebdaa0b/bin/python', '-e', 'AZUREML_DOCKERFILE_PATH=azureml-setup/Dockerfile', '-e', 'AZUREML_CONDA_ENVIRONMENT_EXISTENCE_INDICATOR=$HOME/.azureml/locks/azureml_40b348c4d7381beefb01312cdebdaa0b', '-e', 'AZUREML_CONDA_ENVIRONMENT_PATH=/azureml-envs/azureml_40b348c4d7381beefb01312cdebdaa0b', '-e', 'AZUREML_CONDA_LOCK_PATH=$HOME/.azureml/locks/azureml_conda_lock', '-e', 'EXAMPLE_ENV_VAR=EXAMPLE_VALUE', '-e', 'AZUREML_CONTEXT_MANAGER_OUTPUTCOLLECTION=null', '-e', 'AZUREML_RUN_TOKEN_EXPIRY=1528085748', '-e', 'AZUREML_RUN_TOKEN=eyJhbGciOiJSUzI1NiIsImtpZCI6IjMwQTk2ODc3NzgyNDgwMEFFQTc3RTFGMzZBMzM0NTU4OUI0N0VDREIiLCJ0eXAiOiJKV1QifQ.eyJydW5pZCI6ImUyZS0wNV8xNTI3NDgwOTI4MTU3Iiwicm9sZSI6IkNvbnRyaWJ1dG9yIiwic2NvcGUiOiIvc3Vic2NyaXB0aW9ucy9mYWMzNDMwMy00MzVkLTQ0ODYtOGMzZi03MDk0ZDgyYTBiNjAvcmVzb3VyY2VHcm91cHMvYW1sLW5vdGVib29rcy9wcm92aWRlcnMvTWljcm9zb2Z0Lk1hY2hpbmVMZWFybmluZ1NlcnZpY2VzL3dvcmtzcGFjZXMvaGFpZWFzdHVzMndzMyIsImFjY291bnRpZCI6IjViM2RmZjkxLWEwM2ItNDcyZC1iZjVmLTdhNTU3Mjk5ZmEwZSIsIndvcmtzcGFjZUlkIjoiNWIzZGZmOTEtYTAzYi00NzJkLWJmNWYtN2E1NTcyOTlmYTBlIiwicHJvamVjdGlkIjoiYTFkZWViNjMtOThlYS00N2ZhLTkxMTQtODc3YTBiMDc3OTMxIiwiZGlzY292ZXJ5IjoiaHR0cHM6Ly9lYXN0dXMyLmV4cGVyaW1lbnRzLmF6dXJlbWwubmV0L2Rpc2NvdmVyeSIsInRpZCI6IjcyZjk4OGJmLTg2ZjEtNDFhZi05MWFiLTJkN2NkMDExZGI0NyIsIm9pZCI6ImZiN2QyYmJmLTJjNTQtNDZkNy04Nzc1LTdlMzE4NjQ0ZGQ2YiIsImV4cCI6MTUyODA4NTc0OCwiaXNzIjoiYXp1cmVtbCIsImF1ZCI6ImF6dXJlbWwifQ.Q7WQqKgUjWJJGONyT78amG_rdtP5CcQwFhE2YU_7UuodcM_dJm-GO2hcwzEJGoQX0WMLVCaw-CJKRWUDpzncb0nAEyjdGQTY-PWF9mAoT68NLRSSKhHAAFICufON8y6-kp0su2ck8Lwwh_grl6ezZa0_nPzEJ6WhakiuTTMrjuVlnnKz1UXgx8KQn4s5nROULPSVDmk9WnBWqttX9qyjuxD87eFnl7zyJTgZXBf1jZ_YYT2o2cM6wQsDwczhNHf6LkvHC7Lit9yZwxjg_v_B_n7y7P1NmTYG1X01lxkusJoTXcrJ2ZrErGeo3GB2LGcfmTI1llM3_7TXm3yax-D1Ng', '-e', 'PYTHONUNBUFFERED=True', '-e', 'AZUREML_ARM_PROJECT_NAME=e2e-05', '-e', 'AZUREML_ARM_WORKSPACE_NAME=haieastus2ws3', '-e', 'AZUREML_ARM_SUBSCRIPTION=fac34303-435d-4486-8c3f-7094d82a0b60', '-e', 'AZUREML_ARM_RESOURCEGROUP=aml-notebooks', '-e', 'AZUREML_ARM_SCOPE=/subscriptions/fac34303-435d-4486-8c3f-7094d82a0b60/resourceGroups/aml-notebooks/providers/Microsoft.MachineLearningServices/workspaces/haieastus2ws3/projects/e2e-05', '-e', 'AZUREML_DISCOVERY_SERVICE_ENDPOINT=https://eastus2.experiments.azureml.net/discovery', '-e', 'AZUREML_SERVICE_ENDPOINT=https://eastus2.experiments.azureml.net', '-e', 'AZUREML_RUN_CONFIGURATION=azureml-setup/mutated_run_configuration.yml', '-e', 'AZUREML_INSTRUMENTATION_KEY=c684677d-b3a0-4709-a00e-78e5b31cfafa', '-e', 'AZUREML_DRIVERLOG_PATH=azureml-logs/driver_log.txt', '-e', 'AZUREML_CONTROLLOG_PATH=azureml-logs/control_log.txt', '-e', 'AZUREML_LOGDIRECTORY_PATH=azureml-logs/', '-e', 'AZUREML_COMPLETEFILE_PATH=azureml-setup/complete', '-e', 'AZUREML_PIDFILE_PATH=azureml-setup/pid.txt', '-e', 'AZUREML_RUN_ID=e2e-05_1527480928157', 'azureml/azureml_2ed57bef1da71375bd881703708d5260', '/bin/bash', '-c', '"/azureml-envs/azureml_40b348c4d7381beefb01312cdebdaa0b/bin/python" "azureml-setup/run_script.py" "$SPARK_HOME/bin/spark-submit" "--repositories" "https://mmlspark.azureedge.net/maven,https://azuremldownloads.blob.core.windows.net/repo5qh91kdjs6" "--packages" "com.microsoft.ml.spark:mmlspark_2.11:0.12,com.microsoft:dprep_2.11:0.18.0,com.microsoft.sqlserver:mssql-jdbc:6.2.1.jre8" "--driver-java-options" "-Dlog4j.configuration=file:./azureml-setup/log4j.properties" "--conf" "spark.eventLog.enabled=true" "--conf" "spark.eventLog.dir=./azureml-logs" "azureml-setup/context_manager_injector.py" "-i" "OutputCollection:context_managers.RunHistory" "train-spark.py"']

Streaming azureml-logs/80_driver_log.txt
========================================

https://mmlspark.azureedge.net/maven added as a remote repository with the name: repo-1
https://azuremldownloads.blob.core.windows.net/repo5qh91kdjs6 added as a remote repository with the name: repo-2
Ivy Default Cache set to: /root/.ivy2/cache
The jars for the packages stored in: /root/.ivy2/jars
:: loading settings :: url = jar:file:/home/mmlspark/lib/spark/jars/ivy-2.4.0.jar!/org/apache/ivy/core/settings/ivysettings.xml
com.microsoft.ml.spark#mmlspark_2.11 added as a dependency
com.microsoft#dprep_2.11 added as a dependency
com.microsoft.sqlserver#mssql-jdbc added as a dependency
:: resolving dependencies :: org.apache.spark#spark-submit-parent;1.0
	confs: [default]
	found com.microsoft.ml.spark#mmlspark_2.11;0.12 in repo-1
	found io.spray#spray-json_2.11;1.3.2 in central
	found com.microsoft.cntk#cntk;2.4 in central
	found org.openpnp#opencv;3.2.0-1 in central
	found com.microsoft.ml.lightgbm#lightgbmlib;2.0.120 in central
	found com.microsoft#dprep_2.11;0.18.0 in repo-2
	found com.microsoft.programSynthesis#tText;4.1.0-preview2018010901 in repo-2
	found com.microsoft.programSynthesis#dsl;4.1.0-preview2018010901 in repo-2
	found com.microsoft.programSynthesis#sText;4.1.0-preview2018010901 in repo-2
	found com.microsoft.sqlserver#mssql-jdbc;6.2.1.jre8 in central
:: resolution report :: resolve 411ms :: artifacts dl 17ms
	:: modules in use:
	com.microsoft#dprep_2.11;0.18.0 from repo-2 in [default]
	com.microsoft.cntk#cntk;2.4 from central in [default]
	com.microsoft.ml.lightgbm#lightgbmlib;2.0.120 from central in [default]
	com.microsoft.ml.spark#mmlspark_2.11;0.12 from repo-1 in [default]
	com.microsoft.programSynthesis#dsl;4.1.0-preview2018010901 from repo-2 in [default]
	com.microsoft.programSynthesis#sText;4.1.0-preview2018010901 from repo-2 in [default]
	com.microsoft.programSynthesis#tText;4.1.0-preview2018010901 from repo-2 in [default]
	com.microsoft.sqlserver#mssql-jdbc;6.2.1.jre8 from central in [default]
	io.spray#spray-json_2.11;1.3.2 from central in [default]
	org.openpnp#opencv;3.2.0-1 from central in [default]
	---------------------------------------------------------------------
	|                  |            modules            ||   artifacts   |
	|       conf       | number| search|dwnlded|evicted|| number|dwnlded|
	---------------------------------------------------------------------
	|      default     |   10  |   0   |   0   |   0   ||   10  |   0   |
	---------------------------------------------------------------------
:: retrieving :: org.apache.spark#spark-submit-parent
	confs: [default]
	0 artifacts copied, 10 already retrieved (0kB/23ms)
****************
Python version: 3.6.2 |Anaconda, Inc.| (default, Oct  5 2017, 07:59:26) 
[GCC 7.2.0]
Spark version: 2.2.1
****************
First 10 rows of Iris dataset:
+------------+-----------+------------+-----------+-----------+
|sepal-length|sepal-width|petal-length|petal-width|      class|
+------------+-----------+------------+-----------+-----------+
|         5.1|        3.5|         1.4|        0.2|Iris-setosa|
|         4.9|        3.0|         1.4|        0.2|Iris-setosa|
|         4.7|        3.2|         1.3|        0.2|Iris-setosa|
|         4.6|        3.1|         1.5|        0.2|Iris-setosa|
|         5.0|        3.6|         1.4|        0.2|Iris-setosa|
|         5.4|        3.9|         1.7|        0.4|Iris-setosa|
|         4.6|        3.4|         1.4|        0.3|Iris-setosa|
|         5.0|        3.4|         1.5|        0.2|Iris-setosa|
|         4.4|        2.9|         1.4|        0.2|Iris-setosa|
|         4.9|        3.1|         1.5|        0.1|Iris-setosa|
+------------+-----------+------------+-----------+-----------+
only showing top 10 rows

Reading for machine learning
+-----------------+-----+
|         features|label|
+-----------------+-----+
|[5.1,3.5,1.4,0.2]|  0.0|
|[4.9,3.0,1.4,0.2]|  0.0|
|[4.7,3.2,1.3,0.2]|  0.0|
|[4.6,3.1,1.5,0.2]|  0.0|
|[5.0,3.6,1.4,0.2]|  0.0|
|[5.4,3.9,1.7,0.4]|  0.0|
|[4.6,3.4,1.4,0.3]|  0.0|
|[5.0,3.4,1.5,0.2]|  0.0|
|[4.4,2.9,1.4,0.2]|  0.0|
|[4.9,3.1,1.5,0.1]|  0.0|
+-----------------+-----+
only showing top 10 rows

Prediction
+-----------------+-----+--------------------+--------------------+----------+
|         features|label|       rawPrediction|         probability|prediction|
+-----------------+-----+--------------------+--------------------+----------+
|[4.3,3.0,1.1,0.1]|  0.0|[6.52733580081770...|[0.98014304278349...|       0.0|
|[4.4,3.2,1.3,0.2]|  0.0|[6.44576381938588...|[0.98224147173669...|       0.0|
|[4.6,3.4,1.4,0.3]|  0.0|[6.35149343036718...|[0.98274621593511...|       0.0|
|[4.8,3.0,1.4,0.3]|  0.0|[5.20135818989143...|[0.92702394660357...|       0.0|
|[4.8,3.4,1.9,0.2]|  0.0|[5.82511539201525...|[0.96883315633284...|       0.0|
|[4.9,3.1,1.5,0.1]|  0.0|[5.65157067966030...|[0.94594474656888...|       0.0|
|[4.9,3.1,1.5,0.1]|  0.0|[5.65157067966030...|[0.94594474656888...|       0.0|
|[5.0,3.0,1.6,0.2]|  0.0|[4.98376851781427...|[0.89869763696175...|       0.0|
|[5.0,3.4,1.6,0.4]|  0.0|[5.46359810267390...|[0.95574701676334...|       0.0|
|[5.0,3.5,1.6,0.6]|  0.0|[5.25426805169440...|[0.95635054945155...|       0.0|
+-----------------+-----+--------------------+--------------------+----------+
only showing top 10 rows


#####################################
Regularization rate is 0.01
Accuracy is 0.9821428571428571
#####################################

The experiment completed successfully. Starting post-processing steps.

Execution Summary
=================
RunId: e2e-05_1527480928157

attach HDI
Load HDI run config.

##################################################
submitting train-spark.py for a HDI run...
##################################################

https://mlworkspace.azureml-test.net/home/%2Fsubscriptions%2Ffac34303-435d-4486-8c3f-7094d82a0b60%2FresourceGroups%2Faml-notebooks%2Fproviders%2FMicrosoft.MachineLearningServices%2Fworkspaces%2Fhaieastus2ws3/projects/e2e-05/run-history/run-details/e2e-05_1527481004979
RunId: e2e-05_1527481004979

Streaming azureml-logs/60_control_log.txt
=========================================

Uploading experiment status to history service.
Adding run profile attachment azureml-logs/60_control_log.txt
  adding: iris.csv (deflated 82%)
  adding: azureml-logs/ (stored 0%)
  adding: azureml-logs/control_log.txt (deflated 12%)
  adding: train-spark.py (deflated 62%)
  adding: .amlignore (deflated 25%)
  adding: azureml-setup/ (stored 0%)
  adding: azureml-setup/interrupt_sender.py (deflated 57%)
  adding: azureml-setup/killable_subprocess.pyc (deflated 55%)
  adding: azureml-setup/conda_manager.pyc (deflated 50%)
  adding: azureml-setup/log4j.properties (deflated 56%)
  adding: azureml-setup/log_history_status.pyc (deflated 62%)
  adding: azureml-setup/spark_cache.py (deflated 20%)
  adding: azureml-setup/context_managers.py (deflated 64%)
  adding: azureml-setup/run_script.py (deflated 67%)
  adding: azureml-setup/conda_lock.pyc (deflated 52%)
  adding: azureml-setup/conda_manager.py (deflated 69%)
  adding: azureml-setup/context_manager_injector.py (deflated 59%)
  adding: azureml-setup/interrupt_sender.pyc (deflated 47%)
  adding: azureml-setup/mutated_run_configuration.yml (deflated 46%)
  adding: azureml-setup/conda_lock.py (deflated 54%)
  adding: azureml-setup/hdi_utilities.py (deflated 49%)
  adding: azureml-setup/project_fetcher.pyc (deflated 51%)
  adding: azureml-setup/hdi_utilities.pyc (deflated 47%)
  adding: azureml-setup/execution_timer.py (deflated 68%)
  adding: azureml-setup/execution_timer.pyc (deflated 63%)
  adding: azureml-setup/project_fetcher.py (deflated 62%)
  adding: azureml-setup/upload_artifacts.pyc (deflated 44%)
  adding: azureml-setup/hdi_control_script.py (deflated 64%)
  adding: azureml-setup/mutated_conda_dependencies.yml (deflated 29%)
  adding: azureml-setup/pid.txt (stored 0%)
  adding: azureml-setup/log_history_status.py (deflated 67%)
  adding: azureml-setup/killable_subprocess.py (deflated 68%)
  adding: azureml-setup/99brokenproxy (deflated 26%)
  adding: azureml-setup/prepare_environment.py (deflated 36%)
  adding: azureml-setup/upload_artifacts.py (deflated 60%)
  adding: azureml-setup/hdi_context_manager.py (deflated 56%)
  adding: aml_config/ (stored 0%)
  adding: aml_config/cpu-dsvm.runconfig (deflated 55%)
  adding: aml_config/myhdi.compute (deflated 12%)
  adding: aml_config/local.runconfig (deflated 56%)
  adding: aml_config/cpu-dsvm.compute (deflated 15%)
  adding: aml_config/myhdi.runconfig (deflated 55%)
  adding: aml_config/conda_dependencies.yml (deflated 49%)
  adding: aml_config/project.json (deflated 19%)
  adding: aml_config/docker.runconfig (deflated 56%)
  adding: assets/ (stored 0%)
Logging experiment running status in history service.
Running: ['/home/ninghai/.azureml/envs/azureml_40b348c4d7381beefb01312cdebdaa0b/bin/python', 'azureml-setup/run_script.py', '/usr/hdp/current/spark2-client/bin/spark-submit', '--repositories', 'https://mmlspark.azureedge.net/maven,https://azuremldownloads.blob.core.windows.net/repo5qh91kdjs6', '--packages', 'com.microsoft.ml.spark:mmlspark_2.11:0.12,com.microsoft:dprep_2.11:0.18.0,com.microsoft.sqlserver:mssql-jdbc:6.2.1.jre8', '--driver-java-options', '-Dlog4j.configuration=file:./code.zip/azureml-setup/log4j.properties', '--conf', 'spark.yarn.appMasterEnv.PYSPARK_PYTHON=./azureml_40b348c4d7381beefb01312cdebdaa0b.zip/home/ninghai/.azureml/envs/azureml_40b348c4d7381beefb01312cdebdaa0b/bin/python', '--conf', 'spark.yarn.appMasterEnv.AZUREML_RUN_ID=e2e-05_1527481004979', '--conf', 'spark.executorEnv.AZUREML_RUN_ID=e2e-05_1527481004979', '--conf', 'spark.yarn.appMasterEnv.AZUREML_PIDFILE_PATH=azureml-setup/pid.txt', '--conf', 'spark.executorEnv.AZUREML_PIDFILE_PATH=azureml-setup/pid.txt', '--conf', 'spark.yarn.appMasterEnv.AZUREML_COMPLETEFILE_PATH=azureml-setup/complete', '--conf', 'spark.executorEnv.AZUREML_COMPLETEFILE_PATH=azureml-setup/complete', '--conf', 'spark.yarn.appMasterEnv.AZUREML_LOGDIRECTORY_PATH=azureml-logs/', '--conf', 'spark.executorEnv.AZUREML_LOGDIRECTORY_PATH=azureml-logs/', '--conf', 'spark.yarn.appMasterEnv.AZUREML_CONTROLLOG_PATH=azureml-logs/control_log.txt', '--conf', 'spark.executorEnv.AZUREML_CONTROLLOG_PATH=azureml-logs/control_log.txt', '--conf', 'spark.yarn.appMasterEnv.AZUREML_DRIVERLOG_PATH=azureml-logs/driver_log.txt', '--conf', 'spark.executorEnv.AZUREML_DRIVERLOG_PATH=azureml-logs/driver_log.txt', '--conf', 'spark.yarn.appMasterEnv.AZUREML_INSTRUMENTATION_KEY=c684677d-b3a0-4709-a00e-78e5b31cfafa', '--conf', 'spark.executorEnv.AZUREML_INSTRUMENTATION_KEY=c684677d-b3a0-4709-a00e-78e5b31cfafa', '--conf', 'spark.yarn.appMasterEnv.AZUREML_RUN_CONFIGURATION=azureml-setup/mutated_run_configuration.yml', '--conf', 'spark.executorEnv.AZUREML_RUN_CONFIGURATION=azureml-setup/mutated_run_configuration.yml', '--conf', 'spark.yarn.appMasterEnv.AZUREML_SERVICE_ENDPOINT=https://eastus2.experiments.azureml.net', '--conf', 'spark.executorEnv.AZUREML_SERVICE_ENDPOINT=https://eastus2.experiments.azureml.net', '--conf', 'spark.yarn.appMasterEnv.AZUREML_DISCOVERY_SERVICE_ENDPOINT=https://eastus2.experiments.azureml.net/discovery', '--conf', 'spark.executorEnv.AZUREML_DISCOVERY_SERVICE_ENDPOINT=https://eastus2.experiments.azureml.net/discovery', '--conf', 'spark.yarn.appMasterEnv.AZUREML_ARM_SCOPE=/subscriptions/fac34303-435d-4486-8c3f-7094d82a0b60/resourceGroups/aml-notebooks/providers/Microsoft.MachineLearningServices/workspaces/haieastus2ws3/projects/e2e-05', '--conf', 'spark.executorEnv.AZUREML_ARM_SCOPE=/subscriptions/fac34303-435d-4486-8c3f-7094d82a0b60/resourceGroups/aml-notebooks/providers/Microsoft.MachineLearningServices/workspaces/haieastus2ws3/projects/e2e-05', '--conf', 'spark.yarn.appMasterEnv.AZUREML_ARM_RESOURCEGROUP=aml-notebooks', '--conf', 'spark.executorEnv.AZUREML_ARM_RESOURCEGROUP=aml-notebooks', '--conf', 'spark.yarn.appMasterEnv.AZUREML_ARM_SUBSCRIPTION=fac34303-435d-4486-8c3f-7094d82a0b60', '--conf', 'spark.executorEnv.AZUREML_ARM_SUBSCRIPTION=fac34303-435d-4486-8c3f-7094d82a0b60', '--conf', 'spark.yarn.appMasterEnv.AZUREML_ARM_ACCOUNT_NAME=', '--conf', 'spark.executorEnv.AZUREML_ARM_ACCOUNT_NAME=', '--conf', 'spark.yarn.appMasterEnv.AZUREML_ARM_WORKSPACE_NAME=haieastus2ws3', '--conf', 'spark.executorEnv.AZUREML_ARM_WORKSPACE_NAME=haieastus2ws3', '--conf', 'spark.yarn.appMasterEnv.AZUREML_ARM_PROJECT_NAME=e2e-05', '--conf', 'spark.executorEnv.AZUREML_ARM_PROJECT_NAME=e2e-05', '--conf', 'spark.yarn.appMasterEnv.PYTHONUNBUFFERED=True', '--conf', 'spark.executorEnv.PYTHONUNBUFFERED=True', '--conf', 'spark.yarn.appMasterEnv.AZUREML_RUN_TOKEN=eyJhbGciOiJSUzI1NiIsImtpZCI6IjMwQTk2ODc3NzgyNDgwMEFFQTc3RTFGMzZBMzM0NTU4OUI0N0VDREIiLCJ0eXAiOiJKV1QifQ.eyJydW5pZCI6ImUyZS0wNV8xNTI3NDgxMDA0OTc5Iiwicm9sZSI6IkNvbnRyaWJ1dG9yIiwic2NvcGUiOiIvc3Vic2NyaXB0aW9ucy9mYWMzNDMwMy00MzVkLTQ0ODYtOGMzZi03MDk0ZDgyYTBiNjAvcmVzb3VyY2VHcm91cHMvYW1sLW5vdGVib29rcy9wcm92aWRlcnMvTWljcm9zb2Z0Lk1hY2hpbmVMZWFybmluZ1NlcnZpY2VzL3dvcmtzcGFjZXMvaGFpZWFzdHVzMndzMyIsImFjY291bnRpZCI6IjViM2RmZjkxLWEwM2ItNDcyZC1iZjVmLTdhNTU3Mjk5ZmEwZSIsIndvcmtzcGFjZUlkIjoiNWIzZGZmOTEtYTAzYi00NzJkLWJmNWYtN2E1NTcyOTlmYTBlIiwicHJvamVjdGlkIjoiYTFkZWViNjMtOThlYS00N2ZhLTkxMTQtODc3YTBiMDc3OTMxIiwiZGlzY292ZXJ5IjoiaHR0cHM6Ly9lYXN0dXMyLmV4cGVyaW1lbnRzLmF6dXJlbWwubmV0L2Rpc2NvdmVyeSIsInRpZCI6IjcyZjk4OGJmLTg2ZjEtNDFhZi05MWFiLTJkN2NkMDExZGI0NyIsIm9pZCI6ImZiN2QyYmJmLTJjNTQtNDZkNy04Nzc1LTdlMzE4NjQ0ZGQ2YiIsImV4cCI6MTUyODA4NTgwNywiaXNzIjoiYXp1cmVtbCIsImF1ZCI6ImF6dXJlbWwifQ.q6rE6-IUU-w36aCcr7rqpqZVU7aukg0VXLHlqj4ge9oOG2ByJ68ejdNa9MkGzdiSa3aWQubwy0kQ9VpC6BsL30XQ9O_feZpFSf7ugFgYxuw_LtsCstRdxTFRAicVYERwT--9a9CypayeGzbg1Fid2zT9REH8PfiXc8RlQe37zv0t0CKnk0e8bBSbK1wyeCZX_Q8gQvE3ou5Lwdw4BYHRoUMgvqWgD7vx217HV69YUBy_lDFSUmo9EusZGkIXnJttaQSZwws2mC-SmMMSaIjTzlIdQrMHjM_LwKUCwrMRcgEjaYYCEk780FBOPIIEWEQyEpjYGGVe5O3Vyy1n1B68Jg', '--conf', 'spark.executorEnv.AZUREML_RUN_TOKEN=eyJhbGciOiJSUzI1NiIsImtpZCI6IjMwQTk2ODc3NzgyNDgwMEFFQTc3RTFGMzZBMzM0NTU4OUI0N0VDREIiLCJ0eXAiOiJKV1QifQ.eyJydW5pZCI6ImUyZS0wNV8xNTI3NDgxMDA0OTc5Iiwicm9sZSI6IkNvbnRyaWJ1dG9yIiwic2NvcGUiOiIvc3Vic2NyaXB0aW9ucy9mYWMzNDMwMy00MzVkLTQ0ODYtOGMzZi03MDk0ZDgyYTBiNjAvcmVzb3VyY2VHcm91cHMvYW1sLW5vdGVib29rcy9wcm92aWRlcnMvTWljcm9zb2Z0Lk1hY2hpbmVMZWFybmluZ1NlcnZpY2VzL3dvcmtzcGFjZXMvaGFpZWFzdHVzMndzMyIsImFjY291bnRpZCI6IjViM2RmZjkxLWEwM2ItNDcyZC1iZjVmLTdhNTU3Mjk5ZmEwZSIsIndvcmtzcGFjZUlkIjoiNWIzZGZmOTEtYTAzYi00NzJkLWJmNWYtN2E1NTcyOTlmYTBlIiwicHJvamVjdGlkIjoiYTFkZWViNjMtOThlYS00N2ZhLTkxMTQtODc3YTBiMDc3OTMxIiwiZGlzY292ZXJ5IjoiaHR0cHM6Ly9lYXN0dXMyLmV4cGVyaW1lbnRzLmF6dXJlbWwubmV0L2Rpc2NvdmVyeSIsInRpZCI6IjcyZjk4OGJmLTg2ZjEtNDFhZi05MWFiLTJkN2NkMDExZGI0NyIsIm9pZCI6ImZiN2QyYmJmLTJjNTQtNDZkNy04Nzc1LTdlMzE4NjQ0ZGQ2YiIsImV4cCI6MTUyODA4NTgwNywiaXNzIjoiYXp1cmVtbCIsImF1ZCI6ImF6dXJlbWwifQ.q6rE6-IUU-w36aCcr7rqpqZVU7aukg0VXLHlqj4ge9oOG2ByJ68ejdNa9MkGzdiSa3aWQubwy0kQ9VpC6BsL30XQ9O_feZpFSf7ugFgYxuw_LtsCstRdxTFRAicVYERwT--9a9CypayeGzbg1Fid2zT9REH8PfiXc8RlQe37zv0t0CKnk0e8bBSbK1wyeCZX_Q8gQvE3ou5Lwdw4BYHRoUMgvqWgD7vx217HV69YUBy_lDFSUmo9EusZGkIXnJttaQSZwws2mC-SmMMSaIjTzlIdQrMHjM_LwKUCwrMRcgEjaYYCEk780FBOPIIEWEQyEpjYGGVe5O3Vyy1n1B68Jg', '--conf', 'spark.yarn.appMasterEnv.AZUREML_RUN_TOKEN_EXPIRY=1528085807', '--conf', 'spark.executorEnv.AZUREML_RUN_TOKEN_EXPIRY=1528085807', '--conf', 'spark.yarn.appMasterEnv.AZUREML_CONTEXT_MANAGER_HDISETUP=null', '--conf', 'spark.executorEnv.AZUREML_CONTEXT_MANAGER_HDISETUP=null', '--conf', 'spark.yarn.appMasterEnv.AZUREML_CONTEXT_MANAGER_OUTPUTCOLLECTION=null', '--conf', 'spark.executorEnv.AZUREML_CONTEXT_MANAGER_OUTPUTCOLLECTION=null', '--conf', 'spark.yarn.appMasterEnv.EXAMPLE_ENV_VAR=EXAMPLE_VALUE', '--conf', 'spark.executorEnv.EXAMPLE_ENV_VAR=EXAMPLE_VALUE', '--conf', 'spark.yarn.appMasterEnv.AZUREML_CONDA_LOCK_PATH=/home/ninghai/.azureml/locks/azureml_conda_lock', '--conf', 'spark.executorEnv.AZUREML_CONDA_LOCK_PATH=/home/ninghai/.azureml/locks/azureml_conda_lock', '--conf', 'spark.yarn.appMasterEnv.AZUREML_CONDA_ENVIRONMENT_PATH=/home/ninghai/.azureml/envs/azureml_40b348c4d7381beefb01312cdebdaa0b', '--conf', 'spark.executorEnv.AZUREML_CONDA_ENVIRONMENT_PATH=/home/ninghai/.azureml/envs/azureml_40b348c4d7381beefb01312cdebdaa0b', '--conf', 'spark.yarn.appMasterEnv.AZUREML_CONDA_ENVIRONMENT_EXISTENCE_INDICATOR=/home/ninghai/.azureml/locks/azureml_40b348c4d7381beefb01312cdebdaa0b', '--conf', 'spark.executorEnv.AZUREML_CONDA_ENVIRONMENT_EXISTENCE_INDICATOR=/home/ninghai/.azureml/locks/azureml_40b348c4d7381beefb01312cdebdaa0b', '--conf', 'spark.yarn.appMasterEnv.AZUREML_TARGET_TYPE=cluster', '--conf', 'spark.executorEnv.AZUREML_TARGET_TYPE=cluster', '--master', 'yarn', '--deploy-mode', 'cluster', '--archives', '/home/ninghai/.azureml/envs/azureml_40b348c4d7381beefb01312cdebdaa0b.zip,code.zip', '--files', './azureml-setup/context_manager_injector.py,./azureml-setup/context_managers.py,./azureml-setup/hdi_context_manager.py', 'azureml-setup/context_manager_injector.py', '-i', 'HdiSetup:hdi_context_manager.HdiSetup', '-i', 'OutputCollection:context_managers.RunHistory', 'train-spark.py']
Uploading experiment status to history service.
Adding run profile attachment azureml-logs/80_driver_log.txt

Streaming azureml-logs/80_driver_log.txt
========================================

Ivy Default Cache set to: /home/ninghai/.ivy2/cache
The jars for the packages stored in: /home/ninghai/.ivy2/jars
https://mmlspark.azureedge.net/maven added as a remote repository with the name: repo-1
https://azuremldownloads.blob.core.windows.net/repo5qh91kdjs6 added as a remote repository with the name: repo-2
:: loading settings :: url = jar:file:/usr/hdp/2.6.0.2-76/spark2/jars/ivy-2.4.0.jar!/org/apache/ivy/core/settings/ivysettings.xml
com.microsoft.ml.spark#mmlspark_2.11 added as a dependency
com.microsoft#dprep_2.11 added as a dependency
com.microsoft.sqlserver#mssql-jdbc added as a dependency
:: resolving dependencies :: org.apache.spark#spark-submit-parent;1.0
	confs: [default]
	found com.microsoft.ml.spark#mmlspark_2.11;0.12 in repo-1
	found io.spray#spray-json_2.11;1.3.2 in central
	found com.microsoft.cntk#cntk;2.4 in central
	found org.openpnp#opencv;3.2.0-1 in central
	found com.microsoft.ml.lightgbm#lightgbmlib;2.0.120 in central
	found com.microsoft#dprep_2.11;0.18.0 in repo-2
	found com.microsoft.programSynthesis#tText;4.1.0-preview2018010901 in repo-2
	found com.microsoft.programSynthesis#dsl;4.1.0-preview2018010901 in repo-2
	found com.microsoft.programSynthesis#sText;4.1.0-preview2018010901 in repo-2
	found com.microsoft.sqlserver#mssql-jdbc;6.2.1.jre8 in central
:: resolution report :: resolve 562ms :: artifacts dl 16ms
	:: modules in use:
	com.microsoft#dprep_2.11;0.18.0 from repo-2 in [default]
	com.microsoft.cntk#cntk;2.4 from central in [default]
	com.microsoft.ml.lightgbm#lightgbmlib;2.0.120 from central in [default]
	com.microsoft.ml.spark#mmlspark_2.11;0.12 from repo-1 in [default]
	com.microsoft.programSynthesis#dsl;4.1.0-preview2018010901 from repo-2 in [default]
	com.microsoft.programSynthesis#sText;4.1.0-preview2018010901 from repo-2 in [default]
	com.microsoft.programSynthesis#tText;4.1.0-preview2018010901 from repo-2 in [default]
	com.microsoft.sqlserver#mssql-jdbc;6.2.1.jre8 from central in [default]
	io.spray#spray-json_2.11;1.3.2 from central in [default]
	org.openpnp#opencv;3.2.0-1 from central in [default]
	---------------------------------------------------------------------
	|                  |            modules            ||   artifacts   |
	|       conf       | number| search|dwnlded|evicted|| number|dwnlded|
	---------------------------------------------------------------------
	|      default     |   10  |   0   |   0   |   0   ||   10  |   0   |
	---------------------------------------------------------------------
:: retrieving :: org.apache.spark#spark-submit-parent
	confs: [default]
	0 artifacts copied, 10 already retrieved (0kB/13ms)
18/05/28 04:17:09 WARN NativeCodeLoader: Unable to load native-hadoop library for your platform... using builtin-java classes where applicable
18/05/28 04:17:09 INFO MetricsConfig: loaded properties from hadoop-metrics2-azure-file-system.properties
18/05/28 04:17:09 INFO WasbAzureIaasSink: Init starting.
18/05/28 04:17:09 INFO AzureIaasSink: Init starting. Initializing MdsLogger.
18/05/28 04:17:09 INFO AzureIaasSink: Init completed.
18/05/28 04:17:09 INFO WasbAzureIaasSink: Init completed.
18/05/28 04:17:09 INFO MetricsSinkAdapter: Sink azurefs2 started
18/05/28 04:17:09 INFO MetricsSystemImpl: Scheduled snapshot period at 60 second(s).
18/05/28 04:17:09 INFO MetricsSystemImpl: azure-file-system metrics system started
18/05/28 04:17:10 INFO RequestHedgingRMFailoverProxyProvider: Looking for the active RM in [rm1, rm2]...
18/05/28 04:17:10 INFO RequestHedgingRMFailoverProxyProvider: Found active RM [rm1]
18/05/28 04:17:10 INFO Client: Requesting a new application from cluster with 4 NodeManagers
18/05/28 04:17:10 INFO Client: Verifying our application has not requested more than the maximum memory capability of the cluster (51200 MB per container)
18/05/28 04:17:10 INFO Client: Will allocate AM container, with 1408 MB memory including 384 MB overhead
18/05/28 04:17:10 INFO Client: Setting up container launch context for our AM
18/05/28 04:17:10 INFO Client: Setting up the launch environment for our AM container
18/05/28 04:17:10 INFO Client: Preparing resources for our AM container
18/05/28 04:17:12 INFO Client: Uploading resource file:/home/ninghai/.ivy2/jars/com.microsoft.ml.spark_mmlspark_2.11-0.12.jar -> wasb://sparkhai@sparkstores2.blob.core.windows.net/user/ninghai/.sparkStaging/application_1526907723201_0006/com.microsoft.ml.spark_mmlspark_2.11-0.12.jar
18/05/28 04:17:13 INFO Client: Uploading resource file:/home/ninghai/.ivy2/jars/com.microsoft_dprep_2.11-0.18.0.jar -> wasb://sparkhai@sparkstores2.blob.core.windows.net/user/ninghai/.sparkStaging/application_1526907723201_0006/com.microsoft_dprep_2.11-0.18.0.jar
18/05/28 04:17:13 INFO Client: Uploading resource file:/home/ninghai/.ivy2/jars/com.microsoft.sqlserver_mssql-jdbc-6.2.1.jre8.jar -> wasb://sparkhai@sparkstores2.blob.core.windows.net/user/ninghai/.sparkStaging/application_1526907723201_0006/com.microsoft.sqlserver_mssql-jdbc-6.2.1.jre8.jar
18/05/28 04:17:13 INFO Client: Uploading resource file:/home/ninghai/.ivy2/jars/io.spray_spray-json_2.11-1.3.2.jar -> wasb://sparkhai@sparkstores2.blob.core.windows.net/user/ninghai/.sparkStaging/application_1526907723201_0006/io.spray_spray-json_2.11-1.3.2.jar
18/05/28 04:17:13 INFO Client: Uploading resource file:/home/ninghai/.ivy2/jars/com.microsoft.cntk_cntk-2.4.jar -> wasb://sparkhai@sparkstores2.blob.core.windows.net/user/ninghai/.sparkStaging/application_1526907723201_0006/com.microsoft.cntk_cntk-2.4.jar
18/05/28 04:17:21 INFO Client: Uploading resource file:/home/ninghai/.ivy2/jars/org.openpnp_opencv-3.2.0-1.jar -> wasb://sparkhai@sparkstores2.blob.core.windows.net/user/ninghai/.sparkStaging/application_1526907723201_0006/org.openpnp_opencv-3.2.0-1.jar
18/05/28 04:17:21 INFO Client: Uploading resource file:/home/ninghai/.ivy2/jars/com.microsoft.ml.lightgbm_lightgbmlib-2.0.120.jar -> wasb://sparkhai@sparkstores2.blob.core.windows.net/user/ninghai/.sparkStaging/application_1526907723201_0006/com.microsoft.ml.lightgbm_lightgbmlib-2.0.120.jar
18/05/28 04:17:22 INFO Client: Uploading resource file:/home/ninghai/.ivy2/jars/com.microsoft.programSynthesis_tText-4.1.0-preview2018010901.jar -> wasb://sparkhai@sparkstores2.blob.core.windows.net/user/ninghai/.sparkStaging/application_1526907723201_0006/com.microsoft.programSynthesis_tText-4.1.0-preview2018010901.jar
18/05/28 04:17:22 INFO Client: Uploading resource file:/home/ninghai/.ivy2/jars/com.microsoft.programSynthesis_sText-4.1.0-preview2018010901.jar -> wasb://sparkhai@sparkstores2.blob.core.windows.net/user/ninghai/.sparkStaging/application_1526907723201_0006/com.microsoft.programSynthesis_sText-4.1.0-preview2018010901.jar
18/05/28 04:17:22 INFO Client: Uploading resource file:/home/ninghai/.ivy2/jars/com.microsoft.programSynthesis_dsl-4.1.0-preview2018010901.jar -> wasb://sparkhai@sparkstores2.blob.core.windows.net/user/ninghai/.sparkStaging/application_1526907723201_0006/com.microsoft.programSynthesis_dsl-4.1.0-preview2018010901.jar
18/05/28 04:17:22 INFO Client: Uploading resource file:/tmp/azureml_runs/e2e-05_1527481004979/azureml-setup/context_manager_injector.py -> wasb://sparkhai@sparkstores2.blob.core.windows.net/user/ninghai/.sparkStaging/application_1526907723201_0006/context_manager_injector.py
18/05/28 04:17:22 INFO Client: Uploading resource file:/tmp/azureml_runs/e2e-05_1527481004979/azureml-setup/context_managers.py -> wasb://sparkhai@sparkstores2.blob.core.windows.net/user/ninghai/.sparkStaging/application_1526907723201_0006/context_managers.py
18/05/28 04:17:23 INFO Client: Uploading resource file:/tmp/azureml_runs/e2e-05_1527481004979/azureml-setup/hdi_context_manager.py -> wasb://sparkhai@sparkstores2.blob.core.windows.net/user/ninghai/.sparkStaging/application_1526907723201_0006/hdi_context_manager.py
18/05/28 04:17:23 INFO Client: Uploading resource file:/home/ninghai/.azureml/envs/azureml_40b348c4d7381beefb01312cdebdaa0b.zip -> wasb://sparkhai@sparkstores2.blob.core.windows.net/user/ninghai/.sparkStaging/application_1526907723201_0006/azureml_40b348c4d7381beefb01312cdebdaa0b.zip
18/05/28 04:17:45 INFO Client: Uploading resource file:/tmp/azureml_runs/e2e-05_1527481004979/code.zip -> wasb://sparkhai@sparkstores2.blob.core.windows.net/user/ninghai/.sparkStaging/application_1526907723201_0006/code.zip
18/05/28 04:17:45 WARN Client: Same name resource file:/tmp/azureml_runs/e2e-05_1527481004979/azureml-setup/context_manager_injector.py added multiple times to distributed cache
18/05/28 04:17:45 INFO Client: Uploading resource file:/usr/hdp/current/spark2-client/python/lib/pyspark.zip -> wasb://sparkhai@sparkstores2.blob.core.windows.net/user/ninghai/.sparkStaging/application_1526907723201_0006/pyspark.zip
18/05/28 04:17:45 INFO Client: Uploading resource file:/usr/hdp/current/spark2-client/python/lib/py4j-0.10.4-src.zip -> wasb://sparkhai@sparkstores2.blob.core.windows.net/user/ninghai/.sparkStaging/application_1526907723201_0006/py4j-0.10.4-src.zip
18/05/28 04:17:46 WARN Client: Same path resource file:/home/ninghai/.ivy2/jars/com.microsoft.ml.spark_mmlspark_2.11-0.12.jar added multiple times to distributed cache.
18/05/28 04:17:46 WARN Client: Same path resource file:/home/ninghai/.ivy2/jars/com.microsoft_dprep_2.11-0.18.0.jar added multiple times to distributed cache.
18/05/28 04:17:46 WARN Client: Same path resource file:/home/ninghai/.ivy2/jars/com.microsoft.sqlserver_mssql-jdbc-6.2.1.jre8.jar added multiple times to distributed cache.
18/05/28 04:17:46 WARN Client: Same path resource file:/home/ninghai/.ivy2/jars/io.spray_spray-json_2.11-1.3.2.jar added multiple times to distributed cache.
18/05/28 04:17:46 WARN Client: Same path resource file:/home/ninghai/.ivy2/jars/com.microsoft.cntk_cntk-2.4.jar added multiple times to distributed cache.
18/05/28 04:17:46 WARN Client: Same path resource file:/home/ninghai/.ivy2/jars/org.openpnp_opencv-3.2.0-1.jar added multiple times to distributed cache.
18/05/28 04:17:46 WARN Client: Same path resource file:/home/ninghai/.ivy2/jars/com.microsoft.ml.lightgbm_lightgbmlib-2.0.120.jar added multiple times to distributed cache.
18/05/28 04:17:46 WARN Client: Same path resource file:/home/ninghai/.ivy2/jars/com.microsoft.programSynthesis_tText-4.1.0-preview2018010901.jar added multiple times to distributed cache.
18/05/28 04:17:46 WARN Client: Same path resource file:/home/ninghai/.ivy2/jars/com.microsoft.programSynthesis_sText-4.1.0-preview2018010901.jar added multiple times to distributed cache.
18/05/28 04:17:46 WARN Client: Same path resource file:/home/ninghai/.ivy2/jars/com.microsoft.programSynthesis_dsl-4.1.0-preview2018010901.jar added multiple times to distributed cache.
18/05/28 04:17:46 INFO Client: Uploading resource file:/tmp/spark-5467c797-9c89-42d2-9c4f-5bff54164b7d/__spark_conf__4107286359247396623.zip -> wasb://sparkhai@sparkstores2.blob.core.windows.net/user/ninghai/.sparkStaging/application_1526907723201_0006/__spark_conf__.zip
18/05/28 04:17:46 INFO SecurityManager: Changing view acls to: ninghai
18/05/28 04:17:46 INFO SecurityManager: Changing modify acls to: ninghai
18/05/28 04:17:46 INFO SecurityManager: Changing view acls groups to: 
18/05/28 04:17:46 INFO SecurityManager: Changing modify acls groups to: 
18/05/28 04:17:46 INFO SecurityManager: SecurityManager: authentication disabled; ui acls disabled; users  with view permissions: Set(ninghai); groups with view permissions: Set(); users  with modify permissions: Set(ninghai); groups with modify permissions: Set()
18/05/28 04:17:46 INFO Client: Submitting application application_1526907723201_0006 to ResourceManager
18/05/28 04:17:46 INFO YarnClientImpl: Submitted application application_1526907723201_0006
18/05/28 04:17:47 INFO Client: Application report for application_1526907723201_0006 (state: ACCEPTED)
18/05/28 04:17:47 INFO Client: 
	 client token: N/A
	 diagnostics: AM container is launched, waiting for AM container to Register with RM
	 ApplicationMaster host: N/A
	 ApplicationMaster RPC port: -1
	 queue: default
	 start time: 1527481066466
	 final status: UNDEFINED
	 tracking URL: http://hn0-sparkh.01gbvfzxeqquvorlqntixlipbb.jx.internal.cloudapp.net:8088/proxy/application_1526907723201_0006/
	 user: ninghai
18/05/28 04:17:48 INFO Client: Application report for application_1526907723201_0006 (state: ACCEPTED)
18/05/28 04:17:49 INFO Client: Application report for application_1526907723201_0006 (state: ACCEPTED)
18/05/28 04:17:50 INFO Client: Application report for application_1526907723201_0006 (state: ACCEPTED)
18/05/28 04:17:51 INFO Client: Application report for application_1526907723201_0006 (state: ACCEPTED)
18/05/28 04:17:52 INFO Client: Application report for application_1526907723201_0006 (state: ACCEPTED)
18/05/28 04:17:53 INFO Client: Application report for application_1526907723201_0006 (state: ACCEPTED)
18/05/28 04:17:54 INFO Client: Application report for application_1526907723201_0006 (state: ACCEPTED)
18/05/28 04:17:55 INFO Client: Application report for application_1526907723201_0006 (state: ACCEPTED)
18/05/28 04:17:56 INFO Client: Application report for application_1526907723201_0006 (state: ACCEPTED)
18/05/28 04:17:57 INFO Client: Application report for application_1526907723201_0006 (state: ACCEPTED)
18/05/28 04:17:58 INFO Client: Application report for application_1526907723201_0006 (state: ACCEPTED)
18/05/28 04:17:59 INFO Client: Application report for application_1526907723201_0006 (state: ACCEPTED)
18/05/28 04:18:00 INFO Client: Application report for application_1526907723201_0006 (state: ACCEPTED)
18/05/28 04:18:01 INFO Client: Application report for application_1526907723201_0006 (state: ACCEPTED)
18/05/28 04:18:02 INFO Client: Application report for application_1526907723201_0006 (state: ACCEPTED)
18/05/28 04:18:03 INFO Client: Application report for application_1526907723201_0006 (state: ACCEPTED)
18/05/28 04:18:04 INFO Client: Application report for application_1526907723201_0006 (state: ACCEPTED)
18/05/28 04:18:05 INFO Client: Application report for application_1526907723201_0006 (state: ACCEPTED)
18/05/28 04:18:06 INFO Client: Application report for application_1526907723201_0006 (state: ACCEPTED)
18/05/28 04:18:07 INFO Client: Application report for application_1526907723201_0006 (state: ACCEPTED)
18/05/28 04:18:08 INFO Client: Application report for application_1526907723201_0006 (state: ACCEPTED)
18/05/28 04:18:09 INFO Client: Application report for application_1526907723201_0006 (state: ACCEPTED)
18/05/28 04:18:10 INFO Client: Application report for application_1526907723201_0006 (state: ACCEPTED)
18/05/28 04:18:11 INFO Client: Application report for application_1526907723201_0006 (state: ACCEPTED)
18/05/28 04:18:12 INFO Client: Application report for application_1526907723201_0006 (state: ACCEPTED)
18/05/28 04:18:13 INFO Client: Application report for application_1526907723201_0006 (state: ACCEPTED)
18/05/28 04:18:14 INFO Client: Application report for application_1526907723201_0006 (state: ACCEPTED)
18/05/28 04:18:15 INFO Client: Application report for application_1526907723201_0006 (state: ACCEPTED)
18/05/28 04:18:16 INFO Client: Application report for application_1526907723201_0006 (state: ACCEPTED)
18/05/28 04:18:17 INFO Client: Application report for application_1526907723201_0006 (state: ACCEPTED)
18/05/28 04:18:18 INFO Client: Application report for application_1526907723201_0006 (state: ACCEPTED)
18/05/28 04:18:19 INFO Client: Application report for application_1526907723201_0006 (state: ACCEPTED)
18/05/28 04:18:20 INFO Client: Application report for application_1526907723201_0006 (state: ACCEPTED)
18/05/28 04:18:21 INFO Client: Application report for application_1526907723201_0006 (state: ACCEPTED)
18/05/28 04:18:22 INFO Client: Application report for application_1526907723201_0006 (state: ACCEPTED)
18/05/28 04:18:23 INFO Client: Application report for application_1526907723201_0006 (state: ACCEPTED)
18/05/28 04:18:24 INFO Client: Application report for application_1526907723201_0006 (state: ACCEPTED)
18/05/28 04:18:25 INFO Client: Application report for application_1526907723201_0006 (state: ACCEPTED)
18/05/28 04:18:26 INFO Client: Application report for application_1526907723201_0006 (state: ACCEPTED)
18/05/28 04:18:27 INFO Client: Application report for application_1526907723201_0006 (state: ACCEPTED)
18/05/28 04:18:28 INFO Client: Application report for application_1526907723201_0006 (state: ACCEPTED)
18/05/28 04:18:29 INFO Client: Application report for application_1526907723201_0006 (state: ACCEPTED)
18/05/28 04:18:30 INFO Client: Application report for application_1526907723201_0006 (state: ACCEPTED)
18/05/28 04:18:31 INFO Client: Application report for application_1526907723201_0006 (state: ACCEPTED)
18/05/28 04:18:32 INFO Client: Application report for application_1526907723201_0006 (state: ACCEPTED)
18/05/28 04:18:33 INFO Client: Application report for application_1526907723201_0006 (state: ACCEPTED)
18/05/28 04:18:34 INFO Client: Application report for application_1526907723201_0006 (state: ACCEPTED)
18/05/28 04:18:35 INFO Client: Application report for application_1526907723201_0006 (state: ACCEPTED)
18/05/28 04:18:36 INFO Client: Application report for application_1526907723201_0006 (state: ACCEPTED)
18/05/28 04:18:37 INFO Client: Application report for application_1526907723201_0006 (state: ACCEPTED)
18/05/28 04:18:38 INFO Client: Application report for application_1526907723201_0006 (state: ACCEPTED)
18/05/28 04:18:39 INFO Client: Application report for application_1526907723201_0006 (state: ACCEPTED)
18/05/28 04:18:40 INFO Client: Application report for application_1526907723201_0006 (state: ACCEPTED)
18/05/28 04:18:41 INFO Client: Application report for application_1526907723201_0006 (state: RUNNING)
18/05/28 04:18:41 INFO Client: 
	 client token: N/A
	 diagnostics: N/A
	 ApplicationMaster host: 10.0.0.14
	 ApplicationMaster RPC port: 0
	 queue: default
	 start time: 1527481066466
	 final status: UNDEFINED
	 tracking URL: http://hn0-sparkh.01gbvfzxeqquvorlqntixlipbb.jx.internal.cloudapp.net:8088/proxy/application_1526907723201_0006/
	 user: ninghai
18/05/28 04:18:42 INFO Client: Application report for application_1526907723201_0006 (state: RUNNING)
18/05/28 04:18:43 INFO Client: Application report for application_1526907723201_0006 (state: RUNNING)
18/05/28 04:18:44 INFO Client: Application report for application_1526907723201_0006 (state: RUNNING)
18/05/28 04:18:45 INFO Client: Application report for application_1526907723201_0006 (state: RUNNING)
18/05/28 04:18:46 INFO Client: Application report for application_1526907723201_0006 (state: RUNNING)
18/05/28 04:18:47 INFO Client: Application report for application_1526907723201_0006 (state: RUNNING)
18/05/28 04:18:48 INFO Client: Application report for application_1526907723201_0006 (state: RUNNING)
18/05/28 04:18:49 INFO Client: Application report for application_1526907723201_0006 (state: RUNNING)
18/05/28 04:18:50 INFO Client: Application report for application_1526907723201_0006 (state: RUNNING)
18/05/28 04:18:51 INFO Client: Application report for application_1526907723201_0006 (state: RUNNING)
18/05/28 04:18:52 INFO Client: Application report for application_1526907723201_0006 (state: RUNNING)
18/05/28 04:18:53 INFO Client: Application report for application_1526907723201_0006 (state: RUNNING)
18/05/28 04:18:54 INFO Client: Application report for application_1526907723201_0006 (state: RUNNING)
18/05/28 04:18:55 INFO Client: Application report for application_1526907723201_0006 (state: RUNNING)
18/05/28 04:18:56 INFO Client: Application report for application_1526907723201_0006 (state: RUNNING)
18/05/28 04:18:57 INFO Client: Application report for application_1526907723201_0006 (state: RUNNING)
18/05/28 04:18:58 INFO Client: Application report for application_1526907723201_0006 (state: RUNNING)
18/05/28 04:18:59 INFO Client: Application report for application_1526907723201_0006 (state: RUNNING)
18/05/28 04:19:00 INFO Client: Application report for application_1526907723201_0006 (state: RUNNING)
18/05/28 04:19:01 INFO Client: Application report for application_1526907723201_0006 (state: RUNNING)
18/05/28 04:19:02 INFO Client: Application report for application_1526907723201_0006 (state: RUNNING)
18/05/28 04:19:03 INFO Client: Application report for application_1526907723201_0006 (state: RUNNING)
18/05/28 04:19:04 INFO Client: Application report for application_1526907723201_0006 (state: RUNNING)
18/05/28 04:19:05 INFO Client: Application report for application_1526907723201_0006 (state: RUNNING)
18/05/28 04:19:06 INFO Client: Application report for application_1526907723201_0006 (state: RUNNING)
18/05/28 04:19:07 INFO Client: Application report for application_1526907723201_0006 (state: RUNNING)
18/05/28 04:19:08 INFO Client: Application report for application_1526907723201_0006 (state: RUNNING)
18/05/28 04:19:09 INFO Client: Application report for application_1526907723201_0006 (state: RUNNING)
18/05/28 04:19:10 INFO Client: Application report for application_1526907723201_0006 (state: RUNNING)
18/05/28 04:19:11 INFO Client: Application report for application_1526907723201_0006 (state: RUNNING)
18/05/28 04:19:12 INFO Client: Application report for application_1526907723201_0006 (state: RUNNING)
18/05/28 04:19:13 INFO Client: Application report for application_1526907723201_0006 (state: RUNNING)
18/05/28 04:19:14 INFO Client: Application report for application_1526907723201_0006 (state: RUNNING)
18/05/28 04:19:15 INFO Client: Application report for application_1526907723201_0006 (state: RUNNING)
18/05/28 04:19:16 INFO Client: Application report for application_1526907723201_0006 (state: RUNNING)
18/05/28 04:19:17 INFO Client: Application report for application_1526907723201_0006 (state: RUNNING)
18/05/28 04:19:18 INFO Client: Application report for application_1526907723201_0006 (state: RUNNING)
18/05/28 04:19:19 INFO Client: Application report for application_1526907723201_0006 (state: RUNNING)
18/05/28 04:19:20 INFO Client: Application report for application_1526907723201_0006 (state: RUNNING)
18/05/28 04:19:21 INFO Client: Application report for application_1526907723201_0006 (state: RUNNING)
18/05/28 04:19:22 INFO Client: Application report for application_1526907723201_0006 (state: RUNNING)
18/05/28 04:19:23 INFO Client: Application report for application_1526907723201_0006 (state: RUNNING)
18/05/28 04:19:24 INFO Client: Application report for application_1526907723201_0006 (state: RUNNING)
18/05/28 04:19:25 INFO Client: Application report for application_1526907723201_0006 (state: RUNNING)
18/05/28 04:19:26 INFO Client: Application report for application_1526907723201_0006 (state: RUNNING)
18/05/28 04:19:27 INFO Client: Application report for application_1526907723201_0006 (state: RUNNING)
18/05/28 04:19:28 INFO Client: Application report for application_1526907723201_0006 (state: RUNNING)
18/05/28 04:19:29 INFO Client: Application report for application_1526907723201_0006 (state: RUNNING)
18/05/28 04:19:30 INFO Client: Application report for application_1526907723201_0006 (state: RUNNING)
18/05/28 04:19:31 INFO Client: Application report for application_1526907723201_0006 (state: RUNNING)
18/05/28 04:19:32 INFO Client: Application report for application_1526907723201_0006 (state: RUNNING)
18/05/28 04:19:33 INFO Client: Application report for application_1526907723201_0006 (state: RUNNING)
18/05/28 04:19:34 INFO Client: Application report for application_1526907723201_0006 (state: RUNNING)
18/05/28 04:19:35 INFO Client: Application report for application_1526907723201_0006 (state: RUNNING)
18/05/28 04:19:36 INFO Client: Application report for application_1526907723201_0006 (state: RUNNING)
18/05/28 04:19:37 INFO Client: Application report for application_1526907723201_0006 (state: RUNNING)
18/05/28 04:19:38 INFO Client: Application report for application_1526907723201_0006 (state: RUNNING)
18/05/28 04:19:39 INFO Client: Application report for application_1526907723201_0006 (state: RUNNING)
18/05/28 04:19:40 INFO Client: Application report for application_1526907723201_0006 (state: RUNNING)
18/05/28 04:19:41 INFO Client: Application report for application_1526907723201_0006 (state: RUNNING)
18/05/28 04:19:42 INFO Client: Application report for application_1526907723201_0006 (state: RUNNING)
18/05/28 04:19:43 INFO Client: Application report for application_1526907723201_0006 (state: RUNNING)
18/05/28 04:19:44 INFO Client: Application report for application_1526907723201_0006 (state: RUNNING)
18/05/28 04:19:45 INFO Client: Application report for application_1526907723201_0006 (state: RUNNING)
18/05/28 04:19:46 INFO Client: Application report for application_1526907723201_0006 (state: RUNNING)
18/05/28 04:19:47 INFO Client: Application report for application_1526907723201_0006 (state: RUNNING)
18/05/28 04:19:48 INFO Client: Application report for application_1526907723201_0006 (state: RUNNING)
18/05/28 04:19:49 INFO Client: Application report for application_1526907723201_0006 (state: RUNNING)
18/05/28 04:19:50 INFO Client: Application report for application_1526907723201_0006 (state: RUNNING)
18/05/28 04:19:51 INFO Client: Application report for application_1526907723201_0006 (state: ACCEPTED)
18/05/28 04:19:51 INFO Client: 
	 client token: N/A
	 diagnostics: AM container is launched, waiting for AM container to Register with RM
	 ApplicationMaster host: N/A
	 ApplicationMaster RPC port: -1
	 queue: default
	 start time: 1527481066466
	 final status: UNDEFINED
	 tracking URL: http://hn0-sparkh.01gbvfzxeqquvorlqntixlipbb.jx.internal.cloudapp.net:8088/proxy/application_1526907723201_0006/
	 user: ninghai
18/05/28 04:19:52 INFO Client: Application report for application_1526907723201_0006 (state: ACCEPTED)
18/05/28 04:19:53 INFO Client: Application report for application_1526907723201_0006 (state: ACCEPTED)
18/05/28 04:19:54 INFO Client: Application report for application_1526907723201_0006 (state: ACCEPTED)
18/05/28 04:19:55 INFO Client: Application report for application_1526907723201_0006 (state: ACCEPTED)
18/05/28 04:19:56 INFO Client: Application report for application_1526907723201_0006 (state: ACCEPTED)
18/05/28 04:19:57 INFO Client: Application report for application_1526907723201_0006 (state: ACCEPTED)
18/05/28 04:19:58 INFO Client: Application report for application_1526907723201_0006 (state: ACCEPTED)
18/05/28 04:19:59 INFO Client: Application report for application_1526907723201_0006 (state: RUNNING)
18/05/28 04:19:59 INFO Client: 
	 client token: N/A
	 diagnostics: N/A
	 ApplicationMaster host: 10.0.0.14
	 ApplicationMaster RPC port: 0
	 queue: default
	 start time: 1527481066466
	 final status: UNDEFINED
	 tracking URL: http://hn0-sparkh.01gbvfzxeqquvorlqntixlipbb.jx.internal.cloudapp.net:8088/proxy/application_1526907723201_0006/
	 user: ninghai
18/05/28 04:20:00 INFO Client: Application report for application_1526907723201_0006 (state: RUNNING)
18/05/28 04:20:01 INFO Client: Application report for application_1526907723201_0006 (state: RUNNING)
18/05/28 04:20:02 INFO Client: Application report for application_1526907723201_0006 (state: RUNNING)
18/05/28 04:20:03 INFO Client: Application report for application_1526907723201_0006 (state: RUNNING)
18/05/28 04:20:04 INFO Client: Application report for application_1526907723201_0006 (state: RUNNING)
18/05/28 04:20:05 INFO Client: Application report for application_1526907723201_0006 (state: RUNNING)
18/05/28 04:20:06 INFO Client: Application report for application_1526907723201_0006 (state: RUNNING)
18/05/28 04:20:07 INFO Client: Application report for application_1526907723201_0006 (state: RUNNING)
18/05/28 04:20:08 INFO Client: Application report for application_1526907723201_0006 (state: RUNNING)
18/05/28 04:20:09 INFO Client: Application report for application_1526907723201_0006 (state: RUNNING)
18/05/28 04:20:10 INFO Client: Application report for application_1526907723201_0006 (state: RUNNING)
18/05/28 04:20:11 INFO Client: Application report for application_1526907723201_0006 (state: RUNNING)
18/05/28 04:20:12 INFO Client: Application report for application_1526907723201_0006 (state: RUNNING)
18/05/28 04:20:13 INFO Client: Application report for application_1526907723201_0006 (state: RUNNING)
18/05/28 04:20:14 INFO Client: Application report for application_1526907723201_0006 (state: RUNNING)
18/05/28 04:20:15 INFO Client: Application report for application_1526907723201_0006 (state: RUNNING)
18/05/28 04:20:16 INFO Client: Application report for application_1526907723201_0006 (state: RUNNING)
18/05/28 04:20:17 INFO Client: Application report for application_1526907723201_0006 (state: RUNNING)
18/05/28 04:20:18 INFO Client: Application report for application_1526907723201_0006 (state: RUNNING)
18/05/28 04:20:19 INFO Client: Application report for application_1526907723201_0006 (state: RUNNING)
18/05/28 04:20:20 INFO Client: Application report for application_1526907723201_0006 (state: RUNNING)
18/05/28 04:20:21 INFO Client: Application report for application_1526907723201_0006 (state: RUNNING)
18/05/28 04:20:22 INFO Client: Application report for application_1526907723201_0006 (state: RUNNING)
18/05/28 04:20:23 INFO Client: Application report for application_1526907723201_0006 (state: RUNNING)
18/05/28 04:20:24 INFO Client: Application report for application_1526907723201_0006 (state: RUNNING)
18/05/28 04:20:25 INFO Client: Application report for application_1526907723201_0006 (state: RUNNING)
18/05/28 04:20:26 INFO Client: Application report for application_1526907723201_0006 (state: RUNNING)
18/05/28 04:20:27 INFO Client: Application report for application_1526907723201_0006 (state: RUNNING)
18/05/28 04:20:28 INFO Client: Application report for application_1526907723201_0006 (state: RUNNING)
18/05/28 04:20:29 INFO Client: Application report for application_1526907723201_0006 (state: RUNNING)
18/05/28 04:20:31 INFO Client: Application report for application_1526907723201_0006 (state: RUNNING)
18/05/28 04:20:32 INFO Client: Application report for application_1526907723201_0006 (state: RUNNING)
18/05/28 04:20:33 INFO Client: Application report for application_1526907723201_0006 (state: RUNNING)
18/05/28 04:20:34 INFO Client: Application report for application_1526907723201_0006 (state: RUNNING)
18/05/28 04:20:35 INFO Client: Application report for application_1526907723201_0006 (state: RUNNING)
18/05/28 04:20:36 INFO Client: Application report for application_1526907723201_0006 (state: RUNNING)
18/05/28 04:20:37 INFO Client: Application report for application_1526907723201_0006 (state: RUNNING)
18/05/28 04:20:38 INFO Client: Application report for application_1526907723201_0006 (state: RUNNING)
18/05/28 04:20:39 INFO Client: Application report for application_1526907723201_0006 (state: RUNNING)
18/05/28 04:20:40 INFO Client: Application report for application_1526907723201_0006 (state: RUNNING)
18/05/28 04:20:41 INFO Client: Application report for application_1526907723201_0006 (state: RUNNING)
18/05/28 04:20:42 INFO Client: Application report for application_1526907723201_0006 (state: ACCEPTED)
18/05/28 04:20:42 INFO Client: 
	 client token: N/A
	 diagnostics: AM container is launched, waiting for AM container to Register with RM
	 ApplicationMaster host: N/A
	 ApplicationMaster RPC port: -1
	 queue: default
	 start time: 1527481066466
	 final status: UNDEFINED
	 tracking URL: http://hn0-sparkh.01gbvfzxeqquvorlqntixlipbb.jx.internal.cloudapp.net:8088/proxy/application_1526907723201_0006/
	 user: ninghai
18/05/28 04:20:43 INFO Client: Application report for application_1526907723201_0006 (state: ACCEPTED)
18/05/28 04:20:44 INFO Client: Application report for application_1526907723201_0006 (state: ACCEPTED)
18/05/28 04:20:45 INFO Client: Application report for application_1526907723201_0006 (state: ACCEPTED)
18/05/28 04:20:46 INFO Client: Application report for application_1526907723201_0006 (state: ACCEPTED)
18/05/28 04:20:47 INFO Client: Application report for application_1526907723201_0006 (state: ACCEPTED)
18/05/28 04:20:48 INFO Client: Application report for application_1526907723201_0006 (state: ACCEPTED)
18/05/28 04:20:49 INFO Client: Application report for application_1526907723201_0006 (state: ACCEPTED)
18/05/28 04:20:50 INFO Client: Application report for application_1526907723201_0006 (state: RUNNING)
18/05/28 04:20:50 INFO Client: 
	 client token: N/A
	 diagnostics: N/A
	 ApplicationMaster host: 10.0.0.14
	 ApplicationMaster RPC port: 0
	 queue: default
	 start time: 1527481066466
	 final status: UNDEFINED
	 tracking URL: http://hn0-sparkh.01gbvfzxeqquvorlqntixlipbb.jx.internal.cloudapp.net:8088/proxy/application_1526907723201_0006/
	 user: ninghai
18/05/28 04:20:51 INFO Client: Application report for application_1526907723201_0006 (state: RUNNING)
18/05/28 04:20:52 INFO Client: Application report for application_1526907723201_0006 (state: RUNNING)
18/05/28 04:20:53 INFO Client: Application report for application_1526907723201_0006 (state: RUNNING)
18/05/28 04:20:54 INFO Client: Application report for application_1526907723201_0006 (state: RUNNING)
18/05/28 04:20:55 INFO Client: Application report for application_1526907723201_0006 (state: RUNNING)
18/05/28 04:20:56 INFO Client: Application report for application_1526907723201_0006 (state: RUNNING)
18/05/28 04:20:57 INFO Client: Application report for application_1526907723201_0006 (state: RUNNING)
18/05/28 04:20:58 INFO Client: Application report for application_1526907723201_0006 (state: RUNNING)
18/05/28 04:20:59 INFO Client: Application report for application_1526907723201_0006 (state: RUNNING)
18/05/28 04:21:00 INFO Client: Application report for application_1526907723201_0006 (state: RUNNING)
18/05/28 04:21:01 INFO Client: Application report for application_1526907723201_0006 (state: RUNNING)
18/05/28 04:21:02 INFO Client: Application report for application_1526907723201_0006 (state: RUNNING)
18/05/28 04:21:03 INFO Client: Application report for application_1526907723201_0006 (state: RUNNING)
18/05/28 04:21:04 INFO Client: Application report for application_1526907723201_0006 (state: RUNNING)
18/05/28 04:21:05 INFO Client: Application report for application_1526907723201_0006 (state: RUNNING)
18/05/28 04:21:06 INFO Client: Application report for application_1526907723201_0006 (state: RUNNING)
18/05/28 04:21:07 INFO Client: Application report for application_1526907723201_0006 (state: RUNNING)
18/05/28 04:21:08 INFO Client: Application report for application_1526907723201_0006 (state: RUNNING)
18/05/28 04:21:09 INFO Client: Application report for application_1526907723201_0006 (state: RUNNING)
18/05/28 04:21:10 INFO Client: Application report for application_1526907723201_0006 (state: RUNNING)
18/05/28 04:21:11 INFO Client: Application report for application_1526907723201_0006 (state: RUNNING)
18/05/28 04:21:12 INFO Client: Application report for application_1526907723201_0006 (state: RUNNING)
18/05/28 04:21:13 INFO Client: Application report for application_1526907723201_0006 (state: RUNNING)
18/05/28 04:21:14 INFO Client: Application report for application_1526907723201_0006 (state: RUNNING)
18/05/28 04:21:15 INFO Client: Application report for application_1526907723201_0006 (state: RUNNING)
18/05/28 04:21:16 INFO Client: Application report for application_1526907723201_0006 (state: RUNNING)
18/05/28 04:21:17 INFO Client: Application report for application_1526907723201_0006 (state: RUNNING)
18/05/28 04:21:18 INFO Client: Application report for application_1526907723201_0006 (state: RUNNING)
18/05/28 04:21:19 INFO Client: Application report for application_1526907723201_0006 (state: RUNNING)
18/05/28 04:21:20 INFO Client: Application report for application_1526907723201_0006 (state: RUNNING)
18/05/28 04:21:21 INFO Client: Application report for application_1526907723201_0006 (state: RUNNING)
18/05/28 04:21:22 INFO Client: Application report for application_1526907723201_0006 (state: RUNNING)
18/05/28 04:21:23 INFO Client: Application report for application_1526907723201_0006 (state: RUNNING)
18/05/28 04:21:24 INFO Client: Application report for application_1526907723201_0006 (state: RUNNING)
18/05/28 04:21:25 INFO Client: Application report for application_1526907723201_0006 (state: RUNNING)
18/05/28 04:21:26 INFO Client: Application report for application_1526907723201_0006 (state: RUNNING)
18/05/28 04:21:27 INFO Client: Application report for application_1526907723201_0006 (state: RUNNING)
18/05/28 04:21:28 INFO Client: Application report for application_1526907723201_0006 (state: RUNNING)
18/05/28 04:21:29 INFO Client: Application report for application_1526907723201_0006 (state: RUNNING)
18/05/28 04:21:30 INFO Client: Application report for application_1526907723201_0006 (state: RUNNING)
18/05/28 04:21:31 INFO Client: Application report for application_1526907723201_0006 (state: RUNNING)
18/05/28 04:21:32 INFO Client: Application report for application_1526907723201_0006 (state: RUNNING)
18/05/28 04:21:33 INFO Client: Application report for application_1526907723201_0006 (state: RUNNING)
18/05/28 04:21:34 INFO Client: Application report for application_1526907723201_0006 (state: ACCEPTED)
18/05/28 04:21:34 INFO Client: 
	 client token: N/A
	 diagnostics: AM container is launched, waiting for AM container to Register with RM
	 ApplicationMaster host: N/A
	 ApplicationMaster RPC port: -1
	 queue: default
	 start time: 1527481066466
	 final status: UNDEFINED
	 tracking URL: http://hn0-sparkh.01gbvfzxeqquvorlqntixlipbb.jx.internal.cloudapp.net:8088/proxy/application_1526907723201_0006/
	 user: ninghai
18/05/28 04:21:35 INFO Client: Application report for application_1526907723201_0006 (state: ACCEPTED)
18/05/28 04:21:36 INFO Client: Application report for application_1526907723201_0006 (state: ACCEPTED)
18/05/28 04:21:37 INFO Client: Application report for application_1526907723201_0006 (state: ACCEPTED)
18/05/28 04:21:38 INFO Client: Application report for application_1526907723201_0006 (state: ACCEPTED)
18/05/28 04:21:39 INFO Client: Application report for application_1526907723201_0006 (state: ACCEPTED)
18/05/28 04:21:40 INFO Client: Application report for application_1526907723201_0006 (state: ACCEPTED)
18/05/28 04:21:41 INFO Client: Application report for application_1526907723201_0006 (state: ACCEPTED)
18/05/28 04:21:42 INFO Client: Application report for application_1526907723201_0006 (state: RUNNING)
18/05/28 04:21:42 INFO Client: 
	 client token: N/A
	 diagnostics: N/A
	 ApplicationMaster host: 10.0.0.14
	 ApplicationMaster RPC port: 0
	 queue: default
	 start time: 1527481066466
	 final status: UNDEFINED
	 tracking URL: http://hn0-sparkh.01gbvfzxeqquvorlqntixlipbb.jx.internal.cloudapp.net:8088/proxy/application_1526907723201_0006/
	 user: ninghai
18/05/28 04:21:43 INFO Client: Application report for application_1526907723201_0006 (state: RUNNING)
18/05/28 04:21:44 INFO Client: Application report for application_1526907723201_0006 (state: RUNNING)
18/05/28 04:21:45 INFO Client: Application report for application_1526907723201_0006 (state: RUNNING)
18/05/28 04:21:46 INFO Client: Application report for application_1526907723201_0006 (state: RUNNING)
18/05/28 04:21:47 INFO Client: Application report for application_1526907723201_0006 (state: RUNNING)
18/05/28 04:21:48 INFO Client: Application report for application_1526907723201_0006 (state: RUNNING)
18/05/28 04:21:49 INFO Client: Application report for application_1526907723201_0006 (state: RUNNING)
18/05/28 04:21:50 INFO Client: Application report for application_1526907723201_0006 (state: RUNNING)
18/05/28 04:21:51 INFO Client: Application report for application_1526907723201_0006 (state: RUNNING)
18/05/28 04:21:52 INFO Client: Application report for application_1526907723201_0006 (state: RUNNING)
18/05/28 04:21:53 INFO Client: Application report for application_1526907723201_0006 (state: RUNNING)
18/05/28 04:21:54 INFO Client: Application report for application_1526907723201_0006 (state: RUNNING)
18/05/28 04:21:55 INFO Client: Application report for application_1526907723201_0006 (state: RUNNING)
18/05/28 04:21:56 INFO Client: Application report for application_1526907723201_0006 (state: RUNNING)
18/05/28 04:21:57 INFO Client: Application report for application_1526907723201_0006 (state: RUNNING)
18/05/28 04:21:58 INFO Client: Application report for application_1526907723201_0006 (state: RUNNING)
18/05/28 04:21:59 INFO Client: Application report for application_1526907723201_0006 (state: RUNNING)
18/05/28 04:22:00 INFO Client: Application report for application_1526907723201_0006 (state: RUNNING)
18/05/28 04:22:01 INFO Client: Application report for application_1526907723201_0006 (state: RUNNING)
18/05/28 04:22:02 INFO Client: Application report for application_1526907723201_0006 (state: RUNNING)
18/05/28 04:22:03 INFO Client: Application report for application_1526907723201_0006 (state: RUNNING)
18/05/28 04:22:04 INFO Client: Application report for application_1526907723201_0006 (state: RUNNING)
18/05/28 04:22:05 INFO Client: Application report for application_1526907723201_0006 (state: RUNNING)
18/05/28 04:22:06 INFO Client: Application report for application_1526907723201_0006 (state: RUNNING)
18/05/28 04:22:07 INFO Client: Application report for application_1526907723201_0006 (state: RUNNING)
18/05/28 04:22:08 INFO Client: Application report for application_1526907723201_0006 (state: RUNNING)
18/05/28 04:22:09 INFO Client: Application report for application_1526907723201_0006 (state: RUNNING)
18/05/28 04:22:10 INFO Client: Application report for application_1526907723201_0006 (state: RUNNING)
18/05/28 04:22:11 INFO Client: Application report for application_1526907723201_0006 (state: RUNNING)
18/05/28 04:22:12 INFO Client: Application report for application_1526907723201_0006 (state: RUNNING)
18/05/28 04:22:13 INFO Client: Application report for application_1526907723201_0006 (state: RUNNING)
18/05/28 04:22:14 INFO Client: Application report for application_1526907723201_0006 (state: RUNNING)
18/05/28 04:22:15 INFO Client: Application report for application_1526907723201_0006 (state: RUNNING)
18/05/28 04:22:16 INFO Client: Application report for application_1526907723201_0006 (state: RUNNING)
18/05/28 04:22:17 INFO Client: Application report for application_1526907723201_0006 (state: RUNNING)
18/05/28 04:22:18 INFO Client: Application report for application_1526907723201_0006 (state: RUNNING)
18/05/28 04:22:19 INFO Client: Application report for application_1526907723201_0006 (state: RUNNING)
18/05/28 04:22:20 INFO Client: Application report for application_1526907723201_0006 (state: RUNNING)
18/05/28 04:22:21 INFO Client: Application report for application_1526907723201_0006 (state: RUNNING)
18/05/28 04:22:22 INFO Client: Application report for application_1526907723201_0006 (state: RUNNING)
18/05/28 04:22:23 INFO Client: Application report for application_1526907723201_0006 (state: RUNNING)
18/05/28 04:22:24 INFO Client: Application report for application_1526907723201_0006 (state: RUNNING)
18/05/28 04:22:25 INFO Client: Application report for application_1526907723201_0006 (state: RUNNING)
18/05/28 04:22:26 INFO Client: Application report for application_1526907723201_0006 (state: RUNNING)
18/05/28 04:22:27 INFO Client: Application report for application_1526907723201_0006 (state: RUNNING)
18/05/28 04:22:28 INFO Client: Application report for application_1526907723201_0006 (state: RUNNING)
18/05/28 04:22:29 INFO Client: Application report for application_1526907723201_0006 (state: RUNNING)
18/05/28 04:22:30 INFO Client: Application report for application_1526907723201_0006 (state: ACCEPTED)
18/05/28 04:22:30 INFO Client: 
	 client token: N/A
	 diagnostics: [Mon May 28 04:22:30 +0000 2018] Application is Activated, waiting for resources to be assigned for AM.  Details : AM Partition = <DEFAULT_PARTITION> ; Partition Resource = <memory:204800, vCores:60> ; Queue's Absolute capacity = 50.0 % ; Queue's Absolute used capacity = 0.0 % ; Queue's Absolute max capacity = 100.0 % ; 
	 ApplicationMaster host: N/A
	 ApplicationMaster RPC port: -1
	 queue: default
	 start time: 1527481066466
	 final status: UNDEFINED
	 tracking URL: http://hn0-sparkh.01gbvfzxeqquvorlqntixlipbb.jx.internal.cloudapp.net:8088/proxy/application_1526907723201_0006/
	 user: ninghai
18/05/28 04:22:31 INFO Client: Application report for application_1526907723201_0006 (state: ACCEPTED)
18/05/28 04:22:32 INFO Client: Application report for application_1526907723201_0006 (state: ACCEPTED)
18/05/28 04:22:33 INFO Client: Application report for application_1526907723201_0006 (state: ACCEPTED)
18/05/28 04:22:34 INFO Client: Application report for application_1526907723201_0006 (state: ACCEPTED)
18/05/28 04:22:35 INFO Client: Application report for application_1526907723201_0006 (state: ACCEPTED)
18/05/28 04:22:36 INFO Client: Application report for application_1526907723201_0006 (state: ACCEPTED)
18/05/28 04:22:37 INFO Client: Application report for application_1526907723201_0006 (state: ACCEPTED)
18/05/28 04:22:38 INFO Client: Application report for application_1526907723201_0006 (state: RUNNING)
18/05/28 04:22:38 INFO Client: 
	 client token: N/A
	 diagnostics: N/A
	 ApplicationMaster host: 10.0.0.14
	 ApplicationMaster RPC port: 0
	 queue: default
	 start time: 1527481066466
	 final status: UNDEFINED
	 tracking URL: http://hn0-sparkh.01gbvfzxeqquvorlqntixlipbb.jx.internal.cloudapp.net:8088/proxy/application_1526907723201_0006/
	 user: ninghai
18/05/28 04:22:39 INFO Client: Application report for application_1526907723201_0006 (state: RUNNING)
18/05/28 04:22:40 INFO Client: Application report for application_1526907723201_0006 (state: RUNNING)
18/05/28 04:22:41 INFO Client: Application report for application_1526907723201_0006 (state: RUNNING)
18/05/28 04:22:42 INFO Client: Application report for application_1526907723201_0006 (state: RUNNING)
18/05/28 04:22:43 INFO Client: Application report for application_1526907723201_0006 (state: RUNNING)
18/05/28 04:22:44 INFO Client: Application report for application_1526907723201_0006 (state: RUNNING)
18/05/28 04:22:45 INFO Client: Application report for application_1526907723201_0006 (state: RUNNING)
18/05/28 04:22:46 INFO Client: Application report for application_1526907723201_0006 (state: RUNNING)
18/05/28 04:22:47 INFO Client: Application report for application_1526907723201_0006 (state: RUNNING)
18/05/28 04:22:48 INFO Client: Application report for application_1526907723201_0006 (state: RUNNING)
18/05/28 04:22:49 INFO Client: Application report for application_1526907723201_0006 (state: RUNNING)
18/05/28 04:22:50 INFO Client: Application report for application_1526907723201_0006 (state: RUNNING)
18/05/28 04:22:51 INFO Client: Application report for application_1526907723201_0006 (state: RUNNING)
18/05/28 04:22:52 INFO Client: Application report for application_1526907723201_0006 (state: RUNNING)
18/05/28 04:22:53 INFO Client: Application report for application_1526907723201_0006 (state: RUNNING)
18/05/28 04:22:54 INFO Client: Application report for application_1526907723201_0006 (state: RUNNING)
18/05/28 04:22:55 INFO Client: Application report for application_1526907723201_0006 (state: RUNNING)
18/05/28 04:22:56 INFO Client: Application report for application_1526907723201_0006 (state: RUNNING)
18/05/28 04:22:57 INFO Client: Application report for application_1526907723201_0006 (state: RUNNING)
18/05/28 04:22:58 INFO Client: Application report for application_1526907723201_0006 (state: RUNNING)
18/05/28 04:22:59 INFO Client: Application report for application_1526907723201_0006 (state: RUNNING)
18/05/28 04:23:00 INFO Client: Application report for application_1526907723201_0006 (state: RUNNING)
18/05/28 04:23:01 INFO Client: Application report for application_1526907723201_0006 (state: RUNNING)
18/05/28 04:23:02 INFO Client: Application report for application_1526907723201_0006 (state: RUNNING)
18/05/28 04:23:03 INFO Client: Application report for application_1526907723201_0006 (state: RUNNING)
18/05/28 04:23:04 INFO Client: Application report for application_1526907723201_0006 (state: RUNNING)
18/05/28 04:23:05 INFO Client: Application report for application_1526907723201_0006 (state: RUNNING)
18/05/28 04:23:06 INFO Client: Application report for application_1526907723201_0006 (state: RUNNING)
18/05/28 04:23:07 INFO Client: Application report for application_1526907723201_0006 (state: RUNNING)
18/05/28 04:23:08 INFO Client: Application report for application_1526907723201_0006 (state: RUNNING)
18/05/28 04:23:09 INFO Client: Application report for application_1526907723201_0006 (state: RUNNING)
18/05/28 04:23:10 INFO Client: Application report for application_1526907723201_0006 (state: RUNNING)
18/05/28 04:23:11 INFO Client: Application report for application_1526907723201_0006 (state: RUNNING)
18/05/28 04:23:12 INFO Client: Application report for application_1526907723201_0006 (state: RUNNING)
18/05/28 04:23:13 INFO Client: Application report for application_1526907723201_0006 (state: RUNNING)
18/05/28 04:23:14 INFO Client: Application report for application_1526907723201_0006 (state: RUNNING)
18/05/28 04:23:15 INFO Client: Application report for application_1526907723201_0006 (state: RUNNING)
18/05/28 04:23:16 INFO Client: Application report for application_1526907723201_0006 (state: RUNNING)
18/05/28 04:23:17 INFO Client: Application report for application_1526907723201_0006 (state: RUNNING)
18/05/28 04:23:18 INFO Client: Application report for application_1526907723201_0006 (state: RUNNING)
18/05/28 04:23:19 INFO Client: Application report for application_1526907723201_0006 (state: RUNNING)
18/05/28 04:23:20 INFO Client: Application report for application_1526907723201_0006 (state: FINISHED)
18/05/28 04:23:20 INFO Client: 
	 client token: N/A
	 diagnostics: User application exited with status 1
	 ApplicationMaster host: 10.0.0.14
	 ApplicationMaster RPC port: 0
	 queue: default
	 start time: 1527481066466
	 final status: FAILED
	 tracking URL: http://hn0-sparkh.01gbvfzxeqquvorlqntixlipbb.jx.internal.cloudapp.net:8088/proxy/application_1526907723201_0006/
	 user: ninghai
18/05/28 04:23:20 WARN AzureFileSystemThreadPoolExecutor: Disabling threads for Delete operation as thread count 0 is <= 1
18/05/28 04:23:20 ERROR AzureNativeFileSystemStore: Encountered Storage Exception for delete on Blob: http://sparkstores2.blob.core.windows.net/sparkhai/user/ninghai/.sparkStaging/application_1526907723201_0006/__spark_conf__.zip, Exception Details: The specified blob does not exist. Error Code: BlobNotFound
18/05/28 04:23:20 WARN AzureFileSystemThreadPoolExecutor: Failed to Delete file FileMetadata[user/ninghai/.sparkStaging/application_1526907723201_0006/__spark_conf__.zip, 119293, 1527481066000, ninghai:supergroup:rw-r--r--]
18/05/28 04:23:20 ERROR NativeAzureFileSystem: Failed to delete files / subfolders in blob user/ninghai/.sparkStaging/application_1526907723201_0006
Exception in thread "main" org.apache.spark.SparkException: Application application_1526907723201_0006 finished with failed status
	at org.apache.spark.deploy.yarn.Client.run(Client.scala:1241)
	at org.apache.spark.deploy.yarn.Client$.main(Client.scala:1287)
	at org.apache.spark.deploy.yarn.Client.main(Client.scala)
	at sun.reflect.NativeMethodAccessorImpl.invoke0(Native Method)
	at sun.reflect.NativeMethodAccessorImpl.invoke(NativeMethodAccessorImpl.java:62)
	at sun.reflect.DelegatingMethodAccessorImpl.invoke(DelegatingMethodAccessorImpl.java:43)
	at java.lang.reflect.Method.invoke(Method.java:498)
	at org.apache.spark.deploy.SparkSubmit$.org$apache$spark$deploy$SparkSubmit$$runMain(SparkSubmit.scala:745)
	at org.apache.spark.deploy.SparkSubmit$.doRunMain$1(SparkSubmit.scala:187)
	at org.apache.spark.deploy.SparkSubmit$.submit(SparkSubmit.scala:212)
	at org.apache.spark.deploy.SparkSubmit$.main(SparkSubmit.scala:126)
	at org.apache.spark.deploy.SparkSubmit.main(SparkSubmit.scala)
18/05/28 04:23:20 INFO ShutdownHookManager: Shutdown hook called
18/05/28 04:23:20 INFO ShutdownHookManager: Deleting directory /tmp/spark-5467c797-9c89-42d2-9c4f-5bff54164b7d
18/05/28 04:23:20 INFO MetricsSystemImpl: Stopping azure-file-system metrics system...
18/05/28 04:23:20 INFO MetricsSinkAdapter: azurefs2 thread interrupted.
18/05/28 04:23:20 INFO MetricsSystemImpl: azure-file-system metrics system stopped.
18/05/28 04:23:20 INFO MetricsSystemImpl: azure-file-system metrics system shutdown complete.
18/05/28 04:23:22 INFO client.AHSProxy: Connecting to Application History server at headnodehost/10.0.0.21:10200
18/05/28 04:23:22 INFO client.RequestHedgingRMFailoverProxyProvider: Looking for the active RM in [rm1, rm2]...
18/05/28 04:23:22 INFO client.RequestHedgingRMFailoverProxyProvider: Found active RM [rm1]
18/05/28 04:23:23 INFO zlib.ZlibFactory: Successfully loaded & initialized native-zlib library
18/05/28 04:23:24 INFO compress.CodecPool: Got brand-new decompressor [.deflate]
Container: container_e24_1526907723201_0006_01_000001 on 10.0.0.14_30050_1527481402387
LogAggregationType: AGGREGATED
======================================================================================
18/05/28 04:23:24 INFO compress.CodecPool: Got brand-new decompressor [.deflate]
LogType:stderr
Log Upload Time:Mon May 28 04:23:22 +0000 2018
LogLength:548
Log Contents:
SLF4J: Class path contains multiple SLF4J bindings.
SLF4J: Found binding in [jar:file:/usr/hdp/2.6.0.2-76/spark2/jars/slf4j-log4j12-1.7.16.jar!/org/slf4j/impl/StaticLoggerBinder.class]
SLF4J: Found binding in [jar:file:/usr/hdp/2.6.0.2-76/hadoop/lib/slf4j-log4j12-1.7.10.jar!/org/slf4j/impl/StaticLoggerBinder.class]
SLF4J: See http://www.slf4j.org/codes.html#multiple_bindings for an explanation.
SLF4J: Actual binding is of type [org.slf4j.impl.Log4jLoggerFactory]
18/05/28 04:19:50 ERROR ApplicationMaster: User application exited with status 1

End of LogType:stderr

Container: container_e24_1526907723201_0006_02_000001 on 10.0.0.14_30050_1527481402387
LogAggregationType: AGGREGATED
======================================================================================
18/05/28 04:23:24 INFO compress.CodecPool: Got brand-new decompressor [.deflate]
LogType:stderr
Log Upload Time:Mon May 28 04:23:22 +0000 2018
LogLength:548
Log Contents:
SLF4J: Class path contains multiple SLF4J bindings.
SLF4J: Found binding in [jar:file:/usr/hdp/2.6.0.2-76/spark2/jars/slf4j-log4j12-1.7.16.jar!/org/slf4j/impl/StaticLoggerBinder.class]
SLF4J: Found binding in [jar:file:/usr/hdp/2.6.0.2-76/hadoop/lib/slf4j-log4j12-1.7.10.jar!/org/slf4j/impl/StaticLoggerBinder.class]
SLF4J: See http://www.slf4j.org/codes.html#multiple_bindings for an explanation.
SLF4J: Actual binding is of type [org.slf4j.impl.Log4jLoggerFactory]
18/05/28 04:20:40 ERROR ApplicationMaster: User application exited with status 1

End of LogType:stderr

Container: container_e24_1526907723201_0006_03_000001 on 10.0.0.14_30050_1527481402387
LogAggregationType: AGGREGATED
======================================================================================
18/05/28 04:23:25 INFO compress.CodecPool: Got brand-new decompressor [.deflate]
LogType:stderr
Log Upload Time:Mon May 28 04:23:22 +0000 2018
LogLength:548
Log Contents:
SLF4J: Class path contains multiple SLF4J bindings.
SLF4J: Found binding in [jar:file:/usr/hdp/2.6.0.2-76/spark2/jars/slf4j-log4j12-1.7.16.jar!/org/slf4j/impl/StaticLoggerBinder.class]
SLF4J: Found binding in [jar:file:/usr/hdp/2.6.0.2-76/hadoop/lib/slf4j-log4j12-1.7.10.jar!/org/slf4j/impl/StaticLoggerBinder.class]
SLF4J: See http://www.slf4j.org/codes.html#multiple_bindings for an explanation.
SLF4J: Actual binding is of type [org.slf4j.impl.Log4jLoggerFactory]
18/05/28 04:21:32 ERROR ApplicationMaster: User application exited with status 1

End of LogType:stderr

Container: container_e24_1526907723201_0006_04_000001 on 10.0.0.14_30050_1527481402387
LogAggregationType: AGGREGATED
======================================================================================
18/05/28 04:23:25 INFO compress.CodecPool: Got brand-new decompressor [.deflate]
LogType:stderr
Log Upload Time:Mon May 28 04:23:22 +0000 2018
LogLength:548
Log Contents:
SLF4J: Class path contains multiple SLF4J bindings.
SLF4J: Found binding in [jar:file:/usr/hdp/2.6.0.2-76/spark2/jars/slf4j-log4j12-1.7.16.jar!/org/slf4j/impl/StaticLoggerBinder.class]
SLF4J: Found binding in [jar:file:/usr/hdp/2.6.0.2-76/hadoop/lib/slf4j-log4j12-1.7.10.jar!/org/slf4j/impl/StaticLoggerBinder.class]
SLF4J: See http://www.slf4j.org/codes.html#multiple_bindings for an explanation.
SLF4J: Actual binding is of type [org.slf4j.impl.Log4jLoggerFactory]
18/05/28 04:22:29 ERROR ApplicationMaster: User application exited with status 1

End of LogType:stderr

Container: container_e24_1526907723201_0006_05_000001 on 10.0.0.14_30050_1527481402387
LogAggregationType: AGGREGATED
======================================================================================
18/05/28 04:23:26 INFO compress.CodecPool: Got brand-new decompressor [.deflate]
LogType:stderr
Log Upload Time:Mon May 28 04:23:22 +0000 2018
LogLength:548
Log Contents:
SLF4J: Class path contains multiple SLF4J bindings.
SLF4J: Found binding in [jar:file:/usr/hdp/2.6.0.2-76/spark2/jars/slf4j-log4j12-1.7.16.jar!/org/slf4j/impl/StaticLoggerBinder.class]
SLF4J: Found binding in [jar:file:/usr/hdp/2.6.0.2-76/hadoop/lib/slf4j-log4j12-1.7.10.jar!/org/slf4j/impl/StaticLoggerBinder.class]
SLF4J: See http://www.slf4j.org/codes.html#multiple_bindings for an explanation.
SLF4J: Actual binding is of type [org.slf4j.impl.Log4jLoggerFactory]
18/05/28 04:23:19 ERROR ApplicationMaster: User application exited with status 1

End of LogType:stderr


Specified ALL for -am option. Printed logs for all am containers.
18/05/28 04:23:28 INFO client.AHSProxy: Connecting to Application History server at headnodehost/10.0.0.21:10200
18/05/28 04:23:28 INFO client.RequestHedgingRMFailoverProxyProvider: Looking for the active RM in [rm1, rm2]...
18/05/28 04:23:28 INFO client.RequestHedgingRMFailoverProxyProvider: Found active RM [rm1]
18/05/28 04:23:29 INFO zlib.ZlibFactory: Successfully loaded & initialized native-zlib library
18/05/28 04:23:29 INFO compress.CodecPool: Got brand-new decompressor [.deflate]
Container: container_e24_1526907723201_0006_01_000001 on 10.0.0.14_30050_1527481402387
LogAggregationType: AGGREGATED
======================================================================================
18/05/28 04:23:29 INFO compress.CodecPool: Got brand-new decompressor [.deflate]
LogType:stdout
Log Upload Time:Mon May 28 04:23:22 +0000 2018
LogLength:8721
Log Contents:
****************
Python version: 3.6.2 |Anaconda, Inc.| (default, Oct  5 2017, 07:59:26) 
[GCC 7.2.0]
Spark version: 2.1.0.2.6.0.2-76
****************
First 10 rows of Iris dataset:
+------------+-----------+------------+-----------+-----------+
|sepal-length|sepal-width|petal-length|petal-width|      class|
+------------+-----------+------------+-----------+-----------+
|         5.1|        3.5|         1.4|        0.2|Iris-setosa|
|         4.9|        3.0|         1.4|        0.2|Iris-setosa|
|         4.7|        3.2|         1.3|        0.2|Iris-setosa|
|         4.6|        3.1|         1.5|        0.2|Iris-setosa|
|         5.0|        3.6|         1.4|        0.2|Iris-setosa|
|         5.4|        3.9|         1.7|        0.4|Iris-setosa|
|         4.6|        3.4|         1.4|        0.3|Iris-setosa|
|         5.0|        3.4|         1.5|        0.2|Iris-setosa|
|         4.4|        2.9|         1.4|        0.2|Iris-setosa|
|         4.9|        3.1|         1.5|        0.1|Iris-setosa|
+------------+-----------+------------+-----------+-----------+
only showing top 10 rows

Reading for machine learning
+-----------------+-----+
|         features|label|
+-----------------+-----+
|[5.1,3.5,1.4,0.2]|  0.0|
|[4.9,3.0,1.4,0.2]|  0.0|
|[4.7,3.2,1.3,0.2]|  0.0|
|[4.6,3.1,1.5,0.2]|  0.0|
|[5.0,3.6,1.4,0.2]|  0.0|
|[5.4,3.9,1.7,0.4]|  0.0|
|[4.6,3.4,1.4,0.3]|  0.0|
|[5.0,3.4,1.5,0.2]|  0.0|
|[4.4,2.9,1.4,0.2]|  0.0|
|[4.9,3.1,1.5,0.1]|  0.0|
+-----------------+-----+
only showing top 10 rows

Prediction
+-----------------+-----+--------------------+--------------------+----------+
|         features|label|       rawPrediction|         probability|prediction|
+-----------------+-----+--------------------+--------------------+----------+
|[4.3,3.0,1.1,0.1]|  0.0|[6.26479602626508...|[0.98421273027833...|       0.0|
|[4.4,2.9,1.4,0.2]|  0.0|[5.42049380185088...|[0.96350838462427...|       0.0|
|[4.6,3.1,1.5,0.2]|  0.0|[5.57178156129075...|[0.96989238891924...|       0.0|
|[4.6,3.4,1.4,0.3]|  0.0|[6.19172658764737...|[0.98832255866889...|       0.0|
|[4.8,3.4,1.9,0.2]|  0.0|[5.67956594661148...|[0.97704116367768...|       0.0|
|[4.9,2.4,3.3,1.0]|  1.0|[0.22051720500634...|[0.15908983315218...|       1.0|
|[5.0,3.3,1.4,0.2]|  0.0|[5.67637874715150...|[0.96963346526762...|       0.0|
|[5.0,3.4,1.5,0.2]|  0.0|[5.82286542720387...|[0.97606458809941...|       0.0|
|[5.0,3.4,1.6,0.4]|  0.0|[5.32888015583110...|[0.96861787422465...|       0.0|
|[5.0,3.5,1.3,0.3]|  0.0|[6.05484206636999...|[0.98373578553325...|       0.0|
+-----------------+-----+--------------------+--------------------+----------+
only showing top 10 rows


#####################################
Regularization rate is 0.01
Accuracy is 0.9574468085106383
#####################################

The experiment completed successfully. Starting post-processing steps.
Traceback (most recent call last):
  File "context_manager_injector.py", line 72, in execute_with_context
    with open(complete_file_path, "a") as stream:
FileNotFoundError: [Errno 2] No such file or directory: '/mnt/resource/hadoop/yarn/local/usercache/ninghai/appcache/application_1526907723201_0006/container_e24_1526907723201_0006_01_000001/azureml-setup/complete'

Traceback (most recent call last):
  File "context_manager_injector.py", line 72, in execute_with_context
    with open(complete_file_path, "a") as stream:
FileNotFoundError: [Errno 2] No such file or directory: '/mnt/resource/hadoop/yarn/local/usercache/ninghai/appcache/application_1526907723201_0006/container_e24_1526907723201_0006_01_000001/azureml-setup/complete'

During handling of the above exception, another exception occurred:

Traceback (most recent call last):
  File "context_manager_injector.py", line 111, in <module>
    execute_with_context(cm_objects, options.invocation)
  File "context_manager_injector.py", line 73, in execute_with_context
    print("Prehistory!", file=stream)
  File "/mnt/resource/hadoop/yarn/local/usercache/ninghai/appcache/application_1526907723201_0006/container_e24_1526907723201_0006_01_000001/azureml_40b348c4d7381beefb01312cdebdaa0b.zip/home/ninghai/.azureml/envs/azureml_40b348c4d7381beefb01312cdebdaa0b/lib/python3.6/contextlib.py", line 380, in __exit__
    raise exc_details[1]
  File "/mnt/resource/hadoop/yarn/local/usercache/ninghai/appcache/application_1526907723201_0006/container_e24_1526907723201_0006_01_000001/azureml_40b348c4d7381beefb01312cdebdaa0b.zip/home/ninghai/.azureml/envs/azureml_40b348c4d7381beefb01312cdebdaa0b/lib/python3.6/contextlib.py", line 365, in __exit__
    if cb(*exc_details):
  File "/mnt/resource/hadoop/yarn/local/usercache/ninghai/appcache/application_1526907723201_0006/container_e24_1526907723201_0006_01_000001/azureml_40b348c4d7381beefb01312cdebdaa0b.zip/home/ninghai/.azureml/envs/azureml_40b348c4d7381beefb01312cdebdaa0b/lib/python3.6/contextlib.py", line 284, in _exit_wrapper
    return cm_exit(cm, *exc_details)
  File "context_manager_injector.py", line 30, in __exit__
    self.context_manager.__exit__(*exc_details)
  File "/mnt/resource/hadoop/yarn/local/usercache/ninghai/appcache/application_1526907723201_0006/container_e24_1526907723201_0006_01_000001/context_managers.py", line 49, in __exit__
    self.history_context.__exit__(*args)
  File "/mnt/resource/hadoop/yarn/local/usercache/ninghai/appcache/application_1526907723201_0006/container_e24_1526907723201_0006_01_000001/azureml_40b348c4d7381beefb01312cdebdaa0b.zip/home/ninghai/.azureml/envs/azureml_40b348c4d7381beefb01312cdebdaa0b/lib/python3.6/site-packages/azureml/history/utils/context_managers.py", line 50, in __exit__
    self._exit_stack.__exit__(*args)
  File "/mnt/resource/hadoop/yarn/local/usercache/ninghai/appcache/application_1526907723201_0006/container_e24_1526907723201_0006_01_000001/azureml_40b348c4d7381beefb01312cdebdaa0b.zip/home/ninghai/.azureml/envs/azureml_40b348c4d7381beefb01312cdebdaa0b/lib/python3.6/contextlib.py", line 380, in __exit__
    raise exc_details[1]
  File "/mnt/resource/hadoop/yarn/local/usercache/ninghai/appcache/application_1526907723201_0006/container_e24_1526907723201_0006_01_000001/azureml_40b348c4d7381beefb01312cdebdaa0b.zip/home/ninghai/.azureml/envs/azureml_40b348c4d7381beefb01312cdebdaa0b/lib/python3.6/contextlib.py", line 365, in __exit__
    if cb(*exc_details):
  File "/mnt/resource/hadoop/yarn/local/usercache/ninghai/appcache/application_1526907723201_0006/container_e24_1526907723201_0006_01_000001/azureml_40b348c4d7381beefb01312cdebdaa0b.zip/home/ninghai/.azureml/envs/azureml_40b348c4d7381beefb01312cdebdaa0b/lib/python3.6/contextlib.py", line 284, in _exit_wrapper
    return cm_exit(cm, *exc_details)
  File "/mnt/resource/hadoop/yarn/local/usercache/ninghai/appcache/application_1526907723201_0006/container_e24_1526907723201_0006_01_000001/azureml_40b348c4d7381beefb01312cdebdaa0b.zip/home/ninghai/.azureml/envs/azureml_40b348c4d7381beefb01312cdebdaa0b/lib/python3.6/site-packages/azureml/history/utils/context_managers.py", line 141, in __exit__
    self.blacklist + [self.user_log_path])
  File "/mnt/resource/hadoop/yarn/local/usercache/ninghai/appcache/application_1526907723201_0006/container_e24_1526907723201_0006_01_000001/azureml_40b348c4d7381beefb01312cdebdaa0b.zip/home/ninghai/.azureml/envs/azureml_40b348c4d7381beefb01312cdebdaa0b/lib/python3.6/site-packages/azureml/history/utils/context_managers.py", line 87, in track
    fs.track(run_tracker, track_folders, blacklist)
  File "/mnt/resource/hadoop/yarn/local/usercache/ninghai/appcache/application_1526907723201_0006/container_e24_1526907723201_0006_01_000001/azureml_40b348c4d7381beefb01312cdebdaa0b.zip/home/ninghai/.azureml/envs/azureml_40b348c4d7381beefb01312cdebdaa0b/lib/python3.6/site-packages/azureml/history/utils/filesystem.py", line 130, in track
    self._upload_hdi_outputs(run_tracker)
  File "/mnt/resource/hadoop/yarn/local/usercache/ninghai/appcache/application_1526907723201_0006/container_e24_1526907723201_0006_01_000001/azureml_40b348c4d7381beefb01312cdebdaa0b.zip/home/ninghai/.azureml/envs/azureml_40b348c4d7381beefb01312cdebdaa0b/lib/python3.6/site-packages/azureml/history/utils/filesystem.py", line 154, in _upload_hdi_outputs
    container_sas = get_container_sas(wasburl)
  File "/mnt/resource/hadoop/yarn/local/usercache/ninghai/appcache/application_1526907723201_0006/container_e24_1526907723201_0006_01_000001/azureml_40b348c4d7381beefb01312cdebdaa0b.zip/home/ninghai/.azureml/envs/azureml_40b348c4d7381beefb01312cdebdaa0b/lib/python3.6/site-packages/azureml/history/utils/_hdi_wasb_utils.py", line 32, in get_container_sas
    from azure.storage.models import AccountPermissions
ModuleNotFoundError: No module named 'azure.storage.models'

End of LogType:stdout

Container: container_e24_1526907723201_0006_02_000001 on 10.0.0.14_30050_1527481402387
LogAggregationType: AGGREGATED
======================================================================================
18/05/28 04:23:30 INFO compress.CodecPool: Got brand-new decompressor [.deflate]
LogType:stdout
Log Upload Time:Mon May 28 04:23:22 +0000 2018
LogLength:10712
Log Contents:
****************
Python version: 3.6.2 |Anaconda, Inc.| (default, Oct  5 2017, 07:59:26) 
[GCC 7.2.0]
Spark version: 2.1.0.2.6.0.2-76
****************
First 10 rows of Iris dataset:
+------------+-----------+------------+-----------+-----------+
|sepal-length|sepal-width|petal-length|petal-width|      class|
+------------+-----------+------------+-----------+-----------+
|         5.1|        3.5|         1.4|        0.2|Iris-setosa|
|         4.9|        3.0|         1.4|        0.2|Iris-setosa|
|         4.7|        3.2|         1.3|        0.2|Iris-setosa|
|         4.6|        3.1|         1.5|        0.2|Iris-setosa|
|         5.0|        3.6|         1.4|        0.2|Iris-setosa|
|         5.4|        3.9|         1.7|        0.4|Iris-setosa|
|         4.6|        3.4|         1.4|        0.3|Iris-setosa|
|         5.0|        3.4|         1.5|        0.2|Iris-setosa|
|         4.4|        2.9|         1.4|        0.2|Iris-setosa|
|         4.9|        3.1|         1.5|        0.1|Iris-setosa|
+------------+-----------+------------+-----------+-----------+
only showing top 10 rows

Reading for machine learning
+-----------------+-----+
|         features|label|
+-----------------+-----+
|[5.1,3.5,1.4,0.2]|  0.0|
|[4.9,3.0,1.4,0.2]|  0.0|
|[4.7,3.2,1.3,0.2]|  0.0|
|[4.6,3.1,1.5,0.2]|  0.0|
|[5.0,3.6,1.4,0.2]|  0.0|
|[5.4,3.9,1.7,0.4]|  0.0|
|[4.6,3.4,1.4,0.3]|  0.0|
|[5.0,3.4,1.5,0.2]|  0.0|
|[4.4,2.9,1.4,0.2]|  0.0|
|[4.9,3.1,1.5,0.1]|  0.0|
+-----------------+-----+
only showing top 10 rows

Prediction
+-----------------+-----+--------------------+--------------------+----------+
|         features|label|       rawPrediction|         probability|prediction|
+-----------------+-----+--------------------+--------------------+----------+
|[4.3,3.0,1.1,0.1]|  0.0|[6.22369015696096...|[0.98331968760667...|       0.0|
|[4.6,3.1,1.5,0.2]|  0.0|[5.50442938808886...|[0.96730159484759...|       0.0|
|[4.6,3.4,1.4,0.3]|  0.0|[6.06658026167186...|[0.98562048476862...|       0.0|
|[4.7,3.2,1.6,0.2]|  0.0|[5.51645706911139...|[0.96854435798316...|       0.0|
|[4.8,3.0,1.4,0.3]|  0.0|[4.92650466066399...|[0.93625443120885...|       0.0|
|[4.8,3.1,1.6,0.2]|  0.0|[5.17202160029615...|[0.95046593109189...|       0.0|
|[4.9,2.5,4.5,1.7]|  2.0|[-2.1888939449518...|[0.01833379551671...|       1.0|
|[5.0,2.0,3.5,1.0]|  1.0|[-1.0225401599668...|[0.03505911812551...|       1.0|
|[5.0,2.3,3.3,1.0]|  1.0|[-0.1562501378215...|[0.09548593808979...|       1.0|
|[5.0,3.2,1.2,0.2]|  0.0|[5.53892371189022...|[0.96184035297899...|       0.0|
+-----------------+-----+--------------------+--------------------+----------+
only showing top 10 rows


#####################################
Regularization rate is 0.01
Accuracy is 0.9803921568627451
#####################################

The experiment completed successfully. Starting post-processing steps.
Traceback (most recent call last):
  File "context_manager_injector.py", line 72, in execute_with_context
    with open(complete_file_path, "a") as stream:
FileNotFoundError: [Errno 2] No such file or directory: '/mnt/resource/hadoop/yarn/local/usercache/ninghai/appcache/application_1526907723201_0006/container_e24_1526907723201_0006_02_000001/azureml-setup/complete'

Traceback (most recent call last):
  File "context_manager_injector.py", line 72, in execute_with_context
    with open(complete_file_path, "a") as stream:
FileNotFoundError: [Errno 2] No such file or directory: '/mnt/resource/hadoop/yarn/local/usercache/ninghai/appcache/application_1526907723201_0006/container_e24_1526907723201_0006_02_000001/azureml-setup/complete'

During handling of the above exception, another exception occurred:

Traceback (most recent call last):
  File "/mnt/resource/hadoop/yarn/local/usercache/ninghai/appcache/application_1526907723201_0006/container_e24_1526907723201_0006_02_000001/azureml_40b348c4d7381beefb01312cdebdaa0b.zip/home/ninghai/.azureml/envs/azureml_40b348c4d7381beefb01312cdebdaa0b/lib/python3.6/contextlib.py", line 365, in __exit__
    if cb(*exc_details):
  File "/mnt/resource/hadoop/yarn/local/usercache/ninghai/appcache/application_1526907723201_0006/container_e24_1526907723201_0006_02_000001/azureml_40b348c4d7381beefb01312cdebdaa0b.zip/home/ninghai/.azureml/envs/azureml_40b348c4d7381beefb01312cdebdaa0b/lib/python3.6/contextlib.py", line 284, in _exit_wrapper
    return cm_exit(cm, *exc_details)
  File "/mnt/resource/hadoop/yarn/local/usercache/ninghai/appcache/application_1526907723201_0006/container_e24_1526907723201_0006_02_000001/azureml_40b348c4d7381beefb01312cdebdaa0b.zip/home/ninghai/.azureml/envs/azureml_40b348c4d7381beefb01312cdebdaa0b/lib/python3.6/site-packages/azureml/history/utils/context_managers.py", line 141, in __exit__
    self.blacklist + [self.user_log_path])
  File "/mnt/resource/hadoop/yarn/local/usercache/ninghai/appcache/application_1526907723201_0006/container_e24_1526907723201_0006_02_000001/azureml_40b348c4d7381beefb01312cdebdaa0b.zip/home/ninghai/.azureml/envs/azureml_40b348c4d7381beefb01312cdebdaa0b/lib/python3.6/site-packages/azureml/history/utils/context_managers.py", line 87, in track
    fs.track(run_tracker, track_folders, blacklist)
  File "/mnt/resource/hadoop/yarn/local/usercache/ninghai/appcache/application_1526907723201_0006/container_e24_1526907723201_0006_02_000001/azureml_40b348c4d7381beefb01312cdebdaa0b.zip/home/ninghai/.azureml/envs/azureml_40b348c4d7381beefb01312cdebdaa0b/lib/python3.6/site-packages/azureml/history/utils/filesystem.py", line 130, in track
    self._upload_hdi_outputs(run_tracker)
  File "/mnt/resource/hadoop/yarn/local/usercache/ninghai/appcache/application_1526907723201_0006/container_e24_1526907723201_0006_02_000001/azureml_40b348c4d7381beefb01312cdebdaa0b.zip/home/ninghai/.azureml/envs/azureml_40b348c4d7381beefb01312cdebdaa0b/lib/python3.6/site-packages/azureml/history/utils/filesystem.py", line 154, in _upload_hdi_outputs
    container_sas = get_container_sas(wasburl)
  File "/mnt/resource/hadoop/yarn/local/usercache/ninghai/appcache/application_1526907723201_0006/container_e24_1526907723201_0006_02_000001/azureml_40b348c4d7381beefb01312cdebdaa0b.zip/home/ninghai/.azureml/envs/azureml_40b348c4d7381beefb01312cdebdaa0b/lib/python3.6/site-packages/azureml/history/utils/_hdi_wasb_utils.py", line 32, in get_container_sas
    from azure.storage.models import AccountPermissions
ModuleNotFoundError: No module named 'azure.storage.models'

During handling of the above exception, another exception occurred:

Traceback (most recent call last):
  File "context_manager_injector.py", line 111, in <module>
    execute_with_context(cm_objects, options.invocation)
  File "context_manager_injector.py", line 73, in execute_with_context
    print("Prehistory!", file=stream)
  File "/mnt/resource/hadoop/yarn/local/usercache/ninghai/appcache/application_1526907723201_0006/container_e24_1526907723201_0006_02_000001/azureml_40b348c4d7381beefb01312cdebdaa0b.zip/home/ninghai/.azureml/envs/azureml_40b348c4d7381beefb01312cdebdaa0b/lib/python3.6/contextlib.py", line 380, in __exit__
    raise exc_details[1]
  File "/mnt/resource/hadoop/yarn/local/usercache/ninghai/appcache/application_1526907723201_0006/container_e24_1526907723201_0006_02_000001/azureml_40b348c4d7381beefb01312cdebdaa0b.zip/home/ninghai/.azureml/envs/azureml_40b348c4d7381beefb01312cdebdaa0b/lib/python3.6/contextlib.py", line 365, in __exit__
    if cb(*exc_details):
  File "/mnt/resource/hadoop/yarn/local/usercache/ninghai/appcache/application_1526907723201_0006/container_e24_1526907723201_0006_02_000001/azureml_40b348c4d7381beefb01312cdebdaa0b.zip/home/ninghai/.azureml/envs/azureml_40b348c4d7381beefb01312cdebdaa0b/lib/python3.6/contextlib.py", line 284, in _exit_wrapper
    return cm_exit(cm, *exc_details)
  File "context_manager_injector.py", line 30, in __exit__
    self.context_manager.__exit__(*exc_details)
  File "/mnt/resource/hadoop/yarn/local/usercache/ninghai/appcache/application_1526907723201_0006/container_e24_1526907723201_0006_02_000001/context_managers.py", line 49, in __exit__
    self.history_context.__exit__(*args)
  File "/mnt/resource/hadoop/yarn/local/usercache/ninghai/appcache/application_1526907723201_0006/container_e24_1526907723201_0006_02_000001/azureml_40b348c4d7381beefb01312cdebdaa0b.zip/home/ninghai/.azureml/envs/azureml_40b348c4d7381beefb01312cdebdaa0b/lib/python3.6/site-packages/azureml/history/utils/context_managers.py", line 50, in __exit__
    self._exit_stack.__exit__(*args)
  File "/mnt/resource/hadoop/yarn/local/usercache/ninghai/appcache/application_1526907723201_0006/container_e24_1526907723201_0006_02_000001/azureml_40b348c4d7381beefb01312cdebdaa0b.zip/home/ninghai/.azureml/envs/azureml_40b348c4d7381beefb01312cdebdaa0b/lib/python3.6/contextlib.py", line 380, in __exit__
    raise exc_details[1]
  File "/mnt/resource/hadoop/yarn/local/usercache/ninghai/appcache/application_1526907723201_0006/container_e24_1526907723201_0006_02_000001/azureml_40b348c4d7381beefb01312cdebdaa0b.zip/home/ninghai/.azureml/envs/azureml_40b348c4d7381beefb01312cdebdaa0b/lib/python3.6/contextlib.py", line 365, in __exit__
    if cb(*exc_details):
  File "/mnt/resource/hadoop/yarn/local/usercache/ninghai/appcache/application_1526907723201_0006/container_e24_1526907723201_0006_02_000001/azureml_40b348c4d7381beefb01312cdebdaa0b.zip/home/ninghai/.azureml/envs/azureml_40b348c4d7381beefb01312cdebdaa0b/lib/python3.6/contextlib.py", line 284, in _exit_wrapper
    return cm_exit(cm, *exc_details)
  File "/mnt/resource/hadoop/yarn/local/usercache/ninghai/appcache/application_1526907723201_0006/container_e24_1526907723201_0006_02_000001/azureml_40b348c4d7381beefb01312cdebdaa0b.zip/home/ninghai/.azureml/envs/azureml_40b348c4d7381beefb01312cdebdaa0b/lib/python3.6/site-packages/azureml/history/utils/context_managers.py", line 157, in __exit__
    self.run_tracker.upload_file(self.driver_log_name, self.user_log_path)
  File "/mnt/resource/hadoop/yarn/local/usercache/ninghai/appcache/application_1526907723201_0006/container_e24_1526907723201_0006_02_000001/azureml_40b348c4d7381beefb01312cdebdaa0b.zip/home/ninghai/.azureml/envs/azureml_40b348c4d7381beefb01312cdebdaa0b/lib/python3.6/site-packages/azureml/core/run.py", line 461, in upload_file
    return self._client.upload_file(name, path_or_stream)
  File "/mnt/resource/hadoop/yarn/local/usercache/ninghai/appcache/application_1526907723201_0006/container_e24_1526907723201_0006_02_000001/azureml_40b348c4d7381beefb01312cdebdaa0b.zip/home/ninghai/.azureml/envs/azureml_40b348c4d7381beefb01312cdebdaa0b/lib/python3.6/site-packages/azureml/_run_impl/artifacts_client.py", line 53, in upload_file
    assert(len(artifact_keys) == 1)
AssertionError

End of LogType:stdout

Container: container_e24_1526907723201_0006_03_000001 on 10.0.0.14_30050_1527481402387
LogAggregationType: AGGREGATED
======================================================================================
18/05/28 04:23:30 INFO compress.CodecPool: Got brand-new decompressor [.deflate]
LogType:stdout
Log Upload Time:Mon May 28 04:23:22 +0000 2018
LogLength:10712
Log Contents:
****************
Python version: 3.6.2 |Anaconda, Inc.| (default, Oct  5 2017, 07:59:26) 
[GCC 7.2.0]
Spark version: 2.1.0.2.6.0.2-76
****************
First 10 rows of Iris dataset:
+------------+-----------+------------+-----------+-----------+
|sepal-length|sepal-width|petal-length|petal-width|      class|
+------------+-----------+------------+-----------+-----------+
|         5.1|        3.5|         1.4|        0.2|Iris-setosa|
|         4.9|        3.0|         1.4|        0.2|Iris-setosa|
|         4.7|        3.2|         1.3|        0.2|Iris-setosa|
|         4.6|        3.1|         1.5|        0.2|Iris-setosa|
|         5.0|        3.6|         1.4|        0.2|Iris-setosa|
|         5.4|        3.9|         1.7|        0.4|Iris-setosa|
|         4.6|        3.4|         1.4|        0.3|Iris-setosa|
|         5.0|        3.4|         1.5|        0.2|Iris-setosa|
|         4.4|        2.9|         1.4|        0.2|Iris-setosa|
|         4.9|        3.1|         1.5|        0.1|Iris-setosa|
+------------+-----------+------------+-----------+-----------+
only showing top 10 rows

Reading for machine learning
+-----------------+-----+
|         features|label|
+-----------------+-----+
|[5.1,3.5,1.4,0.2]|  0.0|
|[4.9,3.0,1.4,0.2]|  0.0|
|[4.7,3.2,1.3,0.2]|  0.0|
|[4.6,3.1,1.5,0.2]|  0.0|
|[5.0,3.6,1.4,0.2]|  0.0|
|[5.4,3.9,1.7,0.4]|  0.0|
|[4.6,3.4,1.4,0.3]|  0.0|
|[5.0,3.4,1.5,0.2]|  0.0|
|[4.4,2.9,1.4,0.2]|  0.0|
|[4.9,3.1,1.5,0.1]|  0.0|
+-----------------+-----+
only showing top 10 rows

Prediction
+-----------------+-----+--------------------+--------------------+----------+
|         features|label|       rawPrediction|         probability|prediction|
+-----------------+-----+--------------------+--------------------+----------+
|[4.6,3.1,1.5,0.2]|  0.0|[5.41670457938876...|[0.97309738767431...|       0.0|
|[4.6,3.2,1.4,0.2]|  0.0|[5.72193563275219...|[0.98168137068842...|       0.0|
|[4.6,3.4,1.4,0.3]|  0.0|[5.94817878926952...|[0.98913109755982...|       0.0|
|[4.7,3.2,1.6,0.2]|  0.0|[5.41565087875315...|[0.97416621066380...|       0.0|
|[4.9,2.4,3.3,1.0]|  1.0|[0.31249823291996...|[0.18889579587235...|       1.0|
|[4.9,3.1,1.5,0.1]|  0.0|[5.25480268241885...|[0.95664333627810...|       0.0|
|[5.1,2.5,3.0,1.1]|  1.0|[0.36640765771113...|[0.19544722767451...|       1.0|
|[5.1,3.4,1.5,0.2]|  0.0|[5.45325744541477...|[0.97184162074319...|       0.0|
|[5.1,3.5,1.4,0.3]|  0.0|[5.56063625597751...|[0.97874279649717...|       0.0|
|[5.1,3.7,1.5,0.4]|  0.0|[5.69369605879041...|[0.98639016835617...|       0.0|
+-----------------+-----+--------------------+--------------------+----------+
only showing top 10 rows


#####################################
Regularization rate is 0.01
Accuracy is 0.9411764705882353
#####################################

The experiment completed successfully. Starting post-processing steps.
Traceback (most recent call last):
  File "context_manager_injector.py", line 72, in execute_with_context
    with open(complete_file_path, "a") as stream:
FileNotFoundError: [Errno 2] No such file or directory: '/mnt/resource/hadoop/yarn/local/usercache/ninghai/appcache/application_1526907723201_0006/container_e24_1526907723201_0006_03_000001/azureml-setup/complete'

Traceback (most recent call last):
  File "context_manager_injector.py", line 72, in execute_with_context
    with open(complete_file_path, "a") as stream:
FileNotFoundError: [Errno 2] No such file or directory: '/mnt/resource/hadoop/yarn/local/usercache/ninghai/appcache/application_1526907723201_0006/container_e24_1526907723201_0006_03_000001/azureml-setup/complete'

During handling of the above exception, another exception occurred:

Traceback (most recent call last):
  File "/mnt/resource/hadoop/yarn/local/usercache/ninghai/appcache/application_1526907723201_0006/container_e24_1526907723201_0006_03_000001/azureml_40b348c4d7381beefb01312cdebdaa0b.zip/home/ninghai/.azureml/envs/azureml_40b348c4d7381beefb01312cdebdaa0b/lib/python3.6/contextlib.py", line 365, in __exit__
    if cb(*exc_details):
  File "/mnt/resource/hadoop/yarn/local/usercache/ninghai/appcache/application_1526907723201_0006/container_e24_1526907723201_0006_03_000001/azureml_40b348c4d7381beefb01312cdebdaa0b.zip/home/ninghai/.azureml/envs/azureml_40b348c4d7381beefb01312cdebdaa0b/lib/python3.6/contextlib.py", line 284, in _exit_wrapper
    return cm_exit(cm, *exc_details)
  File "/mnt/resource/hadoop/yarn/local/usercache/ninghai/appcache/application_1526907723201_0006/container_e24_1526907723201_0006_03_000001/azureml_40b348c4d7381beefb01312cdebdaa0b.zip/home/ninghai/.azureml/envs/azureml_40b348c4d7381beefb01312cdebdaa0b/lib/python3.6/site-packages/azureml/history/utils/context_managers.py", line 141, in __exit__
    self.blacklist + [self.user_log_path])
  File "/mnt/resource/hadoop/yarn/local/usercache/ninghai/appcache/application_1526907723201_0006/container_e24_1526907723201_0006_03_000001/azureml_40b348c4d7381beefb01312cdebdaa0b.zip/home/ninghai/.azureml/envs/azureml_40b348c4d7381beefb01312cdebdaa0b/lib/python3.6/site-packages/azureml/history/utils/context_managers.py", line 87, in track
    fs.track(run_tracker, track_folders, blacklist)
  File "/mnt/resource/hadoop/yarn/local/usercache/ninghai/appcache/application_1526907723201_0006/container_e24_1526907723201_0006_03_000001/azureml_40b348c4d7381beefb01312cdebdaa0b.zip/home/ninghai/.azureml/envs/azureml_40b348c4d7381beefb01312cdebdaa0b/lib/python3.6/site-packages/azureml/history/utils/filesystem.py", line 130, in track
    self._upload_hdi_outputs(run_tracker)
  File "/mnt/resource/hadoop/yarn/local/usercache/ninghai/appcache/application_1526907723201_0006/container_e24_1526907723201_0006_03_000001/azureml_40b348c4d7381beefb01312cdebdaa0b.zip/home/ninghai/.azureml/envs/azureml_40b348c4d7381beefb01312cdebdaa0b/lib/python3.6/site-packages/azureml/history/utils/filesystem.py", line 154, in _upload_hdi_outputs
    container_sas = get_container_sas(wasburl)
  File "/mnt/resource/hadoop/yarn/local/usercache/ninghai/appcache/application_1526907723201_0006/container_e24_1526907723201_0006_03_000001/azureml_40b348c4d7381beefb01312cdebdaa0b.zip/home/ninghai/.azureml/envs/azureml_40b348c4d7381beefb01312cdebdaa0b/lib/python3.6/site-packages/azureml/history/utils/_hdi_wasb_utils.py", line 32, in get_container_sas
    from azure.storage.models import AccountPermissions
ModuleNotFoundError: No module named 'azure.storage.models'

During handling of the above exception, another exception occurred:

Traceback (most recent call last):
  File "context_manager_injector.py", line 111, in <module>
    execute_with_context(cm_objects, options.invocation)
  File "context_manager_injector.py", line 73, in execute_with_context
    print("Prehistory!", file=stream)
  File "/mnt/resource/hadoop/yarn/local/usercache/ninghai/appcache/application_1526907723201_0006/container_e24_1526907723201_0006_03_000001/azureml_40b348c4d7381beefb01312cdebdaa0b.zip/home/ninghai/.azureml/envs/azureml_40b348c4d7381beefb01312cdebdaa0b/lib/python3.6/contextlib.py", line 380, in __exit__
    raise exc_details[1]
  File "/mnt/resource/hadoop/yarn/local/usercache/ninghai/appcache/application_1526907723201_0006/container_e24_1526907723201_0006_03_000001/azureml_40b348c4d7381beefb01312cdebdaa0b.zip/home/ninghai/.azureml/envs/azureml_40b348c4d7381beefb01312cdebdaa0b/lib/python3.6/contextlib.py", line 365, in __exit__
    if cb(*exc_details):
  File "/mnt/resource/hadoop/yarn/local/usercache/ninghai/appcache/application_1526907723201_0006/container_e24_1526907723201_0006_03_000001/azureml_40b348c4d7381beefb01312cdebdaa0b.zip/home/ninghai/.azureml/envs/azureml_40b348c4d7381beefb01312cdebdaa0b/lib/python3.6/contextlib.py", line 284, in _exit_wrapper
    return cm_exit(cm, *exc_details)
  File "context_manager_injector.py", line 30, in __exit__
    self.context_manager.__exit__(*exc_details)
  File "/mnt/resource/hadoop/yarn/local/usercache/ninghai/appcache/application_1526907723201_0006/container_e24_1526907723201_0006_03_000001/context_managers.py", line 49, in __exit__
    self.history_context.__exit__(*args)
  File "/mnt/resource/hadoop/yarn/local/usercache/ninghai/appcache/application_1526907723201_0006/container_e24_1526907723201_0006_03_000001/azureml_40b348c4d7381beefb01312cdebdaa0b.zip/home/ninghai/.azureml/envs/azureml_40b348c4d7381beefb01312cdebdaa0b/lib/python3.6/site-packages/azureml/history/utils/context_managers.py", line 50, in __exit__
    self._exit_stack.__exit__(*args)
  File "/mnt/resource/hadoop/yarn/local/usercache/ninghai/appcache/application_1526907723201_0006/container_e24_1526907723201_0006_03_000001/azureml_40b348c4d7381beefb01312cdebdaa0b.zip/home/ninghai/.azureml/envs/azureml_40b348c4d7381beefb01312cdebdaa0b/lib/python3.6/contextlib.py", line 380, in __exit__
    raise exc_details[1]
  File "/mnt/resource/hadoop/yarn/local/usercache/ninghai/appcache/application_1526907723201_0006/container_e24_1526907723201_0006_03_000001/azureml_40b348c4d7381beefb01312cdebdaa0b.zip/home/ninghai/.azureml/envs/azureml_40b348c4d7381beefb01312cdebdaa0b/lib/python3.6/contextlib.py", line 365, in __exit__
    if cb(*exc_details):
  File "/mnt/resource/hadoop/yarn/local/usercache/ninghai/appcache/application_1526907723201_0006/container_e24_1526907723201_0006_03_000001/azureml_40b348c4d7381beefb01312cdebdaa0b.zip/home/ninghai/.azureml/envs/azureml_40b348c4d7381beefb01312cdebdaa0b/lib/python3.6/contextlib.py", line 284, in _exit_wrapper
    return cm_exit(cm, *exc_details)
  File "/mnt/resource/hadoop/yarn/local/usercache/ninghai/appcache/application_1526907723201_0006/container_e24_1526907723201_0006_03_000001/azureml_40b348c4d7381beefb01312cdebdaa0b.zip/home/ninghai/.azureml/envs/azureml_40b348c4d7381beefb01312cdebdaa0b/lib/python3.6/site-packages/azureml/history/utils/context_managers.py", line 157, in __exit__
    self.run_tracker.upload_file(self.driver_log_name, self.user_log_path)
  File "/mnt/resource/hadoop/yarn/local/usercache/ninghai/appcache/application_1526907723201_0006/container_e24_1526907723201_0006_03_000001/azureml_40b348c4d7381beefb01312cdebdaa0b.zip/home/ninghai/.azureml/envs/azureml_40b348c4d7381beefb01312cdebdaa0b/lib/python3.6/site-packages/azureml/core/run.py", line 461, in upload_file
    return self._client.upload_file(name, path_or_stream)
  File "/mnt/resource/hadoop/yarn/local/usercache/ninghai/appcache/application_1526907723201_0006/container_e24_1526907723201_0006_03_000001/azureml_40b348c4d7381beefb01312cdebdaa0b.zip/home/ninghai/.azureml/envs/azureml_40b348c4d7381beefb01312cdebdaa0b/lib/python3.6/site-packages/azureml/_run_impl/artifacts_client.py", line 53, in upload_file
    assert(len(artifact_keys) == 1)
AssertionError

End of LogType:stdout

Container: container_e24_1526907723201_0006_04_000001 on 10.0.0.14_30050_1527481402387
LogAggregationType: AGGREGATED
======================================================================================
18/05/28 04:23:31 INFO compress.CodecPool: Got brand-new decompressor [.deflate]
LogType:stdout
Log Upload Time:Mon May 28 04:23:22 +0000 2018
LogLength:10712
Log Contents:
****************
Python version: 3.6.2 |Anaconda, Inc.| (default, Oct  5 2017, 07:59:26) 
[GCC 7.2.0]
Spark version: 2.1.0.2.6.0.2-76
****************
First 10 rows of Iris dataset:
+------------+-----------+------------+-----------+-----------+
|sepal-length|sepal-width|petal-length|petal-width|      class|
+------------+-----------+------------+-----------+-----------+
|         5.1|        3.5|         1.4|        0.2|Iris-setosa|
|         4.9|        3.0|         1.4|        0.2|Iris-setosa|
|         4.7|        3.2|         1.3|        0.2|Iris-setosa|
|         4.6|        3.1|         1.5|        0.2|Iris-setosa|
|         5.0|        3.6|         1.4|        0.2|Iris-setosa|
|         5.4|        3.9|         1.7|        0.4|Iris-setosa|
|         4.6|        3.4|         1.4|        0.3|Iris-setosa|
|         5.0|        3.4|         1.5|        0.2|Iris-setosa|
|         4.4|        2.9|         1.4|        0.2|Iris-setosa|
|         4.9|        3.1|         1.5|        0.1|Iris-setosa|
+------------+-----------+------------+-----------+-----------+
only showing top 10 rows

Reading for machine learning
+-----------------+-----+
|         features|label|
+-----------------+-----+
|[5.1,3.5,1.4,0.2]|  0.0|
|[4.9,3.0,1.4,0.2]|  0.0|
|[4.7,3.2,1.3,0.2]|  0.0|
|[4.6,3.1,1.5,0.2]|  0.0|
|[5.0,3.6,1.4,0.2]|  0.0|
|[5.4,3.9,1.7,0.4]|  0.0|
|[4.6,3.4,1.4,0.3]|  0.0|
|[5.0,3.4,1.5,0.2]|  0.0|
|[4.4,2.9,1.4,0.2]|  0.0|
|[4.9,3.1,1.5,0.1]|  0.0|
+-----------------+-----+
only showing top 10 rows

Prediction
+-----------------+-----+--------------------+--------------------+----------+
|         features|label|       rawPrediction|         probability|prediction|
+-----------------+-----+--------------------+--------------------+----------+
|[4.3,3.0,1.1,0.1]|  0.0|[6.06183948848890...|[0.97565564227834...|       0.0|
|[4.4,3.2,1.3,0.2]|  0.0|[6.12628854481584...|[0.98197990058899...|       0.0|
|[4.5,2.3,1.3,0.3]|  0.0|[3.26574327985842...|[0.59741703857004...|       0.0|
|[4.6,3.1,1.5,0.2]|  0.0|[5.45473178820200...|[0.95929556691197...|       0.0|
|[4.8,3.0,1.4,0.1]|  0.0|[5.26926499454892...|[0.93513763656802...|       0.0|
|[5.0,3.4,1.5,0.2]|  0.0|[5.88425307016356...|[0.97416245488383...|       0.0|
|[5.0,3.6,1.4,0.2]|  0.0|[6.53915130889859...|[0.9883784392144,...|       0.0|
|[5.1,3.3,1.7,0.5]|  0.0|[4.67112083422475...|[0.92999580914334...|       0.0|
|[5.1,3.8,1.5,0.3]|  0.0|[6.69385983079331...|[0.99204208494781...|       0.0|
|[5.2,4.1,1.5,0.1]|  0.0|[7.86708190361173...|[0.99756776357541...|       0.0|
+-----------------+-----+--------------------+--------------------+----------+
only showing top 10 rows


#####################################
Regularization rate is 0.01
Accuracy is 0.9512195121951219
#####################################

The experiment completed successfully. Starting post-processing steps.
Traceback (most recent call last):
  File "context_manager_injector.py", line 72, in execute_with_context
    with open(complete_file_path, "a") as stream:
FileNotFoundError: [Errno 2] No such file or directory: '/mnt/resource/hadoop/yarn/local/usercache/ninghai/appcache/application_1526907723201_0006/container_e24_1526907723201_0006_04_000001/azureml-setup/complete'

Traceback (most recent call last):
  File "context_manager_injector.py", line 72, in execute_with_context
    with open(complete_file_path, "a") as stream:
FileNotFoundError: [Errno 2] No such file or directory: '/mnt/resource/hadoop/yarn/local/usercache/ninghai/appcache/application_1526907723201_0006/container_e24_1526907723201_0006_04_000001/azureml-setup/complete'

During handling of the above exception, another exception occurred:

Traceback (most recent call last):
  File "/mnt/resource/hadoop/yarn/local/usercache/ninghai/appcache/application_1526907723201_0006/container_e24_1526907723201_0006_04_000001/azureml_40b348c4d7381beefb01312cdebdaa0b.zip/home/ninghai/.azureml/envs/azureml_40b348c4d7381beefb01312cdebdaa0b/lib/python3.6/contextlib.py", line 365, in __exit__
    if cb(*exc_details):
  File "/mnt/resource/hadoop/yarn/local/usercache/ninghai/appcache/application_1526907723201_0006/container_e24_1526907723201_0006_04_000001/azureml_40b348c4d7381beefb01312cdebdaa0b.zip/home/ninghai/.azureml/envs/azureml_40b348c4d7381beefb01312cdebdaa0b/lib/python3.6/contextlib.py", line 284, in _exit_wrapper
    return cm_exit(cm, *exc_details)
  File "/mnt/resource/hadoop/yarn/local/usercache/ninghai/appcache/application_1526907723201_0006/container_e24_1526907723201_0006_04_000001/azureml_40b348c4d7381beefb01312cdebdaa0b.zip/home/ninghai/.azureml/envs/azureml_40b348c4d7381beefb01312cdebdaa0b/lib/python3.6/site-packages/azureml/history/utils/context_managers.py", line 141, in __exit__
    self.blacklist + [self.user_log_path])
  File "/mnt/resource/hadoop/yarn/local/usercache/ninghai/appcache/application_1526907723201_0006/container_e24_1526907723201_0006_04_000001/azureml_40b348c4d7381beefb01312cdebdaa0b.zip/home/ninghai/.azureml/envs/azureml_40b348c4d7381beefb01312cdebdaa0b/lib/python3.6/site-packages/azureml/history/utils/context_managers.py", line 87, in track
    fs.track(run_tracker, track_folders, blacklist)
  File "/mnt/resource/hadoop/yarn/local/usercache/ninghai/appcache/application_1526907723201_0006/container_e24_1526907723201_0006_04_000001/azureml_40b348c4d7381beefb01312cdebdaa0b.zip/home/ninghai/.azureml/envs/azureml_40b348c4d7381beefb01312cdebdaa0b/lib/python3.6/site-packages/azureml/history/utils/filesystem.py", line 130, in track
    self._upload_hdi_outputs(run_tracker)
  File "/mnt/resource/hadoop/yarn/local/usercache/ninghai/appcache/application_1526907723201_0006/container_e24_1526907723201_0006_04_000001/azureml_40b348c4d7381beefb01312cdebdaa0b.zip/home/ninghai/.azureml/envs/azureml_40b348c4d7381beefb01312cdebdaa0b/lib/python3.6/site-packages/azureml/history/utils/filesystem.py", line 154, in _upload_hdi_outputs
    container_sas = get_container_sas(wasburl)
  File "/mnt/resource/hadoop/yarn/local/usercache/ninghai/appcache/application_1526907723201_0006/container_e24_1526907723201_0006_04_000001/azureml_40b348c4d7381beefb01312cdebdaa0b.zip/home/ninghai/.azureml/envs/azureml_40b348c4d7381beefb01312cdebdaa0b/lib/python3.6/site-packages/azureml/history/utils/_hdi_wasb_utils.py", line 32, in get_container_sas
    from azure.storage.models import AccountPermissions
ModuleNotFoundError: No module named 'azure.storage.models'

During handling of the above exception, another exception occurred:

Traceback (most recent call last):
  File "context_manager_injector.py", line 111, in <module>
    execute_with_context(cm_objects, options.invocation)
  File "context_manager_injector.py", line 73, in execute_with_context
    print("Prehistory!", file=stream)
  File "/mnt/resource/hadoop/yarn/local/usercache/ninghai/appcache/application_1526907723201_0006/container_e24_1526907723201_0006_04_000001/azureml_40b348c4d7381beefb01312cdebdaa0b.zip/home/ninghai/.azureml/envs/azureml_40b348c4d7381beefb01312cdebdaa0b/lib/python3.6/contextlib.py", line 380, in __exit__
    raise exc_details[1]
  File "/mnt/resource/hadoop/yarn/local/usercache/ninghai/appcache/application_1526907723201_0006/container_e24_1526907723201_0006_04_000001/azureml_40b348c4d7381beefb01312cdebdaa0b.zip/home/ninghai/.azureml/envs/azureml_40b348c4d7381beefb01312cdebdaa0b/lib/python3.6/contextlib.py", line 365, in __exit__
    if cb(*exc_details):
  File "/mnt/resource/hadoop/yarn/local/usercache/ninghai/appcache/application_1526907723201_0006/container_e24_1526907723201_0006_04_000001/azureml_40b348c4d7381beefb01312cdebdaa0b.zip/home/ninghai/.azureml/envs/azureml_40b348c4d7381beefb01312cdebdaa0b/lib/python3.6/contextlib.py", line 284, in _exit_wrapper
    return cm_exit(cm, *exc_details)
  File "context_manager_injector.py", line 30, in __exit__
    self.context_manager.__exit__(*exc_details)
  File "/mnt/resource/hadoop/yarn/local/usercache/ninghai/appcache/application_1526907723201_0006/container_e24_1526907723201_0006_04_000001/context_managers.py", line 49, in __exit__
    self.history_context.__exit__(*args)
  File "/mnt/resource/hadoop/yarn/local/usercache/ninghai/appcache/application_1526907723201_0006/container_e24_1526907723201_0006_04_000001/azureml_40b348c4d7381beefb01312cdebdaa0b.zip/home/ninghai/.azureml/envs/azureml_40b348c4d7381beefb01312cdebdaa0b/lib/python3.6/site-packages/azureml/history/utils/context_managers.py", line 50, in __exit__
    self._exit_stack.__exit__(*args)
  File "/mnt/resource/hadoop/yarn/local/usercache/ninghai/appcache/application_1526907723201_0006/container_e24_1526907723201_0006_04_000001/azureml_40b348c4d7381beefb01312cdebdaa0b.zip/home/ninghai/.azureml/envs/azureml_40b348c4d7381beefb01312cdebdaa0b/lib/python3.6/contextlib.py", line 380, in __exit__
    raise exc_details[1]
  File "/mnt/resource/hadoop/yarn/local/usercache/ninghai/appcache/application_1526907723201_0006/container_e24_1526907723201_0006_04_000001/azureml_40b348c4d7381beefb01312cdebdaa0b.zip/home/ninghai/.azureml/envs/azureml_40b348c4d7381beefb01312cdebdaa0b/lib/python3.6/contextlib.py", line 365, in __exit__
    if cb(*exc_details):
  File "/mnt/resource/hadoop/yarn/local/usercache/ninghai/appcache/application_1526907723201_0006/container_e24_1526907723201_0006_04_000001/azureml_40b348c4d7381beefb01312cdebdaa0b.zip/home/ninghai/.azureml/envs/azureml_40b348c4d7381beefb01312cdebdaa0b/lib/python3.6/contextlib.py", line 284, in _exit_wrapper
    return cm_exit(cm, *exc_details)
  File "/mnt/resource/hadoop/yarn/local/usercache/ninghai/appcache/application_1526907723201_0006/container_e24_1526907723201_0006_04_000001/azureml_40b348c4d7381beefb01312cdebdaa0b.zip/home/ninghai/.azureml/envs/azureml_40b348c4d7381beefb01312cdebdaa0b/lib/python3.6/site-packages/azureml/history/utils/context_managers.py", line 157, in __exit__
    self.run_tracker.upload_file(self.driver_log_name, self.user_log_path)
  File "/mnt/resource/hadoop/yarn/local/usercache/ninghai/appcache/application_1526907723201_0006/container_e24_1526907723201_0006_04_000001/azureml_40b348c4d7381beefb01312cdebdaa0b.zip/home/ninghai/.azureml/envs/azureml_40b348c4d7381beefb01312cdebdaa0b/lib/python3.6/site-packages/azureml/core/run.py", line 461, in upload_file
    return self._client.upload_file(name, path_or_stream)
  File "/mnt/resource/hadoop/yarn/local/usercache/ninghai/appcache/application_1526907723201_0006/container_e24_1526907723201_0006_04_000001/azureml_40b348c4d7381beefb01312cdebdaa0b.zip/home/ninghai/.azureml/envs/azureml_40b348c4d7381beefb01312cdebdaa0b/lib/python3.6/site-packages/azureml/_run_impl/artifacts_client.py", line 53, in upload_file
    assert(len(artifact_keys) == 1)
AssertionError

End of LogType:stdout

Container: container_e24_1526907723201_0006_05_000001 on 10.0.0.14_30050_1527481402387
LogAggregationType: AGGREGATED
======================================================================================
18/05/28 04:23:31 INFO compress.CodecPool: Got brand-new decompressor [.deflate]
LogType:stdout
Log Upload Time:Mon May 28 04:23:22 +0000 2018
LogLength:10712
Log Contents:
****************
Python version: 3.6.2 |Anaconda, Inc.| (default, Oct  5 2017, 07:59:26) 
[GCC 7.2.0]
Spark version: 2.1.0.2.6.0.2-76
****************
First 10 rows of Iris dataset:
+------------+-----------+------------+-----------+-----------+
|sepal-length|sepal-width|petal-length|petal-width|      class|
+------------+-----------+------------+-----------+-----------+
|         5.1|        3.5|         1.4|        0.2|Iris-setosa|
|         4.9|        3.0|         1.4|        0.2|Iris-setosa|
|         4.7|        3.2|         1.3|        0.2|Iris-setosa|
|         4.6|        3.1|         1.5|        0.2|Iris-setosa|
|         5.0|        3.6|         1.4|        0.2|Iris-setosa|
|         5.4|        3.9|         1.7|        0.4|Iris-setosa|
|         4.6|        3.4|         1.4|        0.3|Iris-setosa|
|         5.0|        3.4|         1.5|        0.2|Iris-setosa|
|         4.4|        2.9|         1.4|        0.2|Iris-setosa|
|         4.9|        3.1|         1.5|        0.1|Iris-setosa|
+------------+-----------+------------+-----------+-----------+
only showing top 10 rows

Reading for machine learning
+-----------------+-----+
|         features|label|
+-----------------+-----+
|[5.1,3.5,1.4,0.2]|  0.0|
|[4.9,3.0,1.4,0.2]|  0.0|
|[4.7,3.2,1.3,0.2]|  0.0|
|[4.6,3.1,1.5,0.2]|  0.0|
|[5.0,3.6,1.4,0.2]|  0.0|
|[5.4,3.9,1.7,0.4]|  0.0|
|[4.6,3.4,1.4,0.3]|  0.0|
|[5.0,3.4,1.5,0.2]|  0.0|
|[4.4,2.9,1.4,0.2]|  0.0|
|[4.9,3.1,1.5,0.1]|  0.0|
+-----------------+-----+
only showing top 10 rows

Prediction
+-----------------+-----+--------------------+--------------------+----------+
|         features|label|       rawPrediction|         probability|prediction|
+-----------------+-----+--------------------+--------------------+----------+
|[4.6,3.2,1.4,0.2]|  0.0|[5.82864759169006...|[0.97804194898082...|       0.0|
|[4.8,3.4,1.6,0.2]|  0.0|[5.84107244136353...|[0.98012691710826...|       0.0|
|[4.8,3.4,1.9,0.2]|  0.0|[5.55330586235916...|[0.97478392415199...|       0.0|
|[4.9,3.1,1.5,0.1]|  0.0|[5.37613313917281...|[0.95258006180124...|       0.0|
|[5.0,2.3,3.3,1.0]|  1.0|[-0.1200438525223...|[0.08780526269140...|       1.0|
|[5.1,3.3,1.7,0.5]|  0.0|[4.54234611997915...|[0.92887435436212...|       0.0|
|[5.1,3.8,1.6,0.2]|  0.0|[6.36611356493990...|[0.99010608426172...|       0.0|
|[5.3,3.7,1.5,0.2]|  0.0|[6.01039318343238...|[0.98232720447892...|       0.0|
|[5.4,3.4,1.5,0.4]|  0.0|[4.81487278658985...|[0.93334161175995...|       0.0|
|[5.4,3.9,1.7,0.4]|  0.0|[5.71621475089588...|[0.98258027221441...|       0.0|
+-----------------+-----+--------------------+--------------------+----------+
only showing top 10 rows


#####################################
Regularization rate is 0.01
Accuracy is 0.9714285714285714
#####################################

The experiment completed successfully. Starting post-processing steps.
Traceback (most recent call last):
  File "context_manager_injector.py", line 72, in execute_with_context
    with open(complete_file_path, "a") as stream:
FileNotFoundError: [Errno 2] No such file or directory: '/mnt/resource/hadoop/yarn/local/usercache/ninghai/appcache/application_1526907723201_0006/container_e24_1526907723201_0006_05_000001/azureml-setup/complete'

Traceback (most recent call last):
  File "context_manager_injector.py", line 72, in execute_with_context
    with open(complete_file_path, "a") as stream:
FileNotFoundError: [Errno 2] No such file or directory: '/mnt/resource/hadoop/yarn/local/usercache/ninghai/appcache/application_1526907723201_0006/container_e24_1526907723201_0006_05_000001/azureml-setup/complete'

During handling of the above exception, another exception occurred:

Traceback (most recent call last):
  File "/mnt/resource/hadoop/yarn/local/usercache/ninghai/appcache/application_1526907723201_0006/container_e24_1526907723201_0006_05_000001/azureml_40b348c4d7381beefb01312cdebdaa0b.zip/home/ninghai/.azureml/envs/azureml_40b348c4d7381beefb01312cdebdaa0b/lib/python3.6/contextlib.py", line 365, in __exit__
    if cb(*exc_details):
  File "/mnt/resource/hadoop/yarn/local/usercache/ninghai/appcache/application_1526907723201_0006/container_e24_1526907723201_0006_05_000001/azureml_40b348c4d7381beefb01312cdebdaa0b.zip/home/ninghai/.azureml/envs/azureml_40b348c4d7381beefb01312cdebdaa0b/lib/python3.6/contextlib.py", line 284, in _exit_wrapper
    return cm_exit(cm, *exc_details)
  File "/mnt/resource/hadoop/yarn/local/usercache/ninghai/appcache/application_1526907723201_0006/container_e24_1526907723201_0006_05_000001/azureml_40b348c4d7381beefb01312cdebdaa0b.zip/home/ninghai/.azureml/envs/azureml_40b348c4d7381beefb01312cdebdaa0b/lib/python3.6/site-packages/azureml/history/utils/context_managers.py", line 141, in __exit__
    self.blacklist + [self.user_log_path])
  File "/mnt/resource/hadoop/yarn/local/usercache/ninghai/appcache/application_1526907723201_0006/container_e24_1526907723201_0006_05_000001/azureml_40b348c4d7381beefb01312cdebdaa0b.zip/home/ninghai/.azureml/envs/azureml_40b348c4d7381beefb01312cdebdaa0b/lib/python3.6/site-packages/azureml/history/utils/context_managers.py", line 87, in track
    fs.track(run_tracker, track_folders, blacklist)
  File "/mnt/resource/hadoop/yarn/local/usercache/ninghai/appcache/application_1526907723201_0006/container_e24_1526907723201_0006_05_000001/azureml_40b348c4d7381beefb01312cdebdaa0b.zip/home/ninghai/.azureml/envs/azureml_40b348c4d7381beefb01312cdebdaa0b/lib/python3.6/site-packages/azureml/history/utils/filesystem.py", line 130, in track
    self._upload_hdi_outputs(run_tracker)
  File "/mnt/resource/hadoop/yarn/local/usercache/ninghai/appcache/application_1526907723201_0006/container_e24_1526907723201_0006_05_000001/azureml_40b348c4d7381beefb01312cdebdaa0b.zip/home/ninghai/.azureml/envs/azureml_40b348c4d7381beefb01312cdebdaa0b/lib/python3.6/site-packages/azureml/history/utils/filesystem.py", line 154, in _upload_hdi_outputs
    container_sas = get_container_sas(wasburl)
  File "/mnt/resource/hadoop/yarn/local/usercache/ninghai/appcache/application_1526907723201_0006/container_e24_1526907723201_0006_05_000001/azureml_40b348c4d7381beefb01312cdebdaa0b.zip/home/ninghai/.azureml/envs/azureml_40b348c4d7381beefb01312cdebdaa0b/lib/python3.6/site-packages/azureml/history/utils/_hdi_wasb_utils.py", line 32, in get_container_sas
    from azure.storage.models import AccountPermissions
ModuleNotFoundError: No module named 'azure.storage.models'

During handling of the above exception, another exception occurred:

Traceback (most recent call last):
  File "context_manager_injector.py", line 111, in <module>
    execute_with_context(cm_objects, options.invocation)
  File "context_manager_injector.py", line 73, in execute_with_context
    print("Prehistory!", file=stream)
  File "/mnt/resource/hadoop/yarn/local/usercache/ninghai/appcache/application_1526907723201_0006/container_e24_1526907723201_0006_05_000001/azureml_40b348c4d7381beefb01312cdebdaa0b.zip/home/ninghai/.azureml/envs/azureml_40b348c4d7381beefb01312cdebdaa0b/lib/python3.6/contextlib.py", line 380, in __exit__
    raise exc_details[1]
  File "/mnt/resource/hadoop/yarn/local/usercache/ninghai/appcache/application_1526907723201_0006/container_e24_1526907723201_0006_05_000001/azureml_40b348c4d7381beefb01312cdebdaa0b.zip/home/ninghai/.azureml/envs/azureml_40b348c4d7381beefb01312cdebdaa0b/lib/python3.6/contextlib.py", line 365, in __exit__
    if cb(*exc_details):
  File "/mnt/resource/hadoop/yarn/local/usercache/ninghai/appcache/application_1526907723201_0006/container_e24_1526907723201_0006_05_000001/azureml_40b348c4d7381beefb01312cdebdaa0b.zip/home/ninghai/.azureml/envs/azureml_40b348c4d7381beefb01312cdebdaa0b/lib/python3.6/contextlib.py", line 284, in _exit_wrapper
    return cm_exit(cm, *exc_details)
  File "context_manager_injector.py", line 30, in __exit__
    self.context_manager.__exit__(*exc_details)
  File "/mnt/resource/hadoop/yarn/local/usercache/ninghai/appcache/application_1526907723201_0006/container_e24_1526907723201_0006_05_000001/context_managers.py", line 49, in __exit__
    self.history_context.__exit__(*args)
  File "/mnt/resource/hadoop/yarn/local/usercache/ninghai/appcache/application_1526907723201_0006/container_e24_1526907723201_0006_05_000001/azureml_40b348c4d7381beefb01312cdebdaa0b.zip/home/ninghai/.azureml/envs/azureml_40b348c4d7381beefb01312cdebdaa0b/lib/python3.6/site-packages/azureml/history/utils/context_managers.py", line 50, in __exit__
    self._exit_stack.__exit__(*args)
  File "/mnt/resource/hadoop/yarn/local/usercache/ninghai/appcache/application_1526907723201_0006/container_e24_1526907723201_0006_05_000001/azureml_40b348c4d7381beefb01312cdebdaa0b.zip/home/ninghai/.azureml/envs/azureml_40b348c4d7381beefb01312cdebdaa0b/lib/python3.6/contextlib.py", line 380, in __exit__
    raise exc_details[1]
  File "/mnt/resource/hadoop/yarn/local/usercache/ninghai/appcache/application_1526907723201_0006/container_e24_1526907723201_0006_05_000001/azureml_40b348c4d7381beefb01312cdebdaa0b.zip/home/ninghai/.azureml/envs/azureml_40b348c4d7381beefb01312cdebdaa0b/lib/python3.6/contextlib.py", line 365, in __exit__
    if cb(*exc_details):
  File "/mnt/resource/hadoop/yarn/local/usercache/ninghai/appcache/application_1526907723201_0006/container_e24_1526907723201_0006_05_000001/azureml_40b348c4d7381beefb01312cdebdaa0b.zip/home/ninghai/.azureml/envs/azureml_40b348c4d7381beefb01312cdebdaa0b/lib/python3.6/contextlib.py", line 284, in _exit_wrapper
    return cm_exit(cm, *exc_details)
  File "/mnt/resource/hadoop/yarn/local/usercache/ninghai/appcache/application_1526907723201_0006/container_e24_1526907723201_0006_05_000001/azureml_40b348c4d7381beefb01312cdebdaa0b.zip/home/ninghai/.azureml/envs/azureml_40b348c4d7381beefb01312cdebdaa0b/lib/python3.6/site-packages/azureml/history/utils/context_managers.py", line 157, in __exit__
    self.run_tracker.upload_file(self.driver_log_name, self.user_log_path)
  File "/mnt/resource/hadoop/yarn/local/usercache/ninghai/appcache/application_1526907723201_0006/container_e24_1526907723201_0006_05_000001/azureml_40b348c4d7381beefb01312cdebdaa0b.zip/home/ninghai/.azureml/envs/azureml_40b348c4d7381beefb01312cdebdaa0b/lib/python3.6/site-packages/azureml/core/run.py", line 461, in upload_file
    return self._client.upload_file(name, path_or_stream)
  File "/mnt/resource/hadoop/yarn/local/usercache/ninghai/appcache/application_1526907723201_0006/container_e24_1526907723201_0006_05_000001/azureml_40b348c4d7381beefb01312cdebdaa0b.zip/home/ninghai/.azureml/envs/azureml_40b348c4d7381beefb01312cdebdaa0b/lib/python3.6/site-packages/azureml/_run_impl/artifacts_client.py", line 53, in upload_file
    assert(len(artifact_keys) == 1)
AssertionError

End of LogType:stdout


Specified ALL for -am option. Printed logs for all am containers.

Execution Summary
=================
RunId: e2e-05_1527481004979

{'Regularization Rate': [0.01, 0.01, 0.01, 0.01, 0.01], 'Accuracy': [0.9574468085106383, 0.9803921568627451, 0.9411764705882353, 0.9512195121951219, 0.9714285714285714]}


##### 07.sklearn.hd.py ###########
Azure ML Core SDK Version: 0.1.0.972625
Found config.json in: /data/git/ViennaTest/results/2018-05-27-23-56-20-EDT/scripts/aml_config/config.json
Workspace details:
aml-notebooks haieastus2ws3 eastus2
/tmp/e2e-test/07 already exists, remove it.
/tmp/e2e-test/07
e2e-07
copy train-sklearn-one-model.py to the project folder.
create or load BatchAI compute cpucluster...
gpucluster BatchAI
cpucluster BatchAI
found compute target. just use it.
create generic estimator.

##################################################
Batch AI run...
##################################################

https://mlworkspace.azureml-test.net/home/%2Fsubscriptions%2Ffac34303-435d-4486-8c3f-7094d82a0b60%2FresourceGroups%2Faml-notebooks%2Fproviders%2FMicrosoft.MachineLearningServices%2Fworkspaces%2Fhaieastus2ws3/projects/e2e-07/run-history/run-details/e2e-07_1527481430111
RunId: e2e-07_1527481430111

Streaming azureml-logs/20_ice_log.txt
=====================================


Streaming azureml-logs/80_driver_log.txt
========================================

alpha value is: 0.1
Ridget model fitted.
Mean Squared Error is: 3372.6496278100326
The experiment completed successfully. Starting post-processing steps.

Execution Summary
=================
RunId: e2e-07_1527481430111

configure hyperdrive.

##################################################
Hyperdrive run on Batch AI...
##################################################

https://mlworkspace.azureml-test.net/home/%2Fsubscriptions%2Ffac34303-435d-4486-8c3f-7094d82a0b60%2FresourceGroups%2Faml-notebooks%2Fproviders%2FMicrosoft.MachineLearningServices%2Fworkspaces%2Fhaieastus2ws3/projects/e2e-07/run-history/run-details/e2e-07_1527481561599


##### 08.tf.hd.py ################
Azure ML Core SDK Version: 0.1.0.972625
Found config.json in: /data/git/ViennaTest/results/2018-05-27-23-56-20-EDT/scripts/aml_config/config.json
Workspace details:
aml-notebooks haieastus2ws3 eastus2
/tmp/e2e-test/08 already exists, remove it.
/tmp/e2e-test/08
e2e-08
copy mnist_tf.py to the project folder.
create or load BatchAI compute gpucluster...
gpucluster BatchAI
found compute target. just use it.
create TensorFlow estimator.

##################################################
submitting mnist_tf.py for a Batch AI run...
##################################################

https://mlworkspace.azureml-test.net/home/%2Fsubscriptions%2Ffac34303-435d-4486-8c3f-7094d82a0b60%2FresourceGroups%2Faml-notebooks%2Fproviders%2FMicrosoft.MachineLearningServices%2Fworkspaces%2Fhaieastus2ws3/projects/e2e-08/run-history/run-details/e2e-08_1527481567928
RunId: e2e-08_1527481567928

Streaming azureml-logs/20_ice_log.txt
=====================================


Streaming azureml-logs/60_control_log.txt
=========================================

Uploading experiment status to history service.
Adding run profile attachment azureml-logs/80_driver_log.txt

Streaming azureml-logs/80_driver_log.txt
========================================

Using Spark's default log4j profile: org/apache/spark/log4j-defaults.properties
Setting default log level to "WARN".
To adjust logging level use sc.setLogLevel(newLevel). For SparkR, use setLogLevel(newLevel).
18/05/28 04:26:30 WARN NativeCodeLoader: Unable to load native-hadoop library for your platform... using builtin-java classes where applicable
Traceback (most recent call last):
  File "/azureml-envs/azureml_ea2e6ce388a763870b4999215ad3f462/lib/python3.6/site-packages/tensorflow/python/pywrap_tensorflow.py", line 58, in <module>
    from tensorflow.python.pywrap_tensorflow_internal import *
  File "/azureml-envs/azureml_ea2e6ce388a763870b4999215ad3f462/lib/python3.6/site-packages/tensorflow/python/pywrap_tensorflow_internal.py", line 28, in <module>
    _pywrap_tensorflow_internal = swig_import_helper()
  File "/azureml-envs/azureml_ea2e6ce388a763870b4999215ad3f462/lib/python3.6/site-packages/tensorflow/python/pywrap_tensorflow_internal.py", line 24, in swig_import_helper
    _mod = imp.load_module('_pywrap_tensorflow_internal', fp, pathname, description)
  File "/azureml-envs/azureml_ea2e6ce388a763870b4999215ad3f462/lib/python3.6/imp.py", line 242, in load_module
    return load_dynamic(name, filename, file)
  File "/azureml-envs/azureml_ea2e6ce388a763870b4999215ad3f462/lib/python3.6/imp.py", line 342, in load_dynamic
    return _load(spec)
ImportError: libcublas.so.9.0: cannot open shared object file: No such file or directory

During handling of the above exception, another exception occurred:

Traceback (most recent call last):
  File "azureml-setup/context_manager_injector.py", line 64, in execute_with_context
    runpy.run_path(sys.argv[0], globals(), run_name="__main__")
  File "/azureml-envs/azureml_ea2e6ce388a763870b4999215ad3f462/lib/python3.6/runpy.py", line 263, in run_path
    pkg_name=pkg_name, script_name=fname)
  File "/azureml-envs/azureml_ea2e6ce388a763870b4999215ad3f462/lib/python3.6/runpy.py", line 96, in _run_module_code
    mod_name, mod_spec, pkg_name, script_name)
  File "/azureml-envs/azureml_ea2e6ce388a763870b4999215ad3f462/lib/python3.6/runpy.py", line 85, in _run_code
    exec(code, run_globals)
  File "mnist_tf.py", line 4, in <module>
    import tensorflow as tf
  File "/azureml-envs/azureml_ea2e6ce388a763870b4999215ad3f462/lib/python3.6/site-packages/tensorflow/__init__.py", line 24, in <module>
    from tensorflow.python import pywrap_tensorflow  # pylint: disable=unused-import
  File "/azureml-envs/azureml_ea2e6ce388a763870b4999215ad3f462/lib/python3.6/site-packages/tensorflow/python/__init__.py", line 49, in <module>
    from tensorflow.python import pywrap_tensorflow
  File "/azureml-envs/azureml_ea2e6ce388a763870b4999215ad3f462/lib/python3.6/site-packages/tensorflow/python/pywrap_tensorflow.py", line 74, in <module>
    raise ImportError(msg)
ImportError: Traceback (most recent call last):
  File "/azureml-envs/azureml_ea2e6ce388a763870b4999215ad3f462/lib/python3.6/site-packages/tensorflow/python/pywrap_tensorflow.py", line 58, in <module>
    from tensorflow.python.pywrap_tensorflow_internal import *
  File "/azureml-envs/azureml_ea2e6ce388a763870b4999215ad3f462/lib/python3.6/site-packages/tensorflow/python/pywrap_tensorflow_internal.py", line 28, in <module>
    _pywrap_tensorflow_internal = swig_import_helper()
  File "/azureml-envs/azureml_ea2e6ce388a763870b4999215ad3f462/lib/python3.6/site-packages/tensorflow/python/pywrap_tensorflow_internal.py", line 24, in swig_import_helper
    _mod = imp.load_module('_pywrap_tensorflow_internal', fp, pathname, description)
  File "/azureml-envs/azureml_ea2e6ce388a763870b4999215ad3f462/lib/python3.6/imp.py", line 242, in load_module
    return load_dynamic(name, filename, file)
  File "/azureml-envs/azureml_ea2e6ce388a763870b4999215ad3f462/lib/python3.6/imp.py", line 342, in load_dynamic
    return _load(spec)
ImportError: libcublas.so.9.0: cannot open shared object file: No such file or directory


Failed to load the native TensorFlow runtime.

See https://www.tensorflow.org/install/install_sources#common_installation_problems

for some common reasons and solutions.  Include the entire stack trace
above this error message when asking for help.

Traceback (most recent call last):
  File "/azureml-envs/azureml_ea2e6ce388a763870b4999215ad3f462/lib/python3.6/site-packages/tensorflow/python/pywrap_tensorflow.py", line 58, in <module>
    from tensorflow.python.pywrap_tensorflow_internal import *
  File "/azureml-envs/azureml_ea2e6ce388a763870b4999215ad3f462/lib/python3.6/site-packages/tensorflow/python/pywrap_tensorflow_internal.py", line 28, in <module>
    _pywrap_tensorflow_internal = swig_import_helper()
  File "/azureml-envs/azureml_ea2e6ce388a763870b4999215ad3f462/lib/python3.6/site-packages/tensorflow/python/pywrap_tensorflow_internal.py", line 24, in swig_import_helper
    _mod = imp.load_module('_pywrap_tensorflow_internal', fp, pathname, description)
  File "/azureml-envs/azureml_ea2e6ce388a763870b4999215ad3f462/lib/python3.6/imp.py", line 242, in load_module
    return load_dynamic(name, filename, file)
  File "/azureml-envs/azureml_ea2e6ce388a763870b4999215ad3f462/lib/python3.6/imp.py", line 342, in load_dynamic
    return _load(spec)
ImportError: libcublas.so.9.0: cannot open shared object file: No such file or directory

During handling of the above exception, another exception occurred:

Traceback (most recent call last):
  File "azureml-setup/context_manager_injector.py", line 111, in <module>
    execute_with_context(cm_objects, options.invocation)
  File "azureml-setup/context_manager_injector.py", line 64, in execute_with_context
    runpy.run_path(sys.argv[0], globals(), run_name="__main__")
  File "/azureml-envs/azureml_ea2e6ce388a763870b4999215ad3f462/lib/python3.6/runpy.py", line 263, in run_path
    pkg_name=pkg_name, script_name=fname)
  File "/azureml-envs/azureml_ea2e6ce388a763870b4999215ad3f462/lib/python3.6/runpy.py", line 96, in _run_module_code
    mod_name, mod_spec, pkg_name, script_name)
  File "/azureml-envs/azureml_ea2e6ce388a763870b4999215ad3f462/lib/python3.6/runpy.py", line 85, in _run_code
    exec(code, run_globals)
  File "mnist_tf.py", line 4, in <module>
    import tensorflow as tf
  File "/azureml-envs/azureml_ea2e6ce388a763870b4999215ad3f462/lib/python3.6/site-packages/tensorflow/__init__.py", line 24, in <module>
    from tensorflow.python import pywrap_tensorflow  # pylint: disable=unused-import
  File "/azureml-envs/azureml_ea2e6ce388a763870b4999215ad3f462/lib/python3.6/site-packages/tensorflow/python/__init__.py", line 49, in <module>
    from tensorflow.python import pywrap_tensorflow
  File "/azureml-envs/azureml_ea2e6ce388a763870b4999215ad3f462/lib/python3.6/site-packages/tensorflow/python/pywrap_tensorflow.py", line 74, in <module>
    raise ImportError(msg)
ImportError: Traceback (most recent call last):
  File "/azureml-envs/azureml_ea2e6ce388a763870b4999215ad3f462/lib/python3.6/site-packages/tensorflow/python/pywrap_tensorflow.py", line 58, in <module>
    from tensorflow.python.pywrap_tensorflow_internal import *
  File "/azureml-envs/azureml_ea2e6ce388a763870b4999215ad3f462/lib/python3.6/site-packages/tensorflow/python/pywrap_tensorflow_internal.py", line 28, in <module>
    _pywrap_tensorflow_internal = swig_import_helper()
  File "/azureml-envs/azureml_ea2e6ce388a763870b4999215ad3f462/lib/python3.6/site-packages/tensorflow/python/pywrap_tensorflow_internal.py", line 24, in swig_import_helper
    _mod = imp.load_module('_pywrap_tensorflow_internal', fp, pathname, description)
  File "/azureml-envs/azureml_ea2e6ce388a763870b4999215ad3f462/lib/python3.6/imp.py", line 242, in load_module
    return load_dynamic(name, filename, file)
  File "/azureml-envs/azureml_ea2e6ce388a763870b4999215ad3f462/lib/python3.6/imp.py", line 342, in load_dynamic
    return _load(spec)
ImportError: libcublas.so.9.0: cannot open shared object file: No such file or directory


Failed to load the native TensorFlow runtime.

See https://www.tensorflow.org/install/install_sources#common_installation_problems

for some common reasons and solutions.  Include the entire stack trace
above this error message when asking for help.

Execution Summary
=================
RunId: e2e-08_1527481567928

configure hyperdrive.

##################################################
submitting mnist_tf.py for a hyperdrive run on Batch AI...
##################################################

https://mlworkspace.azureml-test.net/home/%2Fsubscriptions%2Ffac34303-435d-4486-8c3f-7094d82a0b60%2FresourceGroups%2Faml-notebooks%2Fproviders%2FMicrosoft.MachineLearningServices%2Fworkspaces%2Fhaieastus2ws3/projects/e2e-08/run-history/run-details/e2e-08_1527481604782


##### 10.o16n.py #################
Client-Request-ID=59c841e4-622f-11e8-9288-000d3a71b7c3 Retry policy did not allow for a retry: Server-Timestamp=Mon, 28 May 2018 04:26:53 GMT, Server-Request-ID=bd500b7b-201e-0022-313c-f63a07000000, HTTP status code=409, Exception=The specified container already exists.ErrorCode: ContainerAlreadyExists<?xml version="1.0" encoding="utf-8"?><Error><Code>ContainerAlreadyExists</Code><Message>The specified container already exists.RequestId:bd500b7b-201e-0022-313c-f63a07000000Time:2018-05-28T04:26:54.5142586Z</Message></Error>.
Client-Request-ID=5def0730-622f-11e8-9288-000d3a71b7c3 Retry policy did not allow for a retry: Server-Timestamp=Mon, 28 May 2018 04:27:00 GMT, Server-Request-ID=9eeebc63-e01e-001d-2a3c-f68ddb000000, HTTP status code=409, Exception=The specified container already exists.ErrorCode: ContainerAlreadyExists<?xml version="1.0" encoding="utf-8"?><Error><Code>ContainerAlreadyExists</Code><Message>The specified container already exists.RequestId:9eeebc63-e01e-001d-2a3c-f68ddb000000Time:2018-05-28T04:27:01.4838749Z</Message></Error>.
Client-Request-ID=5def0732-622f-11e8-9288-000d3a71b7c3 Retry policy did not allow for a retry: Server-Timestamp=Mon, 28 May 2018 04:27:00 GMT, Server-Request-ID=ef916176-701e-0057-0c3c-f6bdbc000000, HTTP status code=409, Exception=The specified container already exists.ErrorCode: ContainerAlreadyExists<?xml version="1.0" encoding="utf-8"?><Error><Code>ContainerAlreadyExists</Code><Message>The specified container already exists.RequestId:ef916176-701e-0057-0c3c-f6bdbc000000Time:2018-05-28T04:27:01.6557923Z</Message></Error>.
Client-Request-ID=5def0734-622f-11e8-9288-000d3a71b7c3 Retry policy did not allow for a retry: Server-Timestamp=Mon, 28 May 2018 04:27:01 GMT, Server-Request-ID=55514ff7-b01e-002c-013c-f6d60c000000, HTTP status code=409, Exception=The specified container already exists.ErrorCode: ContainerAlreadyExists<?xml version="1.0" encoding="utf-8"?><Error><Code>ContainerAlreadyExists</Code><Message>The specified container already exists.RequestId:55514ff7-b01e-002c-013c-f6d60c000000Time:2018-05-28T04:27:01.8220443Z</Message></Error>.
Client-Request-ID=5def0736-622f-11e8-9288-000d3a71b7c3 Retry policy did not allow for a retry: Server-Timestamp=Mon, 28 May 2018 04:27:01 GMT, Server-Request-ID=a4842a13-d01e-00b4-653c-f65833000000, HTTP status code=409, Exception=The specified container already exists.ErrorCode: ContainerAlreadyExists<?xml version="1.0" encoding="utf-8"?><Error><Code>ContainerAlreadyExists</Code><Message>The specified container already exists.RequestId:a4842a13-d01e-00b4-653c-f65833000000Time:2018-05-28T04:27:02.0131155Z</Message></Error>.
Azure ML Core SDK Version: 0.1.0.972625
Found config.json in: /data/git/ViennaTest/results/2018-05-27-23-56-20-EDT/scripts/aml_config/config.json
Workspace details:
aml-notebooks haieastus2ws3 eastus2
Registering model: mymodel
Name: mymodel 	Version: 11 	Description: Ridge regression model to predict diabetes ['diabetes', 'regression']
Name: mymodel 	Version: 10 	Description: Ridge regression model to predict diabetes ['diabetes', 'regression']
Name: mymodel 	Version: 9 	Description: Ridge regression model to predict diabetes ['diabetes', 'regression']
Name: mymodel 	Version: 8 	Description: Ridge regression model to predict diabetes ['diabetes', 'regression']
Name: mymodel 	Version: 7 	Description: Ridge regression model to predict diabetes ['diabetes', 'regression']
Name: mymodel 	Version: 6 	Description: Ridge regression model to predict diabetes ['diabetes', 'regression']
Name: mymodel 	Version: 5 	Description: Ridge regression model to predict diabetes ['diabetes', 'regression']
Name: mymodel 	Version: 2 	Description: Ridge regression model to predict diabetes ['diabetes', 'regression']
Name: mymodel 	Version: 4 	Description: Ridge regression model to predict diabetes ['diabetes', 'regression']
Name: mymodel 	Version: 3 	Description: Ridge regression model to predict diabetes ['diabetes', 'regression']
Name: mymodel 	Version: 1 	Description: Ridge regression model to predict diabetes ['diabetes', 'regression']
Ridge regression model to predict diabetes
Creating image
Image creation operation finished for image myimage:6, operation "Succeeded"
myimage(v.6 [Succeeded]) stored at haieastuacrgghjerik.azurecr.io/myimage:6 with build log https://eastus2ice.blob.core.windows.net/logs/haieastuacrgghjerik15274816206000008.txt?sp=r&sr=b&sig=KNSrBxGtmBN8vb6rfkbD2EEO0JmLFLjs%2BrMzn7xo9cE%3D&se=2018-06-27T04%3A28%3A27Z&sv=2017-04-17
myimage(v.5 [Succeeded]) stored at haieastuacrgghjerik.azurecr.io/myimage:5 with build log https://eastus2ice.blob.core.windows.net/logs/haieastuacrgghjerik15274791687443082.txt?se=2018-06-27T03%3A47%3A42Z&sp=r&sr=b&sig=6Yo7wKvQ05bXtT7JrUE4hdqb%2BDK0jSPMHw9WGNxhIj8%3D&sv=2017-04-17
myimage(v.4 [Succeeded]) stored at haieastuacrgghjerik.azurecr.io/myimage:4 with build log https://eastus2ice.blob.core.windows.net/logs/haieastuacrgghjerik15274707600348952.txt?se=2018-06-27T01%3A27%3A43Z&sig=5f9dIbQThylHiC3dxaIpxN9XOWuvwON05WBt9JZ1/d8%3D&sp=r&sr=b&sv=2017-04-17
myimage(v.3 [Succeeded]) stored at haieastuacrgghjerik.azurecr.io/myimage:3 with build log https://eastus2ice.blob.core.windows.net/logs/haieastuacrgghjerik15273891955837328.txt?se=2018-06-26T02%3A48%3A08Z&sp=r&sr=b&sig=X2xKDK4V66SWaIORjV0XgwuMEts9Ton5bmaKrDW7/hY%3D&sv=2017-04-17
myimage(v.2 [Succeeded]) stored at haieastuacrgghjerik.azurecr.io/myimage:2 with build log https://eastus2ice.blob.core.windows.net/logs/haieastuacrgghjerik15273849317403872.txt?sp=r&sr=b&sig=Q1z8JCyxu07X9n0ZQ7tsogZiZddM1/ci47lhwQVhnZA%3D&se=2018-06-26T01%3A37%3A01Z&sv=2017-04-17
myimage(v.1 [Succeeded]) stored at haieastuacrgghjerik.azurecr.io/myimage:1 with build log https://eastus2ice.blob.core.windows.net/logs/haieastuacrgghjerik15272488840506502.txt?sv=2017-04-17&sr=b&sp=r&sig=oRd2TRd6y7QE5cEA6xrmt2IMbRAWuJ1vkq77VQKqGd0%3D&se=2018-06-24T11%3A50%3A39Z
Creating service
ACI service creation operation finished, operation "Succeeded"
{"result": [5215.198131579872, 3726.9954859385803]}
rrs02 http://40.117.140.176:5001/score


########### END AT 2018-05-28-00:33:59
